number,value,datetime_start,datetime_complete,duration,params_episode_length,params_epsilon_max,params_epsilon_min,params_gamma,params_learning_rate,params_num_episodes,user_attrs_base_seed,user_attrs_collective_reward_mean,user_attrs_collective_reward_std,user_attrs_individual_reward_agent0_mean,user_attrs_individual_reward_agent0_std,user_attrs_num_episodes_mean,user_attrs_num_parallel_runs,user_attrs_run_0_collective_reward,user_attrs_run_0_individual_rewards,user_attrs_run_0_seed,user_attrs_run_0_total_individual_rewards,user_attrs_run_0_training_time_per_episode,user_attrs_run_0_training_time_total,user_attrs_run_1_collective_reward,user_attrs_run_1_individual_rewards,user_attrs_run_1_seed,user_attrs_run_1_total_individual_rewards,user_attrs_run_1_training_time_per_episode,user_attrs_run_1_training_time_total,user_attrs_run_2_collective_reward,user_attrs_run_2_individual_rewards,user_attrs_run_2_seed,user_attrs_run_2_total_individual_rewards,user_attrs_run_2_training_time_per_episode,user_attrs_run_2_training_time_total,user_attrs_run_3_collective_reward,user_attrs_run_3_individual_rewards,user_attrs_run_3_seed,user_attrs_run_3_total_individual_rewards,user_attrs_run_3_training_time_per_episode,user_attrs_run_3_training_time_total,user_attrs_solution_concept,user_attrs_total_individual_reward_agent0_mean,user_attrs_total_individual_reward_agent0_std,user_attrs_training_time_per_episode_mean,user_attrs_training_time_per_episode_std,user_attrs_training_time_total_mean,user_attrs_training_time_total_std,state
259,7.327499999999998,2025-06-12 21:33:53.138745,2025-06-12 21:34:00.250412,0 days 00:00:07.111667,45,0.6791893109314776,0.12999278857365207,0.9882200448307584,0.00015425684618203261,343,2596833,7.327499999999998,4.0104574240353195,0.2944999999999999,0.2925546957408136,340.0,4,2.8999999999999977,"[-0.06800000000000017, 0.35799999999999993]",2596833,"[-0.6800000000000017, 3.579999999999999]",0.020353797604055965,6.920291185379028,6.979999999999999,"[0.46399999999999986, 0.23399999999999982]",2597833,"[4.639999999999999, 2.339999999999998]",0.018167997809017407,6.177119255065918,13.790000000000001,"[0.6769999999999999, 0.7019999999999998]",2598833,"[6.77, 7.019999999999999]",0.018563843474668613,6.311706781387329,5.639999999999997,"[0.10499999999999987, 0.4589999999999999]",2599833,"[1.0499999999999987, 4.589999999999999]",0.020201998598435345,6.868679523468018,MinimaxSolutionConcept,2.944999999999999,2.925546957408136,0.01932190937154433,0.0009676680951939203,6.569449186325073,0.32900715236593303,COMPLETE
260,6.357499999999998,2025-06-12 21:34:00.266144,2025-06-12 21:34:07.086600,0 days 00:00:06.820456,47,0.6985003087174488,0.09115245705458588,0.9614615055426873,0.00018406751424790836,290,2606840,6.357499999999998,2.612483253534844,0.40099999999999986,0.1277282271074018,290.0,4,2.2099999999999973,"[0.19199999999999978, 0.02899999999999984]",2606840,"[1.9199999999999977, 0.28999999999999837]",0.021894450845389532,6.349390745162964,6.079999999999997,"[0.43399999999999983, 0.17399999999999988]",2607840,"[4.339999999999998, 1.7399999999999989]",0.020795907645389952,6.030813217163086,8.909999999999998,"[0.4389999999999999, 0.45199999999999985]",2608840,"[4.389999999999999, 4.519999999999999]",0.021627987664321374,6.272116422653198,8.229999999999999,"[0.5389999999999999, 0.2839999999999999]",2609840,"[5.389999999999999, 2.839999999999999]",0.022844667270265778,6.624953508377075,MinimaxSolutionConcept,4.009999999999998,1.277282271074018,0.02179075335634166,0.0007310434949945758,6.319318473339081,0.21200261354842692,COMPLETE
261,4.897499999999997,2025-06-12 21:34:08.273982,2025-06-12 21:34:12.138439,0 days 00:00:03.864457,46,0.6398518192575494,0.03959181126817019,0.99398332600353,0.00013120954391991887,159,2616848,4.897499999999997,3.1264626577011927,0.3422499999999999,0.1640722020940781,150.0,4,3.319999999999997,"[0.2469999999999999, 0.08499999999999984]",2616848,"[2.469999999999999, 0.8499999999999984]",0.02250182310740153,3.3752734661102295,2.269999999999997,"[0.4089999999999999, -0.18200000000000022]",2617848,"[4.089999999999999, -1.820000000000002]",0.023744781812032063,3.5617172718048096,10.229999999999999,"[0.573, 0.4499999999999999]",2618848,"[5.7299999999999995, 4.499999999999999]",0.020526811281840005,3.079021692276001,3.769999999999998,"[0.13999999999999987, 0.23699999999999993]",2619848,"[1.3999999999999988, 2.369999999999999]",0.02454566478729248,3.681849718093872,MinimaxSolutionConcept,3.422499999999999,1.6407220209407811,0.02282977024714152,0.0015159740729255215,3.424465537071228,0.2273961109388282,COMPLETE
262,7.474999999999998,2025-06-12 21:34:12.153119,2025-06-12 21:34:16.544784,0 days 00:00:04.391665,44,0.6485011811505559,0.08227327912247381,0.933413058252608,0.0002426727582144015,190,2626852,7.474999999999998,3.6017252810285236,0.4564999999999999,0.17286627779876562,190.0,4,11.539999999999997,"[0.611, 0.5429999999999999]",2626852,"[6.109999999999999, 5.43]",0.020645137837058618,3.9225761890411377,3.7899999999999983,"[0.18299999999999988, 0.1959999999999999]",2627852,"[1.8299999999999987, 1.959999999999999]",0.021303836922896537,4.047729015350342,10.579999999999998,"[0.5989999999999999, 0.4589999999999998]",2628852,"[5.989999999999998, 4.589999999999998]",0.020873581735711348,3.9659805297851562,3.9899999999999984,"[0.4329999999999997, -0.03400000000000015]",2629852,"[4.329999999999997, -0.34000000000000147]",0.022237022299515574,4.225034236907959,MinimaxSolutionConcept,4.564999999999999,1.7286627779876562,0.02126489469879552,0.00060905110041099,4.040329992771149,0.11571970907808794,COMPLETE
263,9.964999999999996,2025-06-12 21:34:16.559290,2025-06-12 21:34:20.113584,0 days 00:00:03.554294,49,0.8974368795816937,0.052726483128618724,0.9788341463128548,0.011134555945071893,169,2636856,9.964999999999996,2.756787079192008,0.39649999999999985,0.20624924242285114,160.0,4,5.819999999999997,"[0.21299999999999986, 0.3689999999999999]",2636856,"[2.1299999999999986, 3.6899999999999986]",0.021166515350341798,3.3866424560546875,11.18,"[0.5469999999999998, 0.571]",2637856,"[5.469999999999998, 5.709999999999999]",0.021091482043266295,3.3746371269226074,13.359999999999998,"[0.651, 0.6849999999999999]",2638856,"[6.51, 6.85]",0.02094208151102066,3.3507330417633057,9.499999999999996,"[0.17499999999999988, 0.7749999999999999]",2639856,"[1.7499999999999987, 7.749999999999999]",0.020367373526096345,3.258779764175415,MinimaxSolutionConcept,3.9649999999999985,2.062492424228511,0.020891863107681274,0.0003134058004678772,3.342698097229004,0.05014492807486041,COMPLETE
264,9.222499999999998,2025-06-12 21:34:20.129227,2025-06-12 21:34:24.620197,0 days 00:00:04.490970,49,0.6242856073050727,0.055586348821292084,0.9788468756351362,0.00011504970332003696,170,2646860,9.222499999999998,2.3916247092719205,0.5234999999999999,0.22044216928709445,170.0,4,7.0699999999999985,"[0.2129999999999998, 0.4939999999999999]",2646860,"[2.129999999999998, 4.939999999999999]",0.022427222307990578,3.8126277923583984,8.089999999999998,"[0.6969999999999998, 0.11199999999999985]",2647860,"[6.969999999999999, 1.1199999999999986]",0.025154621460858513,4.276285648345947,8.459999999999997,"[0.4209999999999998, 0.4249999999999998]",2648860,"[4.209999999999998, 4.249999999999998]",0.02465208137736601,4.190853834152222,13.269999999999998,"[0.7629999999999999, 0.5639999999999998]",2649860,"[7.629999999999999, 5.639999999999999]",0.021974413535174202,3.7356503009796143,MinimaxSolutionConcept,5.2349999999999985,2.2044216928709446,0.023552084670347327,0.0013722680555743384,4.003854393959045,0.23328556944763754,COMPLETE
265,8.322499999999998,2025-06-12 21:34:24.637258,2025-06-12 21:34:28.498804,0 days 00:00:03.861546,49,0.8970536469323038,0.05725516301597988,0.9785790007550287,0.00011146407211032226,167,2656864,8.322499999999998,1.843412257201303,0.3972499999999998,0.15527133508796787,160.0,4,5.979999999999997,"[0.15599999999999986, 0.4419999999999999]",2656864,"[1.5599999999999987, 4.419999999999999]",0.02304019033908844,3.6864304542541504,11.129999999999999,"[0.5889999999999999, 0.5239999999999998]",2657864,"[5.889999999999999, 5.239999999999998]",0.01982880085706711,3.1726081371307373,7.849999999999998,"[0.43299999999999994, 0.3519999999999999]",2658864,"[4.329999999999999, 3.519999999999999]",0.022489726543426514,3.598356246948242,8.329999999999997,"[0.41099999999999987, 0.4219999999999999]",2659864,"[4.1099999999999985, 4.219999999999999]",0.021079815924167633,3.3727705478668213,MinimaxSolutionConcept,3.9724999999999993,1.5527133508796789,0.021609633415937423,0.0012523106843697629,3.457541346549988,0.2003697094991621,COMPLETE
266,9.542499999999999,2025-06-12 21:34:29.757291,2025-06-12 21:34:33.904146,0 days 00:00:04.146855,50,0.6285548050728196,0.04729760203671219,0.9801600098303972,0.0003173810511905123,166,2666869,9.542499999999999,2.2238072645802744,0.3859999999999999,0.17323105957073637,160.0,4,12.889999999999999,"[0.5469999999999999, 0.742]",2666869,"[5.469999999999999, 7.42]",0.02212434858083725,3.53989577293396,7.439999999999998,"[0.571, 0.17299999999999988]",2667869,"[5.709999999999999, 1.7299999999999986]",0.02420370727777481,3.8725931644439697,7.619999999999997,"[0.2169999999999998, 0.5449999999999999]",2668869,"[2.169999999999998, 5.449999999999999]",0.024521921575069428,3.9235074520111084,10.219999999999997,"[0.2089999999999999, 0.813]",2669869,"[2.089999999999999, 8.129999999999999]",0.02377750426530838,3.804400682449341,MinimaxSolutionConcept,3.8599999999999985,1.7323105957073635,0.023656870424747466,0.0009233796296828096,3.7850992679595947,0.1477407407492494,COMPLETE
267,8.752499999999998,2025-06-12 21:34:33.919077,2025-06-12 21:34:38.178752,0 days 00:00:04.259675,50,0.7938374660096584,0.05038012642216962,0.9798922994261731,0.006546377726255117,171,2676873,8.752499999999998,3.3260515254577765,0.34524999999999983,0.149421174871569,170.0,4,13.429999999999998,"[0.5019999999999999, 0.841]",2676873,"[5.019999999999999, 8.41]",0.02086173085605397,3.546494245529175,4.029999999999998,"[0.11699999999999981, 0.28599999999999987]",2677873,"[1.1699999999999982, 2.8599999999999985]",0.024050234345828786,4.0885398387908936,8.589999999999998,"[0.30999999999999994, 0.5489999999999999]",2678873,"[3.0999999999999996, 5.489999999999999]",0.02132554474998923,3.625342607498169,8.959999999999999,"[0.45199999999999985, 0.44399999999999995]",2679873,"[4.519999999999999, 4.4399999999999995]",0.02147949863882626,3.651514768600464,MinimaxSolutionConcept,3.452499999999999,1.49421174871569,0.02192925214767456,0.00124548264075536,3.7279728651046753,0.21173204892841116,COMPLETE
268,3.5224999999999973,2025-06-12 21:34:38.193743,2025-06-12 21:34:42.196848,0 days 00:00:04.003105,50,0.6211939154506125,0.04040317217012723,0.98175501002764,0.00031648065894704684,158,2686878,3.5224999999999973,1.9670711095433233,0.21174999999999988,0.12120720894402282,150.0,4,3.269999999999997,"[0.01799999999999982, 0.3089999999999999]",2686878,"[0.17999999999999822, 3.089999999999999]",0.02503459930419922,3.755189895629883,1.9899999999999967,"[0.2009999999999999, -0.002000000000000185]",2687878,"[2.009999999999999, -0.02000000000000185]",0.025580515861511232,3.8370773792266846,6.809999999999998,"[0.32399999999999984, 0.3569999999999999]",2688878,"[3.2399999999999984, 3.5699999999999985]",0.02523781935373942,3.785672903060913,2.0199999999999974,"[0.3039999999999999, -0.1020000000000002]",2689878,"[3.0399999999999987, -1.020000000000002]",0.02324281692504883,3.486422538757324,MinimaxSolutionConcept,2.117499999999999,1.2120720894402282,0.024773937861124674,0.0009052665103014611,3.716090679168701,0.13578997654521913,COMPLETE
269,5.7449999999999966,2025-06-12 21:34:42.211271,2025-06-12 21:34:46.256177,0 days 00:00:04.044906,49,0.6313038292978714,0.05252944868843719,0.9831618395378257,0.00027013179150192217,165,2696882,5.7449999999999966,0.781808800155128,0.3049999999999998,0.044872040292369145,160.0,4,5.8699999999999966,"[0.2539999999999999, 0.33299999999999985]",2696882,"[2.539999999999999, 3.3299999999999983]",0.024236540496349334,3.8778464794158936,6.659999999999998,"[0.31499999999999984, 0.3509999999999998]",2697882,"[3.1499999999999986, 3.509999999999998]",0.0234087273478508,3.745396375656128,5.949999999999997,"[0.27799999999999986, 0.31699999999999984]",2698882,"[2.7799999999999985, 3.169999999999998]",0.023284302651882173,3.7254884243011475,4.4999999999999964,"[0.3729999999999999, 0.07699999999999982]",2699882,"[3.7299999999999986, 0.7699999999999982]",0.023847296833992004,3.8155674934387207,MinimaxSolutionConcept,3.0499999999999985,0.4487204029236913,0.02369421683251858,0.0003765243433513321,3.7910746932029724,0.06024389493621327,COMPLETE
270,8.462499999999999,2025-06-12 21:34:46.271376,2025-06-12 21:34:50.083349,0 days 00:00:03.811973,49,0.8887945003915128,0.04549021825073524,0.9802401001685139,0.00984586399360109,172,2706886,8.462499999999999,0.969726121129054,0.4254999999999999,0.21840959228019272,170.0,4,6.809999999999998,"[0.06799999999999984, 0.613]",2706886,"[0.6799999999999984, 6.13]",0.020544146088992847,3.492504835128784,9.25,"[0.646, 0.2789999999999998]",2707886,"[6.46, 2.7899999999999983]",0.020450231608222513,3.476539373397827,8.759999999999998,"[0.44399999999999984, 0.43199999999999983]",2708886,"[4.439999999999999, 4.3199999999999985]",0.019707497428445256,3.3502745628356934,9.029999999999998,"[0.5439999999999999, 0.3589999999999999]",2709886,"[5.4399999999999995, 3.589999999999999]",0.021408883263083066,3.639510154724121,MinimaxSolutionConcept,4.254999999999999,2.1840959228019274,0.02052768959718592,0.000603218042389651,3.4897072315216064,0.1025470672062407,COMPLETE
271,6.952499999999998,2025-06-12 21:34:51.370311,2025-06-12 21:34:55.537605,0 days 00:00:04.167294,48,0.6198623678751711,0.04213667008648592,0.9779488311833441,0.0005486725537810453,179,2716891,6.952499999999998,2.561897490142804,0.3267499999999999,0.10520070104329153,170.0,4,5.9499999999999975,"[0.33999999999999986, 0.25499999999999984]",2716891,"[3.3999999999999986, 2.5499999999999985]",0.022486545057857736,3.8227126598358154,7.489999999999998,"[0.2989999999999999, 0.4499999999999999]",2717891,"[2.989999999999999, 4.499999999999999]",0.022609681241652545,3.8436458110809326,3.6599999999999975,"[0.1869999999999999, 0.17899999999999985]",2718891,"[1.8699999999999988, 1.7899999999999985]",0.02349090435925652,3.9934537410736084,10.709999999999997,"[0.48099999999999987, 0.5899999999999999]",2719891,"[4.809999999999999, 5.899999999999999]",0.02257493944729076,3.8377397060394287,MinimaxSolutionConcept,3.2674999999999987,1.0520070104329151,0.02279051752651439,0.0004068527520320337,3.8743879795074463,0.06916496784544568,COMPLETE
272,8.599999999999998,2025-06-12 21:34:55.552299,2025-06-12 21:34:59.498765,0 days 00:00:03.946466,48,0.6087504067543165,0.051959346658294735,0.9661110672344126,0.00021739132294685672,155,2726895,8.599999999999998,2.259325120472926,0.43474999999999986,0.15542421786838756,150.0,4,5.839999999999998,"[0.5359999999999998, 0.04799999999999986]",2726895,"[5.359999999999998, 0.47999999999999865]",0.024439326922098794,3.6658990383148193,7.539999999999997,"[0.4309999999999999, 0.32299999999999984]",2727895,"[4.309999999999999, 3.2299999999999986]",0.02517786979675293,3.7766804695129395,11.989999999999998,"[0.5879999999999999, 0.611]",2728895,"[5.879999999999999, 6.109999999999999]",0.02284296989440918,3.426445484161377,9.029999999999998,"[0.18399999999999986, 0.719]",2729895,"[1.8399999999999985, 7.1899999999999995]",0.022311846415201824,3.3467769622802734,MinimaxSolutionConcept,4.347499999999998,1.5542421786838756,0.023693003257115684,0.0011610317171731035,3.5539504885673523,0.17415475757596566,COMPLETE
273,6.819999999999998,2025-06-12 21:34:59.514046,2025-06-12 21:35:03.752251,0 days 00:00:04.238205,50,0.6423357371441216,0.04668127458169662,0.9630222022623955,0.01234564667255683,165,2736899,6.819999999999998,2.70769274475521,0.3672499999999999,0.2174481259979033,160.0,4,10.319999999999999,"[0.5740000000000001, 0.4579999999999999]",2736899,"[5.74, 4.579999999999999]",0.023006312549114227,3.6810100078582764,8.559999999999999,"[0.558, 0.2979999999999998]",2737899,"[5.58, 2.979999999999998]",0.02195819467306137,3.5133111476898193,4.599999999999997,"[0.2929999999999998, 0.16699999999999987]",2738899,"[2.929999999999998, 1.6699999999999986]",0.02452324777841568,3.923719644546509,3.799999999999998,"[0.04399999999999986, 0.33599999999999997]",2739899,"[0.4399999999999986, 3.3599999999999994]",0.025296293199062347,4.047406911849976,MinimaxSolutionConcept,3.6724999999999994,2.174481259979033,0.023696012049913406,0.0012981634472904087,3.791361927986145,0.20770615156646535,COMPLETE
274,7.267499999999998,2025-06-12 21:35:03.768024,2025-06-12 21:35:07.489091,0 days 00:00:03.721067,47,0.625771033578947,0.0560433581662491,0.9853167154216724,0.00035165831656759313,151,2746903,7.267499999999998,2.5080507869658466,0.3037499999999999,0.16837513919816077,150.0,4,3.2099999999999977,"[0.030999999999999833, 0.2899999999999998]",2746903,"[0.30999999999999833, 2.899999999999998]",0.023389596939086914,3.508439540863037,9.269999999999998,"[0.3299999999999999, 0.5969999999999999]",2747903,"[3.299999999999999, 5.969999999999999]",0.02070907751719157,3.1063616275787354,7.1599999999999975,"[0.3639999999999999, 0.3519999999999998]",2748903,"[3.639999999999999, 3.5199999999999982]",0.019916704495747884,2.9875056743621826,9.429999999999998,"[0.48999999999999994, 0.45299999999999985]",2749903,"[4.8999999999999995, 4.5299999999999985]",0.02359112580617269,3.5386688709259033,MinimaxSolutionConcept,3.0374999999999988,1.6837513919816076,0.021901626189549765,0.001614818284863329,3.2852439284324646,0.24222274272949937,COMPLETE
275,4.869999999999997,2025-06-12 21:35:07.504556,2025-06-12 21:35:11.553139,0 days 00:00:04.048583,49,0.9079408052696276,0.04806658201183382,0.9796232435987361,0.0001938720408838673,175,2756907,4.869999999999997,2.47978829741573,0.14849999999999985,0.13976855869615312,170.0,4,5.539999999999998,"[0.2529999999999999, 0.3009999999999999]",2756907,"[2.529999999999999, 3.009999999999999]",0.02282067607430851,3.8795149326324463,2.9699999999999966,"[-0.08000000000000017, 0.3769999999999999]",2757907,"[-0.8000000000000017, 3.7699999999999987]",0.021665504399467916,3.683135747909546,8.629999999999999,"[0.2709999999999998, 0.592]",2758907,"[2.709999999999998, 5.92]",0.021864752208485324,3.717007875442505,2.339999999999997,"[0.14999999999999986, 0.08399999999999984]",2759907,"[1.4999999999999987, 0.8399999999999984]",0.022248227456036735,3.782198667526245,MinimaxSolutionConcept,1.4849999999999985,1.3976855869615312,0.02214979003457462,0.00044032861107539523,3.7654643058776855,0.07485586388281709,COMPLETE
276,6.552499999999998,2025-06-12 21:35:12.897166,2025-06-12 21:35:16.431524,0 days 00:00:03.534358,48,0.8807845406239426,0.04400276451024936,0.9827517294390529,0.00044027235390583337,160,2766912,6.552499999999998,2.18047443231972,0.32024999999999987,0.09041121335321188,160.0,4,4.079999999999997,"[0.37399999999999994, 0.03399999999999983]",2766912,"[3.7399999999999993, 0.3399999999999983]",0.019762679934501648,3.1620287895202637,4.699999999999996,"[0.16899999999999987, 0.30099999999999993]",2767912,"[1.6899999999999986, 3.0099999999999993]",0.020795051753520966,3.3272082805633545,8.469999999999997,"[0.4019999999999998, 0.44499999999999984]",2768912,"[4.019999999999998, 4.449999999999998]",0.020837301015853883,3.333968162536621,8.959999999999999,"[0.33599999999999985, 0.5599999999999999]",2769912,"[3.3599999999999985, 5.6]",0.019554416835308074,3.128706693649292,MinimaxSolutionConcept,3.202499999999999,0.9041121335321188,0.02023736238479614,0.0005836698221613126,3.237977981567383,0.0933871715458099,COMPLETE
277,3.1925,2025-06-12 21:35:16.445946,2025-06-12 21:35:18.056548,0 days 00:00:01.610602,15,0.5999332389807528,0.06110677437953689,0.9589464042137097,0.0014387133759101755,142,2776916,3.1925,1.1800291309963495,0.24375000000000002,0.12400882025081926,140.0,4,3.72,"[0.075, 0.29699999999999993]",2776916,"[0.75, 2.9699999999999993]",0.009548451219286238,1.3367831707000732,2.84,"[0.31200000000000006, -0.02799999999999998]",2777916,"[3.1200000000000006, -0.2799999999999998]",0.00938201972416469,1.3134827613830566,1.5,"[0.186, -0.036]",2778916,"[1.8599999999999999, -0.36]",0.009760609694889613,1.366485357284546,4.71,"[0.402, 0.06900000000000002]",2779916,"[4.0200000000000005, 0.6900000000000002]",0.009118316854749406,1.276564359664917,MinimaxSolutionConcept,2.4375,1.2400882025081927,0.009452349373272486,0.00023493827575835885,1.3233289122581482,0.03289135860617022,COMPLETE
278,7.747499999999999,2025-06-12 21:35:18.070987,2025-06-12 21:35:21.892887,0 days 00:00:03.821900,46,0.6357403374274571,0.0339026869802552,0.9855540584882638,0.00016087886832196087,165,2786918,7.747499999999999,0.5057358500244964,0.33174999999999993,0.12966374782490286,160.0,4,8.529999999999998,"[0.5289999999999999, 0.32399999999999984]",2786918,"[5.289999999999999, 3.2399999999999984]",0.02175062745809555,3.480100393295288,7.119999999999997,"[0.16799999999999987, 0.5439999999999999]",2787918,"[1.6799999999999988, 5.4399999999999995]",0.022865688800811766,3.658510208129883,7.619999999999999,"[0.3369999999999999, 0.42499999999999993]",2788918,"[3.369999999999999, 4.249999999999999]",0.022469185292720795,3.595069646835327,7.719999999999999,"[0.2929999999999999, 0.479]",2789918,"[2.9299999999999993, 4.79]",0.022181013226509096,3.548962116241455,MinimaxSolutionConcept,3.317499999999999,1.2966374782490286,0.022316628694534303,0.00040727431504256073,3.5706605911254883,0.06516389040680973,COMPLETE
