number,value,datetime_start,datetime_complete,duration,params_episode_length,params_epsilon_max,params_epsilon_min,params_gamma,params_learning_rate,params_num_episodes,user_attrs_base_seed,user_attrs_collective_reward_mean,user_attrs_collective_reward_std,user_attrs_individual_reward_agent0_mean,user_attrs_individual_reward_agent0_std,user_attrs_num_episodes_mean,user_attrs_num_parallel_runs,user_attrs_run_0_collective_reward,user_attrs_run_0_individual_rewards,user_attrs_run_0_seed,user_attrs_run_0_total_individual_rewards,user_attrs_run_0_training_time_per_episode,user_attrs_run_0_training_time_total,user_attrs_run_1_collective_reward,user_attrs_run_1_individual_rewards,user_attrs_run_1_seed,user_attrs_run_1_total_individual_rewards,user_attrs_run_1_training_time_per_episode,user_attrs_run_1_training_time_total,user_attrs_run_2_collective_reward,user_attrs_run_2_individual_rewards,user_attrs_run_2_seed,user_attrs_run_2_total_individual_rewards,user_attrs_run_2_training_time_per_episode,user_attrs_run_2_training_time_total,user_attrs_run_3_collective_reward,user_attrs_run_3_individual_rewards,user_attrs_run_3_seed,user_attrs_run_3_total_individual_rewards,user_attrs_run_3_training_time_per_episode,user_attrs_run_3_training_time_total,user_attrs_solution_concept,user_attrs_total_individual_reward_agent0_mean,user_attrs_total_individual_reward_agent0_std,user_attrs_training_time_per_episode_mean,user_attrs_training_time_per_episode_std,user_attrs_training_time_total_mean,user_attrs_training_time_total_std,state
79,6.169999999999998,2025-06-12 21:20:04.879247,2025-06-12 21:20:08.441928,0 days 00:00:03.562681,48,0.8727186564269843,0.12517670317789742,0.981046968605249,0.029963730037979534,155,796004,6.169999999999998,2.754115102896029,0.31174999999999986,0.18747183121738584,150.0,4,5.079999999999998,"[0.17899999999999988, 0.32899999999999985]",796004,"[1.7899999999999987, 3.2899999999999983]",0.020882344245910643,3.1323516368865967,10.45,"[0.6219999999999999, 0.4229999999999999]",797004,"[6.219999999999999, 4.229999999999999]",0.018367576599121093,2.755136489868164,6.269999999999998,"[0.29699999999999993, 0.3299999999999999]",798004,"[2.9699999999999993, 3.299999999999999]",0.0226874844233195,3.403122663497925,2.879999999999997,"[0.14899999999999985, 0.13899999999999985]",799004,"[1.4899999999999984, 1.3899999999999983]",0.022688064575195312,3.403209686279297,MinimaxSolutionConcept,3.117499999999999,1.8747183121738584,0.021156367460886637,0.0017707949059422394,3.1734551191329956,0.2656192358913359,COMPLETE
80,8.027499999999996,2025-06-12 21:20:08.456027,2025-06-12 21:20:12.585568,0 days 00:00:04.129541,41,0.8602936740749134,0.027161326719418403,0.9774107590592103,0.018173145429331912,208,806008,8.027499999999996,3.130937359641678,0.4232499999999999,0.16965313878617158,200.0,4,7.729999999999998,"[0.576, 0.1969999999999999]",806008,"[5.76, 1.9699999999999989]",0.018684102296829222,3.7368204593658447,13.219999999999999,"[0.6089999999999999, 0.7129999999999999]",807008,"[6.089999999999999, 7.129999999999999]",0.01852044343948364,3.7040886878967285,5.879999999999997,"[0.2549999999999999, 0.33299999999999985]",808008,"[2.549999999999999, 3.3299999999999983]",0.019872578382492064,3.974515676498413,5.279999999999998,"[0.25299999999999995, 0.2749999999999999]",809008,"[2.5299999999999994, 2.749999999999999]",0.019770870208740233,3.954174041748047,MinimaxSolutionConcept,4.232499999999999,1.696531387861716,0.01921199858188629,0.0006135197981791904,3.8423997163772583,0.12270395963583808,COMPLETE
81,6.477499999999997,2025-06-12 21:20:12.961248,2025-06-12 21:20:18.368748,0 days 00:00:05.407500,42,0.8535758862790308,0.023610022339175554,0.9781161793673302,0.018118855619955732,252,816013,6.477499999999997,5.032600595119784,0.3599999999999999,0.3098636797044791,250.0,4,9.169999999999998,"[0.45599999999999985, 0.46099999999999997]",816013,"[4.559999999999999, 4.609999999999999]",0.019420328140258788,4.855082035064697,7.0699999999999985,"[0.48199999999999993, 0.22499999999999992]",817013,"[4.819999999999999, 2.249999999999999]",0.018327457427978516,4.581864356994629,11.479999999999999,"[0.6609999999999999, 0.487]",818013,"[6.609999999999999, 4.87]",0.019758670806884766,4.939667701721191,-1.810000000000003,"[-0.15900000000000014, -0.02200000000000012]",819013,"[-1.5900000000000014, -0.2200000000000012]",0.02097078514099121,5.242696285247803,MinimaxSolutionConcept,3.599999999999999,3.098636797044791,0.01961931037902832,0.0009426536134175701,4.90482759475708,0.23566340335439254,COMPLETE
82,5.662499999999998,2025-06-12 21:20:18.382582,2025-06-12 21:20:22.177937,0 days 00:00:03.795355,37,0.8668538158669509,0.036227624520801596,0.9856585337091593,0.01319573435795019,208,826018,5.662499999999998,2.836920645700193,0.2549999999999999,0.22572881960440935,200.0,4,9.339999999999998,"[0.45599999999999985, 0.4779999999999999]",826018,"[4.559999999999999, 4.779999999999999]",0.017755839824676514,3.5511679649353027,3.969999999999999,"[0.02099999999999988, 0.3759999999999999]",827018,"[0.2099999999999988, 3.759999999999999]",0.016253390312194825,3.250678062438965,2.039999999999998,"[0.038999999999999875, 0.16499999999999987]",828018,"[0.38999999999999874, 1.6499999999999986]",0.018090147972106934,3.6180295944213867,7.299999999999999,"[0.5039999999999998, 0.2259999999999999]",829018,"[5.039999999999997, 2.259999999999999]",0.01660392642021179,3.3207852840423584,MinimaxSolutionConcept,2.5499999999999985,2.2572881960440934,0.017175826132297515,0.0007665437745151703,3.435165226459503,0.15330875490303403,COMPLETE
83,8.844999999999999,2025-06-12 21:20:22.192063,2025-06-12 21:20:25.939094,0 days 00:00:03.747031,41,0.7344478673778748,0.01527243711201592,0.9755077058765218,0.00011360125865411654,189,836022,8.844999999999999,0.7634625072654193,0.5242499999999999,0.05643746539312342,180.0,4,8.439999999999998,"[0.47399999999999987, 0.36999999999999983]",836022,"[4.739999999999998, 3.6999999999999984]",0.019865532716115315,3.575795888900757,7.859999999999997,"[0.595, 0.1909999999999999]",837022,"[5.949999999999999, 1.9099999999999988]",0.0187234534157647,3.3702216148376465,9.879999999999997,"[0.5639999999999998, 0.4239999999999998]",838022,"[5.639999999999999, 4.239999999999998]",0.016850617196824815,3.033111095428467,9.2,"[0.46399999999999986, 0.45599999999999996]",839022,"[4.639999999999999, 4.56]",0.01955627997716268,3.5201303958892822,MinimaxSolutionConcept,5.2425,0.5643746539312341,0.018748970826466878,0.0011729083680787475,3.374814748764038,0.21112350625417453,COMPLETE
84,7.307499999999997,2025-06-12 21:20:25.953327,2025-06-12 21:20:30.063339,0 days 00:00:04.110012,46,0.7338971597131435,0.020781728259854755,0.9643822268157719,0.0007546854460560515,185,846025,7.307499999999997,4.223791987065651,0.3854999999999999,0.22276725522392202,180.0,4,6.939999999999998,"[0.4429999999999999, 0.2509999999999999]",846025,"[4.429999999999999, 2.509999999999999]",0.020170236958397758,3.6306426525115967,13.689999999999998,"[0.705, 0.6639999999999999]",847025,"[7.05, 6.639999999999999]",0.015959444310930042,2.8726999759674072,6.789999999999997,"[0.3019999999999999, 0.3769999999999999]",848025,"[3.0199999999999987, 3.7699999999999987]",0.021048545837402344,3.788738250732422,1.809999999999997,"[0.09199999999999985, 0.08899999999999986]",849025,"[0.9199999999999985, 0.8899999999999986]",0.02201926310857137,3.9634673595428467,MinimaxSolutionConcept,3.8549999999999986,2.2276725522392202,0.019799372553825377,0.0023114355541858085,3.563887059688568,0.4160583997534456,COMPLETE
85,5.917499999999999,2025-06-12 21:20:30.077765,2025-06-12 21:20:32.544046,0 days 00:00:02.466281,39,0.7006001482368238,0.10290202254762995,0.9824812083147524,0.0001617643366785006,111,856030,5.917499999999999,4.0517673612881575,0.3304999999999999,0.23072115204289353,110.0,4,0.7499999999999981,"[-0.0030000000000001024, 0.07799999999999989]",856030,"[-0.030000000000001026, 0.7799999999999989]",0.021031084927645598,2.3134193420410156,10.7,"[0.5879999999999999, 0.4819999999999999]",857030,"[5.879999999999999, 4.8199999999999985]",0.019743358005176893,2.171769380569458,3.279999999999998,"[0.24099999999999988, 0.08699999999999988]",858030,"[2.409999999999999, 0.8699999999999988]",0.020356310497630727,2.23919415473938,8.939999999999998,"[0.496, 0.39799999999999996]",859030,"[4.96, 3.9799999999999995]",0.018704022060741076,2.0574424266815186,MinimaxSolutionConcept,3.304999999999999,2.3072115204289356,0.019958693872798576,0.0008556711469242803,2.195456326007843,0.09412382616167073,COMPLETE
86,5.219999999999998,2025-06-12 21:20:32.948586,2025-06-12 21:20:35.883344,0 days 00:00:02.934758,43,0.8212982311002996,0.08602746616431987,0.9680996780545156,0.0003082436047922865,134,866032,5.219999999999998,1.6536172471282458,0.4099999999999999,0.11123623510349497,130.0,4,3.0999999999999988,"[0.35299999999999987, -0.04300000000000014]",866032,"[3.5299999999999985, -0.43000000000000144]",0.021392482977647048,2.781022787094116,5.419999999999997,"[0.46499999999999997, 0.07699999999999986]",867032,"[4.6499999999999995, 0.7699999999999986]",0.020527008863595816,2.668511152267456,4.669999999999997,"[0.2639999999999999, 0.20299999999999985]",868032,"[2.639999999999999, 2.0299999999999985]",0.020873572276188777,2.713564395904541,7.689999999999997,"[0.5579999999999999, 0.21099999999999985]",869032,"[5.579999999999999, 2.1099999999999985]",0.019683285859914926,2.5588271617889404,MinimaxSolutionConcept,4.099999999999999,1.1123623510349496,0.020619087494336642,0.0006219136296594418,2.6804813742637634,0.08084877185572742,COMPLETE
87,8.219999999999999,2025-06-12 21:20:35.898673,2025-06-12 21:20:39.098136,0 days 00:00:03.199463,41,0.6681921928871042,0.09264766034910021,0.9731604764505878,0.00022617889179439276,147,876035,8.219999999999999,2.2727846356397254,0.4282499999999999,0.27397844349510425,140.0,4,12.129999999999997,"[0.86, 0.35299999999999987]",876035,"[8.6, 3.5299999999999985]",0.01973837273461478,2.7633721828460693,7.179999999999998,"[0.4699999999999999, 0.24799999999999991]",877035,"[4.699999999999999, 2.479999999999999]",0.019806267533983502,2.7728774547576904,6.4899999999999975,"[0.1899999999999999, 0.4589999999999998]",878035,"[1.899999999999999, 4.589999999999998]",0.021726139954158237,3.0416595935821533,7.079999999999998,"[0.1929999999999999, 0.5149999999999999]",879035,"[1.9299999999999988, 5.149999999999999]",0.018740899222237723,2.6237258911132812,MinimaxSolutionConcept,4.282499999999999,2.739784434951042,0.02000291986124856,0.001080606415621098,2.8004087805747986,0.15128489818695376,COMPLETE
88,5.5825,2025-06-12 21:20:39.112168,2025-06-12 21:20:41.570890,0 days 00:00:02.458722,22,0.6328832284237291,0.010595111788715434,0.9744390342175716,0.00011276776913702404,179,886039,5.5825,1.6859622623297355,0.3239999999999999,0.15970597985047397,170.0,4,4.849999999999999,"[0.24599999999999994, 0.23900000000000002]",886039,"[2.4599999999999995, 2.39]",0.013002768684835995,2.210470676422119,7.979999999999999,"[0.576, 0.22199999999999998]",887039,"[5.76, 2.2199999999999998]",0.012924871725194595,2.197228193283081,3.3899999999999992,"[0.32999999999999996, 0.008999999999999944]",888039,"[3.3, 0.08999999999999944]",0.013507345143486471,2.2962486743927,6.109999999999999,"[0.14399999999999996, 0.46699999999999997]",889039,"[1.4399999999999995, 4.67]",0.013257928455577177,2.25384783744812,MinimaxSolutionConcept,3.2399999999999998,1.59705979850474,0.013173228502273558,0.00022888078234472377,2.239448845386505,0.038909732998603064,COMPLETE
89,9.907499999999999,2025-06-12 21:20:41.587715,2025-06-12 21:20:46.090874,0 days 00:00:04.503159,48,0.5868720442416191,0.1088825962284741,0.9620111338267249,0.00018288654058917404,191,896041,9.907499999999999,2.45317523833908,0.5485,0.18206935491729517,190.0,4,12.18,"[0.732, 0.48599999999999993]",896041,"[7.32, 4.859999999999999]",0.02049210824464497,3.893500566482544,11.109999999999998,"[0.7169999999999999, 0.39399999999999985]",897041,"[7.169999999999998, 3.9399999999999986]",0.020775025769283896,3.9472548961639404,10.559999999999999,"[0.4379999999999999, 0.618]",898041,"[4.379999999999999, 6.18]",0.019774327780071058,3.757122278213501,5.7799999999999985,"[0.30699999999999994, 0.2709999999999999]",899041,"[3.0699999999999994, 2.709999999999999]",0.02286347464511269,4.344060182571411,MinimaxSolutionConcept,5.484999999999999,1.8206935491729517,0.020976234109778155,0.0011490341937008641,3.985484480857849,0.21831649680316415,COMPLETE
90,6.824999999999997,2025-06-12 21:20:46.105274,2025-06-12 21:20:51.034684,0 days 00:00:04.929410,50,0.5619696596753426,0.11047027363033148,0.954611158979446,0.00021916725291352005,196,906046,6.824999999999997,3.2270613567144957,0.32149999999999984,0.22619184335426423,190.0,4,5.559999999999997,"[0.3829999999999999, 0.17299999999999988]",906046,"[3.829999999999999, 1.7299999999999986]",0.02362105846405029,4.488001108169556,9.349999999999998,"[0.44299999999999995, 0.4919999999999999]",907046,"[4.43, 4.919999999999999]",0.02040955016487523,3.877814531326294,10.249999999999996,"[0.5209999999999998, 0.5039999999999999]",908046,"[5.209999999999998, 5.039999999999999]",0.023788048091687653,4.519729137420654,2.1399999999999966,"[-0.061000000000000186, 0.2749999999999998]",909046,"[-0.6100000000000019, 2.7499999999999982]",0.025115264089483964,4.771900177001953,MinimaxSolutionConcept,3.2149999999999985,2.2619184335426423,0.023233480202524283,0.0017301339476508968,4.414361238479614,0.3287254500536703,COMPLETE
91,6.664999999999998,2025-06-12 21:20:51.515631,2025-06-12 21:20:55.479477,0 days 00:00:03.963846,47,0.6530571460557251,0.10161659557209775,0.9619553966391405,0.00018832512957961398,163,916051,6.664999999999998,2.073903324651369,0.3727499999999999,0.18567495119159186,160.0,4,5.059999999999998,"[0.33299999999999985, 0.17299999999999988]",916051,"[3.3299999999999983, 1.7299999999999986]",0.02383696287870407,3.8139140605926514,9.239999999999998,"[0.603, 0.32099999999999984]",917051,"[6.029999999999999, 3.209999999999998]",0.022253894805908205,3.5606231689453125,4.2399999999999975,"[0.09699999999999985, 0.32699999999999985]",918051,"[0.9699999999999985, 3.2699999999999987]",0.023078691959381104,3.6925907135009766,8.119999999999997,"[0.4579999999999999, 0.3539999999999999]",919051,"[4.579999999999999, 3.539999999999999]",0.020846031606197357,3.335365056991577,MinimaxSolutionConcept,3.727499999999999,1.8567495119159185,0.022503895312547685,0.0011088814908842485,3.6006232500076294,0.17742103854147978,COMPLETE
92,10.059999999999999,2025-06-12 21:20:55.493576,2025-06-12 21:20:58.680202,0 days 00:00:03.186626,48,0.6778245766383058,0.09512950841785744,0.9594100997964539,0.00010240183926722806,145,926055,10.059999999999999,1.5523691571272606,0.4019999999999999,0.05925791086428886,140.0,4,12.499999999999998,"[0.4189999999999999, 0.8309999999999998]",926055,"[4.189999999999999, 8.309999999999999]",0.021006083488464354,2.9408516883850098,10.069999999999999,"[0.3109999999999999, 0.696]",927055,"[3.109999999999999, 6.959999999999999]",0.020907929965427945,2.927110195159912,8.249999999999996,"[0.476, 0.34899999999999987]",928055,"[4.76, 3.4899999999999984]",0.020999763693128313,2.939966917037964,9.419999999999998,"[0.40199999999999986, 0.5399999999999999]",929055,"[4.019999999999999, 5.3999999999999995]",0.021619069576263427,3.02666974067688,MinimaxSolutionConcept,4.019999999999999,0.5925791086428885,0.02113321168082101,0.0002831870797570388,2.9586496353149414,0.03964619116598548,COMPLETE
93,7.3199999999999985,2025-06-12 21:20:58.695970,2025-06-12 21:21:05.229219,0 days 00:00:06.533249,49,0.6072281613952427,0.09571698239496926,0.9436578694517103,0.00012601801291301878,279,936058,7.3199999999999985,2.3644978325217396,0.3747499999999999,0.31595124228272947,270.0,4,10.09,"[0.776, 0.2329999999999998]",936058,"[7.76, 2.329999999999998]",0.021427527180424445,5.7854323387146,4.919999999999998,"[-0.10900000000000017, 0.601]",937058,"[-1.0900000000000016, 6.01]",0.0235767541108308,6.365723609924316,5.029999999999997,"[0.39499999999999985, 0.10799999999999985]",938058,"[3.9499999999999984, 1.0799999999999985]",0.022634199813560203,6.111233949661255,9.239999999999998,"[0.43699999999999994, 0.4869999999999998]",939058,"[4.369999999999999, 4.869999999999998]",0.02252718342675103,6.082339525222778,MinimaxSolutionConcept,3.747499999999999,3.1595124228272953,0.02254141613289162,0.0007618209613016217,6.086182355880737,0.20569165955143803,COMPLETE
94,7.444999999999997,2025-06-12 21:21:05.244321,2025-06-12 21:21:09.610877,0 days 00:00:04.366556,48,0.6797962352874799,0.09045908182380336,0.952753090909549,0.00029591724995417875,190,946065,7.444999999999997,1.3850361006125436,0.4807499999999999,0.14757265159913607,190.0,4,6.069999999999997,"[0.44799999999999984, 0.15899999999999986]",946065,"[4.479999999999999, 1.5899999999999985]",0.02218155484450491,4.214495420455933,6.049999999999998,"[0.42799999999999994, 0.17699999999999988]",947065,"[4.279999999999999, 1.7699999999999987]",0.021260181226228414,4.039434432983398,8.839999999999996,"[0.7229999999999999, 0.16099999999999987]",948065,"[7.229999999999999, 1.6099999999999985]",0.021309363214593185,4.048779010772705,8.819999999999999,"[0.3239999999999999, 0.558]",949065,"[3.239999999999999, 5.58]",0.021766879684046694,4.135707139968872,MinimaxSolutionConcept,4.807499999999999,1.4757265159913606,0.0216294947423433,0.00037500721554734604,4.109604001045227,0.07125137095399577,COMPLETE
95,7.044999999999998,2025-06-12 21:21:09.624971,2025-06-12 21:21:13.076834,0 days 00:00:03.451863,46,0.5903997725082413,0.10716285869539516,0.9567858393859094,0.00014328631289719766,148,956069,7.044999999999998,1.344925648502549,0.3557499999999999,0.21220199692745587,140.0,4,5.999999999999997,"[0.16499999999999987, 0.43499999999999994]",956069,"[1.6499999999999986, 4.35]",0.0235984206199646,3.303778886795044,6.2799999999999985,"[0.30599999999999994, 0.32199999999999995]",957069,"[3.0599999999999996, 3.2199999999999998]",0.022098139354160853,3.0937395095825195,9.35,"[0.7129999999999999, 0.2219999999999999]",958069,"[7.129999999999999, 2.219999999999999]",0.022756639548710416,3.185929536819458,6.549999999999999,"[0.23899999999999993, 0.4159999999999999]",959069,"[2.3899999999999992, 4.159999999999999]",0.022514235973358155,3.1519930362701416,MinimaxSolutionConcept,3.5574999999999988,2.122019969274559,0.022741858874048504,0.0005477461771006181,3.1838602423667908,0.07668446479408654,COMPLETE
96,6.662499999999998,2025-06-12 21:21:13.518300,2025-06-12 21:21:17.862340,0 days 00:00:04.344040,50,0.52271556267348,0.1177374160549306,0.9703485359749328,0.00010785225686786314,175,966073,6.662499999999998,1.5962827913624826,0.33049999999999985,0.1900427583466416,170.0,4,5.239999999999998,"[0.6569999999999999, -0.1330000000000002]",966073,"[6.569999999999999, -1.330000000000002]",0.022805385028614716,3.876915454864502,5.939999999999999,"[0.18599999999999986, 0.4079999999999999]",967073,"[1.8599999999999985, 4.079999999999999]",0.02453118071836584,4.170300722122192,9.369999999999997,"[0.25399999999999984, 0.683]",968073,"[2.5399999999999983, 6.83]",0.022684592359206255,3.8563807010650635,6.099999999999997,"[0.2249999999999998, 0.3849999999999999]",969073,"[2.2499999999999982, 3.8499999999999988]",0.024136613397037283,4.103224277496338,MinimaxSolutionConcept,3.3049999999999984,1.900427583466416,0.023539442875806022,0.0008077386502679624,4.001705288887024,0.13731557054555343,COMPLETE
97,9.395,2025-06-12 21:21:17.877054,2025-06-12 21:21:22.898449,0 days 00:00:05.021395,44,0.6625480048888568,0.08019300357969807,0.9647016689544372,0.0001713157356698552,201,976077,9.395,2.1435309654866193,0.4559999999999999,0.09297042540507171,200.0,4,6.149999999999999,"[0.3529999999999999, 0.2619999999999999]",976077,"[3.5299999999999994, 2.619999999999999]",0.02318067193031311,4.636134386062622,10.86,"[0.47799999999999987, 0.6079999999999999]",977077,"[4.7799999999999985, 6.079999999999998]",0.023051662445068358,4.610332489013672,8.85,"[0.3959999999999999, 0.4889999999999999]",978077,"[3.959999999999999, 4.889999999999999]",0.024022579193115234,4.804515838623047,11.719999999999997,"[0.597, 0.575]",979077,"[5.97, 5.75]",0.02342397689819336,4.684795379638672,MinimaxSolutionConcept,4.56,0.9297042540507171,0.023419722616672516,0.0003728497255066975,4.683944523334503,0.07456994510133945,COMPLETE
98,7.584999999999997,2025-06-12 21:21:22.912763,2025-06-12 21:21:28.045175,0 days 00:00:05.132412,47,0.7006245759143888,0.011747617236485262,0.9467335922282506,0.00017042429608166165,226,986082,7.584999999999997,2.0153597693712153,0.35199999999999987,0.1707556734050146,220.0,4,9.339999999999996,"[0.4789999999999999, 0.4549999999999999]",986082,"[4.789999999999999, 4.549999999999999]",0.021039043773304334,4.628589630126953,7.299999999999997,"[0.40599999999999986, 0.32399999999999984]",987082,"[4.059999999999999, 3.2399999999999984]",0.02119173461740667,4.662181615829468,4.399999999999998,"[0.05999999999999983, 0.37999999999999984]",988082,"[0.5999999999999983, 3.7999999999999985]",0.022497916221618654,4.9495415687561035,9.299999999999997,"[0.4629999999999999, 0.4669999999999998]",989082,"[4.629999999999999, 4.669999999999998]",0.0208697340705178,4.591341495513916,MinimaxSolutionConcept,3.5199999999999987,1.707556734050146,0.021399607170711866,0.000644256399964471,4.70791357755661,0.14173640799218357,COMPLETE
