number,value,datetime_start,datetime_complete,duration,params_episode_length,params_epsilon_max,params_epsilon_min,params_gamma,params_learning_rate,params_num_episodes,user_attrs_base_seed,user_attrs_collective_reward_mean,user_attrs_collective_reward_std,user_attrs_individual_reward_agent0_mean,user_attrs_individual_reward_agent0_std,user_attrs_num_episodes_mean,user_attrs_num_parallel_runs,user_attrs_run_0_collective_reward,user_attrs_run_0_individual_rewards,user_attrs_run_0_seed,user_attrs_run_0_total_individual_rewards,user_attrs_run_0_training_time_per_episode,user_attrs_run_0_training_time_total,user_attrs_run_1_collective_reward,user_attrs_run_1_individual_rewards,user_attrs_run_1_seed,user_attrs_run_1_total_individual_rewards,user_attrs_run_1_training_time_per_episode,user_attrs_run_1_training_time_total,user_attrs_run_2_collective_reward,user_attrs_run_2_individual_rewards,user_attrs_run_2_seed,user_attrs_run_2_total_individual_rewards,user_attrs_run_2_training_time_per_episode,user_attrs_run_2_training_time_total,user_attrs_run_3_collective_reward,user_attrs_run_3_individual_rewards,user_attrs_run_3_seed,user_attrs_run_3_total_individual_rewards,user_attrs_run_3_training_time_per_episode,user_attrs_run_3_training_time_total,user_attrs_solution_concept,user_attrs_total_individual_reward_agent0_mean,user_attrs_total_individual_reward_agent0_std,user_attrs_training_time_per_episode_mean,user_attrs_training_time_per_episode_std,user_attrs_training_time_total_mean,user_attrs_training_time_total_std,state
124,4.8825,2025-06-12 21:59:30.725567,2025-06-12 21:59:33.275818,0 days 00:00:02.550251,10,0.9600078283901202,0.05822886860210121,0.9671626619024594,0.045739217284321856,339,1248370,4.8825,2.1641900910040226,0.41875000000000007,0.20234175916009034,330.0,4,6.640000000000001,"[0.65, 0.014000000000000007]",1248370,"[6.5, 0.14000000000000007]",0.006951607357371937,2.2940304279327393,4.66,"[0.3450000000000001, 0.121]",1249370,"[3.450000000000001, 1.21]",0.006951733068986373,2.294071912765503,6.8,"[0.555, 0.12499999999999996]",1250370,"[5.550000000000001, 1.2499999999999996]",0.006861817475521203,2.264399766921997,1.4300000000000004,"[0.12499999999999997, 0.018000000000000013]",1251370,"[1.2499999999999998, 0.18000000000000013]",0.0072120298038829455,2.379969835281372,WelfareSolutionConcept,4.1875,2.023417591600903,0.006994296926440615,0.00013095084202085166,2.308117985725403,0.04321377786688108,COMPLETE
125,5.9075,2025-06-12 21:59:33.291889,2025-06-12 21:59:35.274815,0 days 00:00:01.982926,11,0.9387730722655061,0.0682539772265072,0.962612020917623,0.05611636697525299,268,1258373,5.9075,0.4820982783624101,0.58125,0.04786635039356982,260.0,4,5.67,"[0.557, 0.010000000000000007]",1258373,"[5.57, 0.10000000000000007]",0.006746050944695106,1.7539732456207275,5.6499999999999995,"[0.555, 0.010000000000000007]",1259373,"[5.550000000000001, 0.10000000000000007]",0.006847741970649132,1.7804129123687744,6.739999999999999,"[0.664, 0.01000000000000002]",1260373,"[6.640000000000001, 0.1000000000000002]",0.006608717258159931,1.718266487121582,5.569999999999999,"[0.5489999999999999, 0.008000000000000018]",1261373,"[5.489999999999999, 0.08000000000000018]",0.006985630438877986,1.8162639141082764,WelfareSolutionConcept,5.8125,0.4786635039356983,0.006797035153095539,0.00013802389487419707,1.76722913980484,0.03588621266729128,COMPLETE
126,4.0825000000000005,2025-06-12 21:59:35.895956,2025-06-12 21:59:38.875302,0 days 00:00:02.979346,14,0.9908118218519998,0.10006433983949078,0.9065416408974922,0.0735189369149162,311,1268375,4.0825000000000005,1.359639198464063,0.48350000000000004,0.16634377054762226,310.0,4,4.090000000000001,"[0.539, -0.12999999999999995]",1268375,"[5.390000000000001, -1.2999999999999994]",0.009027475695456227,2.7985174655914307,5.22,"[0.652, -0.12999999999999995]",1269375,"[6.5200000000000005, -1.2999999999999994]",0.00891514285918205,2.7636942863464355,1.8600000000000005,"[0.20700000000000002, -0.020999999999999984]",1270375,"[2.0700000000000003, -0.20999999999999985]",0.008901610682087559,2.7594993114471436,5.16,"[0.5359999999999999, -0.019999999999999997]",1271375,"[5.359999999999999, -0.19999999999999996]",0.008556339048570203,2.6524651050567627,WelfareSolutionConcept,4.835,1.6634377054762224,0.008850142071324011,0.00017652305142901037,2.743544042110443,0.05472214594299339,COMPLETE
127,5.59,2025-06-12 21:59:38.891386,2025-06-12 21:59:42.677318,0 days 00:00:03.785932,15,0.870516393618917,0.045949690613564236,0.9698595866172506,0.02070513241456212,333,1278378,5.59,0.9360288457093617,0.5602499999999999,0.16462438306642188,330.0,4,7.21,"[0.7510000000000001, -0.029999999999999992]",1278378,"[7.510000000000002, -0.29999999999999993]",0.00989071022380482,3.263934373855591,5.079999999999999,"[0.648, -0.13999999999999996]",1279378,"[6.48, -1.3999999999999995]",0.010395345543370103,3.430464029312134,4.99,"[0.30799999999999994, 0.19100000000000003]",1280378,"[3.079999999999999, 1.9100000000000004]",0.010222496408404726,3.3734238147735596,5.079999999999999,"[0.534, -0.02599999999999999]",1281378,"[5.34, -0.2599999999999999]",0.009951816183148008,3.2840993404388428,WelfareSolutionConcept,5.6025,1.6462438306642193,0.010115092089681914,0.0002043795056833145,3.3379803895950317,0.0674452368754937,COMPLETE
128,4.78,2025-06-12 21:59:42.704972,2025-06-12 21:59:45.406288,0 days 00:00:02.701316,13,0.9036146045610741,0.06395913358261031,0.9720175511580228,0.0005786485190548693,293,1288382,4.78,1.2210651088291726,0.43325,0.13309841283801999,290.0,4,6.42,"[0.651, -0.008999999999999994]",1288382,"[6.51, -0.08999999999999994]",0.00810727990906814,2.3511111736297607,4.2,"[0.32300000000000006, 0.09700000000000007]",1289382,"[3.2300000000000004, 0.9700000000000008]",0.008344296751351192,2.4198460578918457,5.34,"[0.43200000000000005, 0.10200000000000002]",1290382,"[4.32, 1.0200000000000002]",0.008548043514120168,2.4789326190948486,3.1600000000000006,"[0.32699999999999996, -0.010999999999999985]",1291382,"[3.2699999999999996, -0.10999999999999985]",0.008689105921778186,2.519840717315674,WelfareSolutionConcept,4.3325,1.3309841283801997,0.008422181524079421,0.00021927091666674932,2.4424326419830322,0.06358856583335727,COMPLETE
129,4.915,2025-06-12 21:59:45.420929,2025-06-12 21:59:48.379269,0 days 00:00:02.958340,12,0.9506841459585813,0.0316809274732594,0.9595292563971916,0.03920036685189338,321,1298385,4.915,2.330295045697003,0.41050000000000003,0.16642791232242266,320.0,4,7.699999999999999,"[0.438, 0.332]",1298385,"[4.38, 3.3200000000000003]",0.00854504331946373,2.7344138622283936,3.3000000000000007,"[0.33, 1.1102230246251566e-17]",1299385,"[3.3000000000000003, 1.1102230246251565e-16]",0.008414925634860992,2.6927762031555176,6.64,"[0.663, 0.001000000000000012]",1300385,"[6.630000000000001, 0.01000000000000012]",0.008046278357505798,2.5748090744018555,2.0200000000000005,"[0.21100000000000002, -0.008999999999999985]",1301385,"[2.1100000000000003, -0.08999999999999986]",0.008696485310792923,2.7828752994537354,WelfareSolutionConcept,4.105,1.6642791232242267,0.008425683155655861,0.0002406472423715161,2.6962186098098755,0.07700711755888509,COMPLETE
130,6.15,2025-06-12 21:59:48.394396,2025-06-12 21:59:50.690332,0 days 00:00:02.295936,11,0.9180935831666035,0.06809956325754497,0.9167427192183492,0.0003176051775371584,271,1308388,6.15,1.6205554603283405,0.5539999999999999,0.20260306019406515,270.0,4,8.85,"[0.8779999999999999, 0.007000000000000006]",1308388,"[8.78, 0.07000000000000006]",0.007741338235360605,2.0901613235473633,5.670000000000001,"[0.558, 0.009000000000000006]",1309388,"[5.58, 0.09000000000000007]",0.007755178875393337,2.093898296356201,5.55,"[0.442, 0.11300000000000002]",1310388,"[4.42, 1.1300000000000001]",0.00785841941833496,2.1217732429504395,4.529999999999999,"[0.33799999999999997, 0.11499999999999996]",1311388,"[3.38, 1.1499999999999997]",0.007388401031494141,1.994868278503418,WelfareSolutionConcept,5.54,2.0260306019406515,0.007685834390145761,0.00017758204389924591,2.0751752853393555,0.04794715185279645,COMPLETE
131,4.067500000000001,2025-06-12 21:59:51.508495,2025-06-12 21:59:54.717333,0 days 00:00:03.208838,14,0.9278547951738407,0.024386046075978,0.9651654833194936,0.06957576484120119,329,1318391,4.067500000000001,2.1027645493492613,0.23175000000000004,0.18456892344054024,320.0,4,6.350000000000001,"[0.542, 0.09300000000000005]",1318391,"[5.42, 0.9300000000000006]",0.008670026063919067,2.7744083404541016,3.9700000000000006,"[0.093, 0.30400000000000005]",1319391,"[0.9299999999999999, 3.0400000000000005]",0.00944812297821045,3.0233993530273438,5.220000000000001,"[0.20100000000000007, 0.32100000000000006]",1320391,"[2.0100000000000007, 3.210000000000001]",0.009407200664281846,3.0103042125701904,0.7300000000000002,"[0.09100000000000005, -0.017999999999999995]",1321391,"[0.9100000000000006, -0.17999999999999994]",0.009330616146326066,2.985797166824341,WelfareSolutionConcept,2.3175,1.8456892344054023,0.009213991463184357,0.0003168781445733098,2.948477268218994,0.10140100626345899,COMPLETE
132,4.797499999999999,2025-06-12 21:59:54.732765,2025-06-12 21:59:57.454577,0 days 00:00:02.721812,15,0.9218029061300888,0.05440196856790703,0.9595111512312106,0.033331354278340886,251,1328394,4.797499999999999,0.4902741579973392,0.4225,0.13677993273868802,250.0,4,5.13,"[0.31399999999999995, 0.19900000000000004]",1328394,"[3.1399999999999997, 1.9900000000000004]",0.009861663818359375,2.4654159545898438,5.06,"[0.6460000000000001, -0.13999999999999996]",1329394,"[6.460000000000001, -1.3999999999999995]",0.009893750190734863,2.473437547683716,5.049999999999999,"[0.30799999999999994, 0.19699999999999995]",1330394,"[3.079999999999999, 1.9699999999999995]",0.009852038383483887,2.4630095958709717,3.9499999999999997,"[0.42200000000000004, -0.02699999999999999]",1331394,"[4.220000000000001, -0.2699999999999999]",0.010205109596252442,2.5512773990631104,WelfareSolutionConcept,4.225,1.36779932738688,0.009953140497207642,0.000146291879088433,2.4882851243019104,0.036572969772108214,COMPLETE
133,5.235,2025-06-12 21:59:57.470562,2025-06-12 22:00:00.942252,0 days 00:00:03.471690,16,0.8988386980669609,0.061783412257177664,0.9558922042757684,0.08716467372220904,349,1338397,5.235,3.3177138212932116,0.449,0.16784963509045828,340.0,4,10.580000000000002,"[0.534, 0.524]",1338397,"[5.34, 5.24]",0.00900513214223525,3.0617449283599854,1.5799999999999996,"[0.193, -0.03500000000000001]",1339397,"[1.9300000000000002, -0.3500000000000001]",0.009470103768741384,3.2198352813720703,3.8100000000000005,"[0.42200000000000004, -0.041]",1340397,"[4.220000000000001, -0.41000000000000003]",0.009596044876996208,3.262655258178711,4.97,"[0.647, -0.14999999999999997]",1341397,"[6.470000000000001, -1.4999999999999996]",0.009706368867088767,3.3001654148101807,WelfareSolutionConcept,4.49,1.6784963509045827,0.009444412413765403,0.0002670396927515195,3.211100220680237,0.09079349553551652,COMPLETE
134,3.944999999999999,2025-06-12 22:00:00.956818,2025-06-12 22:00:05.496529,0 days 00:00:04.539711,19,0.9322867104618702,0.029086175837274186,0.9627198627230046,0.051039709402867936,367,1348401,3.944999999999999,2.4903262838431424,0.43124999999999997,0.09612589401404802,360.0,4,3.3899999999999992,"[0.519, -0.18]",1348401,"[5.19, -1.7999999999999998]",0.011511391401290894,4.144100904464722,7.939999999999998,"[0.5189999999999999, 0.27499999999999997]",1349401,"[5.1899999999999995, 2.7499999999999996]",0.012027156352996827,4.329776287078857,1.0799999999999994,"[0.28800000000000003, -0.18]",1350401,"[2.8800000000000003, -1.7999999999999998]",0.01213446060816447,4.368405818939209,3.3699999999999997,"[0.399, -0.06200000000000002]",1351401,"[3.99, -0.6200000000000002]",0.011505833599302503,4.142100095748901,WelfareSolutionConcept,4.3125,0.9612589401404804,0.011794710490438674,0.0002886090721127467,4.246095776557922,0.10389926596058872,COMPLETE
135,3.6675,2025-06-12 22:00:05.511627,2025-06-12 22:00:08.503159,0 days 00:00:02.991532,13,0.9115348525747251,0.03651743164506607,0.9579740626219492,0.04299797837284618,305,1358405,3.6675,2.248070005582566,0.38149999999999995,0.18528424109999211,300.0,4,5.17,"[0.43499999999999994, 0.08200000000000003]",1358405,"[4.35, 0.8200000000000003]",0.00940813938776652,2.822441816329956,2.0700000000000003,"[0.215, -0.007999999999999983]",1359405,"[2.15, -0.07999999999999982]",0.009011160532633464,2.703348159790039,6.489999999999999,"[0.662, -0.012999999999999984]",1360405,"[6.62, -0.12999999999999984]",0.008494608402252198,2.548382520675659,0.94,"[0.21399999999999997, -0.11999999999999997]",1361405,"[2.1399999999999997, -1.1999999999999997]",0.009253470897674561,2.776041269302368,WelfareSolutionConcept,3.8150000000000004,1.852842410999921,0.009041844805081686,0.0003461815020794076,2.7125534415245056,0.10385445062382233,COMPLETE
136,6.59,2025-06-12 22:00:09.310474,2025-06-12 22:00:11.536134,0 days 00:00:02.225660,12,0.9791810736747788,0.08299963447718922,0.9669290151096545,0.05990823091308357,279,1368409,6.59,2.3157828050143214,0.5765000000000001,0.20928150897774037,270.0,4,6.58,"[0.33, 0.328]",1368409,"[3.3000000000000003, 3.2800000000000002]",0.0074023591147528755,1.9986369609832764,9.87,"[0.8760000000000001, 0.11100000000000003]",1369409,"[8.760000000000002, 1.1100000000000003]",0.006977769180580422,1.8839976787567139,6.590000000000001,"[0.658, 0.001000000000000012]",1370409,"[6.58, 0.01000000000000012]",0.0070120290473655415,1.8932478427886963,3.3200000000000003,"[0.442, -0.10999999999999999]",1371409,"[4.42, -1.0999999999999999]",0.0076141207306473346,2.0558125972747803,WelfareSolutionConcept,5.765000000000001,2.0928150897774036,0.007251569518336543,0.00026764115253628324,1.9579237699508667,0.07226311118479646,COMPLETE
137,6.557499999999999,2025-06-12 22:00:11.552920,2025-06-12 22:00:13.486164,0 days 00:00:01.933244,10,0.9771116162995183,0.08834151600309643,0.9750763594105667,0.05798338054243526,281,1378411,6.557499999999999,2.9906635969296174,0.50325,0.2898252706373273,280.0,4,7.91,"[0.666, 0.12499999999999997]",1378411,"[6.66, 1.2499999999999998]",0.006122793470110212,1.7143821716308594,8.959999999999999,"[0.8790000000000001, 0.01700000000000001]",1379411,"[8.790000000000001, 0.17000000000000012]",0.006174967118671962,1.7289907932281494,1.4300000000000004,"[0.12599999999999997, 0.017000000000000022]",1380411,"[1.2599999999999998, 0.1700000000000002]",0.006272654022489275,1.756343126296997,7.930000000000001,"[0.342, 0.45100000000000007]",1381411,"[3.4200000000000004, 4.510000000000001]",0.0058677818093981066,1.6429789066314697,WelfareSolutionConcept,5.032500000000001,2.898252706373273,0.006109549105167389,0.00014959074925592337,1.710673749446869,0.04188540979165861,COMPLETE
138,6.802499999999999,2025-06-12 22:00:13.502735,2025-06-12 22:00:15.406240,0 days 00:00:01.903505,10,0.977959629529875,0.0902248344628055,0.9750336640804337,0.05950364631970528,275,1388413,6.802499999999999,2.633299973417385,0.6077499999999999,0.24632739900384612,270.0,4,4.6499999999999995,"[0.33799999999999997, 0.12699999999999997]",1388413,"[3.38, 1.2699999999999998]",0.006019669991952401,1.6253108978271484,11.09,"[0.982, 0.127]",1389413,"[9.82, 1.27]",0.005676439073350695,1.5326385498046875,6.840000000000001,"[0.666, 0.018000000000000013]",1390413,"[6.66, 0.18000000000000013]",0.006129942116913972,1.6550843715667725,4.63,"[0.445, 0.018000000000000016]",1391413,"[4.45, 0.18000000000000016]",0.006006437760812265,1.6217381954193115,WelfareSolutionConcept,6.0775,2.463273990038461,0.005958122235757333,0.00016955087127324604,1.60869300365448,0.04577873524377648,COMPLETE
139,3.8499999999999996,2025-06-12 22:00:15.421142,2025-06-12 22:00:17.670616,0 days 00:00:02.249474,10,0.9821358589701151,0.08847321483590455,0.9737686929474608,0.058140477460213204,281,1398415,3.8499999999999996,2.6864753860774533,0.3137500000000001,0.24486054704668125,280.0,4,0.34,"[-0.08999999999999998, 0.124]",1398415,"[-0.8999999999999998, 1.24]",0.007089126961571829,1.9849555492401123,3.5899999999999994,"[0.3430000000000001, 0.01600000000000002]",1399415,"[3.4300000000000006, 0.1600000000000002]",0.007377372469220843,2.065664291381836,3.57,"[0.44700000000000006, -0.08999999999999998]",1400415,"[4.470000000000001, -0.8999999999999998]",0.006688989060265677,1.8729169368743896,7.9,"[0.555, 0.23500000000000004]",1401415,"[5.550000000000001, 2.3500000000000005]",0.006732425519398281,1.8850791454315186,WelfareSolutionConcept,3.1375000000000006,2.4486054704668128,0.006971978502614158,0.00028086326114569953,1.9521539807319641,0.07864171312079586,COMPLETE
140,4.954999999999999,2025-06-12 22:00:17.686674,2025-06-12 22:00:19.902816,0 days 00:00:02.216142,10,0.9996466211386401,0.09290767429055828,0.9755215366984217,0.07574043334650794,290,1408417,4.954999999999999,2.438508765618857,0.34325,0.200584614315256,290.0,4,2.5599999999999996,"[0.23700000000000002, 0.019000000000000024]",1408417,"[2.37, 0.19000000000000022]",0.006984440211592049,2.0254876613616943,8.98,"[0.664, 0.23399999999999999]",1409417,"[6.640000000000001, 2.34]",0.007068042919553559,2.0497324466705322,3.63,"[0.34500000000000003, 0.018000000000000023]",1410417,"[3.45, 0.18000000000000022]",0.007083662625016837,2.054262161254883,4.6499999999999995,"[0.12699999999999997, 0.33799999999999997]",1411417,"[1.2699999999999998, 3.38]",0.007005436667080583,2.031576633453369,WelfareSolutionConcept,3.4325,2.00584614315256,0.007035395605810757,4.1501633845799694e-05,2.0402647256851196,0.012035473815281904,COMPLETE
141,4.8,2025-06-12 22:00:20.567238,2025-06-12 22:00:23.180975,0 days 00:00:02.613737,11,0.9656513200676385,0.08353897758278361,0.9683531403661355,0.050312723115638336,276,1418420,4.8,1.7768933563948066,0.47125,0.11788633296527641,270.0,4,3.4,"[0.33299999999999996, 0.0070000000000000045]",1418420,"[3.3299999999999996, 0.07000000000000005]",0.007297126452128092,1.970224142074585,4.569999999999999,"[0.44700000000000006, 0.010000000000000007]",1419420,"[4.470000000000001, 0.10000000000000007]",0.009072418566103335,2.4495530128479004,7.7700000000000005,"[0.6590000000000001, 0.118]",1420420,"[6.590000000000002, 1.18]",0.007030713999712909,1.8982927799224854,3.4599999999999995,"[0.446, -0.09999999999999999]",1421420,"[4.46, -0.9999999999999999]",0.00693177823667173,1.8715801239013672,WelfareSolutionConcept,4.7125,1.1788633296527642,0.007583009313654016,0.0008702299927640829,2.0474125146865845,0.2349620980463024,COMPLETE
142,8.1575,2025-06-12 22:00:23.196294,2025-06-12 22:00:26.346970,0 days 00:00:03.150676,12,0.9742462287754051,0.09949969874530963,0.9776835888865409,0.05764889670402432,285,1428423,8.1575,1.9923274705730487,0.6279999999999999,0.19611093799173976,280.0,4,8.729999999999999,"[0.6529999999999999, 0.22000000000000003]",1428423,"[6.529999999999999, 2.2]",0.008041781187057496,2.2516987323760986,5.42,"[0.33, 0.21200000000000002]",1429423,"[3.3000000000000003, 2.12]",0.01053793260029384,2.9506211280822754,7.55,"[0.6479999999999999, 0.10700000000000001]",1430423,"[6.479999999999999, 1.07]",0.010620072058268955,2.9736201763153076,10.930000000000001,"[0.881, 0.21200000000000005]",1431423,"[8.81, 2.1200000000000006]",0.008069734913962227,2.259525775909424,WelfareSolutionConcept,6.279999999999999,1.9611093799173975,0.009317380189895629,0.0012619950317904825,2.6088664531707764,0.3533586089013352,COMPLETE
143,5.979999999999999,2025-06-12 22:00:26.364209,2025-06-12 22:00:29.628769,0 days 00:00:03.264560,12,0.979339899205049,0.10176856350722785,0.9784605889445667,0.09257242851597565,283,1438426,5.979999999999999,2.349287125917136,0.4645,0.19345089816281547,280.0,4,6.51,"[0.653, -0.0019999999999999905]",1438426,"[6.53, -0.019999999999999907]",0.01081950238772801,3.0294606685638428,6.55,"[0.655, 1.1102230246251566e-17]",1439426,"[6.550000000000001, 1.1102230246251565e-16]",0.00821722149848938,2.3008220195770264,2.2,"[0.22000000000000006, 1.1102230246251566e-17]",1440426,"[2.2000000000000006, 1.1102230246251565e-16]",0.011016660928726196,3.084665060043335,8.659999999999998,"[0.33, 0.5359999999999999]",1441426,"[3.3000000000000003, 5.359999999999999]",0.007952448299952916,2.2266855239868164,WelfareSolutionConcept,4.6450000000000005,1.9345089816281547,0.009501458278724126,0.0014214231746645357,2.660408318042755,0.39799848890607004,COMPLETE
144,3.8425000000000002,2025-06-12 22:00:29.647688,2025-06-12 22:00:32.872603,0 days 00:00:03.224915,12,0.9908091706649615,0.09316324151898879,0.9723850205508642,0.05806753551892873,299,1448429,3.8425000000000002,1.617642961224757,0.46699999999999997,0.11702136557056574,290.0,4,3.33,"[0.44300000000000006, -0.10999999999999999]",1448429,"[4.430000000000001, -1.0999999999999999]",0.007807178332887847,2.2640817165374756,6.540000000000001,"[0.6549999999999999, -0.0009999999999999898]",1449429,"[6.549999999999999, -0.009999999999999898]",0.010292994564977186,2.984968423843384,3.2700000000000005,"[0.437, -0.10999999999999999]",1450429,"[4.37, -1.0999999999999999]",0.0077097309046778185,2.2358219623565674,2.2300000000000004,"[0.333, -0.10999999999999999]",1451429,"[3.33, -1.0999999999999999]",0.010504460334777832,3.0462934970855713,WelfareSolutionConcept,4.67,1.1702136557056573,0.009078591034330171,0.001322700600017608,2.6327913999557495,0.3835831740051063,COMPLETE
