number,value,datetime_start,datetime_complete,duration,params_episode_length,params_epsilon_max,params_epsilon_min,params_gamma,params_learning_rate,params_num_episodes,user_attrs_base_seed,user_attrs_collective_reward_mean,user_attrs_collective_reward_std,user_attrs_individual_reward_agent0_mean,user_attrs_individual_reward_agent0_std,user_attrs_num_episodes_mean,user_attrs_num_parallel_runs,user_attrs_run_0_collective_reward,user_attrs_run_0_individual_rewards,user_attrs_run_0_seed,user_attrs_run_0_total_individual_rewards,user_attrs_run_0_training_time_per_episode,user_attrs_run_0_training_time_total,user_attrs_run_1_collective_reward,user_attrs_run_1_individual_rewards,user_attrs_run_1_seed,user_attrs_run_1_total_individual_rewards,user_attrs_run_1_training_time_per_episode,user_attrs_run_1_training_time_total,user_attrs_run_2_collective_reward,user_attrs_run_2_individual_rewards,user_attrs_run_2_seed,user_attrs_run_2_total_individual_rewards,user_attrs_run_2_training_time_per_episode,user_attrs_run_2_training_time_total,user_attrs_run_3_collective_reward,user_attrs_run_3_individual_rewards,user_attrs_run_3_seed,user_attrs_run_3_total_individual_rewards,user_attrs_run_3_training_time_per_episode,user_attrs_run_3_training_time_total,user_attrs_solution_concept,user_attrs_total_individual_reward_agent0_mean,user_attrs_total_individual_reward_agent0_std,user_attrs_training_time_per_episode_mean,user_attrs_training_time_per_episode_std,user_attrs_training_time_total_mean,user_attrs_training_time_total_std,state
213,8.124999999999998,2025-06-12 18:36:58.440570,2025-06-12 18:37:26.379941,0 days 00:00:27.939371,34,0.5465658239603471,0.13371768394482642,0.916181096398195,0.00075431362802429,492,2136218,8.124999999999998,1.0422691590947133,0.685,0.09739866528859628,490.0,4,7.649999999999999,"[0.8380000000000001, -0.0730000000000001]",2136218,"[8.38, -0.7300000000000011]",0.0556883023709667,27.28726816177368,6.949999999999998,"[0.6679999999999999, 0.026999999999999906]",2137218,"[6.68, 0.2699999999999991]",0.05663764574089829,27.75244641304016,9.78,"[0.567, 0.4109999999999999]",2138218,"[5.67, 4.109999999999999]",0.056587248918961504,27.727751970291138,8.119999999999997,"[0.667, 0.14499999999999993]",2139218,"[6.67, 1.4499999999999993]",0.05208335020104233,25.520841598510742,ParetoSolutionConcept,6.85,0.9739866528859626,0.055249136807967204,0.0018663850293233046,27.07207703590393,0.9145286643684191,COMPLETE
214,8.9575,2025-06-12 18:37:26.394294,2025-06-12 18:37:47.517422,0 days 00:00:21.123128,34,0.5801559385466885,0.1486213211465779,0.9023905262294171,0.008609415378717037,357,2146246,8.9575,2.949570943374647,0.83,0.1562225975971466,350.0,4,12.860000000000001,"[0.85, 0.43599999999999994]",2146246,"[8.5, 4.359999999999999]",0.05105298451014927,17.868544578552246,8.75,"[0.9559999999999998, -0.08100000000000009]",2147246,"[9.559999999999999, -0.8100000000000008]",0.05569394656590053,19.492881298065186,4.589999999999999,"[0.569, -0.1100000000000001]",2148246,"[5.6899999999999995, -1.100000000000001]",0.05980806691305978,20.932823419570923,9.629999999999999,"[0.945, 0.017999999999999898]",2149246,"[9.45, 0.179999999999999]",0.05259273597172329,18.40745759010315,ParetoSolutionConcept,8.3,1.562225975971466,0.05478693349020822,0.003346316306977067,19.175426721572876,1.1712107074419733,COMPLETE
215,9.474999999999998,2025-06-12 18:37:47.532212,2025-06-12 18:38:17.682501,0 days 00:00:30.150289,38,0.5303651265062659,0.13787575271915606,0.917654810330806,0.0010294021932023805,484,2156267,9.474999999999998,2.4138403012627,0.8025,0.15329302006288478,480.0,4,12.81,"[0.9120000000000001, 0.36899999999999994]",2156267,"[9.120000000000001, 3.6899999999999995]",0.05911248028278351,28.373990535736084,10.489999999999997,"[0.9279999999999999, 0.12099999999999991]",2157267,"[9.28, 1.209999999999999]",0.06224332451820373,29.876795768737793,8.219999999999999,"[0.8239999999999998, -0.0020000000000001184]",2158267,"[8.239999999999998, -0.020000000000001183]",0.0623222291469574,29.91466999053955,6.379999999999997,"[0.546, 0.09199999999999989]",2159267,"[5.460000000000001, 0.9199999999999988]",0.05766759862502416,27.680447340011597,ParetoSolutionConcept,8.024999999999999,1.5329302006288477,0.0603364081432422,0.002012483464033374,28.961475908756256,0.9659920627360196,COMPLETE
216,9.344999999999999,2025-06-12 18:38:18.737401,2025-06-12 18:38:44.563470,0 days 00:00:25.826069,35,0.8075411967506267,0.17669243648881125,0.942920160385477,0.0058965183499637,468,2166298,9.344999999999999,1.4736773731044392,0.90275,0.042657795301679596,460.0,4,10.51,"[0.9129999999999999, 0.13799999999999996]",2166298,"[9.129999999999999, 1.3799999999999994]",0.054933574925298274,25.269444465637207,8.299999999999999,"[0.9199999999999999, -0.09000000000000011]",2167298,"[9.2, -0.900000000000001]",0.05571434446003126,25.62859845161438,7.519999999999999,"[0.8320000000000001, -0.08000000000000011]",2168298,"[8.32, -0.8000000000000012]",0.053070353425067406,24.412362575531006,11.049999999999999,"[0.9460000000000001, 0.15899999999999992]",2169298,"[9.46, 1.5899999999999992]",0.055645157461581024,25.59677243232727,ParetoSolutionConcept,9.0275,0.4265779530167962,0.05484085756799449,0.0010669066381191394,25.226794481277466,0.49077705353480416,COMPLETE
217,8.07,2025-06-12 18:38:44.578449,2025-06-12 18:39:12.899368,0 days 00:00:28.320919,30,0.547643125447437,0.12925538188906285,0.9466903237659412,0.007330828264588581,500,2176324,8.07,1.4007319515167767,0.70075,0.24602273777031264,500.0,4,6.8100000000000005,"[0.354, 0.32699999999999996]",2176324,"[3.54, 3.2699999999999996]",0.04532248497009277,22.661242485046387,6.66,"[0.583, 0.08299999999999992]",2177324,"[5.83, 0.8299999999999992]",0.048584801673889164,24.29240083694458,9.999999999999998,"[0.925, 0.07499999999999993]",2178324,"[9.25, 0.7499999999999993]",0.05627191925048828,28.13595962524414,8.809999999999999,"[0.9410000000000001, -0.060000000000000074]",2179324,"[9.41, -0.6000000000000008]",0.044133708000183104,22.066854000091553,ParetoSolutionConcept,7.0075,2.4602273777031263,0.048578228473663325,0.004731451917133611,24.289114236831665,2.3657259585668053,COMPLETE
218,7.852499999999999,2025-06-12 18:39:12.914540,2025-06-12 18:39:39.668501,0 days 00:00:26.753961,33,0.5582813471414579,0.11824465733591301,0.915161975974805,0.00969030046468109,491,2186352,7.852499999999999,3.304938539519306,0.79475,0.15470354714743945,490.0,4,8.73,"[0.8149999999999998, 0.05799999999999992]",2186352,"[8.149999999999999, 0.5799999999999992]",0.052379105529006646,25.665761709213257,3.509999999999999,"[0.5449999999999999, -0.1940000000000001]",2187352,"[5.449999999999999, -1.9400000000000008]",0.05422919429078394,26.57230520248413,6.579999999999999,"[0.852, -0.19400000000000012]",2188352,"[8.52, -1.9400000000000013]",0.04895341201704376,23.98717188835144,12.590000000000002,"[0.9670000000000002, 0.2919999999999999]",2189352,"[9.670000000000002, 2.919999999999999]",0.048591456121327925,23.809813499450684,ParetoSolutionConcept,7.9475,1.5470354714743944,0.05103829198954057,0.0023618514299901475,25.008763074874878,1.1573072006951726,COMPLETE
219,11.16,2025-06-12 18:39:39.683396,2025-06-12 18:40:07.138397,0 days 00:00:27.455001,36,0.5758063517162678,0.14544582425666458,0.9120443348059495,0.00816715277532888,477,2196379,11.16,2.6437757090948555,0.83725,0.17476752415709276,470.0,4,7.899999999999999,"[0.5539999999999999, 0.2359999999999999]",2196379,"[5.539999999999999, 2.359999999999999]",0.058019120135205854,27.268986463546753,15.21,"[0.982, 0.5389999999999999]",2197379,"[9.82, 5.389999999999999]",0.0438584769025762,20.613484144210815,11.32,"[0.8310000000000001, 0.30099999999999993]",2198379,"[8.31, 3.0099999999999993]",0.05212879383817632,24.50053310394287,10.209999999999999,"[0.982, 0.038999999999999896]",2199379,"[9.82, 0.38999999999999896]",0.05090856856488167,23.927027225494385,ParetoSolutionConcept,8.3725,1.7476752415709278,0.05122873986021001,0.005033454260379418,24.077507734298706,2.3657235023783274,COMPLETE
220,8.9775,2025-06-12 18:40:07.152955,2025-06-12 18:40:33.583491,0 days 00:00:26.430536,36,0.6000076863754401,0.1455696256295015,0.9112768034267992,0.007954114069892645,457,2206407,8.9775,5.258556717389289,0.6922499999999999,0.26973540275610836,450.0,4,7.439999999999998,"[0.583, 0.16099999999999995]",2206407,"[5.83, 1.6099999999999994]",0.0489196326997545,22.013834714889526,2.159999999999999,"[0.30199999999999994, -0.08600000000000012]",2207407,"[3.0199999999999996, -0.8600000000000012]",0.058195264604356554,26.18786907196045,16.82,"[0.9739999999999999, 0.708]",2208407,"[9.739999999999998, 7.08]",0.04981693903605143,22.417622566223145,9.489999999999998,"[0.9099999999999999, 0.03899999999999988]",2209407,"[9.1, 0.3899999999999988]",0.054732139905293783,24.629462957382202,ParetoSolutionConcept,6.922499999999999,2.6973540275610834,0.052915994061364074,0.0037664349647582107,23.81219732761383,1.6948957341411943,COMPLETE
221,10.624999999999998,2025-06-12 18:40:34.786004,2025-06-12 18:41:00.424560,0 days 00:00:25.638556,37,0.5786931961176759,0.1510647809788755,0.9143216372051494,0.010464831637537388,478,2216434,10.624999999999998,1.9326730194215473,0.7042499999999999,0.15111812432663396,470.0,4,11.25,"[0.833, 0.2919999999999999]",2216434,"[8.33, 2.919999999999999]",0.054123382872723516,25.437989950180054,12.839999999999998,"[0.72, 0.564]",2217434,"[7.199999999999999, 5.64]",0.04341117524086161,20.403252363204956,7.529999999999998,"[0.45299999999999996, 0.29999999999999993]",2218434,"[4.529999999999999, 2.999999999999999]",0.04709573248599438,22.13499426841736,10.879999999999999,"[0.8109999999999999, 0.27699999999999986]",2219434,"[8.11, 2.7699999999999987]",0.050358787496039205,23.668630123138428,ParetoSolutionConcept,7.0424999999999995,1.5111812432663398,0.04874726952390468,0.00395920009910383,22.9112166762352,1.8608240465788008,COMPLETE
222,9.495000000000001,2025-06-12 18:41:00.439426,2025-06-12 18:41:30.192285,0 days 00:00:29.752859,37,0.5734110662010786,0.1503692000013506,0.9135804692766974,0.010020108708892306,474,2226460,9.495000000000001,1.8853845761541599,0.82925,0.08883798455615706,470.0,4,6.92,"[0.8180000000000002, -0.1260000000000001]",2226460,"[8.180000000000001, -1.2600000000000011]",0.06280905845317435,29.520257472991943,11.280000000000001,"[0.7130000000000001, 0.4149999999999999]",2227460,"[7.130000000000001, 4.1499999999999995]",0.05321539767245029,25.011236906051636,11.319999999999999,"[0.9630000000000001, 0.1689999999999999]",2228460,"[9.63, 1.689999999999999]",0.06111018201138111,28.72178554534912,8.459999999999997,"[0.8230000000000001, 0.02299999999999988]",2229460,"[8.23, 0.22999999999999882]",0.059838740876380435,28.124208211898804,ParetoSolutionConcept,8.2925,0.8883798455615707,0.05924334475334655,0.003636276876508965,27.844372034072876,1.7090501319592133,COMPLETE
223,5.6549999999999985,2025-06-12 18:41:30.207959,2025-06-12 18:41:55.297801,0 days 00:00:25.089842,38,0.5827956815924412,0.1626273208156487,0.9087462179812276,0.008726007530540055,366,2236490,5.6549999999999985,3.190693498285287,0.6295,0.07015874856352561,360.0,4,3.109999999999998,"[0.681, -0.37000000000000016]",2236490,"[6.8100000000000005, -3.7000000000000015]",0.0661836736732059,23.826122522354126,10.54,"[0.688, 0.3659999999999999]",2237490,"[6.879999999999999, 3.659999999999999]",0.0639611025651296,23.025996923446655,2.5299999999999985,"[0.5129999999999999, -0.2600000000000001]",2238490,"[5.129999999999999, -2.6000000000000014]",0.06902653641170925,24.849553108215332,6.439999999999998,"[0.6359999999999999, 0.007999999999999891]",2239490,"[6.359999999999999, 0.0799999999999989]",0.0661484440167745,23.81343984603882,ParetoSolutionConcept,6.295,0.7015874856352559,0.06632993916670482,0.0017984269258691482,23.878778100013733,0.6474336933128947,COMPLETE
224,9.445,2025-06-12 18:41:55.312464,2025-06-12 18:42:22.469579,0 days 00:00:27.157115,36,0.5883513729174,0.15756754939892234,0.9115223084279921,0.011104297074475983,478,2246515,9.445,2.250094442462361,0.83175,0.008870597499605006,470.0,4,11.28,"[0.836, 0.2919999999999999]",2246515,"[8.36, 2.919999999999999]",0.05448612405898723,25.608478307724,12.07,"[0.8290000000000001, 0.378]",2247515,"[8.290000000000001, 3.7800000000000002]",0.05112939844740198,24.03081727027893,7.369999999999999,"[0.843, -0.10600000000000012]",2248515,"[8.43, -1.0600000000000012]",0.05369783360907372,25.23798179626465,7.06,"[0.8190000000000002, -0.11300000000000013]",2249515,"[8.190000000000001, -1.1300000000000012]",0.05739152228578608,26.974015474319458,ParetoSolutionConcept,8.317499999999999,0.08870597499605017,0.054176219600312256,0.0022330575690718652,25.46282321214676,1.0495370574637768,COMPLETE
225,7.034999999999999,2025-06-12 18:42:22.484279,2025-06-12 18:42:42.031849,0 days 00:00:19.547570,20,0.6458040070179124,0.1535042757388727,0.9562269460458367,0.006637304963765134,461,2256542,7.034999999999999,1.9357879532634767,0.6960000000000001,0.1215174884533086,460.0,4,8.999999999999998,"[0.738, 0.16199999999999998]",2256542,"[7.38, 1.6199999999999997]",0.04090661587922469,18.81704330444336,8.48,"[0.819, 0.02899999999999996]",2257542,"[8.19, 0.2899999999999996]",0.04013053178787231,18.460044622421265,6.6,"[0.7329999999999999, -0.07300000000000004]",2258542,"[7.329999999999998, -0.7300000000000004]",0.040155585952427075,18.471569538116455,4.059999999999999,"[0.49400000000000005, -0.08800000000000004]",2259542,"[4.94, -0.8800000000000003]",0.042089679966802185,19.361252784729004,ParetoSolutionConcept,6.96,1.215174884533086,0.04082060339658157,0.0007963040428174578,18.77747756242752,0.36629985969602996,COMPLETE
226,10.534999999999998,2025-06-12 18:42:43.091201,2025-06-12 18:43:11.410604,0 days 00:00:28.319403,39,0.820041372772015,0.14183029884979034,0.9452837052051888,0.0073121459325598765,468,2266563,10.534999999999998,1.6890307871675991,0.85,0.11075423242477019,460.0,4,12.279999999999998,"[0.7009999999999998, 0.5269999999999999]",2266563,"[7.009999999999998, 5.27]",0.05962404375490935,27.4270601272583,7.759999999999998,"[0.788, -0.012000000000000089]",2267563,"[7.880000000000001, -0.12000000000000088]",0.06113175205562426,28.120605945587158,10.79,"[0.9360000000000002, 0.14299999999999988]",2268563,"[9.360000000000001, 1.4299999999999988]",0.054174200866533365,24.920132398605347,11.309999999999997,"[0.975, 0.15599999999999992]",2269563,"[9.75, 1.5599999999999992]",0.05896485940269802,27.12383532524109,ParetoSolutionConcept,8.5,1.1075423242477018,0.05847371401994125,0.002603625445490388,26.897908449172974,1.1976677049255786,COMPLETE
227,7.344999999999999,2025-06-12 18:43:11.426095,2025-06-12 18:43:41.231139,0 days 00:00:29.805044,39,0.8243118910255327,0.1448465228916106,0.9443549710855287,0.005007513309786142,467,2276591,7.344999999999999,2.9013229740930253,0.744,0.14936699769360032,460.0,4,11.429999999999996,"[0.932, 0.21099999999999994]",2276591,"[9.32, 2.1099999999999994]",0.06174592349840247,28.403124809265137,3.7899999999999983,"[0.533, -0.15400000000000014]",2277591,"[5.33, -1.5400000000000014]",0.06436649198117464,29.608586311340332,5.629999999999998,"[0.688, -0.12500000000000017]",2278591,"[6.879999999999999, -1.2500000000000018]",0.06422105353811512,29.54168462753296,8.53,"[0.8230000000000001, 0.029999999999999888]",2279591,"[8.23, 0.2999999999999989]",0.05694295427073603,26.193758964538574,ParetoSolutionConcept,7.44,1.4936699769360033,0.06181910582210706,0.0030016969649802406,28.43678867816925,1.38078060389091,COMPLETE
228,8.097499999999998,2025-06-12 18:43:41.247041,2025-06-12 18:44:12.534562,0 days 00:00:31.287521,40,0.8119999486749334,0.14945194397655945,0.9851542446448833,0.006860453133689042,479,2286621,8.097499999999998,2.316596371835198,0.8464999999999999,0.11853375046795743,470.0,4,5.84,"[0.974, -0.3900000000000002]",2286621,"[9.74, -3.9000000000000017]",0.05558940299013828,26.12701940536499,7.779999999999998,"[0.6629999999999999, 0.11499999999999991]",2287621,"[6.629999999999999, 1.149999999999999]",0.06606454595606377,31.050336599349976,11.93,"[0.9229999999999998, 0.2699999999999999]",2288621,"[9.229999999999999, 2.6999999999999993]",0.054782018255680166,25.747548580169678,6.839999999999998,"[0.826, -0.14200000000000013]",2289621,"[8.26, -1.4200000000000013]",0.0602133553078834,28.3002769947052,ParetoSolutionConcept,8.464999999999998,1.1853375046795747,0.059162330627441403,0.004491608222484927,27.80629539489746,2.111055864567917,COMPLETE
229,8.407499999999999,2025-06-12 18:44:12.549371,2025-06-12 18:44:42.317738,0 days 00:00:29.768367,39,0.8215619691411131,0.14252653444732905,0.906448023070962,0.005905090747540995,470,2296652,8.407499999999999,2.0993138760080634,0.7434999999999999,0.15227360243981886,470.0,4,5.169999999999998,"[0.65, -0.13300000000000015]",2296652,"[6.5, -1.3300000000000014]",0.0628391960833935,29.534422159194946,8.03,"[0.5489999999999999, 0.2539999999999999]",2297652,"[5.489999999999999, 2.539999999999999]",0.06055611752449198,28.46137523651123,9.729999999999999,"[0.8390000000000001, 0.1339999999999999]",2298652,"[8.39, 1.339999999999999]",0.058211573641350926,27.359439611434937,10.699999999999998,"[0.9359999999999999, 0.1339999999999999]",2299652,"[9.36, 1.339999999999999]",0.0601164883755623,28.254749536514282,ParetoSolutionConcept,7.435,1.5227360243981884,0.060430843906199676,0.0016461951279327753,28.40249663591385,0.7737117101284043,COMPLETE
230,11.9125,2025-06-12 18:44:42.332361,2025-06-12 18:45:08.206928,0 days 00:00:25.874567,37,0.8343145039552748,0.10723515566534537,0.9498031523441739,0.011971020044109756,452,2306682,11.9125,1.2902591793899403,0.85725,0.10305914563977335,450.0,4,11.329999999999998,"[0.7119999999999999, 0.42099999999999993]",2306682,"[7.119999999999998, 4.209999999999999]",0.05707754188113742,25.68489384651184,13.540000000000001,"[0.9410000000000001, 0.4129999999999999]",2307682,"[9.41, 4.129999999999999]",0.052009667290581596,23.40435028076172,12.639999999999999,"[0.967, 0.29699999999999993]",2308682,"[9.67, 2.9699999999999993]",0.05240453561147054,23.582041025161743,10.139999999999999,"[0.8089999999999998, 0.2049999999999999]",2309682,"[8.089999999999998, 2.049999999999999]",0.05611410511864556,25.251347303390503,ParetoSolutionConcept,8.572499999999998,1.0305914563977336,0.05440146247545878,0.00222502510745827,24.48065811395645,1.0012612983562217,COMPLETE
231,9.212499999999999,2025-06-12 18:45:09.318500,2025-06-12 18:45:35.454278,0 days 00:00:26.135778,37,0.847499624667326,0.10719661394357197,0.9500057922294418,0.012203635468789796,455,2316709,9.212499999999999,1.3842574724378414,0.9030000000000001,0.07666485505105977,450.0,4,11.069999999999999,"[0.849, 0.2579999999999999]",2316709,"[8.49, 2.579999999999999]",0.057642256948682996,25.93901562690735,8.2,"[0.807, 0.012999999999999878]",2317709,"[8.07, 0.12999999999999878]",0.05260552088419596,23.672484397888184,7.599999999999998,"[0.9860000000000001, -0.22600000000000012]",2318709,"[9.860000000000001, -2.260000000000001]",0.04517592642042372,20.329166889190674,9.98,"[0.9700000000000001, 0.027999999999999893]",2319709,"[9.700000000000001, 0.2799999999999989]",0.046962959501478406,21.133331775665283,ParetoSolutionConcept,9.030000000000001,0.7666485505105978,0.05059666593869527,0.00490571325774613,22.768499672412872,2.207570965985759,COMPLETE
232,10.009999999999998,2025-06-12 18:45:35.468960,2025-06-12 18:46:02.399372,0 days 00:00:26.930412,38,0.7944891417303398,0.10118544396026248,0.948480637127511,0.009410978469939636,440,2326735,10.009999999999998,0.7311976476986222,0.7919999999999998,0.14559361249725206,440.0,4,9.0,"[0.8229999999999998, 0.07699999999999992]",2326735,"[8.229999999999999, 0.7699999999999991]",0.06077879179607738,26.742668390274048,10.129999999999999,"[0.8539999999999999, 0.15899999999999992]",2327735,"[8.54, 1.5899999999999992]",0.04477647759697654,19.701650142669678,11.049999999999997,"[0.9399999999999998, 0.16499999999999992]",2328735,"[9.399999999999999, 1.6499999999999992]",0.058582487973299895,25.776294708251953,9.86,"[0.5509999999999999, 0.43499999999999994]",2329735,"[5.51, 4.35]",0.05782193704084917,25.441652297973633,ParetoSolutionConcept,7.919999999999998,1.4559361249725205,0.05548992360180075,0.006279973987734407,24.415566384792328,2.7631885546031385,COMPLETE
233,8.4525,2025-06-12 18:46:02.413935,2025-06-12 18:46:31.708838,0 days 00:00:29.294903,36,0.8385358710852128,0.11226745545534424,0.9456702725844388,0.007516181348623875,484,2336762,8.4525,1.060716149589513,0.8724999999999999,0.05040585283476518,480.0,4,8.529999999999998,"[0.9470000000000001, -0.09400000000000011]",2336762,"[9.47, -0.9400000000000011]",0.054390066862106325,26.107232093811035,7.839999999999998,"[0.8889999999999999, -0.10500000000000012]",2337762,"[8.889999999999999, -1.0500000000000012]",0.06063162883122762,29.103181838989258,10.13,"[0.8370000000000001, 0.17599999999999988]",2338762,"[8.370000000000001, 1.759999999999999]",0.05527924448251724,26.534037351608276,7.309999999999999,"[0.8169999999999998, -0.0860000000000001]",2339762,"[8.169999999999998, -0.860000000000001]",0.05824352155129115,27.95689034461975,ParetoSolutionConcept,8.725,0.5040585283476517,0.05713611543178558,0.002471523553826234,27.42533540725708,1.186331305836592,COMPLETE
