number,value,datetime_start,datetime_complete,duration,params_episode_length,params_epsilon_max,params_epsilon_min,params_gamma,params_learning_rate,params_num_episodes,user_attrs_base_seed,user_attrs_collective_reward_mean,user_attrs_collective_reward_std,user_attrs_individual_reward_agent0_mean,user_attrs_individual_reward_agent0_std,user_attrs_num_episodes_mean,user_attrs_num_parallel_runs,user_attrs_run_0_collective_reward,user_attrs_run_0_individual_rewards,user_attrs_run_0_seed,user_attrs_run_0_total_individual_rewards,user_attrs_run_0_training_time_per_episode,user_attrs_run_0_training_time_total,user_attrs_run_1_collective_reward,user_attrs_run_1_individual_rewards,user_attrs_run_1_seed,user_attrs_run_1_total_individual_rewards,user_attrs_run_1_training_time_per_episode,user_attrs_run_1_training_time_total,user_attrs_run_2_collective_reward,user_attrs_run_2_individual_rewards,user_attrs_run_2_seed,user_attrs_run_2_total_individual_rewards,user_attrs_run_2_training_time_per_episode,user_attrs_run_2_training_time_total,user_attrs_run_3_collective_reward,user_attrs_run_3_individual_rewards,user_attrs_run_3_seed,user_attrs_run_3_total_individual_rewards,user_attrs_run_3_training_time_per_episode,user_attrs_run_3_training_time_total,user_attrs_solution_concept,user_attrs_total_individual_reward_agent0_mean,user_attrs_total_individual_reward_agent0_std,user_attrs_training_time_per_episode_mean,user_attrs_training_time_per_episode_std,user_attrs_training_time_total_mean,user_attrs_training_time_total_std,state
40,4.282499999999999,2025-06-12 21:54:14.136057,2025-06-12 21:54:22.255403,0 days 00:00:08.119346,25,0.7720506729200816,0.1594444329142504,0.9820049015066564,0.0005684176128605675,462,408054,4.282499999999999,2.486537502230763,0.42674999999999996,0.20581226275419065,460.0,4,2.589999999999999,"[0.2549999999999999, 0.003999999999999929]",408054,"[2.549999999999999, 0.039999999999999286]",0.016789779455765434,7.7232985496521,6.239999999999999,"[0.742, -0.11800000000000008]",409054,"[7.42, -1.1800000000000008]",0.012355581055516781,5.68356728553772,7.149999999999999,"[0.4779999999999999, 0.23699999999999993]",410054,"[4.779999999999999, 2.369999999999999]",0.012036966759225597,5.537004709243774,1.1499999999999986,"[0.23199999999999993, -0.11700000000000006]",411054,"[2.3199999999999994, -1.1700000000000006]",0.01730695029963618,7.961197137832642,WelfareSolutionConcept,4.267499999999999,2.0581226275419064,0.014622319392535997,0.0024355326501676053,6.726266920566559,1.1203450190770983,COMPLETE
41,2.9024999999999994,2025-06-12 21:54:22.499010,2025-06-12 21:54:30.650164,0 days 00:00:08.151154,27,0.9909077499010425,0.15510336381619422,0.9459547591405433,0.005209661463851411,472,418062,2.9024999999999994,2.082815102211428,0.39524999999999993,0.1637290062878292,470.0,4,4.81,"[0.615, -0.13400000000000006]",418062,"[6.15, -1.3400000000000007]",0.011879046419833568,5.583151817321777,2.2399999999999993,"[0.23699999999999996, -0.013000000000000057]",419062,"[2.3699999999999997, -0.13000000000000056]",0.016816921437040288,7.9039530754089355,4.779999999999999,"[0.491, -0.013000000000000057]",420062,"[4.91, -0.13000000000000056]",0.010719887246476843,5.038347005844116,-0.22000000000000097,"[0.23799999999999985, -0.2600000000000001]",421062,"[2.3799999999999986, -2.6000000000000014]",0.017008760634888993,7.994117498397827,WelfareSolutionConcept,3.9524999999999997,1.637290062878292,0.014106153934559924,0.002837260830196556,6.629892349243164,1.3335125901923814,COMPLETE
42,4.342499999999999,2025-06-12 21:54:30.665960,2025-06-12 21:54:39.864339,0 days 00:00:09.198379,33,0.9995805850389342,0.14749408965251912,0.9367871166830006,0.0063566800870884935,456,428070,4.342499999999999,1.4743367152723288,0.4957499999999999,0.11345786662898254,450.0,4,2.6599999999999993,"[0.46099999999999997, -0.1950000000000001]",428070,"[4.609999999999999, -1.9500000000000008]",0.020072187847561308,9.032484531402588,3.889999999999999,"[0.32499999999999996, 0.06399999999999992]",429070,"[3.2499999999999996, 0.6399999999999992]",0.012697492705451117,5.713871717453003,6.709999999999999,"[0.5959999999999999, 0.07499999999999996]",430070,"[5.959999999999999, 0.7499999999999996]",0.01805826981862386,8.126221418380737,4.109999999999999,"[0.6009999999999999, -0.1900000000000001]",431070,"[6.009999999999999, -1.9000000000000012]",0.013355427318149142,6.009942293167114,WelfareSolutionConcept,4.9575,1.1345786662898256,0.01604584442244636,0.00311091227648525,7.220629990100861,1.399910524418362,COMPLETE
43,4.672499999999999,2025-06-12 21:54:39.878920,2025-06-12 21:54:46.684049,0 days 00:00:06.805129,20,0.962654777843803,0.1348295227578839,0.9276241535831021,0.0022407162079849125,486,438079,4.672499999999999,0.9957754515953885,0.5459999999999999,0.14994498991296779,480.0,4,5.499999999999999,"[0.6279999999999999, -0.07800000000000004]",438079,"[6.279999999999999, -0.7800000000000005]",0.013836171726385753,6.641362428665161,5.609999999999999,"[0.751, -0.19]",439079,"[7.51, -1.9]",0.010103274881839753,4.849571943283081,3.1399999999999992,"[0.40199999999999997, -0.08800000000000005]",440079,"[4.02, -0.8800000000000006]",0.009359224140644074,4.492427587509155,4.4399999999999995,"[0.4029999999999999, 0.04099999999999997]",441079,"[4.029999999999999, 0.4099999999999997]",0.013785842557748158,6.617204427719116,WelfareSolutionConcept,5.459999999999999,1.4994498991296776,0.011771128326654435,0.0020568479885263737,5.650141596794128,0.9872870344926594,COMPLETE
44,2.4424999999999986,2025-06-12 21:54:46.698668,2025-06-12 21:54:56.630097,0 days 00:00:09.931429,38,0.9425806591737915,0.1846565040099469,0.9438506492983656,0.00357194595224956,438,448086,2.4424999999999986,3.0654475611238245,0.30774999999999997,0.2129816600085557,430.0,4,4.789999999999999,"[0.44099999999999995, 0.037999999999999895]",448086,"[4.409999999999999, 0.37999999999999895]",0.02046977309293525,8.802002429962158,-0.5800000000000023,"[0.03799999999999988, -0.09600000000000013]",449086,"[0.3799999999999988, -0.9600000000000013]",0.016661849132803982,7.164595127105713,-0.5900000000000022,"[0.17399999999999993, -0.23300000000000015]",450086,"[1.7399999999999993, -2.3300000000000014]",0.022700993404831997,9.761427164077759,6.149999999999999,"[0.578, 0.03699999999999988]",451086,"[5.779999999999999, 0.3699999999999988]",0.01544592491416044,6.641747713088989,WelfareSolutionConcept,3.0774999999999992,2.1298166000855567,0.018819635136182917,0.00290800010249666,8.092443108558655,1.2504400440735637,COMPLETE
45,3.6875,2025-06-12 21:54:56.644367,2025-06-12 21:54:58.410286,0 days 00:00:01.765919,17,0.973300879480033,0.16825985079532313,0.952586193002873,0.008864015159192763,155,458096,3.6875,2.677810439519572,0.44199999999999995,0.24722560546998365,150.0,4,5.97,"[0.757, -0.15999999999999998]",458096,"[7.57, -1.5999999999999996]",0.009185191790262857,1.3777787685394287,-0.8800000000000004,"[0.07199999999999998, -0.15999999999999998]",459096,"[0.7199999999999998, -1.5999999999999996]",0.009913584391276042,1.4870376586914062,4.82,"[0.4109999999999999, 0.07099999999999998]",460096,"[4.109999999999999, 0.7099999999999997]",0.009763689041137695,1.4645533561706543,4.84,"[0.528, -0.044000000000000004]",461096,"[5.28, -0.44000000000000006]",0.010039183298746744,1.5058774948120117,WelfareSolutionConcept,4.42,2.4722560546998364,0.009725412130355835,0.00032678903119688467,1.4588118195533752,0.04901835467953266,COMPLETE
46,5.649999999999999,2025-06-12 21:54:58.659942,2025-06-12 21:55:03.033225,0 days 00:00:04.373283,24,0.863891695645773,0.10716967909853083,0.9729880152263185,0.014486916757748781,377,468098,5.649999999999999,2.541052931365264,0.5589999999999999,0.24835961829572856,370.0,4,7.549999999999999,"[0.621, 0.13399999999999995]",468098,"[6.21, 1.3399999999999994]",0.011048064360747466,4.0877838134765625,7.419999999999999,"[0.7399999999999999, 0.001999999999999952]",469098,"[7.399999999999999, 0.019999999999999518]",0.010749556567217853,3.9773359298706055,6.299999999999999,"[0.7379999999999999, -0.10800000000000005]",470098,"[7.379999999999999, -1.0800000000000005]",0.01074864928786819,3.9770002365112305,1.3299999999999987,"[0.13699999999999996, -0.004000000000000068]",471098,"[1.3699999999999997, -0.040000000000000674]",0.011303442233317607,4.182273626327515,WelfareSolutionConcept,5.59,2.4835961829572857,0.010962428112287778,0.0002316462163853936,4.056098401546478,0.08570910006259566,COMPLETE
47,4.765,2025-06-12 21:55:03.047912,2025-06-12 21:55:08.859717,0 days 00:00:05.811805,29,0.89677450876041,0.07112499220493974,0.9406316735802596,0.07073950735303902,417,478103,4.765,2.346747749546167,0.511,0.18717772303348498,410.0,4,5.68,"[0.5980000000000001, -0.030000000000000072]",478103,"[5.98, -0.3000000000000007]",0.011952770628580233,4.9006359577178955,1.9899999999999993,"[0.22699999999999987, -0.02800000000000006]",479103,"[2.2699999999999987, -0.2800000000000006]",0.01371432281121975,5.622872352600098,3.27,"[0.48199999999999993, -0.15500000000000008]",480103,"[4.819999999999999, -1.5500000000000007]",0.013322142275368294,5.462078332901001,8.12,"[0.737, 0.07499999999999993]",481103,"[7.37, 0.7499999999999993]",0.013790326583676222,5.654033899307251,WelfareSolutionConcept,5.11,1.87177723033485,0.013194890574711125,0.0007388181178397341,5.409905135631561,0.3029154283142909,COMPLETE
48,3.0524999999999975,2025-06-12 21:55:08.873899,2025-06-12 21:55:15.475518,0 days 00:00:06.601619,41,0.7296020037634656,0.0963723451272979,0.9766745740385853,0.0058718720452878475,337,488108,3.0524999999999975,2.925656977500951,0.3632499999999999,0.2062636359128773,330.0,4,-1.0400000000000027,"[0.018999999999999878, -0.12300000000000015]",488108,"[0.18999999999999878, -1.2300000000000015]",0.016852485049854624,5.561320066452026,5.879999999999998,"[0.5679999999999998, 0.019999999999999886]",489108,"[5.679999999999998, 0.19999999999999885]",0.018123425136912952,5.980730295181274,5.769999999999997,"[0.4299999999999999, 0.14699999999999988]",490108,"[4.299999999999999, 1.4699999999999989]",0.018854670091108843,6.222041130065918,1.5999999999999979,"[0.43599999999999994, -0.2760000000000002]",491108,"[4.359999999999999, -2.760000000000002]",0.019372184348828866,6.392820835113525,WelfareSolutionConcept,3.6324999999999985,2.062636359128773,0.018300691156676322,0.0009465350614507956,6.039228081703186,0.3123565702787623,COMPLETE
49,2.3324999999999982,2025-06-12 21:55:15.491516,2025-06-12 21:55:21.694887,0 days 00:00:06.203371,36,0.5212192845782795,0.049070225042227814,0.9581477567709157,0.027244723781046032,295,498115,2.3324999999999982,2.995508095465609,0.35074999999999995,0.317343957717805,290.0,4,-1.640000000000002,"[-0.0810000000000001, -0.0830000000000001]",498115,"[-0.8100000000000009, -0.830000000000001]",0.020714017440532816,6.007065057754517,6.379999999999998,"[0.585, 0.052999999999999915]",499115,"[5.85, 0.5299999999999991]",0.019398245318182582,5.625491142272949,3.6599999999999975,"[0.7159999999999999, -0.35000000000000014]",500115,"[7.159999999999998, -3.5000000000000013]",0.019143083999896872,5.551494359970093,0.9299999999999983,"[0.18299999999999997, -0.09000000000000011]",501115,"[1.8299999999999996, -0.900000000000001]",0.020849796821331156,6.046441078186035,WelfareSolutionConcept,3.5074999999999994,3.17343957717805,0.020026285894985858,0.0007625000783853511,5.807622909545898,0.22112502273175172,COMPLETE
50,2.3875,2025-06-12 21:55:21.709089,2025-06-12 21:55:27.263646,0 days 00:00:05.554557,26,0.9400151554146282,0.187230550416397,0.9636741419563286,0.008489620360277516,457,508121,2.3875,1.6941129684882297,0.334,0.09741149829460585,450.0,4,-0.05000000000000082,"[0.24499999999999997, -0.25000000000000006]",508121,"[2.4499999999999997, -2.5000000000000004]",0.01192403581407335,5.365816116333008,4.74,"[0.479, -0.005000000000000055]",509121,"[4.79, -0.050000000000000544]",0.011597239176432291,5.218757629394531,2.41,"[0.367, -0.12600000000000006]",510121,"[3.67, -1.2600000000000007]",0.011999842325846354,5.399929046630859,2.45,"[0.24500000000000002, -3.8857805861880476e-17]",511121,"[2.45, -3.885780586188048e-16]",0.0118060122595893,5.3127055168151855,WelfareSolutionConcept,3.34,0.9741149829460586,0.011831782393985323,0.00015201106451669073,5.324302077293396,0.06840497903251087,COMPLETE
51,5.254999999999999,2025-06-12 21:55:27.533064,2025-06-12 21:55:32.165341,0 days 00:00:04.632277,23,0.8646066132839053,0.10760991060157568,0.9715567219444913,0.013464795874568758,372,518127,5.254999999999999,1.4676937691494092,0.5627500000000001,0.19998046779623257,370.0,4,6.47,"[0.745, -0.09800000000000002]",518127,"[7.45, -0.9800000000000002]",0.012035971074490934,4.4533092975616455,2.8599999999999994,"[0.2619999999999999, 0.023999999999999945]",519127,"[2.619999999999999, 0.23999999999999944]",0.011350161964828904,4.199559926986694,5.249999999999998,"[0.5010000000000001, 0.023999999999999935]",520127,"[5.010000000000002, 0.23999999999999935]",0.012093230840322133,4.4744954109191895,6.439999999999998,"[0.7430000000000001, -0.09900000000000006]",521127,"[7.4300000000000015, -0.9900000000000007]",0.011905302228154363,4.404961824417114,WelfareSolutionConcept,5.627500000000001,1.999804677962326,0.011846166526949083,0.00029435696781762044,4.383081614971161,0.10891207809251958,COMPLETE
52,2.047499999999999,2025-06-12 21:55:32.180257,2025-06-12 21:55:36.962601,0 days 00:00:04.782344,24,0.8568805714995819,0.14932896764383433,0.9741105464275143,0.0041035274148435155,389,528132,2.047499999999999,2.7577561077803816,0.31575,0.18080013136057174,380.0,4,3.869999999999999,"[0.383, 0.003999999999999939]",528132,"[3.83, 0.0399999999999994]",0.010888494943317614,4.137628078460693,-2.170000000000001,"[0.012999999999999966, -0.23000000000000004]",529132,"[0.12999999999999967, -2.3000000000000003]",0.01213709931624563,4.61209774017334,5.039999999999999,"[0.4919999999999999, 0.011999999999999936]",530132,"[4.919999999999999, 0.11999999999999936]",0.011595370267566883,4.406240701675415,1.4499999999999988,"[0.375, -0.23000000000000004]",531132,"[3.75, -2.3000000000000003]",0.012036650431783575,4.573927164077759,WelfareSolutionConcept,3.1574999999999998,1.8080013136057174,0.011664403739728425,0.0004921404241756838,4.432473421096802,0.18701336118675985,COMPLETE
53,3.872499999999999,2025-06-12 21:55:36.977845,2025-06-12 21:55:41.440620,0 days 00:00:04.462775,22,0.904241649305747,0.16186883718785375,0.9671898728453372,0.016334282992191182,372,538137,3.872499999999999,0.5098222729540165,0.47750000000000004,0.054011572833977,370.0,4,2.9899999999999998,"[0.5090000000000001, -0.21000000000000002]",538137,"[5.090000000000002, -2.1]",0.01125352060472643,4.163802623748779,4.139999999999999,"[0.384, 0.02999999999999996]",539137,"[3.84, 0.2999999999999996]",0.010824583672188423,4.005095958709717,4.169999999999999,"[0.506, -0.08900000000000002]",540137,"[5.0600000000000005, -0.8900000000000002]",0.011441165692097431,4.23323130607605,4.1899999999999995,"[0.511, -0.09200000000000003]",541137,"[5.11, -0.9200000000000003]",0.01115517487397065,4.127414703369141,WelfareSolutionConcept,4.775,0.5401157283397702,0.011168611210745734,0.00022362414500831353,4.132386147975922,0.08274093365307607,COMPLETE
54,4.1225,2025-06-12 21:55:41.455407,2025-06-12 21:55:45.873764,0 days 00:00:04.418357,18,0.816504671807537,0.1212957781451686,0.9843770995628537,0.002593708825507021,412,548141,4.1225,1.9351146606855112,0.46599999999999997,0.21107936895869286,410.0,4,5.91,"[0.761, -0.16999999999999998]",548141,"[7.61, -1.6999999999999997]",0.009080471062078708,3.7229931354522705,5.84,"[0.404, 0.18000000000000008]",549141,"[4.04, 1.8000000000000007]",0.009445839974938369,3.8727943897247314,1.2099999999999995,"[0.176, -0.05499999999999999]",550141,"[1.7599999999999998, -0.5499999999999999]",0.009493483566656346,3.8923282623291016,3.5299999999999994,"[0.523, -0.16999999999999998]",551141,"[5.23, -1.6999999999999997]",0.01038588896030333,4.258214473724365,WelfareSolutionConcept,4.66,2.110793689586929,0.009601420890994188,0.0004802693940484496,3.936582565307617,0.19691045155986436,COMPLETE
55,4.645,2025-06-12 21:55:45.888714,2025-06-12 21:55:50.773108,0 days 00:00:04.884394,30,0.7864846707990177,0.17367618797628778,0.9781664918078263,0.020049073529750328,317,558145,4.645,1.8996907643087602,0.46974999999999995,0.09133283911058497,310.0,4,6.91,"[0.599, 0.09199999999999997]",558145,"[5.99, 0.9199999999999997]",0.014231558768979965,4.411783218383789,5.64,"[0.476, 0.08799999999999994]",559145,"[4.76, 0.8799999999999994]",0.013271191043238486,4.114069223403931,1.7899999999999991,"[0.34099999999999997, -0.16200000000000006]",560145,"[3.4099999999999997, -1.6200000000000006]",0.01515823410403344,4.699052572250366,4.239999999999998,"[0.4629999999999999, -0.03900000000000008]",561145,"[4.629999999999999, -0.39000000000000085]",0.015236133913840016,4.723201513290405,WelfareSolutionConcept,4.6975,0.91332839110585,0.014474279457522977,0.0007991481771745697,4.487026631832123,0.24773593492411658,COMPLETE
56,5.62,2025-06-12 21:55:51.078313,2025-06-12 21:55:54.056606,0 days 00:00:02.978293,13,0.8459006939245726,0.09334359941490811,0.9519059620654708,0.0015917133735093244,350,568151,5.62,1.2051348472266497,0.5982500000000001,0.16679684499414255,350.0,4,7.58,"[0.8780000000000001, -0.11999999999999997]",568151,"[8.780000000000001, -1.1999999999999997]",0.007624686786106655,2.668640375137329,4.29,"[0.437, -0.007999999999999993]",569151,"[4.37, -0.07999999999999993]",0.007548631940569196,2.6420211791992188,5.29,"[0.538, -0.008999999999999984]",570151,"[5.380000000000001, -0.08999999999999983]",0.007576828002929688,2.6518898010253906,5.32,"[0.5399999999999999, -0.007999999999999983]",571151,"[5.3999999999999995, -0.07999999999999982]",0.00777531487601144,2.721360206604004,WelfareSolutionConcept,5.9825,1.6679684499414256,0.007631365401404244,8.744313654612607e-05,2.6709778904914856,0.030605097791144124,COMPLETE
57,4.9125,2025-06-12 21:55:54.071881,2025-06-12 21:55:59.724253,0 days 00:00:05.652372,21,0.868809810546605,0.07751659075001738,0.9632405732032625,0.03547985400409221,499,578154,4.9125,1.7458719168369712,0.5712499999999999,0.17458719168369707,490.0,4,7.819999999999999,"[0.8619999999999999, -0.08000000000000004]",578154,"[8.62, -0.8000000000000005]",0.009818982104865872,4.811301231384277,4.319999999999999,"[0.512, -0.08000000000000004]",579154,"[5.12, -0.8000000000000005]",0.011157753516216668,5.467299222946167,4.349999999999999,"[0.5149999999999999, -0.08000000000000004]",580154,"[5.149999999999999, -0.8000000000000005]",0.010715554685008769,5.250621795654297,3.1599999999999997,"[0.396, -0.08000000000000004]",581154,"[3.96, -0.8000000000000005]",0.010992928427092883,5.386534929275513,WelfareSolutionConcept,5.7124999999999995,1.7458719168369712,0.010671304683296048,0.0005168380162045855,5.2289392948150635,0.2532506279402467,COMPLETE
58,5.9975,2025-06-12 21:55:59.740133,2025-06-12 21:56:03.733048,0 days 00:00:03.992915,27,0.7949271155891429,0.19935388398395437,0.9736124080774856,0.008752764521660777,277,588159,5.9975,0.9017032494119115,0.64175,0.0555984487193663,270.0,4,4.7299999999999995,"[0.607, -0.13400000000000006]",588159,"[6.07, -1.3400000000000007]",0.014079450677942347,3.8014516830444336,5.969999999999998,"[0.6100000000000001, -0.013000000000000057]",589159,"[6.100000000000001, -0.13000000000000056]",0.014174804864106355,3.827197313308716,7.279999999999999,"[0.7380000000000001, -0.010000000000000026]",590159,"[7.380000000000001, -0.10000000000000026]",0.013478678244131582,3.6392431259155273,6.010000000000001,"[0.612, -0.01100000000000006]",591159,"[6.12, -0.1100000000000006]",0.013437482162758157,3.628120183944702,WelfareSolutionConcept,6.417500000000001,0.5559844871936627,0.01379260398723461,0.00033653358549102645,3.7240030765533447,0.09086406808257712,COMPLETE
59,4.652499999999999,2025-06-12 21:56:03.749683,2025-06-12 21:56:07.399685,0 days 00:00:03.650002,27,0.7146820953157647,0.19431343483199773,0.9702751623362688,0.007951647729460883,215,598163,4.652499999999999,2.1597265451903853,0.544,0.2518223580224759,210.0,4,4.789999999999999,"[0.7390000000000001, -0.2600000000000001]",598163,"[7.390000000000001, -2.6000000000000014]",0.016111571448189872,3.383430004119873,8.059999999999999,"[0.712, 0.09399999999999997]",599163,"[7.119999999999999, 0.9399999999999997]",0.015373626209440685,3.228461503982544,3.4899999999999998,"[0.609, -0.2600000000000001]",600163,"[6.09, -2.6000000000000014]",0.016560275214059013,3.4776577949523926,2.2700000000000005,"[0.11599999999999996, 0.1109999999999999]",601163,"[1.1599999999999997, 1.109999999999999]",0.015200582004728772,3.192122220993042,WelfareSolutionConcept,5.44,2.518223580224759,0.015811513719104584,0.0005512851911352308,3.320417881011963,0.1157698901383984,COMPLETE
60,2.569999999999999,2025-06-12 21:56:07.414851,2025-06-12 21:56:12.820784,0 days 00:00:05.405933,32,0.6670105886506135,0.18697202015015224,0.960881126260896,0.0044262292224490855,274,608167,2.569999999999999,1.0946917374311362,0.4689999999999999,0.09159967248849749,270.0,4,1.5999999999999988,"[0.4699999999999999, -0.3100000000000001]",608167,"[4.699999999999999, -3.100000000000001]",0.018640624152289495,5.032968521118164,4.209999999999999,"[0.6, -0.1790000000000001]",609167,"[6.0, -1.790000000000001]",0.014773933092753093,3.988961935043335,1.5499999999999994,"[0.46499999999999997, -0.3100000000000001]",610167,"[4.6499999999999995, -3.100000000000001]",0.017004220573990432,4.591139554977417,2.919999999999998,"[0.3409999999999999, -0.04900000000000007]",611167,"[3.4099999999999993, -0.4900000000000007]",0.019200408900225605,5.184110403060913,WelfareSolutionConcept,4.6899999999999995,0.915996724884975,0.017404796679814656,0.0017199852628799193,4.699295103549957,0.46439602097757826,COMPLETE
