number,value,datetime_start,datetime_complete,duration,params_episode_length,params_epsilon_max,params_epsilon_min,params_gamma,params_learning_rate,params_num_episodes,user_attrs_base_seed,user_attrs_collective_reward_mean,user_attrs_collective_reward_std,user_attrs_individual_reward_agent0_mean,user_attrs_individual_reward_agent0_std,user_attrs_num_episodes_mean,user_attrs_num_parallel_runs,user_attrs_run_0_collective_reward,user_attrs_run_0_individual_rewards,user_attrs_run_0_seed,user_attrs_run_0_total_individual_rewards,user_attrs_run_0_training_time_per_episode,user_attrs_run_0_training_time_total,user_attrs_run_1_collective_reward,user_attrs_run_1_individual_rewards,user_attrs_run_1_seed,user_attrs_run_1_total_individual_rewards,user_attrs_run_1_training_time_per_episode,user_attrs_run_1_training_time_total,user_attrs_run_2_collective_reward,user_attrs_run_2_individual_rewards,user_attrs_run_2_seed,user_attrs_run_2_total_individual_rewards,user_attrs_run_2_training_time_per_episode,user_attrs_run_2_training_time_total,user_attrs_run_3_collective_reward,user_attrs_run_3_individual_rewards,user_attrs_run_3_seed,user_attrs_run_3_total_individual_rewards,user_attrs_run_3_training_time_per_episode,user_attrs_run_3_training_time_total,user_attrs_solution_concept,user_attrs_total_individual_reward_agent0_mean,user_attrs_total_individual_reward_agent0_std,user_attrs_training_time_per_episode_mean,user_attrs_training_time_per_episode_std,user_attrs_training_time_total_mean,user_attrs_training_time_total_std,state
167,6.9525,2025-06-12 22:01:37.601980,2025-06-12 22:01:40.146157,0 days 00:00:02.544177,11,0.9851049114716999,0.10392023384198433,0.9822986975046223,0.052370897417780636,295,1678497,6.9525,2.1275381900215105,0.68625,0.18225857318655816,290.0,4,4.52,"[0.5520000000000002, -0.09999999999999999]",1678497,"[5.520000000000001, -0.9999999999999999]",0.007887972634414146,2.2875120639801025,5.489999999999999,"[0.54, 0.009000000000000018]",1679497,"[5.4, 0.09000000000000019]",0.008175145346542885,2.3707921504974365,10.010000000000002,"[0.991, 0.010000000000000009]",1680497,"[9.91, 0.10000000000000009]",0.007890751444060227,2.288317918777466,7.79,"[0.662, 0.11699999999999999]",1681497,"[6.62, 1.17]",0.007387736748004782,2.1424436569213867,WelfareSolutionConcept,6.862500000000001,1.822585731865582,0.00783540154325551,0.00028357404320730246,2.272266447544098,0.08223647253011773,COMPLETE
168,5.8374999999999995,2025-06-12 22:01:40.161955,2025-06-12 22:01:42.366773,0 days 00:00:02.204818,11,0.9922316175125065,0.1048769624687495,0.9846162215861428,0.05103599025879738,293,1688500,5.8374999999999995,0.893402904629261,0.5760000000000001,0.08840531658220552,290.0,4,5.55,"[0.6549999999999999, -0.09999999999999999]",1688500,"[6.549999999999999, -0.9999999999999999]",0.0067065386936582365,1.9448962211608887,6.670000000000001,"[0.555, 0.11199999999999996]",1689500,"[5.550000000000001, 1.1199999999999997]",0.006792297856561069,1.96976637840271,4.5,"[0.4400000000000002, 0.010000000000000007]",1690500,"[4.400000000000002, 0.10000000000000007]",0.006974009809822872,2.022462844848633,6.63,"[0.654, 0.009000000000000018]",1691500,"[6.54, 0.09000000000000019]",0.006989713372855351,2.0270168781280518,WelfareSolutionConcept,5.76,0.8840531658220551,0.006865639933224381,0.00012023987817754438,1.9910355806350708,0.03486956467148786,COMPLETE
169,3.4074999999999998,2025-06-12 22:01:42.383487,2025-06-12 22:01:44.926417,0 days 00:00:02.542930,15,0.9688113317260072,0.10968873770706201,0.9904747758030413,0.03616139795409873,243,1698502,3.4074999999999998,2.3387216059206364,0.36750000000000005,0.12724287799322997,240.0,4,5.119999999999999,"[0.425, 0.08700000000000005]",1698502,"[4.25, 0.8700000000000006]",0.009614963332811992,2.307591199874878,0.55,"[0.1950000000000001, -0.13999999999999996]",1699502,"[1.9500000000000008, -1.3999999999999995]",0.008681181073188781,2.0834834575653076,6.23,"[0.5370000000000001, 0.08600000000000002]",1700502,"[5.370000000000001, 0.8600000000000002]",0.009081239501635233,2.179497480392456,1.73,"[0.31299999999999994, -0.13999999999999996]",1701502,"[3.1299999999999994, -1.3999999999999995]",0.008629658818244934,2.071118116378784,WelfareSolutionConcept,3.6750000000000003,1.2724287799322995,0.009001760681470235,0.00039483080437353543,2.1604225635528564,0.09475939304964838,COMPLETE
170,7.335000000000001,2025-06-12 22:01:44.943961,2025-06-12 22:01:47.556509,0 days 00:00:02.612548,10,0.985654743771858,0.09677316042939602,0.9820997684530915,0.029177457904884192,290,1708505,7.335000000000001,2.892520527152746,0.6095,0.17866798817919233,290.0,4,4.59,"[0.34, 0.119]",1708505,"[3.4000000000000004, 1.19]",0.008346495957210147,2.4204838275909424,6.8500000000000005,"[0.7750000000000001, -0.08999999999999998]",1709505,"[7.750000000000002, -0.8999999999999998]",0.008258392070901805,2.3949337005615234,5.75,"[0.556, 0.019000000000000024]",1710505,"[5.5600000000000005, 0.19000000000000022]",0.006312087486530172,1.83050537109375,12.15,"[0.767, 0.44800000000000006]",1711505,"[7.67, 4.48]",0.005532855823122222,1.6045281887054443,WelfareSolutionConcept,6.095000000000001,1.7866798817919234,0.0071124578344410865,0.0012218582743835143,2.062612771987915,0.35433889957121906,COMPLETE
171,6.522499999999999,2025-06-12 22:01:48.403397,2025-06-12 22:01:51.037814,0 days 00:00:02.634417,10,0.9838381768377524,0.11584409536387966,0.9823960695395876,0.028568196458287093,290,1718508,6.522499999999999,1.9202262236517864,0.5262500000000001,0.11499864129632141,290.0,4,6.8100000000000005,"[0.554, 0.127]",1718508,"[5.540000000000001, 1.27]",0.008494717499305462,2.463468074798584,8.95,"[0.553, 0.342]",1719508,"[5.53, 3.4200000000000004]",0.008469860307101547,2.4562594890594482,3.569999999999999,"[0.341, 0.01600000000000002]",1720508,"[3.41, 0.1600000000000002]",0.00607631124299148,1.7621302604675293,6.76,"[0.657, 0.019000000000000013]",1721508,"[6.57, 0.19000000000000014]",0.006275495167436271,1.8198935985565186,WelfareSolutionConcept,5.2625,1.1499864129632142,0.00732909605420869,0.0011553745113351613,2.12543785572052,0.33505860828719675,COMPLETE
172,3.975,2025-06-12 22:01:51.052404,2025-06-12 22:01:53.690935,0 days 00:00:02.638531,11,0.9960672412286474,0.09673362537380252,0.979787977834153,0.04192983530548578,265,1728511,3.975,3.612786320833271,0.36275,0.3098381634014764,260.0,4,3.4499999999999997,"[0.33599999999999997, 0.009000000000000006]",1728511,"[3.3599999999999994, 0.09000000000000007]",0.009312076752002423,2.42113995552063,9.89,"[0.877, 0.11200000000000002]",1729511,"[8.77, 1.12]",0.006596971475161039,1.7152125835418701,2.3800000000000003,"[0.12000000000000002, 0.11800000000000002]",1730511,"[1.2000000000000002, 1.1800000000000002]",0.0064958013021028955,1.688908338546753,0.18000000000000024,"[0.118, -0.09999999999999999]",1731511,"[1.18, -0.9999999999999999]",0.009507894515991211,2.472052574157715,WelfareSolutionConcept,3.6274999999999995,3.098381634014764,0.007978186011314392,0.0014339186377161737,2.074328362941742,0.3728188458062051,COMPLETE
173,3.6949999999999994,2025-06-12 22:01:53.705721,2025-06-12 22:01:56.460675,0 days 00:00:02.754954,11,0.9599037944591503,0.10217086286527541,0.982850001028753,0.035451913981812945,273,1738513,3.6949999999999994,3.1633249912078267,0.3627499999999999,0.19327619486113645,270.0,4,8.79,"[0.6609999999999999, 0.21799999999999997]",1738513,"[6.609999999999999, 2.1799999999999997]",0.006721604311907733,1.814833164215088,0.20000000000000015,"[0.12, -0.09999999999999999]",1739513,"[1.2, -0.9999999999999999]",0.009505959793373391,2.5666091442108154,3.4299999999999997,"[0.33399999999999996, 0.009000000000000018]",1740513,"[3.34, 0.09000000000000019]",0.006975331129851165,1.8833394050598145,2.36,"[0.33599999999999997, -0.09999999999999999]",1741513,"[3.3599999999999994, -0.9999999999999999]",0.009581217059382686,2.586928606033325,WelfareSolutionConcept,3.6274999999999995,1.9327619486113645,0.008196028073628743,0.001350804953936972,2.2129275798797607,0.36471733756298247,COMPLETE
174,5.3575,2025-06-12 22:01:56.475482,2025-06-12 22:01:59.674883,0 days 00:00:03.199401,13,0.9843251774267194,0.09299813305495871,0.9777625570270668,0.07101170856269899,291,1748516,5.3575,0.044930501889029306,0.4345,0.0750216635379408,290.0,4,5.319999999999999,"[0.43200000000000005, 0.10000000000000005]",1748516,"[4.32, 1.0000000000000004]",0.00756918479656351,2.195063591003418,5.309999999999999,"[0.5389999999999999, -0.007999999999999993]",1749516,"[5.389999999999999, -0.07999999999999993]",0.007184410917347875,2.083479166030884,5.38,"[0.32699999999999996, 0.21099999999999994]",1750516,"[3.2699999999999996, 2.1099999999999994]",0.010485565251317518,3.04081392288208,5.420000000000001,"[0.44000000000000006, 0.10200000000000006]",1751516,"[4.4, 1.0200000000000007]",0.010344391033567232,2.999873399734497,WelfareSolutionConcept,4.345,0.750216635379408,0.008895887999699034,0.0015259857466619702,2.5798075199127197,0.4425358665319713,COMPLETE
175,3.5825000000000005,2025-06-12 22:01:59.689814,2025-06-12 22:02:02.382463,0 days 00:00:02.692649,10,0.9707606764851795,0.0955208831751243,0.9809030029185285,0.04746747076002981,297,1758519,3.5825000000000005,2.2665543783461275,0.23375,0.20178500315930323,290.0,4,5.670000000000001,"[0.23200000000000007, 0.335]",1758519,"[2.3200000000000007, 3.35]",0.008650071867581072,2.5085208415985107,2.51,"[0.12599999999999997, 0.125]",1759519,"[1.2599999999999998, 1.25]",0.008714169469372979,2.527109146118164,0.3800000000000005,"[0.019000000000000024, 0.019000000000000024]",1760519,"[0.19000000000000022, 0.19000000000000022]",0.006331171660587705,1.8360397815704346,5.7700000000000005,"[0.558, 0.019000000000000024]",1761519,"[5.58, 0.19000000000000022]",0.006108468976514092,1.771456003189087,WelfareSolutionConcept,2.3375000000000004,2.017850031593032,0.007450970493513962,0.0012338735254545802,2.160781443119049,0.35782332238182823,COMPLETE
176,4.37,2025-06-12 22:02:03.268707,2025-06-12 22:02:06.003166,0 days 00:00:02.734459,12,0.9434228159865807,0.10318248153789444,0.9861159439833556,0.032587949972493285,256,1768523,4.37,2.0419965719853694,0.4650000000000001,0.16125755796240993,250.0,4,1.09,"[0.21900000000000003, -0.10999999999999999]",1768523,"[2.1900000000000004, -1.0999999999999999]",0.01022248649597168,2.55562162399292,6.56,"[0.655, 0.001000000000000012]",1769523,"[6.550000000000001, 0.01000000000000012]",0.009907096862792968,2.476774215698242,4.4,"[0.43900000000000006, 0.001000000000000012]",1770523,"[4.390000000000001, 0.01000000000000012]",0.006906534194946289,1.7266335487365723,5.430000000000001,"[0.547, -0.003999999999999992]",1771523,"[5.470000000000001, -0.039999999999999925]",0.0073019790649414065,1.8254947662353516,WelfareSolutionConcept,4.65,1.6125755796240995,0.008584524154663086,0.001491030802156239,2.1461310386657715,0.37275770053905977,COMPLETE
177,6.657500000000001,2025-06-12 22:02:06.018494,2025-06-12 22:02:09.397479,0 days 00:00:03.378985,13,0.5992165136894156,0.04982750744975009,0.9880564004602179,0.017755433507973498,301,1778526,6.657500000000001,2.346916860478871,0.5435,0.2355180460177096,300.0,4,5.360000000000001,"[0.21300000000000008, 0.32299999999999995]",1778526,"[2.130000000000001, 3.2299999999999995]",0.008151220480600992,2.445366144180298,10.72,"[0.8789999999999999, 0.193]",1779526,"[8.79, 1.9300000000000002]",0.01068911870320638,3.206735610961914,5.38,"[0.5469999999999999, -0.008999999999999994]",1780526,"[5.469999999999999, -0.08999999999999994]",0.00859872023264567,2.579616069793701,5.17,"[0.5349999999999999, -0.017999999999999978]",1781526,"[5.35, -0.17999999999999977]",0.008308823903401692,2.492647171020508,WelfareSolutionConcept,5.4350000000000005,2.3551804601770963,0.008936970829963684,0.00102425678044714,2.6810912489891052,0.307277034134142,COMPLETE
178,8.1025,2025-06-12 22:02:09.413129,2025-06-12 22:02:13.048661,0 days 00:00:03.635532,13,0.6114299249535627,0.057556559429204894,0.9946288071806607,0.021893067100377375,303,1788529,8.1025,3.2239213312362316,0.6290000000000001,0.2638550738568429,300.0,4,12.989999999999998,"[0.9890000000000001, 0.30999999999999994]",1788529,"[9.89, 3.0999999999999996]",0.007653752168019613,2.296125650405884,8.67,"[0.767, 0.10000000000000002]",1789529,"[7.67, 1.0000000000000002]",0.007806999683380127,2.342099905014038,4.26,"[0.434, -0.007999999999999985]",1790529,"[4.34, -0.07999999999999985]",0.011251879533131918,3.375563859939575,6.49,"[0.32599999999999996, 0.32300000000000006]",1791529,"[3.26, 3.2300000000000004]",0.011567183335622152,3.4701550006866455,WelfareSolutionConcept,6.290000000000001,2.638550738568429,0.009569953680038452,0.0018437486204363662,2.8709861040115356,0.5531245861309099,COMPLETE
179,5.6175,2025-06-12 22:02:13.064095,2025-06-12 22:02:16.032250,0 days 00:00:02.968155,11,0.959229887029442,0.059162989460935976,0.9739565539643286,0.02449853015994569,305,1798533,5.6175,2.330036212164952,0.49775,0.19784763708470218,300.0,4,5.63,"[0.5549999999999999, 0.008000000000000007]",1798533,"[5.549999999999999, 0.08000000000000007]",0.006536285877227783,1.960885763168335,5.6499999999999995,"[0.44700000000000006, 0.118]",1799533,"[4.470000000000001, 1.18]",0.008967878023783366,2.6903634071350098,8.889999999999999,"[0.7690000000000001, 0.12]",1800533,"[7.690000000000001, 1.2]",0.006357723871866862,1.9073171615600586,2.3000000000000003,"[0.21999999999999992, 0.01000000000000002]",1801533,"[2.1999999999999993, 0.1000000000000002]",0.009343958695729574,2.803187608718872,WelfareSolutionConcept,4.9775,1.9784763708470219,0.007801461617151896,0.0013624309891819278,2.340438485145569,0.4087292967545782,COMPLETE
180,5.297500000000001,2025-06-12 22:02:16.047297,2025-06-12 22:02:20.369070,0 days 00:00:04.321773,15,0.68621973933223,0.04388064229367847,0.9699451603552162,0.02854900934981398,317,1808536,5.297500000000001,1.5981766954877046,0.3095,0.13640839416986036,310.0,4,5.029999999999999,"[0.31199999999999994, 0.19100000000000003]",1808536,"[3.119999999999999, 1.9100000000000004]",0.008893865154635522,2.7570981979370117,6.050000000000001,"[0.4149999999999999, 0.19]",1809536,"[4.1499999999999995, 1.9]",0.012901432283463016,3.999444007873535,7.23,"[0.425, 0.298]",1810536,"[4.25, 2.98]",0.008903137330086,2.75997257232666,2.8800000000000012,"[0.08600000000000002, 0.2019999999999999]",1811536,"[0.8600000000000002, 2.019999999999999]",0.013355445861816407,4.140188217163086,WelfareSolutionConcept,3.0949999999999998,1.3640839416986037,0.011013470157500236,0.002121054053961639,3.4141757488250732,0.657526756728108,COMPLETE
181,5.3475,2025-06-12 22:02:21.359477,2025-06-12 22:02:24.684901,0 days 00:00:03.325424,13,0.5916407194048514,0.05654892520840171,0.9909604689425708,0.01755768138940323,284,1818541,5.3475,1.8923051418838344,0.4595,0.2625552322845614,280.0,4,2.070000000000001,"[0.10400000000000005, 0.10300000000000006]",1818541,"[1.0400000000000005, 1.0300000000000007]",0.010831413098743983,3.0327956676483154,6.45,"[0.31900000000000006, 0.32599999999999996]",1819541,"[3.1900000000000004, 3.26]",0.009489928824560984,2.657180070877075,6.45,"[0.7649999999999999, -0.11999999999999997]",1820541,"[7.649999999999999, -1.1999999999999997]",0.011260006257465907,3.152801752090454,6.42,"[0.65, -0.007999999999999983]",1821541,"[6.5, -0.07999999999999982]",0.010268513645444597,2.8751838207244873,WelfareSolutionConcept,4.595,2.6255523228456137,0.010462465456553868,0.000662502546673915,2.929490327835083,0.1855007130686963,COMPLETE
182,5.49,2025-06-12 22:02:24.699775,2025-06-12 22:02:28.747513,0 days 00:00:04.047738,14,0.6307035648564444,0.05009621615417179,0.9874048259369022,0.020169894705664014,302,1828544,5.49,1.2348886589486519,0.48450000000000004,0.05410406639061431,300.0,4,4.11,"[0.43200000000000005, -0.020999999999999998]",1828544,"[4.32, -0.20999999999999996]",0.008908082644144694,2.672424793243408,5.22,"[0.429, 0.093]",1829544,"[4.29, 0.9299999999999999]",0.009031194845835368,2.7093584537506104,5.14,"[0.534, -0.019999999999999973]",1830544,"[5.34, -0.19999999999999973]",0.012874683539072673,3.8624050617218018,7.49,"[0.543, 0.20600000000000004]",1831544,"[5.430000000000001, 2.0600000000000005]",0.012266210714975993,3.679863214492798,WelfareSolutionConcept,4.845,0.541040663906143,0.010770042936007182,0.001813733642246233,3.2310128808021545,0.5441200926738698,COMPLETE
183,5.430000000000001,2025-06-12 22:02:28.765164,2025-06-12 22:02:32.154793,0 days 00:00:03.389629,10,0.602384546778307,0.04884673681131415,0.9955664537013006,0.05257977584098205,330,1838548,5.430000000000001,1.6013900212003327,0.49800000000000005,0.09304300081145277,330.0,4,7.830000000000001,"[0.659, 0.124]",1838548,"[6.59, 1.24]",0.0070494521747935905,2.3263192176818848,4.6,"[0.441, 0.019000000000000024]",1839548,"[4.41, 0.19000000000000022]",0.0072147961818810665,2.380882740020752,3.51,"[0.441, -0.08999999999999998]",1840548,"[4.41, -0.8999999999999998]",0.009751581423210375,3.218021869659424,5.780000000000002,"[0.45100000000000007, 0.12699999999999995]",1841548,"[4.510000000000001, 1.2699999999999996]",0.009520965633970318,3.141918659210205,WelfareSolutionConcept,4.98,0.9304300081145275,0.008384198853463838,0.0012560876870103348,2.7667856216430664,0.41450893671341055,COMPLETE
184,4.630000000000001,2025-06-12 22:02:32.169466,2025-06-12 22:02:36.045627,0 days 00:00:03.876161,12,0.5458521190374364,0.050982826276142396,0.9068697565978899,0.022627561800189783,298,1848552,4.630000000000001,1.9945801563236312,0.41125,0.17852363288931802,290.0,4,4.300000000000002,"[0.5399999999999999, -0.10999999999999999]",1848552,"[5.3999999999999995, -1.0999999999999999]",0.01226823823205356,3.5577890872955322,4.430000000000001,"[0.442, 0.001000000000000012]",1849552,"[4.42, 0.01000000000000012]",0.008445227557215197,2.4491159915924072,2.1000000000000005,"[0.11100000000000003, 0.099]",1850552,"[1.1100000000000003, 0.99]",0.01266895162648168,3.6739959716796875,7.690000000000001,"[0.552, 0.217]",1851552,"[5.5200000000000005, 2.17]",0.008601699204280458,2.494492769241333,WelfareSolutionConcept,4.1125,1.7852363288931803,0.010496029155007722,0.0019784204706994723,3.04384845495224,0.573741936502847,COMPLETE
185,7.2524999999999995,2025-06-12 22:02:36.063259,2025-06-12 22:02:39.840587,0 days 00:00:03.777328,11,0.5921876905099577,0.07066415597763727,0.9943799366895709,0.017287852095091344,353,1858556,7.2524999999999995,2.3799934348648946,0.6635,0.13575437377852692,350.0,4,7.87,"[0.777, 0.010000000000000009]",1858556,"[7.7700000000000005, 0.10000000000000009]",0.00945793492453439,3.310277223587036,9.959999999999999,"[0.772, 0.22399999999999998]",1859556,"[7.720000000000001, 2.2399999999999998]",0.00953538281576974,3.337383985519409,3.4199999999999995,"[0.442, -0.09999999999999999]",1860556,"[4.42, -0.9999999999999999]",0.010258841514587402,3.590594530105591,7.76,"[0.663, 0.11299999999999995]",1861556,"[6.630000000000001, 1.1299999999999994]",0.010030620438711984,3.5107171535491943,WelfareSolutionConcept,6.635000000000002,1.3575437377852695,0.009820694923400878,0.00033505185154149677,3.4372432231903076,0.11726814803952397,COMPLETE
186,7.732500000000001,2025-06-12 22:02:40.838749,2025-06-12 22:02:44.653248,0 days 00:00:03.814499,11,0.5828946652212506,0.07586552110569347,0.9948541365961104,0.014076085672055375,354,1868560,7.732500000000001,2.458783998239781,0.55075,0.25253848716581795,350.0,4,6.579999999999999,"[0.657, 0.0010000000000000106]",1868560,"[6.57, 0.010000000000000106]",0.010391697202410016,3.637094020843506,4.47,"[0.12, 0.32699999999999996]",1869560,"[1.2, 3.2699999999999996]",0.007214485577174595,2.5250699520111084,11.05,"[0.6599999999999999, 0.44499999999999995]",1870560,"[6.6, 4.449999999999999]",0.009645099639892579,3.3757848739624023,8.830000000000002,"[0.766, 0.11699999999999997]",1871560,"[7.66, 1.1699999999999997]",0.007335005487714495,2.5672519207000732,WelfareSolutionConcept,5.5075,2.5253848716581793,0.00864657197679792,0.0013976406600326198,3.0263001918792725,0.48917423101141694,COMPLETE
187,4.7675,2025-06-12 22:02:44.667727,2025-06-12 22:02:48.957586,0 days 00:00:04.289859,11,0.5751559403344259,0.07231553833775954,0.9948956004431768,0.02326249070120759,365,1878564,4.7675,1.5708337754199202,0.4725,0.16236609867826476,360.0,4,6.53,"[0.44299999999999995, 0.21000000000000002]",1878564,"[4.43, 2.1]",0.009653005997339885,3.4750821590423584,4.53,"[0.5529999999999999, -0.09999999999999999]",1879564,"[5.529999999999999, -0.9999999999999999]",0.010368281602859497,3.732581377029419,2.3399999999999994,"[0.22699999999999995, 0.0070000000000000045]",1880564,"[2.2699999999999996, 0.07000000000000005]",0.011442933479944866,4.119456052780151,5.67,"[0.667, -0.09999999999999999]",1881564,"[6.67, -0.9999999999999999]",0.01004704965485467,3.6169378757476807,WelfareSolutionConcept,4.725,1.6236609867826475,0.010377817683749728,0.0006650793309520582,3.7360143661499023,0.23942855914274097,COMPLETE
188,6.522500000000001,2025-06-12 22:02:48.973209,2025-06-12 22:02:52.925671,0 days 00:00:03.952462,10,0.5841825567264938,0.0768713838757385,0.9977045492018483,0.011753132909812327,371,1888569,6.522500000000001,3.324758449872713,0.5547500000000001,0.27350079981601516,370.0,4,5.7,"[0.3360000000000001, 0.23399999999999999]",1888569,"[3.3600000000000008, 2.34]",0.008340628727062328,3.0860326290130615,10.010000000000002,"[0.772, 0.2290000000000001]",1889569,"[7.720000000000001, 2.290000000000001]",0.010169889475848223,3.7628591060638428,8.920000000000002,"[0.875, 0.01700000000000001]",1890569,"[8.75, 0.17000000000000012]",0.007933980709797627,2.935572862625122,1.4600000000000002,"[0.23600000000000004, -0.08999999999999998]",1891569,"[2.3600000000000003, -0.8999999999999998]",0.008277391743015599,3.0626349449157715,WelfareSolutionConcept,5.5475,2.7350079981601514,0.008680472663930945,0.0008737249005608019,3.2117748856544495,0.3232782132074968,COMPLETE
