number,value,datetime_start,datetime_complete,duration,params_episode_length,params_epsilon_max,params_epsilon_min,params_gamma,params_learning_rate,params_num_episodes,user_attrs_base_seed,user_attrs_collective_reward_mean,user_attrs_collective_reward_std,user_attrs_individual_reward_agent0_mean,user_attrs_individual_reward_agent0_std,user_attrs_num_episodes_mean,user_attrs_num_parallel_runs,user_attrs_run_0_collective_reward,user_attrs_run_0_individual_rewards,user_attrs_run_0_seed,user_attrs_run_0_total_individual_rewards,user_attrs_run_0_training_time_per_episode,user_attrs_run_0_training_time_total,user_attrs_run_1_collective_reward,user_attrs_run_1_individual_rewards,user_attrs_run_1_seed,user_attrs_run_1_total_individual_rewards,user_attrs_run_1_training_time_per_episode,user_attrs_run_1_training_time_total,user_attrs_run_2_collective_reward,user_attrs_run_2_individual_rewards,user_attrs_run_2_seed,user_attrs_run_2_total_individual_rewards,user_attrs_run_2_training_time_per_episode,user_attrs_run_2_training_time_total,user_attrs_run_3_collective_reward,user_attrs_run_3_individual_rewards,user_attrs_run_3_seed,user_attrs_run_3_total_individual_rewards,user_attrs_run_3_training_time_per_episode,user_attrs_run_3_training_time_total,user_attrs_solution_concept,user_attrs_total_individual_reward_agent0_mean,user_attrs_total_individual_reward_agent0_std,user_attrs_training_time_per_episode_mean,user_attrs_training_time_per_episode_std,user_attrs_training_time_total_mean,user_attrs_training_time_total_std,state
459,8.454999999999998,2025-06-12 22:28:29.786168,2025-06-12 22:28:34.090453,0 days 00:00:04.304285,35,0.8860996562244998,0.11606438401561431,0.9196954088800475,0.00012603662752827178,162,4590109,8.454999999999998,1.476321441963098,0.4412499999999999,0.13458338493291064,160.0,4,10.44,"[0.6609999999999999, 0.3829999999999999]",4590109,"[6.609999999999999, 3.829999999999999]",0.025717057287693024,4.114729166030884,9.139999999999999,"[0.4159999999999999, 0.49799999999999994]",4591109,"[4.159999999999999, 4.9799999999999995]",0.01816955506801605,2.9071288108825684,7.729999999999998,"[0.39199999999999996, 0.3809999999999999]",4592109,"[3.9199999999999995, 3.8099999999999987]",0.019046224653720856,3.047395944595337,6.509999999999999,"[0.29599999999999993, 0.3549999999999999]",4593109,"[2.959999999999999, 3.5499999999999994]",0.024501900374889373,3.9203040599823,MinimaxSolutionConcept,4.4125,1.3458338493291064,0.021858684346079828,0.0032936771655301864,3.497389495372772,0.5269883464848298,COMPLETE
460,7.369999999999997,2025-06-12 22:28:34.107768,2025-06-12 22:28:41.042728,0 days 00:00:06.934960,49,0.5668732695095319,0.07960604740239648,0.9215023689712284,0.0001497520226976254,181,4600114,7.369999999999997,3.349231255079291,0.24324999999999986,0.22488038487160236,180.0,4,2.4099999999999975,"[0.022999999999999833, 0.21799999999999983]",4600114,"[0.22999999999999832, 2.1799999999999984]",0.03727754222022162,6.709957599639893,6.199999999999997,"[0.06699999999999988, 0.5529999999999998]",4601114,"[0.6699999999999988, 5.5299999999999985]",0.028015585740407307,5.042805433273315,10.669999999999998,"[0.5899999999999999, 0.477]",4602114,"[5.899999999999999, 4.77]",0.025673912631140813,4.621304273605347,10.199999999999998,"[0.29299999999999987, 0.7269999999999999]",4603114,"[2.929999999999999, 7.269999999999999]",0.03555469248029921,6.399844646453857,MinimaxSolutionConcept,2.4324999999999983,2.248803848716024,0.03163043326801724,0.0048948164068902825,5.693477988243103,0.8810669532402509,COMPLETE
461,5.399999999999998,2025-06-12 22:28:43.484320,2025-06-12 22:28:48.594341,0 days 00:00:05.110021,46,0.7801319629324001,0.09573858538146558,0.915521744068997,0.017783507260572547,169,4610123,5.399999999999998,1.55088684306754,0.2877499999999999,0.22121525150857035,160.0,4,5.689999999999998,"[0.3219999999999999, 0.24699999999999994]",4610123,"[3.219999999999999, 2.4699999999999993]",0.022445337474346162,3.5912539958953857,5.959999999999997,"[0.00999999999999981, 0.586]",4611123,"[0.09999999999999809, 5.859999999999999]",0.029574263095855712,4.731882095336914,2.8699999999999974,"[0.19999999999999987, 0.08699999999999986]",4612123,"[1.9999999999999987, 0.8699999999999986]",0.030880236625671388,4.940837860107422,7.079999999999998,"[0.619, 0.08899999999999986]",4613123,"[6.1899999999999995, 0.8899999999999986]",0.02519339174032211,4.030942678451538,MinimaxSolutionConcept,2.8774999999999986,2.212152515085703,0.027023307234048846,0.0033797070130331583,4.323729157447815,0.5407531220853053,COMPLETE
462,8.982499999999998,2025-06-12 22:28:48.609601,2025-06-12 22:28:53.331360,0 days 00:00:04.721759,48,0.8520917259457229,0.07290811271147708,0.9833342313664944,0.0027650635235156487,157,4620128,8.982499999999998,3.8589984128009185,0.2677499999999998,0.21294057269576414,150.0,4,9.989999999999998,"[0.2189999999999998, 0.7799999999999999]",4620128,"[2.189999999999998, 7.799999999999999]",0.019389503796895344,2.9084255695343018,2.4499999999999966,"[-0.05700000000000018, 0.3019999999999999]",4621128,"[-0.5700000000000018, 3.0199999999999987]",0.030302472114562988,4.545370817184448,11.19,"[0.41099999999999987, 0.708]",4622128,"[4.1099999999999985, 7.08]",0.022052103678385417,3.3078155517578125,12.299999999999999,"[0.4979999999999999, 0.732]",4623128,"[4.979999999999999, 7.32]",0.028516222635904948,4.277433395385742,MinimaxSolutionConcept,2.6774999999999984,2.1294057269576414,0.025065075556437173,0.004489734212813342,3.759761333465576,0.6734601319220012,COMPLETE
463,9.597499999999997,2025-06-12 22:28:53.347137,2025-06-12 22:28:56.909238,0 days 00:00:03.562101,49,0.8715526278703115,0.09148952266924906,0.9888557402703101,0.05856043917127874,145,4630133,9.597499999999997,4.489979816212987,0.4997499999999999,0.18398556329234098,140.0,4,12.739999999999998,"[0.5679999999999998, 0.7059999999999998]",4630133,"[5.679999999999998, 7.059999999999999]",0.021523891176496234,3.0133447647094727,10.489999999999998,"[0.563, 0.48599999999999993]",4631133,"[5.629999999999999, 4.859999999999999]",0.019977409499032157,2.796837329864502,13.139999999999997,"[0.6769999999999999, 0.6369999999999999]",4632133,"[6.77, 6.369999999999999]",0.015760397911071776,2.206455707550049,2.0199999999999965,"[0.19099999999999984, 0.010999999999999826]",4633133,"[1.9099999999999984, 0.10999999999999827]",0.024119526999337334,3.3767337799072266,MinimaxSolutionConcept,4.997499999999999,1.83985563292341,0.020345306396484374,0.003032760178016009,2.8483428955078125,0.4245864249222411,COMPLETE
464,6.084999999999997,2025-06-12 22:28:56.924391,2025-06-12 22:29:00.255724,0 days 00:00:03.331333,49,0.8427228560526586,0.09099590878711099,0.9913162413954835,0.08061945326640946,142,4640136,6.084999999999997,1.956712804680339,0.35824999999999985,0.14462429775110408,140.0,4,6.6599999999999975,"[0.48599999999999993, 0.17999999999999983]",4640136,"[4.859999999999999, 1.7999999999999983]",0.02086347852434431,2.920886993408203,5.769999999999997,"[0.5059999999999999, 0.07099999999999984]",4641136,"[5.059999999999999, 0.7099999999999984]",0.020735440935407367,2.9029617309570312,3.229999999999997,"[0.28199999999999986, 0.04099999999999985]",4642136,"[2.8199999999999985, 0.4099999999999985]",0.02249879837036133,3.149831771850586,8.679999999999996,"[0.15899999999999986, 0.709]",4643136,"[1.5899999999999985, 7.09]",0.020349018914358957,2.848862648010254,MinimaxSolutionConcept,3.5824999999999987,1.4462429775110408,0.02111168418611799,0.0008229381980316249,2.9556357860565186,0.11521134772442747,COMPLETE
465,8.979999999999997,2025-06-12 22:29:00.271457,2025-06-12 22:29:03.417674,0 days 00:00:03.146217,50,0.863383881147808,0.09491849271797137,0.98824635625903,0.05457548446460646,133,4650140,8.979999999999997,3.6056760808480854,0.4624999999999999,0.3030119634601909,130.0,4,12.35,"[0.7609999999999999, 0.4739999999999999]",4650140,"[7.609999999999999, 4.739999999999999]",0.022695693602928748,2.9504401683807373,9.209999999999997,"[0.4929999999999999, 0.4279999999999998]",4651140,"[4.929999999999999, 4.2799999999999985]",0.020904913315406212,2.7176387310028076,3.0499999999999963,"[-0.03600000000000023, 0.34099999999999986]",4652140,"[-0.3600000000000023, 3.4099999999999984]",0.02236764247600849,2.9077935218811035,11.309999999999999,"[0.632, 0.49899999999999994]",4653140,"[6.32, 4.989999999999999]",0.01834219052241399,2.3844847679138184,MinimaxSolutionConcept,4.624999999999999,3.030119634601909,0.02107760997918936,0.0017171722539141266,2.7400892972946167,0.2232323930088365,COMPLETE
466,6.537499999999998,2025-06-12 22:29:05.661687,2025-06-12 22:29:09.183014,0 days 00:00:03.521327,49,0.8704930364046759,0.08557016957408094,0.9965431019031348,0.055438542890858186,146,4660145,6.537499999999998,2.996934892519356,0.4254999999999999,0.2540920108936919,140.0,4,11.29,"[0.835, 0.2939999999999999]",4660145,"[8.35, 2.9399999999999986]",0.019437064443315777,2.721189022064209,5.719999999999998,"[0.4309999999999999, 0.14099999999999985]",4661145,"[4.309999999999999, 1.4099999999999984]",0.022736523832593645,3.1831133365631104,2.9999999999999973,"[0.26499999999999985, 0.03499999999999982]",4662145,"[2.6499999999999986, 0.3499999999999982]",0.021688263756888253,3.0363569259643555,6.139999999999997,"[0.17099999999999985, 0.4429999999999999]",4663145,"[1.7099999999999984, 4.429999999999999]",0.023555856091635567,3.2978198528289795,MinimaxSolutionConcept,4.254999999999999,2.540920108936919,0.021854427031108313,0.001544685059304636,3.0596197843551636,0.21625590830264896,COMPLETE
467,5.462499999999999,2025-06-12 22:29:09.198500,2025-06-12 22:29:12.182911,0 days 00:00:02.984411,49,0.8543437838426178,0.038463876714812446,0.9931560704980464,0.05167740686198264,111,4670149,5.462499999999999,3.441230702815492,0.21299999999999986,0.18812628737101045,110.0,4,8.86,"[0.32399999999999984, 0.5619999999999998]",4670149,"[3.2399999999999984, 5.619999999999998]",0.022099841724742542,2.4309825897216797,3.689999999999997,"[0.2089999999999998, 0.15999999999999986]",4671149,"[2.089999999999998, 1.5999999999999988]",0.023141724413091487,2.5455896854400635,8.609999999999998,"[0.4079999999999999, 0.45299999999999985]",4672149,"[4.079999999999999, 4.5299999999999985]",0.023261926390907982,2.558811902999878,0.6899999999999968,"[-0.08900000000000019, 0.15799999999999986]",4673149,"[-0.8900000000000019, 1.5799999999999987]",0.025205655531449753,2.7726221084594727,MinimaxSolutionConcept,2.1299999999999986,1.8812628737101047,0.023427287015047944,0.0011217838154625943,2.5770015716552734,0.1233962197008853,COMPLETE
468,6.4724999999999975,2025-06-12 22:29:12.199409,2025-06-12 22:29:15.434743,0 days 00:00:03.235334,50,0.817759014910492,0.12693582652592605,0.9140803288989336,0.04165612015236312,139,4680152,6.4724999999999975,2.0593612480572716,0.2727499999999999,0.18278043522215395,130.0,4,3.449999999999997,"[0.02599999999999981, 0.31899999999999984]",4680152,"[0.2599999999999981, 3.1899999999999986]",0.02303439837235671,2.994471788406372,7.739999999999998,"[0.44799999999999984, 0.3259999999999999]",4681152,"[4.479999999999999, 3.259999999999999]",0.020651969542870154,2.68475604057312,8.879999999999999,"[0.44899999999999995, 0.4389999999999999]",4682152,"[4.489999999999999, 4.389999999999999]",0.023052914326007548,2.9968788623809814,5.819999999999998,"[0.16799999999999984, 0.414]",4683152,"[1.6799999999999984, 4.14]",0.021100368866553674,2.7430479526519775,MinimaxSolutionConcept,2.7274999999999987,1.8278043522215395,0.02195991277694702,0.001095297096505483,2.854788661003113,0.14238862254571277,COMPLETE
469,9.059999999999997,2025-06-12 22:29:15.450316,2025-06-12 22:29:19.023252,0 days 00:00:03.572936,48,0.8919581694561106,0.09869046527815994,0.9033398373491655,0.004492189513327948,150,4690155,9.059999999999997,3.4978493392368977,0.45924999999999994,0.20347527491073703,150.0,4,14.029999999999998,"[0.7, 0.7029999999999998]",4690155,"[7.0, 7.0299999999999985]",0.019159785906473794,2.8739678859710693,4.749999999999997,"[0.14899999999999985, 0.3259999999999999]",4691155,"[1.4899999999999984, 3.259999999999999]",0.022436734835306803,3.3655102252960205,7.0799999999999965,"[0.42699999999999994, 0.28099999999999986]",4692155,"[4.27, 2.8099999999999987]",0.02218851884206136,3.328277826309204,10.379999999999997,"[0.5609999999999999, 0.477]",4693155,"[5.609999999999999, 4.77]",0.02236573855082194,3.354860782623291,MinimaxSolutionConcept,4.592499999999999,2.0347527491073705,0.021537694533665972,0.0013758590114902353,3.2306541800498962,0.20637885172353526,COMPLETE
470,7.904999999999998,2025-06-12 22:29:19.040903,2025-06-12 22:29:22.101853,0 days 00:00:03.060950,47,0.8763794536913263,0.03193256392596393,0.9921964174025519,0.06408386862301979,126,4700159,7.904999999999998,1.9189124524063113,0.4419999999999999,0.10960839383915814,120.0,4,8.349999999999998,"[0.3399999999999999, 0.49499999999999983]",4700159,"[3.399999999999999, 4.949999999999998]",0.02299607793490092,2.7595293521881104,10.63,"[0.5979999999999999, 0.46499999999999997]",4701159,"[5.979999999999999, 4.6499999999999995]",0.02084370454152425,2.50124454498291,5.299999999999998,"[0.492, 0.03799999999999984]",4702159,"[4.92, 0.3799999999999984]",0.02306936780611674,2.768324136734009,7.339999999999998,"[0.33799999999999986, 0.3959999999999998]",4703159,"[3.3799999999999986, 3.959999999999998]",0.02355618476867676,2.826742172241211,MinimaxSolutionConcept,4.419999999999999,1.0960839383915815,0.022616333762804666,0.0010458226128288624,2.71396005153656,0.12549871353946337,COMPLETE
471,9.697499999999998,2025-06-12 22:29:24.601178,2025-06-12 22:29:28.114885,0 days 00:00:03.513707,48,0.9890521036386087,0.09179303794488258,0.9899442746862396,0.06938776463417513,155,4710164,9.697499999999998,3.1768882180523756,0.3769999999999999,0.21795297657981186,150.0,4,9.839999999999998,"[0.37599999999999983, 0.6079999999999999]",4710164,"[3.7599999999999985, 6.079999999999998]",0.022122066815694175,3.318310022354126,4.489999999999997,"[0.027999999999999813, 0.4209999999999998]",4711164,"[0.27999999999999814, 4.209999999999998]",0.02158667246500651,3.2380008697509766,11.779999999999998,"[0.4929999999999999, 0.6849999999999998]",4712164,"[4.929999999999999, 6.849999999999998]",0.022005368868509928,3.3008053302764893,12.679999999999996,"[0.6109999999999999, 0.6569999999999998]",4713164,"[6.1099999999999985, 6.5699999999999985]",0.02139731725056966,3.209597587585449,MinimaxSolutionConcept,3.7699999999999987,2.1795297657981183,0.021777856349945068,0.0002964810596178903,3.2666784524917603,0.04447215894268348,COMPLETE
472,4.907499999999997,2025-06-12 22:29:28.133026,2025-06-12 22:29:31.736550,0 days 00:00:03.603524,48,0.9856722535180061,0.11978257830140243,0.9868783060748519,0.06446494470787453,154,4720168,4.907499999999997,1.7389562242908818,0.33349999999999985,0.1627213876538668,150.0,4,3.179999999999997,"[0.1589999999999999, 0.15899999999999986]",4720168,"[1.589999999999999, 1.5899999999999985]",0.022382996877034506,3.357449531555176,7.009999999999996,"[0.5439999999999998, 0.15699999999999986]",4721168,"[5.439999999999998, 1.5699999999999985]",0.02096939245859782,3.145408868789673,3.199999999999997,"[0.1919999999999999, 0.12799999999999984]",4722168,"[1.919999999999999, 1.2799999999999985]",0.02274672349294027,3.41200852394104,6.239999999999998,"[0.4389999999999999, 0.1849999999999999]",4723168,"[4.389999999999999, 1.8499999999999988]",0.02080318291982015,3.1204774379730225,MinimaxSolutionConcept,3.3349999999999986,1.627213876538668,0.021725573937098185,0.000851112059974068,3.258836090564728,0.12766680899611016,COMPLETE
473,5.4724999999999975,2025-06-12 22:29:31.756180,2025-06-12 22:29:35.426295,0 days 00:00:03.670115,49,0.9837224054219674,0.09114027543436982,0.9897302927253324,0.0694795965444055,146,4730171,5.4724999999999975,3.384755345663849,0.23424999999999985,0.1975947557502476,140.0,4,0.579999999999997,"[-0.09100000000000016, 0.14899999999999985]",4730171,"[-0.9100000000000017, 1.4899999999999984]",0.02241821118763515,3.138549566268921,9.969999999999997,"[0.4429999999999999, 0.5539999999999999]",4731171,"[4.429999999999999, 5.539999999999999]",0.022831547260284423,3.1964166164398193,4.779999999999998,"[0.28899999999999987, 0.18899999999999983]",4732171,"[2.889999999999999, 1.8899999999999983]",0.02462500844682966,3.4475011825561523,6.559999999999998,"[0.2959999999999998, 0.35999999999999993]",4733171,"[2.959999999999998, 3.599999999999999]",0.022952985763549805,3.2134180068969727,MinimaxSolutionConcept,2.3424999999999985,1.975947557502476,0.02320693816457476,0.0008423811077204076,3.2489713430404663,0.11793335508085706,COMPLETE
474,6.937499999999997,2025-06-12 22:29:35.443969,2025-06-12 22:29:39.989515,0 days 00:00:04.545546,50,0.8692417068198518,0.08173723849279362,0.9907218382025893,0.08368561486315286,159,4740175,6.937499999999997,3.388158607562521,0.39124999999999993,0.17571905844273125,150.0,4,8.199999999999998,"[0.31799999999999995, 0.5019999999999999]",4740175,"[3.1799999999999997, 5.019999999999999]",0.02894952138264974,4.342428207397461,6.939999999999998,"[0.6509999999999999, 0.04299999999999983]",4741175,"[6.509999999999999, 0.4299999999999983]",0.02501517136891683,3.7522757053375244,10.969999999999997,"[0.42699999999999994, 0.6699999999999999]",4742175,"[4.27, 6.699999999999999]",0.027087903022766112,4.063185453414917,1.639999999999997,"[0.16899999999999987, -0.005000000000000171]",4743175,"[1.6899999999999986, -0.05000000000000171]",0.026702782313028972,4.005417346954346,MinimaxSolutionConcept,3.9124999999999988,1.7571905844273126,0.026938844521840415,0.0013983278979731615,4.040826678276062,0.20974918469597426,COMPLETE
475,6.532499999999998,2025-06-12 22:29:40.006059,2025-06-12 22:29:43.945849,0 days 00:00:03.939790,48,0.8485220707995257,0.08815757194300045,0.9948087216284665,0.04567038085698367,132,4750180,6.532499999999998,3.173415943427524,0.2677499999999999,0.16829791294011942,130.0,4,3.759999999999997,"[0.16399999999999984, 0.21199999999999988]",4750180,"[1.6399999999999983, 2.1199999999999988]",0.02759247009570782,3.5870211124420166,11.349999999999998,"[0.4539999999999999, 0.6809999999999998]",4751180,"[4.539999999999999, 6.809999999999999]",0.02872464106633113,3.734203338623047,3.599999999999997,"[0.046999999999999834, 0.3129999999999999]",4752180,"[0.4699999999999983, 3.129999999999999]",0.02618739238152137,3.4043610095977783,7.419999999999998,"[0.40599999999999986, 0.33599999999999985]",4753180,"[4.059999999999999, 3.3599999999999985]",0.025741931108328012,3.3464510440826416,MinimaxSolutionConcept,2.6774999999999984,1.682979129401194,0.027061608662972084,0.001178271359913886,3.518009126186371,0.15317527678880513,COMPLETE
476,6.669999999999998,2025-06-12 22:29:46.544830,2025-06-12 22:29:50.618038,0 days 00:00:04.073208,47,0.9973005346926154,0.04316298121531621,0.991792629972463,0.07175602403169813,140,4760186,6.669999999999998,1.9158157531453803,0.3414999999999999,0.10651408357583522,140.0,4,6.579999999999997,"[0.3669999999999999, 0.2909999999999998]",4760186,"[3.669999999999999, 2.9099999999999984]",0.02765626907348633,3.871877670288086,9.179999999999998,"[0.501, 0.4169999999999998]",4761186,"[5.01, 4.169999999999998]",0.024496894223349434,3.429565191268921,3.8099999999999974,"[0.2159999999999999, 0.16499999999999987]",4762186,"[2.159999999999999, 1.6499999999999986]",0.025176782267434257,3.524749517440796,7.109999999999998,"[0.28199999999999986, 0.4289999999999998]",4763186,"[2.8199999999999985, 4.289999999999998]",0.02714578083583287,3.8004093170166016,MinimaxSolutionConcept,3.414999999999999,1.065140835758352,0.026118931600025725,0.0013168595669832642,3.656650424003601,0.18436033937765692,COMPLETE
477,6.932499999999997,2025-06-12 22:29:50.635778,2025-06-12 22:29:55.198056,0 days 00:00:04.562278,49,0.596148295451124,0.08396468111663906,0.9866667955726607,0.059398512634983795,152,4770190,6.932499999999997,2.4796206867180315,0.41874999999999984,0.15480532129096858,150.0,4,10.329999999999998,"[0.568, 0.46499999999999986]",4770190,"[5.68, 4.649999999999999]",0.02532903035481771,3.7993545532226562,3.6399999999999966,"[0.15899999999999984, 0.20499999999999985]",4771190,"[1.5899999999999983, 2.0499999999999985]",0.029033597310384116,4.355039596557617,5.829999999999997,"[0.47599999999999987, 0.10699999999999985]",4772190,"[4.759999999999999, 1.0699999999999985]",0.02762106736501058,4.143160104751587,7.929999999999998,"[0.47199999999999986, 0.3209999999999999]",4773190,"[4.719999999999999, 3.209999999999999]",0.024663332303365072,3.6994998455047607,MinimaxSolutionConcept,4.187499999999999,1.5480532129096862,0.02666175683339437,0.0017546911703544077,3.9992635250091553,0.26320367555316115,COMPLETE
478,5.054999999999998,2025-06-12 22:29:55.214674,2025-06-12 22:29:59.473336,0 days 00:00:04.258662,48,0.8599182561332374,0.1629261894642659,0.9233892486413526,0.09314705066877668,162,4780195,5.054999999999998,1.7109427225947693,0.32549999999999985,0.11302322770121194,160.0,4,2.419999999999997,"[0.33199999999999985, -0.09000000000000019]",4780195,"[3.3199999999999985, -0.9000000000000019]",0.023430617153644563,3.74889874458313,5.149999999999997,"[0.4879999999999999, 0.026999999999999823]",4781195,"[4.879999999999999, 0.26999999999999824]",0.025380635261535646,4.060901641845703,7.199999999999998,"[0.3129999999999999, 0.40699999999999986]",4782195,"[3.129999999999999, 4.0699999999999985]",0.024231453239917756,3.877032518386841,5.4499999999999975,"[0.16899999999999987, 0.37599999999999995]",4783195,"[1.6899999999999986, 3.7599999999999993]",0.025180059671401977,4.028809547424316,MinimaxSolutionConcept,3.254999999999999,1.1302322770121194,0.024555691331624985,0.0007812314889462326,3.9289106130599976,0.12499703823139727,COMPLETE
