number,value,datetime_start,datetime_complete,duration,params_episode_length,params_epsilon_max,params_epsilon_min,params_gamma,params_learning_rate,params_num_episodes,user_attrs_base_seed,user_attrs_collective_reward_mean,user_attrs_collective_reward_std,user_attrs_individual_reward_agent0_mean,user_attrs_individual_reward_agent0_std,user_attrs_num_episodes_mean,user_attrs_num_parallel_runs,user_attrs_run_0_collective_reward,user_attrs_run_0_individual_rewards,user_attrs_run_0_seed,user_attrs_run_0_total_individual_rewards,user_attrs_run_0_training_time_per_episode,user_attrs_run_0_training_time_total,user_attrs_run_1_collective_reward,user_attrs_run_1_individual_rewards,user_attrs_run_1_seed,user_attrs_run_1_total_individual_rewards,user_attrs_run_1_training_time_per_episode,user_attrs_run_1_training_time_total,user_attrs_run_2_collective_reward,user_attrs_run_2_individual_rewards,user_attrs_run_2_seed,user_attrs_run_2_total_individual_rewards,user_attrs_run_2_training_time_per_episode,user_attrs_run_2_training_time_total,user_attrs_run_3_collective_reward,user_attrs_run_3_individual_rewards,user_attrs_run_3_seed,user_attrs_run_3_total_individual_rewards,user_attrs_run_3_training_time_per_episode,user_attrs_run_3_training_time_total,user_attrs_solution_concept,user_attrs_total_individual_reward_agent0_mean,user_attrs_total_individual_reward_agent0_std,user_attrs_training_time_per_episode_mean,user_attrs_training_time_per_episode_std,user_attrs_training_time_total_mean,user_attrs_training_time_total_std,state
62,5.119999999999999,2025-06-12 21:41:47.548295,2025-06-12 21:41:50.450954,0 days 00:00:02.902659,17,0.7020633712231611,0.14659098828243486,0.9414833870914212,0.08138999667275416,283,627307,5.119999999999999,0.919701038381495,0.5565,0.1679382326928565,280.0,4,5.97,"[0.757, -0.15999999999999998]",627307,"[7.57, -1.5999999999999996]",0.009358216183526176,2.620300531387329,5.9399999999999995,"[0.64, -0.04600000000000002]",628307,"[6.4, -0.4600000000000002]",0.009763881138392856,2.73388671875,4.829999999999999,"[0.5269999999999999, -0.04400000000000002]",629307,"[5.27, -0.44000000000000017]",0.009701346499579294,2.716377019882202,3.7399999999999998,"[0.30199999999999994, 0.07200000000000004]",630307,"[3.0199999999999996, 0.7200000000000004]",0.009822986807141986,2.750436305999756,NashSolutionConcept,5.565,1.6793823269285648,0.009661607657160077,0.00018036674921041056,2.7052501440048218,0.050502689778915005,COMPLETE
63,6.677499999999999,2025-06-12 21:41:50.465438,2025-06-12 21:41:53.129328,0 days 00:00:02.663890,13,0.76276647031651,0.16290728715177705,0.9262046466857301,0.04909977125896636,323,637310,6.677499999999999,2.515058398924367,0.542,0.1371987609273495,320.0,4,4.180000000000001,"[0.426, -0.007999999999999993]",637310,"[4.26, -0.07999999999999993]",0.007853133976459504,2.513002872467041,6.379999999999999,"[0.545, 0.09300000000000003]",638310,"[5.45, 0.9300000000000003]",0.007516226172447205,2.4051923751831055,10.82,"[0.765, 0.31699999999999995]",639310,"[7.65, 3.1699999999999995]",0.007135610282421112,2.283395290374756,5.329999999999999,"[0.43199999999999994, 0.10100000000000005]",640310,"[4.319999999999999, 1.0100000000000005]",0.007594691216945648,2.4303011894226074,NashSolutionConcept,5.42,1.3719876092734953,0.007524915412068367,0.00025701657330418927,2.4079729318618774,0.08224530345734056,COMPLETE
64,8.032499999999999,2025-06-12 21:41:53.143203,2025-06-12 21:41:57.344402,0 days 00:00:04.201199,21,0.7414247276489475,0.18363010029185084,0.9141132255120746,0.06832551989048737,351,647313,8.032499999999999,3.024403866880215,0.826,0.1542579009321727,350.0,4,12.329999999999998,"[0.962, 0.271]",647313,"[9.62, 2.71]",0.009958910260881696,3.4856185913085938,4.119999999999999,"[0.6119999999999999, -0.2]",648313,"[6.119999999999999, -2.0]",0.01149388245173863,4.0228588581085205,6.67,"[0.7470000000000001, -0.08000000000000004]",649313,"[7.470000000000001, -0.8000000000000005]",0.010872864723205566,3.8055026531219482,9.009999999999998,"[0.983, -0.08200000000000005]",650313,"[9.83, -0.8200000000000005]",0.00985185010092599,3.4481475353240967,NashSolutionConcept,8.26,1.5425790093217269,0.01054437688418797,0.00067672549747534,3.69053190946579,0.23685392411636902,COMPLETE
65,5.084999999999999,2025-06-12 21:41:57.359503,2025-06-12 21:42:01.517709,0 days 00:00:04.158206,21,0.7380934866513247,0.18489207223014892,0.9111646270565397,0.07927731080288794,351,657317,5.084999999999999,1.884747993764684,0.53475,0.15134294664767173,350.0,4,1.909999999999999,"[0.3909999999999999, -0.2]",657317,"[3.9099999999999993, -2.0]",0.011423608234950474,3.998262882232666,6.55,"[0.736, -0.08100000000000004]",658317,"[7.359999999999999, -0.8100000000000005]",0.01119352204459054,3.9177327156066895,5.429999999999999,"[0.6260000000000001, -0.08300000000000005]",659317,"[6.260000000000002, -0.8300000000000005]",0.010793070793151855,3.7775747776031494,6.45,"[0.38599999999999995, 0.259]",660317,"[3.8599999999999994, 2.59]",0.010345946039472307,3.6210811138153076,NashSolutionConcept,5.3475,1.5134294664767172,0.010939036778041294,0.00041007162199510237,3.828662872314453,0.14352506769828585,COMPLETE
66,4.492499999999999,2025-06-12 21:42:01.840469,2025-06-12 21:42:05.883933,0 days 00:00:04.043464,23,0.8319800047600318,0.1746353499034468,0.9162794663471323,0.0006337518832260282,338,667321,4.492499999999999,3.186333119747526,0.46574999999999994,0.23452331973601262,330.0,4,0.4699999999999989,"[0.2669999999999999, -0.22000000000000003]",667321,"[2.669999999999999, -2.2]",0.01163947798989036,3.8410277366638184,8.809999999999999,"[0.866, 0.014999999999999939]",668321,"[8.66, 0.14999999999999938]",0.01152272874658758,3.8025004863739014,2.649999999999999,"[0.364, -0.09900000000000006]",669321,"[3.6399999999999997, -0.9900000000000007]",0.011784729813084458,3.888960838317871,6.039999999999998,"[0.36599999999999994, 0.23799999999999993]",670321,"[3.6599999999999993, 2.3799999999999994]",0.01130256074847597,3.7298450469970703,NashSolutionConcept,4.6575,2.3452331973601264,0.011562374324509591,0.00017639572320117753,3.8155835270881653,0.05821058865638846,COMPLETE
67,6.15,2025-06-12 21:42:05.898306,2025-06-12 21:42:10.885038,0 days 00:00:04.986732,26,0.7710959507140681,0.19854375185156234,0.9133779649264668,0.0004338691048392138,377,677325,6.15,1.2497399729543741,0.6864999999999999,0.15109682326243665,370.0,4,5.51,"[0.576, -0.025000000000000057]",677325,"[5.76, -0.25000000000000056]",0.012858019003996978,4.757467031478882,6.04,"[0.612, -0.008000000000000045]",678325,"[6.12, -0.08000000000000046]",0.012605800499787202,4.664146184921265,8.19,"[0.9470000000000001, -0.12800000000000003]",679325,"[9.47, -1.2800000000000002]",0.013054588678720835,4.830197811126709,4.859999999999999,"[0.611, -0.12500000000000003]",680325,"[6.109999999999999, -1.2500000000000002]",0.012663680153924066,4.685561656951904,NashSolutionConcept,6.865,1.5109682326243663,0.01279552208410727,0.00017635046041314978,4.73434317111969,0.0652496703528654,COMPLETE
68,4.1325,2025-06-12 21:42:10.899274,2025-06-12 21:42:16.675187,0 days 00:00:05.775913,28,0.8024514013268809,0.17909932284222985,0.9058990010612487,0.0002756535078276472,401,687330,4.1325,2.48176726346368,0.5587499999999999,0.13548316316059347,400.0,4,0.6699999999999989,"[0.337, -0.2700000000000001]",687330,"[3.37, -2.7000000000000006]",0.013430935740470886,5.3723742961883545,7.24,"[0.6159999999999999, 0.10799999999999994]",688330,"[6.159999999999998, 1.0799999999999994]",0.01175911545753479,4.703646183013916,5.52,"[0.702, -0.15000000000000008]",689330,"[7.02, -1.5000000000000009]",0.013628214001655578,5.4512856006622314,3.0999999999999996,"[0.5799999999999998, -0.2700000000000001]",690330,"[5.799999999999999, -2.7000000000000006]",0.014020618796348572,5.608247518539429,NashSolutionConcept,5.587499999999999,1.3548316316059346,0.013209720999002455,0.000863985536596252,5.283888399600983,0.34559421463850076,COMPLETE
69,3.1624999999999996,2025-06-12 21:42:16.689421,2025-06-12 21:42:20.555992,0 days 00:00:03.866571,20,0.9670758354225524,0.046578017508275095,0.9372276347803755,0.0009531509972472692,358,697336,3.1624999999999996,2.1363564192334574,0.36249999999999993,0.22180340394141834,350.0,4,-0.26000000000000073,"[0.046999999999999965, -0.07300000000000004]",697336,"[0.46999999999999964, -0.7300000000000004]",0.010493659973144531,3.672780990600586,3.21,"[0.5109999999999999, -0.19]",698336,"[5.109999999999999, -1.9]",0.01026745251246861,3.5936083793640137,5.5,"[0.621, -0.07100000000000004]",699336,"[6.21, -0.7100000000000004]",0.01052849428994315,3.6849730014801025,4.199999999999999,"[0.271, 0.14899999999999997]",700336,"[2.71, 1.4899999999999998]",0.010450105667114257,3.6575369834899902,NashSolutionConcept,3.625,2.2180340394141833,0.010434928110667638,0.00010060131185282118,3.652224838733673,0.03521045914848745,COMPLETE
70,7.467499999999999,2025-06-12 21:42:20.570416,2025-06-12 21:42:24.552722,0 days 00:00:03.982306,24,0.7925414317669992,0.1301725306923689,0.9222395278343939,0.06630342138036412,300,707340,7.467499999999999,3.0694818373790715,0.68275,0.2642455061112677,300.0,4,3.829999999999999,"[0.25799999999999995, 0.12499999999999996]",707340,"[2.5799999999999996, 1.2499999999999996]",0.012101289431254068,3.6303868293762207,7.429999999999999,"[0.748, -0.005000000000000065]",708340,"[7.48, -0.050000000000000655]",0.01257073720296224,3.771221160888672,6.329999999999998,"[0.7399999999999999, -0.10700000000000007]",709340,"[7.399999999999999, -1.0700000000000007]",0.012759174505869548,3.8277523517608643,12.28,"[0.985, 0.24299999999999997]",710340,"[9.85, 2.4299999999999997]",0.011600235303243,3.4800705909729004,NashSolutionConcept,6.827500000000001,2.6424550611126763,0.012257859110832214,0.00044894124412547023,3.6773577332496643,0.13468237323764098,COMPLETE
71,5.307499999999999,2025-06-12 21:42:24.891733,2025-06-12 21:42:28.959618,0 days 00:00:04.067885,22,0.6515768453741524,0.16400250392888877,0.9308586253802315,0.041547661329444506,323,717344,5.307499999999999,1.535584172228927,0.5617500000000001,0.1382685340198557,320.0,4,6.569999999999999,"[0.6300000000000001, 0.026999999999999934]",717344,"[6.300000000000001, 0.26999999999999935]",0.011057166755199433,3.5382933616638184,5.369999999999999,"[0.5080000000000001, 0.02899999999999996]",718344,"[5.080000000000001, 0.2899999999999996]",0.01203807070851326,3.852182626724243,2.7800000000000002,"[0.36900000000000005, -0.09100000000000005]",719344,"[3.6900000000000004, -0.9100000000000006]",0.011881171911954879,3.8019750118255615,6.509999999999999,"[0.74, -0.08900000000000005]",720344,"[7.4, -0.8900000000000006]",0.011181718856096267,3.5781500339508057,NashSolutionConcept,5.6175000000000015,1.3826853401985573,0.01153953205794096,0.00042601794230653537,3.692650258541107,0.13632574153809135,COMPLETE
72,7.154999999999999,2025-06-12 21:42:28.977004,2025-06-12 21:42:32.589371,0 days 00:00:03.612367,19,0.6789439403001455,0.17224346404735139,0.926217040864306,0.05793178528789117,339,727349,7.154999999999999,0.9754101701335707,0.7505000000000001,0.08347903928532,330.0,4,8.040000000000001,"[0.867, -0.06300000000000003]",727349,"[8.67, -0.6300000000000003]",0.009682684233694366,3.1952857971191406,8.03,"[0.7550000000000001, 0.047999999999999966]",728349,"[7.550000000000001, 0.47999999999999965]",0.009992863192702785,3.297644853591919,5.679999999999999,"[0.631, -0.06300000000000003]",729349,"[6.3100000000000005, -0.6300000000000003]",0.010147704500140567,3.3487424850463867,6.869999999999998,"[0.7490000000000001, -0.062000000000000034]",730349,"[7.490000000000001, -0.6200000000000003]",0.01030330007726496,3.4000890254974365,NashSolutionConcept,7.505000000000001,0.8347903928531998,0.010031638000950669,0.00022942533283108467,3.3104405403137207,0.07571035983425799,COMPLETE
73,4.5150000000000015,2025-06-12 21:42:32.603803,2025-06-12 21:42:34.894928,0 days 00:00:02.291125,13,0.7330954879085776,0.1546876797539489,0.9356827671137354,0.03227099178567158,254,737352,4.5150000000000015,1.2201331894510534,0.40474999999999994,0.1790270580107934,250.0,4,3.1500000000000012,"[0.10400000000000005, 0.21100000000000002]",737352,"[1.0400000000000005, 2.1100000000000003]",0.008010072708129883,2.0025181770324707,4.160000000000001,"[0.5359999999999999, -0.11999999999999997]",738352,"[5.359999999999999, -1.1999999999999997]",0.008162511825561523,2.040627956390381,4.260000000000001,"[0.4339999999999999, -0.007999999999999983]",739352,"[4.339999999999999, -0.07999999999999982]",0.007925084114074707,1.9812710285186768,6.490000000000001,"[0.545, 0.10400000000000002]",740352,"[5.45, 1.0400000000000003]",0.008003328323364258,2.0008320808410645,NashSolutionConcept,4.047499999999999,1.7902705801079342,0.008025249242782593,8.600134236222706e-05,2.006312310695648,0.02150033559055683,COMPLETE
74,8.0525,2025-06-12 21:42:34.909543,2025-06-12 21:42:39.723959,0 days 00:00:04.814416,21,0.5918116030984508,0.19234781830396208,0.9456383969754723,0.04670486978517531,418,747354,8.0525,2.541774724478942,0.7715,0.09434643607471348,410.0,4,7.749999999999999,"[0.748, 0.02699999999999998]",747354,"[7.48, 0.2699999999999998]",0.010365970541791218,4.250047922134399,4.27,"[0.627, -0.2]",748354,"[6.27, -2.0]",0.010907059181027296,4.471894264221191,11.34,"[0.861, 0.27299999999999996]",749354,"[8.61, 2.7299999999999995]",0.009962704705029,4.08470892906189,8.85,"[0.85, 0.03499999999999999]",750354,"[8.5, 0.34999999999999987]",0.011332121709497963,4.646169900894165,NashSolutionConcept,7.715,0.943464360747135,0.010641964034336369,0.000520614708244472,4.363205254077911,0.21345203038023378,COMPLETE
75,6.942499999999999,2025-06-12 21:42:39.738431,2025-06-12 21:42:44.679411,0 days 00:00:04.940980,21,0.590291899928197,0.19472782150542867,0.9467984012815475,0.0971687036436782,417,757359,6.942499999999999,2.282206991050549,0.6875,0.10490352710943524,410.0,4,7.709999999999999,"[0.6229999999999999, 0.14799999999999996]",757359,"[6.229999999999999, 1.4799999999999995]",0.011331996103612388,4.646118402481079,4.349999999999999,"[0.635, -0.2]",758359,"[6.35, -2.0]",0.011672764871178604,4.7858335971832275,10.29,"[0.8690000000000001, 0.15999999999999998]",759359,"[8.690000000000001, 1.5999999999999996]",0.009946798115241818,4.0781872272491455,5.419999999999999,"[0.623, -0.08100000000000004]",760359,"[6.23, -0.8100000000000005]",0.011116033647118545,4.5575737953186035,NashSolutionConcept,6.875,1.0490352710943525,0.011016898184287837,0.0006489202199613382,4.516928255558014,0.2660572901841486,COMPLETE
76,5.869999999999999,2025-06-12 21:42:45.037091,2025-06-12 21:42:51.372541,0 days 00:00:06.335450,24,0.5451559670949621,0.18122873628028216,0.9392819391444289,0.0213869394678775,469,767365,5.869999999999999,3.3807913274853267,0.67225,0.19962762208672433,460.0,4,1.3799999999999986,"[0.3679999999999999, -0.23000000000000004]",767365,"[3.679999999999999, -2.3000000000000003]",0.012962222617605459,5.962622404098511,8.509999999999998,"[0.8440000000000001, 0.006999999999999942]",768365,"[8.440000000000001, 0.06999999999999942]",0.012011398958123249,5.525243520736694,3.889999999999999,"[0.619, -0.23000000000000004]",769365,"[6.1899999999999995, -2.3000000000000003]",0.013423855408378269,6.174973487854004,9.7,"[0.858, 0.11199999999999995]",770365,"[8.58, 1.1199999999999994]",0.011556295208309008,5.3158957958221436,NashSolutionConcept,6.7225,1.9962762208672433,0.012488443048103997,0.0007409342115280713,5.744683802127838,0.34082973730291294,COMPLETE
77,5.6899999999999995,2025-06-12 21:42:51.386927,2025-06-12 21:42:57.023987,0 days 00:00:05.637060,28,0.6048643766655375,0.19084488145913797,0.9446015927472166,0.00022187929904161235,386,777371,5.6899999999999995,1.5619378988935504,0.5349999999999999,0.20218679482102686,380.0,4,7.099999999999998,"[0.607, 0.10299999999999995]",777371,"[6.07, 1.0299999999999996]",0.014360179399189196,5.4568681716918945,5.25,"[0.19699999999999993, 0.32799999999999996]",778371,"[1.9699999999999993, 3.2799999999999994]",0.014215995763477526,5.40207839012146,7.09,"[0.734, -0.025000000000000057]",779371,"[7.34, -0.25000000000000056]",0.014417103089784321,5.478499174118042,3.3199999999999994,"[0.602, -0.2700000000000001]",780371,"[6.02, -2.7000000000000006]",0.013002323476891769,4.940882921218872,NashSolutionConcept,5.35,2.0218679482102684,0.013998900432335704,0.000580024129996609,5.319582164287567,0.22040916939871144,COMPLETE
78,8.445,2025-06-12 21:42:57.038690,2025-06-12 21:43:01.105073,0 days 00:00:04.066383,19,0.5129473757796997,0.07606359114154876,0.9435949675408101,0.04568575297406631,351,787377,8.445,2.545049115439622,0.7757499999999999,0.10108999703234736,350.0,4,6.72,"[0.624, 0.047999999999999966]",787377,"[6.24, 0.47999999999999965]",0.010970003264290946,3.839501142501831,9.16,"[0.869, 0.04699999999999997]",788377,"[8.69, 0.46999999999999975]",0.010985894884381975,3.8450632095336914,12.26,"[0.866, 0.35999999999999993]",789377,"[8.66, 3.599999999999999]",0.010987368992396763,3.845579147338867,5.639999999999999,"[0.744, -0.18]",790377,"[7.4399999999999995, -1.7999999999999998]",0.0101435238974435,3.5502333641052246,NashSolutionConcept,7.7575,1.0108999703234736,0.010771697759628295,0.0003627402525252351,3.7700942158699036,0.12695908838383244,COMPLETE
79,6.174999999999999,2025-06-12 21:43:01.119590,2025-06-12 21:43:05.195698,0 days 00:00:04.076108,19,0.5185718941904384,0.09871516549850005,0.9087666756485266,0.04107166246483966,350,797381,6.174999999999999,2.0264069186616984,0.6572500000000001,0.0905300364519975,350.0,4,9.049999999999999,"[0.743, 0.16199999999999998]",797381,"[7.43, 1.6199999999999997]",0.011206459999084473,3.9222609996795654,3.38,"[0.518, -0.18]",798381,"[5.18, -1.7999999999999998]",0.01122953142438616,3.9303359985351562,5.719999999999999,"[0.6360000000000001, -0.064]",799381,"[6.360000000000001, -0.64]",0.010795361655099051,3.778376579284668,6.549999999999999,"[0.732, -0.07700000000000001]",800381,"[7.32, -0.7700000000000001]",0.010996847833905901,3.8488967418670654,NashSolutionConcept,6.5725,0.9053003645199752,0.011057050228118896,0.0001761946936232136,3.8699675798416138,0.06166814276812469,COMPLETE
80,6.8149999999999995,2025-06-12 21:43:05.210148,2025-06-12 21:43:10.147044,0 days 00:00:04.936896,22,0.5525257139927059,0.07636708434892542,0.9572868743303689,0.027704707278793667,369,807385,6.8149999999999995,3.1841286092116317,0.6849999999999999,0.2604169733331528,360.0,4,10.08,"[0.748, 0.25999999999999995]",807385,"[7.48, 2.5999999999999996]",0.010246488120820787,3.6887357234954834,8.919999999999998,"[0.9860000000000001, -0.09400000000000006]",808385,"[9.860000000000001, -0.9400000000000006]",0.012450585100385879,4.482210636138916,6.48,"[0.738, -0.09000000000000005]",809385,"[7.38, -0.9000000000000006]",0.011852035257551406,4.266732692718506,1.7799999999999991,"[0.26799999999999996, -0.09000000000000001]",810385,"[2.6799999999999997, -0.9000000000000001]",0.01326441764831543,4.775190353393555,NashSolutionConcept,6.8500000000000005,2.604169733331528,0.011953381531768375,0.0011056427170621976,4.303217351436615,0.3980313781423911,COMPLETE
81,5.899999999999999,2025-06-12 21:43:10.583744,2025-06-12 21:43:15.995320,0 days 00:00:05.411576,30,0.5027415252343218,0.061029068923559415,0.943442417394071,0.047570827779516454,328,817390,5.899999999999999,1.3927849798156209,0.72175,0.2031949494943218,320.0,4,4.27,"[0.589, -0.16200000000000006]",817390,"[5.89, -1.6200000000000006]",0.01627691388130188,5.208612442016602,5.599999999999999,"[0.85, -0.2900000000000001]",818390,"[8.5, -2.900000000000001]",0.016390490531921386,5.244956970214844,5.609999999999999,"[0.46799999999999997, 0.09299999999999994]",819390,"[4.68, 0.9299999999999995]",0.014661841839551926,4.691789388656616,8.12,"[0.9799999999999999, -0.1680000000000001]",820390,"[9.799999999999999, -1.680000000000001]",0.016134601831436158,5.16307258605957,NashSolutionConcept,7.217499999999999,2.031949494943218,0.015865962021052837,0.0007010856490787517,5.077107846736908,0.2243474077052007,COMPLETE
82,6.35,2025-06-12 21:43:16.009756,2025-06-12 21:43:20.135635,0 days 00:00:04.125879,20,0.5315073569849214,0.08883127252805716,0.950881929809712,0.00013902106275525273,357,827396,6.35,1.6857490916503564,0.5407500000000001,0.17109555078960997,350.0,4,6.829999999999999,"[0.638, 0.04499999999999997]",827396,"[6.38, 0.44999999999999973]",0.009853884833199638,3.448859691619873,5.459999999999999,"[0.502, 0.043999999999999984]",828396,"[5.02, 0.43999999999999984]",0.01088965892791748,3.811380624771118,4.289999999999999,"[0.283, 0.14599999999999996]",829396,"[2.8299999999999996, 1.4599999999999995]",0.011349883079528809,3.972459077835083,8.82,"[0.74, 0.142]",830396,"[7.4, 1.42]",0.011016280310494559,3.8556981086730957,NashSolutionConcept,5.4075,1.7109555078960998,0.01077742678778512,0.0005590802729541407,3.7720993757247925,0.19567809553394935,COMPLETE
83,6.432499999999999,2025-06-12 21:43:20.150461,2025-06-12 21:43:24.296626,0 days 00:00:04.146165,25,0.5780366311138405,0.029282418786773887,0.9541021275207668,0.07970340678127025,300,837400,6.432499999999999,1.0444944949591646,0.7619999999999999,0.099732141258473,300.0,4,6.159999999999998,"[0.6159999999999999, -7.216449660063518e-17]",837400,"[6.159999999999998, -7.216449660063518e-16]",0.013295908768971762,3.9887726306915283,4.839999999999999,"[0.724, -0.24000000000000007]",838400,"[7.24, -2.400000000000001]",0.01330387036005656,3.9911611080169678,7.449999999999999,"[0.861, -0.11600000000000008]",839400,"[8.61, -1.1600000000000008]",0.011895279089609781,3.5685837268829346,7.279999999999999,"[0.8470000000000001, -0.11900000000000006]",840400,"[8.47, -1.1900000000000006]",0.0130562424659729,3.91687273979187,NashSolutionConcept,7.619999999999999,0.99732141258473,0.01288782517115275,0.0005816222853364017,3.866347551345825,0.17448668560092037,COMPLETE
