number,value,datetime_start,datetime_complete,duration,params_episode_length,params_epsilon_max,params_epsilon_min,params_gamma,params_learning_rate,params_num_episodes,user_attrs_base_seed,user_attrs_collective_reward_mean,user_attrs_collective_reward_std,user_attrs_individual_reward_agent0_mean,user_attrs_individual_reward_agent0_std,user_attrs_num_episodes_mean,user_attrs_num_parallel_runs,user_attrs_run_0_collective_reward,user_attrs_run_0_individual_rewards,user_attrs_run_0_seed,user_attrs_run_0_total_individual_rewards,user_attrs_run_0_training_time_per_episode,user_attrs_run_0_training_time_total,user_attrs_run_1_collective_reward,user_attrs_run_1_individual_rewards,user_attrs_run_1_seed,user_attrs_run_1_total_individual_rewards,user_attrs_run_1_training_time_per_episode,user_attrs_run_1_training_time_total,user_attrs_run_2_collective_reward,user_attrs_run_2_individual_rewards,user_attrs_run_2_seed,user_attrs_run_2_total_individual_rewards,user_attrs_run_2_training_time_per_episode,user_attrs_run_2_training_time_total,user_attrs_run_3_collective_reward,user_attrs_run_3_individual_rewards,user_attrs_run_3_seed,user_attrs_run_3_total_individual_rewards,user_attrs_run_3_training_time_per_episode,user_attrs_run_3_training_time_total,user_attrs_solution_concept,user_attrs_total_individual_reward_agent0_mean,user_attrs_total_individual_reward_agent0_std,user_attrs_training_time_per_episode_mean,user_attrs_training_time_per_episode_std,user_attrs_training_time_total_mean,user_attrs_training_time_total_std,state
534,4.6425,2025-06-12 22:51:23.169160,2025-06-12 22:51:24.846609,0 days 00:00:01.677449,10,0.6926021281137278,0.05008521189733331,0.9941077392631841,0.06777252805183541,215,5341483,4.6425,1.506608359859987,0.36750000000000005,0.24461449262053145,210.0,4,6.8100000000000005,"[0.7710000000000001, -0.08999999999999998]",5341483,"[7.710000000000001, -0.8999999999999998]",0.007138722283499582,1.499131679534912,2.55,"[0.12799999999999997, 0.12699999999999997]",5342483,"[1.2799999999999998, 1.2699999999999998]",0.007052399998619443,1.481003999710083,4.6,"[0.23199999999999993, 0.22799999999999992]",5343483,"[2.3199999999999994, 2.2799999999999994]",0.007036900520324707,1.4777491092681885,4.610000000000001,"[0.3390000000000001, 0.12199999999999996]",5344483,"[3.3900000000000006, 1.2199999999999995]",0.006949795995439802,1.4594571590423584,WelfareSolutionConcept,3.675,2.4461449262053145,0.0070444546994708835,6.702022278496286e-05,1.4793354868888855,0.01407424678484218,COMPLETE
535,4.729999999999999,2025-06-12 22:51:24.862397,2025-06-12 22:51:28.576424,0 days 00:00:03.714027,24,0.6533061124826883,0.06759821632842283,0.9396994511950552,0.08796381252594215,257,5351484,4.729999999999999,1.0474492827817488,0.4935,0.23027646427718138,250.0,4,3.839999999999999,"[0.5, -0.11600000000000002]",5351484,"[5.0, -1.1600000000000001]",0.01282121467590332,3.20530366897583,3.709999999999999,"[0.12199999999999996, 0.24899999999999994]",5352484,"[1.2199999999999995, 2.4899999999999993]",0.012897290229797364,3.224322557449341,5.079999999999999,"[0.615, -0.10700000000000005]",5353484,"[6.15, -1.0700000000000005]",0.014121471405029297,3.530367851257324,6.289999999999999,"[0.7369999999999999, -0.10800000000000005]",5354484,"[7.369999999999999, -1.0800000000000005]",0.012803339004516601,3.2008347511291504,WelfareSolutionConcept,4.9350000000000005,2.302764642771814,0.013160828828811645,0.00055574803187745,3.2902072072029114,0.13893700796936254,COMPLETE
536,5.7775,2025-06-12 22:51:31.103061,2025-06-12 22:51:32.864833,0 days 00:00:01.761772,14,0.9598605211925022,0.0853241578932037,0.9312745086231315,0.05855252868651723,187,5361491,5.7775,1.2384541775939872,0.42800000000000005,0.20888633272667698,180.0,4,6.3500000000000005,"[0.54, 0.095]",5361491,"[5.4, 0.95]",0.008537756072150337,1.5367960929870605,5.15,"[0.42300000000000004, 0.09200000000000007]",5362491,"[4.23, 0.9200000000000007]",0.008728114763895671,1.5710606575012207,4.160000000000001,"[0.095, 0.32100000000000006]",5363491,"[0.95, 3.210000000000001]",0.008579990598890516,1.544398307800293,7.45,"[0.654, 0.091]",5364491,"[6.54, 0.9099999999999999]",0.008493881755405002,1.5288987159729004,WelfareSolutionConcept,4.28,2.0888633272667696,0.008584935797585382,8.809290049902887e-05,1.5452884435653687,0.01585672208982518,COMPLETE
537,5.842499999999999,2025-06-12 22:51:32.880483,2025-06-12 22:51:35.372057,0 days 00:00:02.491574,11,0.6461390232698225,0.05499597373557523,0.9679018750393521,0.04176116919269075,322,5371492,5.842499999999999,1.5821247580390112,0.5497500000000001,0.23058878441936423,320.0,4,7.800000000000001,"[0.8800000000000001, -0.09999999999999999]",5371492,"[8.8, -0.9999999999999999]",0.007186895608901978,2.299806594848633,6.509999999999999,"[0.54, 0.11099999999999999]",5372492,"[5.4, 1.1099999999999999]",0.006995896995067597,2.238687038421631,5.599999999999999,"[0.5510000000000002, 0.009000000000000018]",5373492,"[5.510000000000002, 0.09000000000000019]",0.007064799964427948,2.2607359886169434,3.4600000000000004,"[0.22799999999999992, 0.118]",5374492,"[2.2799999999999994, 1.18]",0.007055950909852981,2.257904291152954,WelfareSolutionConcept,5.4975000000000005,2.305887844193642,0.0070758858695626255,6.935719534131381e-05,2.2642834782600403,0.022194302509220387,COMPLETE
538,4.08,2025-06-12 22:51:35.387659,2025-06-12 22:51:36.583316,0 days 00:00:01.195657,12,0.9822328493518628,0.07590268547992236,0.9418854242953937,0.046580628549632956,102,5381495,4.08,2.7640007235889064,0.32825000000000004,0.17204559715377776,100.0,4,3.3100000000000005,"[0.441, -0.10999999999999999]",5381495,"[4.41, -1.0999999999999999]",0.008966503143310546,0.8966503143310547,8.61,"[0.5429999999999999, 0.31799999999999995]",5382495,"[5.43, 3.1799999999999997]",0.008693764209747315,0.8693764209747314,3.29,"[0.21900000000000008, 0.11000000000000001]",5383495,"[2.190000000000001, 1.1]",0.0089414381980896,0.89414381980896,1.1100000000000003,"[0.11000000000000006, 0.001000000000000012]",5384495,"[1.1000000000000005, 0.01000000000000012]",0.00911945104598999,0.911945104598999,WelfareSolutionConcept,3.2825000000000006,1.7204559715377779,0.008930289149284364,0.0001526122741139001,0.8930289149284363,0.015261227411390023,COMPLETE
539,3.5825000000000005,2025-06-12 22:51:36.598352,2025-06-12 22:51:38.493320,0 days 00:00:01.894968,10,0.9381941064456404,0.060198564743919825,0.9812618640584518,0.07315666541449779,273,5391496,3.5825000000000005,1.9911601517708217,0.261,0.15839349734127345,270.0,4,6.780000000000001,"[0.019000000000000013, 0.659]",5391496,"[0.19000000000000014, 6.59]",0.006306531694200304,1.702763557434082,3.56,"[0.446, -0.08999999999999998]",5392496,"[4.46, -0.8999999999999998]",0.006320309638977051,1.7064836025238037,1.4500000000000002,"[0.23499999999999996, -0.08999999999999998]",5393496,"[2.3499999999999996, -0.8999999999999998]",0.006352835231357151,1.7152655124664307,2.5399999999999996,"[0.34400000000000003, -0.08999999999999998]",5394496,"[3.4400000000000004, -0.8999999999999998]",0.0063354933703387226,1.710583209991455,WelfareSolutionConcept,2.6100000000000003,1.5839349734127346,0.0063287924837183065,1.725149993764232e-05,1.7087739706039429,0.0046579049831634075,COMPLETE
540,4.5925,2025-06-12 22:51:38.508799,2025-06-12 22:51:41.074618,0 days 00:00:02.565819,12,0.8376603325186692,0.06441286813321476,0.9773314446629952,0.0005609213191363808,310,5401498,4.5925,1.7429339488345506,0.38325000000000004,0.12153471726218804,310.0,4,3.3100000000000005,"[0.33000000000000007, 0.001000000000000012]",5401498,"[3.3000000000000007, 0.01000000000000012]",0.007394298430412046,2.2922325134277344,4.3100000000000005,"[0.43600000000000005, -0.004999999999999993]",5402498,"[4.36, -0.04999999999999993]",0.007352904350526871,2.27940034866333,7.5200000000000005,"[0.5469999999999999, 0.20500000000000002]",5403498,"[5.469999999999999, 2.0500000000000003]",0.007295137836087135,2.2614927291870117,3.2300000000000004,"[0.22000000000000006, 0.10300000000000002]",5404498,"[2.2000000000000006, 1.0300000000000002]",0.007388577153605799,2.290458917617798,WelfareSolutionConcept,3.8325,1.2153471726218803,0.007357729442657963,3.946474015900281e-05,2.2808961272239685,0.012234069449290902,COMPLETE
541,5.29,2025-06-12 22:51:43.672516,2025-06-12 22:51:45.592030,0 days 00:00:01.919514,13,0.6726598408055765,0.08261136107138353,0.9355523099141053,0.036793689122010836,205,5411503,5.29,3.9013907776586545,0.43325,0.23279215515132803,200.0,4,-0.17999999999999966,"[0.10200000000000005, -0.11999999999999997]",5411503,"[1.0200000000000005, -1.1999999999999997]",0.008296053409576416,1.6592106819152832,4.27,"[0.32699999999999996, 0.10000000000000002]",5412503,"[3.2699999999999996, 1.0000000000000002]",0.007928926944732666,1.5857853889465332,10.64,"[0.647, 0.417]",5413503,"[6.470000000000001, 4.17]",0.00797352910041809,1.5947058200836182,6.43,"[0.6569999999999999, -0.013999999999999985]",5414503,"[6.569999999999999, -0.13999999999999985]",0.007976937294006347,1.5953874588012695,WelfareSolutionConcept,4.3325000000000005,2.3279215515132803,0.008043861687183379,0.00014683000972977976,1.608772337436676,0.02936600194595598,COMPLETE
542,5.035,2025-06-12 22:51:45.607176,2025-06-12 22:51:48.116806,0 days 00:00:02.509630,15,0.97049767474527,0.11880463419323214,0.9724147023258158,0.05191478693670418,284,5421505,5.035,2.8431716444843773,0.41974999999999996,0.3936650702056254,280.0,4,8.34,"[0.748, 0.086]",5421505,"[7.48, 0.8599999999999999]",0.007694395099367414,2.154430627822876,7.3,"[0.8699999999999999, -0.13999999999999996]",5422505,"[8.7, -1.3999999999999995]",0.00725524936403547,2.0314698219299316,1.6300000000000001,"[-0.02599999999999999, 0.18900000000000003]",5423505,"[-0.2599999999999999, 1.8900000000000003]",0.00831547805241176,2.328333854675293,2.8700000000000006,"[0.087, 0.2]",5424505,"[0.8699999999999999, 2.0]",0.007813153948102678,2.18768310546875,WelfareSolutionConcept,4.1975,3.9366507020562542,0.007769569115979331,0.0003775222326172226,2.1754793524742126,0.1057062251328224,COMPLETE
543,5.2225,2025-06-12 22:51:48.132768,2025-06-12 22:51:50.779701,0 days 00:00:02.646933,14,0.6331675046018964,0.08867233014475674,0.9650823049984472,0.006721867247321946,296,5431508,5.2225,0.7567818377841796,0.516,0.047349762407006876,290.0,4,4.140000000000001,"[0.434, -0.019999999999999983]",5431508,"[4.34, -0.19999999999999984]",0.008182097303456273,2.3728082180023193,5.250000000000001,"[0.542, -0.016999999999999984]",5432508,"[5.42, -0.16999999999999985]",0.00844429114769245,2.4488444328308105,6.280000000000001,"[0.544, 0.084]",5433508,"[5.44, 0.8400000000000001]",0.007654348735151619,2.2197611331939697,5.220000000000001,"[0.544, -0.021999999999999985]",5434508,"[5.44, -0.21999999999999986]",0.008393566361789047,2.4341342449188232,WelfareSolutionConcept,5.16,0.47349762407006873,0.008168575887022347,0.0003127507038863333,2.3688870072364807,0.09069770412703658,COMPLETE
544,7.154999999999999,2025-06-12 22:51:50.800593,2025-06-12 22:51:52.871747,0 days 00:00:02.071154,11,0.5582222720736737,0.07029593300260631,0.9550111005570857,0.06395411820008112,263,5441510,7.154999999999999,0.9787875152452651,0.5997500000000001,0.09541848615441349,260.0,4,6.609999999999999,"[0.5440000000000002, 0.11699999999999997]",5441510,"[5.440000000000001, 1.1699999999999997]",0.006898607657505915,1.793637990951538,6.599999999999999,"[0.5429999999999999, 0.11699999999999997]",5442510,"[5.43, 1.1699999999999997]",0.006948013489062969,1.806483507156372,8.85,"[0.765, 0.11999999999999995]",5443510,"[7.65, 1.1999999999999995]",0.007131427067976731,1.8541710376739502,6.5600000000000005,"[0.547, 0.10900000000000001]",5444510,"[5.470000000000001, 1.09]",0.0072764442517207215,1.8918755054473877,WelfareSolutionConcept,5.9975000000000005,0.9541848615441348,0.007063623116566584,0.00015040437086040172,1.836542010307312,0.03910513642370445,COMPLETE
545,3.0075,2025-06-12 22:51:52.887188,2025-06-12 22:51:54.413299,0 days 00:00:01.526111,10,0.7818259606692326,0.07341635386283758,0.962485734729445,0.0033906442066570673,190,5451512,3.0075,1.8896742444135708,0.23175,0.1687237016545097,190.0,4,0.3700000000000003,"[0.019000000000000024, 0.018000000000000023]",5451512,"[0.19000000000000022, 0.18000000000000022]",0.006569754449944747,1.248253345489502,5.6,"[0.44299999999999995, 0.11699999999999997]",5452512,"[4.43, 1.1699999999999997]",0.006311913540488795,1.199263572692871,3.5799999999999996,"[0.3420000000000001, 0.01600000000000001]",5453512,"[3.420000000000001, 0.16000000000000011]",0.006494207131235223,1.2338993549346924,2.4800000000000004,"[0.123, 0.125]",5454512,"[1.23, 1.25]",0.00664087596692537,1.2617664337158203,WelfareSolutionConcept,2.3175000000000003,1.687237016545097,0.006504187772148534,0.00012252718594455483,1.2357956767082214,0.023280165329465415,COMPLETE
546,6.2524999999999995,2025-06-12 22:51:57.002399,2025-06-12 22:51:59.665176,0 days 00:00:02.662777,12,0.9514552731561291,0.07818271099880936,0.9744167197070489,0.08015292125209743,338,5461517,6.2524999999999995,1.4460009508987186,0.572,0.14396701010995538,330.0,4,7.61,"[0.6519999999999999, 0.10900000000000003]",5461517,"[6.52, 1.0900000000000003]",0.007055768822178696,2.3284037113189697,5.410000000000001,"[0.43500000000000005, 0.1060000000000001]",5462517,"[4.3500000000000005, 1.060000000000001]",0.007153999444210168,2.3608198165893555,7.679999999999999,"[0.768, 1.1102230246251566e-17]",5463517,"[7.68, 1.1102230246251565e-16]",0.007017749006097967,2.315857172012329,4.3100000000000005,"[0.433, -0.0019999999999999905]",5464517,"[4.33, -0.019999999999999907]",0.007518399845470081,2.481071949005127,WelfareSolutionConcept,5.720000000000001,1.4396701010995538,0.007186479279489228,0.00019797811156149493,2.3715381622314453,0.06533277681529337,COMPLETE
547,6.242500000000001,2025-06-12 22:51:59.680305,2025-06-12 22:52:01.297562,0 days 00:00:01.617257,10,0.6602361312472261,0.08218073812214259,0.996590696671185,0.058288116081320555,201,5471519,6.242500000000001,1.6178284056104344,0.6085,0.17747746335802747,200.0,4,7.890000000000001,"[0.772, 0.017000000000000022]",5471519,"[7.720000000000001, 0.1700000000000002]",0.007042591571807861,1.4085183143615723,7.83,"[0.7689999999999999, 0.014000000000000007]",5472519,"[7.6899999999999995, 0.14000000000000007]",0.007157971858978271,1.4315943717956543,4.66,"[0.34400000000000003, 0.12200000000000003]",5473519,"[3.4400000000000004, 1.2200000000000002]",0.006997984647750854,1.399596929550171,4.59,"[0.5490000000000002, -0.08999999999999998]",5474519,"[5.490000000000002, -0.8999999999999998]",0.00703325629234314,1.406651258468628,WelfareSolutionConcept,6.085000000000001,1.7747746335802748,0.007057951092720032,6.009549952665486e-05,1.4115902185440063,0.01201909990533099,COMPLETE
548,4.762499999999999,2025-06-12 22:52:01.314215,2025-06-12 22:52:03.316776,0 days 00:00:02.002561,11,0.6036154695435019,0.06680175331082158,0.9795226687515979,0.04731868129845245,239,5481521,4.762499999999999,1.5975508599102561,0.415,0.22248483094359497,230.0,4,5.549999999999999,"[0.43800000000000006, 0.11699999999999995]",5481521,"[4.380000000000001, 1.1699999999999995]",0.00760534431623376,1.7492291927337646,2.37,"[0.22699999999999995, 0.010000000000000007]",5482521,"[2.2699999999999996, 0.10000000000000007]",0.007919112495754076,1.8213958740234375,6.699999999999999,"[0.7700000000000001, -0.09999999999999999]",5483521,"[7.700000000000001, -0.9999999999999999]",0.0075392266978388245,1.7340221405029297,4.43,"[0.22499999999999995, 0.21800000000000003]",5484521,"[2.2499999999999996, 2.18]",0.007666602342025094,1.7633185386657715,WelfareSolutionConcept,4.15,2.2248483094359495,0.007682571462962939,0.00014380405670376867,1.7669914364814758,0.03307493304186684,COMPLETE
549,2.8575000000000004,2025-06-12 22:52:03.332369,2025-06-12 22:52:06.438633,0 days 00:00:03.106264,13,0.5100888871786861,0.19008742245388646,0.9284752826836415,0.0020344629181030054,358,5491523,2.8575000000000004,2.3959379687295743,0.26849999999999996,0.2543358999433623,350.0,4,3.0800000000000005,"[-0.009999999999999985, 0.31800000000000006]",5491523,"[-0.09999999999999984, 3.1800000000000006]",0.007833998543875557,2.7418994903564453,6.47,"[0.656, -0.008999999999999994]",5492523,"[6.5600000000000005, -0.08999999999999994]",0.008246185438973564,2.886164903640747,-0.17999999999999983,"[0.10200000000000001, -0.11999999999999997]",5493523,"[1.02, -1.1999999999999997]",0.008325090408325195,2.9137816429138184,2.06,"[0.32599999999999996, -0.11999999999999997]",5494523,"[3.26, -1.1999999999999997]",0.007915045193263463,2.770265817642212,WelfareSolutionConcept,2.685,2.543358999433623,0.008080079896109444,0.0002094120862839153,2.8280279636383057,0.07329423019937031,COMPLETE
550,6.485,2025-06-12 22:52:06.455248,2025-06-12 22:52:08.612311,0 days 00:00:02.157063,12,0.9786847393376195,0.029064863797561943,0.9834646599427559,0.041648754305685334,273,5501526,6.485,1.3309676930714736,0.40675,0.2090781851365656,270.0,4,5.42,"[0.329, 0.213]",5501526,"[3.29, 2.13]",0.007100284541094745,1.917076826095581,8.66,"[0.538, 0.328]",5502526,"[5.380000000000001, 3.2800000000000002]",0.007187872462802463,1.940725564956665,5.38,"[0.10600000000000001, 0.43200000000000005]",5503526,"[1.06, 4.32]",0.007280500729878744,1.9657351970672607,6.4799999999999995,"[0.654, -0.005999999999999994]",5504526,"[6.54, -0.05999999999999994]",0.007233058964764631,1.9529259204864502,WelfareSolutionConcept,4.067500000000001,2.090781851365656,0.007200429174635145,6.645068811158597e-05,1.9441158771514893,0.017941685790128163,COMPLETE
551,3.4524999999999997,2025-06-12 22:52:11.239728,2025-06-12 22:52:12.735053,0 days 00:00:01.495325,11,0.9634342872716898,0.05590701766221011,0.951711189503978,0.06947146677767574,186,5511531,3.4524999999999997,0.7639821660222181,0.39049999999999996,0.05301179114121687,180.0,4,3.4400000000000004,"[0.44399999999999995, -0.09999999999999999]",5511531,"[4.4399999999999995, -0.9999999999999999]",0.007198784086439345,1.295781135559082,2.3600000000000003,"[0.33599999999999997, -0.09999999999999999]",5512531,"[3.3599999999999994, -0.9999999999999999]",0.007246377733018663,1.3043479919433594,3.4899999999999993,"[0.33899999999999997, 0.01000000000000002]",5513531,"[3.3899999999999997, 0.1000000000000002]",0.007290269268883599,1.3122484683990479,4.5200000000000005,"[0.44299999999999995, 0.009000000000000008]",5514531,"[4.43, 0.09000000000000008]",0.007241559028625488,1.303480625152588,WelfareSolutionConcept,3.9049999999999994,0.5301179114121688,0.007244247529241774,3.239093605780977e-05,1.3039645552635193,0.005830368490405806,COMPLETE
552,6.4025,2025-06-12 22:52:12.750421,2025-06-12 22:52:15.578488,0 days 00:00:02.828067,15,0.6385083749424154,0.07291469750188372,0.9699351908683719,0.03487047052104958,281,5521532,6.4025,2.1183882434530266,0.47575,0.3301805377365541,280.0,4,7.249999999999999,"[0.41600000000000004, 0.30899999999999994]",5521532,"[4.16, 3.0899999999999994]",0.008784305197851998,2.4596054553985596,3.860000000000001,"[-0.026000000000000002, 0.4119999999999999]",5522532,"[-0.26, 4.119999999999999]",0.009374117851257325,2.624752998352051,9.41,"[0.8640000000000001, 0.07700000000000003]",5523532,"[8.64, 0.7700000000000002]",0.008953059571129934,2.506856679916382,5.09,"[0.6490000000000001, -0.13999999999999996]",5524532,"[6.490000000000001, -1.3999999999999995]",0.009046591179711478,2.533045530319214,WelfareSolutionConcept,4.7575,3.301805377365541,0.009039518449987682,0.00021483466004974623,2.5310651659965515,0.060153704813928836,COMPLETE
553,3.8525000000000005,2025-06-12 22:52:15.593700,2025-06-12 22:52:18.171896,0 days 00:00:02.578196,10,0.9856285190236739,0.08596362693729717,0.937472494339882,0.05390301777146792,408,5531535,3.8525000000000005,2.0722858755490283,0.39575000000000005,0.2694534978433199,400.0,4,6.820000000000001,"[0.772, -0.08999999999999998]",5531535,"[7.720000000000001, -0.8999999999999998]",0.0058757966756820676,2.350318670272827,1.4200000000000002,"[0.018000000000000013, 0.124]",5532535,"[0.18000000000000013, 1.24]",0.0059650659561157225,2.386026382446289,4.660000000000001,"[0.45200000000000007, 0.014000000000000007]",5533535,"[4.5200000000000005, 0.14000000000000007]",0.00569329559803009,2.277318239212036,2.51,"[0.3410000000000001, -0.08999999999999998]",5534535,"[3.410000000000001, -0.8999999999999998]",0.0057859659194946286,2.3143863677978516,WelfareSolutionConcept,3.9575000000000005,2.694534978433199,0.005830031037330628,0.00010120182547220115,2.332012414932251,0.04048073018888044,COMPLETE
554,6.8325,2025-06-12 22:52:18.191550,2025-06-12 22:52:20.271530,0 days 00:00:02.079980,14,0.9520164915914355,0.06160123325728216,0.9443122792699492,0.002916880470672396,227,5541538,6.8325,1.263415509640435,0.5075000000000001,0.09167469661798726,220.0,4,6.21,"[0.526, 0.095]",5541538,"[5.26, 0.95]",0.007906642827120695,1.7394614219665527,8.49,"[0.6500000000000001, 0.199]",5542538,"[6.500000000000002, 1.9900000000000002]",0.008215487003326416,1.8074071407318115,7.48,"[0.429, 0.31900000000000006]",5543538,"[4.29, 3.1900000000000004]",0.00797475901517001,1.7544469833374023,5.15,"[0.4250000000000001, 0.09000000000000002]",5544538,"[4.250000000000001, 0.9000000000000002]",0.00840757435018366,1.8496663570404053,WelfareSolutionConcept,5.075,0.9167469661798727,0.008126115798950196,0.00019892422526809783,1.787745475769043,0.04376332955898153,COMPLETE
