number,value,datetime_start,datetime_complete,duration,params_episode_length,params_epsilon_max,params_epsilon_min,params_gamma,params_learning_rate,params_num_episodes,user_attrs_base_seed,user_attrs_collective_reward_mean,user_attrs_collective_reward_std,user_attrs_individual_reward_agent0_mean,user_attrs_individual_reward_agent0_std,user_attrs_num_episodes_mean,user_attrs_num_parallel_runs,user_attrs_run_0_collective_reward,user_attrs_run_0_individual_rewards,user_attrs_run_0_seed,user_attrs_run_0_total_individual_rewards,user_attrs_run_0_training_time_per_episode,user_attrs_run_0_training_time_total,user_attrs_run_1_collective_reward,user_attrs_run_1_individual_rewards,user_attrs_run_1_seed,user_attrs_run_1_total_individual_rewards,user_attrs_run_1_training_time_per_episode,user_attrs_run_1_training_time_total,user_attrs_run_2_collective_reward,user_attrs_run_2_individual_rewards,user_attrs_run_2_seed,user_attrs_run_2_total_individual_rewards,user_attrs_run_2_training_time_per_episode,user_attrs_run_2_training_time_total,user_attrs_run_3_collective_reward,user_attrs_run_3_individual_rewards,user_attrs_run_3_seed,user_attrs_run_3_total_individual_rewards,user_attrs_run_3_training_time_per_episode,user_attrs_run_3_training_time_total,user_attrs_solution_concept,user_attrs_total_individual_reward_agent0_mean,user_attrs_total_individual_reward_agent0_std,user_attrs_training_time_per_episode_mean,user_attrs_training_time_per_episode_std,user_attrs_training_time_total_mean,user_attrs_training_time_total_std,state
383,4.24,2025-06-12 22:44:30.071005,2025-06-12 22:44:33.100010,0 days 00:00:03.029005,15,0.627467680759455,0.09173320443119348,0.9295641078781327,0.0007894761371890223,316,3831070,4.24,2.5008398589273964,0.343,0.1460787458872782,310.0,4,1.7600000000000002,"[0.202, -0.02599999999999999]",3831070,"[2.02, -0.2599999999999999]",0.00922458787118235,2.8596222400665283,8.34,"[0.538, 0.296]",3832070,"[5.380000000000001, 2.96]",0.008926294695946479,2.767151355743408,2.8200000000000003,"[0.20200000000000004, 0.08]",3833070,"[2.0200000000000005, 0.8]",0.008634509578827889,2.6766979694366455,4.040000000000001,"[0.43, -0.02599999999999999]",3834070,"[4.3, -0.2599999999999999]",0.008955567882907006,2.776226043701172,WelfareSolutionConcept,3.4300000000000006,1.460787458872782,0.00893524000721593,0.00020895826022450256,2.7699244022369385,0.06477706066959577,COMPLETE
384,6.720000000000001,2025-06-12 22:44:33.114818,2025-06-12 22:44:36.706655,0 days 00:00:03.591837,13,0.5918225109585077,0.03740623824442018,0.979575575590111,0.06999979594036183,425,3841073,6.720000000000001,2.860620562045935,0.6257499999999999,0.163588469948221,420.0,4,5.3100000000000005,"[0.651, -0.11999999999999997]",3841073,"[6.51, -1.1999999999999997]",0.00793361607052031,3.3321187496185303,3.1400000000000006,"[0.434, -0.11999999999999997]",3842073,"[4.34, -1.1999999999999997]",0.008129080704280308,3.4142138957977295,7.5600000000000005,"[0.5419999999999999, 0.21399999999999997]",3843073,"[5.419999999999999, 2.1399999999999997]",0.007589042754400344,3.1873979568481445,10.870000000000001,"[0.876, 0.21100000000000008]",3844073,"[8.76, 2.1100000000000008]",0.0069856456347874235,2.9339711666107178,WelfareSolutionConcept,6.2575,1.63588469948221,0.007659346290997096,0.0004343643322193909,3.2169254422187805,0.18243301953214433,COMPLETE
385,4.1225000000000005,2025-06-12 22:44:36.721349,2025-06-12 22:44:38.235737,0 days 00:00:01.514388,10,0.7941000292608263,0.09553995731634307,0.9892335775583613,0.023315166061310472,191,3851076,4.1225000000000005,3.184151182026381,0.31300000000000006,0.20622439234969273,190.0,4,7.9,"[0.555, 0.23500000000000004]",3851076,"[5.550000000000001, 2.3500000000000005]",0.006583415834527266,1.2508490085601807,3.56,"[0.23000000000000004, 0.12600000000000003]",3852076,"[2.3000000000000003, 1.2600000000000002]",0.006634645713003058,1.260582685470581,-0.7099999999999997,"[0.019000000000000013, -0.08999999999999998]",3853076,"[0.19000000000000014, -0.8999999999999998]",0.00698146569101434,1.3264784812927246,5.74,"[0.44800000000000006, 0.126]",3854076,"[4.48, 1.26]",0.006681791104768452,1.2695403099060059,WelfareSolutionConcept,3.1300000000000003,2.0622439234969274,0.006720329585828279,0.00015472910304124152,1.276862621307373,0.029398529577835848,COMPLETE
386,3.4174999999999995,2025-06-12 22:44:40.086587,2025-06-12 22:44:41.945838,0 days 00:00:01.859251,11,0.9637851130849933,0.052960712593517714,0.9828342309056632,0.04291507269194428,246,3861080,3.4174999999999995,1.365656893220255,0.33499999999999996,0.13268195054339532,240.0,4,3.44,"[0.33599999999999997, 0.008000000000000007]",3861080,"[3.3599999999999994, 0.08000000000000007]",0.006748177607854207,1.6195626258850098,4.529999999999999,"[0.44300000000000006, 0.01000000000000002]",3862080,"[4.430000000000001, 0.1000000000000002]",0.006703223784764608,1.6087737083435059,1.1800000000000002,"[0.11800000000000002, 8.326672684688674e-18]",3863080,"[1.1800000000000002, 8.326672684688674e-17]",0.00699551006158193,1.678922414779663,4.52,"[0.44299999999999995, 0.009000000000000006]",3864080,"[4.43, 0.09000000000000007]",0.00690434475739797,1.6570427417755127,WelfareSolutionConcept,3.35,1.326819505433953,0.006837814052899679,0.00011773232176468317,1.6410753726959229,0.028255757223523952,COMPLETE
387,3.059999999999998,2025-06-12 22:44:41.961220,2025-06-12 22:44:49.295408,0 days 00:00:07.334188,38,0.6743532672245082,0.05771952453351408,0.98760841898339,0.08909717734974099,391,3871082,3.059999999999998,1.7321518409192653,0.5774999999999999,0.13252452603197645,390.0,4,4.749999999999998,"[0.708, -0.23300000000000015]",3871082,"[7.08, -2.3300000000000014]",0.018342869098369893,7.153718948364258,4.699999999999998,"[0.712, -0.24200000000000013]",3872082,"[7.119999999999999, -2.4200000000000013]",0.016361237183595317,6.380882501602173,2.0699999999999985,"[0.44799999999999995, -0.24100000000000016]",3873082,"[4.4799999999999995, -2.4100000000000015]",0.016319970595530975,6.36478853225708,0.7199999999999979,"[0.4419999999999999, -0.37000000000000016]",3874082,"[4.419999999999999, -3.7000000000000015]",0.01795664261548947,7.0030906200408936,WelfareSolutionConcept,5.7749999999999995,1.3252452603197646,0.017245179873246416,0.0009149409481915397,6.725620150566101,0.3568269697947005,COMPLETE
388,6.4750000000000005,2025-06-12 22:44:49.310352,2025-06-12 22:44:52.088716,0 days 00:00:02.778364,12,0.9788848207819338,0.08403195759957423,0.9942464871988107,0.06170650181998782,383,3881089,6.4750000000000005,2.7349634366843008,0.48674999999999996,0.15912632560327658,380.0,4,9.700000000000001,"[0.641, 0.329]",3881089,"[6.41, 3.29]",0.0064486867503116005,2.450500965118408,7.510000000000001,"[0.545, 0.20600000000000004]",3882089,"[5.45, 2.0600000000000005]",0.006770441406651547,2.572767734527588,2.18,"[0.22000000000000003, -0.0019999999999999905]",3883089,"[2.2, -0.019999999999999907]",0.006855358575519763,2.6050362586975098,6.510000000000001,"[0.5409999999999999, 0.11000000000000001]",3884089,"[5.409999999999999, 1.1]",0.006744994615253649,2.5630979537963867,WelfareSolutionConcept,4.8675,1.591263256032766,0.00670487033693414,0.00015344890265324312,2.547850728034973,0.058310583008232386,COMPLETE
389,6.857500000000002,2025-06-12 22:44:52.103846,2025-06-12 22:44:55.234569,0 days 00:00:03.130723,14,0.6337145638651486,0.07308846476746883,0.9760382402939669,0.07830032819470673,359,3891092,6.857500000000002,1.2962903802775054,0.42975,0.2854508495345565,350.0,4,6.330000000000001,"[0.42800000000000005, 0.20500000000000002]",3891092,"[4.28, 2.0500000000000003]",0.00844250134059361,2.9548754692077637,8.57,"[0.765, 0.092]",3892092,"[7.65, 0.9199999999999999]",0.008400736536298479,2.9402577877044678,5.080000000000001,"[-0.017999999999999995, 0.526]",3893092,"[-0.17999999999999994, 5.26]",0.008310456957135882,2.9086599349975586,7.450000000000001,"[0.544, 0.201]",3894092,"[5.44, 2.0100000000000002]",0.008175677571977888,2.8614871501922607,WelfareSolutionConcept,4.2975,2.8545084953455646,0.008332343101501466,0.00010226875258272878,2.9163200855255127,0.035794063403955134,COMPLETE
390,6.41,2025-06-12 22:44:55.249808,2025-06-12 22:44:57.690895,0 days 00:00:02.441087,13,0.604049638529342,0.0783812215287131,0.9372292898170087,0.05408656001556261,261,3901095,6.41,2.4194317514656203,0.54325,0.1747632326892587,260.0,4,7.490000000000001,"[0.7689999999999999, -0.01999999999999999]",3901095,"[7.6899999999999995, -0.1999999999999999]",0.008332565197577843,2.1664669513702393,3.1700000000000004,"[0.325, -0.007999999999999983]",3902095,"[3.25, -0.07999999999999982]",0.008379960977114164,2.1787898540496826,9.66,"[0.6479999999999999, 0.31799999999999995]",3903095,"[6.479999999999999, 3.1799999999999997]",0.007652960373805119,1.989769697189331,5.32,"[0.43100000000000005, 0.10100000000000002]",3904095,"[4.3100000000000005, 1.0100000000000002]",0.008356594122373141,2.1727144718170166,WelfareSolutionConcept,5.432499999999999,1.747632326892587,0.008180520167717567,0.000305047414846848,2.1269352436065674,0.0793123278601804,COMPLETE
391,7.2375,2025-06-12 22:44:59.560489,2025-06-12 22:45:02.163396,0 days 00:00:02.602907,11,0.5707229649603394,0.10149004130792416,0.9350822775304612,0.03190251489214629,330,3911099,7.2375,2.2211075503000752,0.6332500000000001,0.15707541978298198,330.0,4,5.6499999999999995,"[0.44800000000000006, 0.11699999999999999]",3911099,"[4.48, 1.17]",0.0070687749169089575,2.332695722579956,8.86,"[0.661, 0.22499999999999995]",3912099,"[6.61, 2.2499999999999996]",0.006912203991051876,2.281027317047119,4.5200000000000005,"[0.5519999999999999, -0.09999999999999999]",3913099,"[5.52, -0.9999999999999999]",0.0073428775324965966,2.423149585723877,9.920000000000002,"[0.8720000000000001, 0.12000000000000002]",3914099,"[8.72, 1.2000000000000002]",0.00698695182800293,2.305694103240967,WelfareSolutionConcept,6.3325,1.5707541978298198,0.0070777020671150895,0.0001628058203279607,2.3356416821479797,0.0537259207082271,COMPLETE
392,5.165,2025-06-12 22:45:02.178593,2025-06-12 22:45:05.758459,0 days 00:00:03.579866,16,0.5633536742579666,0.10500125441225204,0.9323258289506189,0.03174337685768075,342,3921102,5.165,3.181835162292352,0.5295,0.1355756246528114,340.0,4,2.72,"[0.422, -0.14999999999999997]",3921102,"[4.22, -1.4999999999999996]",0.009050445696886848,3.0771515369415283,4.84,"[0.532, -0.04800000000000001]",3922102,"[5.32, -0.4800000000000001]",0.009988015539505903,3.395925283432007,10.459999999999999,"[0.75, 0.29600000000000004]",3923102,"[7.5, 2.9600000000000004]",0.009026525301091812,3.069018602371216,2.64,"[0.414, -0.14999999999999997]",3924102,"[4.14, -1.4999999999999996]",0.009570388934191536,3.253932237625122,WelfareSolutionConcept,5.295,1.355756246528114,0.009408843867919025,0.0003987961161877559,3.1990069150924683,0.13559067950383696,COMPLETE
393,5.73,2025-06-12 22:45:05.773978,2025-06-12 22:45:08.212677,0 days 00:00:02.438699,10,0.5444704178141566,0.10121474709650194,0.9344458624415736,0.035218448065474826,329,3931105,5.73,1.3127642591112845,0.47625,0.1756407911050278,320.0,4,4.62,"[0.34199999999999997, 0.12]",3931105,"[3.42, 1.2]",0.006647171080112457,2.1270947456359863,5.74,"[0.449, 0.125]",3932105,"[4.49, 1.25]",0.00658431276679039,2.106980085372925,7.87,"[0.7710000000000001, 0.01600000000000001]",3933105,"[7.710000000000001, 0.16000000000000011]",0.006692781299352646,2.1416900157928467,4.69,"[0.343, 0.126]",3934105,"[3.43, 1.26]",0.006732120364904404,2.154278516769409,WelfareSolutionConcept,4.7625,1.756407911050278,0.006664096377789974,5.500449489270461e-05,2.1325108408927917,0.017601438365665443,COMPLETE
394,4.9325,2025-06-12 22:45:08.227527,2025-06-12 22:45:11.054111,0 days 00:00:02.826584,12,0.5703933589220612,0.09911701328038398,0.9327012861649089,0.026337128750519037,339,3941108,4.9325,1.632519142307373,0.4375,0.1890879425029528,330.0,4,6.5600000000000005,"[0.5449999999999999, 0.11100000000000003]",3941108,"[5.449999999999999, 1.1100000000000003]",0.007423033858790542,2.449601173400879,2.21,"[0.1100000000000001, 0.11100000000000003]",3942108,"[1.100000000000001, 1.1100000000000003]",0.007751290003458659,2.5579257011413574,5.490000000000001,"[0.5489999999999999, 1.1102230246251566e-17]",3943108,"[5.489999999999999, 1.1102230246251565e-16]",0.007636946620363178,2.5201923847198486,5.47,"[0.546, 0.001000000000000012]",3944108,"[5.460000000000001, 0.01000000000000012]",0.0072738987026792585,2.4003865718841553,WelfareSolutionConcept,4.375,1.890879425029528,0.0075212922963229095,0.0001851574861294672,2.48202645778656,0.06110197042272418,COMPLETE
395,5.7625,2025-06-12 22:45:11.069202,2025-06-12 22:45:13.531068,0 days 00:00:02.461866,12,0.9552778526386132,0.10690369594334795,0.9359351327221399,0.031000239480378913,333,3951111,5.7625,0.9129450969253298,0.46575,0.1611325153406351,330.0,4,4.390000000000001,"[0.221, 0.21800000000000005]",3951111,"[2.21, 2.1800000000000006]",0.00689076871582956,2.273953676223755,5.480000000000001,"[0.43699999999999994, 0.11100000000000007]",3952111,"[4.369999999999999, 1.1100000000000008]",0.006412972103465687,2.1162807941436768,6.61,"[0.549, 0.11200000000000002]",3953111,"[5.49, 1.12]",0.00671223293651234,2.2150368690490723,6.57,"[0.656, 0.001000000000000012]",3954111,"[6.5600000000000005, 0.01000000000000012]",0.006798690738099994,2.243567943572998,WelfareSolutionConcept,4.657500000000001,1.611325153406351,0.006703666123476896,0.00017931359471970952,2.2122098207473755,0.05917348625750413,COMPLETE
396,4.885,2025-06-12 22:45:15.417903,2025-06-12 22:45:17.543217,0 days 00:00:02.125314,10,0.8492030151378565,0.09476261593492712,0.9642577334366076,0.021852577472110307,311,3961115,4.885,0.45489009661675406,0.52625,0.08784752415407047,310.0,4,4.66,"[0.556, -0.08999999999999998]",3961115,"[5.5600000000000005, -0.8999999999999998]",0.0058695093277961975,1.8195478916168213,5.67,"[0.657, -0.08999999999999998]",3962115,"[6.57, -0.8999999999999998]",0.005989371576616841,1.8567051887512207,4.65,"[0.44800000000000006, 0.01700000000000001]",3963115,"[4.48, 0.17000000000000012]",0.0057680922169839185,1.7881085872650146,4.5600000000000005,"[0.4440000000000001, 0.012000000000000005]",3964115,"[4.440000000000001, 0.12000000000000005]",0.005885058064614573,1.8243680000305176,WelfareSolutionConcept,5.2625,0.8784752415407048,0.005878007796502883,7.843031364380913e-05,1.8221824169158936,0.02431339722958082,COMPLETE
397,6.164999999999999,2025-06-12 22:45:17.558345,2025-06-12 22:45:20.202381,0 days 00:00:02.644036,13,0.9719903289539398,0.10340613820990013,0.9408022873529804,0.037190700111372446,352,3971117,6.164999999999999,0.47699580710945455,0.544,0.17566587602605127,350.0,4,5.34,"[0.43299999999999994, 0.10100000000000005]",3971117,"[4.329999999999999, 1.0100000000000005]",0.00701125008719308,2.453937530517578,6.45,"[0.654, -0.008999999999999984]",3972117,"[6.54, -0.08999999999999983]",0.006959492138453893,2.4358222484588623,6.47,"[0.767, -0.11999999999999997]",3973117,"[7.67, -1.1999999999999997]",0.0070183828898838585,2.4564340114593506,6.3999999999999995,"[0.32199999999999995, 0.31799999999999995]",3974117,"[3.2199999999999998, 3.1799999999999997]",0.006842593465532575,2.3949077129364014,WelfareSolutionConcept,5.4399999999999995,1.7566587602605124,0.006957929645265852,7.036074909455702e-05,2.435275375843048,0.024626262183094987,COMPLETE
398,5.095,2025-06-12 22:45:20.219129,2025-06-12 22:45:22.437367,0 days 00:00:02.218238,11,0.985337228369383,0.09909005374035916,0.9370102946147861,0.04118552778869941,332,3981120,5.095,2.509506923680427,0.50075,0.19657361852496893,330.0,4,2.3600000000000003,"[0.229, 0.007000000000000006]",3981120,"[2.29, 0.07000000000000006]",0.006079078443122632,2.0060958862304688,8.93,"[0.774, 0.119]",3982120,"[7.74, 1.19]",0.005740394014300722,1.8943300247192383,3.4499999999999997,"[0.44499999999999995, -0.09999999999999999]",3983120,"[4.449999999999999, -0.9999999999999999]",0.006161565491647431,2.0333166122436523,5.64,"[0.555, 0.009000000000000006]",3984120,"[5.550000000000001, 0.09000000000000007]",0.005998904777295662,1.9796385765075684,WelfareSolutionConcept,5.0075,1.965736185249689,0.005994985681591612,0.00015783908104873644,1.978345274925232,0.0520868967460831,COMPLETE
399,5.250000000000001,2025-06-12 22:45:22.456725,2025-06-12 22:45:25.014808,0 days 00:00:02.558083,14,0.9998440795055665,0.06614802610363385,0.9303011492523711,0.09998780143073037,320,3991122,5.250000000000001,1.7758800635178043,0.57175,0.20043749025569044,320.0,4,4.130000000000001,"[0.4330000000000001, -0.019999999999999983]",3991122,"[4.330000000000001, -0.19999999999999984]",0.007254470139741898,2.3214304447174072,7.460000000000001,"[0.764, -0.017999999999999995]",3992122,"[7.640000000000001, -0.17999999999999994]",0.0073666244745254515,2.3573198318481445,2.9900000000000007,"[0.318, -0.018999999999999986]",3993122,"[3.18, -0.18999999999999986]",0.007442930340766906,2.38173770904541,6.420000000000001,"[0.772, -0.12999999999999995]",3994122,"[7.720000000000001, -1.2999999999999994]",0.007289095222949982,2.332510471343994,WelfareSolutionConcept,5.717500000000001,2.0043749025569046,0.007338280044496059,7.279824522041776e-05,2.348249614238739,0.023295438470533746,COMPLETE
400,4.9975,2025-06-12 22:45:25.029920,2025-06-12 22:45:27.250437,0 days 00:00:02.220517,11,0.6470537909478786,0.04946260554690118,0.9351763586873975,0.02693124811969567,300,4001125,4.9975,1.749248052735803,0.54725,0.18527327788971626,300.0,4,3.4899999999999993,"[0.44899999999999995, -0.09999999999999999]",4001125,"[4.489999999999999, -0.9999999999999999]",0.006450538635253906,1.9351615905761719,5.43,"[0.43299999999999994, 0.11000000000000001]",4002125,"[4.329999999999999, 1.1]",0.006560226281483968,1.9680678844451904,7.679999999999999,"[0.8680000000000001, -0.09999999999999999]",4003125,"[8.680000000000001, -0.9999999999999999]",0.006829752127329509,2.0489256381988525,3.39,"[0.43899999999999995, -0.09999999999999999]",4004125,"[4.39, -0.9999999999999999]",0.006817452112833659,2.0452356338500977,WelfareSolutionConcept,5.4725,1.852732778897163,0.006664492289225261,0.0001638254315930191,1.9993476867675781,0.049147629477905706,COMPLETE
401,5.4375,2025-06-12 22:45:29.170311,2025-06-12 22:45:30.719420,0 days 00:00:01.549109,12,0.5812738024408728,0.09456425743211888,0.969755769089245,0.0443888994154622,164,4011129,5.4375,2.565028021289435,0.4375,0.15280134161714679,160.0,4,4.3500000000000005,"[0.442, -0.006999999999999984]",4011129,"[4.42, -0.06999999999999984]",0.008098079264163971,1.2956926822662354,9.819999999999999,"[0.655, 0.32700000000000007]",4012129,"[6.550000000000001, 3.2700000000000005]",0.007659967243671417,1.2255947589874268,3.2900000000000005,"[0.22300000000000003, 0.10600000000000001]",4013129,"[2.2300000000000004, 1.06]",0.007868243753910065,1.2589190006256104,4.290000000000001,"[0.43000000000000005, -0.0009999999999999898]",4014129,"[4.300000000000001, -0.009999999999999898]",0.007984836399555207,1.277573823928833,WelfareSolutionConcept,4.375,1.5280134161714682,0.007902781665325164,0.0001620384539312562,1.2644450664520264,0.025926152629000974,COMPLETE
402,5.5675,2025-06-12 22:45:30.735686,2025-06-12 22:45:33.593175,0 days 00:00:02.857489,13,0.5538925565106049,0.1086036951993912,0.9956228840017739,0.018115328730017363,347,4021130,5.5675,1.9421170793749793,0.5415,0.13295958032424743,340.0,4,5.32,"[0.4339999999999999, 0.098]",4021130,"[4.339999999999999, 0.98]",0.007623399706447826,2.5919559001922607,3.1700000000000004,"[0.437, -0.11999999999999997]",4022130,"[4.37, -1.1999999999999997]",0.007865705209619859,2.674339771270752,5.1899999999999995,"[0.534, -0.014999999999999996]",4023130,"[5.34, -0.14999999999999997]",0.007880064319161807,2.6792218685150146,8.59,"[0.761, 0.09800000000000003]",4024130,"[7.61, 0.9800000000000003]",0.007449232129489674,2.5327389240264893,WelfareSolutionConcept,5.415,1.3295958032424744,0.007704600341179792,0.00017926855052340278,2.619564116001129,0.060951307177957,COMPLETE
403,7.3425,2025-06-12 22:45:33.610730,2025-06-12 22:45:34.949706,0 days 00:00:01.338976,10,0.9600543550645114,0.07006057768705692,0.9441040400842244,0.033437954809272,180,4031133,7.3425,1.5879763064983037,0.5815,0.13830672434845676,180.0,4,5.700000000000001,"[0.66, -0.08999999999999998]",4031133,"[6.6000000000000005, -0.8999999999999998]",0.00619578758875529,1.1152417659759521,9.969999999999997,"[0.6579999999999999, 0.3390000000000001]",4032133,"[6.579999999999999, 3.3900000000000006]",0.0059750702646043565,1.0755126476287842,6.850000000000001,"[0.34199999999999997, 0.3430000000000001]",4033133,"[3.42, 3.4300000000000006]",0.006193025906880697,1.1147446632385254,6.8500000000000005,"[0.666, 0.019000000000000013]",4034133,"[6.66, 0.19000000000000014]",0.006222209665510389,1.1199977397918701,WelfareSolutionConcept,5.815,1.3830672434845677,0.006146523356437683,9.964189864685999e-05,1.106374204158783,0.0179355417564348,COMPLETE
404,6.487500000000001,2025-06-12 22:45:34.974069,2025-06-12 22:45:36.119158,0 days 00:00:01.145089,10,0.956010417975377,0.06935458518821178,0.9406213464558542,0.03852321314627739,157,4041135,6.487500000000001,2.0801607509997884,0.5517500000000001,0.1073018522673304,150.0,4,8.920000000000002,"[0.663, 0.229]",4041135,"[6.630000000000001, 2.29]",0.006311674118041993,0.9467511177062988,5.650000000000001,"[0.655, -0.08999999999999998]",4042135,"[6.550000000000001, -0.8999999999999998]",0.0063614098230997725,0.9542114734649658,3.5199999999999996,"[0.44200000000000006, -0.08999999999999998]",4043135,"[4.420000000000001, -0.8999999999999998]",0.006459763844807943,0.9689645767211914,7.860000000000001,"[0.44700000000000006, 0.3390000000000001]",4044135,"[4.470000000000001, 3.3900000000000006]",0.006171580950419108,0.9257371425628662,WelfareSolutionConcept,5.5175,1.0730185226733042,0.006326107184092204,0.00010391949956983857,0.9489160776138306,0.015587924935475799,COMPLETE
