number,value,datetime_start,datetime_complete,duration,params_episode_length,params_epsilon_max,params_epsilon_min,params_gamma,params_learning_rate,params_num_episodes,user_attrs_base_seed,user_attrs_collective_reward_mean,user_attrs_collective_reward_std,user_attrs_individual_reward_agent0_mean,user_attrs_individual_reward_agent0_std,user_attrs_num_episodes_mean,user_attrs_num_parallel_runs,user_attrs_run_0_collective_reward,user_attrs_run_0_individual_rewards,user_attrs_run_0_seed,user_attrs_run_0_total_individual_rewards,user_attrs_run_0_training_time_per_episode,user_attrs_run_0_training_time_total,user_attrs_run_1_collective_reward,user_attrs_run_1_individual_rewards,user_attrs_run_1_seed,user_attrs_run_1_total_individual_rewards,user_attrs_run_1_training_time_per_episode,user_attrs_run_1_training_time_total,user_attrs_run_2_collective_reward,user_attrs_run_2_individual_rewards,user_attrs_run_2_seed,user_attrs_run_2_total_individual_rewards,user_attrs_run_2_training_time_per_episode,user_attrs_run_2_training_time_total,user_attrs_run_3_collective_reward,user_attrs_run_3_individual_rewards,user_attrs_run_3_seed,user_attrs_run_3_total_individual_rewards,user_attrs_run_3_training_time_per_episode,user_attrs_run_3_training_time_total,user_attrs_solution_concept,user_attrs_total_individual_reward_agent0_mean,user_attrs_total_individual_reward_agent0_std,user_attrs_training_time_per_episode_mean,user_attrs_training_time_per_episode_std,user_attrs_training_time_total_mean,user_attrs_training_time_total_std,state
145,3.585,2025-06-12 22:00:32.889462,2025-06-12 22:00:35.841139,0 days 00:00:02.951677,10,0.9573235631705207,0.10738511272483978,0.9774262596047693,0.06959747048769215,313,1458432,3.585,2.390831445334447,0.28625,0.22032632048849723,310.0,4,2.54,"[0.12699999999999995, 0.127]",1458432,"[1.2699999999999996, 1.27]",0.00885285254447691,2.744384288787842,6.74,"[0.548, 0.126]",1459432,"[5.48, 1.26]",0.006475963131073983,2.0075485706329346,0.34000000000000025,"[0.01700000000000001, 0.017000000000000022]",1460432,"[0.17000000000000012, 0.1700000000000002]",0.008977000174983854,2.782870054244995,4.72,"[0.453, 0.019000000000000013]",1461432,"[4.53, 0.19000000000000014]",0.006588766651768838,2.04251766204834,WelfareSolutionConcept,2.8625,2.2032632048849727,0.007723645625575896,0.0011927560295898133,2.394330143928528,0.3697543691728422,COMPLETE
146,7.209999999999999,2025-06-12 22:00:36.638975,2025-06-12 22:00:39.355921,0 days 00:00:02.716946,11,0.9930814616897007,0.0966970998557353,0.984219262869099,0.050414356820548414,273,1468436,7.209999999999999,3.0872884542912407,0.5785,0.19471838639430025,270.0,4,7.74,"[0.552, 0.22199999999999998]",1468436,"[5.5200000000000005, 2.2199999999999998]",0.009188169903225369,2.4808058738708496,12.049999999999999,"[0.8770000000000001, 0.32799999999999996]",1469436,"[8.770000000000001, 3.2799999999999994]",0.006849327793827764,1.849318504333496,4.51,"[0.331, 0.12000000000000002]",1470436,"[3.31, 1.2000000000000002]",0.0065436142462271234,1.7667758464813232,4.54,"[0.554, -0.09999999999999999]",1471436,"[5.540000000000001, -0.9999999999999999]",0.009418451344525373,2.5429818630218506,WelfareSolutionConcept,5.785,1.9471838639430026,0.007999890821951407,0.0013104253009888532,2.15997052192688,0.3538148312669904,COMPLETE
147,2.6125000000000003,2025-06-12 22:00:39.370970,2025-06-12 22:00:41.938575,0 days 00:00:02.567605,11,0.9754758080850651,0.09502043706907096,0.984158384925398,0.04679249175208541,247,1478439,2.6125000000000003,2.091929432366207,0.25399999999999995,0.25956020496216287,240.0,4,0.19000000000000014,"[0.119, -0.09999999999999999]",1478439,"[1.19, -0.9999999999999999]",0.009923819700876873,2.381716728210449,3.42,"[0.442, -0.09999999999999999]",1479439,"[4.42, -0.9999999999999999]",0.007230197389920552,1.7352473735809326,5.620000000000001,"[0.5549999999999999, 0.0070000000000000106]",1480439,"[5.549999999999999, 0.0700000000000001]",0.007150756319363912,1.7161815166473389,1.2200000000000002,"[-0.09999999999999999, 0.22199999999999998]",1481439,"[-0.9999999999999999, 2.2199999999999998]",0.01002072791258494,2.4049746990203857,WelfareSolutionConcept,2.5399999999999996,2.5956020496216285,0.008581375330686569,0.0013916038701120785,2.0595300793647766,0.3339849288268988,COMPLETE
148,6.6075,2025-06-12 22:00:41.953441,2025-06-12 22:00:44.801588,0 days 00:00:02.848147,12,0.9864691418070527,0.09696073469388894,0.9832312819493153,0.0364118494205463,263,1488442,6.6075,2.086460819186404,0.71675,0.18476251649076447,260.0,4,4.41,"[0.5509999999999999, -0.10999999999999999]",1488442,"[5.51, -1.0999999999999999]",0.007528353654421293,1.9573719501495361,9.95,"[0.994, 0.001000000000000012]",1489442,"[9.94, 0.01000000000000012]",0.009958969629727877,2.589332103729248,6.6499999999999995,"[0.775, -0.10999999999999999]",1490442,"[7.75, -1.0999999999999999]",0.007541101712446947,1.960686445236206,5.42,"[0.5469999999999999, -0.004999999999999993]",1491442,"[5.469999999999999, -0.04999999999999993]",0.01033247342476478,2.6864430904388428,WelfareSolutionConcept,7.1674999999999995,1.8476251649076445,0.008840224605340223,0.0013121664005920184,2.2984583973884583,0.34116326415392473,COMPLETE
149,7.334999999999999,2025-06-12 22:00:44.816613,2025-06-12 22:00:47.695480,0 days 00:00:02.878867,12,0.9859886305809098,0.1047283405795821,0.9865940872851121,0.03590525515095647,260,1498444,7.334999999999999,1.1689418291771407,0.7095,0.093820306970293,260.0,4,5.45,"[0.655, -0.10999999999999999]",1498444,"[6.550000000000001, -1.0999999999999999]",0.010403952231773964,2.7050275802612305,7.61,"[0.6559999999999999, 0.10500000000000002]",1499444,"[6.559999999999999, 1.0500000000000003]",0.007522458296555739,1.9558391571044922,8.66,"[0.655, 0.21100000000000008]",1500444,"[6.550000000000001, 2.1100000000000008]",0.007546351506159856,1.9620513916015625,7.619999999999999,"[0.8720000000000001, -0.10999999999999999]",1501444,"[8.72, -1.0999999999999999]",0.010361840174748347,2.6940784454345703,WelfareSolutionConcept,7.095000000000001,0.9382030697029298,0.008958650552309476,0.0014243485223449652,2.329249143600464,0.37033061580969096,COMPLETE
150,4.9075,2025-06-12 22:00:47.710493,2025-06-12 22:00:50.567479,0 days 00:00:02.856986,12,0.9880929769067478,0.0989151829057385,0.9898801234714262,0.035901476170195054,261,1508447,4.9075,2.010153912017684,0.4665,0.26254571030584367,260.0,4,2.1100000000000003,"[0.11000000000000006, 0.10100000000000002]",1508447,"[1.1000000000000005, 1.0100000000000002]",0.007671121450570913,1.9944915771484375,7.68,"[0.77, -0.0019999999999999905]",1509447,"[7.7, -0.019999999999999907]",0.0072441623761103704,1.8834822177886963,5.49,"[0.659, -0.10999999999999999]",1510447,"[6.59, -1.0999999999999999]",0.010256780110872709,2.6667628288269043,4.3500000000000005,"[0.32700000000000007, 0.10800000000000005]",1511447,"[3.2700000000000005, 1.0800000000000005]",0.010351242468907283,2.6913230419158936,WelfareSolutionConcept,4.665,2.6254571030584364,0.00888082660161532,0.001431557475438271,2.309014916419983,0.3722049436139505,COMPLETE
151,1.1924999999999972,2025-06-12 22:00:51.390081,2025-06-12 22:00:58.714847,0 days 00:00:07.324766,45,0.9994183090775626,0.10560891421304383,0.9863593665535181,0.05258754999285287,269,1518451,1.1924999999999972,2.001379211943604,0.3804999999999999,0.18373690429524497,260.0,4,1.2299999999999978,"[0.563, -0.4400000000000003]",1518451,"[5.629999999999999, -4.400000000000003]",0.02159434281862699,5.614529132843018,1.2199999999999975,"[0.13399999999999987, -0.01200000000000015]",1519451,"[1.3399999999999987, -0.1200000000000015]",0.019685805760897124,5.118309497833252,3.9899999999999975,"[0.5519999999999999, -0.15300000000000022]",1520451,"[5.52, -1.5300000000000022]",0.027541587902949406,7.160812854766846,-1.6700000000000035,"[0.27299999999999985, -0.4400000000000003]",1521451,"[2.7299999999999986, -4.400000000000003]",0.019980982633737418,5.1950554847717285,WelfareSolutionConcept,3.8049999999999993,1.8373690429524496,0.022200679779052733,0.0031679879593205095,5.772176742553711,0.8236768694233326,COMPLETE
152,6.0025,2025-06-12 22:00:58.729972,2025-06-12 22:01:01.339014,0 days 00:00:02.609042,10,0.9723076457940425,0.08894563213620248,0.9829850317184409,0.03896635262813117,272,1528458,6.0025,1.3796081871314043,0.47625000000000006,0.19068347463794552,270.0,4,4.710000000000001,"[0.23600000000000004, 0.23500000000000004]",1528458,"[2.3600000000000003, 2.3500000000000005]",0.008677012832076461,2.3427934646606445,4.64,"[0.45000000000000007, 0.014000000000000018]",1529458,"[4.500000000000001, 0.14000000000000018]",0.0065790538434629085,1.7763445377349854,6.8,"[0.449, 0.231]",1530458,"[4.49, 2.31]",0.006521844863891601,1.7608981132507324,7.86,"[0.7700000000000001, 0.01600000000000001]",1531458,"[7.700000000000001, 0.16000000000000011]",0.009055181785866066,2.444899082183838,WelfareSolutionConcept,4.762500000000001,1.9068347463794553,0.007708273331324259,0.0011656937596699957,2.08123379945755,0.31473731511089886,COMPLETE
153,5.68,2025-06-12 22:01:01.355029,2025-06-12 22:01:04.125670,0 days 00:00:02.770641,12,0.9788564811631798,0.11332859844650028,0.9872032779888393,0.026257847282801113,262,1538461,5.68,2.0680788186140293,0.5167499999999999,0.14430241681967765,260.0,4,2.2100000000000004,"[0.33100000000000007, -0.10999999999999999]",1538461,"[3.3100000000000005, -1.0999999999999999]",0.0069920072188744175,1.8179218769073486,6.56,"[0.657, -0.0009999999999999898]",1539461,"[6.57, -0.009999999999999898]",0.007036037628467266,1.8293697834014893,7.66,"[0.6579999999999999, 0.10800000000000001]",1540461,"[6.579999999999999, 1.08]",0.0068535896447988656,1.781933307647705,6.29,"[0.421, 0.20800000000000002]",1541461,"[4.21, 2.08]",0.010042395958533654,2.61102294921875,WelfareSolutionConcept,5.1675,1.4430241681967768,0.00773100761266855,0.0013361776862294743,2.0100619792938232,0.34740619841966325,COMPLETE
154,5.99,2025-06-12 22:01:04.140759,2025-06-12 22:01:06.998112,0 days 00:00:02.857353,14,0.9642802369702946,0.110464956801828,0.9756061311662365,0.06386543805429039,238,1548464,5.99,2.0064271728622494,0.47975000000000007,0.12251811090610239,230.0,4,7.3100000000000005,"[0.5290000000000001, 0.20200000000000004]",1548464,"[5.290000000000001, 2.0200000000000005]",0.008049295259558636,1.8513379096984863,8.58,"[0.649, 0.20900000000000002]",1549464,"[6.49, 2.0900000000000003]",0.007694883968519128,1.7698233127593994,3.97,"[0.421, -0.023999999999999976]",1550464,"[4.21, -0.23999999999999977]",0.011300479847451915,2.5991103649139404,4.1000000000000005,"[0.32, 0.09000000000000005]",1551464,"[3.2, 0.9000000000000006]",0.011634627632472826,2.67596435546875,WelfareSolutionConcept,4.7975,1.2251811090610238,0.009669821677000626,0.0018059618859162067,2.224058985710144,0.4153712337607276,COMPLETE
155,5.02,2025-06-12 22:01:07.015376,2025-06-12 22:01:09.908504,0 days 00:00:02.893128,11,0.9883888104007813,0.10272874375524271,0.9921025678639793,0.033095485825864475,287,1558467,5.02,1.751784804135485,0.44249999999999995,0.07461400672795958,280.0,4,2.38,"[0.33799999999999997, -0.09999999999999999]",1558467,"[3.38, -0.9999999999999999]",0.0071445660931723455,2.000478506088257,6.6000000000000005,"[0.43999999999999995, 0.21999999999999997]",1559467,"[4.3999999999999995, 2.1999999999999997]",0.00970174925667899,2.716489791870117,6.6099999999999985,"[0.44299999999999995, 0.21799999999999997]",1560467,"[4.43, 2.1799999999999997]",0.009638093199048724,2.6986660957336426,4.489999999999999,"[0.5489999999999999, -0.09999999999999999]",1561467,"[5.489999999999999, -0.9999999999999999]",0.007487307276044573,2.0964460372924805,WelfareSolutionConcept,4.425,0.7461400672795958,0.008492928956236158,0.0011834277582451077,2.3780201077461243,0.33135977230863006,COMPLETE
156,4.662500000000001,2025-06-12 22:01:10.687337,2025-06-12 22:01:13.388453,0 days 00:00:02.701116,10,0.975181730624661,0.09697770051051001,0.9844242695839351,0.049093368828447996,280,1568470,4.662500000000001,2.723356155555127,0.31425000000000003,0.17619928348321967,280.0,4,7.82,"[0.44400000000000006, 0.338]",1568470,"[4.44, 3.3800000000000003]",0.006483133350099836,1.815277338027954,5.790000000000002,"[0.45100000000000007, 0.12799999999999995]",1569470,"[4.510000000000001, 1.2799999999999994]",0.00854158571788243,2.39164400100708,0.3700000000000005,"[0.018000000000000023, 0.019000000000000013]",1570470,"[0.18000000000000022, 0.19000000000000014]",0.009038708891187396,2.5308384895324707,4.67,"[0.34400000000000003, 0.12299999999999997]",1571470,"[3.4400000000000004, 1.2299999999999998]",0.0062792590686253135,1.758192539215088,WelfareSolutionConcept,3.1425,1.7619928348321967,0.007585671756948743,0.0012193639187065713,2.123988091945648,0.34142189723783983,COMPLETE
157,2.58,2025-06-12 22:01:13.403588,2025-06-12 22:01:16.431897,0 days 00:00:03.028309,13,0.9545657279651026,0.09147456583293992,0.9812138199412851,0.08090671175721376,250,1578473,2.58,1.6601204775557705,0.32375,0.1365693505146744,250.0,4,0.9000000000000001,"[0.21000000000000002, -0.11999999999999997]",1578473,"[2.1, -1.1999999999999997]",0.011445358276367187,2.861339569091797,2.0600000000000005,"[0.32599999999999996, -0.11999999999999997]",1579473,"[3.26, -1.1999999999999997]",0.008240363121032716,2.0600907802581787,5.34,"[0.5459999999999999, -0.011999999999999988]",1580473,"[5.459999999999999, -0.11999999999999988]",0.008146153450012208,2.0365383625030518,2.0200000000000005,"[0.213, -0.010999999999999985]",1581473,"[2.13, -0.10999999999999985]",0.011101823806762695,2.775455951690674,WelfareSolutionConcept,3.2375,1.3656935051467436,0.0097334246635437,0.0015453070556452828,2.4333561658859253,0.3863267639113208,COMPLETE
158,7.33,2025-06-12 22:01:16.448376,2025-06-12 22:01:18.543151,0 days 00:00:02.094775,12,0.9979780205522896,0.08276954358738078,0.9791657944977217,0.0985298179724532,230,1588476,7.33,1.887034710862521,0.5725,0.20910463887728556,230.0,4,9.7,"[0.768, 0.20200000000000004]",1588476,"[7.68, 2.0200000000000005]",0.008198664499365765,1.885692834854126,4.420000000000001,"[0.22000000000000003, 0.22200000000000003]",1589476,"[2.2, 2.22]",0.007282708002173383,1.675022840499878,7.52,"[0.644, 0.10800000000000001]",1590476,"[6.44, 1.08]",0.008310699462890625,1.9114608764648438,7.68,"[0.658, 0.11000000000000001]",1591476,"[6.58, 1.1]",0.007399310236391814,1.7018413543701172,WelfareSolutionConcept,5.725,2.0910463887728556,0.007797845550205396,0.00046039984130956645,1.7935044765472412,0.10589196350120034,COMPLETE
159,5.49,2025-06-12 22:01:18.560628,2025-06-12 22:01:20.631583,0 days 00:00:02.070955,12,0.9982570768203144,0.08484086908919818,0.9858492288808723,0.09257363868809015,255,1598478,5.49,2.0620984457585916,0.49375,0.12333972393353244,250.0,4,8.78,"[0.657, 0.221]",1598478,"[6.57, 2.21]",0.007137078285217285,1.7842695713043213,4.41,"[0.5509999999999999, -0.10999999999999999]",1599478,"[5.51, -1.0999999999999999]",0.007460978507995606,1.8652446269989014,3.250000000000001,"[0.32600000000000007, -0.0009999999999999898]",1600478,"[3.2600000000000007, -0.009999999999999898]",0.0075145368576049806,1.8786342144012451,5.52,"[0.441, 0.11100000000000003]",1601478,"[4.41, 1.1100000000000003]",0.007622123718261719,1.9055309295654297,WelfareSolutionConcept,4.9375,1.2333972393353243,0.007433679342269898,0.00018080835995824192,1.8584198355674744,0.04520208998956048,COMPLETE
160,7.705,2025-06-12 22:01:20.647711,2025-06-12 22:01:22.912262,0 days 00:00:02.264551,14,0.9667161926549126,0.07670948291206563,0.9796230928983694,0.07817466262029354,264,1608480,7.705,3.7137750335743274,0.5955,0.27802922508254413,260.0,4,9.6,"[0.868, 0.09200000000000003]",1608480,"[8.68, 0.9200000000000003]",0.007731107565072866,2.0100879669189453,1.8900000000000003,"[0.31900000000000006, -0.12999999999999995]",1609480,"[3.1900000000000004, -1.2999999999999994]",0.008045728390033428,2.0918893814086914,7.42,"[0.316, 0.426]",1610480,"[3.16, 4.26]",0.007946096933805026,2.0659852027893066,11.909999999999998,"[0.8789999999999999, 0.312]",1611480,"[8.79, 3.12]",0.007728381340320294,2.0093791484832764,WelfareSolutionConcept,5.955,2.780292250825441,0.007862828557307903,0.00013767029934465478,2.044335424900055,0.035794277829610276,COMPLETE
161,3.7775000000000003,2025-06-12 22:01:23.704264,2025-06-12 22:01:25.833578,0 days 00:00:02.129314,14,0.9673545773435313,0.0768524197229066,0.9789677572692482,0.09956230054285939,233,1618483,3.7775000000000003,1.822777756612144,0.42400000000000004,0.15596634252299435,230.0,4,5.24,"[0.429, 0.09500000000000003]",1618483,"[4.29, 0.9500000000000003]",0.008485434366309124,1.9516499042510986,0.7400000000000002,"[0.20400000000000001, -0.12999999999999995]",1619483,"[2.04, -1.2999999999999994]",0.008480304220448369,1.950469970703125,3.9800000000000004,"[0.41800000000000004, -0.019999999999999997]",1620483,"[4.180000000000001, -0.19999999999999996]",0.008526767855105193,1.9611566066741943,5.15,"[0.645, -0.12999999999999995]",1621483,"[6.45, -1.2999999999999994]",0.008206871281499448,1.887580394744873,WelfareSolutionConcept,4.24,1.5596634252299437,0.008424844430840532,0.00012712946825081325,1.9377142190933228,0.029239777697687094,COMPLETE
162,3.3600000000000003,2025-06-12 22:01:25.849830,2025-06-12 22:01:28.137311,0 days 00:00:02.287481,13,0.9834058147595476,0.08469458838224937,0.9893644259121067,0.0009986725054639885,267,1628485,3.3600000000000003,2.3995103667206776,0.21149999999999997,0.1538253880216136,260.0,4,4.19,"[0.21500000000000002, 0.20400000000000001]",1628485,"[2.1500000000000004, 2.04]",0.007722635452563946,2.007885217666626,-0.22999999999999982,"[-0.008999999999999994, -0.013999999999999995]",1629485,"[-0.08999999999999994, -0.13999999999999996]",0.008153790694016677,2.119985580444336,3.0600000000000005,"[0.4259999999999999, -0.11999999999999997]",1630485,"[4.259999999999999, -1.1999999999999997]",0.00813899407019982,2.116138458251953,6.420000000000001,"[0.21400000000000002, 0.42800000000000005]",1631485,"[2.14, 4.28]",0.007660805262052096,1.991809368133545,WelfareSolutionConcept,2.1149999999999998,1.5382538802161358,0.007919056369708135,0.00022844452630972216,2.058954656124115,0.05939557684052772,COMPLETE
163,6.285,2025-06-12 22:01:28.151890,2025-06-12 22:01:30.094602,0 days 00:00:01.942712,12,0.9917840197114844,0.08157732808774629,0.9812463372794377,0.07643688313184593,221,1638488,6.285,2.0787796901066744,0.5235,0.09122088576636385,220.0,4,9.8,"[0.66, 0.3200000000000001]",1638488,"[6.6000000000000005, 3.200000000000001]",0.0077148014848882505,1.697256326675415,5.430000000000001,"[0.5529999999999999, -0.009999999999999986]",1639488,"[5.529999999999999, -0.09999999999999987]",0.007906992868943648,1.7395384311676025,5.53,"[0.442, 0.11100000000000003]",1640488,"[4.42, 1.1100000000000003]",0.0073771021582863545,1.622962474822998,4.38,"[0.43899999999999995, -0.0009999999999999898]",1641488,"[4.39, -0.009999999999999898]",0.008011212132193826,1.7624666690826416,WelfareSolutionConcept,5.234999999999999,0.9122088576636386,0.00775252716107802,0.0002414253137891261,1.7055559754371643,0.05311356903360772,COMPLETE
164,4.2524999999999995,2025-06-12 22:01:30.110314,2025-06-12 22:01:32.235650,0 days 00:00:02.125336,11,0.9429899728309706,0.0993009361841838,0.9805748803851565,0.04203823896150052,274,1648490,4.2524999999999995,1.4363386613191196,0.41575,0.16207617807685373,270.0,4,3.3999999999999995,"[0.33099999999999996, 0.009000000000000006]",1648490,"[3.3099999999999996, 0.09000000000000007]",0.007098410747669362,1.9165709018707275,6.74,"[0.664, 0.01000000000000002]",1649490,"[6.640000000000001, 0.1000000000000002]",0.0068726963467068145,1.8556280136108398,3.4599999999999995,"[0.22699999999999995, 0.119]",1650490,"[2.2699999999999996, 1.19]",0.007088062498304579,1.9137768745422363,3.4099999999999997,"[0.441, -0.09999999999999999]",1651490,"[4.41, -0.9999999999999999]",0.007157472327903465,1.9325175285339355,WelfareSolutionConcept,4.1575,1.6207617807685377,0.007054160480146055,0.00010806248496010278,1.9046233296394348,0.029176870939227793,COMPLETE
165,6.449999999999999,2025-06-12 22:01:32.253171,2025-06-12 22:01:34.569487,0 days 00:00:02.316316,13,0.9636971853988098,0.07959326500930174,0.9713151448543293,0.06448903839320576,258,1658492,6.449999999999999,2.0729327051305844,0.46175,0.16299290628735966,250.0,4,8.71,"[0.546, 0.32499999999999996]",1658492,"[5.460000000000001, 3.2499999999999996]",0.0076762113571166996,1.9190528392791748,7.54,"[0.653, 0.10100000000000005]",1659492,"[6.53, 1.0100000000000005]",0.007629521369934082,1.9073803424835205,3.1500000000000004,"[0.213, 0.10200000000000001]",1660492,"[2.13, 1.02]",0.008476813316345215,2.1192033290863037,6.4,"[0.43499999999999994, 0.205]",1661492,"[4.35, 2.05]",0.008197056770324706,2.0492641925811768,WelfareSolutionConcept,4.6175,1.6299290628735965,0.007994900703430176,0.00035643084836635116,1.998725175857544,0.08910771209158778,COMPLETE
166,4.9325,2025-06-12 22:01:35.524424,2025-06-12 22:01:37.586295,0 days 00:00:02.061871,14,0.9506720663462211,0.07366261763093798,0.9769910867848028,0.08232131600527515,207,1668495,4.9325,1.626843185436138,0.40125000000000005,0.1444028652762818,200.0,4,7.390000000000001,"[0.537, 0.20200000000000004]",1668495,"[5.37, 2.0200000000000005]",0.009153929948806762,1.8307859897613525,3.0100000000000002,"[0.20600000000000004, 0.09500000000000001]",1669495,"[2.0600000000000005, 0.9500000000000002]",0.00938259243965149,1.8765184879302979,4.07,"[0.31900000000000006, 0.08800000000000002]",1670495,"[3.1900000000000004, 0.8800000000000002]",0.008986459970474243,1.7972919940948486,5.260000000000001,"[0.5429999999999999, -0.01699999999999998]",1671495,"[5.43, -0.16999999999999982]",0.009444363117218017,1.8888726234436035,WelfareSolutionConcept,4.0125,1.4440286527628179,0.009241836369037628,0.00018287563998807188,1.8483672738075256,0.03657512799761438,COMPLETE
