number,value,datetime_start,datetime_complete,duration,params_episode_length,params_epsilon_max,params_epsilon_min,params_gamma,params_learning_rate,params_num_episodes,user_attrs_base_seed,user_attrs_collective_reward_mean,user_attrs_collective_reward_std,user_attrs_individual_reward_agent0_mean,user_attrs_individual_reward_agent0_std,user_attrs_num_episodes_mean,user_attrs_num_parallel_runs,user_attrs_run_0_collective_reward,user_attrs_run_0_individual_rewards,user_attrs_run_0_seed,user_attrs_run_0_total_individual_rewards,user_attrs_run_0_training_time_per_episode,user_attrs_run_0_training_time_total,user_attrs_run_1_collective_reward,user_attrs_run_1_individual_rewards,user_attrs_run_1_seed,user_attrs_run_1_total_individual_rewards,user_attrs_run_1_training_time_per_episode,user_attrs_run_1_training_time_total,user_attrs_run_2_collective_reward,user_attrs_run_2_individual_rewards,user_attrs_run_2_seed,user_attrs_run_2_total_individual_rewards,user_attrs_run_2_training_time_per_episode,user_attrs_run_2_training_time_total,user_attrs_run_3_collective_reward,user_attrs_run_3_individual_rewards,user_attrs_run_3_seed,user_attrs_run_3_total_individual_rewards,user_attrs_run_3_training_time_per_episode,user_attrs_run_3_training_time_total,user_attrs_solution_concept,user_attrs_total_individual_reward_agent0_mean,user_attrs_total_individual_reward_agent0_std,user_attrs_training_time_per_episode_mean,user_attrs_training_time_per_episode_std,user_attrs_training_time_total_mean,user_attrs_training_time_total_std,state
126,7.584999999999999,2025-06-12 17:58:31.037721,2025-06-12 17:58:54.805854,0 days 00:00:23.768133,31,0.9071281044767278,0.09706930060330932,0.928993493564648,0.005181642213761292,445,1263911,7.584999999999999,3.002736252154025,0.7262500000000001,0.13836974922287024,440.0,4,5.249999999999999,"[0.6980000000000001, -0.17300000000000007]",1263911,"[6.98, -1.7300000000000006]",0.05350171815265309,23.54075598716736,3.999999999999999,"[0.571, -0.17100000000000007]",1264911,"[5.709999999999999, -1.7100000000000006]",0.05332792888988148,23.46428871154785,10.89,"[0.6859999999999999, 0.4029999999999999]",1265911,"[6.859999999999999, 4.029999999999999]",0.05116195678710937,22.511260986328125,10.199999999999998,"[0.95, 0.06999999999999992]",1266911,"[9.5, 0.6999999999999993]",0.050414498827674174,22.182379484176636,ParetoSolutionConcept,7.262499999999999,1.3836974922287026,0.05210152566432953,0.0013410306762559594,22.924671292304993,0.5900534975526225,COMPLETE
127,7.434999999999998,2025-06-12 17:58:54.820138,2025-06-12 17:59:27.642419,0 days 00:00:32.822281,40,0.9459364303329495,0.13648686785240788,0.9360777136933984,0.007283161481598646,485,1273934,7.434999999999998,2.1833746815423134,0.8220000000000001,0.11278962718264475,480.0,4,9.129999999999997,"[0.821, 0.0919999999999999]",1273934,"[8.209999999999999, 0.919999999999999]",0.06179033766190211,29.659362077713013,3.919999999999998,"[0.6620000000000001, -0.27000000000000013]",1274934,"[6.620000000000001, -2.700000000000001]",0.06788990845282873,32.58715605735779,7.299999999999999,"[0.9810000000000001, -0.25100000000000017]",1275934,"[9.81, -2.5100000000000016]",0.04917685886224111,23.604892253875732,9.389999999999997,"[0.8239999999999998, 0.11499999999999991]",1276934,"[8.239999999999998, 1.149999999999999]",0.05381279687086741,25.830142498016357,ParetoSolutionConcept,8.219999999999999,1.1278962718264476,0.058167475461959835,0.0072014798176583674,27.920388221740723,3.4567103124760146,COMPLETE
128,8.774999999999999,2025-06-12 17:59:27.657502,2025-06-12 18:00:00.567192,0 days 00:00:32.909690,42,0.5819400279438676,0.05843309088291435,0.9142996676668339,0.0017264291565591257,461,1283967,8.774999999999999,2.9125804709913177,0.78975,0.12565105451208916,460.0,4,9.7,"[0.826, 0.14399999999999988]",1283967,"[8.26, 1.4399999999999988]",0.07104556975157364,32.68096208572388,10.549999999999999,"[0.702, 0.3529999999999999]",1284967,"[7.02, 3.5299999999999994]",0.05750521006791488,26.452396631240845,3.799999999999998,"[0.653, -0.2730000000000002]",1285967,"[6.53, -2.7300000000000018]",0.06735040675038877,30.981187105178833,11.05,"[0.978, 0.12699999999999992]",1286967,"[9.78, 1.2699999999999991]",0.060424473492995553,27.795257806777954,ParetoSolutionConcept,7.897499999999999,1.2565105451208913,0.06408141501571822,0.005380647055940579,29.477450907230377,2.4750976457326677,COMPLETE
129,6.717499999999998,2025-06-12 18:00:00.581906,2025-06-12 18:00:26.627255,0 days 00:00:26.045349,37,0.9214766207965815,0.06424241227260445,0.9519983519720927,0.00109988113066196,415,1294000,6.717499999999998,1.9356442725872947,0.7344999999999999,0.11369366736982323,410.0,4,9.159999999999997,"[0.9289999999999999, -0.013000000000000112]",1294000,"[9.29, -0.13000000000000111]",0.05749442809965552,23.572715520858765,8.019999999999998,"[0.6879999999999998, 0.11399999999999991]",1295000,"[6.879999999999998, 1.139999999999999]",0.060532240751313,24.81821870803833,5.2399999999999975,"[0.6409999999999999, -0.11700000000000013]",1296000,"[6.409999999999999, -1.1700000000000013]",0.05877095606268906,24.096091985702515,4.449999999999999,"[0.6799999999999999, -0.23500000000000015]",1297000,"[6.799999999999999, -2.3500000000000014]",0.06306596616419351,25.857046127319336,ParetoSolutionConcept,7.344999999999999,1.136936673698232,0.059965897769462775,0.0020896899552603396,24.586018085479736,0.8567728816567382,COMPLETE
130,10.384999999999998,2025-06-12 18:00:26.642087,2025-06-12 18:00:49.207966,0 days 00:00:22.565879,35,0.6509987149004818,0.12427042874664362,0.9394825583536226,0.009155012144378886,374,1304026,10.384999999999998,2.664530915564689,0.8059999999999999,0.1421988044956778,370.0,4,7.7799999999999985,"[0.6719999999999999, 0.10599999999999994]",1304026,"[6.719999999999999, 1.0599999999999994]",0.059487608961156895,22.01041531562805,8.68,"[0.9549999999999998, -0.0870000000000001]",1305026,"[9.549999999999999, -0.870000000000001]",0.056532527949358966,20.917035341262817,14.709999999999999,"[0.9410000000000001, 0.53]",1306026,"[9.41, 5.300000000000001]",0.056224596822583996,20.80310082435608,10.37,"[0.656, 0.3809999999999999]",1307026,"[6.5600000000000005, 3.8099999999999987]",0.06037429023433376,22.33848738670349,ParetoSolutionConcept,8.059999999999999,1.4219880449567779,0.0581547559918584,0.0018069288538770751,21.51725971698761,0.6685636759345179,COMPLETE
131,9.1075,2025-06-12 18:00:49.799146,2025-06-12 18:01:14.251574,0 days 00:00:24.452428,36,0.6689923931552384,0.12540523051611158,0.9405456037546842,0.009086573708876612,351,1314049,9.1075,1.4584473764932353,0.8905000000000001,0.06879135120056888,350.0,4,9.79,"[0.9670000000000002, 0.0119999999999999]",1314049,"[9.670000000000002, 0.119999999999999]",0.0693402031489781,24.269071102142334,8.34,"[0.826, 0.007999999999999886]",1315049,"[8.26, 0.07999999999999885]",0.059797744750976566,20.929210662841797,7.219999999999999,"[0.818, -0.09600000000000011]",1316049,"[8.18, -0.9600000000000011]",0.060956840515136716,21.33489418029785,11.08,"[0.951, 0.1569999999999999]",1317049,"[9.51, 1.569999999999999]",0.06062802382877895,21.219808340072632,ParetoSolutionConcept,8.905,0.6879135120056886,0.06268070306096758,0.0038679963852922385,21.938246071338654,1.3537987348522837,COMPLETE
132,10.535,2025-06-12 18:01:14.265718,2025-06-12 18:01:39.025230,0 days 00:00:24.759512,35,0.5688882232335617,0.11826202729329266,0.9442603668582293,0.006176530549913591,376,1324074,10.535,1.339486842040638,0.764,0.045546679352066924,370.0,4,8.349999999999998,"[0.8019999999999999, 0.0329999999999999]",1324074,"[8.02, 0.32999999999999896]",0.06626751036257357,24.51897883415222,11.87,"[0.7989999999999999, 0.3879999999999999]",1325074,"[7.989999999999999, 3.879999999999999]",0.06003357719730686,22.21242356300354,10.6,"[0.766, 0.29399999999999993]",1326074,"[7.66, 2.9399999999999995]",0.057889096801345415,21.418965816497803,11.319999999999999,"[0.689, 0.44299999999999995]",1327074,"[6.89, 4.43]",0.06020634754284008,22.27634859085083,ParetoSolutionConcept,7.64,0.4554667935206692,0.061099132976016476,0.0031204539733749067,22.6066792011261,1.154567970148716,COMPLETE
133,7.364999999999998,2025-06-12 18:01:39.041404,2025-06-12 18:02:03.210931,0 days 00:00:24.169527,35,0.5662484918966131,0.11937210038325688,0.9443817269996514,0.006044842964440073,373,1334099,7.364999999999998,3.3833304597688953,0.721,0.11374752744565479,370.0,4,11.379999999999999,"[0.827, 0.31099999999999983]",1334099,"[8.27, 3.1099999999999985]",0.052784957112492745,19.530434131622314,9.99,"[0.828, 0.17099999999999996]",1335099,"[8.28, 1.7099999999999995]",0.05482296492602374,20.284497022628784,3.439999999999998,"[0.558, -0.21400000000000013]",1336099,"[5.58, -2.1400000000000015]",0.058185921488581475,21.528790950775146,4.649999999999999,"[0.6709999999999999, -0.20600000000000013]",1337099,"[6.709999999999999, -2.0600000000000014]",0.06466936485187427,23.92766499519348,ParetoSolutionConcept,7.209999999999999,1.1374752744565482,0.05761580209474306,0.004505962338544685,21.31784677505493,1.667206065261534,COMPLETE
134,6.302499999999998,2025-06-12 18:02:03.225870,2025-06-12 18:02:26.896951,0 days 00:00:23.671081,34,0.595657702658017,0.1127721615079111,0.9478844626845431,0.004305640174823808,360,1344123,6.302499999999998,3.2608846575737696,0.70875,0.1692459379128492,360.0,4,9.68,"[0.923, 0.0449999999999999]",1344123,"[9.23, 0.449999999999999]",0.061575818061828616,22.1672945022583,9.409999999999998,"[0.7729999999999999, 0.16799999999999993]",1345123,"[7.729999999999999, 1.6799999999999993]",0.06228764255841573,22.423551321029663,3.5299999999999985,"[0.683, -0.3300000000000001]",1346123,"[6.83, -3.300000000000001]",0.0605891916486952,21.812108993530273,2.589999999999999,"[0.45599999999999996, -0.19700000000000012]",1347123,"[4.56, -1.970000000000001]",0.06523357894685533,23.48408842086792,ParetoSolutionConcept,7.0874999999999995,1.6924593791284919,0.062421557803948716,0.0017319236154822114,22.47176080942154,0.6234925015735965,COMPLETE
135,8.5825,2025-06-12 18:02:26.912345,2025-06-12 18:02:38.620622,0 days 00:00:11.708277,12,0.5563763906095305,0.10987820077005205,0.9391814595343865,0.003578905893510514,384,1354146,8.5825,2.0102782767567273,0.619,0.08202438661763954,380.0,4,11.799999999999999,"[0.743, 0.437]",1354146,"[7.43, 4.37]",0.030316463269685442,11.520256042480469,7.4399999999999995,"[0.643, 0.101]",1355146,"[6.43, 1.01]",0.027963532272138093,10.626142263412476,6.46,"[0.5469999999999999, 0.09900000000000006]",1356146,"[5.469999999999999, 0.9900000000000007]",0.02607266965665315,9.907614469528198,8.629999999999999,"[0.5429999999999999, 0.32000000000000006]",1357146,"[5.43, 3.2000000000000006]",0.027923220082333212,10.610823631286621,ParetoSolutionConcept,6.1899999999999995,0.8202438661763953,0.028068971320202474,0.0015057225185170816,10.666209101676941,0.572174557036491,COMPLETE
136,8.79,2025-06-12 18:02:39.309721,2025-06-12 18:03:05.865865,0 days 00:00:26.556144,36,0.6489675080952009,0.1307873388741056,0.9501823593979019,0.0008629126854515501,399,1364159,8.79,1.9304792151173236,0.7077499999999999,0.1228319482056684,390.0,4,7.909999999999998,"[0.6589999999999999, 0.13199999999999992]",1364159,"[6.589999999999999, 1.3199999999999992]",0.06761900522770026,26.3714120388031,8.299999999999999,"[0.8130000000000001, 0.016999999999999904]",1365159,"[8.13, 0.16999999999999904]",0.060537570562118136,23.609652519226074,12.019999999999998,"[0.8299999999999998, 0.37199999999999994]",1366159,"[8.299999999999999, 3.7199999999999993]",0.06242405634659987,24.34538197517395,6.93,"[0.5289999999999999, 0.16399999999999998]",1367159,"[5.289999999999999, 1.6399999999999997]",0.06167582548581637,24.053571939468384,ParetoSolutionConcept,7.077499999999999,1.228319482056684,0.06306411440555866,0.002714197608777513,24.595004618167877,1.05853706742323,COMPLETE
137,7.087499999999999,2025-06-12 18:03:05.880457,2025-06-12 18:03:27.628069,0 days 00:00:21.747612,33,0.7906764664602723,0.12270150489264905,0.9423951739360404,0.0005678348613289293,377,1374185,7.087499999999999,3.009969891875997,0.66425,0.21377485235639854,370.0,4,2.549999999999999,"[0.32599999999999996, -0.07100000000000009]",1374185,"[3.26, -0.7100000000000009]",0.05743536884720261,21.251086473464966,6.369999999999998,"[0.707, -0.07000000000000009]",1375185,"[7.069999999999999, -0.7000000000000008]",0.05508448755418932,20.38126039505005,8.899999999999999,"[0.705, 0.18499999999999994]",1376185,"[7.05, 1.8499999999999994]",0.05063662915616422,18.73555278778076,10.53,"[0.9189999999999999, 0.13399999999999992]",1377185,"[9.19, 1.3399999999999992]",0.058295779614835175,21.569438457489014,ParetoSolutionConcept,6.6425,2.1377485235639853,0.055363066293097826,0.0029711975458727867,20.484334528446198,1.0993430919729312,COMPLETE
138,10.474999999999998,2025-06-12 18:03:27.642787,2025-06-12 18:03:46.477041,0 days 00:00:18.834254,28,0.6154356104672295,0.11575832680697669,0.9549079494032803,0.0006869973444150531,364,1384207,10.474999999999998,3.6321240342257037,0.7797499999999999,0.13191166551901312,360.0,4,16.34,"[0.953, 0.681]",1384207,"[9.53, 6.8100000000000005]",0.04749355183707343,17.097678661346436,8.319999999999999,"[0.852, -0.020000000000000046]",1385207,"[8.52, -0.20000000000000046]",0.05061099264356825,18.21995735168457,6.77,"[0.703, -0.02600000000000006]",1386207,"[7.029999999999999, -0.2600000000000006]",0.0514272497759925,18.5138099193573,10.469999999999999,"[0.611, 0.43599999999999994]",1387207,"[6.109999999999999, 4.359999999999999]",0.05166763729519314,18.60034942626953,ParetoSolutionConcept,7.797499999999999,1.3191166551901314,0.05029985788795683,0.00166688267909311,18.10794883966446,0.6000777644735197,COMPLETE
139,6.1625,2025-06-12 18:03:46.491920,2025-06-12 18:04:04.993763,0 days 00:00:18.501843,28,0.6105814192197774,0.13924950118672022,0.9454159720230808,0.00042473508965298835,335,1394226,6.1625,2.8282359784855298,0.6835,0.22259548512941593,330.0,4,1.9999999999999991,"[0.4699999999999999, -0.2700000000000001]",1394226,"[4.699999999999999, -2.7000000000000006]",0.05356833790287827,17.67755150794983,5.119999999999999,"[0.4519999999999998, 0.05999999999999994]",1395226,"[4.519999999999998, 0.5999999999999994]",0.05175968733700839,17.08069682121277,8.9,"[0.9079999999999998, -0.018000000000000054]",1396226,"[9.079999999999998, -0.18000000000000055]",0.055358353528109465,18.268256664276123,8.629999999999999,"[0.9040000000000001, -0.04100000000000006]",1397226,"[9.040000000000001, -0.4100000000000006]",0.054398379903851136,17.951465368270874,ParetoSolutionConcept,6.834999999999999,2.2259548512941594,0.053771189667961815,0.0013228517657869166,17.7444925904274,0.4365410827096826,COMPLETE
140,8.874999999999998,2025-06-12 18:04:05.008445,2025-06-12 18:04:23.875030,0 days 00:00:18.866585,32,0.7409259499856633,0.11630424121908724,0.9539879696732851,0.013624929413231858,362,1404245,8.874999999999998,1.3619930249454288,0.8105,0.13717598186271532,360.0,4,8.899999999999999,"[0.833, 0.05699999999999992]",1404245,"[8.33, 0.5699999999999992]",0.04898073275883993,17.633063793182373,9.729999999999999,"[0.5919999999999999, 0.38099999999999995]",1405245,"[5.919999999999998, 3.8099999999999996]",0.04877584113015069,17.559302806854248,10.209999999999997,"[0.9709999999999999, 0.04999999999999995]",1406245,"[9.709999999999999, 0.49999999999999944]",0.04737417101860046,17.054701566696167,6.659999999999998,"[0.8459999999999999, -0.18000000000000008]",1407245,"[8.459999999999999, -1.8000000000000007]",0.05176625582906935,18.635852098464966,ParetoSolutionConcept,8.104999999999999,1.3717598186271536,0.04922425018416511,0.0015925574584407097,17.72073006629944,0.573320685038655,COMPLETE
141,8.3575,2025-06-12 18:04:24.544663,2025-06-12 18:04:44.843770,0 days 00:00:20.299107,28,0.6173855944572348,0.13426268521409507,0.9580506276851944,0.0007180821926647942,372,1414264,8.3575,1.4895196373327872,0.78875,0.07718281868395316,370.0,4,9.12,"[0.8229999999999998, 0.08899999999999997]",1414264,"[8.229999999999999, 0.8899999999999997]",0.049645994805000926,18.369018077850342,5.790000000000001,"[0.7220000000000001, -0.14300000000000004]",1415264,"[7.220000000000001, -1.4300000000000004]",0.05433452387113829,20.103773832321167,9.45,"[0.8989999999999998, 0.04599999999999992]",1416264,"[8.989999999999998, 0.45999999999999924]",0.051330205556508655,18.992176055908203,9.07,"[0.7109999999999999, 0.196]",1417264,"[7.1099999999999985, 1.96]",0.04678268239304826,17.309592485427856,ParetoSolutionConcept,7.887499999999999,0.7718281868395318,0.050523351656424034,0.002735800086309079,18.693640112876892,1.0122460319343591,COMPLETE
142,9.245,2025-06-12 18:04:44.858214,2025-06-12 18:05:07.343468,0 days 00:00:22.485254,30,0.5767096987779796,0.12633622851476575,0.9553172419008463,0.0005120283684281904,387,1424284,9.245,0.8947765084086631,0.6365000000000001,0.09078683825313007,380.0,4,7.89,"[0.481, 0.30799999999999994]",1424284,"[4.81, 3.079999999999999]",0.05867966099789268,22.29827117919922,9.93,"[0.674, 0.31899999999999995]",1425284,"[6.74, 3.1899999999999995]",0.05578939538252981,21.199970245361328,10.159999999999997,"[0.681, 0.335]",1426284,"[6.8100000000000005, 3.35]",0.05842161492297524,22.20021367073059,9.000000000000002,"[0.71, 0.18999999999999995]",1427284,"[7.1, 1.8999999999999995]",0.057983727204172233,22.03381633758545,ParetoSolutionConcept,6.365,0.9078683825313008,0.05771859962689249,0.0011412702478002614,21.933067858219147,0.4336826941640995,COMPLETE
143,8.147499999999999,2025-06-12 18:05:07.359015,2025-06-12 18:05:26.796501,0 days 00:00:19.437486,25,0.5470297671103247,0.10432128333751023,0.9623868129728186,0.0006740966040324629,351,1434307,8.147499999999999,0.8259350761409759,0.6179999999999999,0.14659297391075743,350.0,4,9.259999999999998,"[0.813, 0.11299999999999995]",1434307,"[8.129999999999999, 1.1299999999999994]",0.05382346153259277,18.83821153640747,8.24,"[0.706, 0.11799999999999997]",1435307,"[7.06, 1.1799999999999997]",0.05394106388092041,18.879372358322144,8.159999999999998,"[0.46799999999999986, 0.348]",1436307,"[4.679999999999999, 3.4799999999999995]",0.050632753372192384,17.721463680267334,6.929999999999999,"[0.485, 0.2079999999999999]",1437307,"[4.85, 2.079999999999999]",0.05499223164149693,19.247281074523926,ParetoSolutionConcept,6.18,1.4659297391075738,0.053347377606800625,0.0016320117054616197,18.67158216238022,0.5712040969115674,COMPLETE
144,8.927499999999998,2025-06-12 18:05:26.812340,2025-06-12 18:05:35.846096,0 days 00:00:09.033756,29,0.5889105955688816,0.11773374761332248,0.9588514676830722,0.008959281207316074,113,1444326,8.927499999999998,1.882702512347609,0.616,0.19979864864407873,110.0,4,5.67,"[0.604, -0.037000000000000054]",1444326,"[6.04, -0.37000000000000055]",0.07725086212158203,8.497594833374023,10.12,"[0.9460000000000001, 0.06599999999999995]",1445326,"[9.46, 0.6599999999999995]",0.07970562848177823,8.767619132995605,9.879999999999999,"[0.4629999999999999, 0.5249999999999999]",1446326,"[4.629999999999999, 5.249999999999999]",0.07995269298553467,8.794796228408813,10.04,"[0.4509999999999999, 0.5529999999999999]",1447326,"[4.509999999999999, 5.529999999999999]",0.07816694649783047,8.598364114761353,ParetoSolutionConcept,6.159999999999999,1.9979864864407877,0.07876903252168135,0.0011119367147025007,8.664593577384949,0.12231303861727469,COMPLETE
145,11.377500000000001,2025-06-12 18:05:35.860703,2025-06-12 18:06:04.711219,0 days 00:00:28.850516,34,0.5167677613713225,0.11300709050816729,0.9487520323353559,0.006313543726693471,491,1454335,11.377500000000001,0.5509707342500139,0.72575,0.06998705237399275,490.0,4,11.17,"[0.8460000000000001, 0.271]",1454335,"[8.46, 2.71]",0.05103626640475526,25.007770538330078,10.93,"[0.7, 0.3929999999999999]",1455335,"[7.0, 3.929999999999999]",0.05851267843830342,28.671212434768677,12.319999999999999,"[0.677, 0.5549999999999999]",1456335,"[6.7700000000000005, 5.549999999999999]",0.05597291673932757,27.426729202270508,11.09,"[0.68, 0.429]",1457335,"[6.800000000000001, 4.29]",0.05621455494238406,27.54513192176819,ParetoSolutionConcept,7.2575,0.6998705237399274,0.055434104131192576,0.0027257117844635107,27.162711024284363,1.3355987743871203,COMPLETE
146,10.6675,2025-06-12 18:06:05.374503,2025-06-12 18:06:34.289008,0 days 00:00:28.914505,34,0.5222441172578762,0.12397478973536288,0.9491494702720294,0.0066182795841134585,494,1464365,10.6675,0.7309711006599363,0.855,0.05312249994117372,490.0,4,11.12,"[0.8350000000000002, 0.27699999999999997]",1464365,"[8.350000000000001, 2.7699999999999996]",0.05030870972847452,24.651267766952515,11.629999999999999,"[0.807, 0.356]",1465365,"[8.07, 3.5599999999999996]",0.05862374403038803,28.725634574890137,10.010000000000002,"[0.8329999999999999, 0.16799999999999998]",1466365,"[8.329999999999998, 1.6799999999999997]",0.04859534137103022,23.81171727180481,9.91,"[0.9450000000000001, 0.04599999999999991]",1467365,"[9.450000000000001, 0.4599999999999991]",0.04934054102216448,24.176865100860596,ParetoSolutionConcept,8.55,0.5312249994117374,0.05171708403801431,0.004033568656632765,25.341371178627014,1.976448641750055,COMPLETE
