number,value,datetime_start,datetime_complete,duration,params_episode_length,params_epsilon_max,params_epsilon_min,params_gamma,params_learning_rate,params_num_episodes,user_attrs_base_seed,user_attrs_collective_reward_mean,user_attrs_collective_reward_std,user_attrs_individual_reward_agent0_mean,user_attrs_individual_reward_agent0_std,user_attrs_num_episodes_mean,user_attrs_num_parallel_runs,user_attrs_run_0_collective_reward,user_attrs_run_0_individual_rewards,user_attrs_run_0_seed,user_attrs_run_0_total_individual_rewards,user_attrs_run_0_training_time_per_episode,user_attrs_run_0_training_time_total,user_attrs_run_1_collective_reward,user_attrs_run_1_individual_rewards,user_attrs_run_1_seed,user_attrs_run_1_total_individual_rewards,user_attrs_run_1_training_time_per_episode,user_attrs_run_1_training_time_total,user_attrs_run_2_collective_reward,user_attrs_run_2_individual_rewards,user_attrs_run_2_seed,user_attrs_run_2_total_individual_rewards,user_attrs_run_2_training_time_per_episode,user_attrs_run_2_training_time_total,user_attrs_run_3_collective_reward,user_attrs_run_3_individual_rewards,user_attrs_run_3_seed,user_attrs_run_3_total_individual_rewards,user_attrs_run_3_training_time_per_episode,user_attrs_run_3_training_time_total,user_attrs_solution_concept,user_attrs_total_individual_reward_agent0_mean,user_attrs_total_individual_reward_agent0_std,user_attrs_training_time_per_episode_mean,user_attrs_training_time_per_episode_std,user_attrs_training_time_total_mean,user_attrs_training_time_total_std,state
19,5.629999999999999,2025-06-12 21:52:11.576605,2025-06-12 21:52:15.979778,0 days 00:00:04.403173,19,0.7134934890647147,0.14590524752626563,0.9838412174647453,0.011818421819110006,404,197931,5.629999999999999,2.2204841814343106,0.5455,0.24122448051555628,400.0,4,7.929999999999999,"[0.5170000000000001, 0.27599999999999997]",197931,"[5.170000000000002, 2.76]",0.01061270833015442,4.245083332061768,5.720000000000001,"[0.752, -0.18]",198931,"[7.52, -1.7999999999999998]",0.010351850390434266,4.140740156173706,6.84,"[0.751, -0.06699999999999999]",199931,"[7.51, -0.6699999999999999]",0.00997233510017395,3.98893404006958,2.0299999999999994,"[0.16200000000000003, 0.04099999999999997]",200931,"[1.6200000000000003, 0.4099999999999997]",0.010584232211112977,4.23369288444519,WelfareSolutionConcept,5.455000000000001,2.4122448051555625,0.010380281507968905,0.00025634289392398546,4.152112603187561,0.10253715756959397,COMPLETE
20,0.28249999999999686,2025-06-12 21:52:15.996207,2025-06-12 21:52:23.590568,0 days 00:00:07.594361,48,0.7944685983616103,0.17715024070674623,0.9640942651514228,0.0029624253882214063,329,207936,0.28249999999999686,1.4690536920072053,0.2497499999999999,0.10317794095638856,320.0,4,0.6199999999999969,"[0.23899999999999988, -0.17700000000000018]",207936,"[2.389999999999999, -1.7700000000000018]",0.02146177813410759,6.867769002914429,0.6599999999999966,"[0.3949999999999999, -0.32900000000000024]",208936,"[3.9499999999999993, -3.2900000000000023]",0.02044525519013405,6.5424816608428955,-2.0900000000000034,"[0.2609999999999999, -0.4700000000000003]",209936,"[2.609999999999999, -4.700000000000003]",0.023122785985469817,7.399291515350342,1.9399999999999973,"[0.10399999999999984, 0.08999999999999986]",210936,"[1.0399999999999985, 0.8999999999999986]",0.02151399925351143,6.884479761123657,WelfareSolutionConcept,2.497499999999999,1.0317794095638857,0.021635954640805723,0.0009583375189985426,6.923505485057831,0.30666800607953393,COMPLETE
21,4.7925,2025-06-12 21:52:23.819693,2025-06-12 21:52:26.423688,0 days 00:00:02.603995,13,0.7527307238676876,0.07966850212750745,0.9800077336250719,0.03489937666985963,309,217943,4.7925,1.6359763904164386,0.489,0.22532532037034805,300.0,4,7.510000000000001,"[0.8709999999999999, -0.11999999999999997]",217943,"[8.709999999999999, -1.1999999999999997]",0.007788913249969482,2.3366739749908447,4.250000000000001,"[0.32599999999999996, 0.099]",218943,"[3.26, 0.99]",0.008169469833374023,2.450840950012207,4.28,"[0.43699999999999994, -0.008999999999999984]",219943,"[4.369999999999999, -0.08999999999999983]",0.007919278144836426,2.3757834434509277,3.130000000000001,"[0.32199999999999995, -0.008999999999999994]",220943,"[3.2199999999999998, -0.08999999999999994]",0.008137959639231364,2.441387891769409,WelfareSolutionConcept,4.889999999999999,2.2532532037034807,0.008003905216852824,0.00015713490823611746,2.401171565055847,0.047140472470835255,COMPLETE
22,4.130000000000001,2025-06-12 21:52:26.439885,2025-06-12 21:52:28.960353,0 days 00:00:02.520468,10,0.7521504455978901,0.09045144301510001,0.9886796622330662,0.020127795702972545,353,227946,4.130000000000001,1.600124995117569,0.368,0.20596965795961308,350.0,4,1.4700000000000002,"[0.12800000000000003, 0.019000000000000024]",227946,"[1.2800000000000002, 0.19000000000000022]",0.006376541001456125,2.2317893505096436,5.75,"[0.665, -0.08999999999999998]",228946,"[6.65, -0.8999999999999998]",0.006730981554303851,2.3558435440063477,4.630000000000001,"[0.445, 0.018000000000000013]",229946,"[4.45, 0.18000000000000013]",0.006633387293134417,2.321685552597046,4.67,"[0.23399999999999999, 0.233]",230946,"[2.34, 2.33]",0.0063857105800083705,2.2349987030029297,WelfareSolutionConcept,3.68,2.059696579596131,0.006531655107225691,0.00015446735981102078,2.2860792875289917,0.054063575933857244,COMPLETE
23,3.6624999999999996,2025-06-12 21:52:28.977296,2025-06-12 21:52:32.030503,0 days 00:00:03.053207,19,0.8341900418627428,0.06650567700177829,0.9768575072975506,0.05106993338356156,267,237949,3.6624999999999996,0.9496677050421374,0.4294999999999999,0.04894129136015931,260.0,4,4.489999999999999,"[0.3949999999999999, 0.05399999999999997]",237949,"[3.9499999999999993, 0.5399999999999997]",0.010595995646256667,2.7549588680267334,3.34,"[0.514, -0.18]",238949,"[5.140000000000001, -1.7999999999999998]",0.010419212854825534,2.7089953422546387,4.569999999999999,"[0.4039999999999999, 0.05299999999999998]",239949,"[4.039999999999999, 0.5299999999999998]",0.010263507182781514,2.6685118675231934,2.249999999999999,"[0.4049999999999999, -0.18]",240949,"[4.049999999999999, -1.7999999999999998]",0.011109370451707106,2.8884363174438477,WelfareSolutionConcept,4.295,0.4894129136015933,0.010597021533892706,0.00031833559916374455,2.7552255988121033,0.08276725578257368,COMPLETE
24,5.6125,2025-06-12 21:52:32.046098,2025-06-12 21:52:34.104519,0 days 00:00:02.058421,15,0.7737552371067873,0.11841243848345308,0.966246903655855,0.01477127760722411,203,247952,5.6125,2.5531487911988204,0.5065,0.19979802301324204,200.0,4,1.74,"[0.20200000000000004, -0.02799999999999998]",247952,"[2.0200000000000005, -0.2799999999999998]",0.00903630256652832,1.807260513305664,7.35,"[0.763, -0.02799999999999999]",248952,"[7.63, -0.2799999999999999]",0.009247266054153443,1.8494532108306885,8.379999999999999,"[0.5329999999999999, 0.305]",249952,"[5.329999999999999, 3.05]",0.009472556114196777,1.8945112228393555,4.98,"[0.528, -0.029999999999999992]",250952,"[5.28, -0.29999999999999993]",0.009349349737167358,1.8698699474334717,WelfareSolutionConcept,5.065,1.9979802301324203,0.009276368618011475,0.00015991751444926748,1.855273723602295,0.031983502889853514,COMPLETE
25,4.862499999999999,2025-06-12 21:52:34.119388,2025-06-12 21:52:38.664033,0 days 00:00:04.544645,23,0.7009989667071486,0.08466141950310331,0.9797386753474547,0.05353693027766738,354,257954,4.862499999999999,1.5175535410653553,0.49649999999999994,0.11751063781632713,350.0,4,7.489999999999998,"[0.616, 0.13299999999999998]",257954,"[6.16, 1.3299999999999998]",0.011344617434910366,3.970616102218628,4.029999999999999,"[0.3799999999999999, 0.022999999999999944]",258954,"[3.799999999999999, 0.22999999999999943]",0.012448660305568151,4.3570311069488525,3.9199999999999995,"[0.612, -0.22000000000000003]",259954,"[6.12, -2.2]",0.012526555742536272,4.384294509887695,4.01,"[0.3779999999999999, 0.022999999999999944]",260954,"[3.779999999999999, 0.22999999999999943]",0.011903601373944963,4.166260480880737,WelfareSolutionConcept,4.964999999999999,1.1751063781632713,0.012055858714239939,0.00047562990804117923,4.219550549983978,0.16647046781441274,COMPLETE
26,5.7825,2025-06-12 21:52:38.834949,2025-06-12 21:52:45.675615,0 days 00:00:06.840666,35,0.9266803301486555,0.13655842552484895,0.9584142061615881,0.005499811578731571,435,267958,5.7825,2.6788558658501964,0.55625,0.2713902863036922,430.0,4,10.31,"[0.9850000000000001, 0.04599999999999992]",267958,"[9.850000000000001, 0.45999999999999924]",0.013411110500956691,5.766777515411377,5.229999999999999,"[0.595, -0.07200000000000009]",268958,"[5.949999999999999, -0.7200000000000009]",0.014900325619897178,6.407140016555786,3.7699999999999987,"[0.32099999999999995, 0.05599999999999992]",269958,"[3.2099999999999995, 0.5599999999999992]",0.015539181509683298,6.681848049163818,3.819999999999999,"[0.32399999999999995, 0.05799999999999994]",270958,"[3.2399999999999993, 0.5799999999999994]",0.013758159238238667,5.916008472442627,WelfareSolutionConcept,5.5625,2.7139028630369224,0.01440219421719396,0.0008570156043430496,6.192943513393402,0.36851670986751145,COMPLETE
27,3.367499999999999,2025-06-12 21:52:45.695006,2025-06-12 21:52:52.757749,0 days 00:00:07.062743,36,0.9227727447336604,0.13827164486812907,0.9480846424435004,0.0021100966726383496,434,277965,3.367499999999999,1.451677908490723,0.58675,0.1327542372205121,430.0,4,3.709999999999998,"[0.721, -0.35000000000000014]",277965,"[7.21, -3.5000000000000013]",0.015574845047884209,6.69718337059021,1.0399999999999983,"[0.454, -0.35000000000000014]",278965,"[4.54, -3.5000000000000013]",0.015954916976219,6.86061429977417,5.039999999999998,"[0.4539999999999999, 0.04999999999999989]",279965,"[4.539999999999999, 0.4999999999999989]",0.015429001076276913,6.634470462799072,3.679999999999999,"[0.718, -0.35000000000000014]",280965,"[7.18, -3.5000000000000013]",0.015984814111576522,6.873470067977905,WelfareSolutionConcept,5.8675,1.3275423722051212,0.015735894302989162,0.0002398188470844342,6.766434550285339,0.10312210424630687,COMPLETE
28,1.7999999999999985,2025-06-12 21:52:52.774089,2025-06-12 21:53:00.990189,0 days 00:00:08.216100,35,0.9516047924882797,0.15587132163416778,0.9597597280794357,0.004794452630630652,499,287972,1.7999999999999985,2.7191083097221416,0.45499999999999996,0.24751464603130058,490.0,4,-2.810000000000002,"[0.05899999999999992, -0.3400000000000002]",287972,"[0.5899999999999992, -3.400000000000002]",0.016414545506847147,8.043127298355103,3.839999999999999,"[0.724, -0.3400000000000002]",288972,"[7.24, -3.400000000000002]",0.015328865148583237,7.511143922805786,2.4299999999999984,"[0.45600000000000007, -0.21300000000000016]",289972,"[4.5600000000000005, -2.1300000000000017]",0.015984160072949467,7.832238435745239,3.7399999999999984,"[0.5810000000000001, -0.20700000000000013]",290972,"[5.8100000000000005, -2.070000000000001]",0.015528848706459512,7.609135866165161,WelfareSolutionConcept,4.550000000000001,2.475146460313006,0.015814104858709842,0.0004202012602628789,7.748911380767822,0.20589861752881083,COMPLETE
29,5.664999999999999,2025-06-12 21:53:01.010089,2025-06-12 21:53:06.988022,0 days 00:00:05.977933,27,0.9994354190780289,0.15198202426306198,0.944546326686354,0.0056890853418317495,459,297981,5.664999999999999,5.3881977506398195,0.33075,0.29401817545859305,450.0,4,4.679999999999998,"[0.484, -0.016000000000000052]",297981,"[4.84, -0.16000000000000053]",0.012929668956332737,5.8183510303497314,14.72,"[0.732, 0.74]",298981,"[7.32, 7.4]",0.010182042651706271,4.581919193267822,1.0799999999999992,"[-0.00800000000000003, 0.11600000000000002]",299981,"[-0.0800000000000003, 1.1600000000000001]",0.012213644451565213,5.496140003204346,2.1799999999999997,"[0.11499999999999996, 0.10299999999999998]",300981,"[1.1499999999999997, 1.0299999999999998]",0.012669836680094401,5.7014265060424805,WelfareSolutionConcept,3.3075,2.9401817545859306,0.011998798184924655,0.0010797653264518353,5.399459183216095,0.4858943969033258,COMPLETE
30,4.364999999999998,2025-06-12 21:53:07.002042,2025-06-12 21:53:15.112376,0 days 00:00:08.110334,42,0.8442147223938485,0.17941278631086705,0.9351709109477474,0.0996724005988046,401,307987,4.364999999999998,3.588025222876786,0.6012500000000001,0.1163343779800279,400.0,4,10.0,"[0.7070000000000001, 0.293]",307987,"[7.07, 2.9299999999999997]",0.016254825592041014,6.501930236816406,2.989999999999998,"[0.57, -0.2710000000000002]",308987,"[5.699999999999999, -2.7100000000000017]",0.0174118447303772,6.964737892150879,0.13999999999999746,"[0.42400000000000004, -0.41000000000000025]",309987,"[4.24, -4.100000000000002]",0.019413700699806212,7.765480279922485,4.329999999999998,"[0.704, -0.2710000000000002]",310987,"[7.039999999999999, -2.7100000000000017]",0.019848310947418214,7.939324378967285,WelfareSolutionConcept,6.012499999999999,1.1633437798002788,0.01823217049241066,0.0014654991310278748,7.292868196964264,0.5861996524111498,COMPLETE
31,5.592499999999999,2025-06-12 21:53:15.305072,2025-06-12 21:53:20.910620,0 days 00:00:05.605548,28,0.7371194383106638,0.13120846750948778,0.970728775939784,0.010773948644750146,368,317995,5.592499999999999,2.371121833647525,0.6094999999999999,0.19479925564539516,360.0,4,7.16,"[0.732, -0.016000000000000052]",317995,"[7.32, -0.16000000000000053]",0.014173126882976957,5.102325677871704,2.1899999999999995,"[0.362, -0.14300000000000004]",318995,"[3.62, -1.4300000000000004]",0.015147864156299167,5.4532310962677,8.35,"[0.8560000000000001, -0.02100000000000004]",319995,"[8.56, -0.2100000000000004]",0.014321799410714044,5.155847787857056,4.669999999999999,"[0.4879999999999999, -0.021000000000000064]",320995,"[4.879999999999999, -0.21000000000000063]",0.01454623540242513,5.236644744873047,WelfareSolutionConcept,6.095,1.9479925564539515,0.014547256463103824,0.0003713268334259371,5.237012326717377,0.13367766003333753,COMPLETE
32,3.5849999999999995,2025-06-12 21:53:20.926362,2025-06-12 21:53:27.084882,0 days 00:00:06.158520,29,0.6311287696631238,0.16539184323347625,0.9889468305956389,0.01742848086501479,414,328000,3.5849999999999995,1.0484870051650617,0.3847499999999999,0.05329340953626443,410.0,4,2.019999999999999,"[0.355, -0.15300000000000005]",328000,"[3.55, -1.5300000000000005]",0.014629511135380443,5.9980995655059814,4.59,"[0.3559999999999999, 0.10299999999999998]",329000,"[3.559999999999999, 1.0299999999999998]",0.014412949724895199,5.909309387207031,4.489999999999998,"[0.477, -0.028000000000000046]",330000,"[4.77, -0.28000000000000047]",0.01339802218646538,5.493189096450806,3.2399999999999998,"[0.351, -0.02700000000000006]",331000,"[3.51, -0.2700000000000006]",0.0145698838117646,5.973652362823486,WelfareSolutionConcept,3.8474999999999997,0.5329340953626442,0.014252591714626405,0.000499686475343949,5.843562602996826,0.20487145489101924,COMPLETE
33,3.544999999999998,2025-06-12 21:53:27.098750,2025-06-12 21:53:36.928158,0 days 00:00:09.829408,43,0.7682211549714659,0.10348668345005588,0.9281082400214881,0.02844287082505934,447,338007,3.544999999999998,3.76407027033237,0.49349999999999994,0.20851079108765574,440.0,4,7.049999999999998,"[0.5599999999999998, 0.14499999999999988]",338007,"[5.599999999999998, 1.4499999999999988]",0.017810837789015335,7.836768627166748,4.219999999999998,"[0.702, -0.2800000000000002]",339007,"[7.02, -2.800000000000002]",0.02078805078159679,9.146742343902588,-2.740000000000003,"[0.14599999999999985, -0.42000000000000026]",340007,"[1.4599999999999986, -4.200000000000003]",0.021940968795256182,9.65402626991272,5.649999999999998,"[0.5660000000000001, -0.0010000000000001564]",341007,"[5.66, -0.010000000000001563]",0.01940566518089988,8.538492679595947,WelfareSolutionConcept,4.934999999999999,2.0851079108765576,0.019986380636692048,0.0015438026925018566,8.7940074801445,0.6792731847008167,COMPLETE
34,0.9649999999999987,2025-06-12 21:53:36.946312,2025-06-12 21:53:43.242534,0 days 00:00:06.296222,34,0.9214437799960877,0.17971082644395098,0.9551365775557582,0.06715495935546016,394,348016,0.9649999999999987,1.9125964027990854,0.39324999999999993,0.19442784651381603,390.0,4,-1.2900000000000014,"[0.20099999999999993, -0.3300000000000001]",348016,"[2.0099999999999993, -3.300000000000001]",0.01571473402854724,6.128746271133423,-0.010000000000001563,"[0.32899999999999996, -0.3300000000000001]",349016,"[3.2899999999999996, -3.300000000000001]",0.015047784952016977,5.868636131286621,3.8799999999999994,"[0.718, -0.3300000000000001]",350016,"[7.18, -3.300000000000001]",0.014712198575337728,5.737757444381714,1.2799999999999985,"[0.3249999999999999, -0.1970000000000001]",351016,"[3.249999999999999, -1.9700000000000009]",0.015333240460126829,5.979963779449463,WelfareSolutionConcept,3.932499999999999,1.9442784651381604,0.015201989504007194,0.000368716679372359,5.928775906562805,0.14379950495521995,COMPLETE
35,3.884999999999999,2025-06-12 21:53:43.256869,2025-06-12 21:53:48.928271,0 days 00:00:05.671402,31,0.5697543537763087,0.047530506663546274,0.9680149269454914,0.006945071558510399,326,358023,3.884999999999999,4.143202263949951,0.40125,0.27549534932553765,320.0,4,5.389999999999999,"[0.33399999999999996, 0.20499999999999993]",358023,"[3.34, 2.0499999999999994]",0.015963450074195862,5.108304023742676,-2.100000000000001,"[0.08999999999999994, -0.30000000000000016]",359023,"[0.8999999999999995, -3.0000000000000018]",0.017218801379203796,5.510016441345215,9.33,"[0.8460000000000001, 0.08699999999999997]",360023,"[8.46, 0.8699999999999997]",0.014532049745321273,4.650255918502808,2.9199999999999986,"[0.33499999999999985, -0.04300000000000006]",361023,"[3.3499999999999988, -0.4300000000000006]",0.017207153886556626,5.50628924369812,WelfareSolutionConcept,4.012499999999999,2.754953493255377,0.01623036377131939,0.0011052874384656125,5.193716406822205,0.35369198030899596,COMPLETE
36,4.032499999999999,2025-06-12 21:53:49.151644,2025-06-12 21:53:55.068818,0 days 00:00:05.917174,21,0.6892359922773927,0.11519301589512505,0.9591445300605713,0.022775961657907396,480,368029,4.032499999999999,2.121831461261709,0.4534999999999999,0.21453962337992488,480.0,4,5.539999999999999,"[0.5149999999999999, 0.03899999999999996]",368029,"[5.149999999999999, 0.38999999999999957]",0.011341732740402222,5.444031715393066,6.689999999999999,"[0.749, -0.08]",369029,"[7.49, -0.8]",0.011150866746902466,5.352416038513184,1.9599999999999993,"[0.3959999999999999, -0.2]",370029,"[3.959999999999999, -2.0]",0.012004685401916505,5.762248992919922,1.9399999999999997,"[0.15399999999999997, 0.039999999999999945]",371029,"[1.5399999999999996, 0.39999999999999947]",0.010802241166432698,5.185075759887695,WelfareSolutionConcept,4.534999999999999,2.1453962337992487,0.011324881513913473,0.0004375646700577338,5.435943126678467,0.21003104162771202,COMPLETE
37,3.029999999999999,2025-06-12 21:53:55.082800,2025-06-12 21:54:00.908352,0 days 00:00:05.825552,25,0.8087353067239637,0.12670894662659668,0.948965594325731,0.0018552802818959852,441,378035,3.029999999999999,1.7638594048279475,0.3374999999999999,0.1025195103382766,440.0,4,0.1099999999999986,"[0.2509999999999999, -0.24000000000000007]",378035,"[2.509999999999999, -2.400000000000001]",0.012500653483650901,5.5002875328063965,3.749999999999999,"[0.4959999999999999, -0.12100000000000007]",379035,"[4.959999999999999, -1.2100000000000006]",0.012796456163579767,5.630440711975098,3.429999999999999,"[0.35999999999999993, -0.017000000000000078]",380035,"[3.599999999999999, -0.17000000000000076]",0.012630333683707497,5.557346820831299,4.829999999999999,"[0.24299999999999988, 0.24]",381035,"[2.429999999999999, 2.4]",0.011667260798540982,5.133594751358032,WelfareSolutionConcept,3.374999999999999,1.025195103382766,0.012398676032369788,0.00043510399476888586,5.455417454242706,0.19144575769830974,COMPLETE
38,4.505000000000001,2025-06-12 21:54:00.932313,2025-06-12 21:54:05.254738,0 days 00:00:04.322425,13,0.8823053207549262,0.018521657818226983,0.9925106355813763,0.043006107634167144,382,388040,4.505000000000001,3.1702405271524743,0.32275000000000004,0.27230623845222496,380.0,4,4.22,"[0.324, 0.09800000000000003]",388040,"[3.24, 0.9800000000000003]",0.007718719934162341,2.9331135749816895,2.0100000000000002,"[0.098, 0.10300000000000005]",389040,"[0.98, 1.0300000000000005]",0.007720169895573666,2.933664560317993,2.020000000000001,"[0.10200000000000006, 0.10000000000000006]",390040,"[1.0200000000000007, 1.0000000000000007]",0.010963423628556101,4.166100978851318,9.77,"[0.767, 0.20999999999999996]",391040,"[7.67, 2.0999999999999996]",0.010713136196136475,4.07099175453186,WelfareSolutionConcept,3.2275,2.7230623845222497,0.009278862413607146,0.0015619262700350986,3.5259677171707153,0.5935319826133374,COMPLETE
39,2.6399999999999992,2025-06-12 21:54:05.269004,2025-06-12 21:54:14.120753,0 days 00:00:08.851749,31,0.8264274515199509,0.1440268632422388,0.9985545516543252,0.010630148330616875,420,398045,2.6399999999999992,1.8090467102869405,0.46675,0.26450082703084316,420.0,4,0.46999999999999875,"[0.08799999999999997, -0.04100000000000008]",398045,"[0.8799999999999997, -0.4100000000000008]",0.014110095728011359,5.9262402057647705,1.7199999999999989,"[0.4720000000000001, -0.30000000000000016]",399045,"[4.720000000000001, -3.0000000000000018]",0.02066361733845302,8.678719282150269,5.359999999999999,"[0.836, -0.30000000000000016]",400045,"[8.36, -3.0000000000000018]",0.013878121830168224,5.828811168670654,3.0099999999999993,"[0.471, -0.17000000000000007]",401045,"[4.71, -1.7000000000000006]",0.020591858455113004,8.648580551147461,WelfareSolutionConcept,4.6675,2.6450082703084314,0.017310923337936403,0.0033179254016786116,7.270587801933289,1.3935286687050168,COMPLETE
