number,value,datetime_start,datetime_complete,duration,params_episode_length,params_epsilon_max,params_epsilon_min,params_gamma,params_learning_rate,params_num_episodes,user_attrs_base_seed,user_attrs_collective_reward_mean,user_attrs_collective_reward_std,user_attrs_individual_reward_agent0_mean,user_attrs_individual_reward_agent0_std,user_attrs_num_episodes_mean,user_attrs_num_parallel_runs,user_attrs_run_0_collective_reward,user_attrs_run_0_individual_rewards,user_attrs_run_0_seed,user_attrs_run_0_total_individual_rewards,user_attrs_run_0_training_time_per_episode,user_attrs_run_0_training_time_total,user_attrs_run_1_collective_reward,user_attrs_run_1_individual_rewards,user_attrs_run_1_seed,user_attrs_run_1_total_individual_rewards,user_attrs_run_1_training_time_per_episode,user_attrs_run_1_training_time_total,user_attrs_run_2_collective_reward,user_attrs_run_2_individual_rewards,user_attrs_run_2_seed,user_attrs_run_2_total_individual_rewards,user_attrs_run_2_training_time_per_episode,user_attrs_run_2_training_time_total,user_attrs_run_3_collective_reward,user_attrs_run_3_individual_rewards,user_attrs_run_3_seed,user_attrs_run_3_total_individual_rewards,user_attrs_run_3_training_time_per_episode,user_attrs_run_3_training_time_total,user_attrs_solution_concept,user_attrs_total_individual_reward_agent0_mean,user_attrs_total_individual_reward_agent0_std,user_attrs_training_time_per_episode_mean,user_attrs_training_time_per_episode_std,user_attrs_training_time_total_mean,user_attrs_training_time_total_std,state
539,5.237499999999998,2025-06-12 22:34:39.030461,2025-06-12 22:34:42.005919,0 days 00:00:02.975458,44,0.8939425894505663,0.0771540268804729,0.9750791846283908,0.04873255249553118,136,5390479,5.237499999999998,1.341759572352663,0.3039999999999998,0.1827963347553774,130.0,4,7.2799999999999985,"[0.37599999999999983, 0.352]",5390479,"[3.7599999999999985, 3.5199999999999996]",0.02139288095327524,2.7810745239257812,5.529999999999998,"[0.22099999999999986, 0.3319999999999999]",5391479,"[2.2099999999999986, 3.319999999999999]",0.02104771320636456,2.7362027168273926,3.7399999999999975,"[0.06299999999999986, 0.3109999999999999]",5392479,"[0.6299999999999986, 3.109999999999999]",0.020090572650615986,2.611774444580078,4.399999999999998,"[0.5559999999999998, -0.11600000000000019]",5393479,"[5.559999999999999, -1.160000000000002]",0.020880856880774866,2.7145113945007324,MinimaxSolutionConcept,3.0399999999999987,1.8279633475537742,0.020853005922757663,0.0004773510619023152,2.710890769958496,0.062055638047300986,COMPLETE
540,8.867499999999996,2025-06-12 22:34:42.022948,2025-06-12 22:34:45.766359,0 days 00:00:03.743411,49,0.8675294936090145,0.1033457969472423,0.9182713686134101,0.00015130445691974428,162,5400482,8.867499999999996,2.4980229682691073,0.4637499999999999,0.18368638354543326,160.0,4,7.289999999999996,"[0.32699999999999985, 0.4019999999999998]",5400482,"[3.2699999999999987, 4.019999999999998]",0.020089882612228393,3.214381217956543,12.889999999999997,"[0.7759999999999999, 0.5129999999999999]",5401482,"[7.759999999999999, 5.129999999999999]",0.022184625267982483,3.5495400428771973,6.359999999999996,"[0.33499999999999985, 0.3009999999999998]",5402482,"[3.3499999999999988, 3.009999999999998]",0.021625708043575286,3.460113286972046,8.929999999999996,"[0.4169999999999998, 0.47599999999999987]",5403482,"[4.169999999999998, 4.759999999999999]",0.022036418318748474,3.525826930999756,MinimaxSolutionConcept,4.637499999999998,1.8368638354543323,0.02148415856063366,0.0008306151523057449,3.4374653697013855,0.13289842436891916,COMPLETE
541,6.569999999999998,2025-06-12 22:34:48.751610,2025-06-12 22:34:54.359288,0 days 00:00:05.607678,48,0.6023080534963542,0.037052065721991795,0.9826005463247443,0.03867306947307277,200,5410488,6.569999999999998,1.3850992744204291,0.3369999999999999,0.1907157570836768,200.0,4,4.8599999999999985,"[0.16999999999999987, 0.3159999999999999]",5410488,"[1.6999999999999988, 3.159999999999999]",0.027056006193161012,5.411201238632202,7.5799999999999965,"[0.5229999999999999, 0.23499999999999982]",5411488,"[5.229999999999999, 2.3499999999999983]",0.02589816689491272,5.179633378982544,5.599999999999998,"[0.12399999999999985, 0.43599999999999994]",5412488,"[1.2399999999999984, 4.359999999999999]",0.02669363617897034,5.338727235794067,8.239999999999998,"[0.5309999999999999, 0.293]",5413488,"[5.309999999999999, 2.9299999999999997]",0.025205198526382446,5.041039705276489,MinimaxSolutionConcept,3.3699999999999988,1.9071575708367676,0.02621325194835663,0.0007170170881185019,5.242650389671326,0.14340341762370026,COMPLETE
542,8.264999999999997,2025-06-12 22:34:54.374559,2025-06-12 22:34:58.867524,0 days 00:00:04.492965,46,0.6143619656510317,0.02236587243596721,0.9866462913079481,0.00013234331179224978,171,5420494,8.264999999999997,2.0950954632187995,0.4687499999999999,0.06856885225815,170.0,4,7.139999999999999,"[0.3599999999999999, 0.35399999999999987]",5420494,"[3.5999999999999988, 3.5399999999999987]",0.023882122600779813,4.059960842132568,6.579999999999998,"[0.47199999999999986, 0.1859999999999999]",5421494,"[4.719999999999999, 1.859999999999999]",0.023946080488317152,4.070833683013916,11.849999999999996,"[0.49499999999999994, 0.6899999999999998]",5422494,"[4.949999999999999, 6.899999999999999]",0.025258138600517722,4.293883562088013,7.489999999999998,"[0.5479999999999999, 0.20099999999999985]",5423494,"[5.4799999999999995, 2.0099999999999985]",0.02405225950128892,4.088884115219116,MinimaxSolutionConcept,4.687499999999999,0.6856885225815001,0.0242846502977259,0.0005653191621979818,4.128390550613403,0.09610425757365687,COMPLETE
543,8.474999999999998,2025-06-12 22:34:58.883178,2025-06-12 22:35:01.620226,0 days 00:00:02.737048,47,0.6730054180994152,0.08904275928399415,0.9797759255737534,0.03171730352222174,101,5430498,8.474999999999998,1.403575790614814,0.3517499999999999,0.24478906736208633,100.0,4,6.539999999999997,"[0.05899999999999985, 0.595]",5430498,"[0.5899999999999985, 5.949999999999999]",0.02557391881942749,2.557391881942749,9.349999999999998,"[0.46599999999999986, 0.46899999999999986]",5431498,"[4.659999999999998, 4.689999999999999]",0.024720070362091066,2.4720070362091064,10.189999999999998,"[0.6910000000000001, 0.32799999999999985]",5432498,"[6.91, 3.2799999999999985]",0.025192224979400636,2.5192224979400635,7.819999999999998,"[0.1909999999999998, 0.591]",5433498,"[1.9099999999999981, 5.91]",0.022676565647125245,2.2676565647125244,MinimaxSolutionConcept,3.5174999999999987,2.447890673620863,0.02454069495201111,0.0011179441555668897,2.454069495201111,0.11179441555668904,COMPLETE
544,9.672499999999998,2025-06-12 22:35:01.635534,2025-06-12 22:35:04.898939,0 days 00:00:03.263405,43,0.8574813794455672,0.08342468574617513,0.9764083997631477,0.00011640670000998572,148,5440501,9.672499999999998,3.0398632781755173,0.5155,0.08922583706528059,140.0,4,12.66,"[0.6689999999999999, 0.597]",5440501,"[6.6899999999999995, 5.97]",0.020603673798697337,2.884514331817627,12.359999999999998,"[0.45099999999999996, 0.7849999999999999]",5441501,"[4.51, 7.85]",0.020020294189453124,2.8028411865234375,5.299999999999998,"[0.4619999999999999, 0.06799999999999987]",5442501,"[4.619999999999999, 0.6799999999999986]",0.020919178213391985,2.928684949874878,8.37,"[0.47999999999999987, 0.3569999999999999]",5443501,"[4.799999999999999, 3.5699999999999985]",0.021683221203940256,3.0356509685516357,MinimaxSolutionConcept,5.154999999999999,0.8922583706528059,0.020806591851370675,0.0006001238330414614,2.9129228591918945,0.08401733662580453,COMPLETE
545,8.2175,2025-06-12 22:35:04.916464,2025-06-12 22:35:08.474618,0 days 00:00:03.558154,42,0.8357365886285691,0.080164494771056,0.9770390375149519,0.001124127635838077,157,5450504,8.2175,3.414757495049978,0.3667499999999999,0.17608431929050355,150.0,4,4.449999999999998,"[0.21299999999999994, 0.23199999999999993]",5450504,"[2.1299999999999994, 2.3199999999999994]",0.021297450065612792,3.194617509841919,11.0,"[0.58, 0.5199999999999999]",5451504,"[5.8, 5.199999999999999]",0.019113771120707192,2.867065668106079,12.189999999999998,"[0.4999999999999999, 0.719]",5452504,"[4.999999999999999, 7.1899999999999995]",0.02139400800069173,3.2091012001037598,5.229999999999998,"[0.17399999999999988, 0.34899999999999987]",5453504,"[1.7399999999999989, 3.4899999999999984]",0.022347750663757323,3.3521625995635986,MinimaxSolutionConcept,3.6674999999999995,1.7608431929050357,0.02103824496269226,0.0011844998284290004,3.155736744403839,0.17767497426435003,COMPLETE
546,7.362499999999998,2025-06-12 22:35:11.416628,2025-06-12 22:35:15.002739,0 days 00:00:03.586111,44,0.7861518299494787,0.08208653520151862,0.9744749616289471,0.00011108717310260507,166,5460511,7.362499999999998,1.761567129007578,0.3164999999999999,0.15290765186870148,160.0,4,8.02,"[0.4419999999999999, 0.35999999999999993]",5460511,"[4.419999999999999, 3.599999999999999]",0.020636105537414552,3.301776885986328,4.339999999999997,"[0.05599999999999985, 0.3779999999999999]",5461511,"[0.5599999999999985, 3.779999999999999]",0.02095944881439209,3.3535118103027344,8.699999999999998,"[0.4039999999999999, 0.46599999999999986]",5462511,"[4.039999999999999, 4.659999999999998]",0.021167939901351927,3.3868703842163086,8.389999999999997,"[0.3639999999999998, 0.4749999999999999]",5463511,"[3.6399999999999983, 4.749999999999999]",0.01938158869743347,3.1010541915893555,MinimaxSolutionConcept,3.1649999999999987,1.5290765186870148,0.020536270737648014,0.0006930626267246096,3.2858033180236816,0.11089002027593749,COMPLETE
547,6.5699999999999985,2025-06-12 22:35:15.020400,2025-06-12 22:35:19.090927,0 days 00:00:04.070527,42,0.8466822393852862,0.0755807240625932,0.9753628458447542,0.00012221937832276297,185,5470515,6.5699999999999985,3.3633391146299845,0.25549999999999984,0.25295602384604327,180.0,4,2.9799999999999978,"[0.07699999999999987, 0.22099999999999992]",5470515,"[0.7699999999999987, 2.209999999999999]",0.0215715487798055,3.8828787803649902,9.129999999999999,"[0.5969999999999999, 0.31599999999999995]",5471515,"[5.969999999999999, 3.1599999999999993]",0.01945754024717543,3.502357244491577,3.5299999999999967,"[-0.04300000000000014, 0.3959999999999999]",5472515,"[-0.43000000000000144, 3.959999999999999]",0.02129934893714057,3.8338828086853027,10.64,"[0.3909999999999999, 0.6729999999999999]",5473515,"[3.9099999999999993, 6.7299999999999995]",0.01778985791736179,3.202174425125122,MinimaxSolutionConcept,2.554999999999999,2.5295602384604328,0.02002957397037082,0.0015275442184880742,3.605323314666748,0.2749579593278535,COMPLETE
548,7.757499999999997,2025-06-12 22:35:19.106473,2025-06-12 22:35:22.135233,0 days 00:00:03.028760,43,0.8620159727372257,0.06859242783284009,0.9730210351056746,0.002434814589793631,149,5480519,7.757499999999997,3.756470251446163,0.3477499999999999,0.2186462611159862,140.0,4,6.709999999999997,"[0.3419999999999999, 0.32899999999999985]",5480519,"[3.419999999999999, 3.2899999999999983]",0.020239479201180594,2.833527088165283,14.149999999999997,"[0.7, 0.7149999999999999]",5481519,"[7.0, 7.149999999999999]",0.01856149775641305,2.598609685897827,4.769999999999997,"[0.2339999999999999, 0.24299999999999983]",5482519,"[2.339999999999999, 2.4299999999999984]",0.019662788936070034,2.7527904510498047,5.399999999999998,"[0.11499999999999988, 0.42499999999999993]",5483519,"[1.1499999999999988, 4.249999999999999]",0.019114220142364503,2.6759908199310303,MinimaxSolutionConcept,3.477499999999999,2.186462611159862,0.019394496509007045,0.0006241831341869357,2.7152295112609863,0.08738563878617096,COMPLETE
549,7.6949999999999985,2025-06-12 22:35:22.150566,2025-06-12 22:35:26.064230,0 days 00:00:03.913664,43,0.8584798230730778,0.07207341559935562,0.9783600704888711,0.027099212106142575,181,5490522,7.6949999999999985,2.77825934714526,0.3912499999999999,0.15900216193498756,180.0,4,7.519999999999999,"[0.3769999999999999, 0.3749999999999999]",5490522,"[3.7699999999999987, 3.749999999999999]",0.019280281331804063,3.4704506397247314,6.589999999999999,"[0.1979999999999999, 0.46099999999999997]",5491522,"[1.979999999999999, 4.609999999999999]",0.019895391994052464,3.5811705589294434,12.13,"[0.6399999999999999, 0.573]",5492522,"[6.399999999999999, 5.7299999999999995]",0.019672077231936983,3.5409739017486572,4.539999999999997,"[0.34999999999999987, 0.10399999999999987]",5493522,"[3.4999999999999987, 1.0399999999999987]",0.020517807536655,3.6932053565979004,MinimaxSolutionConcept,3.9124999999999988,1.5900216193498753,0.019841389523612127,0.00044832093699963775,3.571450114250183,0.08069776865993485,COMPLETE
550,6.767499999999998,2025-06-12 22:35:26.079929,2025-06-12 22:35:29.735670,0 days 00:00:03.655741,43,0.6301806925486894,0.08255987114977743,0.9770270983780281,0.0001002953879197947,161,5500526,6.767499999999998,0.8486570273084414,0.3024999999999999,0.04188973621306295,160.0,4,6.909999999999999,"[0.34299999999999986, 0.34799999999999986]",5500526,"[3.429999999999999, 3.4799999999999986]",0.01879163980484009,3.006662368774414,6.289999999999997,"[0.3089999999999999, 0.31999999999999984]",5501526,"[3.089999999999999, 3.1999999999999984]",0.01966162919998169,3.1458606719970703,8.069999999999999,"[0.32499999999999984, 0.48199999999999993]",5502526,"[3.2499999999999982, 4.819999999999999]",0.020957255363464357,3.353160858154297,5.799999999999998,"[0.23299999999999993, 0.3469999999999998]",5503526,"[2.329999999999999, 3.469999999999998]",0.021554839611053467,3.4487743377685547,MinimaxSolutionConcept,3.0249999999999986,0.4188973621306296,0.020241340994834902,0.0010811465330128134,3.238614559173584,0.17298344528205017,COMPLETE
551,9.174999999999999,2025-06-12 22:35:32.398263,2025-06-12 22:35:39.969559,0 days 00:00:07.571296,44,0.976051596307167,0.027063351145960847,0.9812967015703987,0.00016366399280392765,397,5510532,9.174999999999999,2.136182342404319,0.41924999999999996,0.16230738584549995,390.0,4,12.42,"[0.6479999999999999, 0.5939999999999999]",5510532,"[6.479999999999999, 5.939999999999999]",0.016945284452193822,6.608660936355591,9.739999999999998,"[0.49399999999999994, 0.47999999999999987]",5511532,"[4.9399999999999995, 4.799999999999999]",0.018807881306379268,7.335073709487915,6.999999999999998,"[0.29399999999999993, 0.40599999999999986]",5512532,"[2.9399999999999995, 4.059999999999999]",0.018909717828799518,7.3747899532318115,7.539999999999998,"[0.24099999999999994, 0.5129999999999999]",5513532,"[2.4099999999999993, 5.129999999999999]",0.017187075737195138,6.7029595375061035,MinimaxSolutionConcept,4.192499999999999,1.6230738584549993,0.017962489831141935,0.0009010967520198171,7.005371034145355,0.35142773328772864,COMPLETE
552,8.309999999999999,2025-06-12 22:35:39.985129,2025-06-12 22:35:47.551997,0 days 00:00:07.566868,41,0.6463987186816921,0.08675563131456433,0.9790907334118139,0.00012248630015290215,368,5520540,8.309999999999999,2.7030815747957,0.4554999999999999,0.202546908147224,360.0,4,9.879999999999999,"[0.5279999999999999, 0.45999999999999996]",5520540,"[5.279999999999999, 4.6]",0.019060550795661078,6.861798286437988,5.889999999999999,"[0.21899999999999986, 0.3699999999999999]",5521540,"[2.1899999999999986, 3.699999999999999]",0.019915646976894803,7.169632911682129,5.529999999999998,"[0.3259999999999999, 0.22699999999999992]",5522540,"[3.259999999999999, 2.269999999999999]",0.02045956055323283,7.365441799163818,11.939999999999998,"[0.7489999999999999, 0.44499999999999984]",5523540,"[7.489999999999998, 4.449999999999998]",0.019854011138280232,7.147444009780884,MinimaxSolutionConcept,4.554999999999999,2.0254690814722403,0.019822442366017236,0.0004990195477963985,7.136079251766205,0.17964703720670328,COMPLETE
553,6.842499999999998,2025-06-12 22:35:47.568294,2025-06-12 22:35:51.412152,0 days 00:00:03.843858,45,0.8519177768526945,0.04228724932002413,0.9761405041611493,0.0001487842294801294,170,5530547,6.842499999999998,2.845095560785262,0.3822499999999999,0.15459200335075554,170.0,4,4.009999999999997,"[0.43699999999999983, -0.03600000000000016]",5530547,"[4.369999999999998, -0.36000000000000154]",0.021456116788527546,3.6475398540496826,8.429999999999998,"[0.2469999999999999, 0.596]",5531547,"[2.469999999999999, 5.96]",0.021076548800748936,3.5830132961273193,10.709999999999999,"[0.611, 0.45999999999999985]",5532547,"[6.109999999999999, 4.599999999999999]",0.020444369316101073,3.4755427837371826,4.219999999999997,"[0.2339999999999999, 0.1879999999999999]",5533547,"[2.339999999999999, 1.879999999999999]",0.020149776514838725,3.425462007522583,MinimaxSolutionConcept,3.822499999999999,1.5459200335075551,0.020781702855054072,0.0005135399452127311,3.532889485359192,0.08730179068616428,COMPLETE
554,9.627499999999998,2025-06-12 22:35:51.428547,2025-06-12 22:35:54.310599,0 days 00:00:02.882052,43,0.6202165468150946,0.07817727257118805,0.9737822322298709,0.00011718559369123831,127,5540551,9.627499999999998,1.6210702483236195,0.412,0.14830711378757264,120.0,4,7.959999999999998,"[0.35299999999999987, 0.44299999999999995]",5540551,"[3.5299999999999985, 4.43]",0.02200112541516622,2.6401350498199463,12.309999999999999,"[0.5050000000000001, 0.726]",5541551,"[5.050000000000001, 7.26]",0.019878987471262613,2.3854784965515137,9.219999999999997,"[0.589, 0.33299999999999985]",5542551,"[5.89, 3.3299999999999983]",0.022527915239334107,2.7033498287200928,9.019999999999998,"[0.2009999999999999, 0.701]",5543551,"[2.009999999999999, 7.01]",0.02063806454340617,2.4765677452087402,MinimaxSolutionConcept,4.119999999999999,1.4830711378757264,0.021261523167292275,0.0010548537779811924,2.5513827800750732,0.12658245335774299,COMPLETE
555,7.107499999999998,2025-06-12 22:35:54.326817,2025-06-12 22:35:57.652950,0 days 00:00:03.326133,42,0.6863491121358277,0.0564436527496375,0.912863789794724,0.00017829381555980767,142,5550554,7.107499999999998,0.934408235194875,0.39174999999999993,0.11103237140582026,140.0,4,7.09,"[0.348, 0.36099999999999993]",5550554,"[3.4799999999999995, 3.6099999999999994]",0.021368285587855747,2.9915599822998047,8.549999999999999,"[0.512, 0.3429999999999999]",5551554,"[5.12, 3.4299999999999993]",0.02214031560080392,3.099644184112549,6.839999999999998,"[0.476, 0.2079999999999999]",5552554,"[4.76, 2.079999999999999]",0.021876439026423864,3.062701463699341,5.9499999999999975,"[0.23099999999999987, 0.36399999999999993]",5553554,"[2.3099999999999987, 3.6399999999999992]",0.021274713107517787,2.9784598350524902,MinimaxSolutionConcept,3.9174999999999995,1.1103237140582025,0.021664938330650328,0.00035741945521605326,3.033091366291046,0.05003872373024736,COMPLETE
556,3.3274999999999983,2025-06-12 22:36:00.374763,2025-06-12 22:36:03.543817,0 days 00:00:03.169054,36,0.6597389530900372,0.08369490174563884,0.9261830633307443,0.00013334837816101353,152,5560560,3.3274999999999983,2.843953014731432,0.16224999999999992,0.19564812163677933,150.0,4,2.7399999999999984,"[-0.1380000000000001, 0.4119999999999999]",5560560,"[-1.380000000000001, 4.119999999999999]",0.018933792114257813,2.840068817138672,6.559999999999999,"[0.24599999999999994, 0.41]",5561560,"[2.4599999999999995, 4.1]",0.01863285541534424,2.7949283123016357,5.009999999999998,"[0.3979999999999999, 0.10299999999999991]",5562560,"[3.979999999999999, 1.0299999999999991]",0.01919058958689372,2.8785884380340576,-1.0000000000000022,"[0.14299999999999993, -0.2430000000000001]",5563560,"[1.4299999999999993, -2.430000000000001]",0.01987879753112793,2.9818196296691895,MinimaxSolutionConcept,1.6224999999999992,1.9564812163677934,0.019159008661905924,0.00046006877292447117,2.8738512992858887,0.06901031593867067,COMPLETE
557,7.212499999999999,2025-06-12 22:36:03.559930,2025-06-12 22:36:07.817383,0 days 00:00:04.257453,44,0.5957249067767904,0.11826664601749606,0.9816667688702595,0.00022366712090496913,175,5570563,7.212499999999999,1.1425711137605392,0.5349999999999999,0.12816200685070436,170.0,4,8.499999999999996,"[0.6389999999999999, 0.2109999999999999]",5570563,"[6.389999999999999, 2.109999999999999]",0.0207504763322718,3.527580976486206,8.049999999999999,"[0.6049999999999999, 0.1999999999999999]",5571563,"[6.049999999999999, 1.9999999999999991]",0.02388311834896312,4.0601301193237305,6.699999999999998,"[0.5799999999999998, 0.0899999999999999]",5572563,"[5.799999999999999, 0.899999999999999]",0.021797808478860294,3.70562744140625,5.599999999999998,"[0.31599999999999995, 0.2439999999999999]",5573563,"[3.1599999999999993, 2.439999999999999]",0.021807217597961427,3.7072269916534424,MinimaxSolutionConcept,5.349999999999999,1.2816200685070438,0.02205965518951416,0.0011370197460496441,3.7501413822174072,0.1932933568284395,COMPLETE
558,6.937499999999997,2025-06-12 22:36:07.835241,2025-06-12 22:36:12.457306,0 days 00:00:04.622065,45,0.6376227425176364,0.08758803788482368,0.9786925916400044,0.00011634922968981261,192,5580567,6.937499999999997,1.2599479155901643,0.3327499999999999,0.07849641711568756,190.0,4,5.569999999999998,"[0.21599999999999983, 0.3409999999999999]",5580567,"[2.1599999999999984, 3.4099999999999993]",0.022495720261021663,4.274186849594116,5.789999999999998,"[0.3639999999999999, 0.21499999999999986]",5581567,"[3.639999999999999, 2.1499999999999986]",0.023191730599654348,4.406428813934326,8.179999999999998,"[0.43199999999999994, 0.38599999999999984]",5582567,"[4.319999999999999, 3.8599999999999985]",0.021945382419385408,4.1696226596832275,8.209999999999997,"[0.31899999999999984, 0.502]",5583567,"[3.1899999999999986, 5.02]",0.01977739459589908,3.757704973220825,MinimaxSolutionConcept,3.327499999999999,0.7849641711568756,0.021852556968990126,0.0012769064640976236,4.151985824108124,0.2426122281785486,COMPLETE
