number,value,datetime_start,datetime_complete,duration,params_episode_length,params_epsilon_max,params_epsilon_min,params_gamma,params_learning_rate,params_num_episodes,user_attrs_base_seed,user_attrs_collective_reward_mean,user_attrs_collective_reward_std,user_attrs_individual_reward_agent0_mean,user_attrs_individual_reward_agent0_std,user_attrs_num_episodes_mean,user_attrs_num_parallel_runs,user_attrs_run_0_collective_reward,user_attrs_run_0_individual_rewards,user_attrs_run_0_seed,user_attrs_run_0_total_individual_rewards,user_attrs_run_0_training_time_per_episode,user_attrs_run_0_training_time_total,user_attrs_run_1_collective_reward,user_attrs_run_1_individual_rewards,user_attrs_run_1_seed,user_attrs_run_1_total_individual_rewards,user_attrs_run_1_training_time_per_episode,user_attrs_run_1_training_time_total,user_attrs_run_2_collective_reward,user_attrs_run_2_individual_rewards,user_attrs_run_2_seed,user_attrs_run_2_total_individual_rewards,user_attrs_run_2_training_time_per_episode,user_attrs_run_2_training_time_total,user_attrs_run_3_collective_reward,user_attrs_run_3_individual_rewards,user_attrs_run_3_seed,user_attrs_run_3_total_individual_rewards,user_attrs_run_3_training_time_per_episode,user_attrs_run_3_training_time_total,user_attrs_solution_concept,user_attrs_total_individual_reward_agent0_mean,user_attrs_total_individual_reward_agent0_std,user_attrs_training_time_per_episode_mean,user_attrs_training_time_per_episode_std,user_attrs_training_time_total_mean,user_attrs_training_time_total_std,state
379,8.217499999999998,2025-06-12 22:19:15.535873,2025-06-12 22:19:21.311315,0 days 00:00:05.775442,45,0.9660316853455949,0.09355022641218767,0.9681771876480719,0.000163629086933674,189,3799555,8.217499999999998,3.614701751182248,0.40199999999999986,0.21259938852216861,180.0,4,14.459999999999999,"[0.7489999999999999, 0.697]",3799555,"[7.489999999999998, 6.97]",0.03029142353269789,5.45245623588562,6.029999999999997,"[0.3839999999999999, 0.21899999999999992]",3800555,"[3.839999999999999, 2.189999999999999]",0.02598006327946981,4.676411390304565,6.569999999999997,"[0.2919999999999998, 0.3649999999999999]",3801555,"[2.919999999999998, 3.6499999999999986]",0.021944279140896267,3.949970245361328,5.809999999999997,"[0.18299999999999988, 0.3979999999999999]",3802555,"[1.8299999999999987, 3.979999999999999]",0.03095832003487481,5.572497606277466,MinimaxSolutionConcept,4.019999999999999,2.125993885221686,0.027293521496984694,0.0036317258711383586,4.912833869457245,0.6537106568049047,COMPLETE
380,7.5749999999999975,2025-06-12 22:19:21.328923,2025-06-12 22:19:31.119798,0 days 00:00:09.790875,44,0.6559549834277675,0.0861736743540661,0.9696175525875934,0.00014193115635318618,295,3809561,7.5749999999999975,3.018778726571392,0.27149999999999985,0.12182056476638085,290.0,4,5.429999999999998,"[0.3379999999999999, 0.2049999999999999]",3809561,"[3.379999999999999, 2.049999999999999]",0.03303212132947198,9.579315185546875,8.92,"[0.2029999999999999, 0.689]",3810561,"[2.029999999999999, 6.89]",0.025111303658320986,7.282278060913086,11.829999999999997,"[0.43099999999999977, 0.752]",3811561,"[4.309999999999998, 7.52]",0.02957444930898732,8.576590299606323,4.119999999999998,"[0.11399999999999988, 0.29799999999999993]",3812561,"[1.1399999999999988, 2.9799999999999995]",0.025406213464408085,7.367801904678345,MinimaxSolutionConcept,2.7149999999999985,1.2182056476638086,0.028281021940297094,0.0032618069196394726,8.201496362686157,0.9459240066954471,COMPLETE
381,4.0825000000000005,2025-06-12 22:19:33.307537,2025-06-12 22:19:36.102293,0 days 00:00:02.794756,12,0.9737798323808685,0.09116058078217712,0.9728123342059796,0.019782992492969418,224,3819573,4.0825000000000005,1.5139249486021427,0.176,0.11402192771568108,220.0,4,1.9500000000000002,"[0.203, -0.007999999999999985]",3819573,"[2.0300000000000002, -0.07999999999999985]",0.011412681232799184,2.5107898712158203,6.23,"[0.30700000000000005, 0.31600000000000006]",3820573,"[3.0700000000000003, 3.1600000000000006]",0.008581919019872491,1.8880221843719482,4.010000000000001,"[-0.006999999999999984, 0.40800000000000003]",3821573,"[-0.06999999999999984, 4.08]",0.011731801249764182,2.58099627494812,4.1400000000000015,"[0.201, 0.21300000000000008]",3822573,"[2.0100000000000002, 2.130000000000001]",0.011534950949928978,2.537689208984375,MinimaxSolutionConcept,1.7600000000000002,1.1402192771568107,0.010815338113091209,0.0012944812633289195,2.379374384880066,0.2847858779323622,COMPLETE
382,8.389999999999999,2025-06-12 22:19:36.127597,2025-06-12 22:19:40.610107,0 days 00:00:04.482510,46,0.9751303804968117,0.1048334626627054,0.9671738687920503,0.00019267006649042,136,3829576,8.389999999999999,1.4842674961070854,0.49149999999999994,0.19991810823434686,130.0,4,7.139999999999999,"[0.17599999999999988, 0.538]",3829576,"[1.759999999999999, 5.380000000000001]",0.03273537342364972,4.255598545074463,9.799999999999997,"[0.595, 0.3849999999999998]",3830576,"[5.949999999999999, 3.849999999999998]",0.030637139540452222,3.982828140258789,9.929999999999996,"[0.7140000000000001, 0.2789999999999999]",3831576,"[7.140000000000001, 2.789999999999999]",0.02404469893528865,3.1258108615875244,6.689999999999999,"[0.48099999999999987, 0.1879999999999999]",3832576,"[4.809999999999999, 1.879999999999999]",0.02617030877333421,3.4021401405334473,MinimaxSolutionConcept,4.914999999999999,1.9991810823434686,0.028396880168181197,0.003454720952663434,3.691594421863556,0.44911372384624626,COMPLETE
383,6.784999999999998,2025-06-12 22:19:40.634258,2025-06-12 22:19:48.719666,0 days 00:00:08.085408,39,0.955634610906979,0.0929193220213705,0.9707514460235087,0.00016866043335232505,266,3839580,6.784999999999998,1.2755489014538015,0.15899999999999986,0.1762313819953756,260.0,4,8.299999999999997,"[0.1309999999999999, 0.699]",3839580,"[1.309999999999999, 6.989999999999999]",0.029133949829981878,7.574826955795288,4.8599999999999985,"[-0.11200000000000013, 0.598]",3840580,"[-1.1200000000000012, 5.9799999999999995]",0.03025052547454834,7.865136623382568,7.45,"[0.3599999999999999, 0.3849999999999999]",3841580,"[3.5999999999999988, 3.8499999999999988]",0.029308822521796594,7.620293855667114,6.5299999999999985,"[0.25699999999999984, 0.39599999999999985]",3842580,"[2.5699999999999985, 3.9599999999999986]",0.02891285144365751,7.517341375350952,MinimaxSolutionConcept,1.5899999999999987,1.762313819953756,0.029401537317496076,0.0005098514173070714,7.644399702548981,0.13256136849983885,COMPLETE
384,6.667499999999999,2025-06-12 22:19:48.737073,2025-06-12 22:20:00.224213,0 days 00:00:11.487140,43,0.9815789008772443,0.09806647640786277,0.963762292960353,0.0001398664120131581,374,3849588,6.667499999999999,1.871969217161436,0.25074999999999986,0.05684353525248055,370.0,4,3.7399999999999984,"[0.1919999999999999, 0.18199999999999983]",3849588,"[1.919999999999999, 1.8199999999999983]",0.028918705115447172,10.699920892715454,8.149999999999999,"[0.33899999999999986, 0.47599999999999987]",3850588,"[3.389999999999999, 4.759999999999999]",0.030550479888916016,11.303677558898926,6.339999999999998,"[0.21099999999999985, 0.42299999999999993]",3851588,"[2.1099999999999985, 4.2299999999999995]",0.02796440382261534,10.346829414367676,8.439999999999998,"[0.26099999999999984, 0.583]",3852588,"[2.6099999999999985, 5.83]",0.030062359088176005,11.123072862625122,MinimaxSolutionConcept,2.5074999999999985,0.5684353525248055,0.02937398697878863,0.0010065035988283345,10.868375182151794,0.3724063315664836,COMPLETE
385,6.402499999999998,2025-06-12 22:20:00.239687,2025-06-12 22:20:08.993595,0 days 00:00:08.753908,44,0.9279037773491112,0.09565084245405367,0.972715428348397,0.00012375016791259285,315,3859600,6.402499999999998,3.3735543200013844,0.3339999999999999,0.12802148257226206,310.0,4,8.87,"[0.5509999999999999, 0.33599999999999985]",3859600,"[5.51, 3.3599999999999985]",0.021112339727340206,6.544825315475464,0.5999999999999971,"[0.2339999999999999, -0.1740000000000002]",3860600,"[2.339999999999999, -1.740000000000002]",0.021426212403082078,6.642125844955444,8.389999999999999,"[0.24699999999999994, 0.5919999999999999]",3861600,"[2.4699999999999993, 5.919999999999998]",0.02106212954367361,6.529260158538818,7.749999999999998,"[0.3039999999999999, 0.4709999999999999]",3862600,"[3.0399999999999987, 4.709999999999999]",0.02762605759405321,8.564077854156494,MinimaxSolutionConcept,3.3399999999999994,1.280214825722621,0.022806684817037275,0.002785961971848104,7.070072293281555,0.863648211272912,COMPLETE
386,7.167499999999999,2025-06-12 22:20:11.078035,2025-06-12 22:20:18.177027,0 days 00:00:07.098992,40,0.9897550302821426,0.08542234801273332,0.9663943152709332,0.00022307381624231046,276,3869611,7.167499999999999,3.526126593019599,0.4272499999999999,0.1987125750927706,270.0,4,6.2799999999999985,"[0.25999999999999995, 0.36799999999999994]",3869611,"[2.5999999999999996, 3.6799999999999993]",0.025606717886748138,6.913813829421997,11.9,"[0.7179999999999999, 0.472]",3870611,"[7.179999999999999, 4.72]",0.024967841748838072,6.741317272186279,8.339999999999998,"[0.5029999999999999, 0.33099999999999985]",3871611,"[5.029999999999999, 3.3099999999999987]",0.019831225607130264,5.354430913925171,2.1499999999999986,"[0.22799999999999992, -0.013000000000000123]",3872611,"[2.2799999999999994, -0.13000000000000123]",0.019385058791549118,5.233965873718262,MinimaxSolutionConcept,4.272499999999999,1.9871257509277058,0.0224477110085664,0.002852902813924401,6.060881972312927,0.7702837597595884,COMPLETE
387,8.552499999999998,2025-06-12 22:20:18.192974,2025-06-12 22:20:25.879161,0 days 00:00:07.686187,42,0.9496694195505917,0.08878440560244992,0.9697058224230458,0.00027013804736136056,282,3879618,8.552499999999998,3.4110069994064807,0.40224999999999994,0.1231003147843254,280.0,4,8.169999999999998,"[0.491, 0.3259999999999999]",3879618,"[4.91, 3.259999999999999]",0.019551595619746617,5.474446773529053,8.899999999999997,"[0.4389999999999999, 0.4509999999999998]",3880618,"[4.389999999999999, 4.509999999999998]",0.025827495540891376,7.231698751449585,3.7599999999999976,"[0.1919999999999999, 0.18399999999999989]",3881618,"[1.919999999999999, 1.839999999999999]",0.026819109065192085,7.509350538253784,13.379999999999999,"[0.48699999999999993, 0.8510000000000002]",3882618,"[4.869999999999999, 8.510000000000002]",0.018297710589000156,5.123358964920044,MinimaxSolutionConcept,4.022499999999999,1.2310031478432542,0.02262397770370756,0.003742251076922445,6.3347137570381165,1.0478303015382846,COMPLETE
388,6.022499999999997,2025-06-12 22:20:25.895306,2025-06-12 22:20:32.322255,0 days 00:00:06.426949,47,0.9821889271278061,0.10170571675479316,0.9737309108741217,0.00010031338077392686,217,3889625,6.022499999999997,3.079710822463694,0.27199999999999985,0.2466404265322293,210.0,4,4.749999999999998,"[0.037999999999999826, 0.43699999999999994]",3889625,"[0.37999999999999823, 4.369999999999999]",0.02326795600709461,4.886270761489868,1.759999999999997,"[0.027999999999999838, 0.14799999999999983]",3890625,"[0.27999999999999836, 1.4799999999999982]",0.022546052932739258,4.734671115875244,7.599999999999997,"[0.4249999999999998, 0.3349999999999999]",3891625,"[4.249999999999998, 3.349999999999999]",0.02971431981949579,6.240007162094116,9.979999999999999,"[0.5969999999999999, 0.4009999999999998]",3892625,"[5.969999999999999, 4.009999999999998]",0.02379884606315976,4.99775767326355,MinimaxSolutionConcept,2.7199999999999984,2.4664042653222933,0.024831793705622357,0.0028537800069767917,5.214676678180695,0.5992938014651265,COMPLETE
389,7.274999999999999,2025-06-12 22:20:32.340881,2025-06-12 22:20:39.699422,0 days 00:00:07.358541,46,0.6835163524434603,0.04210925513390779,0.9716682490374657,0.00015230972571519266,236,3899632,7.274999999999999,1.8529638420649237,0.3659999999999999,0.27806384159038017,230.0,4,5.1599999999999975,"[-0.059000000000000184, 0.575]",3899632,"[-0.5900000000000019, 5.75]",0.03116495401962944,7.1679394245147705,9.82,"[0.7130000000000001, 0.26899999999999985]",3900632,"[7.130000000000001, 2.6899999999999986]",0.0261134904363881,6.006102800369263,8.219999999999997,"[0.3539999999999999, 0.46799999999999997]",3901632,"[3.539999999999999, 4.68]",0.02379227410192075,5.4722230434417725,5.899999999999998,"[0.45599999999999985, 0.13399999999999984]",3902632,"[4.559999999999999, 1.3399999999999985]",0.030318645809007727,6.973288536071777,MinimaxSolutionConcept,3.6599999999999993,2.780638415903802,0.027847341091736505,0.0030233966383802027,6.404888451099396,0.6953812268274464,COMPLETE
390,8.247499999999997,2025-06-12 22:20:39.716225,2025-06-12 22:20:47.307399,0 days 00:00:07.591174,44,0.9899976001461432,0.09562529685842783,0.9386329453763832,0.00018791084667141633,252,3909639,8.247499999999997,2.298122875304973,0.42074999999999985,0.1481205168097924,250.0,4,5.299999999999998,"[0.34799999999999986, 0.18199999999999988]",3909639,"[3.4799999999999986, 1.819999999999999]",0.029594653129577635,7.398663282394409,11.749999999999996,"[0.5859999999999999, 0.5889999999999997]",3910639,"[5.8599999999999985, 5.889999999999997]",0.02070261859893799,5.175654649734497,7.879999999999997,"[0.5339999999999999, 0.2539999999999999]",3911639,"[5.339999999999999, 2.539999999999999]",0.02214078235626221,5.535195589065552,8.059999999999997,"[0.2149999999999999, 0.591]",3912639,"[2.149999999999999, 5.91]",0.029087828636169433,7.271957159042358,MinimaxSolutionConcept,4.207499999999999,1.4812051680979241,0.025381470680236818,0.003996301829840879,6.345367670059204,0.99907545746022,COMPLETE
391,6.182499999999997,2025-06-12 22:20:49.856183,2025-06-12 22:20:58.920333,0 days 00:00:09.064150,45,0.9593820396091877,0.0826605054586036,0.9692413275132141,0.00011559349412089304,335,3919649,6.182499999999997,0.45570686850211045,0.26124999999999987,0.06053666244516623,330.0,4,6.369999999999997,"[0.1859999999999999, 0.4509999999999999]",3919649,"[1.859999999999999, 4.509999999999999]",0.023465533690019087,7.743626117706299,6.789999999999997,"[0.28199999999999986, 0.3969999999999999]",3920649,"[2.8199999999999985, 3.969999999999999]",0.020001930901498505,6.600637197494507,5.549999999999998,"[0.34799999999999986, 0.20699999999999985]",3921649,"[3.4799999999999986, 2.0699999999999985]",0.02412778175238407,7.962167978286743,6.019999999999998,"[0.22899999999999987, 0.3729999999999999]",3922649,"[2.2899999999999987, 3.7299999999999986]",0.026853663993604254,8.861709117889404,MinimaxSolutionConcept,2.612499999999999,0.6053666244516622,0.02361222758437648,0.0024407205561195904,7.792035102844238,0.8054377835194649,COMPLETE
392,7.549999999999998,2025-06-12 22:20:58.937270,2025-06-12 22:21:06.291392,0 days 00:00:07.354122,43,0.9976778923569203,0.1083922826883601,0.9203984472686516,0.00013533980243120118,268,3929659,7.549999999999998,2.0638192750335485,0.34599999999999986,0.1113058848399311,260.0,4,6.899999999999998,"[0.2289999999999998, 0.46099999999999997]",3929659,"[2.289999999999998, 4.609999999999999]",0.027267247896928054,7.089484453201294,10.629999999999999,"[0.4789999999999999, 0.584]",3930659,"[4.789999999999999, 5.84]",0.019140653426830585,4.976569890975952,7.779999999999998,"[0.43299999999999983, 0.3449999999999999]",3931659,"[4.329999999999998, 3.4499999999999993]",0.02218662041884202,5.768521308898926,4.889999999999998,"[0.24299999999999988, 0.24599999999999986]",3932659,"[2.429999999999999, 2.4599999999999986]",0.027356020303872915,7.112565279006958,MinimaxSolutionConcept,3.459999999999998,1.1130588483993111,0.023987635511618394,0.0034942368337460435,6.2367852330207825,0.9085015767739714,COMPLETE
393,7.652499999999997,2025-06-12 22:21:06.317071,2025-06-12 22:21:17.317264,0 days 00:00:11.000193,47,0.6375207406585401,0.09960837424015596,0.9643130054565312,0.00030692311421670414,362,3939666,7.652499999999997,1.7636662807912387,0.4097499999999999,0.1391678393164168,360.0,4,9.239999999999997,"[0.4309999999999999, 0.493]",3939666,"[4.309999999999999, 4.93]",0.02688739167319404,9.679461002349854,9.289999999999997,"[0.4999999999999999, 0.429]",3940666,"[4.999999999999999, 4.29]",0.02991944154103597,10.77099895477295,7.049999999999997,"[0.5309999999999999, 0.17399999999999982]",3941666,"[5.309999999999999, 1.7399999999999982]",0.02258266144328647,8.12975811958313,5.029999999999997,"[0.17699999999999985, 0.32599999999999985]",3942666,"[1.7699999999999985, 3.2599999999999985]",0.024572904904683432,8.846245765686035,MinimaxSolutionConcept,4.097499999999999,1.3916783931641679,0.025990599890549977,0.0027323952747223164,9.356615960597992,0.9836622989000335,COMPLETE
394,7.1999999999999975,2025-06-12 22:21:17.334998,2025-06-12 22:21:29.935435,0 days 00:00:12.600437,46,0.9603229218476907,0.0905660650791621,0.9716410446759591,0.00016636949564121118,457,3949677,7.1999999999999975,2.523043796686852,0.2777499999999999,0.12525449093745103,450.0,4,5.129999999999997,"[0.32699999999999985, 0.18599999999999986]",3949677,"[3.2699999999999987, 1.8599999999999985]",0.025777638223436143,11.599937200546265,5.039999999999997,"[0.06999999999999987, 0.43399999999999983]",3950677,"[0.6999999999999986, 4.339999999999998]",0.022137456470065646,9.961855411529541,11.26,"[0.4049999999999999, 0.7209999999999999]",3951677,"[4.049999999999999, 7.209999999999999]",0.02202628665500217,9.911828994750977,7.369999999999998,"[0.3089999999999999, 0.42799999999999994]",3952677,"[3.089999999999999, 4.279999999999999]",0.027560302946302625,12.402136325836182,MinimaxSolutionConcept,2.777499999999999,1.2525449093745105,0.024375421073701647,0.0023788969902918252,10.968939483165741,1.0705036456313215,COMPLETE
395,8.552499999999998,2025-06-12 22:21:29.952314,2025-06-12 22:21:38.555091,0 days 00:00:08.602777,42,0.669460223140938,0.08685810861836553,0.967934772684476,0.02841315387330498,304,3959690,8.552499999999998,3.0986478906129373,0.40774999999999995,0.2106945359993942,300.0,4,11.24,"[0.603, 0.5209999999999999]",3959690,"[6.029999999999999, 5.209999999999999]",0.019967334270477297,5.9902002811431885,9.23,"[0.48599999999999993, 0.43699999999999994]",3960690,"[4.859999999999999, 4.369999999999999]",0.02798643986384074,8.395931959152222,3.3299999999999974,"[0.051999999999999866, 0.28099999999999986]",3961690,"[0.5199999999999987, 2.8099999999999987]",0.022449123859405517,6.734737157821655,10.409999999999998,"[0.48999999999999994, 0.5509999999999999]",3962690,"[4.8999999999999995, 5.51]",0.021636970043182373,6.491091012954712,MinimaxSolutionConcept,4.077499999999999,2.106945359993942,0.02300996700922648,0.0030092591182502206,6.902990102767944,0.9027777354750661,COMPLETE
396,4.834999999999998,2025-06-12 22:21:40.851107,2025-06-12 22:21:44.209109,0 days 00:00:03.358002,25,0.9345194188103815,0.09292044778739968,0.9765347157243579,0.00024254784395423852,151,3969700,4.834999999999998,1.7486780721447843,0.22624999999999995,0.16194501381641857,150.0,4,3.0999999999999988,"[0.23399999999999993, 0.07599999999999993]",3969700,"[2.3399999999999994, 0.7599999999999993]",0.01891211986541748,2.836817979812622,6.419999999999998,"[0.44399999999999995, 0.1979999999999999]",3970700,"[4.4399999999999995, 1.979999999999999]",0.021058902740478516,3.1588354110717773,3.0799999999999983,"[-0.013000000000000062, 0.3209999999999999]",3971700,"[-0.13000000000000062, 3.209999999999999]",0.01863728682200114,2.795593023300171,6.739999999999998,"[0.2399999999999999, 0.4339999999999999]",3972700,"[2.399999999999999, 4.339999999999999]",0.019274465243021646,2.891169786453247,MinimaxSolutionConcept,2.2624999999999993,1.619450138164186,0.019470693667729695,0.0009443893948686922,2.9206040501594543,0.1416584092303038,COMPLETE
397,6.854999999999997,2025-06-12 22:21:44.227724,2025-06-12 22:21:48.920575,0 days 00:00:04.692851,45,0.8551456559953949,0.08380608787487419,0.9744696964804216,0.04604129927776532,155,3979704,6.854999999999997,2.874078113065127,0.40999999999999986,0.05683748762920471,150.0,4,8.149999999999999,"[0.3639999999999999, 0.4509999999999999]",3979704,"[3.639999999999999, 4.509999999999999]",0.02286451021830241,3.4296765327453613,8.159999999999997,"[0.47999999999999987, 0.33599999999999985]",3980704,"[4.799999999999999, 3.3599999999999985]",0.0295812718073527,4.437190771102905,1.9299999999999977,"[0.34499999999999986, -0.15200000000000016]",3981704,"[3.4499999999999984, -1.5200000000000016]",0.029978105227152507,4.496715784072876,9.179999999999998,"[0.4509999999999998, 0.46699999999999997]",3982704,"[4.509999999999998, 4.67]",0.022471292813618978,3.3706939220428467,MinimaxSolutionConcept,4.099999999999999,0.5683748762920473,0.02622379501660665,0.0035613748292251048,3.9335692524909973,0.5342062243837657,COMPLETE
398,7.089999999999999,2025-06-12 22:21:48.942323,2025-06-12 22:21:54.810314,0 days 00:00:05.867991,40,0.8761970516120565,0.1224871319794639,0.9656903896400212,0.0002087325807078495,196,3989709,7.089999999999999,2.7670471625904756,0.39349999999999985,0.17036504923252305,190.0,4,8.879999999999999,"[0.5559999999999999, 0.33199999999999996]",3989709,"[5.56, 3.3199999999999994]",0.02889189469186883,5.489459991455078,2.869999999999998,"[0.12099999999999989, 0.1659999999999999]",3990709,"[1.2099999999999989, 1.659999999999999]",0.02134040154908833,4.054676294326782,6.479999999999999,"[0.37999999999999995, 0.2679999999999999]",3991709,"[3.7999999999999994, 2.679999999999999]",0.020104833653098658,3.819918394088745,10.129999999999999,"[0.5169999999999998, 0.496]",3992709,"[5.169999999999998, 4.96]",0.029717952326724403,5.646410942077637,MinimaxSolutionConcept,3.934999999999999,1.7036504923252305,0.025013770555195054,0.004323206978703136,4.7526164054870605,0.8214093259535961,COMPLETE
