number,value,datetime_start,datetime_complete,duration,params_episode_length,params_epsilon_max,params_epsilon_min,params_gamma,params_learning_rate,params_num_episodes,user_attrs_base_seed,user_attrs_collective_reward_mean,user_attrs_collective_reward_std,user_attrs_individual_reward_agent0_mean,user_attrs_individual_reward_agent0_std,user_attrs_num_episodes_mean,user_attrs_num_parallel_runs,user_attrs_run_0_collective_reward,user_attrs_run_0_individual_rewards,user_attrs_run_0_seed,user_attrs_run_0_total_individual_rewards,user_attrs_run_0_training_time_per_episode,user_attrs_run_0_training_time_total,user_attrs_run_1_collective_reward,user_attrs_run_1_individual_rewards,user_attrs_run_1_seed,user_attrs_run_1_total_individual_rewards,user_attrs_run_1_training_time_per_episode,user_attrs_run_1_training_time_total,user_attrs_run_2_collective_reward,user_attrs_run_2_individual_rewards,user_attrs_run_2_seed,user_attrs_run_2_total_individual_rewards,user_attrs_run_2_training_time_per_episode,user_attrs_run_2_training_time_total,user_attrs_run_3_collective_reward,user_attrs_run_3_individual_rewards,user_attrs_run_3_seed,user_attrs_run_3_total_individual_rewards,user_attrs_run_3_training_time_per_episode,user_attrs_run_3_training_time_total,user_attrs_solution_concept,user_attrs_total_individual_reward_agent0_mean,user_attrs_total_individual_reward_agent0_std,user_attrs_training_time_per_episode_mean,user_attrs_training_time_per_episode_std,user_attrs_training_time_total_mean,user_attrs_training_time_total_std,state
20,5.6324999999999985,2025-06-12 17:14:51.933656,2025-06-12 17:15:15.631172,0 days 00:00:23.697516,29,0.821303986698346,0.1781595915641543,0.9190719256261706,0.0002381577923964325,451,201291,5.6324999999999985,2.143762755064095,0.5609999999999998,0.2745050090617655,450.0,4,5.299999999999998,"[0.7059999999999998, -0.17600000000000007]",201291,"[7.059999999999999, -1.7600000000000007]",0.05222400930192735,23.50080418586731,6.229999999999999,"[0.6719999999999999, -0.049000000000000064]",202291,"[6.719999999999999, -0.49000000000000066]",0.051028399997287324,22.962779998779297,8.489999999999998,"[0.7759999999999999, 0.07299999999999995]",203291,"[7.759999999999999, 0.7299999999999995]",0.05022709051767985,22.602190732955933,2.509999999999999,"[0.08999999999999994, 0.16099999999999995]",204291,"[0.8999999999999995, 1.6099999999999994]",0.051584030257331,23.21281361579895,ParetoSolutionConcept,5.6099999999999985,2.745050090617655,0.05126588251855638,0.0007339468110315586,23.069647133350372,0.330276064964202,COMPLETE
21,9.564999999999998,2025-06-12 17:15:15.788763,2025-06-12 17:15:41.710487,0 days 00:00:25.921724,37,0.5696939127976131,0.10657777322395845,0.9607036167280869,0.0031308799831655187,402,211315,9.564999999999998,1.6780569120265258,0.7149999999999999,0.12926329718833574,400.0,4,12.309999999999999,"[0.8379999999999999, 0.3929999999999999]",211315,"[8.379999999999999, 3.929999999999999]",0.053460748195648194,21.384299278259277,9.429999999999998,"[0.5619999999999999, 0.38099999999999995]",212315,"[5.619999999999999, 3.8099999999999996]",0.06433548808097839,25.734195232391357,7.869999999999998,"[0.6119999999999999, 0.17499999999999993]",213315,"[6.119999999999999, 1.7499999999999993]",0.06103261649608612,24.41304659843445,8.65,"[0.8480000000000001, 0.01699999999999992]",214315,"[8.48, 0.1699999999999992]",0.0553383195400238,22.13532781600952,ParetoSolutionConcept,7.1499999999999995,1.2926329718833574,0.05854179307818413,0.004354605690892408,23.41671723127365,1.7418422763569639,COMPLETE
22,9.1375,2025-06-12 17:15:41.725264,2025-06-12 17:16:04.101579,0 days 00:00:22.376315,33,0.8229210925752654,0.11237913983754065,0.9495052112273588,0.0007397669681579955,420,221341,9.1375,2.5589682979669752,0.6954999999999999,0.09376166594083102,420.0,4,10.06,"[0.569, 0.437]",221341,"[5.6899999999999995, 4.37]",0.050418840703510104,21.175913095474243,7.51,"[0.8319999999999999, -0.08100000000000011]",222341,"[8.319999999999999, -0.8100000000000012]",0.05067056530997867,21.28163743019104,12.839999999999998,"[0.706, 0.578]",223341,"[7.06, 5.779999999999999]",0.04587694690341041,19.268317699432373,6.139999999999999,"[0.6749999999999999, -0.061000000000000075]",224341,"[6.749999999999999, -0.6100000000000008]",0.052719708851405554,22.142277717590332,ParetoSolutionConcept,6.954999999999999,0.9376166594083103,0.04992151544207619,0.0024998414519847236,20.967036485671997,1.0499334098335833,COMPLETE
23,7.009999999999999,2025-06-12 17:16:04.116133,2025-06-12 17:16:34.908104,0 days 00:00:30.791971,37,0.6876418498892223,0.13687680253230372,0.9374950712076106,0.0022344628269492903,499,231364,7.009999999999999,3.915175602702898,0.5884999999999999,0.10095667387547991,490.0,4,4.469999999999999,"[0.4279999999999998, 0.018999999999999885]",231364,"[4.2799999999999985, 0.18999999999999884]",0.06246756193589191,30.609105348587036,12.149999999999999,"[0.6809999999999999, 0.534]",232364,"[6.81, 5.34]",0.05604680606297084,27.462934970855713,9.249999999999998,"[0.6679999999999999, 0.25699999999999984]",233364,"[6.68, 2.5699999999999985]",0.059345067763815124,29.07908320426941,2.169999999999999,"[0.577, -0.3600000000000002]",234364,"[5.77, -3.6000000000000023]",0.061454988985645526,30.11294460296631,ParetoSolutionConcept,5.884999999999999,1.009566738754799,0.05982860618708085,0.0024568796285706993,29.316017031669617,1.2038710179996428,COMPLETE
24,5.497499999999998,2025-06-12 17:16:34.923392,2025-06-12 17:17:06.644418,0 days 00:00:31.721026,44,0.5473940078959311,0.1616805538005113,0.9489610693086439,0.005367351458848301,458,241394,5.497499999999998,3.8886911358450678,0.60425,0.24486463096984837,450.0,4,10.629999999999999,"[0.9570000000000001, 0.1059999999999999]",241394,"[9.57, 1.059999999999999]",0.05985915978749593,26.93662190437317,6.759999999999999,"[0.5449999999999998, 0.13099999999999987]",242394,"[5.449999999999998, 1.3099999999999987]",0.06540685653686523,29.433085441589355,-0.16000000000000258,"[0.2719999999999999, -0.28800000000000014]",243394,"[2.719999999999999, -2.8800000000000017]",0.07008434083726671,31.53795337677002,4.759999999999998,"[0.643, -0.16700000000000018]",244394,"[6.43, -1.6700000000000017]",0.06483067883385553,29.173805475234985,ParetoSolutionConcept,6.0424999999999995,2.448646309698484,0.06504525899887084,0.003621628371015452,29.270366549491882,1.6297327669569537,COMPLETE
25,7.1499999999999995,2025-06-12 17:17:06.657862,2025-06-12 17:17:23.647311,0 days 00:00:16.989449,27,0.7785053214095421,0.1479673320949354,0.9804309705993209,0.001497087681064254,348,251426,7.1499999999999995,1.6588700973855666,0.7655000000000001,0.09571964270723127,340.0,4,9.049999999999999,"[0.82, 0.08499999999999996]",251426,"[8.2, 0.8499999999999996]",0.04593919866225299,15.619327545166016,4.64,"[0.5999999999999999, -0.13600000000000004]",252426,"[5.999999999999998, -1.3600000000000003]",0.048634383958928724,16.535690546035767,6.779999999999999,"[0.8130000000000001, -0.13500000000000006]",253426,"[8.13, -1.3500000000000005]",0.04818819410660687,16.383985996246338,8.129999999999999,"[0.829, -0.01600000000000006]",254426,"[8.29, -0.1600000000000006]",0.049427261773277734,16.80526900291443,ParetoSolutionConcept,7.654999999999999,0.9571964270723127,0.04804725962526658,0.0012954636682966124,16.336068272590637,0.44045764722084835,COMPLETE
26,6.004999999999999,2025-06-12 17:17:23.815320,2025-06-12 17:17:44.548580,0 days 00:00:20.733260,40,0.5756428236058526,0.19347417057710062,0.9534240767241293,0.00027997981174100533,308,261443,6.004999999999999,1.5575702231360227,0.6092499999999998,0.15052138552378533,300.0,4,4.959999999999999,"[0.6359999999999999, -0.14000000000000012]",261443,"[6.359999999999999, -1.4000000000000012]",0.06305258750915527,18.915776252746582,8.149999999999999,"[0.826, -0.011000000000000131]",262443,"[8.26, -0.11000000000000132]",0.05990674336751302,17.972023010253906,6.759999999999998,"[0.40599999999999986, 0.2699999999999999]",263443,"[4.059999999999999, 2.6999999999999993]",0.06254162073135376,18.762486219406128,4.149999999999999,"[0.569, -0.15400000000000016]",264443,"[5.6899999999999995, -1.5400000000000016]",0.0683277440071106,20.49832320213318,ParetoSolutionConcept,6.092499999999999,1.5052138552378533,0.06345717390378317,0.0030549115325394483,19.03715217113495,0.9164734597618338,COMPLETE
27,7.582499999999999,2025-06-12 17:17:44.562946,2025-06-12 17:18:08.283556,0 days 00:00:23.720610,34,0.7065618514652139,0.16203745373393694,0.9639933212272219,0.0007461305564118941,420,271464,7.582499999999999,1.4322425597642319,0.6595,0.23335862958116638,420.0,4,9.0,"[0.9710000000000001, -0.07100000000000009]",271464,"[9.71, -0.7100000000000009]",0.046125908125014534,19.372881412506104,8.719999999999999,"[0.704, 0.1679999999999999]",272464,"[7.039999999999999, 1.679999999999999]",0.04793168476649693,20.13130760192871,5.4,"[0.648, -0.1080000000000001]",273464,"[6.48, -1.080000000000001]",0.056042936870029994,23.538033485412598,7.209999999999998,"[0.31499999999999995, 0.40599999999999997]",274464,"[3.1499999999999995, 4.06]",0.05317800101779756,22.334760427474976,ParetoSolutionConcept,6.595,2.3335862958116635,0.05081963269483476,0.003975427688547836,21.344245731830597,1.6696796291900915,COMPLETE
28,6.177499999999997,2025-06-12 17:18:08.297773,2025-06-12 17:18:40.361290,0 days 00:00:32.063517,45,0.858362564698626,0.09563657823091079,0.9814979877014475,0.0020058262630812526,465,281488,6.177499999999997,2.0790066738709627,0.5927499999999999,0.16408134415587897,460.0,4,4.189999999999997,"[0.37799999999999995, 0.04099999999999988]",281488,"[3.7799999999999994, 0.40999999999999875]",0.06921598030173261,31.839350938796997,4.499999999999997,"[0.6219999999999999, -0.17200000000000018]",282488,"[6.219999999999999, -1.7200000000000017]",0.06596056689386783,30.3418607711792,9.389999999999999,"[0.5379999999999999, 0.4009999999999999]",283488,"[5.379999999999999, 4.009999999999999]",0.06294172380281532,28.953192949295044,6.629999999999997,"[0.833, -0.1700000000000002]",284488,"[8.33, -1.700000000000002]",0.060402056445246155,27.784945964813232,ParetoSolutionConcept,5.927499999999999,1.64081344155879,0.06463008186091548,0.003298765177316229,29.729837656021118,1.5174319815654644,COMPLETE
29,10.024999999999997,2025-06-12 17:18:40.375451,2025-06-12 17:19:02.547888,0 days 00:00:22.172437,40,0.5304795452011372,0.07197872475730932,0.9336982187293451,0.0005486002564211603,364,291520,10.024999999999997,2.923538096211507,0.8640000000000001,0.139860644929158,360.0,4,12.199999999999998,"[0.9250000000000002, 0.29499999999999993]",291520,"[9.250000000000002, 2.9499999999999993]",0.04807351628939311,17.30646586418152,11.719999999999997,"[0.943, 0.22899999999999993]",292520,"[9.43, 2.289999999999999]",0.050532544983757866,18.191716194152832,4.999999999999997,"[0.623, -0.12300000000000015]",293520,"[6.23, -1.2300000000000015]",0.06095305217636956,21.943098783493042,11.179999999999998,"[0.9650000000000001, 0.15299999999999989]",294520,"[9.65, 1.529999999999999]",0.051184378067652386,18.42637610435486,ParetoSolutionConcept,8.64,1.3986064492915797,0.05268587287929323,0.004912010650881105,18.966914236545563,1.7683238343171983,COMPLETE
30,6.575,2025-06-12 17:19:02.562807,2025-06-12 17:19:19.511512,0 days 00:00:16.948705,27,0.778790771856229,0.06753522236468654,0.9099201527297603,0.0006517503499845108,354,301542,6.575,1.0007622095183255,0.7727499999999999,0.09931861607976623,350.0,4,6.890000000000001,"[0.709, -0.02000000000000004]",301542,"[7.09, -0.2000000000000004]",0.04584579331534249,16.046027660369873,8.07,"[0.944, -0.13700000000000007]",302542,"[9.44, -1.3700000000000006]",0.04611506734575544,16.140273571014404,5.8,"[0.7309999999999999, -0.15100000000000005]",303542,"[7.309999999999999, -1.5100000000000005]",0.045953012875148226,16.08355450630188,5.539999999999999,"[0.707, -0.15300000000000002]",304542,"[7.069999999999999, -1.5300000000000002]",0.0477659729548863,16.718090534210205,ParetoSolutionConcept,7.7275,0.9931861607976624,0.04641996162278311,0.000783009802700681,16.24698656797409,0.2740534309452382,COMPLETE
31,7.207499999999999,2025-06-12 17:19:19.700974,2025-06-12 17:19:45.259768,0 days 00:00:25.558794,38,0.5229140445737365,0.04638410676960285,0.9322941996308285,0.0012252959493184105,402,311559,7.207499999999999,2.64451673278881,0.80475,0.14404751820146025,400.0,4,3.739999999999998,"[0.6439999999999999, -0.27000000000000013]",311559,"[6.4399999999999995, -2.700000000000001]",0.06254190266132355,25.01676106452942,5.809999999999999,"[0.6799999999999999, -0.09900000000000013]",312559,"[6.799999999999999, -0.9900000000000013]",0.06342554986476898,25.370219945907593,8.599999999999998,"[0.9680000000000002, -0.10800000000000014]",313559,"[9.680000000000001, -1.0800000000000014]",0.054791820049285886,21.916728019714355,10.68,"[0.9269999999999999, 0.1409999999999999]",314559,"[9.27, 1.409999999999999]",0.05905033051967621,23.620132207870483,ParetoSolutionConcept,8.0475,1.4404751820146025,0.05995240077376366,0.0033990295964873643,23.980960309505463,1.3596118385949458,COMPLETE
32,8.545,2025-06-12 17:19:45.274973,2025-06-12 17:20:09.702681,0 days 00:00:24.427708,46,0.5943335720807207,0.10678540517106928,0.9238476082254643,0.0004264442490723827,370,321585,8.545,2.5712885874596036,0.753,0.05813346712522827,370.0,4,7.509999999999999,"[0.786, -0.03500000000000017]",321585,"[7.86, -0.3500000000000017]",0.06364450519149367,23.54846692085266,11.37,"[0.7710000000000001, 0.36599999999999994]",322585,"[7.710000000000001, 3.6599999999999993]",0.0653751347516034,24.18879985809326,10.46,"[0.8009999999999998, 0.24499999999999988]",323585,"[8.009999999999998, 2.449999999999999]",0.05915759447458628,21.888309955596924,4.839999999999998,"[0.654, -0.17000000000000018]",324585,"[6.54, -1.7000000000000017]",0.06387670813380061,23.634382009506226,ParetoSolutionConcept,7.529999999999999,0.5813346712522828,0.06301348563787099,0.0023231778856785457,23.314989686012268,0.8595758177010624,COMPLETE
33,7.774999999999999,2025-06-12 17:20:09.717792,2025-06-12 17:20:28.301936,0 days 00:00:18.584144,41,0.6518237041049811,0.07679143205613763,0.9371336718800631,0.004380971783195831,281,331609,7.774999999999999,3.1385466381750646,0.6427499999999999,0.09960515799897116,280.0,4,4.009999999999998,"[0.5319999999999999, -0.13100000000000017]",331609,"[5.319999999999999, -1.3100000000000018]",0.06555806057793753,18.35625696182251,12.169999999999998,"[0.787, 0.4299999999999999]",332609,"[7.87, 4.299999999999999]",0.05871220741953168,16.439418077468872,9.149999999999999,"[0.6809999999999999, 0.23399999999999985]",333609,"[6.81, 2.3399999999999985]",0.06299808025360107,17.6394624710083,5.769999999999998,"[0.571, 0.005999999999999861]",334609,"[5.709999999999999, 0.05999999999999861]",0.06362104671342032,17.81389307975769,ParetoSolutionConcept,6.4275,0.9960515799897115,0.06272234874112265,0.00250030902854872,17.562257647514343,0.7000865279936413,COMPLETE
34,5.347499999999999,2025-06-12 17:20:28.316664,2025-06-12 17:20:46.399345,0 days 00:00:18.082681,32,0.5301079462786902,0.13127025900883596,0.9459403495943636,0.0009968145345840126,325,341628,5.347499999999999,1.531916691599122,0.55375,0.2343516321684148,320.0,4,6.249999999999999,"[0.45, 0.17499999999999993]",341628,"[4.5, 1.7499999999999993]",0.055905991792678834,17.889917373657227,7.3599999999999985,"[0.9289999999999999, -0.19300000000000012]",342628,"[9.29, -1.930000000000001]",0.0527361810207367,16.875577926635742,4.259999999999999,"[0.293, 0.13299999999999992]",343628,"[2.9299999999999997, 1.3299999999999992]",0.05590429231524467,17.889373540878296,3.5199999999999987,"[0.5429999999999999, -0.1910000000000001]",344628,"[5.43, -1.9100000000000008]",0.0545912928879261,17.469213724136353,ParetoSolutionConcept,5.5375,2.343516321684148,0.05478443950414658,0.0012985201466144268,17.531020641326904,0.41552644691661705,COMPLETE
35,6.477499999999997,2025-06-12 17:20:46.415959,2025-06-12 17:21:12.121085,0 days 00:00:25.705126,36,0.5932342113165983,0.0923762521863183,0.920593364778396,0.0002782935335132168,412,351646,6.477499999999997,3.5366324024416222,0.654,0.20277943682730756,410.0,4,8.349999999999998,"[0.784, 0.050999999999999934]",351646,"[7.84, 0.5099999999999993]",0.053684917310389074,22.01081609725952,7.899999999999999,"[0.534, 0.25599999999999995]",352646,"[5.34, 2.5599999999999996]",0.062226684500531454,25.512940645217896,0.4099999999999978,"[0.3909999999999999, -0.35000000000000014]",353646,"[3.9099999999999993, -3.5000000000000013]",0.054835468966786455,22.482542276382446,9.249999999999998,"[0.907, 0.017999999999999898]",354646,"[9.07, 0.179999999999999]",0.057001410461053614,23.370578289031982,ParetoSolutionConcept,6.54,2.0277943682730752,0.05693712030969015,0.0032778569702011395,23.34421932697296,1.3439213577824667,COMPLETE
36,8.579999999999998,2025-06-12 17:21:12.330466,2025-06-12 17:21:38.400775,0 days 00:00:26.070309,43,0.5440928288140983,0.04678157994059546,0.9558367588207062,0.0005532148809822082,383,361672,8.579999999999998,1.6149612998459135,0.7937500000000001,0.10243626066974525,380.0,4,8.669999999999998,"[0.756, 0.11099999999999988]",361672,"[7.5600000000000005, 1.1099999999999988]",0.06487964077999717,24.654263496398926,6.009999999999998,"[0.667, -0.06600000000000017]",362672,"[6.67, -0.6600000000000017]",0.06798475855275204,25.834208250045776,9.21,"[0.95, -0.029000000000000126]",363672,"[9.5, -0.29000000000000126]",0.05789325676466289,21.9994375705719,10.43,"[0.8019999999999999, 0.24099999999999994]",364672,"[8.02, 2.4099999999999993]",0.05696148307699906,21.645363569259644,ParetoSolutionConcept,7.9375,1.0243626066974527,0.06192978479360279,0.004646018134921499,23.53331822156906,1.7654868912701696,COMPLETE
37,8.107499999999998,2025-06-12 17:21:38.415346,2025-06-12 17:21:58.921044,0 days 00:00:20.505698,25,0.6410171451945543,0.014244550340531237,0.9300240120348675,0.005913495707188412,472,371698,8.107499999999998,1.7481186315579387,0.7334999999999999,0.0650096146735235,470.0,4,7.84,"[0.695, 0.08899999999999994]",371698,"[6.949999999999999, 0.8899999999999995]",0.04264788526169797,20.044506072998047,7.909999999999998,"[0.6739999999999999, 0.11699999999999992]",372698,"[6.739999999999999, 1.1699999999999993]",0.04322692434838478,20.316654443740845,5.889999999999999,"[0.7229999999999999, -0.13400000000000006]",373698,"[7.229999999999999, -1.3400000000000007]",0.04176702347207577,19.63050103187561,10.79,"[0.842, 0.23699999999999996]",374698,"[8.42, 2.3699999999999997]",0.03696851781074037,17.375203371047974,ParetoSolutionConcept,7.334999999999999,0.6500961467352351,0.04115258772322473,0.002470969419330576,19.34171622991562,1.1613556270853704,COMPLETE
38,8.599999999999998,2025-06-12 17:21:58.935502,2025-06-12 17:22:24.132263,0 days 00:00:25.196761,39,0.6018185127026302,0.11647835160757397,0.9943838265612712,0.0032198987357722514,446,381718,8.599999999999998,1.1962650208043366,0.756,0.11736055555424069,440.0,4,10.239999999999998,"[0.772, 0.2519999999999999]",381718,"[7.720000000000001, 2.5199999999999987]",0.05562914176420732,24.47682237625122,8.209999999999997,"[0.9350000000000002, -0.11400000000000014]",382718,"[9.350000000000001, -1.1400000000000015]",0.05684265385974537,25.010767698287964,6.949999999999998,"[0.7020000000000001, -0.0070000000000001285]",383718,"[7.0200000000000005, -0.07000000000000128]",0.05433341535654935,23.906702756881714,8.999999999999998,"[0.615, 0.28499999999999986]",384718,"[6.15, 2.8499999999999988]",0.05572570453990589,24.519309997558594,ParetoSolutionConcept,7.5600000000000005,1.1736055555424068,0.055632728880101984,0.0008889307382423323,24.478400707244873,0.3911295248266261,COMPLETE
39,9.139999999999999,2025-06-12 17:22:24.147199,2025-06-12 17:22:50.487013,0 days 00:00:26.339814,35,0.5743109370249779,0.09919918298701502,0.9694425886028389,0.0016391826612122138,435,391744,9.139999999999999,0.6051859218455103,0.6844999999999999,0.10680472835975005,430.0,4,9.84,"[0.8329999999999999, 0.15099999999999994]",391744,"[8.329999999999998, 1.5099999999999993]",0.04998549028884533,21.49376082420349,8.489999999999998,"[0.688, 0.1609999999999999]",392744,"[6.879999999999999, 1.609999999999999]",0.05603161190831384,24.09359312057495,8.59,"[0.5309999999999999, 0.3279999999999999]",393744,"[5.309999999999999, 3.279999999999999]",0.06071938137675441,26.109333992004395,9.639999999999999,"[0.6859999999999999, 0.2779999999999999]",394744,"[6.859999999999999, 2.7799999999999994]",0.05482427020405614,23.57443618774414,ParetoSolutionConcept,6.844999999999999,1.0680472835975006,0.05539018844449243,0.0038191212005422577,23.817781031131744,1.6422221162331707,COMPLETE
40,7.119999999999997,2025-06-12 17:22:50.502156,2025-06-12 17:23:16.597059,0 days 00:00:26.094903,46,0.8800574130306208,0.15187704077219097,0.9746891480445107,0.0001634343243964505,399,401770,7.119999999999997,2.817117320950621,0.5502499999999999,0.09637264912826672,390.0,4,6.959999999999998,"[0.604, 0.09199999999999986]",401770,"[6.04, 0.9199999999999986]",0.06061471608968882,23.639739274978638,6.469999999999998,"[0.5289999999999999, 0.11799999999999986]",402770,"[5.289999999999999, 1.1799999999999986]",0.06029885976742475,23.516555309295654,3.589999999999997,"[0.4049999999999999, -0.046000000000000145]",403770,"[4.049999999999999, -0.46000000000000146]",0.06632359333527393,25.866201400756836,11.459999999999999,"[0.663, 0.48299999999999993]",404770,"[6.630000000000001, 4.829999999999999]",0.04959997886266464,19.34399175643921,ParetoSolutionConcept,5.5024999999999995,0.9637264912826674,0.05920928701376303,0.006043892728449844,23.091621935367584,2.3571181640954397,COMPLETE
