number,value,datetime_start,datetime_complete,duration,params_episode_length,params_epsilon_max,params_epsilon_min,params_gamma,params_learning_rate,params_num_episodes,user_attrs_base_seed,user_attrs_collective_reward_mean,user_attrs_collective_reward_std,user_attrs_individual_reward_agent0_mean,user_attrs_individual_reward_agent0_std,user_attrs_num_episodes_mean,user_attrs_num_parallel_runs,user_attrs_run_0_collective_reward,user_attrs_run_0_individual_rewards,user_attrs_run_0_seed,user_attrs_run_0_total_individual_rewards,user_attrs_run_0_training_time_per_episode,user_attrs_run_0_training_time_total,user_attrs_run_1_collective_reward,user_attrs_run_1_individual_rewards,user_attrs_run_1_seed,user_attrs_run_1_total_individual_rewards,user_attrs_run_1_training_time_per_episode,user_attrs_run_1_training_time_total,user_attrs_run_2_collective_reward,user_attrs_run_2_individual_rewards,user_attrs_run_2_seed,user_attrs_run_2_total_individual_rewards,user_attrs_run_2_training_time_per_episode,user_attrs_run_2_training_time_total,user_attrs_run_3_collective_reward,user_attrs_run_3_individual_rewards,user_attrs_run_3_seed,user_attrs_run_3_total_individual_rewards,user_attrs_run_3_training_time_per_episode,user_attrs_run_3_training_time_total,user_attrs_solution_concept,user_attrs_total_individual_reward_agent0_mean,user_attrs_total_individual_reward_agent0_std,user_attrs_training_time_per_episode_mean,user_attrs_training_time_per_episode_std,user_attrs_training_time_total_mean,user_attrs_training_time_total_std,state
555,6.0625,2025-06-12 22:52:20.286825,2025-06-12 22:52:22.889690,0 days 00:00:02.602865,16,0.7562832066900779,0.0788869264309841,0.9767030561700265,0.08917344372808379,250,5551540,6.0625,1.3250353768862173,0.56275,0.09657477672767356,250.0,4,4.98,"[0.648, -0.14999999999999997]",5551540,"[6.48, -1.4999999999999996]",0.009652496337890625,2.4131240844726562,5.01,"[0.651, -0.14999999999999997]",5552540,"[6.51, -1.4999999999999996]",0.009440170288085938,2.3600425720214844,8.24,"[0.536, 0.288]",5553540,"[5.36, 2.88]",0.00840745449066162,2.1018636226654053,6.0200000000000005,"[0.41600000000000004, 0.186]",5554540,"[4.16, 1.8599999999999999]",0.009264460563659668,2.316115140914917,WelfareSolutionConcept,5.6275,0.9657477672767356,0.009191145420074463,0.0004728648425768276,2.2977863550186157,0.11821621064420682,COMPLETE
556,5.2875,2025-06-12 22:52:25.560347,2025-06-12 22:52:27.118772,0 days 00:00:01.558425,11,0.6754566381495303,0.09232363924463613,0.9927298069716685,0.046072448645818734,195,5561545,5.2875,2.350908069236226,0.52175,0.20710429136065728,190.0,4,8.84,"[0.7660000000000001, 0.118]",5561545,"[7.660000000000001, 1.18]",0.007164840949209113,1.3613197803497314,4.43,"[0.442, 0.0010000000000000148]",5562545,"[4.42, 0.010000000000000148]",0.0070991252598009615,1.3488337993621826,5.54,"[0.6540000000000001, -0.09999999999999999]",5563545,"[6.540000000000001, -0.9999999999999999]",0.007076239585876465,1.3444855213165283,2.34,"[0.22499999999999995, 0.009000000000000018]",5564545,"[2.2499999999999996, 0.09000000000000019]",0.007257038668582314,1.3788373470306396,WelfareSolutionConcept,5.217500000000001,2.071042913606573,0.007149311115867214,7.01863056121052e-05,1.3583691120147705,0.013335398066300012,COMPLETE
557,4.8125,2025-06-12 22:52:27.134331,2025-06-12 22:52:28.705313,0 days 00:00:01.570982,13,0.6470427302911655,0.06928744170593762,0.9339785076461667,0.062318202736057045,174,5571547,4.8125,1.2936648522704788,0.492,0.1254491929029438,170.0,4,5.390000000000001,"[0.659, -0.11999999999999997]",5571547,"[6.59, -1.1999999999999997]",0.008152211413663976,1.385875940322876,6.54,"[0.55, 0.10400000000000005]",5572547,"[5.5, 1.0400000000000005]",0.007531937430886661,1.2804293632507324,4.26,"[0.43599999999999994, -0.009999999999999995]",5573547,"[4.359999999999999, -0.09999999999999995]",0.008015744826372932,1.3626766204833984,3.0600000000000005,"[0.323, -0.01699999999999998]",5574547,"[3.23, -0.16999999999999982]",0.008164328687331256,1.3879358768463135,WelfareSolutionConcept,4.92,1.2544919290294378,0.007966055589563707,0.0002573391770080016,1.35422945022583,0.04374766009136027,COMPLETE
558,3.8375000000000004,2025-06-12 22:52:28.722283,2025-06-12 22:52:31.472458,0 days 00:00:02.750175,12,0.6585571803887932,0.050846472695911894,0.9804045151077772,0.03842351070152443,347,5581548,3.8375000000000004,1.2355641424062127,0.30325,0.04752039036034955,340.0,4,3.2700000000000005,"[0.221, 0.10600000000000005]",5581548,"[2.21, 1.0600000000000005]",0.007160106827231015,2.434436321258545,5.48,"[0.33100000000000007, 0.21700000000000003]",5582548,"[3.3100000000000005, 2.1700000000000004]",0.007145418139065014,2.4294421672821045,4.420000000000001,"[0.3330000000000001, 0.10900000000000003]",5583548,"[3.330000000000001, 1.0900000000000003]",0.007014853112837847,2.385050058364868,2.1800000000000006,"[0.328, -0.10999999999999999]",5584548,"[3.2800000000000002, -1.0999999999999999]",0.007384017635794247,2.510565996170044,WelfareSolutionConcept,3.0325000000000006,0.4752039036034955,0.007176098928732031,0.0001326908625855743,2.4398736357688904,0.045114893279095264,COMPLETE
559,8.102500000000001,2025-06-12 22:52:31.487929,2025-06-12 22:52:33.121049,0 days 00:00:01.633120,10,0.9723139602056408,0.13802688997711016,0.9905248100404977,0.07771236254979051,255,5591551,8.102500000000001,1.924037096835713,0.5557500000000001,0.19833856785809464,250.0,4,10.020000000000001,"[0.666, 0.336]",5591551,"[6.66, 3.3600000000000003]",0.005505253791809082,1.3763134479522705,9.969999999999999,"[0.7630000000000001, 0.23399999999999999]",5592551,"[7.630000000000001, 2.34]",0.00552784538269043,1.3819613456726074,6.700000000000001,"[0.558, 0.11199999999999996]",5593551,"[5.58, 1.1199999999999997]",0.0057947044372558595,1.4486761093139648,5.720000000000001,"[0.23600000000000004, 0.336]",5594551,"[2.3600000000000003, 3.3600000000000003]",0.005585706710815429,1.3964266777038574,WelfareSolutionConcept,5.5575,1.9833856785809463,0.0056033775806427,0.00011429306252403324,1.400844395160675,0.02857326563100828,COMPLETE
560,6.032500000000001,2025-06-12 22:52:33.137826,2025-06-12 22:52:34.842276,0 days 00:00:01.704450,10,0.9688257095897481,0.1359032789623512,0.991810793977327,0.08029440641790343,263,5601553,6.032500000000001,1.9376580580690703,0.6122500000000001,0.1627534561845001,260.0,4,5.7700000000000005,"[0.5589999999999999, 0.018000000000000013]",5601553,"[5.59, 0.18000000000000013]",0.005588992742391733,1.4531381130218506,3.5799999999999996,"[0.44800000000000006, -0.08999999999999998]",5602553,"[4.48, -0.8999999999999998]",0.005794408688178429,1.5065462589263916,5.7700000000000005,"[0.559, 0.018000000000000013]",5603553,"[5.590000000000001, 0.18000000000000013]",0.005827077535482553,1.5150401592254639,9.01,"[0.883, 0.018000000000000013]",5604553,"[8.83, 0.18000000000000013]",0.00560380587211022,1.4569895267486572,WelfareSolutionConcept,6.1225000000000005,1.627534561845001,0.005703571209540734,0.0001079196550213857,1.4829285144805908,0.028059110305560298,COMPLETE
561,0.9299999999999986,2025-06-12 22:52:37.532217,2025-06-12 22:52:41.702616,0 days 00:00:04.170399,34,0.9761949188742902,0.13028595968798504,0.9912421582264687,0.09155151442322046,256,5611557,0.9299999999999986,2.3546974327925874,0.32599999999999996,0.24745201555049012,250.0,4,-2.6300000000000017,"[-0.06600000000000009, -0.19700000000000012]",5611557,"[-0.6600000000000008, -1.970000000000001]",0.015061359405517578,3.7653398513793945,3.9899999999999993,"[0.598, -0.1990000000000001]",5612557,"[5.9799999999999995, -1.9900000000000009]",0.01337964916229248,3.34491229057312,1.0899999999999983,"[0.31499999999999995, -0.2060000000000001]",5613557,"[3.1499999999999995, -2.060000000000001]",0.01594174766540527,3.9854369163513184,1.2699999999999987,"[0.457, -0.3300000000000001]",5614557,"[4.57, -3.300000000000001]",0.014340960502624511,3.585240125656128,WelfareSolutionConcept,3.26,2.4745201555049015,0.01468092918395996,0.0009411826065791272,3.6702322959899902,0.23529565164478192,COMPLETE
562,3.8525,2025-06-12 22:52:41.718165,2025-06-12 22:52:43.380299,0 days 00:00:01.662134,10,0.990210794643406,0.13979565667855312,0.9897833105750229,0.07405296963768865,251,5621561,3.8525,1.5821879629171751,0.36824999999999997,0.14142025137864803,250.0,4,4.59,"[0.229, 0.23000000000000007]",5621561,"[2.29, 2.3000000000000007]",0.005667084693908691,1.4167711734771729,1.4500000000000004,"[0.23500000000000001, -0.08999999999999998]",5622561,"[2.35, -0.8999999999999998]",0.005898987770080567,1.4747469425201416,5.760000000000001,"[0.558, 0.018000000000000013]",5623561,"[5.58, 0.18000000000000013]",0.005635174751281738,1.4087936878204346,3.61,"[0.45099999999999996, -0.08999999999999998]",5624561,"[4.51, -0.8999999999999998]",0.005690520286560059,1.4226300716400146,WelfareSolutionConcept,3.6825,1.4142025137864802,0.005722941875457763,0.00010352102353740858,1.430735468864441,0.025880255884352093,COMPLETE
563,7.077500000000001,2025-06-12 22:52:43.398555,2025-06-12 22:52:44.995098,0 days 00:00:01.596543,10,0.9615134327412106,0.057536359363595,0.9881057811056798,0.06977773944967311,238,5631563,7.077500000000001,0.8731945659473614,0.5565,0.07427819330059128,230.0,4,7.9300000000000015,"[0.5589999999999999, 0.23399999999999999]",5631563,"[5.59, 2.34]",0.005569436239159626,1.2809703350067139,6.800000000000001,"[0.662, 0.018000000000000016]",5632563,"[6.62, 0.18000000000000016]",0.005814548160718835,1.337346076965332,5.77,"[0.45199999999999996, 0.125]",5633563,"[4.52, 1.25]",0.006101994929106339,1.403458833694458,7.8100000000000005,"[0.553, 0.22799999999999992]",5634563,"[5.53, 2.2799999999999994]",0.005884454561316449,1.3534245491027832,WelfareSolutionConcept,5.565,0.7427819330059128,0.005842608472575312,0.0001900282078965189,1.3437999486923218,0.04370648781619937,COMPLETE
564,4.257499999999999,2025-06-12 22:52:45.014179,2025-06-12 22:52:46.746326,0 days 00:00:01.732147,11,0.8660208291100768,0.14401633190062235,0.99381646957796,0.09265507676114121,245,5641565,4.257499999999999,2.0554120633099338,0.3345,0.27505499450109977,240.0,4,5.589999999999999,"[0.6590000000000001, -0.09999999999999999]",5641565,"[6.590000000000002, -0.9999999999999999]",0.006263233224550883,1.503175973892212,3.479999999999999,"[0.01000000000000002, 0.33799999999999997]",5642565,"[0.1000000000000002, 3.38]",0.006297639012336731,1.5114333629608154,6.659999999999999,"[0.549, 0.11699999999999999]",5643565,"[5.49, 1.17]",0.006435328722000122,1.5444788932800293,1.3000000000000003,"[0.11999999999999997, 0.010000000000000007]",5644565,"[1.1999999999999997, 0.10000000000000007]",0.006300785144170125,1.51218843460083,WelfareSolutionConcept,3.3450000000000006,2.750549945010998,0.006324246525764465,6.580325493970355e-05,1.5178191661834717,0.0157927811855289,COMPLETE
565,5.4475,2025-06-12 22:52:46.761994,2025-06-12 22:52:48.750185,0 days 00:00:01.988191,12,0.9792033570980216,0.13544518452154114,0.991880737992948,0.0737831222744103,268,5651566,5.4475,2.9515451461903814,0.572,0.23069243594014946,260.0,4,1.11,"[0.22100000000000009, -0.10999999999999999]",5651566,"[2.210000000000001, -1.0999999999999999]",0.0066354641547569865,1.7252206802368164,8.57,"[0.8569999999999999, 1.1102230246251566e-17]",5652566,"[8.569999999999999, 1.1102230246251565e-16]",0.006598524863903339,1.7156164646148682,7.72,"[0.6609999999999999, 0.11100000000000002]",5653566,"[6.609999999999999, 1.11]",0.0063002641384418195,1.638068675994873,4.39,"[0.5489999999999999, -0.10999999999999999]",5654566,"[5.489999999999999, -1.0999999999999999]",0.006470594039330116,1.68235445022583,WelfareSolutionConcept,5.72,2.3069243594014943,0.006501211799108065,0.0001311591944148317,1.690315067768097,0.03410139054785623,COMPLETE
566,3.5825000000000005,2025-06-12 22:52:51.450977,2025-06-12 22:52:53.164582,0 days 00:00:01.713605,10,0.9426823846918579,0.14540289482985383,0.9952273779449003,0.08193856471783309,262,5661571,3.5825000000000005,1.5064092239494555,0.3147500000000001,0.04739396058571177,260.0,4,3.58,"[0.34600000000000003, 0.012000000000000005]",5661571,"[3.4600000000000004, 0.12000000000000005]",0.005676077879392184,1.4757802486419678,1.4300000000000004,"[0.233, -0.08999999999999998]",5662571,"[2.33, -0.8999999999999998]",0.005881938567528358,1.529304027557373,3.6300000000000003,"[0.34500000000000003, 0.018000000000000013]",5663571,"[3.45, 0.18000000000000013]",0.005700038029597356,1.4820098876953125,5.690000000000001,"[0.3350000000000001, 0.23400000000000004]",5664571,"[3.3500000000000005, 2.3400000000000003]",0.005831269117502065,1.516129970550537,WelfareSolutionConcept,3.147500000000001,0.47393960585711775,0.005772330898504992,8.657144065814955e-05,1.5008060336112976,0.02250857457111889,COMPLETE
567,5.3175,2025-06-12 22:52:53.180057,2025-06-12 22:52:55.147677,0 days 00:00:01.967620,13,0.9899466333831205,0.13957023078553943,0.9967986716110282,0.05940039895966996,252,5671573,5.3175,2.1000163689838223,0.54275,0.20888079734623766,250.0,4,8.68,"[0.876, -0.007999999999999983]",5671573,"[8.76, -0.07999999999999982]",0.006741268157958984,1.685317039489746,4.110000000000001,"[0.317, 0.09400000000000003]",5672573,"[3.17, 0.9400000000000003]",0.00713347053527832,1.78336763381958,5.37,"[0.5469999999999999, -0.009999999999999985]",5673573,"[5.469999999999999, -0.09999999999999984]",0.006617776870727539,1.6544442176818848,3.1100000000000008,"[0.43099999999999994, -0.11999999999999997]",5674573,"[4.31, -1.1999999999999997]",0.007025321006774902,1.7563302516937256,WelfareSolutionConcept,5.427499999999999,2.0888079734623766,0.006879459142684936,0.00020818971557172512,1.7198647856712341,0.05204742889293132,COMPLETE
568,3.425,2025-06-12 22:52:55.166030,2025-06-12 22:52:57.006033,0 days 00:00:01.840003,11,0.9695224297251689,0.12888416799827668,0.9857573182844148,0.06559717713269457,269,5681575,3.425,1.8680136509137182,0.25150000000000006,0.23308635738712813,260.0,4,4.45,"[0.5450000000000002, -0.09999999999999999]",5681575,"[5.450000000000001, -0.9999999999999999]",0.006260798527644231,1.6278076171875,0.19000000000000036,"[-0.09999999999999999, 0.11899999999999995]",5682575,"[-0.9999999999999999, 1.1899999999999995]",0.0063656926155090336,1.6550800800323486,4.529999999999999,"[0.33499999999999996, 0.11800000000000002]",5683575,"[3.3499999999999996, 1.1800000000000002]",0.0062639759137080265,1.628633737564087,4.529999999999999,"[0.22599999999999998, 0.22700000000000004]",5684575,"[2.26, 2.2700000000000005]",0.006108349103194017,1.5881707668304443,WelfareSolutionConcept,2.515,2.330863573871281,0.006249704040013827,9.187129835163999e-05,1.624923050403595,0.02388653757142636,COMPLETE
569,3.5275000000000003,2025-06-12 22:52:57.021357,2025-06-12 22:52:59.322752,0 days 00:00:02.301395,14,0.9567705750388387,0.13401558144272532,0.9935949375322223,0.05667318596162783,273,5691577,3.5275000000000003,1.6509750906661194,0.4,0.09079096871385392,270.0,4,6.2700000000000005,"[0.535, 0.09200000000000003]",5691577,"[5.3500000000000005, 0.9200000000000003]",0.007741138670179579,2.0901074409484863,1.85,"[0.31499999999999995, -0.12999999999999995]",5692577,"[3.1499999999999995, -1.2999999999999994]",0.007812381673742224,2.1093430519104004,3.01,"[0.43100000000000005, -0.12999999999999995]",5693577,"[4.3100000000000005, -1.2999999999999994]",0.007407000329759386,1.9998900890350342,2.980000000000001,"[0.31900000000000006, -0.020999999999999998]",5694577,"[3.1900000000000004, -0.20999999999999996]",0.007368027722394025,1.9893674850463867,WelfareSolutionConcept,4.0,0.9079096871385394,0.007582137099018804,0.00019672936799474143,2.047177016735077,0.05311692935858019,COMPLETE
570,5.455,2025-06-12 22:52:59.338907,2025-06-12 22:53:01.148525,0 days 00:00:01.809618,10,0.9705162447327298,0.1541836407691958,0.9894350258051186,0.08138308824934798,289,5701579,5.455,3.9820880201221067,0.50075,0.24604001198992004,280.0,4,4.700000000000001,"[0.56, -0.08999999999999998]",5701579,"[5.6000000000000005, -0.8999999999999998]",0.005592388766152518,1.565868854522705,12.17,"[0.875, 0.342]",5702579,"[8.75, 3.4200000000000004]",0.0056101884160723,1.5708527565002441,2.5300000000000002,"[0.23600000000000004, 0.01700000000000001]",5703579,"[2.3600000000000003, 0.17000000000000012]",0.00577072160584586,1.6158020496368408,2.42,"[0.332, -0.08999999999999998]",5704579,"[3.3200000000000003, -0.8999999999999998]",0.00578843355178833,1.6207613945007324,WelfareSolutionConcept,5.0075,2.4604001198992007,0.005690433084964752,8.958548071524969e-05,1.5933212637901306,0.02508393460026991,COMPLETE
571,6.6674999999999995,2025-06-12 22:53:03.873644,2025-06-12 22:53:05.803823,0 days 00:00:01.930179,11,0.7374085174334966,0.12750090246091253,0.9822585103735215,0.0655440172050085,257,5711583,6.6674999999999995,1.7178675007112747,0.5272500000000001,0.08875352105691355,250.0,4,8.84,"[0.558, 0.32599999999999996]",5711583,"[5.58, 3.26]",0.006196767807006836,1.549191951751709,4.549999999999999,"[0.4470000000000002, 0.00800000000000001]",5712583,"[4.4700000000000015, 0.0800000000000001]",0.0064732818603515626,1.6183204650878906,7.779999999999999,"[0.659, 0.119]",5713583,"[6.59, 1.19]",0.006312366485595703,1.5780916213989258,5.499999999999999,"[0.445, 0.10499999999999998]",5714583,"[4.45, 1.0499999999999998]",0.006704775810241699,1.6761939525604248,WelfareSolutionConcept,5.2725,0.8875352105691352,0.006421797990798951,0.00019061799040833227,1.6054494976997375,0.04765449760208311,COMPLETE
572,6.5425,2025-06-12 22:53:05.819279,2025-06-12 22:53:08.388724,0 days 00:00:02.569445,12,0.9541471820505848,0.14214973009491363,0.9788656317404505,0.052816384826697024,367,5721585,6.5425,1.9549344618170703,0.5459999999999999,0.07117232608254419,360.0,4,9.629999999999999,"[0.643, 0.3200000000000001]",5721585,"[6.43, 3.200000000000001]",0.006330004003312853,2.278801441192627,6.64,"[0.5519999999999999, 0.11200000000000002]",5722585,"[5.52, 1.12]",0.006345019075605605,2.2842068672180176,5.53,"[0.442, 0.11100000000000003]",5723585,"[4.42, 1.1100000000000003]",0.006622382667329577,2.3840577602386475,4.37,"[0.5469999999999999, -0.10999999999999999]",5724585,"[5.469999999999999, -1.0999999999999999]",0.006283644172880385,2.2621119022369385,WelfareSolutionConcept,5.459999999999999,0.7117232608254419,0.006395262479782104,0.00013306511041735953,2.3022944927215576,0.047903439750249424,COMPLETE
573,6.9624999999999995,2025-06-12 22:53:08.404178,2025-06-12 22:53:10.547337,0 days 00:00:02.143159,11,0.9817833667275156,0.13779175863410503,0.932450905367089,0.014928722928336536,327,5731588,6.9624999999999995,4.2806797065419415,0.52425,0.13960009849566726,320.0,4,5.62,"[0.442, 0.11999999999999993]",5731588,"[4.42, 1.1999999999999993]",0.005745077133178711,1.8384246826171875,14.26,"[0.766, 0.6599999999999999]",5732588,"[7.66, 6.6]",0.00579025074839592,1.8528802394866943,4.489999999999999,"[0.441, 0.008000000000000018]",5733588,"[4.41, 0.08000000000000018]",0.006137444078922272,1.963982105255127,3.48,"[0.44800000000000006, -0.09999999999999999]",5734588,"[4.48, -0.9999999999999999]",0.006096982210874557,1.9510343074798584,WelfareSolutionConcept,5.242500000000001,1.3960009849566726,0.005942438542842865,0.00017608489091454905,1.9015803337097168,0.05634716509265567,COMPLETE
574,5.2125,2025-06-12 22:53:10.563653,2025-06-12 22:53:12.943002,0 days 00:00:02.379349,14,0.9989096248097071,0.01730693104898471,0.9213031428235936,0.09809721061498605,277,5741590,5.2125,2.48560229119624,0.51075,0.23923354175365963,270.0,4,8.53,"[0.8700000000000001, -0.016999999999999987]",5741590,"[8.700000000000001, -0.16999999999999987]",0.007483681042989095,2.0205938816070557,6.37,"[0.43100000000000005, 0.20600000000000004]",5742590,"[4.3100000000000005, 2.0600000000000005]",0.007470549477471246,2.0170483589172363,1.8900000000000003,"[0.20600000000000004, -0.01699999999999998]",5743590,"[2.0600000000000005, -0.16999999999999982]",0.007704959092316804,2.080338954925537,4.0600000000000005,"[0.536, -0.12999999999999995]",5744590,"[5.36, -1.2999999999999994]",0.007728090109648528,2.0865843296051025,WelfareSolutionConcept,5.107500000000001,2.3923354175365965,0.007596819930606418,0.00012007349148273712,2.051141381263733,0.03241984270033898,COMPLETE
575,5.0275,2025-06-12 22:53:12.958132,2025-06-12 22:53:15.351939,0 days 00:00:02.393807,13,0.9622337056506194,0.08918276543687574,0.9944598689002034,0.07080916771687025,316,5751593,5.0275,1.6444660987688375,0.45924999999999994,0.2522165488226338,310.0,4,4.2,"[0.42899999999999994, -0.008999999999999984]",5751593,"[4.289999999999999, -0.08999999999999983]",0.007048240784675844,2.1849546432495117,3.1,"[0.20999999999999996, 0.10000000000000002]",5752593,"[2.0999999999999996, 1.0000000000000002]",0.007099825336087134,2.2009458541870117,5.26,"[0.32299999999999995, 0.20299999999999999]",5753593,"[3.2299999999999995, 2.03]",0.0070179885433566186,2.1755764484405518,7.55,"[0.875, -0.11999999999999997]",5754593,"[8.75, -1.1999999999999997]",0.0067036021140313914,2.0781166553497314,WelfareSolutionConcept,4.592499999999999,2.522165488226338,0.006967414194537747,0.00015509692667756877,2.1598984003067017,0.04808004727004629,COMPLETE
576,4.145,2025-06-12 22:53:18.058246,2025-06-12 22:53:20.091108,0 days 00:00:02.032862,10,0.9480283794441611,0.13826222329798268,0.9720960720180631,0.051379525383036875,302,5761598,4.145,0.9441530596253975,0.39675,0.1624228663089037,300.0,4,3.5900000000000003,"[0.449, -0.08999999999999998]",5761598,"[4.49, -0.8999999999999998]",0.005986220041910808,1.7958660125732422,3.58,"[0.12599999999999997, 0.23200000000000004]",5762598,"[1.2599999999999998, 2.3200000000000003]",0.006161687374114991,1.848506212234497,5.779999999999999,"[0.5589999999999999, 0.019000000000000013]",5763598,"[5.59, 0.19000000000000014]",0.006061906814575195,1.8185720443725586,3.63,"[0.453, -0.08999999999999998]",5764598,"[4.53, -0.8999999999999998]",0.0061067692438761395,1.8320307731628418,WelfareSolutionConcept,3.9675000000000002,1.624228663089037,0.0060791458686192835,6.42427918989119e-05,1.823743760585785,0.01927283756967357,COMPLETE
