number,value,datetime_start,datetime_complete,duration,params_episode_length,params_epsilon_max,params_epsilon_min,params_gamma,params_learning_rate,params_num_episodes,user_attrs_base_seed,user_attrs_collective_reward_mean,user_attrs_collective_reward_std,user_attrs_individual_reward_agent0_mean,user_attrs_individual_reward_agent0_std,user_attrs_num_episodes_mean,user_attrs_num_parallel_runs,user_attrs_run_0_collective_reward,user_attrs_run_0_individual_rewards,user_attrs_run_0_seed,user_attrs_run_0_total_individual_rewards,user_attrs_run_0_training_time_per_episode,user_attrs_run_0_training_time_total,user_attrs_run_1_collective_reward,user_attrs_run_1_individual_rewards,user_attrs_run_1_seed,user_attrs_run_1_total_individual_rewards,user_attrs_run_1_training_time_per_episode,user_attrs_run_1_training_time_total,user_attrs_run_2_collective_reward,user_attrs_run_2_individual_rewards,user_attrs_run_2_seed,user_attrs_run_2_total_individual_rewards,user_attrs_run_2_training_time_per_episode,user_attrs_run_2_training_time_total,user_attrs_run_3_collective_reward,user_attrs_run_3_individual_rewards,user_attrs_run_3_seed,user_attrs_run_3_total_individual_rewards,user_attrs_run_3_training_time_per_episode,user_attrs_run_3_training_time_total,user_attrs_solution_concept,user_attrs_total_individual_reward_agent0_mean,user_attrs_total_individual_reward_agent0_std,user_attrs_training_time_per_episode_mean,user_attrs_training_time_per_episode_std,user_attrs_training_time_total_mean,user_attrs_training_time_total_std,state
61,3.619999999999999,2025-06-12 21:56:13.379200,2025-06-12 21:56:17.937718,0 days 00:00:04.558518,24,0.801121491261357,0.1522269700306346,0.9746435152277478,0.01208186970683407,250,618173,3.619999999999999,2.6177566731841213,0.40824999999999995,0.2624389214655479,250.0,4,2.699999999999999,"[0.5, -0.23000000000000004]",618173,"[5.0, -2.3000000000000003]",0.015967681884765626,3.9919204711914062,3.9499999999999993,"[0.37999999999999995, 0.01499999999999995]",619173,"[3.7999999999999994, 0.1499999999999995]",0.015058392524719239,3.7645981311798096,0.28999999999999876,"[0.012999999999999937, 0.015999999999999952]",620173,"[0.12999999999999937, 0.15999999999999953]",0.017491744995117187,4.372936248779297,7.539999999999998,"[0.74, 0.01399999999999996]",621173,"[7.4, 0.1399999999999996]",0.015900785446166993,3.975196361541748,WelfareSolutionConcept,4.0825,2.624389214655479,0.01610465121269226,0.0008773551519986825,4.026162803173065,0.2193387879996708,COMPLETE
62,2.2024999999999992,2025-06-12 21:56:17.958051,2025-06-12 21:56:23.522115,0 days 00:00:05.564064,29,0.7617563905918797,0.1991631055445657,0.987804401419435,0.0032265554833529183,307,628178,2.2024999999999992,2.243327606481051,0.2855,0.2874130303239573,300.0,4,4.4399999999999995,"[0.596, -0.15200000000000005]",628178,"[5.96, -1.5200000000000005]",0.01632330338160197,4.896991014480591,0.6799999999999987,"[0.21999999999999992, -0.15200000000000005]",629178,"[2.1999999999999993, -1.5200000000000005]",0.01600506067276001,4.801518201828003,-0.6600000000000013,"[-0.15300000000000008, 0.08699999999999994]",630178,"[-1.5300000000000007, 0.8699999999999994]",0.01729331413904826,5.1879942417144775,4.35,"[0.479, -0.04400000000000008]",631178,"[4.79, -0.44000000000000083]",0.017949310938517253,5.384793281555176,WelfareSolutionConcept,2.8549999999999995,2.874130303239573,0.016892747282981874,0.0007728250835672881,5.067824184894562,0.23184752507018627,COMPLETE
63,3.6575,2025-06-12 21:56:23.537360,2025-06-12 21:56:29.347465,0 days 00:00:05.810105,26,0.7814562943874941,0.1395479918721449,0.982195746554743,0.0095876409452894,429,638183,3.6575,1.2525648685796678,0.46225,0.16055431324009953,420.0,4,2.42,"[0.368, -0.12600000000000003]",638183,"[3.6799999999999997, -1.2600000000000002]",0.013339556398845855,5.602613687515259,2.3899999999999997,"[0.24699999999999997, -0.008000000000000024]",639183,"[2.4699999999999998, -0.08000000000000024]",0.013208237148466565,5.547459602355957,4.92,"[0.617, -0.12500000000000006]",640183,"[6.17, -1.2500000000000004]",0.012132905210767474,5.095820188522339,4.9,"[0.617, -0.12700000000000006]",641183,"[6.17, -1.2700000000000005]",0.012852220308213006,5.397932529449463,WelfareSolutionConcept,4.6225000000000005,1.6055431324009954,0.012883229766573225,0.0004684581942818736,5.410956501960754,0.19675244159838692,COMPLETE
64,3.682499999999999,2025-06-12 21:56:29.363079,2025-06-12 21:56:33.262038,0 days 00:00:03.898959,28,0.7490044548013167,0.08739068838795806,0.9647493327041743,0.026497412556231434,243,648189,3.682499999999999,3.6556899143663704,0.48024999999999995,0.39404021051156696,240.0,4,2.17,"[0.23299999999999996, -0.01600000000000003]",648189,"[2.3299999999999996, -0.1600000000000003]",0.013911367456118266,3.338728189468384,7.129999999999999,"[0.983, -0.2700000000000001]",649189,"[9.83, -2.7000000000000006]",0.014685716231664021,3.5245718955993652,-1.610000000000001,"[-0.018000000000000037, -0.14300000000000004]",650189,"[-0.18000000000000038, -1.4300000000000004]",0.014752642313639323,3.5406341552734375,7.04,"[0.723, -0.019000000000000038]",651189,"[7.2299999999999995, -0.1900000000000004]",0.01556441088517507,3.7354586124420166,WelfareSolutionConcept,4.8025,3.9404021051156697,0.01472853422164917,0.0005849927135617169,3.534848213195801,0.140398251254812,COMPLETE
65,-0.9625000000000035,2025-06-12 21:56:33.277221,2025-06-12 21:56:39.813957,0 days 00:00:06.536736,50,0.8346590639304867,0.11346504289018641,0.9571232014084934,0.006655610684452592,286,658193,-0.9625000000000035,2.757021717360965,0.17324999999999988,0.335678696821827,280.0,4,3.4499999999999975,"[0.5379999999999999, -0.19300000000000023]",658193,"[5.379999999999999, -1.9300000000000024]",0.022083006586347306,6.183241844177246,-0.9700000000000033,"[0.3929999999999999, -0.4900000000000003]",659193,"[3.929999999999999, -4.900000000000003]",0.022765770980290003,6.374415874481201,-3.9500000000000037,"[-0.34100000000000025, -0.0540000000000002]",660193,"[-3.4100000000000024, -0.540000000000002]",0.021334342445646012,5.973615884780884,-2.3800000000000043,"[0.10299999999999983, -0.34100000000000025]",661193,"[1.0299999999999983, -3.4100000000000024]",0.021802564178194317,6.104717969894409,WelfareSolutionConcept,1.7324999999999988,3.3567869682182696,0.02199642104761941,0.0005184893768032747,6.158997893333435,0.14517702550491687,COMPLETE
66,7.085,2025-06-12 21:56:40.206595,2025-06-12 21:56:42.503093,0 days 00:00:02.296498,10,0.9309738434830989,0.10251781628690451,0.9692678202717505,0.04548652534568838,344,668200,7.085,3.979085950315726,0.5032500000000001,0.24795299453727113,340.0,4,3.6,"[0.23399999999999999, 0.12599999999999997]",668200,"[2.34, 1.2599999999999998]",0.005945342428543989,2.021416425704956,13.270000000000001,"[0.882, 0.445]",669200,"[8.82, 4.45]",0.005636478872860179,1.916402816772461,7.8900000000000015,"[0.558, 0.231]",670200,"[5.58, 2.31]",0.005598566111396341,1.9035124778747559,3.5799999999999996,"[0.3390000000000001, 0.019000000000000024]",671200,"[3.3900000000000006, 0.19000000000000022]",0.006012543509988224,2.044264793395996,WelfareSolutionConcept,5.032500000000001,2.479529945372711,0.005798232730697183,0.00018275765559142292,1.9713991284370422,0.062137602901083805,COMPLETE
67,8.567499999999999,2025-06-12 21:56:42.519003,2025-06-12 21:56:45.315564,0 days 00:00:02.796561,14,0.9809888104530086,0.05662056525811328,0.9675486944707316,0.04722512869693109,336,678202,8.567499999999999,0.8275075528356222,0.7065000000000001,0.12635169171799798,330.0,4,8.54,"[0.6500000000000001, 0.20400000000000004]",678202,"[6.500000000000002, 2.0400000000000005]",0.007558594327984434,2.4943361282348633,8.59,"[0.538, 0.321]",679202,"[5.380000000000001, 3.21]",0.008003630060138125,2.641197919845581,9.74,"[0.8780000000000001, 0.096]",680202,"[8.780000000000001, 0.96]",0.0076065822081132365,2.510172128677368,7.4,"[0.76, -0.019999999999999997]",681202,"[7.6, -0.19999999999999996]",0.007905741893883907,2.6088948249816895,WelfareSolutionConcept,7.065000000000001,1.2635169171799796,0.0077686371225299256,0.00018999945386818787,2.5636502504348755,0.06269981977650192,COMPLETE
68,7.5825,2025-06-12 21:56:45.330885,2025-06-12 21:56:47.486639,0 days 00:00:02.155754,10,0.9306708842203741,0.056068869025629985,0.968705665620822,0.043059973633779204,341,688205,7.5825,2.115140361772712,0.5810000000000001,0.1711972546508851,340.0,4,10.95,"[0.866, 0.229]",688205,"[8.66, 2.29]",0.005575033496407902,1.8955113887786865,5.800000000000001,"[0.5630000000000001, 0.01700000000000001]",689205,"[5.630000000000001, 0.17000000000000012]",0.005791582780725816,1.9691381454467773,5.76,"[0.45200000000000007, 0.124]",690205,"[4.5200000000000005, 1.24]",0.005890491429497214,2.0027670860290527,7.82,"[0.44299999999999995, 0.3390000000000001]",691205,"[4.43, 3.3900000000000006]",0.005843054547029383,1.9866385459899902,WelfareSolutionConcept,5.8100000000000005,1.711972546508851,0.005775040563415079,0.00012065578752443975,1.9635137915611267,0.04102296775830954,COMPLETE
69,3.8500000000000005,2025-06-12 21:56:47.501833,2025-06-12 21:56:50.305691,0 days 00:00:02.803858,12,0.982102964655979,0.03791238790049781,0.9666403420482517,0.07806257098461236,334,698207,3.8500000000000005,1.2053422750405793,0.35800000000000004,0.047963527810201766,330.0,4,5.45,"[0.32700000000000007, 0.21800000000000003]",698207,"[3.2700000000000005, 2.18]",0.008006624019507205,2.642185926437378,2.2200000000000006,"[0.3320000000000001, -0.10999999999999999]",699207,"[3.3200000000000007, -1.0999999999999999]",0.007411078250769413,2.4456558227539062,3.3200000000000003,"[0.332, 1.1102230246251566e-17]",700207,"[3.3200000000000003, 1.1102230246251565e-16]",0.007453555049318256,2.4596731662750244,4.41,"[0.441, 1.1102230246251566e-17]",701207,"[4.41, 1.1102230246251565e-16]",0.007595763061985825,2.5066018104553223,WelfareSolutionConcept,3.5800000000000005,0.4796352781020177,0.007616755095395175,0.00023525287612994754,2.5135291814804077,0.07763344912288277,COMPLETE
70,4.1925,2025-06-12 21:56:50.321357,2025-06-12 21:56:53.752502,0 days 00:00:03.431145,15,0.9267090553906899,0.034729590689148895,0.9705447511125989,0.0350750654634716,360,708210,4.1925,2.1636239853542016,0.30874999999999997,0.20927419214991608,360.0,4,6.199999999999999,"[0.31199999999999994, 0.30799999999999994]",708210,"[3.119999999999999, 3.079999999999999]",0.00861718389723036,3.1021862030029297,0.54,"[-0.02799999999999999, 0.082]",709210,"[-0.2799999999999999, 0.8200000000000001]",0.008949236737357246,3.2217252254486084,4.99,"[0.42000000000000004, 0.07900000000000004]",710210,"[4.2, 0.7900000000000005]",0.009065083000395033,3.263429880142212,5.04,"[0.531, -0.02699999999999999]",711210,"[5.3100000000000005, -0.2699999999999999]",0.00866331590546502,3.1187937259674072,WelfareSolutionConcept,3.0875,2.092741921499161,0.008823704885111914,0.0001886777568325948,3.1765337586402893,0.06792399245973413,COMPLETE
71,3.8400000000000007,2025-06-12 21:56:54.137924,2025-06-12 21:56:56.323648,0 days 00:00:02.185724,10,0.9605510943521901,0.06014488412850347,0.9764625356381319,0.047710401766396814,319,718214,3.8400000000000007,1.3669125795017034,0.31300000000000006,0.1385875174754206,310.0,4,5.640000000000001,"[0.44300000000000006, 0.12099999999999997]",718214,"[4.430000000000001, 1.2099999999999997]",0.0062392204038558465,1.9341583251953125,2.5100000000000002,"[0.23199999999999993, 0.019000000000000024]",719214,"[2.3199999999999994, 0.19000000000000022]",0.00651762024048836,2.0204622745513916,2.5200000000000005,"[0.127, 0.12500000000000003]",720214,"[1.27, 1.2500000000000002]",0.006398312507137176,1.9834768772125244,4.690000000000001,"[0.45000000000000007, 0.019000000000000013]",721214,"[4.500000000000001, 0.19000000000000014]",0.00632125485327936,1.9595890045166016,WelfareSolutionConcept,3.13,1.385875174754206,0.006369102001190186,0.00010255425387475261,1.9744216203689575,0.03179181870117325,COMPLETE
72,4.7924999999999995,2025-06-12 21:56:56.338619,2025-06-12 21:56:58.946034,0 days 00:00:02.607415,11,0.934872473468788,0.055001226741999594,0.9682493757172168,0.05955507444912338,342,728216,4.7924999999999995,2.2111577849624386,0.47025000000000006,0.1922334193110033,340.0,4,4.55,"[0.33699999999999997, 0.118]",728216,"[3.3699999999999997, 1.18]",0.006281328201293945,2.1356515884399414,1.27,"[0.22699999999999995, -0.09999999999999999]",729216,"[2.2699999999999996, -0.9999999999999999]",0.007195416618795956,2.446441650390625,6.709999999999999,"[0.6610000000000001, 0.01000000000000002]",730216,"[6.610000000000001, 0.1000000000000002]",0.0071133655660292686,2.418544292449951,6.639999999999999,"[0.656, 0.00800000000000001]",731216,"[6.5600000000000005, 0.0800000000000001]",0.0070875069674323585,2.409752368927002,WelfareSolutionConcept,4.702500000000001,1.9223341931100333,0.0069194043383878825,0.0003705412889897037,2.35259747505188,0.1259840382564992,COMPLETE
73,6.010000000000001,2025-06-12 21:56:58.963672,2025-06-12 21:57:01.677944,0 days 00:00:02.714272,14,0.9135921571731259,0.04225712856753152,0.979756136897643,0.04217009842908245,282,738219,6.010000000000001,1.6910499696933854,0.621,0.1661866420624714,280.0,4,5.07,"[0.6370000000000001, -0.12999999999999995]",738219,"[6.370000000000001, -1.2999999999999994]",0.008426610912595476,2.3594510555267334,4.0600000000000005,"[0.42300000000000004, -0.016999999999999987]",739219,"[4.23, -0.16999999999999987]",0.009058833973748343,2.536473512649536,6.320000000000001,"[0.547, 0.08500000000000002]",740219,"[5.470000000000001, 0.8500000000000002]",0.008547366516930716,2.3932626247406006,8.59,"[0.877, -0.017999999999999988]",741219,"[8.77, -0.17999999999999988]",0.00847821661404201,2.3739006519317627,WelfareSolutionConcept,6.21,1.661866420624714,0.008627757004329136,0.0002525430966066759,2.415771961212158,0.07071206704986928,COMPLETE
74,6.7475,2025-06-12 21:57:01.693373,2025-06-12 21:57:04.445640,0 days 00:00:02.752267,15,0.8935941969576945,0.04205266005118462,0.9608159814500482,0.0425500184924871,276,748221,6.7475,2.981420592603465,0.533,0.13396641370134535,270.0,4,2.86,"[0.426, -0.13999999999999996]",748221,"[4.26, -1.3999999999999995]",0.009575554176613137,2.585399627685547,5.14,"[0.42600000000000005, 0.088]",749221,"[4.260000000000001, 0.8799999999999999]",0.009213150872124567,2.487550735473633,8.319999999999999,"[0.526, 0.30599999999999994]",750221,"[5.26, 3.0599999999999996]",0.009005450319360803,2.431471586227417,10.669999999999998,"[0.7540000000000001, 0.31299999999999994]",751221,"[7.540000000000001, 3.1299999999999994]",0.007810474325109411,2.108828067779541,WelfareSolutionConcept,5.33,1.3396641370134534,0.00890115742330198,0.0006619323080640722,2.4033125042915344,0.17872172317729942,COMPLETE
75,7.047499999999999,2025-06-12 21:57:04.460958,2025-06-12 21:57:07.193762,0 days 00:00:02.732804,15,0.9083699873184141,0.041627614893218,0.962404925786244,0.04566759604556443,265,758224,7.047499999999999,2.2714574066004407,0.5912500000000002,0.052765400595465986,260.0,4,7.409999999999999,"[0.54, 0.20099999999999993]",758224,"[5.4, 2.0099999999999993]",0.009261590700883131,2.4080135822296143,5.109999999999999,"[0.5370000000000001, -0.02599999999999999]",759224,"[5.370000000000001, -0.2599999999999999]",0.009225034713745117,2.3985090255737305,5.05,"[0.6450000000000001, -0.13999999999999996]",760224,"[6.450000000000001, -1.3999999999999995]",0.009701290497413048,2.5223355293273926,10.62,"[0.6430000000000001, 0.41900000000000004]",761224,"[6.4300000000000015, 4.19]",0.00981593498816857,2.552143096923828,WelfareSolutionConcept,5.912500000000001,0.5276540059546599,0.009500962725052468,0.00026113884060513976,2.4702503085136414,0.0678960985573363,COMPLETE
76,4.9175,2025-06-12 21:57:07.588080,2025-06-12 21:57:10.607195,0 days 00:00:03.019115,14,0.9065085786604721,0.04291356064881617,0.9612117160489784,0.04390356366262873,268,768227,4.9175,1.4699043336217492,0.45575,0.20029525081738705,260.0,4,3.950000000000001,"[0.31200000000000006, 0.08300000000000003]",768227,"[3.1200000000000006, 0.8300000000000003]",0.008964826510502741,2.330854892730713,6.32,"[0.65, -0.01799999999999998]",769227,"[6.5, -0.17999999999999983]",0.010323805075425367,2.6841893196105957,6.380000000000001,"[0.655, -0.01699999999999997]",770227,"[6.550000000000001, -0.1699999999999997]",0.009431937107673058,2.452303647994995,3.0200000000000014,"[0.20600000000000004, 0.096]",771227,"[2.0600000000000005, 0.96]",0.01073922927563007,2.7921996116638184,WelfareSolutionConcept,4.557500000000001,2.0029525081738706,0.009864949492307809,0.0007022525708932819,2.5648868680000305,0.18258566843225324,COMPLETE
77,4.6274999999999995,2025-06-12 21:57:10.627140,2025-06-12 21:57:15.674068,0 days 00:00:05.046928,16,0.8903516369031966,0.013148864488063603,0.9796620607951221,0.05438274755964068,279,778230,4.6274999999999995,2.6340783492523525,0.38725000000000004,0.2656006165278989,270.0,4,8.139999999999999,"[0.744, 0.06999999999999998]",778230,"[7.4399999999999995, 0.6999999999999997]",0.01676280145291929,4.525956392288208,1.58,"[0.19300000000000006, -0.034999999999999996]",779230,"[1.9300000000000006, -0.35]",0.016737281834637678,4.519066095352173,2.660000000000001,"[0.07799999999999999, 0.18800000000000008]",780230,"[0.7799999999999998, 1.8800000000000008]",0.017611493004692926,4.75510311126709,6.13,"[0.534, 0.079]",781230,"[5.34, 0.79]",0.014028735514040347,3.7877585887908936,WelfareSolutionConcept,3.8725,2.656006165278989,0.01628507795157256,0.0013493670909125563,4.396971046924591,0.3643291145463902,COMPLETE
78,5.6825,2025-06-12 21:57:15.703712,2025-06-12 21:57:19.623124,0 days 00:00:03.919412,12,0.9149551181665276,0.034003367806401605,0.9654964747779381,0.09807976588217546,234,788235,5.6825,1.2210523125566728,0.46425000000000005,0.1825532456572602,230.0,4,5.49,"[0.44200000000000006, 0.10700000000000003]",788235,"[4.420000000000001, 1.0700000000000003]",0.015222793040068253,3.5012423992156982,5.25,"[0.31900000000000006, 0.20600000000000004]",789235,"[3.1900000000000004, 2.0600000000000005]",0.01589104403620181,3.654940128326416,4.330000000000001,"[0.32700000000000007, 0.10600000000000001]",790235,"[3.2700000000000005, 1.06]",0.015255724865457286,3.508816719055176,7.659999999999999,"[0.769, -0.0029999999999999914]",791235,"[7.69, -0.029999999999999916]",0.014915329477061395,3.430525779724121,WelfareSolutionConcept,4.642500000000001,1.8255324565726023,0.015321222854697185,0.000354761901809605,3.523881256580353,0.08159523741620907,COMPLETE
79,6.0,2025-06-12 21:57:19.649016,2025-06-12 21:57:23.234220,0 days 00:00:03.585204,14,0.9630253428411146,0.027133706181875925,0.9548046226401777,0.0308011989772117,259,798239,6.0,1.45888656173124,0.6220000000000001,0.18134221791960084,250.0,4,4.040000000000001,"[0.31900000000000006, 0.085]",798239,"[3.1900000000000004, 0.8500000000000001]",0.011274937629699708,2.8187344074249268,7.380000000000001,"[0.761, -0.022999999999999975]",799239,"[7.61, -0.22999999999999976]",0.012232505798339843,3.058126449584961,7.43,"[0.7630000000000001, -0.019999999999999983]",800239,"[7.630000000000001, -0.19999999999999984]",0.012329200744628906,3.0823001861572266,5.15,"[0.645, -0.12999999999999995]",801239,"[6.45, -1.2999999999999994]",0.013469953536987305,3.367488384246826,WelfareSolutionConcept,6.22,1.8134221791960086,0.01232664942741394,0.0007781567201620474,3.081662356853485,0.19453918004051188,COMPLETE
80,4.112500000000001,2025-06-12 21:57:23.254368,2025-06-12 21:57:26.087348,0 days 00:00:02.832980,14,0.9714388149528549,0.02636706772457479,0.9557669102196751,0.039576797617964836,264,808243,4.112500000000001,2.7271172967072763,0.374,0.16750373130172355,260.0,4,1.8800000000000001,"[0.20600000000000002, -0.017999999999999995]",808243,"[2.06, -0.17999999999999994]",0.0098084229689378,2.550189971923828,1.88,"[0.20700000000000002, -0.018999999999999982]",809243,"[2.0700000000000003, -0.18999999999999984]",0.009541813226846548,2.4808714389801025,4.130000000000001,"[0.543, -0.12999999999999995]",810243,"[5.430000000000001, -1.2999999999999994]",0.009472230764535758,2.462779998779297,8.56,"[0.54, 0.31600000000000006]",811243,"[5.4, 3.1600000000000006]",0.009404491461240328,2.4451677799224854,WelfareSolutionConcept,3.7400000000000007,1.6750373130172356,0.009556739605390108,0.0001532061958951919,2.4847522974014282,0.0398336109327499,COMPLETE
81,7.7475000000000005,2025-06-12 21:57:26.480685,2025-06-12 21:57:28.023969,0 days 00:00:01.543284,11,0.9565437374349197,0.02010230908357611,0.9621853844177334,0.06177309657381382,190,818246,7.7475000000000005,2.3535651148842263,0.65975,0.13575598513509451,190.0,4,4.4,"[0.43899999999999995, 0.0010000000000000091]",818246,"[4.39, 0.010000000000000092]",0.007195852932177092,1.3672120571136475,6.67,"[0.6569999999999999, 0.01000000000000002]",819246,"[6.569999999999999, 0.1000000000000002]",0.006769171514009175,1.2861425876617432,9.96,"[0.7729999999999999, 0.223]",820246,"[7.729999999999999, 2.23]",0.007275536185816714,1.3823518753051758,9.96,"[0.77, 0.22599999999999998]",821246,"[7.7, 2.26]",0.006855652206822446,1.3025739192962646,WelfareSolutionConcept,6.597499999999999,1.357559851350945,0.007024053209706356,0.00021568635126505001,1.3345701098442078,0.04098040674035954,COMPLETE
