number,value,datetime_start,datetime_complete,duration,params_episode_length,params_epsilon_max,params_epsilon_min,params_gamma,params_learning_rate,params_num_episodes,user_attrs_base_seed,user_attrs_collective_reward_mean,user_attrs_collective_reward_std,user_attrs_individual_reward_agent0_mean,user_attrs_individual_reward_agent0_std,user_attrs_num_episodes_mean,user_attrs_num_parallel_runs,user_attrs_run_0_collective_reward,user_attrs_run_0_individual_rewards,user_attrs_run_0_seed,user_attrs_run_0_total_individual_rewards,user_attrs_run_0_training_time_per_episode,user_attrs_run_0_training_time_total,user_attrs_run_1_collective_reward,user_attrs_run_1_individual_rewards,user_attrs_run_1_seed,user_attrs_run_1_total_individual_rewards,user_attrs_run_1_training_time_per_episode,user_attrs_run_1_training_time_total,user_attrs_run_2_collective_reward,user_attrs_run_2_individual_rewards,user_attrs_run_2_seed,user_attrs_run_2_total_individual_rewards,user_attrs_run_2_training_time_per_episode,user_attrs_run_2_training_time_total,user_attrs_run_3_collective_reward,user_attrs_run_3_individual_rewards,user_attrs_run_3_seed,user_attrs_run_3_total_individual_rewards,user_attrs_run_3_training_time_per_episode,user_attrs_run_3_training_time_total,user_attrs_solution_concept,user_attrs_total_individual_reward_agent0_mean,user_attrs_total_individual_reward_agent0_std,user_attrs_training_time_per_episode_mean,user_attrs_training_time_per_episode_std,user_attrs_training_time_total_mean,user_attrs_training_time_total_std,state
150,7.31,2025-06-12 21:48:44.164024,2025-06-12 21:48:48.457565,0 days 00:00:04.293541,22,0.7771628558581398,0.06290046789606035,0.9703856666121022,0.016462152208819605,346,1507724,7.31,2.1045545847043265,0.6122500000000001,0.14369477199954075,340.0,4,9.989999999999998,"[0.7300000000000001, 0.269]",1507724,"[7.300000000000001, 2.6900000000000004]",0.01138466526480282,3.870786190032959,7.68,"[0.7369999999999999, 0.03099999999999996]",1508724,"[7.369999999999999, 0.3099999999999996]",0.011627380286946017,3.9533092975616455,7.479999999999999,"[0.6000000000000001, 0.14799999999999996]",1509724,"[6.000000000000001, 1.4799999999999995]",0.011571440977208755,3.9342899322509766,4.089999999999999,"[0.38199999999999995, 0.026999999999999958]",1510724,"[3.8199999999999994, 0.2699999999999996]",0.012053581546334659,4.098217725753784,NashSolutionConcept,6.1225000000000005,1.4369477199954077,0.011659267018823062,0.0002447551057552852,3.9641507863998413,0.0832167359567971,COMPLETE
151,7.032500000000001,2025-06-12 21:48:49.177061,2025-06-12 21:48:55.848521,0 days 00:00:06.671460,29,0.5060387768715503,0.1377800602424342,0.9220975583687956,0.03370050808023871,400,1517729,7.032500000000001,2.41351791996662,0.7637499999999999,0.1089366214824014,400.0,4,8.32,"[0.734, 0.09799999999999995]",1517729,"[7.34, 0.9799999999999995]",0.015406870245933534,6.162748098373413,3.1799999999999997,"[0.5980000000000001, -0.28000000000000014]",1518729,"[5.98, -2.8000000000000016]",0.016269288063049316,6.507715225219727,9.639999999999999,"[0.8620000000000001, 0.10199999999999995]",1519729,"[8.620000000000001, 1.0199999999999996]",0.014432514905929566,5.773005962371826,6.99,"[0.861, -0.1620000000000001]",1520729,"[8.61, -1.620000000000001]",0.01477373719215393,5.909494876861572,NashSolutionConcept,7.6375,1.089366214824014,0.015220602601766588,0.000699143716021117,6.0882410407066345,0.279657486408447,COMPLETE
152,5.82,2025-06-12 21:48:55.864940,2025-06-12 21:49:02.952722,0 days 00:00:07.087782,28,0.5183941797498874,0.04151969251344688,0.9132518066429943,0.024201591938115857,391,1527735,5.82,2.9238502013612124,0.6625,0.18308536260444197,390.0,4,6.949999999999999,"[0.8379999999999999, -0.14300000000000007]",1527735,"[8.379999999999999, -1.4300000000000006]",0.016508752871782353,6.438413619995117,7.09,"[0.726, -0.01700000000000006]",1528735,"[7.26, -0.1700000000000006]",0.015916474660237632,6.207425117492676,0.8499999999999991,"[0.3549999999999999, -0.2700000000000001]",1529735,"[3.5499999999999994, -2.7000000000000006]",0.017732511422572993,6.915679454803467,8.39,"[0.731, 0.10799999999999996]",1530735,"[7.31, 1.0799999999999996]",0.015514648877657376,6.050713062286377,NashSolutionConcept,6.624999999999999,1.8308536260444195,0.016418096958062588,0.0008372196908323394,6.403057813644409,0.3265156794246122,COMPLETE
153,7.099999999999999,2025-06-12 21:49:02.967365,2025-06-12 21:49:07.749952,0 days 00:00:04.782587,21,0.5310060389741087,0.1916196575038055,0.9178184573650111,0.005684150998850159,372,1537743,7.099999999999999,1.7885608739989816,0.6755,0.10829011958622999,370.0,4,9.02,"[0.8629999999999999, 0.038999999999999965]",1537743,"[8.629999999999999, 0.3899999999999997]",0.011133161750999657,4.119269847869873,7.519999999999999,"[0.609, 0.14299999999999996]",1538743,"[6.09, 1.4299999999999997]",0.011921823991311564,4.411074876785278,7.6899999999999995,"[0.613, 0.15599999999999997]",1539743,"[6.13, 1.5599999999999996]",0.011715096396368902,4.334585666656494,4.169999999999999,"[0.617, -0.2]",1540743,"[6.17, -2.0]",0.012429897849624222,4.599062204360962,NashSolutionConcept,6.754999999999999,1.0829011958622998,0.011799994997076086,0.00046462195868242486,4.365998148918152,0.17191012471249714,COMPLETE
154,6.587500000000001,2025-06-12 21:49:07.765668,2025-06-12 21:49:13.166029,0 days 00:00:05.400361,26,0.7477686127388146,0.1856632755858122,0.91059412077162,0.038615683273589496,387,1547747,6.587500000000001,3.449821553356058,0.70375,0.23575344642231644,380.0,4,11.940000000000001,"[0.978, 0.21599999999999997]",1547747,"[9.78, 2.1599999999999997]",0.012276667670199746,4.665133714675903,6.110000000000001,"[0.8610000000000001, -0.25000000000000006]",1548747,"[8.610000000000001, -2.5000000000000004]",0.013233078780927157,5.028569936752319,2.2999999999999994,"[0.36699999999999994, -0.13700000000000004]",1549747,"[3.6699999999999995, -1.3700000000000003]",0.013774192333221436,5.2341930866241455,6.0,"[0.609, -0.009000000000000036]",1550747,"[6.09, -0.09000000000000036]",0.012629024606002005,4.799029350280762,NashSolutionConcept,7.0375,2.357534464223164,0.012978240847587585,0.000572852085264762,4.9317315220832825,0.2176837924006096,COMPLETE
155,8.2025,2025-06-12 21:49:13.180324,2025-06-12 21:49:18.565372,0 days 00:00:05.385048,26,0.5090609285680339,0.08214463318259563,0.9450605387996596,0.06366410205247505,356,1557753,8.2025,1.1164312562804757,0.8327500000000001,0.05078570172794698,350.0,4,7.16,"[0.8619999999999999, -0.14600000000000005]",1557753,"[8.62, -1.4600000000000004]",0.013963094438825334,4.887083053588867,9.940000000000001,"[0.7450000000000001, 0.24900000000000003]",1558753,"[7.450000000000001, 2.49]",0.01315488542829241,4.604209899902344,7.29,"[0.857, -0.12800000000000003]",1559753,"[8.57, -1.2800000000000002]",0.014890661920819963,5.211731672286987,8.42,"[0.8670000000000002, -0.025000000000000043]",1560753,"[8.670000000000002, -0.25000000000000044]",0.013821517399379184,4.837531089782715,NashSolutionConcept,8.3275,0.5078570172794699,0.013957539796829222,0.0006191736186781503,4.885138928890228,0.21671076653735255,COMPLETE
156,4.857499999999999,2025-06-12 21:49:19.348724,2025-06-12 21:49:24.067101,0 days 00:00:04.718377,23,0.5396782283541727,0.07910429757601818,0.9477704420239389,0.08481414822942367,353,1567759,4.857499999999999,3.3236303570042196,0.5267499999999999,0.25203112407002437,350.0,4,8.579999999999998,"[0.844, 0.013999999999999934]",1567759,"[8.44, 0.13999999999999935]",0.01289590631212507,4.513567209243774,2.8599999999999994,"[0.506, -0.22000000000000003]",1568759,"[5.0600000000000005, -2.2]",0.013013975279671805,4.554891347885132,7.519999999999999,"[0.6119999999999999, 0.13999999999999996]",1569759,"[6.119999999999999, 1.3999999999999995]",0.012432616778782437,4.3514158725738525,0.46999999999999886,"[0.14499999999999996, -0.09800000000000006]",1570759,"[1.4499999999999997, -0.9800000000000006]",0.012504275866917202,4.3764965534210205,NashSolutionConcept,5.267499999999999,2.5203112407002433,0.012711693559374128,0.0002481000429825546,4.449092745780945,0.08683501504389422,COMPLETE
157,6.5375000000000005,2025-06-12 21:49:24.081519,2025-06-12 21:49:27.577853,0 days 00:00:03.496334,16,0.5113685757477685,0.08253889600756958,0.9448570183590266,0.0033863131205387723,327,1577764,6.5375000000000005,0.5784191819087604,0.61175,0.09563570201551302,320.0,4,7.08,"[0.527, 0.18100000000000005]",1577764,"[5.2700000000000005, 1.8100000000000005]",0.010222356021404266,3.2711539268493652,5.93,"[0.632, -0.039]",1578764,"[6.32, -0.39]",0.010397050529718399,3.3270561695098877,7.1499999999999995,"[0.76, -0.045]",1579764,"[7.6, -0.44999999999999996]",0.010253985226154328,3.2812752723693848,5.990000000000001,"[0.5279999999999999, 0.07099999999999998]",1580764,"[5.279999999999999, 0.7099999999999997]",0.009761156886816025,3.123570203781128,NashSolutionConcept,6.1175,0.95635702015513,0.010158637166023254,0.00023873774808820837,3.2507638931274414,0.0763960793882267,COMPLETE
158,6.7349999999999985,2025-06-12 21:49:27.593399,2025-06-12 21:49:32.444602,0 days 00:00:04.851203,25,0.55380584976754,0.09627505783799166,0.9436647103882885,0.06058476838310252,336,1587767,6.7349999999999985,1.2913655563007709,0.7,0.09487887014504343,330.0,4,8.499999999999998,"[0.8480000000000001, 0.001999999999999938]",1587767,"[8.48, 0.01999999999999938]",0.013720622929659757,4.52780556678772,6.219999999999999,"[0.618, 0.003999999999999929]",1588767,"[6.18, 0.039999999999999286]",0.01384374950871323,4.568437337875366,7.229999999999999,"[0.718, 0.00499999999999994]",1589767,"[7.18, 0.049999999999999406]",0.013851620934226296,4.571034908294678,4.989999999999998,"[0.6159999999999999, -0.11700000000000008]",1590767,"[6.159999999999998, -1.1700000000000008]",0.01422175999843713,4.693180799484253,NashSolutionConcept,7.0,0.9487887014504341,0.013909438342759104,0.00018765257290875113,4.590114653110504,0.06192534905988784,COMPLETE
159,4.2475,2025-06-12 21:49:32.459118,2025-06-12 21:49:36.731917,0 days 00:00:04.272799,19,0.5271442973388869,0.08757906622066366,0.940410814495029,0.09935194955053449,359,1597772,4.2475,2.8080987785332616,0.5457500000000001,0.20993734184275087,350.0,4,5.709999999999999,"[0.7510000000000001, -0.18]",1597772,"[7.510000000000002, -1.7999999999999998]",0.011732029233660016,4.106210231781006,1.0099999999999993,"[0.28099999999999997, -0.18]",1598772,"[2.8099999999999996, -1.7999999999999998]",0.011682602337428502,4.088910818099976,8.079999999999998,"[0.7520000000000001, 0.05599999999999998]",1599772,"[7.520000000000001, 0.5599999999999998]",0.01027585302080427,3.596548557281494,2.19,"[0.3989999999999999, -0.18]",1600772,"[3.9899999999999993, -1.7999999999999998]",0.011668294497898647,4.083903074264526,NashSolutionConcept,5.4575000000000005,2.099373418427509,0.01133969477244786,0.0006146643351622944,3.9688931703567505,0.21513251730680313,COMPLETE
160,7.5,2025-06-12 21:49:36.746854,2025-06-12 21:49:41.471836,0 days 00:00:04.724982,27,0.5202187639354371,0.06717441555127815,0.9491690634037508,0.06623700562607944,296,1607776,7.5,2.486342695607345,0.7967500000000001,0.10611638657624942,290.0,4,9.61,"[0.86, 0.10099999999999995]",1607776,"[8.6, 1.0099999999999996]",0.013454886962627543,3.9019172191619873,3.5299999999999994,"[0.613, -0.2600000000000001]",1608776,"[6.13, -2.6000000000000014]",0.015282725465708765,4.431990385055542,9.61,"[0.8540000000000001, 0.10699999999999996]",1609776,"[8.540000000000001, 1.0699999999999996]",0.013678593471132476,3.966792106628418,7.25,"[0.8600000000000001, -0.13500000000000004]",1610776,"[8.600000000000001, -1.3500000000000003]",0.015605906782479122,4.525712966918945,NashSolutionConcept,7.967500000000001,1.0611638657624942,0.014505528170486975,0.000949017474823129,4.206603169441223,0.27521506769870746,COMPLETE
