number,value,datetime_start,datetime_complete,duration,params_episode_length,params_epsilon_max,params_epsilon_min,params_gamma,params_learning_rate,params_num_episodes,user_attrs_base_seed,user_attrs_collective_reward_mean,user_attrs_collective_reward_std,user_attrs_individual_reward_agent0_mean,user_attrs_individual_reward_agent0_std,user_attrs_num_episodes_mean,user_attrs_num_parallel_runs,user_attrs_run_0_collective_reward,user_attrs_run_0_individual_rewards,user_attrs_run_0_seed,user_attrs_run_0_total_individual_rewards,user_attrs_run_0_training_time_per_episode,user_attrs_run_0_training_time_total,user_attrs_run_1_collective_reward,user_attrs_run_1_individual_rewards,user_attrs_run_1_seed,user_attrs_run_1_total_individual_rewards,user_attrs_run_1_training_time_per_episode,user_attrs_run_1_training_time_total,user_attrs_run_2_collective_reward,user_attrs_run_2_individual_rewards,user_attrs_run_2_seed,user_attrs_run_2_total_individual_rewards,user_attrs_run_2_training_time_per_episode,user_attrs_run_2_training_time_total,user_attrs_run_3_collective_reward,user_attrs_run_3_individual_rewards,user_attrs_run_3_seed,user_attrs_run_3_total_individual_rewards,user_attrs_run_3_training_time_per_episode,user_attrs_run_3_training_time_total,user_attrs_solution_concept,user_attrs_total_individual_reward_agent0_mean,user_attrs_total_individual_reward_agent0_std,user_attrs_training_time_per_episode_mean,user_attrs_training_time_per_episode_std,user_attrs_training_time_total_mean,user_attrs_training_time_total_std,state
599,8.772499999999997,2025-06-12 22:39:25.667315,2025-06-12 22:39:29.817693,0 days 00:00:04.150378,49,0.5761267179555187,0.10001046474549168,0.9805604522349608,0.00017269154922429516,164,5990765,8.772499999999997,1.2464223802547838,0.5369999999999999,0.03507135583350037,160.0,4,8.959999999999997,"[0.5509999999999999, 0.34499999999999986]",5990765,"[5.51, 3.4499999999999984]",0.024171452224254607,3.8674323558807373,6.919999999999997,"[0.4789999999999999, 0.21299999999999986]",5991765,"[4.789999999999999, 2.1299999999999986]",0.02342924475669861,3.7486791610717773,8.779999999999998,"[0.5449999999999999, 0.33299999999999985]",5992765,"[5.449999999999999, 3.3299999999999983]",0.024751584231853484,3.9602534770965576,10.429999999999998,"[0.573, 0.46999999999999986]",5993765,"[5.7299999999999995, 4.699999999999998]",0.020133484899997712,3.221357583999634,MinimaxSolutionConcept,5.369999999999999,0.35071355833500384,0.023121441528201104,0.0017876321864127927,3.6994306445121765,0.2860211498260469,COMPLETE
600,8.694999999999997,2025-06-12 22:54:28.783285,2025-06-12 22:54:35.395470,0 days 00:00:06.612185,48,0.7247949111734464,0.030601693675438902,0.9179958109469859,0.00580700700904499,295,6001668,8.694999999999997,3.135677757678553,0.4667499999999999,0.1746244183955955,290.0,4,3.969999999999997,"[0.17799999999999988, 0.21899999999999992]",6001668,"[1.779999999999999, 2.189999999999999]",0.022120451927185057,6.414931058883667,7.889999999999999,"[0.4899999999999999, 0.2989999999999999]",6002668,"[4.899999999999999, 2.989999999999999]",0.020485419240491142,5.940771579742432,10.729999999999997,"[0.5619999999999998, 0.5109999999999999]",6003668,"[5.619999999999998, 5.109999999999999]",0.020482574660202552,5.93994665145874,12.189999999999998,"[0.6369999999999999, 0.582]",6004668,"[6.369999999999999, 5.819999999999999]",0.020488745590736126,5.941736221313477,MinimaxSolutionConcept,4.667499999999999,1.7462441839559553,0.02089429785465372,0.0007079237526602802,6.059346377849579,0.20529788827148132,COMPLETE
601,8.189999999999998,2025-06-12 22:54:38.234615,2025-06-12 22:54:42.364556,0 days 00:00:04.129941,50,0.6284175074451895,0.08841594820240316,0.9004775968722432,0.0001321802889463694,173,6011678,8.189999999999998,2.701064604928954,0.46824999999999994,0.07449286878621338,170.0,4,7.719999999999997,"[0.4999999999999999, 0.27199999999999985]",6011678,"[4.999999999999999, 2.7199999999999984]",0.023140863811268526,3.9339468479156494,10.649999999999999,"[0.475, 0.59]",6012678,"[4.75, 5.8999999999999995]",0.020358754606807934,3.4609882831573486,3.9599999999999964,"[0.34799999999999986, 0.047999999999999814]",6013678,"[3.4799999999999986, 0.47999999999999815]",0.02310773765339571,3.9283154010772705,10.43,"[0.5499999999999999, 0.493]",6014678,"[5.499999999999999, 4.93]",0.02191150468938491,3.7249557971954346,MinimaxSolutionConcept,4.682499999999999,0.7449286878621337,0.02212971519021427,0.0011360971220585108,3.762051582336426,0.1931365107499469,COMPLETE
602,7.134999999999998,2025-06-12 22:54:42.380218,2025-06-12 22:54:46.694538,0 days 00:00:04.314320,46,0.5905032000940313,0.09353108247294364,0.9606233556290287,0.02599738999392223,182,6021682,7.134999999999998,3.951110603362048,0.34499999999999986,0.2641817556153339,180.0,4,0.6199999999999969,"[-0.10300000000000016, 0.16499999999999987]",6021682,"[-1.0300000000000016, 1.6499999999999986]",0.022908618715074328,4.123551368713379,7.619999999999997,"[0.4169999999999998, 0.3449999999999999]",6022682,"[4.169999999999998, 3.4499999999999993]",0.021569180488586425,3.8824524879455566,9.259999999999998,"[0.4969999999999999, 0.42899999999999994]",6023682,"[4.969999999999999, 4.289999999999999]",0.02070096731185913,3.7261741161346436,11.039999999999997,"[0.569, 0.5349999999999999]",6024682,"[5.6899999999999995, 5.35]",0.022630321979522704,4.073457956314087,MinimaxSolutionConcept,3.449999999999999,2.641817556153339,0.021952272123760646,0.0008784750057407147,3.9514089822769165,0.15812550103332854,COMPLETE
603,7.314999999999998,2025-06-12 22:54:46.710101,2025-06-12 22:54:50.197425,0 days 00:00:03.487324,47,0.9093427165002694,0.03637499969120919,0.9845626362424722,0.00014612239929533458,159,6031686,7.314999999999998,1.5550321540083987,0.5159999999999999,0.18413581943771828,150.0,4,9.759999999999998,"[0.8299999999999998, 0.14599999999999985]",6031686,"[8.299999999999999, 1.4599999999999986]",0.021373658180236815,3.2060487270355225,5.4499999999999975,"[0.45199999999999996, 0.09299999999999983]",6032686,"[4.52, 0.9299999999999984]",0.02094747543334961,3.1421213150024414,7.179999999999998,"[0.41999999999999993, 0.2979999999999999]",6033686,"[4.199999999999999, 2.9799999999999986]",0.02199509143829346,3.2992637157440186,6.869999999999997,"[0.3619999999999999, 0.32499999999999984]",6034686,"[3.6199999999999988, 3.2499999999999982]",0.01960694154103597,2.9410412311553955,MinimaxSolutionConcept,5.159999999999998,1.841358194377183,0.020980791648228966,0.0008763164758386158,3.1471187472343445,0.13144747137579224,COMPLETE
604,4.109999999999998,2025-06-12 22:54:50.213054,2025-06-12 22:54:53.294710,0 days 00:00:03.081656,48,0.8385939390465386,0.15443404408104705,0.9355890530499366,0.00024214629774814355,127,6041690,4.109999999999998,1.3461612087710748,0.23024999999999984,0.1906900298914445,120.0,4,5.689999999999999,"[0.29299999999999987, 0.2759999999999999]",6041690,"[2.929999999999999, 2.759999999999999]",0.023450630903244018,2.8140757083892822,2.1799999999999966,"[-0.09100000000000019, 0.30899999999999983]",6042690,"[-0.9100000000000019, 3.089999999999998]",0.020155481497446694,2.4186577796936035,3.589999999999997,"[0.30999999999999994, 0.048999999999999884]",6043690,"[3.0999999999999996, 0.4899999999999988]",0.023884133497873942,2.866096019744873,4.979999999999997,"[0.4089999999999998, 0.08899999999999987]",6044690,"[4.089999999999998, 0.8899999999999987]",0.021327569087346395,2.5593082904815674,MinimaxSolutionConcept,2.3024999999999984,1.9069002989144452,0.022204453746477764,0.0015281930143159052,2.6645344495773315,0.18338316171790855,COMPLETE
605,3.9174999999999973,2025-06-12 22:54:53.311247,2025-06-12 22:54:57.898543,0 days 00:00:04.587296,48,0.658965278620031,0.11191411552095902,0.9240342815298372,0.03910210556403313,193,6051693,3.9174999999999973,3.1789965004699203,0.24599999999999989,0.27445946877453514,190.0,4,6.119999999999997,"[0.6699999999999999, -0.05800000000000018]",6051693,"[6.699999999999999, -0.5800000000000018]",0.02226221937882273,4.229821681976318,2.7099999999999973,"[0.20599999999999988, 0.06499999999999984]",6052693,"[2.0599999999999987, 0.6499999999999984]",0.023173298333820543,4.402926683425903,-0.6800000000000033,"[-0.09800000000000017, 0.029999999999999843]",6053693,"[-0.9800000000000018, 0.29999999999999843]",0.021949155707108346,4.170339584350586,7.519999999999998,"[0.2059999999999999, 0.5459999999999999]",6054693,"[2.059999999999999, 5.459999999999999]",0.022327610066062525,4.24224591255188,MinimaxSolutionConcept,2.4599999999999986,2.744594687745351,0.022428070871453536,0.0004534100782772219,4.261333465576172,0.0861479148726722,COMPLETE
606,7.407499999999997,2025-06-12 22:55:00.805920,2025-06-12 22:55:08.051507,0 days 00:00:07.245587,49,0.8790826971134712,0.054312587898851475,0.9790070234936354,0.01620396393150753,341,6061700,7.407499999999997,1.318832343400783,0.4559999999999999,0.16655779777602728,340.0,4,6.869999999999997,"[0.5989999999999999, 0.08799999999999988]",6061700,"[5.989999999999998, 0.8799999999999988]",0.02076575896319221,7.060358047485352,8.989999999999998,"[0.6159999999999999, 0.2829999999999998]",6062700,"[6.159999999999998, 2.8299999999999983]",0.02013760945376228,6.846787214279175,5.539999999999997,"[0.40199999999999986, 0.15199999999999986]",6063700,"[4.019999999999999, 1.5199999999999987]",0.019857450092540068,6.751533031463623,8.229999999999997,"[0.2069999999999999, 0.6159999999999999]",6064700,"[2.069999999999999, 6.159999999999998]",0.019816956099341896,6.737765073776245,MinimaxSolutionConcept,4.559999999999999,1.6655779777602726,0.02014444365220911,0.0003793721202542761,6.849110841751099,0.12898652088645401,COMPLETE
607,8.677499999999998,2025-06-12 22:55:08.067111,2025-06-12 22:55:10.942671,0 days 00:00:02.875560,47,0.6097713545609607,0.08742770309198888,0.9825360563720479,0.00010123460864557116,112,6071708,8.677499999999998,2.5501997470786484,0.42724999999999996,0.20767808622962608,110.0,4,10.09,"[0.577, 0.43199999999999983]",6071708,"[5.77, 4.3199999999999985]",0.022552052411166104,2.4807257652282715,9.679999999999998,"[0.4999999999999999, 0.46799999999999986]",6072708,"[4.999999999999999, 4.679999999999999]",0.02166357473893599,2.382993221282959,10.639999999999997,"[0.5609999999999999, 0.5029999999999999]",6073708,"[5.609999999999999, 5.029999999999999]",0.02212201248515736,2.4334213733673096,4.299999999999997,"[0.07099999999999987, 0.3589999999999998]",6074708,"[0.7099999999999986, 3.589999999999998]",0.02438405860554088,2.682246446609497,MinimaxSolutionConcept,4.272499999999999,2.076780862296261,0.022680424560200082,0.0010325521746684515,2.4948467016220093,0.1135807392135297,COMPLETE
608,8.089999999999996,2025-06-12 22:55:10.958606,2025-06-12 22:55:16.612417,0 days 00:00:05.653811,50,0.6384714251366741,0.09290433590060167,0.9631603736207863,0.00015743898286230088,243,6081711,8.089999999999996,3.451050564683166,0.43374999999999997,0.26852316008121174,240.0,4,9.929999999999998,"[0.41899999999999993, 0.574]",6081711,"[4.1899999999999995, 5.739999999999999]",0.021494579315185548,5.158699035644531,9.949999999999998,"[0.7530000000000001, 0.24199999999999985]",6082711,"[7.530000000000001, 2.4199999999999986]",0.02206571896870931,5.295772552490234,2.1199999999999974,"[0.016999999999999856, 0.19499999999999984]",6083711,"[0.16999999999999854, 1.9499999999999984]",0.02225502928098043,5.341207027435303,10.359999999999996,"[0.5459999999999999, 0.4899999999999999]",6084711,"[5.459999999999999, 4.899999999999999]",0.02281690537929535,5.476057291030884,MinimaxSolutionConcept,4.3374999999999995,2.685231600812117,0.02215805823604266,0.00047228533759845133,5.317933976650238,0.11334848102362824,COMPLETE
609,6.702499999999997,2025-06-12 22:55:16.628017,2025-06-12 22:55:20.791897,0 days 00:00:04.163880,49,0.6770599834286838,0.10414447671923618,0.9711458254337474,0.0005910272105708019,172,6091716,6.702499999999997,3.0237755786433627,0.28949999999999987,0.17461457556572993,170.0,4,4.029999999999997,"[0.25199999999999984, 0.15099999999999986]",6091716,"[2.5199999999999982, 1.5099999999999985]",0.021682486814611098,3.6860227584838867,3.419999999999996,"[0.019999999999999858, 0.3219999999999998]",6092716,"[0.19999999999999857, 3.219999999999998]",0.023386733672198127,3.9757447242736816,8.999999999999996,"[0.4629999999999999, 0.43699999999999994]",6093716,"[4.629999999999999, 4.369999999999999]",0.02061307149774888,3.5042221546173096,10.359999999999998,"[0.4229999999999999, 0.6129999999999999]",6094716,"[4.229999999999999, 6.129999999999999]",0.02072339478661032,3.522977113723755,MinimaxSolutionConcept,2.8949999999999987,1.7461457556572992,0.021601421692792108,0.0011114942390547185,3.672241687774658,0.18895402063930214,COMPLETE
610,6.274999999999999,2025-06-12 22:55:20.807562,2025-06-12 22:55:24.241267,0 days 00:00:03.433705,46,0.8856139897344375,0.09718896038324917,0.9738272552909183,0.00019263731182616098,162,6101720,6.274999999999999,0.2864873470155361,0.3447499999999999,0.062395412491624724,160.0,4,6.2399999999999975,"[0.4349999999999999, 0.18899999999999992]",6101720,"[4.349999999999999, 1.8899999999999992]",0.0199611097574234,3.193777561187744,6.719999999999999,"[0.2649999999999999, 0.40699999999999986]",6102720,"[2.649999999999999, 4.0699999999999985]",0.019513021409511565,3.1220834255218506,6.219999999999998,"[0.3169999999999999, 0.3049999999999999]",6103720,"[3.169999999999999, 3.049999999999999]",0.020273859798908233,3.2438175678253174,5.919999999999998,"[0.3619999999999999, 0.2299999999999999]",6104720,"[3.6199999999999988, 2.299999999999999]",0.01923583447933197,3.0777335166931152,MinimaxSolutionConcept,3.4474999999999993,0.6239541249162472,0.019745956361293792,0.0003998299793441291,3.159353017807007,0.0639727966950607,COMPLETE
611,8.307499999999997,2025-06-12 22:55:27.148414,2025-06-12 22:55:35.588577,0 days 00:00:08.440163,45,0.9507463470356233,0.13851145649790686,0.9106954466358852,0.00013444165243481257,437,6111727,8.307499999999997,2.3445508631718788,0.4427499999999999,0.21565525150109385,430.0,4,10.349999999999998,"[0.5209999999999999, 0.5139999999999999]",6111727,"[5.209999999999999, 5.139999999999999]",0.017783998888592386,7.647119522094727,10.529999999999998,"[0.7550000000000001, 0.2979999999999999]",6112727,"[7.550000000000001, 2.9799999999999986]",0.018232086092926734,7.839797019958496,7.549999999999997,"[0.3029999999999998, 0.45199999999999985]",6113727,"[3.0299999999999985, 4.519999999999999]",0.019187910057777584,8.25080132484436,4.799999999999997,"[0.1919999999999999, 0.2879999999999999]",6114727,"[1.919999999999999, 2.879999999999999]",0.01833527365396189,7.884167671203613,MinimaxSolutionConcept,4.427499999999999,2.1565525150109384,0.01838481717331465,0.0005078686187287801,7.905471384525299,0.21838350605337495,COMPLETE
612,8.867499999999998,2025-06-12 22:55:35.603652,2025-06-12 22:55:39.291774,0 days 00:00:03.688122,48,0.6243030297316061,0.1208664683182296,0.980931038326577,0.00010073622437816783,154,6121735,8.867499999999998,2.744698298538475,0.4034999999999999,0.19159658138912608,150.0,4,8.739999999999997,"[0.2049999999999999, 0.6689999999999998]",6121735,"[2.049999999999999, 6.689999999999998]",0.02280974864959717,3.421462297439575,6.939999999999998,"[0.3869999999999999, 0.30699999999999983]",6122735,"[3.869999999999999, 3.0699999999999985]",0.022143845558166505,3.3215768337249756,13.379999999999997,"[0.716, 0.6219999999999999]",6123735,"[7.16, 6.219999999999999]",0.022268880208333335,3.34033203125,6.4099999999999975,"[0.3059999999999999, 0.3349999999999999]",6124735,"[3.0599999999999987, 3.349999999999999]",0.02267414887746175,3.4011223316192627,MinimaxSolutionConcept,4.034999999999999,1.915965813891261,0.02247415582338969,0.0002756187203944832,3.3711233735084534,0.04134280805917253,COMPLETE
613,7.067499999999997,2025-06-12 22:55:39.307357,2025-06-12 22:55:46.216400,0 days 00:00:06.909043,50,0.8715680812965535,0.059072524395702486,0.9775904925730784,0.00012438171158748546,318,6131739,7.067499999999997,3.6885727253234415,0.3684999999999998,0.2118590333216878,310.0,4,11.539999999999997,"[0.5599999999999998, 0.594]",6131739,"[5.599999999999998, 5.9399999999999995]",0.01989508290444651,6.167475700378418,1.849999999999997,"[0.020999999999999817, 0.16399999999999984]",6132739,"[0.2099999999999982, 1.6399999999999983]",0.02166404108847341,6.715852737426758,9.299999999999997,"[0.5169999999999999, 0.4129999999999999]",6133739,"[5.169999999999999, 4.129999999999999]",0.02056482914955385,6.375097036361694,5.579999999999998,"[0.37599999999999983, 0.18199999999999986]",6134739,"[3.7599999999999985, 1.8199999999999985]",0.02094753557635892,6.493736028671265,MinimaxSolutionConcept,3.6849999999999983,2.1185903332168774,0.02076787217970817,0.0006399971172278026,6.438040375709534,0.1983991063406188,COMPLETE
614,6.567499999999997,2025-06-12 22:55:46.231998,2025-06-12 22:55:49.739628,0 days 00:00:03.507630,46,0.6465611735011368,0.07377184907977312,0.9158515755998936,0.00016969378187092654,141,6141746,6.567499999999997,2.0925388287914757,0.3459999999999999,0.03906404996924923,140.0,4,5.309999999999997,"[0.3279999999999999, 0.20299999999999985]",6141746,"[3.279999999999999, 2.0299999999999985]",0.023276235376085554,3.2586729526519775,5.469999999999998,"[0.3019999999999999, 0.24499999999999994]",6142746,"[3.0199999999999987, 2.4499999999999993]",0.021656136853354317,3.0318591594696045,5.299999999999998,"[0.346, 0.18399999999999986]",6143746,"[3.46, 1.8399999999999985]",0.023145648411342076,3.2403907775878906,10.189999999999998,"[0.4079999999999999, 0.611]",6144746,"[4.079999999999999, 6.109999999999999]",0.022026254449571882,3.0836756229400635,MinimaxSolutionConcept,3.459999999999999,0.39064049969249237,0.022526068772588455,0.0006987890889523369,3.153649628162384,0.0978304724533271,COMPLETE
615,6.672499999999998,2025-06-12 22:55:49.754873,2025-06-12 22:55:57.857859,0 days 00:00:08.102986,47,0.9016904263264738,0.08807195252731193,0.9487665474741056,0.0005022293238463241,404,6151749,6.672499999999998,1.6729072747764597,0.35174999999999984,0.10808185555401982,400.0,4,8.479999999999999,"[0.3979999999999998, 0.4499999999999999]",6151749,"[3.9799999999999978, 4.499999999999999]",0.01902598559856415,7.610394239425659,8.19,"[0.481, 0.33799999999999986]",6152749,"[4.81, 3.3799999999999986]",0.019074763059616088,7.6299052238464355,4.789999999999997,"[0.34299999999999986, 0.13599999999999984]",6153749,"[3.429999999999999, 1.3599999999999985]",0.018405041694641112,7.362016677856445,5.229999999999999,"[0.1849999999999999, 0.3379999999999999]",6154749,"[1.8499999999999988, 3.379999999999999]",0.019721085429191588,7.888434171676636,MinimaxSolutionConcept,3.5174999999999983,1.0808185555401981,0.019056718945503235,0.0004656544299713673,7.622687578201294,0.18626177198854704,COMPLETE
616,7.274999999999998,2025-06-12 22:56:00.805942,2025-06-12 22:56:04.714421,0 days 00:00:03.908479,40,0.619753302851617,0.04481849308247002,0.9862969222583415,0.0001175659309642202,182,6161760,7.274999999999998,2.449392781895137,0.3897499999999999,0.1451126717416505,180.0,4,8.579999999999997,"[0.3319999999999999, 0.5259999999999999]",6161760,"[3.319999999999999, 5.259999999999999]",0.019651142756144206,3.537205696105957,4.3199999999999985,"[0.19299999999999992, 0.23899999999999993]",6162760,"[1.9299999999999993, 2.3899999999999992]",0.020670918623606364,3.7207653522491455,10.569999999999999,"[0.587, 0.4699999999999999]",6163760,"[5.869999999999999, 4.699999999999999]",0.01834567387898763,3.3022212982177734,5.629999999999998,"[0.4469999999999999, 0.11599999999999991]",6164760,"[4.469999999999999, 1.159999999999999]",0.019193686379326714,3.4548635482788086,MinimaxSolutionConcept,3.897499999999999,1.4511267174165046,0.019465355409516227,0.0008389562552817313,3.503763973712921,0.1510121259507115,COMPLETE
617,6.769999999999998,2025-06-12 22:56:04.729595,2025-06-12 22:56:08.243531,0 days 00:00:03.513936,49,0.9228272112657814,0.10019040213619301,0.9666542533566228,0.0007083143398540051,169,6171764,6.769999999999998,2.255327027284514,0.15549999999999986,0.1347228636869036,160.0,4,3.4399999999999973,"[0.1979999999999999, 0.14599999999999985]",6171764,"[1.979999999999999, 1.4599999999999986]",0.020500436425209045,3.2800698280334473,7.1999999999999975,"[-0.0630000000000002, 0.7829999999999999]",6172764,"[-0.6300000000000019, 7.829999999999999]",0.020809029042720795,3.329444646835327,9.78,"[0.3049999999999999, 0.6729999999999998]",6173764,"[3.049999999999999, 6.729999999999999]",0.019823311269283293,3.171729803085327,6.6599999999999975,"[0.18199999999999988, 0.4839999999999999]",6174764,"[1.819999999999999, 4.839999999999999]",0.02050628364086151,3.281005382537842,MinimaxSolutionConcept,1.5549999999999988,1.3472286368690358,0.02040976509451866,0.0003608590131424091,3.265562415122986,0.05773744210278535,COMPLETE
618,7.599999999999999,2025-06-12 22:56:08.258749,2025-06-12 22:56:11.312249,0 days 00:00:03.053500,37,0.5526694257880527,0.08100225853270467,0.9837128141684032,0.012492482086609453,155,6181768,7.599999999999999,1.152822622956368,0.29149999999999987,0.23409453218731957,150.0,4,5.759999999999998,"[0.03699999999999988, 0.5389999999999999]",6181768,"[0.3699999999999988, 5.389999999999999]",0.018769431114196777,2.8154146671295166,8.939999999999998,"[0.6399999999999999, 0.25399999999999984]",6182768,"[6.399999999999999, 2.5399999999999983]",0.01853754997253418,2.780632495880127,7.779999999999999,"[0.12499999999999989, 0.6529999999999999]",6183768,"[1.249999999999999, 6.529999999999999]",0.019148990313212075,2.8723485469818115,7.919999999999999,"[0.3639999999999999, 0.42799999999999994]",6184768,"[3.639999999999999, 4.279999999999999]",0.018873408635457358,2.8310112953186035,MinimaxSolutionConcept,2.9149999999999987,2.3409453218731957,0.018832345008850098,0.00021955223853424002,2.8248517513275146,0.032932835780136005,COMPLETE
