number,value,datetime_start,datetime_complete,duration,params_episode_length,params_epsilon_max,params_epsilon_min,params_gamma,params_learning_rate,params_num_episodes,user_attrs_base_seed,user_attrs_collective_reward_mean,user_attrs_collective_reward_std,user_attrs_individual_reward_agent0_mean,user_attrs_individual_reward_agent0_std,user_attrs_num_episodes_mean,user_attrs_num_parallel_runs,user_attrs_run_0_collective_reward,user_attrs_run_0_individual_rewards,user_attrs_run_0_seed,user_attrs_run_0_total_individual_rewards,user_attrs_run_0_training_time_per_episode,user_attrs_run_0_training_time_total,user_attrs_run_1_collective_reward,user_attrs_run_1_individual_rewards,user_attrs_run_1_seed,user_attrs_run_1_total_individual_rewards,user_attrs_run_1_training_time_per_episode,user_attrs_run_1_training_time_total,user_attrs_run_2_collective_reward,user_attrs_run_2_individual_rewards,user_attrs_run_2_seed,user_attrs_run_2_total_individual_rewards,user_attrs_run_2_training_time_per_episode,user_attrs_run_2_training_time_total,user_attrs_run_3_collective_reward,user_attrs_run_3_individual_rewards,user_attrs_run_3_seed,user_attrs_run_3_total_individual_rewards,user_attrs_run_3_training_time_per_episode,user_attrs_run_3_training_time_total,user_attrs_solution_concept,user_attrs_total_individual_reward_agent0_mean,user_attrs_total_individual_reward_agent0_std,user_attrs_training_time_per_episode_mean,user_attrs_training_time_per_episode_std,user_attrs_training_time_total_mean,user_attrs_training_time_total_std,state
639,6.322499999999998,2025-06-12 22:57:47.584502,2025-06-12 22:57:51.493583,0 days 00:00:03.909081,39,0.7076307092147014,0.04264457475930152,0.9871168029191805,0.00022626426457858436,193,6391867,6.322499999999998,4.067237237978626,0.35849999999999993,0.19600063775406448,190.0,4,7.539999999999997,"[0.37799999999999984, 0.3759999999999999]",6391867,"[3.7799999999999985, 3.759999999999999]",0.018834741492020458,3.5786008834838867,5.839999999999997,"[0.36499999999999994, 0.21899999999999986]",6392867,"[3.6499999999999995, 2.1899999999999986]",0.01818470703928094,3.455094337463379,0.2899999999999973,"[0.06899999999999988, -0.04000000000000013]",6393867,"[0.6899999999999988, -0.40000000000000135]",0.019605207443237304,3.724989414215088,11.62,"[0.622, 0.5399999999999998]",6394867,"[6.22, 5.399999999999999]",0.01578710957577354,2.9995508193969727,MinimaxSolutionConcept,3.584999999999999,1.9600063775406449,0.018102941387578064,0.0014284692241357607,3.4395588636398315,0.2714091525857945,COMPLETE
640,8.407499999999999,2025-06-12 22:57:51.508784,2025-06-12 22:57:54.799374,0 days 00:00:03.290590,48,0.8410777889978829,0.08510219349170443,0.9651701359524132,0.03261802170787544,159,6401871,8.407499999999999,2.452747184281332,0.3322499999999998,0.09276145481825943,150.0,4,11.46,"[0.3069999999999999, 0.8389999999999999]",6401871,"[3.069999999999999, 8.389999999999999]",0.02069087346394857,3.103631019592285,10.029999999999996,"[0.4679999999999997, 0.5349999999999999]",6402871,"[4.679999999999997, 5.35]",0.019887043635050457,2.9830565452575684,6.839999999999999,"[0.34499999999999986, 0.33899999999999986]",6403871,"[3.4499999999999984, 3.389999999999999]",0.020178643862406413,3.026796579360962,5.299999999999997,"[0.2089999999999999, 0.32099999999999995]",6404871,"[2.089999999999999, 3.2099999999999995]",0.018298408190409343,2.7447612285614014,MinimaxSolutionConcept,3.322499999999999,0.9276145481825944,0.019763742287953696,0.0008936054461571643,2.964561343193054,0.1340408169235746,COMPLETE
641,8.619999999999997,2025-06-12 22:57:57.798980,2025-06-12 22:58:00.928423,0 days 00:00:03.129443,49,0.8950669934244846,0.10668771882661354,0.9741822274866742,0.00012523347088650303,146,6411877,8.619999999999997,1.7749366185867035,0.3892499999999999,0.07260983060164793,140.0,4,11.299999999999997,"[0.3249999999999998, 0.8049999999999999]",6411877,"[3.249999999999998, 8.049999999999999]",0.020262633051191057,2.836768627166748,9.139999999999997,"[0.48699999999999993, 0.42699999999999994]",6412877,"[4.869999999999999, 4.27]",0.02092644146510533,2.929701805114746,7.139999999999997,"[0.4309999999999999, 0.2829999999999998]",6413877,"[4.309999999999999, 2.8299999999999983]",0.021065982750483922,2.949237585067749,6.899999999999996,"[0.3139999999999998, 0.3759999999999998]",6414877,"[3.139999999999998, 3.759999999999998]",0.021050911290305,2.9471275806427,MinimaxSolutionConcept,3.8924999999999983,0.7260983060164793,0.020826492139271326,0.00033001766890389467,2.915708899497986,0.04620247364654522,COMPLETE
642,5.429999999999997,2025-06-12 22:58:00.943934,2025-06-12 22:58:05.161748,0 days 00:00:04.217814,46,0.6478993747113275,0.08876209691645703,0.9582426555136633,0.0001674975397600679,173,6421881,5.429999999999997,3.0257891532623353,0.2734999999999999,0.19813947108034788,170.0,4,10.069999999999997,"[0.565, 0.44199999999999984]",6421881,"[5.6499999999999995, 4.419999999999998]",0.020601791494032917,3.5023045539855957,6.169999999999998,"[0.3389999999999999, 0.27799999999999986]",6422881,"[3.3899999999999992, 2.7799999999999985]",0.021893616283641143,3.721914768218994,2.929999999999997,"[0.13999999999999985, 0.1529999999999999]",6423881,"[1.3999999999999986, 1.5299999999999991]",0.021445128496955422,3.645671844482422,2.549999999999997,"[0.049999999999999836, 0.20499999999999985]",6424881,"[0.49999999999999833, 2.0499999999999985]",0.023650891640607047,4.020651578903198,MinimaxSolutionConcept,2.734999999999999,1.9813947108034788,0.02189785697880913,0.0011133168156538156,3.7226356863975525,0.18926385866114878,COMPLETE
643,7.804999999999999,2025-06-12 22:58:05.176951,2025-06-12 22:58:08.347450,0 days 00:00:03.170499,44,0.5800153792277206,0.036608200937337854,0.9797084259614293,0.00015282530195777415,135,6431885,7.804999999999999,1.6569474946418796,0.4957499999999999,0.18279274465908107,130.0,4,5.789999999999997,"[0.5059999999999999, 0.07299999999999987]",6431885,"[5.059999999999999, 0.7299999999999986]",0.021784230378957894,2.8319499492645264,6.5699999999999985,"[0.20999999999999988, 0.4469999999999999]",6432885,"[2.0999999999999988, 4.469999999999999]",0.022806033721336952,2.9647843837738037,9.19,"[0.717, 0.20199999999999987]",6433885,"[7.17, 2.0199999999999987]",0.022955115024860088,2.9841649532318115,9.669999999999998,"[0.5499999999999999, 0.4169999999999999]",6434885,"[5.499999999999999, 4.169999999999999]",0.02246725375835712,2.920742988586426,MinimaxSolutionConcept,4.9575,1.8279274465908109,0.022503158220878013,0.0004511498902140999,2.925410568714142,0.05864948572783297,COMPLETE
644,6.144999999999998,2025-06-12 22:58:08.362862,2025-06-12 22:58:12.288586,0 days 00:00:03.925724,49,0.8634177760373127,0.06993976759852931,0.9777184535804286,0.00010008531521793555,165,6441888,6.144999999999998,3.8502824571711627,0.31074999999999986,0.17700194207974104,160.0,4,1.4899999999999967,"[0.15699999999999986, -0.008000000000000184]",6441888,"[1.5699999999999985, -0.08000000000000185]",0.02270100712776184,3.6321611404418945,8.929999999999998,"[0.24199999999999983, 0.6509999999999999]",6442888,"[2.419999999999998, 6.509999999999999]",0.021290166676044463,3.4064266681671143,3.3299999999999965,"[0.23199999999999985, 0.10099999999999984]",6443888,"[2.3199999999999985, 1.0099999999999985]",0.023394201695919038,3.743072271347046,10.829999999999998,"[0.6119999999999999, 0.4709999999999999]",6444888,"[6.119999999999999, 4.709999999999999]",0.019614879786968232,3.138380765914917,MinimaxSolutionConcept,3.1074999999999986,1.7700194207974107,0.021750063821673393,0.0014472386437230094,3.480010211467743,0.23155818299568148,COMPLETE
645,7.582499999999998,2025-06-12 22:58:12.304113,2025-06-12 22:58:16.640922,0 days 00:00:04.336809,47,0.6302433091432847,0.01906044993988522,0.9462692341697642,0.00012412896000499633,186,6451892,7.582499999999998,2.0429436482683516,0.4222499999999999,0.1345722389648029,180.0,4,6.839999999999997,"[0.625, 0.05899999999999987]",6451892,"[6.25, 0.5899999999999987]",0.0230750838915507,4.153515100479126,10.909999999999998,"[0.4589999999999998, 0.6319999999999999]",6452892,"[4.589999999999998, 6.3199999999999985]",0.02196694612503052,3.954050302505493,5.359999999999997,"[0.32799999999999985, 0.2079999999999998]",6453892,"[3.2799999999999985, 2.079999999999998]",0.02282201978895399,4.107963562011719,7.219999999999999,"[0.27699999999999986, 0.44499999999999995]",6454892,"[2.7699999999999987, 4.449999999999999]",0.021536653571658664,3.8765976428985596,MinimaxSolutionConcept,4.222499999999999,1.3457223896480288,0.022350175844298468,0.0006238613409425113,4.023031651973724,0.11229504136965204,COMPLETE
646,5.147499999999997,2025-06-12 22:58:19.729658,2025-06-12 22:58:23.274784,0 days 00:00:03.545126,45,0.6138680397560009,0.13179895286157406,0.9838120934465603,0.02326928563293084,155,6461899,5.147499999999997,2.993153646240033,0.18749999999999986,0.09793237462657585,150.0,4,0.6199999999999969,"[0.10199999999999987, -0.04000000000000014]",6461899,"[1.0199999999999987, -0.4000000000000014]",0.019081304868062338,2.8621957302093506,8.129999999999997,"[0.08999999999999989, 0.723]",6462899,"[0.8999999999999988, 7.2299999999999995]",0.022350069681803385,3.352510452270508,7.539999999999998,"[0.32799999999999985, 0.4259999999999999]",6463899,"[3.2799999999999985, 4.259999999999999]",0.021508653958638508,3.2262980937957764,4.299999999999997,"[0.2299999999999999, 0.1999999999999999]",6464899,"[2.299999999999999, 1.9999999999999991]",0.020975313186645507,3.146296977996826,MinimaxSolutionConcept,1.8749999999999987,0.9793237462657586,0.020978835423787437,0.0012001693303752153,3.1468253135681152,0.18002539955628236,COMPLETE
647,5.817499999999997,2025-06-12 22:58:23.290112,2025-06-12 22:58:26.829870,0 days 00:00:03.539758,50,0.6033948987512515,0.09630582815735252,0.9379690623627154,0.00015058754203009928,122,6471903,5.817499999999997,2.439819409300615,0.3817499999999999,0.3064207687151771,120.0,4,7.869999999999997,"[0.5169999999999999, 0.2699999999999999]",6471903,"[5.169999999999999, 2.6999999999999993]",0.026763121287027996,3.2115745544433594,7.799999999999997,"[0.5029999999999999, 0.27699999999999986]",6472903,"[5.029999999999999, 2.7699999999999987]",0.025058146317799887,3.0069775581359863,5.7399999999999975,"[0.6469999999999999, -0.0730000000000002]",6473903,"[6.469999999999999, -0.730000000000002]",0.02438152631123861,2.925783157348633,1.8599999999999963,"[-0.1400000000000002, 0.3259999999999999]",6474903,"[-1.4000000000000021, 3.259999999999999]",0.02769085963567098,3.3229031562805176,MinimaxSolutionConcept,3.817499999999999,3.0642076871517707,0.025973413387934366,0.0013176758378276282,3.116809606552124,0.15812110053931544,COMPLETE
648,7.217499999999998,2025-06-12 22:58:26.848613,2025-06-12 22:58:36.023036,0 days 00:00:09.174423,48,0.8708461082458931,0.08316477685999392,0.9963202248588238,0.00018373279482871156,424,6481906,7.217499999999998,3.147136595383176,0.41349999999999987,0.1769385486546106,420.0,4,8.869999999999997,"[0.3089999999999999, 0.5779999999999998]",6481906,"[3.089999999999999, 5.7799999999999985]",0.02001478728793916,8.406210660934448,3.809999999999997,"[0.23399999999999985, 0.14699999999999988]",6482906,"[2.3399999999999985, 1.4699999999999989]",0.019568248022170293,8.218664169311523,4.649999999999997,"[0.41099999999999975, 0.05399999999999984]",6483906,"[4.109999999999998, 0.5399999999999984]",0.021345915113176617,8.96528434753418,11.54,"[0.6999999999999998, 0.45399999999999985]",6484906,"[6.999999999999998, 4.539999999999998]",0.019784443151383172,8.309466123580933,MinimaxSolutionConcept,4.134999999999998,1.7693854865461056,0.02017834839366731,0.0006923416936405867,8.474906325340271,0.2907835113290464,COMPLETE
649,6.624999999999997,2025-06-12 22:58:36.038560,2025-06-12 22:58:38.444652,0 days 00:00:02.406092,46,0.9889498880804557,0.09390113649360393,0.9816285256790359,0.0002456468004187641,108,6491916,6.624999999999997,2.469873478540957,0.2854999999999998,0.14620277015159458,100.0,4,10.57,"[0.46599999999999986, 0.591]",6491916,"[4.659999999999998, 5.91]",0.02016676664352417,2.016676664352417,6.089999999999996,"[0.28499999999999986, 0.32399999999999984]",6492916,"[2.8499999999999988, 3.2399999999999984]",0.021242990493774414,2.1242990493774414,6.089999999999997,"[0.33099999999999985, 0.2779999999999999]",6493916,"[3.3099999999999987, 2.7799999999999994]",0.02164301872253418,2.164301872253418,3.7499999999999973,"[0.05999999999999985, 0.31499999999999984]",6494916,"[0.5999999999999985, 3.1499999999999986]",0.020632011890411375,2.0632011890411377,MinimaxSolutionConcept,2.8549999999999986,1.462027701515946,0.020921196937561035,0.0005651041590135769,2.0921196937561035,0.05651041590135775,COMPLETE
650,7.419999999999998,2025-06-12 22:58:38.460446,2025-06-12 22:58:44.340500,0 days 00:00:05.880054,44,0.8337409491675988,0.07974015127186235,0.9183471707362196,0.00011627571522737205,286,6501918,7.419999999999998,0.8949022292965865,0.4462499999999999,0.06179148404108773,280.0,4,8.839999999999998,"[0.5319999999999999, 0.3519999999999999]",6501918,"[5.319999999999999, 3.519999999999999]",0.019665437936782836,5.506322622299194,6.889999999999998,"[0.4309999999999999, 0.2579999999999999]",6502918,"[4.309999999999999, 2.579999999999999]",0.02032698222569057,5.691555023193359,7.479999999999998,"[0.35999999999999993, 0.3879999999999999]",6503918,"[3.599999999999999, 3.879999999999999]",0.01743792806352888,4.882619857788086,6.469999999999998,"[0.4619999999999999, 0.18499999999999991]",6504918,"[4.619999999999999, 1.8499999999999992]",0.01920661245073591,5.377851486206055,MinimaxSolutionConcept,4.4624999999999995,0.6179148404108774,0.01915924016918455,0.0010706326620964052,5.364587247371674,0.2997771453869934,COMPLETE
651,7.202499999999999,2025-06-12 22:58:47.421481,2025-06-12 22:58:50.407343,0 days 00:00:02.985862,40,0.8950289760512663,0.04597583131443574,0.9725359593196737,0.008741185813033231,146,6511927,7.202499999999999,1.109264959331178,0.37524999999999986,0.1682132203484613,140.0,4,6.949999999999999,"[0.2219999999999999, 0.47299999999999986]",6511927,"[2.219999999999999, 4.729999999999999]",0.019523019450051443,2.733222723007202,7.309999999999999,"[0.6139999999999999, 0.11699999999999988]",6512927,"[6.139999999999999, 1.1699999999999988]",0.019932751996176584,2.7905852794647217,5.719999999999998,"[0.2119999999999999, 0.35999999999999993]",6513927,"[2.119999999999999, 3.599999999999999]",0.01884012392589024,2.637617349624634,8.829999999999998,"[0.45299999999999996, 0.4299999999999999]",6514927,"[4.529999999999999, 4.299999999999999]",0.019073687280927384,2.670316219329834,MinimaxSolutionConcept,3.752499999999999,1.6821322034846131,0.019342395663261413,0.0004200079300042578,2.707935392856598,0.05880111020059597,COMPLETE
652,8.0575,2025-06-12 22:58:50.422925,2025-06-12 22:58:55.714573,0 days 00:00:05.291648,47,0.9093319972656732,0.05667135523688562,0.9759463277171128,0.026807279506065994,256,6521930,8.0575,3.0664749713637,0.40474999999999994,0.13712106876771352,250.0,4,12.83,"[0.607, 0.6759999999999999]",6521930,"[6.07, 6.76]",0.01853975009918213,4.634937524795532,8.62,"[0.445, 0.4169999999999999]",6522930,"[4.45, 4.169999999999999]",0.019959970474243163,4.989992618560791,5.009999999999997,"[0.24299999999999983, 0.2579999999999999]",6523930,"[2.4299999999999984, 2.579999999999999]",0.02045787239074707,5.114468097686768,5.769999999999998,"[0.32399999999999984, 0.2529999999999999]",6524930,"[3.2399999999999984, 2.529999999999999]",0.018678871154785157,4.669717788696289,MinimaxSolutionConcept,4.047499999999999,1.3712106876771353,0.01940911602973938,0.0008204244667235134,4.852279007434845,0.20510611668087855,COMPLETE
653,6.007499999999998,2025-06-12 22:58:55.729758,2025-06-12 22:58:59.936756,0 days 00:00:04.206998,49,0.6417457698370317,0.09913289069314299,0.9778873298412261,0.07207058959417573,178,6531935,6.007499999999998,2.3619523174695973,0.2657499999999999,0.05908627167117588,170.0,4,9.349999999999998,"[0.3299999999999999, 0.6049999999999998]",6531935,"[3.299999999999999, 6.049999999999997]",0.02281785011291504,3.8790345191955566,6.049999999999998,"[0.3079999999999999, 0.2969999999999998]",6532935,"[3.0799999999999987, 2.969999999999998]",0.02361414993510527,4.0144054889678955,5.959999999999998,"[0.17799999999999988, 0.418]",6533935,"[1.779999999999999, 4.18]",0.023650831334731157,4.020641326904297,2.6699999999999973,"[0.2469999999999999, 0.01999999999999985]",6534935,"[2.469999999999999, 0.1999999999999985]",0.0224503895815681,3.816566228866577,MinimaxSolutionConcept,2.657499999999999,0.5908627167117587,0.023133305241079892,0.0005159773767507216,3.9326618909835815,0.08771615404762269,COMPLETE
654,7.572499999999997,2025-06-12 22:58:59.952552,2025-06-12 22:59:03.689977,0 days 00:00:03.737425,49,0.8862950055943416,0.08735299098791649,0.9534749827745606,0.0006082878198552487,169,6541940,7.572499999999997,3.868096269484512,0.3837499999999998,0.32316820310791716,160.0,4,6.479999999999997,"[0.31099999999999983, 0.33699999999999986]",6541940,"[3.1099999999999985, 3.3699999999999983]",0.02170417606830597,3.472668170928955,10.379999999999999,"[0.7609999999999999, 0.2769999999999998]",6542940,"[7.609999999999999, 2.769999999999998]",0.0207417830824852,3.318685293197632,1.749999999999997,"[-0.10300000000000016, 0.27799999999999986]",6543940,"[-1.0300000000000016, 2.7799999999999985]",0.02198445051908493,3.517512083053589,11.679999999999996,"[0.5659999999999998, 0.6019999999999999]",6544940,"[5.659999999999998, 6.019999999999999]",0.018811723589897154,3.009875774383545,MinimaxSolutionConcept,3.837499999999999,3.231682031079172,0.020810533314943314,0.0012426429378767066,3.32968533039093,0.1988228700602729,COMPLETE
655,5.579999999999998,2025-06-12 22:59:03.705469,2025-06-12 22:59:07.426023,0 days 00:00:03.720554,48,0.8490105120524725,0.0387289677235782,0.9793683776733768,0.00013384285209486609,141,6551943,5.579999999999998,2.9260126452221638,0.42924999999999996,0.14173809473814727,140.0,4,8.68,"[0.45199999999999996, 0.4159999999999998]",6551943,"[4.52, 4.159999999999998]",0.022457027435302736,3.143983840942383,8.289999999999997,"[0.575, 0.2539999999999999]",6552943,"[5.75, 2.539999999999999]",0.023959503855024065,3.354330539703369,3.1299999999999977,"[0.49399999999999994, -0.1810000000000002]",6553943,"[4.9399999999999995, -1.8100000000000018]",0.02495018754686628,3.4930262565612793,2.219999999999997,"[0.19599999999999987, 0.02599999999999982]",6554943,"[1.9599999999999986, 0.2599999999999982]",0.024131066458565848,3.3783493041992188,MinimaxSolutionConcept,4.2924999999999995,1.417380947381473,0.023874446323939733,0.000899914462832181,3.3424224853515625,0.12598802479650542,COMPLETE
