number,value,datetime_start,datetime_complete,duration,params_episode_length,params_epsilon_max,params_epsilon_min,params_gamma,params_learning_rate,params_num_episodes,user_attrs_base_seed,user_attrs_collective_reward_mean,user_attrs_collective_reward_std,user_attrs_individual_reward_agent0_mean,user_attrs_individual_reward_agent0_std,user_attrs_num_episodes_mean,user_attrs_num_parallel_runs,user_attrs_run_0_collective_reward,user_attrs_run_0_individual_rewards,user_attrs_run_0_seed,user_attrs_run_0_total_individual_rewards,user_attrs_run_0_training_time_per_episode,user_attrs_run_0_training_time_total,user_attrs_run_1_collective_reward,user_attrs_run_1_individual_rewards,user_attrs_run_1_seed,user_attrs_run_1_total_individual_rewards,user_attrs_run_1_training_time_per_episode,user_attrs_run_1_training_time_total,user_attrs_run_2_collective_reward,user_attrs_run_2_individual_rewards,user_attrs_run_2_seed,user_attrs_run_2_total_individual_rewards,user_attrs_run_2_training_time_per_episode,user_attrs_run_2_training_time_total,user_attrs_run_3_collective_reward,user_attrs_run_3_individual_rewards,user_attrs_run_3_seed,user_attrs_run_3_total_individual_rewards,user_attrs_run_3_training_time_per_episode,user_attrs_run_3_training_time_total,user_attrs_solution_concept,user_attrs_total_individual_reward_agent0_mean,user_attrs_total_individual_reward_agent0_std,user_attrs_training_time_per_episode_mean,user_attrs_training_time_per_episode_std,user_attrs_training_time_total_mean,user_attrs_training_time_total_std,state
191,6.2174999999999985,2025-06-12 18:26:39.435418,2025-06-12 18:27:10.898466,0 days 00:00:31.463048,36,0.5745901529879712,0.12456278454140104,0.907986548662857,0.005530889660702417,490,1915599,6.2174999999999985,2.101777521527909,0.78575,0.04832895095075001,490.0,4,4.749999999999998,"[0.712, -0.23700000000000015]",1915599,"[7.119999999999999, -2.3700000000000014]",0.05518098120786706,27.03868079185486,5.509999999999998,"[0.7729999999999999, -0.22200000000000011]",1916599,"[7.729999999999999, -2.220000000000001]",0.05883810130917296,28.83066964149475,9.819999999999999,"[0.829, 0.15299999999999994]",1917599,"[8.29, 1.5299999999999994]",0.05230752643273801,25.630687952041626,4.789999999999998,"[0.829, -0.35000000000000014]",1918599,"[8.29, -3.5000000000000013]",0.06372972069954386,31.22756314277649,ParetoSolutionConcept,7.857499999999999,0.48328950950750005,0.05751408241233047,0.004270209940845051,28.18190038204193,2.092402871014075,COMPLETE
192,9.79,2025-06-12 18:27:10.912913,2025-06-12 18:27:38.492548,0 days 00:00:27.579635,35,0.5416340122721671,0.14098175376833885,0.9125019470032861,0.007691612884359114,482,1925630,9.79,3.7830873635167355,0.8134999999999999,0.1061001885012463,480.0,4,15.23,"[0.9690000000000001, 0.554]",1925630,"[9.690000000000001, 5.540000000000001]",0.046305568516254426,22.226672887802124,6.209999999999998,"[0.716, -0.09500000000000011]",1926630,"[7.16, -0.9500000000000011]",0.05214165101448695,25.027992486953735,11.420000000000002,"[0.8539999999999999, 0.2879999999999999]",1927630,"[8.54, 2.879999999999999]",0.04528967837492625,21.7390456199646,6.3,"[0.7150000000000001, -0.08500000000000008]",1928630,"[7.15, -0.8500000000000008]",0.057076914608478545,27.396919012069702,ParetoSolutionConcept,8.135,1.0610018850124634,0.050203453128536545,0.004752361795497917,24.09765750169754,2.281133661839,COMPLETE
193,6.879999999999999,2025-06-12 18:27:38.552624,2025-06-12 18:28:02.101931,0 days 00:00:23.549307,37,0.5870118884060957,0.13158398342995295,0.907502026299267,0.006751332501592122,368,1935658,6.879999999999999,1.6726476018576057,0.7585,0.0946216148667946,360.0,4,7.069999999999998,"[0.8160000000000001, -0.10900000000000012]",1935658,"[8.16, -1.0900000000000012]",0.0632299350367652,22.762776613235474,8.599999999999998,"[0.6939999999999998, 0.16599999999999995]",1936658,"[6.939999999999999, 1.6599999999999995]",0.059924495882458156,21.572818517684937,4.139999999999999,"[0.643, -0.22900000000000018]",1937658,"[6.43, -2.290000000000002]",0.060593935516145496,21.813816785812378,7.71,"[0.881, -0.11000000000000013]",1938658,"[8.81, -1.1000000000000012]",0.06490973830223083,23.3675057888031,ParetoSolutionConcept,7.584999999999999,0.9462161486679462,0.062164526184399924,0.002009712441831491,22.379229426383972,0.7234964790593372,COMPLETE
194,7.9925,2025-06-12 18:28:02.117202,2025-06-12 18:28:30.310012,0 days 00:00:28.192810,39,0.6096873782883937,0.12035639860237603,0.9428834638612338,0.008657176898540809,444,1945682,7.9925,1.1821881195478163,0.75075,0.23573647893357538,440.0,4,8.159999999999998,"[0.649, 0.16699999999999987]",1945682,"[6.49, 1.6699999999999986]",0.06061945340850137,26.6725594997406,7.38,"[0.9800000000000001, -0.24200000000000021]",1946682,"[9.8, -2.420000000000002]",0.049514325640418314,21.786303281784058,9.81,"[0.9620000000000001, 0.018999999999999878]",1947682,"[9.620000000000001, 0.18999999999999878]",0.057967783646150066,25.50582480430603,6.619999999999997,"[0.4119999999999999, 0.24999999999999986]",1948682,"[4.119999999999999, 2.4999999999999987]",0.06366608088666742,28.013075590133667,ParetoSolutionConcept,7.5075,2.3573647893357537,0.057941910895434295,0.005266882821641463,25.49444079399109,2.317428441522244,COMPLETE
195,8.61,2025-06-12 18:28:30.324195,2025-06-12 18:28:59.187993,0 days 00:00:28.863798,37,0.6898737365120807,0.10955049801183628,0.9241873998447732,0.0008338976212465678,463,1955710,8.61,3.0378199419978804,0.7482499999999999,0.212617467532656,460.0,4,13.66,"[0.9460000000000001, 0.41999999999999993]",1955710,"[9.46, 4.199999999999999]",0.054866255366283916,25.2384774684906,8.099999999999998,"[0.4339999999999999, 0.376]",1956710,"[4.339999999999999, 3.76]",0.05951592455739561,27.377325296401978,5.689999999999998,"[0.6719999999999999, -0.10300000000000012]",1957710,"[6.719999999999999, -1.0300000000000011]",0.060740814001663875,27.94077444076538,6.989999999999998,"[0.9410000000000001, -0.24200000000000021]",1958710,"[9.41, -2.420000000000002]",0.062331848040870996,28.67265009880066,ParetoSolutionConcept,7.4825,2.1261746753265602,0.059363710491553597,0.0027819294704791056,27.307306826114655,1.279687556420389,COMPLETE
196,10.17,2025-06-12 18:29:00.120376,2025-06-12 18:29:24.772099,0 days 00:00:24.651723,35,0.5206775573310789,0.11352516985444226,0.9509415994299099,0.0058926618665102225,392,1965740,10.17,1.1012492905786593,0.8890000000000001,0.11351872092302662,390.0,4,10.079999999999998,"[0.9650000000000001, 0.042999999999999906]",1965740,"[9.65, 0.42999999999999905]",0.058094650048476,22.65691351890564,10.41,"[0.9800000000000001, 0.06099999999999992]",1966740,"[9.8, 0.6099999999999992]",0.0515718019925631,20.11300277709961,8.549999999999999,"[0.6970000000000001, 0.15799999999999997]",1967740,"[6.970000000000001, 1.5799999999999996]",0.06269253156124018,24.450087308883667,11.639999999999999,"[0.914, 0.24999999999999983]",1968740,"[9.14, 2.4999999999999982]",0.06076452670953213,23.69816541671753,ParetoSolutionConcept,8.89,1.1351872092302662,0.05828087757795285,0.0042034979416034355,22.72954225540161,1.6393641972253394,COMPLETE
197,10.325,2025-06-12 18:29:24.788592,2025-06-12 18:29:50.187525,0 days 00:00:25.398933,36,0.8479724334578554,0.12993453361275714,0.9394948490795855,0.007235853915187576,473,1975764,10.325,0.30809901006007756,0.882,0.06536436337944401,470.0,4,10.639999999999999,"[0.9400000000000001, 0.12399999999999989]",1975764,"[9.4, 1.2399999999999989]",0.05363530199578468,25.2085919380188,10.549999999999999,"[0.791, 0.2639999999999999]",1976764,"[7.91, 2.639999999999999]",0.052006007762665445,24.44282364845276,10.26,"[0.849, 0.1769999999999999]",1977764,"[8.49, 1.7699999999999991]",0.04778872956620886,22.460702896118164,9.85,"[0.9480000000000001, 0.03699999999999991]",1978764,"[9.48, 0.3699999999999991]",0.05246401796949671,24.658088445663452,ParetoSolutionConcept,8.82,0.6536436337944401,0.05147351432353892,0.0022088238602870846,24.192551732063293,1.0381472143349295,COMPLETE
198,8.575,2025-06-12 18:29:50.205415,2025-06-12 18:30:20.677125,0 days 00:00:30.471710,38,0.8436677951410403,0.12806667275946956,0.9570871876540357,0.004967273813373109,472,1985790,8.575,2.3757682967831695,0.8162499999999999,0.09659289570149554,470.0,4,6.89,"[0.6759999999999999, 0.01299999999999989]",1985790,"[6.76, 0.1299999999999989]",0.06432140532960283,30.23106050491333,11.950000000000001,"[0.9489999999999998, 0.24599999999999994]",1986790,"[9.489999999999998, 2.4599999999999995]",0.05990772805315383,28.1566321849823,5.869999999999998,"[0.82, -0.23300000000000015]",1987790,"[8.2, -2.3300000000000014]",0.06388550261233715,30.026186227798462,9.589999999999996,"[0.82, 0.13899999999999993]",1988790,"[8.2, 1.3899999999999992]",0.05933162252953712,27.885862588882446,ParetoSolutionConcept,8.1625,0.9659289570149552,0.06186156463115773,0.0022563923431268545,29.074935376644135,1.0605044012696225,COMPLETE
199,8.399999999999999,2025-06-12 18:30:20.691685,2025-06-12 18:30:49.683952,0 days 00:00:28.992267,36,0.851521866284104,0.11637339610703215,0.9465651833459406,0.007379300550840843,482,1995820,8.399999999999999,1.4099822693920654,0.7565,0.12186160182764709,480.0,4,8.169999999999998,"[0.5459999999999999, 0.27099999999999996]",1995820,"[5.459999999999999, 2.7099999999999995]",0.059030828376611076,28.334797620773315,7.159999999999999,"[0.829, -0.11300000000000013]",1996820,"[8.29, -1.1300000000000012]",0.059913511574268344,28.758485555648804,7.509999999999999,"[0.8379999999999999, -0.08700000000000012]",1997820,"[8.379999999999999, -0.8700000000000012]",0.058217641711235044,27.944468021392822,10.759999999999998,"[0.813, 0.26299999999999996]",1998820,"[8.129999999999999, 2.6299999999999994]",0.05166468620300293,24.799049377441406,ParetoSolutionConcept,7.564999999999999,1.218616018276471,0.057206666966279344,0.0032553875843824905,27.459200143814087,1.5625860405035947,COMPLETE
200,9.367499999999998,2025-06-12 18:30:49.698431,2025-06-12 18:31:17.514759,0 days 00:00:27.816328,39,0.8289320821520576,0.12028751239448679,0.9541851153253245,0.01032029481804694,457,2005849,9.367499999999998,0.8073529277831347,0.81775,0.10056434507319187,450.0,4,8.249999999999998,"[0.835, -0.010000000000000125]",2005849,"[8.35, -0.10000000000000125]",0.06114369180467394,27.51466131210327,9.079999999999998,"[0.6639999999999999, 0.2439999999999999]",2006849,"[6.639999999999999, 2.439999999999999]",0.05874926143222385,26.437167644500732,10.449999999999998,"[0.9460000000000001, 0.09899999999999991]",2007849,"[9.46, 0.9899999999999991]",0.06131165398491754,27.59024429321289,9.689999999999998,"[0.826, 0.14299999999999993]",2008849,"[8.26, 1.4299999999999993]",0.05743757194942898,25.846907377243042,ParetoSolutionConcept,8.1775,1.005643450731919,0.05966054479281108,0.001635384683243794,26.847245156764984,0.7359231074597065,COMPLETE
201,8.737499999999999,2025-06-12 18:31:18.495551,2025-06-12 18:31:45.520712,0 days 00:00:27.025161,35,0.835454927045019,0.14541622723003622,0.9395472846975517,0.008690683758911985,470,2015878,8.737499999999999,1.7085282409137998,0.8385,0.1255995621011475,470.0,4,6.289999999999998,"[0.7180000000000001, -0.0890000000000001]",2015878,"[7.180000000000001, -0.890000000000001]",0.05343126439033671,25.112694263458252,8.61,"[0.969, -0.1080000000000001]",2016878,"[9.69, -1.080000000000001]",0.05519186080770289,25.94017457962036,8.94,"[0.708, 0.1859999999999999]",2017878,"[7.08, 1.859999999999999]",0.05639295020002,26.5046865940094,11.110000000000001,"[0.9590000000000002, 0.1519999999999999]",2018878,"[9.590000000000002, 1.5199999999999991]",0.057089059403602115,26.831857919692993,ParetoSolutionConcept,8.385000000000002,1.2559956210114749,0.05552628370041543,0.0013869321631554679,26.09735333919525,0.6518581166830698,COMPLETE
202,8.234999999999998,2025-06-12 18:31:45.535351,2025-06-12 18:32:17.937358,0 days 00:00:32.402007,34,0.7271974905114066,0.13745630161736622,0.9442524102158141,0.00721751951442117,493,2025905,8.234999999999998,2.5079124785366815,0.75725,0.15144532841920216,490.0,4,9.919999999999998,"[0.835, 0.15699999999999995]",2025905,"[8.35, 1.5699999999999994]",0.06568865192179778,32.18743944168091,11.229999999999999,"[0.962, 0.16099999999999995]",2026905,"[9.62, 1.6099999999999994]",0.05758524768206538,28.216771364212036,4.799999999999998,"[0.572, -0.09200000000000011]",2027905,"[5.72, -0.920000000000001]",0.06243276206814513,30.592053413391113,6.9899999999999975,"[0.6599999999999999, 0.03899999999999992]",2028905,"[6.6, 0.3899999999999992]",0.06527646852999318,31.985469579696655,ParetoSolutionConcept,7.5725,1.5144532841920215,0.06274578255050037,0.003232412164855725,30.745433449745178,1.5838819607793047,COMPLETE
203,9.3825,2025-06-12 18:32:17.959385,2025-06-12 18:32:44.427577,0 days 00:00:26.468192,26,0.5550609071187613,0.1315128649756076,0.9406695867056918,0.004055262499983255,488,2035938,9.3825,1.8598706272211516,0.8390000000000001,0.09829801625668752,480.0,4,12.02,"[0.9880000000000001, 0.21399999999999997]",2035938,"[9.88, 2.1399999999999997]",0.04623856395483017,22.19451069831848,10.18,"[0.8010000000000002, 0.217]",2036938,"[8.010000000000002, 2.17]",0.05166836927334468,24.800817251205444,7.25,"[0.85, -0.12500000000000003]",2037938,"[8.5, -1.2500000000000002]",0.048847283919652304,23.446696281433105,8.08,"[0.717, 0.09099999999999997]",2038938,"[7.17, 0.9099999999999997]",0.054687999685605365,26.250239849090576,ParetoSolutionConcept,8.39,0.9829801625668751,0.05036055420835813,0.0031511091388435213,24.173066020011902,1.5125323866448905,COMPLETE
204,8.837499999999999,2025-06-12 18:32:44.442443,2025-06-12 18:33:09.244986,0 days 00:00:24.802543,37,0.8657759102861988,0.12523321670586005,0.9365403992699105,0.006427254097950661,376,2045964,8.837499999999999,2.466580375742904,0.6924999999999999,0.15962534259947575,370.0,4,11.28,"[0.961, 0.16699999999999993]",2045964,"[9.61, 1.6699999999999993]",0.05752316809989311,21.28357219696045,9.34,"[0.665, 0.26899999999999985]",2046964,"[6.65, 2.6899999999999986]",0.06357843618135195,23.52402138710022,9.989999999999998,"[0.5759999999999998, 0.4229999999999999]",2047964,"[5.759999999999998, 4.229999999999999]",0.05963494004429998,22.06492781639099,4.739999999999997,"[0.5679999999999998, -0.09400000000000013]",2048964,"[5.679999999999998, -0.9400000000000013]",0.06651937381641285,24.612168312072754,ParetoSolutionConcept,6.924999999999999,1.5962534259947578,0.06181397953548947,0.003478983992277148,22.871172428131104,1.287224077142545,COMPLETE
205,9.4275,2025-06-12 18:33:09.259958,2025-06-12 18:33:39.849899,0 days 00:00:30.589941,36,0.5716542113297786,0.13403373847449204,0.9477445407233913,0.0055581341557953854,476,2055989,9.4275,0.5353211652830476,0.82125,0.021299941314473166,470.0,4,9.84,"[0.8220000000000001, 0.16199999999999995]",2055989,"[8.22, 1.6199999999999994]",0.060255805989529225,28.320228815078735,10.02,"[0.8280000000000001, 0.17399999999999993]",2056989,"[8.280000000000001, 1.7399999999999993]",0.06465748573871369,30.389018297195435,8.68,"[0.8470000000000001, 0.020999999999999925]",2057989,"[8.47, 0.20999999999999924]",0.0634851577434134,29.838024139404297,9.17,"[0.788, 0.12899999999999992]",2058989,"[7.880000000000001, 1.2899999999999991]",0.060862801937346764,28.60551691055298,ParetoSolutionConcept,8.2125,0.21299941314473145,0.06231531285225077,0.001816980144014634,29.28819704055786,0.8539806676868783,COMPLETE
206,8.18,2025-06-12 18:33:40.931001,2025-06-12 18:34:05.707050,0 days 00:00:24.776049,28,0.5917669142085507,0.13985484435491444,0.9416790667777708,0.0006630954169880577,449,2066021,8.18,3.441714688930505,0.5872499999999999,0.15534055330144797,440.0,4,9.34,"[0.722, 0.21199999999999997]",2066021,"[7.22, 2.1199999999999997]",0.04881430647589944,21.478294849395752,12.68,"[0.728, 0.54]",2067021,"[7.279999999999999, 5.4]",0.04881356629458341,21.4779691696167,7.56,"[0.5509999999999999, 0.205]",2068021,"[5.51, 2.05]",0.052365961941805754,23.04102325439453,3.1399999999999997,"[0.348, -0.034000000000000044]",2069021,"[3.4799999999999995, -0.3400000000000004]",0.05572132793339816,24.51738429069519,ParetoSolutionConcept,5.8725,1.5534055330144798,0.05142879066142169,0.0028713712876139216,22.628667891025543,1.2634033665501263,COMPLETE
207,8.93,2025-06-12 18:34:05.721808,2025-06-12 18:34:34.121137,0 days 00:00:28.399329,35,0.5351679344343724,0.1289760153376266,0.9097072280909279,0.009500645639372056,464,2076045,8.93,1.7966774891448942,0.7289999999999999,0.18825381802237107,460.0,4,11.379999999999999,"[0.702, 0.43599999999999994]",2076045,"[7.02, 4.359999999999999]",0.0511971986812094,23.550711393356323,7.289999999999999,"[0.44499999999999995, 0.2839999999999999]",2077045,"[4.449999999999999, 2.839999999999999]",0.05996305268743764,27.583004236221313,7.129999999999997,"[0.807, -0.09400000000000011]",2078045,"[8.07, -0.9400000000000011]",0.061226330632748814,28.164112091064453,9.92,"[0.962, 0.02999999999999991]",2079045,"[9.62, 0.2999999999999991]",0.05162407470786053,23.747074365615845,ParetoSolutionConcept,7.289999999999999,1.8825381802237109,0.0560026641773141,0.004616164879123547,25.761225521564484,2.1234358443968318,COMPLETE
208,6.1125,2025-06-12 18:34:34.136264,2025-06-12 18:35:04.137674,0 days 00:00:30.001410,34,0.7673983636207284,0.1544359358627749,0.9386053390086252,0.007954367580487516,484,2086074,6.1125,0.8652853575555293,0.757,0.13980522164783407,480.0,4,7.26,"[0.933, -0.20700000000000013]",2086074,"[9.33, -2.070000000000001]",0.06212417781352997,29.819605350494385,4.829999999999999,"[0.6880000000000001, -0.20500000000000013]",2087074,"[6.880000000000001, -2.050000000000001]",0.05817326207955678,27.923165798187256,6.069999999999999,"[0.568, 0.03899999999999992]",2088074,"[5.68, 0.3899999999999992]",0.05736142198244731,27.533482551574707,6.289999999999999,"[0.8390000000000001, -0.2100000000000001]",2089074,"[8.39, -2.100000000000001]",0.05905522853136062,28.3465096950531,ParetoSolutionConcept,7.57,1.3980522164783404,0.05917852260172367,0.0018030868970067752,28.405690848827362,0.865481710563252,COMPLETE
209,7.847499999999998,2025-06-12 18:35:04.152238,2025-06-12 18:35:34.523033,0 days 00:00:30.370795,36,0.5108296529287301,0.12419592018385837,0.9519928547554649,0.006715486786125236,492,2096104,7.847499999999998,2.9356036432052606,0.6205,0.21469687934387868,490.0,4,10.919999999999998,"[0.57, 0.5219999999999999]",2096104,"[5.699999999999999, 5.219999999999999]",0.06003189865423709,29.415630340576172,9.95,"[0.8139999999999998, 0.18099999999999997]",2097104,"[8.139999999999999, 1.8099999999999996]",0.05623141259563212,27.55339217185974,3.3599999999999985,"[0.2899999999999999, 0.04599999999999992]",2098104,"[2.8999999999999995, 0.45999999999999924]",0.06161151370223688,30.18964171409607,7.159999999999998,"[0.808, -0.09200000000000011]",2099104,"[8.08, -0.920000000000001]",0.056316954748971124,27.59530782699585,ParetoSolutionConcept,6.205,2.146968793438787,0.05854794492526931,0.002341538571213448,28.688493013381958,1.1473538998945885,COMPLETE
210,6.979999999999999,2025-06-12 18:35:34.537350,2025-06-12 18:36:02.374509,0 days 00:00:27.837159,37,0.5202339238916308,0.16881222036118276,0.9491951141596615,0.011213300158471929,478,2106134,6.979999999999999,1.395833084577092,0.8327499999999999,0.004205650960315161,470.0,4,4.709999999999999,"[0.8310000000000001, -0.3600000000000002]",2106134,"[8.31, -3.6000000000000023]",0.05293529490207104,24.87958860397339,7.309999999999998,"[0.8399999999999999, -0.10900000000000012]",2107134,"[8.399999999999999, -1.0900000000000012]",0.051786186340007374,24.339507579803467,8.52,"[0.8299999999999998, 0.021999999999999898]",2108134,"[8.299999999999999, 0.21999999999999897]",0.05278979971053752,24.811205863952637,7.379999999999998,"[0.8299999999999998, -0.09200000000000011]",2109134,"[8.299999999999999, -0.920000000000001]",0.05885379212967893,27.661282300949097,ParetoSolutionConcept,8.327499999999999,0.04205650960315149,0.054091268270573714,0.002785010370565071,25.422896087169647,1.308954874165583,COMPLETE
211,5.867499999999998,2025-06-12 18:36:03.375155,2025-06-12 18:36:30.108251,0 days 00:00:26.733096,35,0.553444574631067,0.1368041311955785,0.9138930254589909,0.04367009685818686,500,2116163,5.867499999999998,3.6207759872712373,0.5489999999999999,0.26881127208508204,500.0,4,1.1899999999999984,"[0.32599999999999996, -0.20700000000000016]",2116163,"[3.26, -2.0700000000000016]",0.04669535779953003,23.347678899765015,5.929999999999998,"[0.31399999999999995, 0.2789999999999999]",2117163,"[3.1399999999999997, 2.789999999999999]",0.053090601444244385,26.545300722122192,5.019999999999998,"[0.5790000000000001, -0.0770000000000001]",2118163,"[5.790000000000001, -0.7700000000000009]",0.050546279907226564,25.27313995361328,11.33,"[0.977, 0.15599999999999994]",2119163,"[9.77, 1.5599999999999994]",0.05172753667831421,25.863768339157104,ParetoSolutionConcept,5.49,2.68811272085082,0.0505149439573288,0.002381943164492756,25.257471978664398,1.1909715822463784,COMPLETE
212,4.935,2025-06-12 18:36:30.123477,2025-06-12 18:36:58.425970,0 days 00:00:28.302493,33,0.564912107916905,0.14282355686258502,0.9202417966781751,0.013172334873163938,500,2126190,4.935,1.6717131931046068,0.6639999999999999,0.10179636535751167,500.0,4,6.539999999999999,"[0.7249999999999999, -0.07100000000000009]",2126190,"[7.249999999999998, -0.7100000000000009]",0.05030971384048462,25.15485692024231,6.149999999999999,"[0.586, 0.028999999999999932]",2127190,"[5.859999999999999, 0.2899999999999993]",0.05624147081375122,28.12073540687561,4.779999999999999,"[0.798, -0.3200000000000002]",2128190,"[7.98, -3.200000000000002]",0.05435533094406128,27.17766547203064,2.2699999999999987,"[0.5469999999999999, -0.3200000000000002]",2129190,"[5.469999999999999, -3.200000000000002]",0.056086272716522216,28.04313635826111,ParetoSolutionConcept,6.639999999999999,1.0179636535751169,0.05424819707870483,0.002391379837876626,27.124098539352417,1.195689918938313,COMPLETE
