number,value,datetime_start,datetime_complete,duration,params_episode_length,params_epsilon_max,params_epsilon_min,params_gamma,params_learning_rate,params_num_episodes,user_attrs_base_seed,user_attrs_collective_reward_mean,user_attrs_collective_reward_std,user_attrs_individual_reward_agent0_mean,user_attrs_individual_reward_agent0_std,user_attrs_num_episodes_mean,user_attrs_num_parallel_runs,user_attrs_run_0_collective_reward,user_attrs_run_0_individual_rewards,user_attrs_run_0_seed,user_attrs_run_0_total_individual_rewards,user_attrs_run_0_training_time_per_episode,user_attrs_run_0_training_time_total,user_attrs_run_1_collective_reward,user_attrs_run_1_individual_rewards,user_attrs_run_1_seed,user_attrs_run_1_total_individual_rewards,user_attrs_run_1_training_time_per_episode,user_attrs_run_1_training_time_total,user_attrs_run_2_collective_reward,user_attrs_run_2_individual_rewards,user_attrs_run_2_seed,user_attrs_run_2_total_individual_rewards,user_attrs_run_2_training_time_per_episode,user_attrs_run_2_training_time_total,user_attrs_run_3_collective_reward,user_attrs_run_3_individual_rewards,user_attrs_run_3_seed,user_attrs_run_3_total_individual_rewards,user_attrs_run_3_training_time_per_episode,user_attrs_run_3_training_time_total,user_attrs_solution_concept,user_attrs_total_individual_reward_agent0_mean,user_attrs_total_individual_reward_agent0_std,user_attrs_training_time_per_episode_mean,user_attrs_training_time_per_episode_std,user_attrs_training_time_total_mean,user_attrs_training_time_total_std,state
59,8.067499999999999,2025-06-12 21:18:55.408147,2025-06-12 21:18:57.869669,0 days 00:00:02.461522,40,0.9147547015786974,0.08525074976038535,0.9804333734729775,0.0017352196157346413,122,595935,8.067499999999999,2.1279376753091244,0.3042499999999999,0.13211808165425348,120.0,4,9.129999999999999,"[0.3219999999999999, 0.591]",595935,"[3.219999999999999, 5.91]",0.019001108407974244,2.280133008956909,8.12,"[0.3279999999999999, 0.4839999999999999]",596935,"[3.279999999999999, 4.839999999999999]",0.018326598405838012,2.1991918087005615,10.37,"[0.46799999999999986, 0.569]",597935,"[4.679999999999999, 5.6899999999999995]",0.018652073542277017,2.238248825073242,4.649999999999999,"[0.09899999999999994, 0.3659999999999999]",598935,"[0.9899999999999993, 3.659999999999999]",0.019273990392684938,2.3128788471221924,MinimaxSolutionConcept,3.0424999999999986,1.321180816542535,0.01881344268719355,0.0003572044117200972,2.2576131224632263,0.04286452940641155,COMPLETE
60,4.1949999999999985,2025-06-12 21:18:57.885024,2025-06-12 21:18:59.991924,0 days 00:00:02.106900,33,0.9734470399353697,0.12988793651166722,0.9790288272958296,0.0015695888896801104,115,605937,4.1949999999999985,1.1085237931591718,0.1982499999999999,0.10890448796996381,110.0,4,3.1499999999999995,"[0.29399999999999993, 0.0209999999999999]",605937,"[2.9399999999999995, 0.20999999999999902]",0.017093322493813255,1.880265474319458,5.869999999999997,"[0.3029999999999998, 0.2839999999999999]",606937,"[3.0299999999999985, 2.839999999999999]",0.016341077197681773,1.7975184917449951,4.519999999999999,"[0.15799999999999992, 0.29399999999999993]",607937,"[1.5799999999999992, 2.9399999999999995]",0.015146949074485085,1.6661643981933594,3.239999999999999,"[0.037999999999999916, 0.2859999999999999]",608937,"[0.37999999999999917, 2.8599999999999994]",0.01663129979913885,1.8294429779052734,MinimaxSolutionConcept,1.982499999999999,1.0890448796996384,0.01630316214127974,0.0007194257975201167,1.7933478355407715,0.07913683772721276,COMPLETE
61,7.474999999999998,2025-06-12 21:19:00.288056,2025-06-12 21:19:03.600057,0 days 00:00:03.312001,40,0.9187336091132647,0.08833337856171519,0.9887835493468858,0.0007896097031039005,174,615940,7.474999999999998,1.4966880102412796,0.37249999999999994,0.11453056360640158,170.0,4,8.27,"[0.3549999999999999, 0.47199999999999986]",615940,"[3.5499999999999994, 4.719999999999999]",0.01830913319307215,3.1125526428222656,5.669999999999999,"[0.1969999999999999, 0.37]",616940,"[1.9699999999999989, 3.7]",0.017696595191955565,3.0084211826324463,9.489999999999998,"[0.5059999999999999, 0.44299999999999995]",617940,"[5.059999999999999, 4.43]",0.018602892931769876,3.162491798400879,6.469999999999997,"[0.43199999999999983, 0.2149999999999999]",618940,"[4.3199999999999985, 2.149999999999999]",0.01798090373768526,3.056753635406494,MinimaxSolutionConcept,3.7249999999999988,1.1453056360640157,0.018147381263620713,0.0003407995802338162,3.0850548148155212,0.05793592863974869,COMPLETE
62,7.149999999999999,2025-06-12 21:19:03.614294,2025-06-12 21:19:06.073637,0 days 00:00:02.459343,38,0.7911759495411937,0.07303189017963682,0.9375682885796157,0.0026097945052809806,126,625943,7.149999999999999,2.1728207473236254,0.23674999999999988,0.07662367453992269,120.0,4,7.299999999999999,"[0.33799999999999986, 0.3919999999999999]",625943,"[3.3799999999999986, 3.919999999999999]",0.018410770098368327,2.209292411804199,7.309999999999998,"[0.21699999999999992, 0.5139999999999999]",626943,"[2.169999999999999, 5.139999999999999]",0.0191558043162028,2.298696517944336,10.059999999999999,"[0.1269999999999999, 0.8790000000000001]",627943,"[1.269999999999999, 8.790000000000001]",0.01797531048456828,2.1570372581481934,3.9299999999999997,"[0.2649999999999999, 0.12799999999999995]",628943,"[2.649999999999999, 1.2799999999999994]",0.018836933374404907,2.260432004928589,MinimaxSolutionConcept,2.367499999999999,0.766236745399227,0.018594704568386078,0.0004446877111508974,2.2313645482063293,0.05336252533810779,COMPLETE
63,4.129999999999999,2025-06-12 21:19:06.090170,2025-06-12 21:19:09.100726,0 days 00:00:03.010556,36,0.8154509270419035,0.05713479522338782,0.9946545307026546,0.0009976625301060646,154,635946,4.129999999999999,1.898091146388919,0.12649999999999992,0.08415907556526511,150.0,4,6.949999999999999,"[0.22399999999999992, 0.4709999999999999]",635946,"[2.2399999999999993, 4.709999999999999]",0.01904857317606608,2.857285976409912,1.6199999999999988,"[0.13999999999999996, 0.021999999999999926]",636946,"[1.3999999999999995, 0.21999999999999925]",0.01739851792653402,2.6097776889801025,4.209999999999998,"[0.1499999999999999, 0.2709999999999999]",637946,"[1.4999999999999991, 2.709999999999999]",0.01812037150065104,2.7180557250976562,3.7399999999999984,"[-0.008000000000000108, 0.3819999999999999]",638946,"[-0.08000000000000107, 3.819999999999999]",0.018470829327901204,2.7706243991851807,MinimaxSolutionConcept,1.2649999999999992,0.8415907556526511,0.018259572982788085,0.0005974829309011915,2.738935947418213,0.08962243963517878,COMPLETE
64,6.744999999999997,2025-06-12 21:19:09.116312,2025-06-12 21:19:13.670716,0 days 00:00:04.554404,45,0.7555059545465475,0.06687294688298237,0.9847527032612875,0.001919439942454296,209,645949,6.744999999999997,2.233724468236851,0.3797499999999999,0.14648101412811154,200.0,4,3.6599999999999975,"[0.16399999999999987, 0.2019999999999999]",645949,"[1.6399999999999988, 2.019999999999999]",0.02140620946884155,4.2812418937683105,9.309999999999999,"[0.5609999999999999, 0.36999999999999983]",646949,"[5.609999999999999, 3.6999999999999984]",0.020607662200927735,4.121532440185547,5.639999999999997,"[0.3429999999999998, 0.22099999999999992]",647949,"[3.429999999999998, 2.209999999999999]",0.01969792127609253,3.939584255218506,8.37,"[0.45099999999999996, 0.38599999999999984]",648949,"[4.51, 3.8599999999999985]",0.022002192735671996,4.400438547134399,MinimaxSolutionConcept,3.797499999999999,1.4648101412811154,0.020928496420383455,0.0008657775863713074,4.185699284076691,0.17315551727426173,COMPLETE
65,10.114999999999998,2025-06-12 21:19:13.684891,2025-06-12 21:19:17.205760,0 days 00:00:03.520869,41,0.8757073435113013,0.08656027842088836,0.9795812971804339,0.02540779846791281,187,655953,10.114999999999998,1.5896933666591186,0.58175,0.13172200841165457,180.0,4,10.799999999999999,"[0.6129999999999999, 0.4669999999999999]",655953,"[6.129999999999999, 4.669999999999999]",0.01706391970316569,3.071505546569824,11.67,"[0.6469999999999999, 0.5199999999999999]",656953,"[6.469999999999999, 5.199999999999999]",0.015734418233235677,2.832195281982422,7.459999999999997,"[0.36099999999999993, 0.3849999999999999]",657953,"[3.6099999999999994, 3.8499999999999988]",0.018747997283935548,3.3746395111083984,10.53,"[0.706, 0.3469999999999999]",658953,"[7.06, 3.4699999999999993]",0.016530179977416994,2.9754323959350586,MinimaxSolutionConcept,5.817499999999999,1.3172200841165458,0.017019128799438475,0.0011045977380038866,3.063443183898926,0.1988275928406996,COMPLETE
66,6.699999999999998,2025-06-12 21:19:17.588218,2025-06-12 21:19:23.949061,0 days 00:00:06.360843,41,0.9380646607460068,0.08723728143824139,0.9802200165703839,0.004110217831383606,359,665957,6.699999999999998,3.814413454254795,0.3422499999999999,0.23902131181131112,350.0,4,1.8199999999999976,"[-0.047000000000000146, 0.22899999999999981]",665957,"[-0.47000000000000147, 2.2899999999999983]",0.017231027739388602,6.030859708786011,4.329999999999998,"[0.3599999999999999, 0.07299999999999986]",666957,"[3.5999999999999988, 0.7299999999999985]",0.01775271688188825,6.213450908660889,9.209999999999999,"[0.59, 0.3309999999999999]",667957,"[5.8999999999999995, 3.309999999999999]",0.016735360281808036,5.8573760986328125,11.439999999999998,"[0.46599999999999986, 0.6779999999999997]",668957,"[4.659999999999998, 6.779999999999998]",0.01665428365979876,5.828999280929565,MinimaxSolutionConcept,3.422499999999999,2.390213118113111,0.017093347140720912,0.0004400726457786152,5.982671499252319,0.15402542602251573,COMPLETE
67,7.437499999999998,2025-06-12 21:19:23.963311,2025-06-12 21:19:27.172731,0 days 00:00:03.209420,36,0.8980581158931557,0.07763527191584518,0.9696172636732092,0.028599689686961326,185,675964,7.437499999999998,1.2309422204149145,0.4684999999999999,0.09961049141531225,180.0,4,7.279999999999999,"[0.36099999999999993, 0.3669999999999999]",675964,"[3.6099999999999994, 3.669999999999999]",0.015658099121517607,2.818457841873169,5.789999999999998,"[0.41999999999999993, 0.1589999999999999]",676964,"[4.199999999999999, 1.589999999999999]",0.01704235739178128,3.06762433052063,7.419999999999998,"[0.46399999999999986, 0.2779999999999999]",677964,"[4.639999999999999, 2.7799999999999994]",0.015876368681589762,2.8577463626861572,9.259999999999998,"[0.6289999999999999, 0.297]",678964,"[6.289999999999999, 2.9699999999999998]",0.015795103708902993,2.843118667602539,MinimaxSolutionConcept,4.684999999999999,0.9961049141531226,0.016092982225947912,0.0005536446420169603,2.896736800670624,0.09965603556305275,COMPLETE
68,5.952499999999999,2025-06-12 21:19:27.186830,2025-06-12 21:19:30.668930,0 days 00:00:03.482100,31,0.8751631904323064,0.1475969709097478,0.9674360418735456,0.024347960105418145,223,685967,5.952499999999999,0.7029358078800649,0.34524999999999995,0.04269879974893907,220.0,4,6.729999999999998,"[0.285, 0.38799999999999996]",685967,"[2.8499999999999996, 3.8799999999999994]",0.014786363731731068,3.253000020980835,5.689999999999999,"[0.3829999999999999, 0.18599999999999992]",686967,"[3.829999999999999, 1.8599999999999992]",0.014946565844795921,3.2882444858551025,4.929999999999999,"[0.32499999999999996, 0.16799999999999993]",687967,"[3.2499999999999996, 1.6799999999999993]",0.014550639282573352,3.2011406421661377,6.459999999999999,"[0.388, 0.2579999999999999]",688967,"[3.88, 2.579999999999999]",0.014148823781446978,3.112741231918335,MinimaxSolutionConcept,3.4524999999999997,0.42698799748939076,0.01460809816013683,0.00030023884871303326,3.2137815952301025,0.06605254671686735,COMPLETE
69,7.892499999999998,2025-06-12 21:19:30.683185,2025-06-12 21:19:33.182948,0 days 00:00:02.499763,38,0.8614001301724135,0.10491148331823714,0.9725267772258855,0.010934254108330226,139,695970,7.892499999999998,1.992415305602725,0.3667499999999999,0.2274075361548073,130.0,4,7.609999999999998,"[0.2749999999999999, 0.48600000000000004]",695970,"[2.749999999999999, 4.86]",0.0175355287698599,2.279618740081787,10.489999999999998,"[0.7579999999999999, 0.2909999999999999]",696970,"[7.579999999999999, 2.9099999999999993]",0.016750667645381048,2.177586793899536,4.949999999999998,"[0.23299999999999996, 0.2619999999999999]",697970,"[2.3299999999999996, 2.619999999999999]",0.01715093759390024,2.2296218872070312,8.519999999999998,"[0.2009999999999999, 0.6509999999999999]",698970,"[2.009999999999999, 6.509999999999999]",0.0172626623740563,2.2441461086273193,MinimaxSolutionConcept,3.6674999999999995,2.274075361548073,0.01717494909579937,0.00028209157286274215,2.2327433824539185,0.036671904472156555,COMPLETE
70,2.8875,2025-06-12 21:19:33.196775,2025-06-12 21:19:35.351616,0 days 00:00:02.154841,10,0.8336696295316316,0.09481163387143009,0.9771480450527376,0.006784834083716102,337,705973,2.8875,2.4164682389801855,0.16900000000000004,0.09136465399704638,330.0,4,2.35,"[0.217, 0.018000000000000023]",705973,"[2.17, 0.18000000000000022]",0.005840555104342374,1.9273831844329834,5.57,"[0.23000000000000004, 0.327]",706973,"[2.3000000000000003, 3.27]",0.00573723316192627,1.893286943435669,-0.7899999999999996,"[0.011000000000000018, -0.08999999999999998]",707973,"[0.11000000000000018, -0.8999999999999998]",0.005712506987831809,1.885127305984497,4.42,"[0.21800000000000005, 0.22400000000000003]",708973,"[2.1800000000000006, 2.24]",0.005717134475708008,1.8866543769836426,MinimaxSolutionConcept,1.6900000000000004,0.9136465399704636,0.005751857432452115,5.204634354119895e-05,1.898112952709198,0.01717529336859567,COMPLETE
71,7.214999999999998,2025-06-12 21:19:35.700508,2025-06-12 21:19:38.943990,0 days 00:00:03.243482,43,0.9704611323089625,0.08363824352064465,0.9817640847808833,0.05323207040436882,165,715975,7.214999999999998,2.1577360821008678,0.37174999999999997,0.12630394886938417,160.0,4,8.27,"[0.497, 0.32999999999999985]",715975,"[4.97, 3.2999999999999985]",0.019075033068656922,3.0520052909851074,7.499999999999998,"[0.45299999999999996, 0.2969999999999999]",716975,"[4.529999999999999, 2.969999999999999]",0.019321471452713013,3.091435432434082,3.6699999999999977,"[0.16799999999999987, 0.1989999999999999]",717975,"[1.6799999999999988, 1.9899999999999989]",0.01931694895029068,3.090711832046509,9.42,"[0.36899999999999994, 0.573]",718975,"[3.6899999999999995, 5.7299999999999995]",0.018366649746894836,2.938663959503174,MinimaxSolutionConcept,3.7175,1.2630394886938416,0.019020025804638862,0.00039017909512635736,3.043204128742218,0.06242865522021718,COMPLETE
72,6.497499999999999,2025-06-12 21:19:38.958423,2025-06-12 21:19:41.263610,0 days 00:00:02.305187,40,0.918605761535499,0.04594586574245245,0.9875506992050488,0.0327590344818968,113,725979,6.497499999999999,2.162109791384333,0.31399999999999995,0.07399662154450026,110.0,4,8.12,"[0.23099999999999993, 0.5809999999999998]",725979,"[2.309999999999999, 5.809999999999999]",0.01960704109885476,2.1567745208740234,5.2399999999999975,"[0.38, 0.1439999999999999]",726979,"[3.8, 1.439999999999999]",0.019397423484108663,2.133716583251953,3.6299999999999972,"[0.3949999999999999, -0.03200000000000013]",727979,"[3.9499999999999993, -0.32000000000000134]",0.018435278805819424,2.0278806686401367,8.999999999999998,"[0.24999999999999992, 0.65]",728979,"[2.499999999999999, 6.5]",0.01900801658630371,2.090881824493408,MinimaxSolutionConcept,3.1399999999999997,0.7399662154450029,0.01911193999377164,0.00044589695149501325,2.1023133993148804,0.04904866466445142,COMPLETE
73,7.342499999999998,2025-06-12 21:19:41.278093,2025-06-12 21:19:43.765551,0 days 00:00:02.487458,45,0.7884295332429094,0.07498437986419954,0.9926126195838788,0.06269369678085703,100,735981,7.342499999999998,1.9717172084251848,0.3024999999999999,0.14336753467922925,100.0,4,10.299999999999999,"[0.5259999999999999, 0.5039999999999999]",735981,"[5.259999999999999, 5.039999999999999]",0.021108872890472412,2.110887289047241,6.229999999999998,"[0.17499999999999988, 0.44799999999999984]",736981,"[1.7499999999999987, 4.479999999999999]",0.022305641174316406,2.2305641174316406,7.809999999999998,"[0.3299999999999999, 0.4509999999999999]",737981,"[3.299999999999999, 4.509999999999999]",0.021138904094696046,2.1138904094696045,5.029999999999996,"[0.17899999999999988, 0.32399999999999984]",738981,"[1.7899999999999987, 3.2399999999999984]",0.02321195840835571,2.3211958408355713,MinimaxSolutionConcept,3.024999999999999,1.4336753467922927,0.021941344141960143,0.0008780790618956651,2.1941344141960144,0.08780790618956658,COMPLETE
74,5.3024999999999975,2025-06-12 21:19:43.779641,2025-06-12 21:19:48.395933,0 days 00:00:04.616292,43,0.7703081292423755,0.0947682582985798,0.9974357036832394,0.08355358359388464,229,745983,5.3024999999999975,2.376156297468666,0.19249999999999987,0.26418412140020836,220.0,4,2.6499999999999977,"[-0.08500000000000016, 0.3499999999999999]",745983,"[-0.8500000000000016, 3.499999999999999]",0.020314257795160467,4.469136714935303,6.439999999999998,"[0.33799999999999986, 0.30599999999999994]",746983,"[3.3799999999999986, 3.0599999999999996]",0.020123615048148417,4.427195310592651,8.619999999999997,"[0.5519999999999999, 0.3099999999999999]",747983,"[5.52, 3.0999999999999988]",0.019715541059320624,4.337419033050537,3.4999999999999973,"[-0.03500000000000014, 0.38499999999999995]",748983,"[-0.3500000000000014, 3.8499999999999996]",0.018978546966205944,4.175280332565308,MinimaxSolutionConcept,1.924999999999999,2.641841214002083,0.019782990217208862,0.0005123350582917251,4.35225784778595,0.11271371282417948,COMPLETE
75,10.059999999999997,2025-06-12 21:19:48.410505,2025-06-12 21:19:51.227794,0 days 00:00:02.817289,46,0.8698333246336305,0.034825331661210684,0.9849045602863442,0.04316022413872115,129,755988,10.059999999999997,1.9017360489826134,0.589,0.1584960567332828,120.0,4,7.1999999999999975,"[0.43599999999999994, 0.2839999999999999]",755988,"[4.359999999999999, 2.839999999999999]",0.020808180173238117,2.496981620788574,10.619999999999997,"[0.7299999999999999, 0.33199999999999985]",756988,"[7.299999999999999, 3.3199999999999985]",0.020807168881098428,2.4968602657318115,9.919999999999998,"[0.426, 0.5659999999999998]",757988,"[4.26, 5.659999999999998]",0.02184285322825114,2.6211423873901367,12.499999999999998,"[0.764, 0.48599999999999993]",758988,"[7.640000000000001, 4.859999999999999]",0.020456109444300333,2.45473313331604,MinimaxSolutionConcept,5.89,1.5849605673328282,0.020978577931722003,0.000519220947013702,2.5174293518066406,0.0623065136416442,COMPLETE
76,6.724999999999998,2025-06-12 21:19:51.589990,2025-06-12 21:19:54.482424,0 days 00:00:02.892434,49,0.8942828626220799,0.03391866912051016,0.9737438565113117,0.041186036658589935,127,765991,6.724999999999998,1.9197070088948471,0.4659999999999999,0.17672011770027773,120.0,4,6.439999999999998,"[0.34399999999999986, 0.2999999999999999]",765991,"[3.4399999999999986, 2.9999999999999987]",0.019795676072438557,2.375481128692627,8.699999999999998,"[0.638, 0.23199999999999985]",766991,"[6.38, 2.3199999999999985]",0.01779457132021586,2.1353485584259033,8.039999999999997,"[0.6399999999999999, 0.16399999999999987]",767991,"[6.399999999999999, 1.6399999999999988]",0.020072795947392783,2.408735513687134,3.719999999999997,"[0.24199999999999985, 0.12999999999999984]",768991,"[2.4199999999999986, 1.2999999999999985]",0.022787692149480183,2.734523057937622,MinimaxSolutionConcept,4.659999999999999,1.7672011770027771,0.020112683872381847,0.0017770340513647267,2.4135220646858215,0.21324408616376717,COMPLETE
77,5.679999999999999,2025-06-12 21:19:54.496680,2025-06-12 21:19:57.136305,0 days 00:00:02.639625,34,0.9110462793670472,0.018092162217607517,0.984388316661666,0.020613460046518137,145,775994,5.679999999999999,3.3386299585308947,0.21874999999999994,0.2085741774525313,140.0,4,3.9799999999999986,"[0.022999999999999902, 0.3749999999999999]",775994,"[0.22999999999999904, 3.749999999999999]",0.016711083480290004,2.3395516872406006,10.85,"[0.479, 0.606]",776994,"[4.79, 6.06]",0.015404651846204485,2.156651258468628,1.8299999999999983,"[0.00499999999999991, 0.17799999999999994]",777994,"[0.0499999999999991, 1.7799999999999994]",0.017540545122964043,2.455676317214966,6.059999999999998,"[0.368, 0.23799999999999993]",778994,"[3.6799999999999997, 2.3799999999999994]",0.01773585421698434,2.4830195903778076,MinimaxSolutionConcept,2.187499999999999,2.0857417745253133,0.01684803366661072,0.0009178648974466246,2.3587247133255005,0.12850108564252746,COMPLETE
78,6.039999999999998,2025-06-12 21:19:57.150415,2025-06-12 21:20:04.865080,0 days 00:00:07.714665,39,0.9402106683047953,0.11483822394372528,0.9794768789048384,0.06702133913896782,444,785997,6.039999999999998,2.7225447654721866,0.3002499999999999,0.20032021241003115,440.0,4,7.369999999999999,"[0.4839999999999999, 0.25299999999999995]",785997,"[4.839999999999999, 2.5299999999999994]",0.016128273443742232,7.096440315246582,9.86,"[0.47199999999999986, 0.514]",786997,"[4.719999999999999, 5.140000000000001]",0.01628427505493164,7.165081024169922,3.3499999999999974,"[0.2529999999999999, 0.08199999999999988]",787997,"[2.529999999999999, 0.8199999999999987]",0.017045794291929765,7.500149488449097,3.5799999999999983,"[-0.008000000000000096, 0.3659999999999999]",788997,"[-0.08000000000000096, 3.659999999999999]",0.017181176489049738,7.559717655181885,MinimaxSolutionConcept,3.0024999999999995,2.0032021241003113,0.016659879819913345,0.000459446535417113,7.330347120761871,0.20215647558352984,COMPLETE
