number,value,datetime_start,datetime_complete,duration,params_episode_length,params_epsilon_max,params_epsilon_min,params_gamma,params_learning_rate,params_num_episodes,user_attrs_base_seed,user_attrs_collective_reward_mean,user_attrs_collective_reward_std,user_attrs_individual_reward_agent0_mean,user_attrs_individual_reward_agent0_std,user_attrs_num_episodes_mean,user_attrs_num_parallel_runs,user_attrs_run_0_collective_reward,user_attrs_run_0_individual_rewards,user_attrs_run_0_seed,user_attrs_run_0_total_individual_rewards,user_attrs_run_0_training_time_per_episode,user_attrs_run_0_training_time_total,user_attrs_run_1_collective_reward,user_attrs_run_1_individual_rewards,user_attrs_run_1_seed,user_attrs_run_1_total_individual_rewards,user_attrs_run_1_training_time_per_episode,user_attrs_run_1_training_time_total,user_attrs_run_2_collective_reward,user_attrs_run_2_individual_rewards,user_attrs_run_2_seed,user_attrs_run_2_total_individual_rewards,user_attrs_run_2_training_time_per_episode,user_attrs_run_2_training_time_total,user_attrs_run_3_collective_reward,user_attrs_run_3_individual_rewards,user_attrs_run_3_seed,user_attrs_run_3_total_individual_rewards,user_attrs_run_3_training_time_per_episode,user_attrs_run_3_training_time_total,user_attrs_solution_concept,user_attrs_total_individual_reward_agent0_mean,user_attrs_total_individual_reward_agent0_std,user_attrs_training_time_per_episode_mean,user_attrs_training_time_per_episode_std,user_attrs_training_time_total_mean,user_attrs_training_time_total_std,state
359,7.242499999999998,2025-06-12 22:17:06.830017,2025-06-12 22:17:12.022608,0 days 00:00:05.192591,43,0.6235632269129313,0.08373364140673012,0.976962920074385,0.07291004098075113,165,3599426,7.242499999999998,3.0228080901704635,0.38024999999999987,0.027049722734253698,160.0,4,10.78,"[0.3619999999999999, 0.716]",3599426,"[3.6199999999999988, 7.16]",0.03043932169675827,4.870291471481323,5.949999999999997,"[0.3909999999999999, 0.20399999999999988]",3600426,"[3.9099999999999993, 2.0399999999999987]",0.022877302765846253,3.6603684425354004,9.269999999999998,"[0.41899999999999993, 0.508]",3601426,"[4.1899999999999995, 5.08]",0.03133954405784607,5.014327049255371,2.969999999999998,"[0.34899999999999987, -0.05200000000000016]",3602426,"[3.4899999999999984, -0.5200000000000016]",0.02284843474626541,3.655749559402466,MinimaxSolutionConcept,3.802499999999999,0.27049722734253717,0.026876150816679004,0.00402589581408466,4.30018413066864,0.6441433302535454,COMPLETE
360,8.237499999999999,2025-06-12 22:17:12.037627,2025-06-12 22:17:17.030068,0 days 00:00:04.992441,41,0.6384565515689837,0.05302550143735501,0.914227038241366,0.00015000230368207614,178,3609432,8.237499999999999,2.9790298336874703,0.4342499999999999,0.19817590040163816,170.0,4,6.019999999999998,"[0.501, 0.10099999999999987]",3609432,"[5.01, 1.0099999999999987]",0.028258954777437097,4.804022312164307,10.539999999999997,"[0.5559999999999998, 0.49799999999999994]",3610432,"[5.559999999999999, 4.9799999999999995]",0.02744133051703958,4.6650261878967285,4.639999999999999,"[0.09499999999999989, 0.3689999999999999]",3611432,"[0.9499999999999988, 3.6899999999999986]",0.01947814717012293,3.3112850189208984,11.749999999999998,"[0.5849999999999999, 0.59]",3612432,"[5.849999999999999, 5.8999999999999995]",0.018671265770407282,3.1741151809692383,MinimaxSolutionConcept,4.342499999999999,1.9817590040163815,0.023462424558751725,0.004406474316512279,3.988612174987793,0.7491006338070872,COMPLETE
361,4.932499999999998,2025-06-12 22:17:19.041108,2025-06-12 22:17:25.476159,0 days 00:00:06.435051,44,0.6136497291158037,0.1011402390132914,0.980773407650631,0.00020926009267134037,195,3619439,4.932499999999998,2.2380502116798007,0.32074999999999987,0.10770880883196138,190.0,4,7.879999999999999,"[0.4709999999999999, 0.3169999999999999]",3619439,"[4.709999999999999, 3.169999999999999]",0.032934129865545975,6.257484674453735,2.8799999999999977,"[0.34699999999999986, -0.05900000000000015]",3620439,"[3.469999999999999, -0.5900000000000015]",0.028323262616207726,5.381419897079468,6.319999999999998,"[0.2939999999999999, 0.3379999999999999]",3621439,"[2.9399999999999986, 3.379999999999999]",0.024051800527070698,4.569842100143433,2.649999999999998,"[0.17099999999999987, 0.09399999999999986]",3622439,"[1.7099999999999986, 0.9399999999999986]",0.03003629257804469,5.706895589828491,MinimaxSolutionConcept,3.207499999999999,1.077088088319614,0.02883637139671727,0.003216630004273188,5.478910565376282,0.6111597008119057,COMPLETE
362,8.022499999999997,2025-06-12 22:17:25.491456,2025-06-12 22:17:29.615077,0 days 00:00:04.123621,46,0.8836490341319418,0.09006491148043529,0.971606657983503,0.0002905880188387855,138,3629445,8.022499999999997,2.1046897039706343,0.26074999999999987,0.18042640466406243,130.0,4,8.779999999999998,"[0.33199999999999996, 0.5459999999999999]",3629445,"[3.3199999999999994, 5.459999999999999]",0.022230878243079552,2.890014171600342,6.339999999999999,"[0.4539999999999999, 0.17999999999999988]",3630445,"[4.539999999999999, 1.799999999999999]",0.030331519933847282,3.9430975914001465,11.119999999999996,"[0.2909999999999999, 0.821]",3631445,"[2.9099999999999993, 8.209999999999999]",0.019820415056668796,2.5766539573669434,5.849999999999997,"[-0.034000000000000155, 0.619]",3632445,"[-0.3400000000000015, 6.1899999999999995]",0.029497518906226525,3.8346774578094482,MinimaxSolutionConcept,2.607499999999999,1.8042640466406243,0.02547008303495554,0.004535002876727242,3.31111079454422,0.5895503739745414,COMPLETE
363,4.827499999999998,2025-06-12 22:17:29.630291,2025-06-12 22:17:34.424303,0 days 00:00:04.794012,42,0.598027135734778,0.09439990057497244,0.9783753453395146,0.00010108027795636763,159,3639449,4.827499999999998,2.3563783121561785,0.1642499999999999,0.06428987089736612,150.0,4,7.349999999999997,"[0.2259999999999999, 0.5089999999999999]",3639449,"[2.259999999999999, 5.089999999999999]",0.022186765670776366,3.328014850616455,3.3999999999999977,"[0.09799999999999986, 0.2419999999999999]",3640449,"[0.9799999999999986, 2.419999999999999]",0.03009536107381185,4.514304161071777,6.849999999999999,"[0.23099999999999996, 0.4539999999999999]",3641449,"[2.3099999999999996, 4.539999999999999]",0.022234942118326825,3.3352413177490234,1.7099999999999977,"[0.1019999999999999, 0.06899999999999988]",3642449,"[1.019999999999999, 0.6899999999999988]",0.030774127642313638,4.616119146347046,MinimaxSolutionConcept,1.642499999999999,0.6428987089736612,0.026322799126307167,0.004118977326598702,3.9484198689460754,0.6178465989898053,COMPLETE
364,7.154999999999998,2025-06-12 22:17:34.440069,2025-06-12 22:17:39.431029,0 days 00:00:04.990960,48,0.8719614851677767,0.07296280465411359,0.9682459568551526,0.03983087857625373,150,3649454,7.154999999999998,1.819690907819238,0.3504999999999999,0.22393023467142623,150.0,4,5.859999999999997,"[0.06299999999999983, 0.5229999999999999]",3649454,"[0.6299999999999983, 5.229999999999999]",0.03198745568593343,4.798118352890015,8.839999999999998,"[0.691, 0.19299999999999984]",3650454,"[6.909999999999999, 1.9299999999999984]",0.024232449531555175,3.6348674297332764,9.04,"[0.34099999999999986, 0.563]",3651454,"[3.4099999999999984, 5.629999999999999]",0.032024168968200685,4.8036253452301025,4.879999999999997,"[0.3069999999999999, 0.18099999999999988]",3652454,"[3.069999999999999, 1.8099999999999987]",0.02785041809082031,4.177562713623047,MinimaxSolutionConcept,3.5049999999999986,2.239302346714262,0.029023623069127404,0.0032449704644705816,4.35354346036911,0.4867455696705871,COMPLETE
365,8.117499999999998,2025-06-12 22:17:39.450789,2025-06-12 22:17:53.198918,0 days 00:00:13.748129,50,0.630849544022868,0.11708696851144343,0.9755113323757462,0.00012118851684257296,411,3659459,8.117499999999998,2.0301400813736974,0.3164999999999999,0.20790683009463642,410.0,4,9.209999999999999,"[0.3629999999999999, 0.5579999999999999]",3659459,"[3.629999999999999, 5.579999999999999]",0.026648330106967832,10.925815343856812,8.169999999999998,"[0.3079999999999999, 0.5089999999999999]",3660459,"[3.0799999999999987, 5.089999999999999]",0.022563301063165432,9.250953435897827,4.839999999999997,"[0.005999999999999806, 0.4779999999999999]",3661459,"[0.059999999999998055, 4.779999999999999]",0.029413359921152998,12.05947756767273,10.249999999999998,"[0.5889999999999999, 0.43599999999999994]",3662459,"[5.889999999999999, 4.359999999999999]",0.03301626996296208,13.536670684814453,MinimaxSolutionConcept,3.1649999999999983,2.079068300946364,0.027910315263562087,0.0038246922761754685,11.443229258060455,1.5681238332319423,COMPLETE
366,7.064999999999998,2025-06-12 22:17:55.035982,2025-06-12 22:18:00.745581,0 days 00:00:05.709599,45,0.5107811857705817,0.08064890276196926,0.9428825652749867,0.09566633327984357,172,3669475,7.064999999999998,2.412597148303049,0.4299999999999998,0.08601162712098867,170.0,4,10.749999999999998,"[0.5559999999999998, 0.5189999999999999]",3669475,"[5.559999999999999, 5.1899999999999995]",0.03052848928114947,5.18984317779541,4.519999999999997,"[0.3699999999999999, 0.08199999999999988]",3670475,"[3.699999999999999, 0.8199999999999987]",0.022716708744273468,3.8618404865264893,7.629999999999998,"[0.3339999999999999, 0.42899999999999994]",3671475,"[3.339999999999999, 4.289999999999999]",0.0325460293713738,5.532824993133545,5.359999999999998,"[0.4599999999999998, 0.07599999999999987]",3672475,"[4.599999999999998, 0.7599999999999987]",0.022185533186968635,3.771540641784668,MinimaxSolutionConcept,4.299999999999999,0.8601162712098869,0.026994190145941344,0.004602559561072366,4.589012324810028,0.782435125382302,COMPLETE
367,8.904999999999998,2025-06-12 22:18:00.760692,2025-06-12 22:18:05.611915,0 days 00:00:04.851223,49,0.6497176812132364,0.08760566445423167,0.981745619142389,0.0002602512068882493,131,3679480,8.904999999999998,3.598002918286755,0.5442499999999999,0.07385247118411131,130.0,4,14.749999999999998,"[0.6279999999999998, 0.8469999999999999]",3679480,"[6.279999999999998, 8.469999999999999]",0.024308987764211802,3.160168409347534,6.059999999999998,"[0.42799999999999994, 0.17799999999999988]",3680480,"[4.279999999999999, 1.779999999999999]",0.02525313267341027,3.282907247543335,8.99,"[0.5409999999999998, 0.3579999999999998]",3681480,"[5.409999999999998, 3.5799999999999983]",0.02411948900956374,3.135533571243286,5.819999999999997,"[0.5799999999999998, 0.001999999999999813]",3682480,"[5.799999999999999, 0.01999999999999813]",0.03595023522010216,4.673530578613281,MinimaxSolutionConcept,5.442499999999999,0.7385247118411131,0.027407961166821995,0.004950540806732907,3.563034951686859,0.6435703048752779,COMPLETE
368,7.792499999999999,2025-06-12 22:18:05.627241,2025-06-12 22:18:10.945443,0 days 00:00:05.318202,48,0.9006433514751293,0.04921283822703934,0.9618476043454564,0.00017582173751422292,187,3689485,7.792499999999999,1.2431487240069063,0.3302499999999999,0.18334990455410657,180.0,4,8.29,"[0.29299999999999987, 0.5359999999999999]",3689485,"[2.929999999999999, 5.359999999999999]",0.020343765947553848,3.6618778705596924,6.309999999999998,"[0.1959999999999999, 0.4349999999999999]",3690485,"[1.959999999999999, 4.349999999999999]",0.018833745850457086,3.3900742530822754,9.559999999999997,"[0.6399999999999998, 0.31599999999999995]",3691485,"[6.399999999999998, 3.1599999999999993]",0.027168704403771296,4.890366792678833,7.009999999999998,"[0.1919999999999999, 0.5089999999999999]",3692485,"[1.919999999999999, 5.089999999999999]",0.028515447510613336,5.1327805519104,MinimaxSolutionConcept,3.3024999999999984,1.8334990455410654,0.023715415928098893,0.004188204592292522,4.2687748670578,0.7538768266126541,COMPLETE
369,8.319999999999997,2025-06-12 22:18:10.960816,2025-06-12 22:18:16.087051,0 days 00:00:05.126235,43,0.6207677540544416,0.09820697974796076,0.9886732949829946,0.0001380372767813838,167,3699491,8.319999999999997,3.830254560730918,0.4272499999999999,0.1763481995938717,160.0,4,14.399999999999997,"[0.728, 0.712]",3699491,"[7.279999999999999, 7.119999999999999]",0.02023421823978424,3.2374749183654785,5.609999999999998,"[0.3349999999999999, 0.2259999999999999]",3700491,"[3.349999999999999, 2.259999999999999]",0.020250746607780458,3.240119457244873,8.719999999999997,"[0.27999999999999986, 0.592]",3701491,"[2.7999999999999985, 5.92]",0.021204599738121034,3.3927359580993652,4.549999999999998,"[0.36599999999999994, 0.08899999999999988]",3702491,"[3.6599999999999993, 0.8899999999999988]",0.03092992752790451,4.948788404464722,MinimaxSolutionConcept,4.272499999999999,1.763481995938717,0.02315487302839756,0.004506085136741359,3.7047796845436096,0.7209736218786172,COMPLETE
370,6.462499999999999,2025-06-12 22:18:16.102303,2025-06-12 22:18:21.292065,0 days 00:00:05.189762,47,0.607147474494132,0.1065908364859883,0.9846131404080767,0.053534061055624964,158,3709496,6.462499999999999,3.465020743083655,0.3577499999999999,0.157588665518812,150.0,4,11.01,"[0.4969999999999999, 0.604]",3709496,"[4.969999999999999, 6.04]",0.023073991139729817,3.4610986709594727,7.609999999999997,"[0.4219999999999999, 0.33899999999999986]",3710496,"[4.219999999999999, 3.389999999999999]",0.02226643721262614,3.339965581893921,1.3999999999999977,"[0.08999999999999986, 0.049999999999999864]",3711496,"[0.8999999999999986, 0.49999999999999867]",0.03345772425333659,5.018658638000488,5.829999999999997,"[0.4219999999999999, 0.16099999999999984]",3712496,"[4.219999999999999, 1.6099999999999983]",0.03225868860880534,4.838803291320801,MinimaxSolutionConcept,3.577499999999999,1.57588665518812,0.02776421030362447,0.005119572762857708,4.164631545543671,0.767935914428656,COMPLETE
371,6.794999999999998,2025-06-12 22:18:23.124126,2025-06-12 22:18:29.002683,0 days 00:00:05.878557,44,0.5894864897452141,0.07836691117867409,0.979173675303318,0.00022255669612741797,179,3719503,6.794999999999998,2.8498640318443274,0.3162499999999999,0.22768330527291636,170.0,4,10.59,"[0.603, 0.45599999999999996]",3719503,"[6.029999999999999, 4.56]",0.028926730155944824,4.91754412651062,8.369999999999997,"[0.4659999999999999, 0.3709999999999999]",3720503,"[4.659999999999999, 3.709999999999999]",0.022426762300379138,3.812549591064453,4.879999999999998,"[0.15899999999999986, 0.3289999999999999]",3721503,"[1.5899999999999985, 3.289999999999999]",0.023032209452460792,3.915475606918335,3.3399999999999967,"[0.03699999999999985, 0.2969999999999999]",3722503,"[0.36999999999999855, 2.969999999999999]",0.03354131053475773,5.7020227909088135,MinimaxSolutionConcept,3.1624999999999988,2.2768330527291636,0.02698175311088562,0.004559538509994329,4.586898028850555,0.7751215466990357,COMPLETE
372,7.844999999999998,2025-06-12 22:18:29.017627,2025-06-12 22:18:33.196802,0 days 00:00:04.179175,46,0.9452894321604592,0.0902115299885872,0.9596417240758497,0.00039565330553331527,144,3729509,7.844999999999998,0.46089586676384986,0.44599999999999995,0.12785734237813645,140.0,4,8.199999999999998,"[0.563, 0.25699999999999984]",3729509,"[5.629999999999999, 2.5699999999999985]",0.028606414794921875,4.0048980712890625,8.36,"[0.3439999999999999, 0.4919999999999999]",3730509,"[3.439999999999999, 4.919999999999999]",0.02741854190826416,3.8385958671569824,7.209999999999997,"[0.2949999999999999, 0.426]",3731509,"[2.949999999999999, 4.26]",0.020157642023903983,2.8220698833465576,7.6099999999999985,"[0.582, 0.17899999999999988]",3732509,"[5.819999999999999, 1.7899999999999987]",0.020654988288879395,2.8916983604431152,MinimaxSolutionConcept,4.459999999999999,1.2785734237813644,0.024209396753992352,0.0038302387720319095,3.3893155455589294,0.5362334280844674,COMPLETE
373,9.779999999999998,2025-06-12 22:18:33.211921,2025-06-12 22:18:37.718935,0 days 00:00:04.507014,45,0.6382058524979719,0.0440428284824501,0.9731411215318574,0.00011729556352593742,151,3739513,9.779999999999998,1.900855070751055,0.4684999999999999,0.18355584981144027,150.0,4,10.11,"[0.31999999999999995, 0.6909999999999998]",3739513,"[3.1999999999999993, 6.909999999999998]",0.022222123146057128,3.3333184719085693,12.569999999999997,"[0.756, 0.5009999999999998]",3740513,"[7.5600000000000005, 5.009999999999998]",0.028917056719462077,4.3375585079193115,7.299999999999998,"[0.49999999999999983, 0.22999999999999982]",3741513,"[4.999999999999998, 2.299999999999998]",0.021169942220052085,3.1754913330078125,9.139999999999999,"[0.2979999999999999, 0.616]",3742513,"[2.9799999999999986, 6.16]",0.02228802680969238,3.3432040214538574,MinimaxSolutionConcept,4.684999999999999,1.8355584981144029,0.02364928722381592,0.0030735311258735347,3.5473930835723877,0.4610296688810302,COMPLETE
374,9.577499999999997,2025-06-12 22:18:37.734934,2025-06-12 22:18:44.706744,0 days 00:00:06.971810,45,0.9564114742286127,0.09411083912837767,0.9693177880256159,0.00011394099785885727,262,3749517,9.577499999999997,1.571692956655339,0.54925,0.15136772278131166,260.0,4,7.059999999999997,"[0.2969999999999999, 0.4089999999999999]",3749517,"[2.969999999999999, 4.089999999999999]",0.020107866250551665,5.228045225143433,9.519999999999998,"[0.579, 0.3729999999999999]",3750517,"[5.789999999999999, 3.7299999999999986]",0.024227591661306527,6.299173831939697,11.2,"[0.6950000000000001, 0.42499999999999993]",3751517,"[6.950000000000001, 4.249999999999999]",0.01843350392121535,4.792711019515991,10.529999999999996,"[0.6259999999999999, 0.42699999999999994]",3752517,"[6.259999999999999, 4.27]",0.026140840236957258,6.796618461608887,MinimaxSolutionConcept,5.4925,1.5136772278131168,0.0222274505175077,0.003090382336040972,5.779137134552002,0.8034994073706527,COMPLETE
375,7.562499999999998,2025-06-12 22:18:44.722327,2025-06-12 22:18:50.579906,0 days 00:00:05.857579,45,0.6651173463661328,0.0970750469926538,0.9694729503356488,0.00012624152720431062,201,3759524,7.562499999999998,3.0345294116221715,0.3042499999999999,0.2536231209886039,200.0,4,3.3799999999999977,"[-0.06500000000000017, 0.40299999999999986]",3759524,"[-0.6500000000000017, 4.0299999999999985]",0.022937580347061157,4.5875160694122314,11.829999999999998,"[0.587, 0.5959999999999999]",3760524,"[5.869999999999999, 5.959999999999999]",0.0212705659866333,4.25411319732666,6.769999999999998,"[0.4839999999999999, 0.19299999999999984]",3761524,"[4.839999999999999, 1.9299999999999984]",0.02277449131011963,4.554898262023926,8.27,"[0.21099999999999985, 0.6159999999999999]",3762524,"[2.1099999999999985, 6.159999999999998]",0.028416316509246826,5.683263301849365,MinimaxSolutionConcept,3.0424999999999986,2.536231209886039,0.023849738538265226,0.002715416845696137,4.769947707653046,0.5430833691392274,COMPLETE
376,9.784999999999998,2025-06-12 22:18:52.518479,2025-06-12 22:18:59.989813,0 days 00:00:07.471334,45,0.9847559092219016,0.093686432890258,0.9704673885966185,0.00015602456492147448,260,3769532,9.784999999999998,2.511140179281117,0.46399999999999986,0.16913160556205925,260.0,4,9.859999999999998,"[0.5159999999999999, 0.46999999999999986]",3769532,"[5.159999999999999, 4.699999999999998]",0.0197585417674138,5.137220859527588,7.689999999999998,"[0.575, 0.1939999999999999]",3770532,"[5.75, 1.939999999999999]",0.01896812365605281,4.9317121505737305,7.729999999999997,"[0.1749999999999999, 0.598]",3771532,"[1.7499999999999991, 5.9799999999999995]",0.028071781305166393,7.298663139343262,13.859999999999998,"[0.5899999999999999, 0.7959999999999999]",3772532,"[5.899999999999999, 7.959999999999999]",0.02577558205677913,6.701651334762573,MinimaxSolutionConcept,4.64,1.6913160556205928,0.02314350719635303,0.0038764520642660784,6.017311871051788,1.0078775367091801,COMPLETE
377,8.872499999999999,2025-06-12 22:19:00.004962,2025-06-12 22:19:07.552860,0 days 00:00:07.547898,45,0.6451349051930733,0.0931990600517997,0.970706423003467,0.00015158413960452606,230,3779540,8.872499999999999,3.071582450464256,0.41274999999999995,0.10815122514331492,230.0,4,9.37,"[0.36199999999999993, 0.575]",3779540,"[3.619999999999999, 5.75]",0.02671020341956097,6.143346786499023,12.809999999999999,"[0.5969999999999999, 0.6839999999999999]",3780540,"[5.969999999999999, 6.84]",0.02400313563968824,5.520721197128296,9.119999999999996,"[0.3719999999999999, 0.5399999999999998]",3781540,"[3.719999999999999, 5.399999999999999]",0.024066644129545792,5.535328149795532,4.189999999999997,"[0.31999999999999995, 0.09899999999999987]",3782540,"[3.1999999999999993, 0.9899999999999987]",0.03198664603026017,7.356928586959839,MinimaxSolutionConcept,4.1274999999999995,1.0815122514331492,0.02669165730476379,0.003246386162918566,6.139081180095673,0.74666881747127,COMPLETE
378,7.482499999999998,2025-06-12 22:19:07.570176,2025-06-12 22:19:15.519788,0 days 00:00:07.949612,45,0.9756345077394155,0.10157898186348988,0.966561840501902,0.00019027779225500437,260,3789547,7.482499999999998,2.1054260257724566,0.40349999999999986,0.11828884140103829,260.0,4,8.319999999999999,"[0.25299999999999995, 0.579]",3789547,"[2.5299999999999994, 5.789999999999999]",0.029507783743051384,7.672023773193359,4.039999999999997,"[0.45199999999999985, -0.048000000000000154]",3790547,"[4.519999999999999, -0.48000000000000154]",0.025391864776611327,6.601884841918945,9.729999999999999,"[0.5679999999999998, 0.4049999999999999]",3791547,"[5.679999999999998, 4.049999999999999]",0.021738800635704627,5.652088165283203,7.839999999999998,"[0.34099999999999986, 0.44299999999999995]",3792547,"[3.4099999999999984, 4.43]",0.029814760501568133,7.751837730407715,MinimaxSolutionConcept,4.034999999999998,1.1828884140103828,0.026613302414233868,0.003312100298123415,6.919458627700806,0.8611460775120877,COMPLETE
