number,value,datetime_start,datetime_complete,duration,params_episode_length,params_epsilon_max,params_epsilon_min,params_gamma,params_learning_rate,params_num_episodes,user_attrs_base_seed,user_attrs_collective_reward_mean,user_attrs_collective_reward_std,user_attrs_individual_reward_agent0_mean,user_attrs_individual_reward_agent0_std,user_attrs_num_episodes_mean,user_attrs_num_parallel_runs,user_attrs_run_0_collective_reward,user_attrs_run_0_individual_rewards,user_attrs_run_0_seed,user_attrs_run_0_total_individual_rewards,user_attrs_run_0_training_time_per_episode,user_attrs_run_0_training_time_total,user_attrs_run_1_collective_reward,user_attrs_run_1_individual_rewards,user_attrs_run_1_seed,user_attrs_run_1_total_individual_rewards,user_attrs_run_1_training_time_per_episode,user_attrs_run_1_training_time_total,user_attrs_run_2_collective_reward,user_attrs_run_2_individual_rewards,user_attrs_run_2_seed,user_attrs_run_2_total_individual_rewards,user_attrs_run_2_training_time_per_episode,user_attrs_run_2_training_time_total,user_attrs_run_3_collective_reward,user_attrs_run_3_individual_rewards,user_attrs_run_3_seed,user_attrs_run_3_total_individual_rewards,user_attrs_run_3_training_time_per_episode,user_attrs_run_3_training_time_total,user_attrs_solution_concept,user_attrs_total_individual_reward_agent0_mean,user_attrs_total_individual_reward_agent0_std,user_attrs_training_time_per_episode_mean,user_attrs_training_time_per_episode_std,user_attrs_training_time_total_mean,user_attrs_training_time_total_std,state
319,4.51,2025-06-12 22:41:10.083634,2025-06-12 22:41:12.517926,0 days 00:00:02.434292,11,0.9997102157127775,0.06643963645251255,0.9965290540429649,0.057095290192408554,241,3190870,4.51,2.1452389144335418,0.39075,0.1217546200355453,240.0,4,2.3599999999999994,"[0.22699999999999995, 0.009000000000000006]",3190870,"[2.2699999999999996, 0.09000000000000007]",0.008604540427525838,2.065089702606201,6.61,"[0.445, 0.21599999999999991]",3191870,"[4.45, 2.1599999999999993]",0.009307926893234253,2.2339024543762207,6.7,"[0.554, 0.11599999999999996]",3192870,"[5.540000000000001, 1.1599999999999997]",0.008261521657307943,1.9827651977539062,2.37,"[0.33699999999999997, -0.09999999999999999]",3193870,"[3.3699999999999997, -0.9999999999999999]",0.009062638878822327,2.1750333309173584,WelfareSolutionConcept,3.9075,1.2175462003554531,0.008809156964222591,0.0004045976024350368,2.1141976714134216,0.09710342458440885,COMPLETE
320,5.0675,2025-06-12 22:41:12.534171,2025-06-12 22:41:14.989545,0 days 00:00:02.455374,13,0.9701336537447319,0.051026403704985616,0.9728910253767227,0.08558684256880476,273,3200872,5.0675,1.6020982335674676,0.46175,0.04750986739615252,270.0,4,3.15,"[0.43500000000000005, -0.11999999999999997]",3200872,"[4.3500000000000005, -1.1999999999999997]",0.008414798312717013,2.2719955444335938,7.489999999999999,"[0.5439999999999999, 0.20500000000000002]",3201872,"[5.4399999999999995, 2.0500000000000003]",0.007834588156806098,2.1153388023376465,5.36,"[0.43200000000000005, 0.10400000000000006]",3202872,"[4.32, 1.0400000000000007]",0.007549184340017813,2.0382797718048096,4.27,"[0.43599999999999994, -0.008999999999999994]",3203872,"[4.359999999999999, -0.08999999999999994]",0.007979577559011955,2.1544859409332275,WelfareSolutionConcept,4.6175,0.47509867396152533,0.00794453709213822,0.0003125564016656965,2.1450250148773193,0.08439022844973809,COMPLETE
321,5.045,2025-06-12 22:41:16.695407,2025-06-12 22:41:19.536213,0 days 00:00:02.840806,11,0.5986653034048203,0.09870051234216863,0.985653596610135,0.04540921666686944,376,3210876,5.045,2.495691286998454,0.4415,0.20222821267073496,370.0,4,2.3800000000000003,"[0.11999999999999997, 0.11800000000000002]",3210876,"[1.1999999999999997, 1.1800000000000002]",0.007048360721485035,2.607893466949463,8.88,"[0.663, 0.22499999999999995]",3211876,"[6.630000000000001, 2.2499999999999996]",0.0065985666738974085,2.441469669342041,3.36,"[0.43599999999999994, -0.09999999999999999]",3212876,"[4.359999999999999, -0.9999999999999999]",0.00721007811056601,2.667728900909424,5.56,"[0.547, 0.009000000000000006]",3213876,"[5.470000000000001, 0.09000000000000007]",0.007176100241171347,2.6551570892333984,WelfareSolutionConcept,4.415,2.0222821267073496,0.007008276436779951,0.0002441093937893645,2.5930622816085815,0.09032047570206492,COMPLETE
322,5.487500000000001,2025-06-12 22:41:19.551102,2025-06-12 22:41:22.167171,0 days 00:00:02.616069,10,0.5679382105194024,0.056754055560962906,0.9909321660812639,0.033223531681586704,386,3220879,5.487500000000001,1.3564913379745556,0.42125,0.20431761426759076,380.0,4,3.6500000000000004,"[0.12799999999999997, 0.23699999999999996]",3220879,"[1.2799999999999998, 2.3699999999999997]",0.0063833920579207575,2.4256889820098877,4.720000000000001,"[0.344, 0.12800000000000003]",3221879,"[3.4399999999999995, 1.2800000000000002]",0.006131124496459961,2.329827308654785,6.82,"[0.663, 0.019000000000000013]",3222879,"[6.630000000000001, 0.19000000000000014]",0.006274510057348954,2.3843138217926025,6.760000000000001,"[0.55, 0.126]",3223879,"[5.5, 1.26]",0.006333153498800178,2.4065983295440674,WelfareSolutionConcept,4.2125,2.043176142675908,0.0062805450276324625,9.448290702545245e-05,2.3866071105003357,0.03590350466967185,COMPLETE
323,7.985,2025-06-12 22:41:22.188661,2025-06-12 22:41:25.613041,0 days 00:00:03.424380,14,0.9849574255551925,0.07966542985146652,0.9840319568658391,0.06893990910861819,419,3230882,7.985,2.543663696324653,0.6515,0.1761568902995282,410.0,4,7.38,"[0.538, 0.2]",3230882,"[5.380000000000001, 2.0]",0.007429397978433749,3.046053171157837,9.620000000000001,"[0.8770000000000001, 0.08499999999999999]",3231882,"[8.770000000000001, 0.8499999999999999]",0.007585019018591904,3.1098577976226807,4.130000000000001,"[0.43100000000000005, -0.017999999999999985]",3232882,"[4.3100000000000005, -0.17999999999999985]",0.007545029826280547,3.0934622287750244,10.809999999999999,"[0.76, 0.32100000000000006]",3233882,"[7.6, 3.210000000000001]",0.007714929813291968,3.163121223449707,WelfareSolutionConcept,6.515000000000001,1.7615689029952817,0.007568594159149541,0.00010199847326114452,3.1031236052513123,0.04181937403706932,COMPLETE
324,6.875,2025-06-12 22:41:25.627734,2025-06-12 22:41:29.235358,0 days 00:00:03.607624,14,0.7803987424546728,0.08156193303847226,0.9828359680293918,0.0703611607278401,420,3240885,6.875,1.6637983651873205,0.6795000000000001,0.2769679584356284,420.0,4,4.1,"[0.20600000000000004, 0.20400000000000001]",3240885,"[2.0600000000000005, 2.04]",0.008019958223615373,3.368382453918457,7.38,"[0.868, -0.12999999999999995]",3241885,"[8.68, -1.2999999999999994]",0.008150630337851388,3.423264741897583,7.49,"[0.8790000000000001, -0.12999999999999995]",3242885,"[8.790000000000001, -1.2999999999999994]",0.007870368162790934,3.3055546283721924,8.53,"[0.765, 0.08800000000000001]",3243885,"[7.65, 0.8800000000000001]",0.0077189797446841285,3.241971492767334,WelfareSolutionConcept,6.795,2.7696795843562843,0.007939984117235456,0.00016159904219322432,3.3347933292388916,0.06787159772115424,COMPLETE
325,4.192500000000001,2025-06-12 22:41:29.250316,2025-06-12 22:41:33.120410,0 days 00:00:03.870094,15,0.9835361083867992,0.07877566282137413,0.9802542403835637,0.06501472140650048,434,3250889,4.192500000000001,1.8984780088270707,0.33575,0.18779826277151768,430.0,4,2.7700000000000005,"[0.198, 0.079]",3250889,"[1.98, 0.79]",0.008374072784601255,3.60085129737854,2.7600000000000002,"[0.188, 0.08800000000000001]",3251889,"[1.88, 0.8800000000000001]",0.008301952273346657,3.5698394775390625,7.39,"[0.651, 0.08800000000000002]",3252889,"[6.51, 0.8800000000000002]",0.0076529735742613325,3.290778636932373,3.85,"[0.306, 0.079]",3253889,"[3.06, 0.79]",0.008214595151502033,3.532275915145874,WelfareSolutionConcept,3.3575,1.8779826277151768,0.00813589844592782,0.0002844778077220177,3.4984363317489624,0.1223254573204676,COMPLETE
326,3.2475,2025-06-12 22:41:34.664867,2025-06-12 22:41:37.770058,0 days 00:00:03.105191,14,0.9868956237775661,0.08838637688392371,0.9848914413001877,0.08709555881983899,394,3260894,3.2475,1.2223619553961906,0.4025000000000001,0.14521105329829412,390.0,4,2.8800000000000003,"[0.31700000000000006, -0.02899999999999997]",3260894,"[3.170000000000001, -0.2899999999999997]",0.007312133984688001,2.8517322540283203,5.239999999999999,"[0.6540000000000001, -0.12999999999999995]",3261894,"[6.540000000000001, -1.2999999999999994]",0.0073546629685622,2.868318557739258,2.9600000000000004,"[0.318, -0.021999999999999985]",3262894,"[3.18, -0.21999999999999986]",0.00751641407991067,2.931401491165161,1.9100000000000008,"[0.32100000000000006, -0.12999999999999995]",3263894,"[3.210000000000001, -1.2999999999999994]",0.007410992108858549,2.890286922454834,WelfareSolutionConcept,4.025,1.452110532982941,0.007398550785504855,7.655152943343932e-05,2.8854348063468933,0.029855096479041252,COMPLETE
327,6.44,2025-06-12 22:41:37.785168,2025-06-12 22:41:39.921668,0 days 00:00:02.136500,13,0.8337336756336169,0.07552025543668159,0.9869746356273753,0.06995051027615633,254,3270897,6.44,1.7399281594364753,0.51675,0.11832661365897361,250.0,4,4.22,"[0.542, -0.11999999999999997]",3270897,"[5.42, -1.1999999999999997]",0.007520256042480469,1.8800640106201172,7.470000000000001,"[0.5450000000000002, 0.20200000000000004]",3271897,"[5.450000000000001, 2.0200000000000005]",0.007341971397399902,1.8354928493499756,8.68,"[0.6529999999999999, 0.21500000000000002]",3272897,"[6.529999999999999, 2.1500000000000004]",0.007446712493896485,1.861678123474121,5.390000000000001,"[0.32699999999999996, 0.21200000000000002]",3273897,"[3.2699999999999996, 2.12]",0.0067612075805664066,1.6903018951416016,WelfareSolutionConcept,5.1674999999999995,1.1832661365897361,0.007267536878585815,0.00029911566849025217,1.8168842196464539,0.07477891712256304,COMPLETE
328,5.36,2025-06-12 22:41:39.936589,2025-06-12 22:41:42.995979,0 days 00:00:03.059390,13,0.9726647157028631,0.07075556495306577,0.9892676233624086,0.007212641378745986,410,3280899,5.36,2.0779677572089517,0.40625,0.09204448652689629,410.0,4,6.460000000000001,"[0.5459999999999999, 0.10000000000000006]",3280899,"[5.459999999999999, 1.0000000000000007]",0.006844025123410109,2.8060503005981445,7.590000000000001,"[0.43199999999999994, 0.327]",3281899,"[4.319999999999999, 3.27]",0.0066806554794311525,2.7390687465667725,2.0300000000000002,"[0.32300000000000006, -0.11999999999999997]",3282899,"[3.2300000000000004, -1.1999999999999997]",0.006894661740558903,2.8268113136291504,5.359999999999999,"[0.324, 0.21200000000000002]",3283899,"[3.24, 2.12]",0.007022084840914098,2.8790547847747803,WelfareSolutionConcept,4.0625,0.9204448652689627,0.006860356796078566,0.000122364288539474,2.812746286392212,0.05016935830118435,COMPLETE
329,4.63,2025-06-12 22:41:43.012986,2025-06-12 22:41:46.513427,0 days 00:00:03.500441,14,0.9816243644690673,0.08199802727451493,0.9833537377641178,0.07549051461254622,416,3290903,4.63,2.0205321081338945,0.45475,0.0932801559818593,410.0,4,1.8200000000000005,"[0.312, -0.12999999999999995]",3290903,"[3.12, -1.2999999999999994]",0.008104861654886386,3.322993278503418,5.18,"[0.539, -0.02099999999999999]",3291903,"[5.390000000000001, -0.2099999999999999]",0.008113868062089129,3.326685905456543,4.090000000000001,"[0.43100000000000005, -0.021999999999999974]",3292903,"[4.3100000000000005, -0.21999999999999975]",0.008098555192714784,3.3204076290130615,7.430000000000001,"[0.537, 0.20600000000000004]",3293903,"[5.37, 2.0600000000000005]",0.007897664860981266,3.2380425930023193,WelfareSolutionConcept,4.5475,0.9328015598185929,0.00805373744266789,9.027272281888018e-05,3.3020323514938354,0.03701181635574074,COMPLETE
330,5.165,2025-06-12 22:41:46.530969,2025-06-12 22:41:51.504475,0 days 00:00:04.973506,12,0.5841902158241127,0.041778665519533784,0.9412853883609353,0.011058811587255439,409,3300906,5.165,1.3828683957629515,0.43825000000000003,0.18951698472696318,400.0,4,4.34,"[0.11000000000000006, 0.324]",3300906,"[1.1000000000000005, 3.24]",0.011854128241539,4.741651296615601,7.56,"[0.5469999999999999, 0.20900000000000007]",3301906,"[5.469999999999999, 2.0900000000000007]",0.01144928514957428,4.579714059829712,4.390000000000001,"[0.549, -0.10999999999999999]",3302906,"[5.49, -1.0999999999999999]",0.010474669337272645,4.189867734909058,4.37,"[0.547, -0.10999999999999999]",3303906,"[5.470000000000001, -1.0999999999999999]",0.011644293069839478,4.657717227935791,WelfareSolutionConcept,4.3825,1.8951698472696317,0.01135559394955635,0.0005283677308047141,4.54223757982254,0.21134709232188578,COMPLETE
331,3.7975000000000003,2025-06-12 22:41:53.554421,2025-06-12 22:41:55.870948,0 days 00:00:02.316527,12,0.9920994877565366,0.0762781136387352,0.931682361520953,0.05816374372594173,278,3310913,3.7975000000000003,1.940262546667332,0.29900000000000004,0.19314114010225786,270.0,4,3.3200000000000003,"[0.333, -0.0009999999999999898]",3310913,"[3.33, -0.009999999999999898]",0.007800352131878888,2.1060950756073,1.11,"[1.1102230246251566e-17, 0.11100000000000003]",3311913,"[1.1102230246251565e-16, 1.1100000000000003]",0.007726515663994683,2.0861592292785645,4.24,"[0.32300000000000006, 0.10100000000000002]",3312913,"[3.2300000000000004, 1.0100000000000002]",0.00753845903608534,2.035383939743042,6.5200000000000005,"[0.5399999999999999, 0.1120000000000001]",3313913,"[5.3999999999999995, 1.120000000000001]",0.007640408586572718,2.062910318374634,WelfareSolutionConcept,2.99,1.9314114010225785,0.007676433854632908,9.77225633574502e-05,2.072637140750885,0.026385092106511555,COMPLETE
332,4.694999999999999,2025-06-12 22:41:55.886031,2025-06-12 22:42:00.332137,0 days 00:00:04.446106,20,0.9626756852564633,0.08518344505698368,0.9843049208491254,0.025404748928182116,425,3320915,4.694999999999999,0.46510751445230414,0.514,0.08313543167627147,420.0,4,4.3999999999999995,"[0.5159999999999999, -0.07600000000000004]",3320915,"[5.159999999999999, -0.7600000000000005]",0.00930935995919364,3.909931182861328,4.449999999999999,"[0.39799999999999996, 0.046999999999999965]",3321915,"[3.9799999999999995, 0.46999999999999964]",0.009610268615541004,4.036312818527222,4.429999999999999,"[0.633, -0.19]",3322915,"[6.33, -1.9]",0.009932355653671992,4.171589374542236,5.5,"[0.5089999999999999, 0.04099999999999996]",3323915,"[5.089999999999999, 0.4099999999999996]",0.010022674288068498,4.2095232009887695,WelfareSolutionConcept,5.14,0.8313543167627148,0.009718664629118783,0.00028167611510891705,4.081839144229889,0.11830396834574525,COMPLETE
333,4.9350000000000005,2025-06-12 22:42:00.347516,2025-06-12 22:42:02.163372,0 days 00:00:01.815856,16,0.9731751576147191,0.06268506808149621,0.993819699618302,0.0878973212877675,168,3330920,4.9350000000000005,1.570565184893642,0.36024999999999996,0.20507849107110182,160.0,4,2.72,"[0.30800000000000005, -0.03600000000000001]",3330920,"[3.0800000000000005, -0.3600000000000001]",0.009764769673347473,1.5623631477355957,7.16,"[0.6469999999999999, 0.069]",3331920,"[6.469999999999999, 0.6900000000000001]",0.009608103334903717,1.5372965335845947,5.0,"[0.076, 0.42399999999999993]",3332920,"[0.76, 4.239999999999999]",0.009742382168769836,1.5587811470031738,4.86,"[0.41000000000000003, 0.07599999999999998]",3333920,"[4.1000000000000005, 0.7599999999999998]",0.010198672115802766,1.6317875385284424,WelfareSolutionConcept,3.6025,2.0507849107110183,0.009828481823205948,0.0002219684208242811,1.5725570917129517,0.03551494733188493,COMPLETE
334,6.29,2025-06-12 22:42:02.179409,2025-06-12 22:42:05.235430,0 days 00:00:03.056021,12,0.6638113130599879,0.08973771342424544,0.9804131567968278,0.060259676497869355,374,3340922,6.29,1.1683963368651917,0.5195000000000001,0.11714627608251142,370.0,4,6.51,"[0.6549999999999999, -0.003999999999999992]",3340922,"[6.549999999999999, -0.039999999999999925]",0.007358531694154482,2.722656726837158,6.53,"[0.542, 0.11100000000000007]",3341922,"[5.42, 1.1100000000000008]",0.007349302317645099,2.7192418575286865,4.440000000000001,"[0.3320000000000001, 0.1120000000000001]",3342922,"[3.3200000000000007, 1.120000000000001]",0.0076948249662244644,2.8470852375030518,7.68,"[0.549, 0.219]",3343922,"[5.49, 2.19]",0.007215374869269294,2.6696887016296387,WelfareSolutionConcept,5.195,1.171462760825114,0.007404508461823335,0.00017692990849513894,2.739668130874634,0.0654640661432014,COMPLETE
335,3.687499999999999,2025-06-12 22:42:05.253227,2025-06-12 22:42:08.086456,0 days 00:00:02.833229,13,0.9841348134425221,0.07323552420991741,0.979368637414054,0.052788570231564885,292,3350925,3.687499999999999,2.2719526293477155,0.323,0.19168594105984924,290.0,4,4.239999999999999,"[0.433, -0.008999999999999994]",3350925,"[4.33, -0.08999999999999994]",0.008982364884738265,2.6048858165740967,5.34,"[0.43600000000000005, 0.098]",3351925,"[4.36, 0.98]",0.008819212584659971,2.5575716495513916,5.339999999999998,"[0.43199999999999994, 0.10200000000000006]",3352925,"[4.319999999999999, 1.0200000000000007]",0.008180130761245201,2.3722379207611084,-0.16999999999999976,"[-0.008999999999999994, -0.007999999999999983]",3353925,"[-0.08999999999999994, -0.07999999999999982]",0.008627305359675966,2.5019185543060303,WelfareSolutionConcept,3.2300000000000004,1.9168594105984924,0.00865225339757985,0.0003001546070107986,2.5091534852981567,0.08704483603313154,COMPLETE
336,5.609999999999999,2025-06-12 22:42:09.678593,2025-06-12 22:42:12.289387,0 days 00:00:02.610794,15,0.5771922008133241,0.0681024264750932,0.9780396735546093,0.07509778605474358,265,3360929,5.609999999999999,0.598289227715158,0.5900000000000001,0.05133225107084238,260.0,4,6.23,"[0.541, 0.08200000000000003]",3360929,"[5.41, 0.8200000000000003]",0.009062926585857684,2.356360912322998,6.18,"[0.6490000000000001, -0.030999999999999993]",3361929,"[6.490000000000001, -0.30999999999999994]",0.008365377096029428,2.1749980449676514,4.930000000000001,"[0.633, -0.13999999999999996]",3362929,"[6.33, -1.3999999999999995]",0.009280588993659387,2.4129531383514404,5.099999999999999,"[0.5370000000000001, -0.027000000000000003]",3363929,"[5.370000000000001, -0.27]",0.008541509738335243,2.220792531967163,WelfareSolutionConcept,5.900000000000001,0.5133225107084239,0.008812600603470435,0.00037255045080410637,2.2912761569023132,0.09686311720906761,COMPLETE
337,8.025,2025-06-12 22:42:12.307158,2025-06-12 22:42:13.793759,0 days 00:00:01.486601,11,0.9991768883975676,0.07836420493532717,0.9824872287895209,0.02941555315225955,202,3370932,8.025,2.4926040600143464,0.741,0.2707665045754367,200.0,4,11.090000000000002,"[0.9889999999999999, 0.12]",3370932,"[9.889999999999999, 1.2]",0.005947878360748291,1.1895756721496582,5.569999999999999,"[0.657, -0.09999999999999999]",3371932,"[6.57, -0.9999999999999999]",0.006485329866409302,1.2970659732818604,5.57,"[0.33399999999999996, 0.22299999999999995]",3372932,"[3.34, 2.2299999999999995]",0.006395106315612793,1.2790212631225586,9.870000000000001,"[0.984, 0.003000000000000007]",3373932,"[9.84, 0.03000000000000007]",0.006432479619979859,1.2864959239959717,WelfareSolutionConcept,7.41,2.707665045754367,0.006315198540687562,0.00021448128510194233,1.2630397081375122,0.042896257020388434,COMPLETE
338,5.905,2025-06-12 22:42:13.815298,2025-06-12 22:42:15.295762,0 days 00:00:01.480464,11,0.9955906101015125,0.08073214830226337,0.9820915223504073,0.030061648786627492,204,3380933,5.905,4.166536331294856,0.47425,0.33236905316229426,200.0,4,6.74,"[0.666, 0.008000000000000005]",3380933,"[6.66, 0.08000000000000006]",0.00646614670753479,1.293229341506958,3.43,"[0.336, 0.0070000000000000045]",3381933,"[3.3600000000000003, 0.07000000000000005]",0.006381893157958984,1.2763786315917969,12.26,"[0.8859999999999999, 0.33999999999999997]",3382933,"[8.86, 3.3999999999999995]",0.005582338571548462,1.1164677143096924,1.1900000000000002,"[0.009000000000000018, 0.10999999999999995]",3383933,"[0.09000000000000019, 1.0999999999999994]",0.006440962553024292,1.2881925106048584,WelfareSolutionConcept,4.7425,3.3236905316229426,0.006217835247516632,0.00036817638394686644,1.2435670495033264,0.07363527678937333,COMPLETE
339,3.9675000000000002,2025-06-12 22:42:15.310812,2025-06-12 22:42:16.869153,0 days 00:00:01.558341,11,0.9895600319379995,0.08398232065683922,0.9871121779887277,0.021010904390658575,217,3390935,3.9675000000000002,1.7516046214828274,0.362,0.08841379982785497,210.0,4,6.569999999999999,"[0.4370000000000001, 0.21999999999999997]",3390935,"[4.370000000000001, 2.1999999999999997]",0.006601559548150926,1.3863275051116943,2.35,"[0.33499999999999996, -0.09999999999999999]",3391935,"[3.3499999999999996, -0.9999999999999999]",0.0065595785776774084,1.3775115013122559,2.38,"[0.22899999999999993, 0.009000000000000006]",3392935,"[2.289999999999999, 0.09000000000000007]",0.006528236752464658,1.3709297180175781,4.569999999999999,"[0.44699999999999995, 0.010000000000000007]",3393935,"[4.47, 0.10000000000000007]",0.006388530277070545,1.3415913581848145,WelfareSolutionConcept,3.62,0.8841379982785498,0.006519476288840883,7.99522650560144e-05,1.3690900206565857,0.016789975661763042,COMPLETE
340,5.484999999999999,2025-06-12 22:42:16.885003,2025-06-12 22:42:18.351900,0 days 00:00:01.466897,10,0.9986461290842236,0.07725025242444385,0.9821610858437084,0.02978258893742702,193,3400936,5.484999999999999,1.9303950372915901,0.42250000000000004,0.19205402885646528,190.0,4,5.79,"[0.45100000000000007, 0.12799999999999997]",3400936,"[4.510000000000001, 1.2799999999999998]",0.005874481954072651,1.1161515712738037,5.75,"[0.44700000000000006, 0.12799999999999997]",3401936,"[4.470000000000001, 1.2799999999999998]",0.0062619585739938834,1.189772129058838,2.5000000000000004,"[0.12700000000000003, 0.12299999999999997]",3402936,"[1.2700000000000002, 1.2299999999999998]",0.006005583311382093,1.1410608291625977,7.9,"[0.665, 0.125]",3403936,"[6.65, 1.25]",0.0059463300203022205,1.1298027038574219,WelfareSolutionConcept,4.225,1.9205402885646528,0.006022088464937712,0.00014606258358650619,1.1441968083381653,0.027751890881436175,COMPLETE
