number,value,datetime_start,datetime_complete,duration,params_episode_length,params_epsilon_max,params_epsilon_min,params_gamma,params_learning_rate,params_num_episodes,user_attrs_base_seed,user_attrs_collective_reward_mean,user_attrs_collective_reward_std,user_attrs_individual_reward_agent0_mean,user_attrs_individual_reward_agent0_std,user_attrs_num_episodes_mean,user_attrs_num_parallel_runs,user_attrs_run_0_collective_reward,user_attrs_run_0_individual_rewards,user_attrs_run_0_seed,user_attrs_run_0_total_individual_rewards,user_attrs_run_0_training_time_per_episode,user_attrs_run_0_training_time_total,user_attrs_run_1_collective_reward,user_attrs_run_1_individual_rewards,user_attrs_run_1_seed,user_attrs_run_1_total_individual_rewards,user_attrs_run_1_training_time_per_episode,user_attrs_run_1_training_time_total,user_attrs_run_2_collective_reward,user_attrs_run_2_individual_rewards,user_attrs_run_2_seed,user_attrs_run_2_total_individual_rewards,user_attrs_run_2_training_time_per_episode,user_attrs_run_2_training_time_total,user_attrs_run_3_collective_reward,user_attrs_run_3_individual_rewards,user_attrs_run_3_seed,user_attrs_run_3_total_individual_rewards,user_attrs_run_3_training_time_per_episode,user_attrs_run_3_training_time_total,user_attrs_solution_concept,user_attrs_total_individual_reward_agent0_mean,user_attrs_total_individual_reward_agent0_std,user_attrs_training_time_per_episode_mean,user_attrs_training_time_per_episode_std,user_attrs_training_time_total_mean,user_attrs_training_time_total_std,state
419,6.202499999999997,2025-06-12 22:24:14.771728,2025-06-12 22:24:20.152262,0 days 00:00:05.380534,50,0.8825133620954253,0.08723350847207026,0.9174924312010577,0.0001461430962274962,170,4199854,6.202499999999997,3.013879352263458,0.2792499999999999,0.22102530963670208,170.0,4,1.6799999999999966,"[0.06699999999999982, 0.10099999999999984]",4199854,"[0.6699999999999983, 1.0099999999999985]",0.023651360062991872,4.020731210708618,6.049999999999997,"[0.07999999999999986, 0.5249999999999998]",4200854,"[0.7999999999999986, 5.249999999999998]",0.0306057425106273,5.202976226806641,10.109999999999998,"[0.599, 0.4119999999999999]",4201854,"[5.99, 4.119999999999999]",0.029228580699247473,4.96885871887207,6.969999999999997,"[0.371, 0.3259999999999999]",4202854,"[3.71, 3.259999999999999]",0.02025031201979693,3.4425530433654785,MinimaxSolutionConcept,2.7924999999999995,2.2102530963670213,0.025933998823165893,0.004189098775625254,4.408779799938202,0.712146791856293,COMPLETE
420,9.744999999999997,2025-06-12 22:24:20.167839,2025-06-12 22:24:25.783078,0 days 00:00:05.615239,49,0.863556782489791,0.07875878536118469,0.9145215311068781,0.00011307724834526056,183,4209860,9.744999999999997,2.011771607315304,0.5354999999999999,0.1686260656007843,180.0,4,8.069999999999997,"[0.4539999999999999, 0.35299999999999987]",4209860,"[4.539999999999999, 3.5299999999999985]",0.020088989204830595,3.616018056869507,12.939999999999998,"[0.8099999999999999, 0.4839999999999999]",4210860,"[8.1, 4.839999999999999]",0.02936251163482666,5.285252094268799,7.979999999999998,"[0.5199999999999998, 0.2779999999999998]",4211860,"[5.1999999999999975, 2.779999999999998]",0.030190753936767577,5.434335708618164,9.989999999999998,"[0.3579999999999998, 0.641]",4212860,"[3.5799999999999983, 6.41]",0.02120438681708442,3.8167896270751953,MinimaxSolutionConcept,5.354999999999999,1.6862606560078433,0.025211660398377314,0.004591321709586851,4.538098871707916,0.8264379077256333,COMPLETE
421,6.084999999999998,2025-06-12 22:24:27.939363,2025-06-12 22:24:34.022663,0 days 00:00:06.083300,49,0.8548504097950422,0.07849033328977921,0.9249979460460481,0.00011219920942459168,184,4219868,6.084999999999998,2.6821493247021135,0.26949999999999985,0.09891536786566588,180.0,4,2.259999999999997,"[0.2009999999999998, 0.02499999999999984]",4219868,"[2.009999999999998, 0.2499999999999984]",0.023768373330434165,4.278307199478149,9.399999999999999,"[0.4159999999999999, 0.5239999999999998]",4220868,"[4.159999999999999, 5.239999999999998]",0.03277598089641995,5.899676561355591,7.5699999999999985,"[0.1599999999999999, 0.5969999999999999]",4221868,"[1.599999999999999, 5.969999999999999]",0.022520734204186335,4.05373215675354,5.109999999999997,"[0.3009999999999998, 0.20999999999999988]",4222868,"[3.009999999999998, 2.0999999999999988]",0.03167103926340739,5.70078706741333,MinimaxSolutionConcept,2.6949999999999985,0.9891536786566586,0.02768403192361196,0.004577559323127772,4.983125746250153,0.823960678162999,COMPLETE
422,8.319999999999999,2025-06-12 22:24:34.037996,2025-06-12 22:24:40.154126,0 days 00:00:06.116130,50,0.8709184374088563,0.07845286011748698,0.9130096800137321,0.0001327304527699701,203,4229874,8.319999999999999,3.204535847825704,0.5197499999999999,0.25278090810027565,200.0,4,9.329999999999998,"[0.6559999999999999, 0.2769999999999999]",4229874,"[6.559999999999999, 2.769999999999999]",0.02311346888542175,4.622693777084351,4.629999999999997,"[0.1989999999999999, 0.2639999999999999]",4230874,"[1.9899999999999989, 2.639999999999999]",0.021117382049560547,4.223476409912109,13.04,"[0.8539999999999999, 0.4499999999999999]",4231874,"[8.54, 4.499999999999999]",0.029668651819229126,5.933730363845825,6.2799999999999985,"[0.36999999999999994, 0.25799999999999984]",4232874,"[3.6999999999999993, 2.5799999999999983]",0.029670766592025756,5.934153318405151,MinimaxSolutionConcept,5.197499999999999,2.5278090810027565,0.025892567336559293,0.0038425052492010864,5.178513467311859,0.7685010498402173,COMPLETE
423,9.324999999999998,2025-06-12 22:24:40.169591,2025-06-12 22:24:45.200815,0 days 00:00:05.031224,48,0.8379731551940226,0.08139168984326256,0.9225863863897424,0.00010955954950551219,178,4239880,9.324999999999998,2.5843616233027458,0.4622499999999999,0.10145534732087806,170.0,4,4.999999999999997,"[0.3569999999999999, 0.14299999999999988]",4239880,"[3.5699999999999985, 1.4299999999999988]",0.0204776595620548,3.4812021255493164,10.309999999999999,"[0.43199999999999994, 0.599]",4240880,"[4.319999999999999, 5.99]",0.020206643553341137,3.435129404067993,11.849999999999998,"[0.6299999999999999, 0.5549999999999999]",4241880,"[6.299999999999999, 5.549999999999999]",0.018641445216010598,3.1690456867218018,10.139999999999999,"[0.4299999999999999, 0.5839999999999999]",4242880,"[4.299999999999999, 5.839999999999998]",0.028514814376831055,4.847518444061279,MinimaxSolutionConcept,4.622499999999999,1.0145534732087809,0.021960140677059398,0.00384870073183463,3.7332239151000977,0.654279124411887,COMPLETE
424,7.7624999999999975,2025-06-12 22:24:45.216049,2025-06-12 22:24:51.333721,0 days 00:00:06.117672,49,0.8244428173888566,0.08418584805056548,0.9152443373219882,0.0001598465436974065,190,4249885,7.7624999999999975,1.572265483307447,0.24124999999999985,0.08277190042520467,190.0,4,8.699999999999998,"[0.17299999999999985, 0.6969999999999998]",4249885,"[1.7299999999999984, 6.969999999999999]",0.029445298094498484,5.594606637954712,9.859999999999998,"[0.27499999999999986, 0.7110000000000001]",4250885,"[2.7499999999999987, 7.110000000000001]",0.021449888379950273,4.075478792190552,6.289999999999998,"[0.3609999999999998, 0.26799999999999985]",4251885,"[3.609999999999998, 2.6799999999999984]",0.03126969086496453,5.941241264343262,6.199999999999997,"[0.15599999999999986, 0.46399999999999997]",4252885,"[1.5599999999999987, 4.64]",0.022176452686912134,4.213526010513306,MinimaxSolutionConcept,2.4124999999999983,0.8277190042520467,0.026085332506581356,0.00432821048575103,4.956213176250458,0.822359992292696,COMPLETE
425,9.104999999999997,2025-06-12 22:24:51.348853,2025-06-12 22:24:56.730275,0 days 00:00:05.381422,50,0.8769802678500915,0.07501355049484315,0.909389867055655,0.00012423559302335654,177,4259891,9.104999999999997,2.5028833372732344,0.4199999999999999,0.10383159442096615,170.0,4,11.389999999999999,"[0.45299999999999996, 0.6859999999999998]",4259891,"[4.529999999999999, 6.8599999999999985]",0.03064001027275534,5.208801746368408,4.8699999999999966,"[0.3129999999999999, 0.17399999999999985]",4260891,"[3.129999999999999, 1.7399999999999984]",0.029718774907729204,5.052191734313965,10.079999999999997,"[0.33899999999999986, 0.669]",4261891,"[3.389999999999999, 6.69]",0.02103094774134019,3.575261116027832,10.079999999999998,"[0.575, 0.43299999999999994]",4262891,"[5.75, 4.329999999999999]",0.020168492373298198,3.4286437034606934,MinimaxSolutionConcept,4.199999999999999,1.0383159442096614,0.025389556323780732,0.004810571113907904,4.316224575042725,0.8177970893643438,COMPLETE
426,5.8024999999999975,2025-06-12 22:24:58.868210,2025-06-12 22:25:03.899906,0 days 00:00:05.031696,48,0.873399880353839,0.08715260985669308,0.9190141670720439,0.00014436935830220213,167,4269898,5.8024999999999975,3.388704582875291,0.3972499999999999,0.23286087584650197,160.0,4,2.509999999999997,"[0.35299999999999987, -0.10200000000000017]",4269898,"[3.5299999999999985, -1.0200000000000018]",0.024303360283374785,3.888537645339966,4.999999999999998,"[0.4459999999999999, 0.053999999999999826]",4270898,"[4.459999999999999, 0.5399999999999983]",0.023294489085674285,3.7271182537078857,11.459999999999997,"[0.7209999999999999, 0.4249999999999998]",4271898,"[7.209999999999999, 4.249999999999998]",0.021273435652256013,3.403749704360962,4.2399999999999975,"[0.06899999999999987, 0.3549999999999999]",4272898,"[0.6899999999999986, 3.5499999999999994]",0.03034028708934784,4.854445934295654,MinimaxSolutionConcept,3.9724999999999984,2.3286087584650197,0.02480289302766323,0.0033780400298849514,3.968462884426117,0.5404864047815924,COMPLETE
427,5.322499999999997,2025-06-12 22:25:03.915179,2025-06-12 22:25:09.786713,0 days 00:00:05.871534,49,0.8693449219544804,0.0795576964099692,0.915781475592694,0.00010441431286994965,185,4279903,5.322499999999997,4.173783505406097,0.1827499999999998,0.16209931369379704,180.0,4,9.159999999999998,"[0.15799999999999975, 0.758]",4279903,"[1.5799999999999974, 7.58]",0.03162460989422268,5.692429780960083,-0.4900000000000035,"[-0.0690000000000002, 0.019999999999999858]",4280903,"[-0.690000000000002, 0.19999999999999857]",0.02313924100663927,4.165063381195068,9.409999999999998,"[0.3589999999999999, 0.5819999999999997]",4281903,"[3.589999999999999, 5.819999999999998]",0.03042105171415541,5.475789308547974,3.209999999999997,"[0.28299999999999986, 0.037999999999999826]",4282903,"[2.8299999999999987, 0.37999999999999823]",0.02363824314541287,4.254883766174316,MinimaxSolutionConcept,1.8274999999999983,1.6209931369379702,0.027205786440107557,0.0038447395367930555,4.89704155921936,0.6920531166227503,COMPLETE
428,7.944999999999997,2025-06-12 22:25:09.802046,2025-06-12 22:25:15.109935,0 days 00:00:05.307889,48,0.8602945176014819,0.08673171924731987,0.9101186635272411,0.0001213600619094544,173,4289909,7.944999999999997,2.2386882319787182,0.3209999999999999,0.17313722880998184,170.0,4,7.869999999999997,"[0.35699999999999993, 0.4299999999999999]",4289909,"[3.5699999999999994, 4.299999999999999]",0.021765650019926183,3.700160503387451,7.609999999999997,"[0.15199999999999986, 0.609]",4290909,"[1.5199999999999987, 6.09]",0.02286800216226017,3.8875603675842285,11.299999999999997,"[0.5889999999999999, 0.541]",4291909,"[5.889999999999999, 5.41]",0.02100234171923469,3.5703980922698975,4.999999999999997,"[0.18599999999999986, 0.3139999999999999]",4292909,"[1.8599999999999985, 3.139999999999999]",0.030157051366918226,5.126698732376099,MinimaxSolutionConcept,3.209999999999999,1.7313722880998184,0.023948261317084815,0.0036454858412828446,4.071204423904419,0.6197325930180837,COMPLETE
429,7.954999999999997,2025-06-12 22:25:15.130156,2025-06-12 22:25:20.694049,0 days 00:00:05.563893,49,0.6477890614660533,0.0746138234584356,0.9073351171861529,0.00016348640188831802,162,4299915,7.954999999999997,2.4252267935184957,0.38949999999999985,0.0915027321996453,160.0,4,11.85,"[0.5049999999999999, 0.6799999999999999]",4299915,"[5.049999999999999, 6.799999999999999]",0.033028526604175566,5.284564256668091,8.099999999999998,"[0.33899999999999986, 0.4709999999999999]",4300915,"[3.389999999999999, 4.709999999999999]",0.022730574011802673,3.6368918418884277,5.639999999999997,"[0.2689999999999998, 0.2949999999999998]",4301915,"[2.6899999999999977, 2.9499999999999984]",0.033641664683818816,5.382666349411011,6.229999999999998,"[0.44499999999999984, 0.17799999999999988]",4302915,"[4.449999999999998, 1.779999999999999]",0.02364087551832199,3.7825400829315186,MinimaxSolutionConcept,3.8949999999999987,0.9150273219964531,0.02826041020452976,0.0050894995531709925,4.521665632724762,0.8143199285073589,COMPLETE
430,5.767499999999997,2025-06-12 22:25:20.709316,2025-06-12 22:25:26.664014,0 days 00:00:05.954698,47,0.850829877549738,0.04433274510907442,0.9216265629708071,0.00013653928358007135,194,4309920,5.767499999999997,2.601003412146936,0.2327499999999999,0.09462392667819279,190.0,4,7.319999999999998,"[0.29999999999999993, 0.4319999999999998]",4309920,"[2.999999999999999, 4.319999999999998]",0.027720982150027627,5.266986608505249,7.749999999999999,"[0.20699999999999985, 0.568]",4310920,"[2.0699999999999985, 5.68]",0.03042625628019634,5.780988693237305,1.3099999999999967,"[0.08999999999999986, 0.04099999999999985]",4311920,"[0.8999999999999986, 0.4099999999999985]",0.02083973006198281,3.9595487117767334,6.689999999999999,"[0.3339999999999999, 0.33499999999999985]",4312920,"[3.339999999999999, 3.3499999999999988]",0.02264083937594765,4.301759481430054,MinimaxSolutionConcept,2.327499999999999,0.9462392667819279,0.025406951967038606,0.0038424941858277895,4.827320873737335,0.7300738953072801,COMPLETE
431,9.889999999999997,2025-06-12 22:25:28.803185,2025-06-12 22:25:34.164159,0 days 00:00:05.360974,49,0.8662084738373733,0.08323744469975626,0.9167355379699837,0.00010001261152988049,182,4319928,9.889999999999997,3.2247868146592262,0.48849999999999993,0.16812867096364026,180.0,4,14.779999999999998,"[0.7619999999999999, 0.7159999999999999]",4319928,"[7.619999999999999, 7.159999999999998]",0.020168508423699272,3.630331516265869,9.959999999999999,"[0.4599999999999998, 0.5359999999999998]",4320928,"[4.599999999999998, 5.359999999999998]",0.020928049087524415,3.7670488357543945,5.769999999999998,"[0.3049999999999998, 0.2719999999999999]",4321928,"[3.049999999999998, 2.719999999999999]",0.02883659733666314,5.190587520599365,9.049999999999997,"[0.42699999999999994, 0.4779999999999999]",4322928,"[4.27, 4.779999999999999]",0.027944469451904298,5.030004501342773,MinimaxSolutionConcept,4.884999999999999,1.6812867096364026,0.024469406074947783,0.003942947974205172,4.404493093490601,0.7097306353569308,COMPLETE
432,9.937499999999998,2025-06-12 22:25:34.179290,2025-06-12 22:25:39.493566,0 days 00:00:05.314276,50,0.8692799370235547,0.09002597675605759,0.9138585908003668,0.00010459619104106772,177,4329934,9.937499999999998,1.5865115032674684,0.5352499999999999,0.09122054319066514,170.0,4,10.65,"[0.6449999999999999, 0.41999999999999993]",4329934,"[6.449999999999999, 4.199999999999999]",0.030205922968247357,5.135006904602051,7.339999999999998,"[0.5269999999999999, 0.2069999999999999]",4330934,"[5.27, 2.069999999999999]",0.028396976695341223,4.827486038208008,11.6,"[0.5739999999999998, 0.5860000000000001]",4331934,"[5.739999999999998, 5.860000000000001]",0.023149814325220446,3.9354684352874756,10.159999999999998,"[0.39499999999999985, 0.621]",4332934,"[3.9499999999999984, 6.21]",0.02259977424845976,3.841961622238159,MinimaxSolutionConcept,5.352499999999999,0.9122054319066514,0.026088122059317195,0.0032821226685501243,4.434980750083923,0.5579608536535211,COMPLETE
433,7.434999999999997,2025-06-12 22:25:39.508702,2025-06-12 22:25:45.298761,0 days 00:00:05.790059,50,0.8682412819094638,0.08991586314778491,0.9121618804807498,0.0001054231356685114,170,4339939,7.434999999999997,1.927050855582177,0.4167499999999999,0.12283805395723274,170.0,4,9.149999999999997,"[0.4929999999999999, 0.4219999999999999]",4339939,"[4.929999999999999, 4.219999999999999]",0.02242711151347441,3.8126089572906494,9.129999999999997,"[0.31099999999999983, 0.602]",4340939,"[3.1099999999999985, 6.02]",0.03213217118207146,5.462469100952148,4.459999999999996,"[0.2849999999999998, 0.16099999999999987]",4341939,"[2.849999999999998, 1.6099999999999985]",0.025062917260562673,4.260695934295654,6.9999999999999964,"[0.5780000000000001, 0.12199999999999984]",4342939,"[5.780000000000001, 1.2199999999999984]",0.033047997250276455,5.618159532546997,MinimaxSolutionConcept,4.167499999999999,1.2283805395723275,0.028167549301596248,0.004531235067407923,4.788483381271362,0.7703099614593467,COMPLETE
434,6.649999999999999,2025-06-12 22:25:45.313845,2025-06-12 22:25:51.041325,0 days 00:00:05.727480,50,0.8617808995967394,0.08305048265822018,0.9136765458331086,0.00010127295093947632,177,4349945,6.649999999999999,1.124788869077215,0.3387499999999999,0.18566956535738433,170.0,4,8.339999999999998,"[0.6599999999999999, 0.17399999999999985]",4349945,"[6.6, 1.7399999999999984]",0.02980484822217156,5.066824197769165,5.269999999999997,"[0.23299999999999987, 0.2939999999999999]",4350945,"[2.3299999999999987, 2.9399999999999986]",0.03268281011020436,5.556077718734741,6.849999999999997,"[0.24299999999999988, 0.4419999999999999]",4351945,"[2.429999999999999, 4.419999999999999]",0.021846837155959184,3.7139623165130615,6.139999999999999,"[0.21899999999999986, 0.39499999999999985]",4352945,"[2.1899999999999986, 3.9499999999999984]",0.022376915987800148,3.8040757179260254,MinimaxSolutionConcept,3.3874999999999984,1.8566956535738433,0.026677852869033812,0.0046817299762791096,4.535234987735748,0.7958940959674485,COMPLETE
435,6.834999999999996,2025-06-12 22:25:51.056884,2025-06-12 22:26:03.265416,0 days 00:00:12.208532,49,0.8475446485234077,0.09087845017286518,0.9139408585331019,0.00011355633398503256,397,4359951,6.834999999999996,2.132281641810012,0.2762499999999999,0.12254871480354251,390.0,4,5.929999999999996,"[0.2839999999999998, 0.3089999999999999]",4359951,"[2.839999999999998, 3.089999999999999]",0.02894937075101412,11.290254592895508,8.249999999999996,"[0.15999999999999986, 0.6649999999999999]",4360951,"[1.5999999999999988, 6.6499999999999995]",0.030848357004997058,12.030859231948853,9.339999999999998,"[0.47299999999999986, 0.46099999999999997]",4361951,"[4.729999999999999, 4.609999999999999]",0.01984428564707438,7.739271402359009,3.819999999999997,"[0.18799999999999986, 0.19399999999999987]",4362951,"[1.8799999999999986, 1.9399999999999986]",0.022247953292651054,8.676701784133911,MinimaxSolutionConcept,2.7624999999999984,1.225487148035425,0.025472491673934155,0.004556944344281293,9.93427175283432,1.7772082942697038,COMPLETE
436,9.827499999999999,2025-06-12 22:26:05.524803,2025-06-12 22:26:10.334121,0 days 00:00:04.809318,50,0.8411483371048876,0.03978751552144904,0.915384924788996,0.022737375245784515,160,4369965,9.827499999999999,2.8774500430068293,0.4787499999999999,0.1713145863608818,160.0,4,11.919999999999998,"[0.5660000000000001, 0.6259999999999999]",4369965,"[5.66, 6.259999999999999]",0.019321101903915405,3.091376304626465,12.909999999999998,"[0.69, 0.6009999999999999]",4370965,"[6.8999999999999995, 6.009999999999999]",0.021500535309314728,3.4400856494903564,5.529999999999998,"[0.22799999999999981, 0.3249999999999999]",4371965,"[2.279999999999998, 3.249999999999999]",0.023801146447658537,3.808183431625366,8.949999999999998,"[0.4309999999999999, 0.46399999999999986]",4372965,"[4.309999999999999, 4.639999999999999]",0.02896178364753723,4.633885383605957,MinimaxSolutionConcept,4.787499999999999,1.713145863608818,0.023396141827106476,0.0035825853814630826,3.743382692337036,0.5732136610340933,COMPLETE
437,5.204999999999997,2025-06-12 22:26:10.349830,2025-06-12 22:26:15.560099,0 days 00:00:05.210269,48,0.834580745501891,0.03624004238124931,0.9184821683073787,0.02621220938642443,163,4379970,5.204999999999997,2.3987131966952617,0.16049999999999986,0.07356119901143539,160.0,4,6.329999999999998,"[0.04599999999999983, 0.587]",4379970,"[0.4599999999999983, 5.869999999999999]",0.019956262409687044,3.1930019855499268,6.779999999999997,"[0.2489999999999999, 0.42899999999999994]",4380970,"[2.489999999999999, 4.289999999999999]",0.021645401418209077,3.463264226913452,1.059999999999997,"[0.1869999999999999, -0.0810000000000002]",4381970,"[1.8699999999999988, -0.8100000000000019]",0.03150257021188736,5.0404112339019775,6.649999999999997,"[0.15999999999999984, 0.5049999999999998]",4382970,"[1.5999999999999983, 5.049999999999998]",0.021387176215648653,3.421948194503784,MinimaxSolutionConcept,1.6049999999999986,0.735611990114354,0.023622852563858036,0.004594627170367028,3.779656410217285,0.7351403472587245,COMPLETE
438,8.009999999999998,2025-06-12 22:26:15.575720,2025-06-12 22:26:20.749635,0 days 00:00:05.173915,50,0.8545451125097954,0.03026815541481677,0.9116579255059761,0.023394622849062508,156,4389975,8.009999999999998,1.1994582110269623,0.42799999999999994,0.15385057685949702,150.0,4,9.819999999999999,"[0.6199999999999999, 0.3619999999999998]",4389975,"[6.199999999999999, 3.6199999999999983]",0.02419080098470052,3.628620147705078,6.7399999999999975,"[0.48199999999999993, 0.19199999999999987]",4390975,"[4.819999999999999, 1.9199999999999986]",0.023512967427571616,3.526945114135742,8.339999999999998,"[0.19399999999999987, 0.6399999999999999]",4391975,"[1.9399999999999986, 6.399999999999999]",0.033314510981241864,4.997176647186279,7.139999999999999,"[0.4159999999999998, 0.2979999999999999]",4392975,"[4.159999999999998, 2.9799999999999986]",0.03258131980895996,4.887197971343994,MinimaxSolutionConcept,4.279999999999999,1.5385057685949706,0.028399899800618487,0.004561696427968499,4.259984970092773,0.6842544641952749,COMPLETE
