number,value,datetime_start,datetime_complete,duration,params_episode_length,params_epsilon_max,params_epsilon_min,params_gamma,params_learning_rate,params_num_episodes,user_attrs_base_seed,user_attrs_collective_reward_mean,user_attrs_collective_reward_std,user_attrs_individual_reward_agent0_mean,user_attrs_individual_reward_agent0_std,user_attrs_num_episodes_mean,user_attrs_num_parallel_runs,user_attrs_run_0_collective_reward,user_attrs_run_0_individual_rewards,user_attrs_run_0_seed,user_attrs_run_0_total_individual_rewards,user_attrs_run_0_training_time_per_episode,user_attrs_run_0_training_time_total,user_attrs_run_1_collective_reward,user_attrs_run_1_individual_rewards,user_attrs_run_1_seed,user_attrs_run_1_total_individual_rewards,user_attrs_run_1_training_time_per_episode,user_attrs_run_1_training_time_total,user_attrs_run_2_collective_reward,user_attrs_run_2_individual_rewards,user_attrs_run_2_seed,user_attrs_run_2_total_individual_rewards,user_attrs_run_2_training_time_per_episode,user_attrs_run_2_training_time_total,user_attrs_run_3_collective_reward,user_attrs_run_3_individual_rewards,user_attrs_run_3_seed,user_attrs_run_3_total_individual_rewards,user_attrs_run_3_training_time_per_episode,user_attrs_run_3_training_time_total,user_attrs_solution_concept,user_attrs_total_individual_reward_agent0_mean,user_attrs_total_individual_reward_agent0_std,user_attrs_training_time_per_episode_mean,user_attrs_training_time_per_episode_std,user_attrs_training_time_total_mean,user_attrs_training_time_total_std,state
41,6.217499999999999,2025-06-12 17:23:16.826870,2025-06-12 17:23:25.302759,0 days 00:00:08.475889,18,0.6179866764290769,0.08227144921829478,0.9634613457429587,0.035580573978096094,179,411796,6.217499999999999,2.4659012044281097,0.50825,0.19619425960001993,170.0,4,3.4599999999999995,"[0.40099999999999997, -0.05500000000000003]",411796,"[4.01, -0.5500000000000003]",0.04869663434870103,8.278427839279175,5.69,"[0.394, 0.175]",412796,"[3.9400000000000004, 1.75]",0.04195951153250302,7.133116960525513,10.21,"[0.8480000000000001, 0.173]",413796,"[8.48, 1.73]",0.04597493480233585,7.815738916397095,5.51,"[0.39, 0.16100000000000003]",414796,"[3.9000000000000004, 1.6100000000000003]",0.04425371113945456,7.523130893707275,ParetoSolutionConcept,5.0825,1.961942596000199,0.04522119795574862,0.0024607624031308273,7.687603652477264,0.4183296085322407,COMPLETE
42,8.1175,2025-06-12 17:23:25.319324,2025-06-12 17:23:31.242498,0 days 00:00:05.923174,10,0.5161876774723569,0.07487023575334757,0.9705613166962525,0.09646866430016872,229,421805,8.1175,1.8812678570581072,0.71475,0.15893611137812577,220.0,4,9.910000000000002,"[0.764, 0.22700000000000004]",421805,"[7.640000000000001, 2.2700000000000005]",0.02290196743878451,5.038432836532593,10.010000000000002,"[0.874, 0.12700000000000003]",422805,"[8.74, 1.2700000000000002]",0.02429697188464078,5.345333814620972,6.81,"[0.7710000000000001, -0.08999999999999998]",423805,"[7.710000000000001, -0.8999999999999998]",0.02566504044966264,5.646308898925781,5.740000000000001,"[0.45, 0.12399999999999997]",424805,"[4.5, 1.2399999999999998]",0.02584560676054521,5.686033487319946,ParetoSolutionConcept,7.147500000000001,1.5893611137812578,0.02467739663340829,0.0011871212052195828,5.429027259349823,0.26116666514830816,COMPLETE
43,8.8225,2025-06-12 17:23:31.257361,2025-06-12 17:23:37.300212,0 days 00:00:06.042851,14,0.5506097445867836,0.08567945683461134,0.9872029063495167,0.02160625089319679,159,431811,8.8225,0.5635323859371342,0.6887500000000001,0.1231003147843254,150.0,4,8.19,"[0.6340000000000001, 0.18500000000000005]",431811,"[6.340000000000002, 1.8500000000000005]",0.03729913393656413,5.594870090484619,9.24,"[0.524, 0.4000000000000001]",432811,"[5.24, 4.000000000000001]",0.03771316528320313,5.656974792480469,9.509999999999998,"[0.8550000000000001, 0.09600000000000002]",433811,"[8.55, 0.9600000000000002]",0.038854486147562664,5.828172922134399,8.350000000000001,"[0.7420000000000001, 0.093]",434811,"[7.420000000000001, 0.9299999999999999]",0.039153486887613935,5.87302303314209,ParetoSolutionConcept,6.887500000000001,1.2310031478432542,0.038255068063735964,0.0007703776835678954,5.738260209560394,0.11555665253518432,COMPLETE
44,7.0875,2025-06-12 17:23:37.315410,2025-06-12 17:23:46.478042,0 days 00:00:09.162632,16,0.6160737584459313,0.059268204640095225,0.9427060931701351,0.05603414115664591,251,441817,7.0875,1.7256792141067236,0.68825,0.12027338649925846,250.0,4,5.92,"[0.627, -0.034999999999999996]",441817,"[6.27, -0.35]",0.03570066452026367,8.925166130065918,8.19,"[0.7450000000000001, 0.074]",442817,"[7.450000000000001, 0.74]",0.03308021354675293,8.270053386688232,9.28,"[0.85, 0.07799999999999999]",443817,"[8.5, 0.7799999999999998]",0.03337621784210205,8.344054460525513,4.96,"[0.5309999999999999, -0.035]",444817,"[5.309999999999999, -0.35000000000000003]",0.03406322288513183,8.515805721282959,ParetoSolutionConcept,6.882499999999999,1.202733864992585,0.03405507969856262,0.00101479470226762,8.513769924640656,0.25369867556690495,COMPLETE
45,8.5375,2025-06-12 17:23:46.495207,2025-06-12 17:23:52.798367,0 days 00:00:06.303160,22,0.9932946984982248,0.12689746374630884,0.9658043152047947,0.011959368050644162,100,451826,8.5375,1.6221956571264766,0.64975,0.060454011446718754,100.0,4,5.979999999999999,"[0.599, -0.0010000000000000453]",451826,"[5.99, -0.010000000000000453]",0.058824782371520994,5.8824782371521,9.64,"[0.727, 0.23699999999999996]",452826,"[7.27, 2.3699999999999997]",0.05626010656356811,5.6260106563568115,8.34,"[0.583, 0.251]",453826,"[5.83, 2.51]",0.06122674942016602,6.122674942016602,10.19,"[0.6900000000000001, 0.32899999999999996]",454826,"[6.9, 3.2899999999999996]",0.05943332195281983,5.943332195281982,ParetoSolutionConcept,6.4975000000000005,0.6045401144671873,0.05893624007701874,0.0017795811897904038,5.893624007701874,0.17795811897904024,COMPLETE
46,8.8525,2025-06-12 17:23:53.061290,2025-06-12 17:24:06.604470,0 days 00:00:13.543180,18,0.6704760148507641,0.036395844153937325,0.9755936119189847,0.0010801023708057597,326,461833,8.8525,2.8547799827657476,0.7822499999999999,0.18898329952670423,320.0,4,11.03,"[0.9369999999999999, 0.166]",461833,"[9.37, 1.6600000000000001]",0.038025105744600295,12.168033838272095,6.739999999999999,"[0.733, -0.05900000000000002]",462833,"[7.33, -0.5900000000000002]",0.04169929251074791,13.343773603439331,12.24,"[0.9650000000000001, 0.259]",463833,"[9.65, 2.59]",0.03820477053523064,12.225526571273804,5.399999999999999,"[0.49399999999999994, 0.046]",464833,"[4.9399999999999995, 0.45999999999999996]",0.040492930263280866,12.957737684249878,ParetoSolutionConcept,7.8225,1.889832995267042,0.039605524763464926,0.001551707815905697,12.673767924308777,0.49654650108982323,COMPLETE
47,8.5725,2025-06-12 17:24:06.619357,2025-06-12 17:24:28.528381,0 days 00:00:21.909024,31,0.5272070087240658,0.101535345218031,0.9532687749785745,0.003092237990653286,368,471846,8.5725,2.5292526069967787,0.7784999999999999,0.09791450352220561,360.0,4,9.810000000000002,"[0.8339999999999999, 0.14699999999999994]",471846,"[8.339999999999998, 1.4699999999999993]",0.055877808729807535,20.116011142730713,6.289999999999999,"[0.6889999999999998, -0.060000000000000074]",472846,"[6.889999999999999, -0.6000000000000008]",0.05873760316107008,21.14553713798523,6.0699999999999985,"[0.6799999999999999, -0.07300000000000006]",473846,"[6.799999999999999, -0.7300000000000006]",0.05900710622469584,21.242558240890503,12.12,"[0.9110000000000001, 0.30099999999999993]",474846,"[9.110000000000001, 3.0099999999999993]",0.06034506095780267,21.72422194480896,ParetoSolutionConcept,7.784999999999998,0.9791450352220561,0.05849189476834404,0.0016273818084300512,21.05708211660385,0.585857451034818,COMPLETE
48,7.104999999999998,2025-06-12 17:24:28.543003,2025-06-12 17:24:40.367829,0 days 00:00:11.824826,42,0.7180607963629433,0.1737316222790889,0.9129675097559591,0.00039510355586708777,147,481868,7.104999999999998,4.688883129275031,0.6627500000000001,0.17306555838756596,140.0,4,12.6,"[0.6370000000000001, 0.6229999999999999]",481868,"[6.370000000000001, 6.229999999999999]",0.07776191064289638,10.886667490005493,3.919999999999998,"[0.8019999999999999, -0.41000000000000025]",482868,"[8.02, -4.100000000000002]",0.08279285601207188,11.590999841690063,10.689999999999998,"[0.8220000000000001, 0.2469999999999999]",483868,"[8.22, 2.469999999999999]",0.06918268033436366,9.685575246810913,1.2099999999999977,"[0.38999999999999996, -0.2690000000000002]",484868,"[3.8999999999999995, -2.6900000000000017]",0.07828776666096278,10.96028733253479,ParetoSolutionConcept,6.6274999999999995,1.7306555838756599,0.07700630341257367,0.004922051386366963,10.780882477760315,0.6890871940913744,COMPLETE
49,9.835,2025-06-12 17:24:40.382629,2025-06-12 17:25:05.634843,0 days 00:00:25.252214,39,0.9272834994679204,0.06829994694186689,0.9362577866727438,0.007540464722548288,432,491880,9.835,1.8444036976757567,0.8612500000000002,0.1089251463161744,430.0,4,11.9,"[0.8240000000000001, 0.3659999999999999]",491880,"[8.24, 3.659999999999999]",0.057824229085168176,24.864418506622314,7.029999999999998,"[0.7020000000000001, 0.0009999999999998788]",492880,"[7.0200000000000005, 0.009999999999998788]",0.058290808699851815,25.06504774093628,9.429999999999998,"[0.933, 0.00999999999999988]",493880,"[9.33, 0.09999999999999881]",0.05531986535981644,23.78754210472107,10.98,"[0.9860000000000001, 0.11199999999999988]",494880,"[9.860000000000001, 1.1199999999999988]",0.049858733110649645,21.439255237579346,ParetoSolutionConcept,8.6125,1.089251463161744,0.05532340906387152,0.0033512034110933205,23.789065897464752,1.441017466770128,COMPLETE
50,10.237499999999999,2025-06-12 17:25:05.649824,2025-06-12 17:25:32.440715,0 days 00:00:26.790891,39,0.9454685725281761,0.13581393204790843,0.9447951633499562,0.007150509161594556,431,501905,10.237499999999999,3.7982520650952063,0.8932499999999999,0.07298758456066347,430.0,4,14.799999999999999,"[0.9730000000000001, 0.5069999999999999]",501905,"[9.73, 5.0699999999999985]",0.05257768021073452,22.608402490615845,9.7,"[0.959, 0.010999999999999888]",502905,"[9.59, 0.10999999999999888]",0.056996158666388935,24.50834822654724,4.449999999999998,"[0.825, -0.3800000000000002]",503905,"[8.25, -3.8000000000000025]",0.061859786233236624,26.599708080291748,11.999999999999996,"[0.8160000000000001, 0.3839999999999999]",504905,"[8.16, 3.839999999999999]",0.0550516732903414,23.6722195148468,ParetoSolutionConcept,8.932500000000001,0.7298758456066347,0.05662132460017537,0.003405761516936004,24.34716957807541,1.4644774522824815,COMPLETE
51,7.664999999999999,2025-06-12 17:25:32.719350,2025-06-12 17:25:58.960048,0 days 00:00:26.240698,39,0.9607618440919821,0.13571132767052357,0.9393159145026695,0.00921404344088662,427,511932,7.664999999999999,2.611862362376701,0.7945,0.10938121410918795,420.0,4,9.26,"[0.9620000000000001, -0.036000000000000136]",511932,"[9.620000000000001, -0.3600000000000014]",0.05553692238671439,23.325507402420044,3.209999999999999,"[0.701, -0.3800000000000002]",512932,"[7.01, -3.8000000000000025]",0.06192388761611212,26.00803279876709,8.459999999999999,"[0.6929999999999998, 0.15299999999999989]",513932,"[6.929999999999998, 1.529999999999999]",0.048005770501636326,20.162423610687256,9.729999999999999,"[0.8220000000000001, 0.15099999999999986]",514932,"[8.22, 1.5099999999999985]",0.05544736555644444,23.287893533706665,ParetoSolutionConcept,7.945,1.0938121410918797,0.05522848651522682,0.004927957569729503,23.195964336395264,2.069742179286392,COMPLETE
52,7.379999999999999,2025-06-12 17:25:58.974880,2025-06-12 17:26:22.266316,0 days 00:00:23.291436,35,0.9261439094556588,0.11559981048050592,0.9343171251138485,0.007613938075331347,438,521959,7.379999999999999,1.4905703606338085,0.7325000000000002,0.16434339049684965,430.0,4,5.859999999999999,"[0.44899999999999995, 0.13699999999999993]",521959,"[4.489999999999999, 1.3699999999999992]",0.05374768390211948,23.111504077911377,5.919999999999998,"[0.8030000000000002, -0.21100000000000013]",522959,"[8.030000000000001, -2.110000000000001]",0.052902274353559625,22.74797797203064,8.92,"[0.837, 0.0549999999999999]",523959,"[8.37, 0.549999999999999]",0.05044081599213356,21.68955087661743,8.82,"[0.841, 0.0409999999999999]",524959,"[8.41, 0.409999999999999]",0.0498918799466865,21.453508377075195,ParetoSolutionConcept,7.325,1.6434339049684963,0.051745663548624796,0.0016190255432200137,22.25063532590866,0.696180983584606,COMPLETE
53,9.382499999999999,2025-06-12 17:26:22.281254,2025-06-12 17:26:54.289533,0 days 00:00:32.008279,40,0.9652250405045556,0.16898302421717531,0.9238079027425133,0.018652982093598478,480,531982,9.382499999999999,2.8674324316363586,0.88625,0.06792044979238589,480.0,4,13.29,"[0.9420000000000002, 0.38699999999999996]",531982,"[9.420000000000002, 3.8699999999999997]",0.055074237287044525,26.435633897781372,6.669999999999999,"[0.8119999999999999, -0.14500000000000016]",532982,"[8.12, -1.4500000000000015]",0.057924059530099235,27.803548574447632,6.599999999999999,"[0.826, -0.16600000000000015]",533982,"[8.26, -1.6600000000000015]",0.066206028064092,31.77889347076416,10.969999999999999,"[0.9650000000000001, 0.1319999999999999]",534982,"[9.65, 1.319999999999999]",0.04994250386953354,23.9724018573761,ParetoSolutionConcept,8.862499999999999,0.6792044979238587,0.057286707187692326,0.0058905188299562695,27.497619450092316,2.8274490383790107,COMPLETE
54,7.802499999999998,2025-06-12 17:26:54.305877,2025-06-12 17:27:17.727714,0 days 00:00:23.421837,38,0.9259467586045094,0.14404903258936425,0.9468132805389218,0.003989104173144985,384,542014,7.802499999999998,1.5255388392302576,0.821,0.10354226190305099,380.0,4,9.04,"[0.812, 0.0919999999999999]",542014,"[8.120000000000001, 0.919999999999999]",0.059685479967217694,22.680482387542725,8.549999999999999,"[0.8460000000000001, 0.008999999999999887]",543014,"[8.46, 0.08999999999999886]",0.05411719585719862,20.564534425735474,5.189999999999998,"[0.6679999999999999, -0.14900000000000013]",544014,"[6.68, -1.4900000000000013]",0.06030001828545018,22.91400694847107,8.429999999999998,"[0.958, -0.11500000000000013]",545014,"[9.58, -1.1500000000000012]",0.061016166837591874,23.186143398284912,ParetoSolutionConcept,8.21,1.0354226190305098,0.05877971523686459,0.002732788586519577,22.336291790008545,1.0384596628774398,COMPLETE
55,9.939999999999998,2025-06-12 17:27:17.742080,2025-06-12 17:27:53.372549,0 days 00:00:35.630469,50,0.9100695190890417,0.06990812504499652,0.9429673951809979,0.007758338268381546,500,552037,9.939999999999998,2.7148664792214006,0.7270000000000001,0.18941092893494826,500.0,4,11.43,"[0.6619999999999999, 0.48099999999999987]",552037,"[6.619999999999999, 4.809999999999999]",0.0597313904762268,29.865695238113403,5.249999999999997,"[0.45899999999999996, 0.06599999999999984]",553037,"[4.59, 0.6599999999999984]",0.07079746389389038,35.39873194694519,11.269999999999998,"[0.8160000000000001, 0.31099999999999983]",554037,"[8.16, 3.1099999999999985]",0.06476268625259399,32.381343126297,11.809999999999999,"[0.9710000000000001, 0.20999999999999988]",555037,"[9.71, 2.0999999999999988]",0.06153305053710938,30.766525268554688,ParetoSolutionConcept,7.27,1.8941092893494826,0.06420614778995513,0.004210821920431013,32.10307389497757,2.1054109602155058,COMPLETE
56,8.802499999999998,2025-06-12 17:27:53.710681,2025-06-12 17:28:27.685086,0 days 00:00:33.974405,49,0.8912788125574556,0.12226160139505736,0.9430076498878379,0.0013706251601489938,492,562073,8.802499999999998,2.657088397099353,0.7154999999999999,0.1385090249767141,490.0,4,8.239999999999997,"[0.4999999999999999, 0.32399999999999984]",562073,"[4.999999999999999, 3.2399999999999984]",0.062388828822544644,30.570526123046875,6.099999999999997,"[0.688, -0.07800000000000018]",563073,"[6.879999999999999, -0.7800000000000018]",0.06896647628472775,33.7935733795166,13.200000000000001,"[0.8400000000000001, 0.47999999999999987]",564073,"[8.4, 4.799999999999999]",0.05034252964720434,24.667839527130127,7.669999999999998,"[0.834, -0.0670000000000002]",565073,"[8.34, -0.6700000000000019]",0.0630636147090367,30.90117120742798,ParetoSolutionConcept,7.155,1.385090249767141,0.061190362365878354,0.006765515844341809,29.983277559280396,3.315102763727487,COMPLETE
57,10.362499999999999,2025-06-12 17:28:27.699691,2025-06-12 17:29:01.714713,0 days 00:00:34.015022,50,0.8380936327310123,0.15341603198764822,0.9579638705730769,0.0019542805365820237,460,572107,10.362499999999999,1.1089043015517615,0.75725,0.07707585549314393,460.0,4,10.0,"[0.806, 0.19399999999999987]",572107,"[8.06, 1.9399999999999986]",0.06566577009532763,30.206254243850708,10.469999999999999,"[0.6299999999999999, 0.4169999999999998]",573107,"[6.299999999999999, 4.169999999999998]",0.06362975265668785,29.269686222076416,8.95,"[0.764, 0.13099999999999987]",574107,"[7.640000000000001, 1.3099999999999987]",0.073433532403863,33.77942490577698,12.03,"[0.829, 0.37399999999999994]",575107,"[8.29, 3.7399999999999993]",0.0512521101080853,23.57597064971924,ParetoSolutionConcept,7.5725,0.7707585549314393,0.06349529131599095,0.007959164214821412,29.207834005355835,3.66121553881785,COMPLETE
58,8.959999999999997,2025-06-12 17:29:01.729454,2025-06-12 17:29:34.152999,0 days 00:00:32.423545,50,0.8518520042879986,0.15484662299169338,0.9525670018274571,0.0008545503764466841,456,582141,8.959999999999997,1.2274363527287273,0.81975,0.05610425563181463,450.0,4,9.399999999999999,"[0.774, 0.16599999999999984]",582141,"[7.74, 1.6599999999999984]",0.062068023681640626,27.93061065673828,9.94,"[0.915, 0.07899999999999988]",583141,"[9.15, 0.7899999999999987]",0.06245802773369683,28.106112480163574,9.639999999999997,"[0.8049999999999999, 0.15899999999999986]",584141,"[8.049999999999999, 1.5899999999999985]",0.06925731447007921,31.165791511535645,6.859999999999998,"[0.7849999999999999, -0.0990000000000002]",585141,"[7.85, -0.990000000000002]",0.07164618810017903,32.240784645080566,ParetoSolutionConcept,8.1975,0.5610425563181463,0.06635738849639893,0.004182841043284974,29.860824823379517,1.882278469478239,COMPLETE
59,8.719999999999999,2025-06-12 17:29:34.167696,2025-06-12 17:30:07.903357,0 days 00:00:33.735661,47,0.7909694579855414,0.18851217806115325,0.9453102672706003,0.0017868144849515282,471,592174,8.719999999999999,1.8079961283144392,0.7309999999999999,0.06140846847137622,470.0,4,7.519999999999998,"[0.8, -0.04800000000000018]",592174,"[8.0, -0.4800000000000018]",0.06507818698883057,30.586747884750366,6.399999999999997,"[0.6759999999999999, -0.03600000000000016]",593174,"[6.76, -0.36000000000000154]",0.06463990262214174,30.380754232406616,10.309999999999999,"[0.6639999999999999, 0.36699999999999994]",594174,"[6.639999999999999, 3.6699999999999995]",0.062416542337295856,29.335774898529053,10.649999999999999,"[0.784, 0.2809999999999998]",595174,"[7.84, 2.809999999999998]",0.07129475410948409,33.50853443145752,ParetoSolutionConcept,7.31,0.614084684713762,0.06585734651443806,0.0032974912409791932,30.95295286178589,1.5498208832602198,COMPLETE
60,6.689999999999998,2025-06-12 17:30:07.918010,2025-06-12 17:30:42.871472,0 days 00:00:34.953462,50,0.8496894460881008,0.16660444317338596,0.9493774292964887,0.0006158936795977068,485,602207,6.689999999999998,3.940184005855565,0.7512500000000001,0.14180510392789117,480.0,4,0.3799999999999967,"[0.5279999999999999, -0.4900000000000003]",602207,"[5.279999999999999, -4.900000000000003]",0.07243839701016744,34.77043056488037,7.149999999999998,"[0.783, -0.0680000000000002]",603207,"[7.83, -0.6800000000000019]",0.06108121126890183,29.318981409072876,8.039999999999997,"[0.772, 0.03199999999999985]",604207,"[7.720000000000001, 0.3199999999999985]",0.06370635231335958,30.579049110412598,11.19,"[0.922, 0.1969999999999999]",605207,"[9.22, 1.9699999999999989]",0.06358907471100489,30.52275586128235,ParetoSolutionConcept,7.512499999999999,1.4180510392789116,0.06520375882585844,0.004306530479157936,31.29780423641205,2.0671346299958095,COMPLETE
61,7.754999999999998,2025-06-12 17:30:43.196580,2025-06-12 17:31:10.129375,0 days 00:00:26.932795,44,0.9558205835554694,0.1500505449452959,0.9585041480670645,0.005587196004083459,413,612243,7.754999999999998,1.922556891225848,0.84625,0.06814093850248916,410.0,4,7.889999999999999,"[0.8059999999999998, -0.017000000000000116]",612243,"[8.059999999999999, -0.17000000000000115]",0.06509129186955893,26.687429666519165,10.479999999999997,"[0.9640000000000001, 0.08399999999999988]",613243,"[9.64, 0.8399999999999987]",0.05863403808779833,24.039955615997314,5.049999999999999,"[0.8140000000000001, -0.3090000000000002]",614243,"[8.14, -3.090000000000002]",0.0648421287536621,26.585272789001465,7.599999999999998,"[0.8009999999999999, -0.041000000000000154]",615243,"[8.01, -0.41000000000000153]",0.05732270101221596,23.502307415008545,ParetoSolutionConcept,8.4625,0.6814093850248913,0.06147253993080883,0.0035258952831992677,25.203741371631622,1.445617066111701,COMPLETE
62,8.719999999999997,2025-06-12 17:31:10.143880,2025-06-12 17:31:39.400413,0 days 00:00:29.256533,47,0.9119985476654906,0.1371741208240319,0.9531886134014171,0.002145819206447268,448,622270,8.719999999999997,2.759737306339137,0.84325,0.11253082910918241,440.0,4,7.389999999999998,"[0.7969999999999999, -0.05800000000000018]",622270,"[7.969999999999999, -0.5800000000000018]",0.06469473080201582,28.465681552886963,4.8599999999999985,"[0.6829999999999999, -0.19700000000000017]",623270,"[6.829999999999999, -1.9700000000000017]",0.06390670917250893,28.11895203590393,10.909999999999997,"[0.9189999999999999, 0.17199999999999988]",624270,"[9.19, 1.7199999999999989]",0.06596457416361029,29.024412631988525,11.719999999999997,"[0.9740000000000002, 0.19799999999999987]",625270,"[9.740000000000002, 1.9799999999999986]",0.06517920927567915,28.678852081298828,ParetoSolutionConcept,8.4325,1.1253082910918244,0.06493630585345354,0.0007474566243419788,28.57197457551956,0.3288809147104695,COMPLETE
