number,value,datetime_start,datetime_complete,duration,params_episode_length,params_epsilon_max,params_epsilon_min,params_gamma,params_learning_rate,params_num_episodes,user_attrs_base_seed,user_attrs_collective_reward_mean,user_attrs_collective_reward_std,user_attrs_individual_reward_agent0_mean,user_attrs_individual_reward_agent0_std,user_attrs_num_episodes_mean,user_attrs_num_parallel_runs,user_attrs_run_0_collective_reward,user_attrs_run_0_individual_rewards,user_attrs_run_0_seed,user_attrs_run_0_total_individual_rewards,user_attrs_run_0_training_time_per_episode,user_attrs_run_0_training_time_total,user_attrs_run_1_collective_reward,user_attrs_run_1_individual_rewards,user_attrs_run_1_seed,user_attrs_run_1_total_individual_rewards,user_attrs_run_1_training_time_per_episode,user_attrs_run_1_training_time_total,user_attrs_run_2_collective_reward,user_attrs_run_2_individual_rewards,user_attrs_run_2_seed,user_attrs_run_2_total_individual_rewards,user_attrs_run_2_training_time_per_episode,user_attrs_run_2_training_time_total,user_attrs_run_3_collective_reward,user_attrs_run_3_individual_rewards,user_attrs_run_3_seed,user_attrs_run_3_total_individual_rewards,user_attrs_run_3_training_time_per_episode,user_attrs_run_3_training_time_total,user_attrs_solution_concept,user_attrs_total_individual_reward_agent0_mean,user_attrs_total_individual_reward_agent0_std,user_attrs_training_time_per_episode_mean,user_attrs_training_time_per_episode_std,user_attrs_training_time_total_mean,user_attrs_training_time_total_std,state
559,5.237499999999998,2025-06-12 22:36:12.472877,2025-06-12 22:36:16.218657,0 days 00:00:03.745780,42,0.608302550834413,0.0749370696304776,0.9207048288063405,0.0001515692237642418,160,5590572,5.237499999999998,1.8436021127130444,0.2524999999999999,0.0633896679278256,160.0,4,6.869999999999998,"[0.21699999999999992, 0.4699999999999999]",5590572,"[2.169999999999999, 4.699999999999999]",0.020510585606098176,3.281693696975708,5.669999999999998,"[0.36199999999999993, 0.2049999999999999]",5591572,"[3.619999999999999, 2.049999999999999]",0.021535247564315796,3.4456396102905273,6.279999999999999,"[0.22199999999999992, 0.40599999999999997]",5592572,"[2.2199999999999993, 4.06]",0.021066957712173463,3.370713233947754,2.129999999999998,"[0.2089999999999999, 0.00399999999999987]",5593572,"[2.089999999999999, 0.0399999999999987]",0.02224510759115219,3.5592172145843506,MinimaxSolutionConcept,2.5249999999999995,0.633896679278256,0.021339474618434905,0.00063636086196876,3.414315938949585,0.10181773791500179,COMPLETE
560,6.4674999999999985,2025-06-12 22:36:16.234484,2025-06-12 22:36:24.416129,0 days 00:00:08.181645,44,0.8836467788398036,0.11056398535989811,0.9155891191447542,0.0001343576978342126,429,5600576,6.4674999999999985,1.6953521020720153,0.27649999999999986,0.17918356509456995,420.0,4,8.709999999999999,"[0.5639999999999998, 0.3069999999999999]",5600576,"[5.639999999999999, 3.069999999999999]",0.01758993182863508,7.387771368026733,5.539999999999997,"[0.2579999999999999, 0.29599999999999993]",5601576,"[2.579999999999999, 2.959999999999999]",0.018399163087209066,7.727648496627808,7.349999999999998,"[0.2099999999999999, 0.525]",5602576,"[2.099999999999999, 5.25]",0.01903246584392729,7.993635654449463,4.269999999999999,"[0.07399999999999987, 0.35299999999999987]",5603576,"[0.7399999999999987, 3.5299999999999985]",0.01854227270398821,7.787754535675049,MinimaxSolutionConcept,2.7649999999999992,1.7918356509456999,0.018390958365939913,0.0005186855271092485,7.724202513694763,0.2178479213858847,COMPLETE
561,6.307499999999997,2025-06-12 22:36:27.163328,2025-06-12 22:36:29.579587,0 days 00:00:02.416259,43,0.8306165386152884,0.1336224630212569,0.9728620544683368,0.00011005041475232109,119,5610587,6.307499999999997,2.097514898636003,0.3757499999999999,0.09941170705706649,110.0,4,9.239999999999998,"[0.3599999999999999, 0.564]",5610587,"[3.5999999999999988, 5.64]",0.020220728354020553,2.2242801189422607,6.739999999999998,"[0.44099999999999995, 0.23299999999999993]",5611587,"[4.409999999999999, 2.329999999999999]",0.020119402625344018,2.213134288787842,3.369999999999998,"[0.22099999999999986, 0.11599999999999991]",5612587,"[2.2099999999999986, 1.159999999999999]",0.019997650926763363,2.1997416019439697,5.879999999999997,"[0.48099999999999987, 0.10699999999999987]",5613587,"[4.809999999999999, 1.0699999999999987]",0.020121034708890047,2.2133138179779053,MinimaxSolutionConcept,3.757499999999999,0.9941170705706649,0.020114704153754492,7.90644366240228e-05,2.2126174569129944,0.008697088028642552,COMPLETE
562,7.457499999999998,2025-06-12 22:36:29.595629,2025-06-12 22:36:32.732309,0 days 00:00:03.136680,46,0.8559591202032882,0.04669779329080266,0.9756675903210675,0.02220742167184218,135,5620589,7.457499999999998,1.5754106607484926,0.4207499999999999,0.051958517107400216,130.0,4,6.679999999999998,"[0.3339999999999999, 0.3339999999999999]",5620589,"[3.339999999999999, 3.339999999999999]",0.02244115976186899,2.9173507690429688,8.5,"[0.4699999999999999, 0.3799999999999999]",5621589,"[4.699999999999999, 3.799999999999999]",0.02061663774343637,2.6801629066467285,9.349999999999998,"[0.4309999999999999, 0.5039999999999998]",5622589,"[4.309999999999999, 5.039999999999997]",0.022037726182204027,2.8649044036865234,5.299999999999997,"[0.44799999999999995, 0.08199999999999984]",5623589,"[4.4799999999999995, 0.8199999999999984]",0.020084742399362417,2.6110165119171143,MinimaxSolutionConcept,4.2075,0.5195851710740022,0.02129506652171795,0.0009734247755719918,2.7683586478233337,0.1265452208243589,COMPLETE
563,3.9975,2025-06-12 22:36:32.748160,2025-06-12 22:36:34.508625,0 days 00:00:01.760465,14,0.6249435865879202,0.08175940945819736,0.9056773402646865,0.0008719673423449557,152,5630592,3.9975,2.303110668205069,0.17375000000000002,0.08534159302473794,150.0,4,1.84,"[0.09600000000000003, 0.08800000000000002]",5630592,"[0.9600000000000003, 0.8800000000000002]",0.009448191324869792,1.4172286987304688,7.359999999999999,"[0.20600000000000002, 0.53]",5631592,"[2.06, 5.300000000000001]",0.009660809834798178,1.4491214752197266,1.8900000000000003,"[0.09400000000000001, 0.095]",5632592,"[0.9400000000000002, 0.95]",0.009766791661580404,1.4650187492370605,4.9,"[0.29900000000000004, 0.191]",5633592,"[2.99, 1.9100000000000001]",0.009717302322387695,1.4575953483581543,MinimaxSolutionConcept,1.7375000000000003,0.8534159302473794,0.009648273785909017,0.00012145119332401672,1.4472410678863525,0.018217678998602552,COMPLETE
564,6.4049999999999985,2025-06-12 22:36:34.524416,2025-06-12 22:36:38.150694,0 days 00:00:03.626278,41,0.6531766532865732,0.03717826707877651,0.9836469463230592,0.0001882842190849988,168,5640594,6.4049999999999985,4.105815996851296,0.23149999999999987,0.2955287634055271,160.0,4,9.879999999999999,"[0.3329999999999999, 0.655]",5640594,"[3.329999999999999, 6.550000000000001]",0.020823600888252258,3.3317761421203613,9.899999999999999,"[0.5299999999999999, 0.45999999999999985]",5641594,"[5.299999999999999, 4.599999999999999]",0.02014861851930618,3.2237789630889893,-0.1500000000000028,"[-0.2600000000000002, 0.24499999999999988]",5642594,"[-2.600000000000002, 2.449999999999999]",0.02148185223340988,3.437096357345581,5.9899999999999975,"[0.3229999999999999, 0.27599999999999986]",5643594,"[3.229999999999999, 2.7599999999999985]",0.02084157317876816,3.3346517086029053,MinimaxSolutionConcept,2.314999999999999,2.955287634055271,0.02082391120493412,0.0004714919537570321,3.3318257927894592,0.07543871260112509,COMPLETE
565,4.822499999999998,2025-06-12 22:36:38.166015,2025-06-12 22:36:42.213801,0 days 00:00:04.047786,43,0.8447515460738909,0.08536079685634415,0.9589145576689787,0.00013930282356158856,181,5650598,4.822499999999998,0.5642417478350923,0.2084999999999999,0.062315728351677,180.0,4,5.269999999999998,"[0.3029999999999999, 0.2239999999999999]",5650598,"[3.029999999999999, 2.239999999999999]",0.01976532538731893,3.5577585697174072,4.209999999999997,"[0.12799999999999986, 0.29299999999999987]",5651598,"[1.2799999999999987, 2.929999999999999]",0.020486716429392496,3.6876089572906494,4.3199999999999985,"[0.2049999999999999, 0.2269999999999998]",5652598,"[2.049999999999999, 2.2699999999999982]",0.01995764970779419,3.592376947402954,5.4899999999999975,"[0.1979999999999999, 0.35099999999999987]",5653598,"[1.979999999999999, 3.509999999999999]",0.021327180332607693,3.8388924598693848,MinimaxSolutionConcept,2.084999999999999,0.62315728351677,0.020384217964278327,0.0006051182658562387,3.669159233570099,0.10892128785412307,COMPLETE
566,5.859999999999998,2025-06-12 22:36:44.972936,2025-06-12 22:36:49.146425,0 days 00:00:04.173489,45,0.8665834023877017,0.0943061087238321,0.9794894241449726,0.0006393081831793015,205,5660605,5.859999999999998,2.10277198003017,0.2589999999999999,0.182995901593451,200.0,4,3.929999999999997,"[0.31599999999999995, 0.07699999999999985]",5660605,"[3.1599999999999993, 0.7699999999999985]",0.018673291206359865,3.7346582412719727,4.039999999999998,"[-0.04800000000000016, 0.45199999999999996]",5661605,"[-0.4800000000000016, 4.52]",0.01989209294319153,3.9784185886383057,6.389999999999998,"[0.33299999999999985, 0.3059999999999999]",5662605,"[3.3299999999999983, 3.0599999999999987]",0.019258323907852173,3.8516647815704346,9.079999999999998,"[0.4349999999999999, 0.47299999999999986]",5663605,"[4.349999999999999, 4.729999999999999]",0.01836070656776428,3.6721413135528564,MinimaxSolutionConcept,2.589999999999999,1.82995901593451,0.019046103656291963,0.0005851268239680416,3.8092207312583923,0.1170253647936083,COMPLETE
567,4.554999999999997,2025-06-12 22:36:49.162207,2025-06-12 22:36:52.691223,0 days 00:00:03.529016,47,0.9062534032157666,0.08940641933867356,0.9772655708070425,0.007128755912667383,142,5670609,4.554999999999997,1.6521274163937842,0.1754999999999999,0.2131730517678068,140.0,4,3.1799999999999966,"[0.15399999999999986, 0.16399999999999987]",5670609,"[1.5399999999999987, 1.6399999999999988]",0.02296923739569528,3.215693235397339,2.839999999999997,"[-0.06400000000000014, 0.34799999999999986]",5671609,"[-0.6400000000000015, 3.4799999999999986]",0.022876027652195523,3.202643871307373,6.909999999999997,"[0.518, 0.17299999999999988]",5672609,"[5.18, 1.7299999999999986]",0.0219326308795384,3.070568323135376,5.289999999999997,"[0.09399999999999983, 0.4349999999999999]",5673609,"[0.9399999999999984, 4.349999999999999]",0.023795666013445172,3.331393241882324,MinimaxSolutionConcept,1.7549999999999988,2.1317305176780676,0.02289339048521859,0.0006601542188274571,3.205074667930603,0.09242159063584397,COMPLETE
568,5.929999999999998,2025-06-12 22:36:52.707840,2025-06-12 22:36:56.896449,0 days 00:00:04.188609,46,0.6442361718070709,0.07884579346708186,0.9172220903757005,0.00017021048745297844,157,5680612,5.929999999999998,2.653770901943121,0.2947499999999999,0.1508714270496571,150.0,4,2.8999999999999972,"[0.10299999999999987, 0.1869999999999999]",5680612,"[1.0299999999999987, 1.8699999999999988]",0.02422339916229248,3.633509874343872,3.8399999999999976,"[0.1939999999999999, 0.1899999999999999]",5681612,"[1.939999999999999, 1.899999999999999]",0.02465395450592041,3.6980931758880615,9.36,"[0.4669999999999999, 0.469]",5682612,"[4.669999999999999, 4.6899999999999995]",0.023229141235351563,3.4843711853027344,7.619999999999998,"[0.41499999999999987, 0.34699999999999986]",5683612,"[4.149999999999999, 3.469999999999999]",0.026669111251831055,4.000366687774658,MinimaxSolutionConcept,2.947499999999999,1.508714270496571,0.024693901538848876,0.001251992852290468,3.7040852308273315,0.18779892784357022,COMPLETE
569,6.202499999999997,2025-06-12 22:36:56.912455,2025-06-12 22:37:00.671627,0 days 00:00:03.759172,50,0.5855228947254871,0.0984933980490938,0.9706196874040871,0.00011296411553043754,148,5690616,6.202499999999997,1.233620180606657,0.3729999999999999,0.1254930276947688,140.0,4,7.839999999999998,"[0.5339999999999999, 0.24999999999999986]",5690616,"[5.339999999999999, 2.4999999999999987]",0.025512661252702986,3.571772575378418,6.799999999999997,"[0.2519999999999999, 0.42799999999999994]",5691616,"[2.5199999999999987, 4.279999999999999]",0.02438023260661534,3.4132325649261475,5.609999999999998,"[0.24899999999999983, 0.3119999999999999]",5692616,"[2.4899999999999984, 3.1199999999999988]",0.02421919448035104,3.3906872272491455,4.559999999999997,"[0.45699999999999996, -0.0010000000000001785]",5693616,"[4.569999999999999, -0.010000000000001785]",0.023656276294163295,3.3118786811828613,MinimaxSolutionConcept,3.7299999999999986,1.254930276947688,0.024442091158458166,0.0006740057004924761,3.421892762184143,0.09436079806894661,COMPLETE
570,7.267499999999998,2025-06-12 22:37:00.687175,2025-06-12 22:37:04.829217,0 days 00:00:04.142042,48,0.5667640587229843,0.10635272352560211,0.914386418470509,0.00020960697308601887,166,5700620,7.267499999999998,4.113881227016648,0.4884999999999999,0.21188027279574664,160.0,4,10.459999999999999,"[0.6729999999999999, 0.3729999999999999]",5700620,"[6.7299999999999995, 3.7299999999999986]",0.02295529693365097,3.6728475093841553,1.0699999999999967,"[0.16599999999999987, -0.059000000000000184]",5701620,"[1.6599999999999988, -0.5900000000000019]",0.024602149426937104,3.9363439083099365,6.0699999999999985,"[0.43099999999999977, 0.17599999999999988]",5702620,"[4.309999999999998, 1.759999999999999]",0.021649959683418273,3.463993549346924,11.469999999999999,"[0.6839999999999999, 0.4629999999999999]",5703620,"[6.84, 4.629999999999999]",0.023223185539245607,3.715709686279297,MinimaxSolutionConcept,4.884999999999999,2.1188027279574664,0.02310764789581299,0.0010482067441359652,3.697223663330078,0.1677130790617543,COMPLETE
571,7.469999999999998,2025-06-12 22:37:07.639209,2025-06-12 22:37:11.429902,0 days 00:00:03.790693,44,0.8797975248338762,0.04104931440067921,0.9116270374873259,0.004881661105012041,175,5710627,7.469999999999998,1.800944196803444,0.4454999999999999,0.2898943773169808,170.0,4,5.9899999999999975,"[0.17699999999999988, 0.422]",5710627,"[1.7699999999999987, 4.22]",0.02112133923698874,3.590627670288086,8.869999999999997,"[0.739, 0.1479999999999999]",5711627,"[7.39, 1.479999999999999]",0.020077953619115494,3.413252115249634,5.4099999999999975,"[0.13499999999999987, 0.40599999999999986]",5712627,"[1.3499999999999988, 4.059999999999999]",0.019149139348198386,3.2553536891937256,9.61,"[0.7309999999999999, 0.2299999999999999]",5713627,"[7.309999999999999, 2.299999999999999]",0.019129001393037685,3.2519302368164062,MinimaxSolutionConcept,4.454999999999999,2.898943773169808,0.019869358399335076,0.0008182010697195833,3.377790927886963,0.13909418185232922,COMPLETE
572,6.922499999999998,2025-06-12 22:37:11.445603,2025-06-12 22:37:20.492197,0 days 00:00:09.046594,45,0.6338232582293777,0.033201306625204985,0.9295618820854686,0.00016104175842669694,389,5720631,6.922499999999998,3.34478979160126,0.2642499999999999,0.24193426276573562,380.0,4,6.519999999999998,"[0.30999999999999994, 0.3419999999999998]",5720631,"[3.0999999999999996, 3.419999999999998]",0.0232781215717918,8.845686197280884,2.5599999999999974,"[-0.046000000000000166, 0.3019999999999999]",5721631,"[-0.46000000000000163, 3.0199999999999987]",0.021390170800058464,8.128264904022217,11.969999999999997,"[0.6209999999999999, 0.5759999999999998]",5722631,"[6.209999999999999, 5.759999999999998]",0.020876762114073102,7.933169603347778,6.639999999999999,"[0.17199999999999988, 0.4919999999999999]",5723631,"[1.7199999999999989, 4.919999999999999]",0.02152858721582513,8.18086314201355,MinimaxSolutionConcept,2.642499999999999,2.419342627657356,0.021768410425437125,0.0009048266191184158,8.271995961666107,0.34383411526499785,COMPLETE
573,8.894999999999998,2025-06-12 22:37:20.508169,2025-06-12 22:37:23.873846,0 days 00:00:03.365677,47,0.6692588527783329,0.14112913368042773,0.9804337846243497,0.00013391988434483424,132,5730640,8.894999999999998,2.619871180039202,0.5522499999999999,0.13250731111904732,130.0,4,9.019999999999998,"[0.6759999999999999, 0.2259999999999998]",5730640,"[6.76, 2.259999999999998]",0.021198529463547926,2.7558088302612305,4.789999999999997,"[0.3289999999999999, 0.14999999999999986]",5731640,"[3.289999999999999, 1.4999999999999987]",0.02356908688178429,3.063981294631958,9.729999999999997,"[0.5939999999999999, 0.3789999999999999]",5732640,"[5.939999999999999, 3.789999999999999]",0.021859400088970478,2.841722011566162,12.039999999999997,"[0.6099999999999999, 0.594]",5733640,"[6.099999999999999, 5.9399999999999995]",0.024425339698791505,3.1752941608428955,MinimaxSolutionConcept,5.522499999999999,1.3250731111904732,0.022763089033273547,0.001292014914977228,2.9592015743255615,0.16796193894703965,COMPLETE
574,4.707499999999997,2025-06-12 22:37:23.890145,2025-06-12 22:37:27.494701,0 days 00:00:03.604556,46,0.889205996719266,0.08433122193997059,0.9740950284227611,0.00011958051360753555,157,5740643,4.707499999999997,2.1587887228721576,0.23324999999999987,0.25433872591487133,150.0,4,6.319999999999998,"[0.28199999999999986, 0.3499999999999999]",5740643,"[2.8199999999999985, 3.499999999999999]",0.021595425605773926,3.239313840866089,6.499999999999997,"[0.3009999999999999, 0.34899999999999987]",5741643,"[3.009999999999999, 3.4899999999999984]",0.021056118011474608,3.1584177017211914,4.879999999999998,"[0.525, -0.03700000000000018]",5742643,"[5.25, -0.37000000000000177]",0.020954739252726236,3.1432108879089355,1.1299999999999968,"[-0.17500000000000018, 0.2879999999999999]",5743643,"[-1.7500000000000018, 2.879999999999999]",0.022696057955423992,3.4044086933135986,MinimaxSolutionConcept,2.332499999999999,2.543387259148713,0.021575585206349692,0.0006912215071070632,3.2363377809524536,0.10368322606605934,COMPLETE
575,5.109999999999998,2025-06-12 22:37:27.511166,2025-06-12 22:37:32.816365,0 days 00:00:05.305199,49,0.6168198741480614,0.0891266192419771,0.9823920023482211,0.014746386967696977,188,5750647,5.109999999999998,1.7085666507338841,0.17924999999999983,0.30736897615081454,180.0,4,3.309999999999997,"[0.040999999999999835, 0.2899999999999999]",5750647,"[0.40999999999999837, 2.8999999999999995]",0.028386014037662083,5.109482526779175,7.909999999999998,"[0.6979999999999998, 0.09299999999999985]",5751647,"[6.979999999999999, 0.9299999999999985]",0.02674996852874756,4.8149943351745605,4.829999999999997,"[-0.10400000000000018, 0.587]",5752647,"[-1.0400000000000018, 5.869999999999999]",0.02602123816808065,4.683822870254517,4.389999999999997,"[0.08199999999999982, 0.3569999999999998]",5753647,"[0.8199999999999983, 3.569999999999998]",0.024958174758487276,4.49247145652771,MinimaxSolutionConcept,1.7924999999999984,3.0736897615081458,0.02652884887324439,0.001247261214896594,4.7751927971839905,0.2245070186813868,COMPLETE
576,6.237499999999997,2025-06-12 22:37:35.860461,2025-06-12 22:37:43.998517,0 days 00:00:08.138056,42,0.8698971847273531,0.09256719466509068,0.9764875206086455,0.00011151631045539632,415,5760655,6.237499999999997,2.580488083677195,0.3334999999999999,0.14639074424293366,410.0,4,7.679999999999998,"[0.501, 0.2669999999999999]",5760655,"[5.01, 2.669999999999999]",0.017806415441559583,7.300630331039429,1.7999999999999972,"[0.19399999999999987, -0.01400000000000014]",5761655,"[1.9399999999999986, -0.1400000000000014]",0.01911002310310922,7.83510947227478,8.169999999999998,"[0.45699999999999996, 0.36]",5762655,"[4.569999999999999, 3.5999999999999996]",0.018805092718543075,7.710088014602661,7.299999999999998,"[0.18199999999999988, 0.5479999999999999]",5763655,"[1.819999999999999, 5.4799999999999995]",0.019391773968208126,7.950627326965332,MinimaxSolutionConcept,3.334999999999999,1.4639074424293366,0.018778326307855003,0.0005982616419132339,7.6991137862205505,0.2452872731844262,COMPLETE
577,6.262499999999998,2025-06-12 22:37:44.014420,2025-06-12 22:37:46.388405,0 days 00:00:02.373985,27,0.8595898862581409,0.0711077981609206,0.9515036125085332,0.00010000807105750878,138,5770664,6.262499999999998,1.3604296196422656,0.24674999999999997,0.18090380731206293,130.0,4,7.559999999999998,"[0.4129999999999999, 0.3429999999999999]",5770664,"[4.129999999999999, 3.4299999999999993]",0.0154951810836792,2.014373540878296,5.989999999999999,"[0.41500000000000004, 0.18399999999999997]",5771664,"[4.15, 1.8399999999999996]",0.01673267437861516,2.1752476692199707,4.149999999999999,"[-0.018000000000000037, 0.43299999999999994]",5772664,"[-0.18000000000000038, 4.329999999999999]",0.016731783059927133,2.1751317977905273,7.349999999999999,"[0.17699999999999996, 0.558]",5773664,"[1.7699999999999996, 5.58]",0.015677235676692082,2.0380406379699707,MinimaxSolutionConcept,2.4675,1.8090380731206295,0.01615921854972839,0.0005766140286709781,2.100698411464691,0.07495982372722715,COMPLETE
578,6.319999999999997,2025-06-12 22:37:46.404020,2025-06-12 22:37:50.539761,0 days 00:00:04.135741,48,0.6951557007708791,0.12414099735432549,0.9096466313325475,0.01070607784548889,166,5780666,6.319999999999997,4.485632619820755,0.46149999999999985,0.2328406107190067,160.0,4,0.4299999999999965,"[0.10699999999999985, -0.0640000000000002]",5780666,"[1.0699999999999985, -0.6400000000000019]",0.02471068948507309,3.9537103176116943,10.249999999999996,"[0.579, 0.4459999999999999]",5781666,"[5.789999999999999, 4.459999999999999]",0.02146437019109726,3.4342992305755615,3.529999999999997,"[0.42299999999999977, -0.07000000000000017]",5782666,"[4.229999999999998, -0.7000000000000017]",0.021020035445690154,3.363205671310425,11.069999999999999,"[0.7369999999999999, 0.3699999999999999]",5783666,"[7.369999999999999, 3.699999999999999]",0.022090554237365723,3.5344886779785156,MinimaxSolutionConcept,4.614999999999998,2.328406107190067,0.022321412339806557,0.0014309126288456506,3.571425974369049,0.228946020615304,COMPLETE
