number,value,datetime_start,datetime_complete,duration,params_episode_length,params_epsilon_max,params_epsilon_min,params_gamma,params_learning_rate,params_num_episodes,user_attrs_base_seed,user_attrs_collective_reward_mean,user_attrs_collective_reward_std,user_attrs_individual_reward_agent0_mean,user_attrs_individual_reward_agent0_std,user_attrs_num_episodes_mean,user_attrs_num_parallel_runs,user_attrs_run_0_collective_reward,user_attrs_run_0_individual_rewards,user_attrs_run_0_seed,user_attrs_run_0_total_individual_rewards,user_attrs_run_0_training_time_per_episode,user_attrs_run_0_training_time_total,user_attrs_run_1_collective_reward,user_attrs_run_1_individual_rewards,user_attrs_run_1_seed,user_attrs_run_1_total_individual_rewards,user_attrs_run_1_training_time_per_episode,user_attrs_run_1_training_time_total,user_attrs_run_2_collective_reward,user_attrs_run_2_individual_rewards,user_attrs_run_2_seed,user_attrs_run_2_total_individual_rewards,user_attrs_run_2_training_time_per_episode,user_attrs_run_2_training_time_total,user_attrs_run_3_collective_reward,user_attrs_run_3_individual_rewards,user_attrs_run_3_seed,user_attrs_run_3_total_individual_rewards,user_attrs_run_3_training_time_per_episode,user_attrs_run_3_training_time_total,user_attrs_solution_concept,user_attrs_total_individual_reward_agent0_mean,user_attrs_total_individual_reward_agent0_std,user_attrs_training_time_per_episode_mean,user_attrs_training_time_per_episode_std,user_attrs_training_time_total_mean,user_attrs_training_time_total_std,state
579,6.277499999999998,2025-06-12 22:37:50.555305,2025-06-12 22:37:54.057710,0 days 00:00:03.502405,45,0.6033661497998067,0.06319391405034515,0.9846632267598339,0.00015739494365240341,148,5790670,6.277499999999998,1.4108397322162436,0.37474999999999986,0.13967171331375586,140.0,4,8.12,"[0.6019999999999999, 0.20999999999999988]",5790670,"[6.019999999999999, 2.0999999999999988]",0.02336761951446533,3.2714667320251465,6.409999999999998,"[0.32099999999999984, 0.3199999999999999]",5791670,"[3.209999999999998, 3.199999999999999]",0.023621628965650288,3.30702805519104,4.149999999999998,"[0.35299999999999987, 0.061999999999999854]",5792670,"[3.5299999999999985, 0.6199999999999986]",0.021659067698887417,3.0322694778442383,6.429999999999998,"[0.22299999999999986, 0.41999999999999993]",5793670,"[2.2299999999999986, 4.199999999999999]",0.023240596907479424,3.253683567047119,MinimaxSolutionConcept,3.7474999999999983,1.3967171331375585,0.022972228271620616,0.0007704654292728206,3.216111958026886,0.10786516009819491,COMPLETE
580,6.932499999999997,2025-06-12 22:37:54.076705,2025-06-12 22:37:58.928929,0 days 00:00:04.852224,50,0.6501784205238098,0.05101901722614854,0.9221573821162156,0.00043405670710161304,171,5800674,6.932499999999997,2.375714366248603,0.29624999999999985,0.18496131352258505,170.0,4,3.7399999999999975,"[0.14699999999999988, 0.22699999999999987]",5800674,"[1.4699999999999989, 2.2699999999999987]",0.02639182315153234,4.486609935760498,5.729999999999997,"[0.14699999999999985, 0.4259999999999999]",5801674,"[1.4699999999999984, 4.259999999999999]",0.025883911637698903,4.4002649784088135,8.329999999999998,"[0.29099999999999987, 0.5419999999999999]",5802674,"[2.909999999999999, 5.419999999999999]",0.027371541191549862,4.653162002563477,9.929999999999998,"[0.5999999999999999, 0.3929999999999999]",5803674,"[5.999999999999998, 3.929999999999999]",0.024156756962046905,4.106648683547974,MinimaxSolutionConcept,2.9624999999999986,1.8496131352258505,0.025951008235707,0.0011657691940458123,4.41167140007019,0.19818076298778825,COMPLETE
581,7.702499999999999,2025-06-12 22:38:01.801983,2025-06-12 22:38:05.014921,0 days 00:00:03.212938,43,0.9881837243201788,0.07938146198997931,0.9781047403412969,0.00013360580581115667,158,5810681,7.702499999999999,1.323260650816762,0.42774999999999996,0.17665556175790229,150.0,4,6.0299999999999985,"[0.18199999999999988, 0.42099999999999993]",5810681,"[1.819999999999999, 4.209999999999999]",0.020222053527832032,3.0333080291748047,6.899999999999998,"[0.3479999999999999, 0.3419999999999998]",5811681,"[3.479999999999999, 3.419999999999998]",0.019926886558532714,2.9890329837799072,9.44,"[0.641, 0.3029999999999999]",5812681,"[6.41, 3.029999999999999]",0.02001550038655599,3.0023250579833984,8.439999999999996,"[0.54, 0.3039999999999998]",5813681,"[5.4, 3.0399999999999983]",0.019780349731445313,2.967052459716797,MinimaxSolutionConcept,4.2775,1.7665556175790227,0.01998619755109151,0.00015998266829713668,2.997929632663727,0.023997400244570494,COMPLETE
582,6.287499999999997,2025-06-12 22:38:05.030189,2025-06-12 22:38:09.184689,0 days 00:00:04.154500,47,0.9671022160371615,0.08561287973311896,0.9718010154886829,0.00022561003264979167,194,5820685,6.287499999999997,2.741216655063952,0.3077499999999999,0.17864682336946272,190.0,4,3.6999999999999966,"[0.09999999999999984, 0.26999999999999985]",5820685,"[0.9999999999999984, 2.6999999999999984]",0.01970280973534835,3.7435338497161865,10.539999999999997,"[0.477, 0.5769999999999998]",5821685,"[4.77, 5.769999999999999]",0.019369543226141678,3.680213212966919,4.059999999999996,"[0.16099999999999987, 0.2449999999999998]",5822685,"[1.6099999999999985, 2.449999999999998]",0.020760895076550937,3.9445700645446777,6.849999999999998,"[0.4929999999999999, 0.19199999999999987]",5823685,"[4.929999999999999, 1.9199999999999986]",0.02028716237921464,3.8545608520507812,MinimaxSolutionConcept,3.077499999999999,1.7864682336946274,0.020030102604313902,0.0005346953991566866,3.805719494819641,0.10159212583977023,COMPLETE
583,10.149999999999999,2025-06-12 22:38:09.200938,2025-06-12 22:38:13.215047,0 days 00:00:04.014109,49,0.8217316145595442,0.09501634097979436,0.980928959957937,0.00017322182548520698,181,5830689,10.149999999999999,1.6880610178545088,0.45799999999999985,0.16216349774224778,180.0,4,9.799999999999997,"[0.3749999999999999, 0.6049999999999998]",5830689,"[3.749999999999999, 6.049999999999997]",0.019823908805847168,3.5683035850524902,7.909999999999997,"[0.23299999999999987, 0.5579999999999998]",5831689,"[2.3299999999999987, 5.579999999999998]",0.021180517143673368,3.812493085861206,12.649999999999997,"[0.6229999999999999, 0.6419999999999998]",5832689,"[6.229999999999999, 6.419999999999998]",0.019576101832919652,3.523698329925537,10.239999999999998,"[0.6009999999999999, 0.42299999999999977]",5833689,"[6.009999999999999, 4.229999999999998]",0.0201385498046875,3.62493896484375,MinimaxSolutionConcept,4.579999999999999,1.6216349774224776,0.020179769396781923,0.0006111968577145534,3.632358491420746,0.1100154343886196,COMPLETE
584,7.922499999999998,2025-06-12 22:38:13.230492,2025-06-12 22:38:16.929443,0 days 00:00:03.698951,39,0.8249423561041274,0.09778866421550353,0.9839452241024881,0.00018990795818535935,191,5840693,7.922499999999998,2.8013869332885815,0.3297499999999999,0.1763921412648534,190.0,4,10.749999999999998,"[0.23399999999999993, 0.841]",5840693,"[2.3399999999999994, 8.41]",0.017541940588700143,3.3329687118530273,5.859999999999998,"[0.3459999999999999, 0.2399999999999999]",5841693,"[3.459999999999999, 2.399999999999999]",0.017889971482126336,3.399094581604004,10.61,"[0.6059999999999999, 0.45499999999999996]",5842693,"[6.059999999999999, 4.55]",0.018464353210047673,3.5082271099090576,4.469999999999997,"[0.1329999999999999, 0.31399999999999983]",5843693,"[1.329999999999999, 3.1399999999999983]",0.018090906896089252,3.437272310256958,MinimaxSolutionConcept,3.297499999999999,1.7639214126485339,0.01799679304424085,0.0003338306188035492,3.4193906784057617,0.06342781757267422,COMPLETE
585,6.2224999999999975,2025-06-12 22:38:16.945214,2025-06-12 22:38:21.001201,0 days 00:00:04.055987,50,0.8213030807347349,0.10262169509609718,0.9819536930676518,0.00020245379893150814,178,5850697,6.2224999999999975,3.6381339653729086,0.3019999999999999,0.1450068963877236,170.0,4,8.179999999999998,"[0.4149999999999999, 0.4029999999999999]",5850697,"[4.1499999999999995, 4.029999999999999]",0.02277500909917495,3.871751546859741,10.669999999999998,"[0.34299999999999986, 0.7239999999999999]",5851697,"[3.429999999999999, 7.239999999999998]",0.01966376164380242,3.342839479446411,5.119999999999997,"[0.39499999999999985, 0.11699999999999981]",5852697,"[3.9499999999999984, 1.1699999999999982]",0.021715478336109834,3.691631317138672,0.9199999999999967,"[0.05499999999999985, 0.036999999999999825]",5853697,"[0.5499999999999985, 0.3699999999999982]",0.022639790703268613,3.848764419555664,MinimaxSolutionConcept,3.019999999999999,1.450068963877236,0.021698509945588956,0.00124351804071648,3.688746690750122,0.2113980669218016,COMPLETE
586,7.437499999999997,2025-06-12 22:38:23.871032,2025-06-12 22:38:28.438309,0 days 00:00:04.567277,49,0.8414381625904561,0.094490875113536,0.9824018977599144,0.00017427313795339227,199,5860703,7.437499999999997,1.3139896308571084,0.49724999999999986,0.1285172653770691,190.0,4,6.229999999999998,"[0.7139999999999999, -0.09100000000000019]",5860703,"[7.139999999999999, -0.9100000000000019]",0.020060624574360093,3.811518669128418,9.249999999999998,"[0.37799999999999984, 0.5469999999999999]",5861703,"[3.7799999999999985, 5.469999999999999]",0.023064899444580077,4.382330894470215,8.129999999999997,"[0.44099999999999995, 0.37199999999999983]",5862703,"[4.409999999999999, 3.7199999999999984]",0.02225539056878341,4.228524208068848,6.139999999999998,"[0.45599999999999985, 0.15799999999999984]",5863703,"[4.559999999999999, 1.5799999999999983]",0.021518573008085552,4.088528871536255,MinimaxSolutionConcept,4.972499999999999,1.285172653770691,0.02172487189895228,0.001105599641808207,4.127725660800934,0.21006393194355927,COMPLETE
587,9.567499999999999,2025-06-12 22:38:28.453963,2025-06-12 22:38:32.678347,0 days 00:00:04.224384,48,0.806373471663123,0.0978467089609031,0.985695415900279,0.0002224796963486421,186,5870708,9.567499999999999,1.3783391273558192,0.5249999999999999,0.16806695094515167,180.0,4,8.959999999999997,"[0.4619999999999999, 0.43399999999999983]",5870708,"[4.619999999999999, 4.339999999999998]",0.020171752240922717,3.630915403366089,7.81,"[0.27899999999999986, 0.5019999999999999]",5871708,"[2.7899999999999987, 5.019999999999999]",0.021067672305636935,3.7921810150146484,11.57,"[0.6599999999999999, 0.4969999999999999]",5872708,"[6.6, 4.969999999999999]",0.021652792559729683,3.8975026607513428,9.929999999999998,"[0.6990000000000001, 0.29399999999999993]",5873708,"[6.99, 2.9399999999999995]",0.02245442072550456,4.04179573059082,MinimaxSolutionConcept,5.25,1.680669509451517,0.021336659457948475,0.0008334706506047106,3.840598702430725,0.15002471710884788,COMPLETE
588,8.519999999999998,2025-06-12 22:38:32.694429,2025-06-12 22:38:36.744510,0 days 00:00:04.050081,48,0.8317047912883094,0.10070440152308585,0.9808521359110477,0.01955053543708857,181,5880712,8.519999999999998,1.9433604915197806,0.42024999999999996,0.13876126080430373,180.0,4,7.609999999999998,"[0.48299999999999993, 0.2779999999999999]",5880712,"[4.829999999999999, 2.7799999999999994]",0.020921738942464192,3.7659130096435547,11.51,"[0.5769999999999998, 0.574]",5881712,"[5.769999999999999, 5.739999999999999]",0.019109690189361574,3.439744234085083,8.739999999999997,"[0.42099999999999993, 0.45299999999999996]",5882712,"[4.209999999999999, 4.529999999999999]",0.021228228674994576,3.8210811614990234,6.219999999999997,"[0.19999999999999987, 0.4219999999999999]",5883712,"[1.9999999999999987, 4.219999999999999]",0.021451531516181097,3.8612756729125977,MinimaxSolutionConcept,4.202499999999999,1.3876126080430373,0.02067779733075036,0.0009246765341500122,3.7220035195350647,0.16644177614700228,COMPLETE
589,6.499999999999997,2025-06-12 22:38:36.760108,2025-06-12 22:38:41.111504,0 days 00:00:04.351396,49,0.7548585675077237,0.09357239149499214,0.9188801657797627,0.00017572260560206842,182,5890716,6.499999999999997,3.5332492128351216,0.33299999999999985,0.3053235988259015,180.0,4,10.709999999999999,"[0.7109999999999999, 0.35999999999999976]",5890716,"[7.1099999999999985, 3.599999999999998]",0.019116290410359702,3.440932273864746,1.1699999999999964,"[0.051999999999999824, 0.06499999999999986]",5891716,"[0.5199999999999982, 0.6499999999999986]",0.02268642054663764,4.083555698394775,8.319999999999997,"[0.5549999999999999, 0.27699999999999986]",5892716,"[5.549999999999999, 2.7699999999999987]",0.022352001402113172,4.023360252380371,5.799999999999996,"[0.013999999999999808, 0.5659999999999998]",5893716,"[0.13999999999999807, 5.659999999999998]",0.02313350174162123,4.164030313491821,MinimaxSolutionConcept,3.3299999999999987,3.0532359882590145,0.02182205352518294,0.0015865863952191869,3.9279696345329285,0.2855855511394537,COMPLETE
590,3.175,2025-06-12 22:38:41.126783,2025-06-12 22:38:43.764114,0 days 00:00:02.637331,20,0.7745918355511838,0.09523365511069143,0.9800777017402548,0.00015383079975670477,216,5900721,3.175,2.468699050107161,0.17149999999999999,0.18551617180181357,210.0,4,-0.5100000000000007,"[0.03099999999999995, -0.08200000000000005]",5900721,"[0.3099999999999995, -0.8200000000000005]",0.01166275455838158,2.449178457260132,4.09,"[0.02999999999999996, 0.379]",5901721,"[0.2999999999999996, 3.79]",0.011084584962754022,2.3277628421783447,6.31,"[0.483, 0.148]",5902721,"[4.83, 1.48]",0.010766835439772833,2.261035442352295,2.8099999999999996,"[0.142, 0.13899999999999996]",5903721,"[1.42, 1.3899999999999997]",0.01142477308000837,2.399202346801758,MinimaxSolutionConcept,1.7149999999999999,1.8551617180181357,0.011234737010229201,0.0003394076628259926,2.3592947721481323,0.0712756091934585,COMPLETE
591,6.5349999999999975,2025-06-12 22:38:46.636988,2025-06-12 22:38:51.012723,0 days 00:00:04.375735,49,0.6290910800287884,0.09032627034614109,0.9558447730237073,0.00023568627691609117,174,5910726,6.5349999999999975,3.2167491353849775,0.4362499999999999,0.19728199993917336,170.0,4,10.949999999999998,"[0.46499999999999986, 0.6299999999999999]",5910726,"[4.649999999999999, 6.299999999999999]",0.021411657333374023,3.639981746673584,7.549999999999998,"[0.7059999999999998, 0.048999999999999835]",5911726,"[7.059999999999999, 0.4899999999999983]",0.022687321550705852,3.856844663619995,5.569999999999997,"[0.42399999999999993, 0.13299999999999984]",5912726,"[4.239999999999999, 1.3299999999999983]",0.023608168433694277,4.013388633728027,2.069999999999997,"[0.14999999999999986, 0.05699999999999983]",5913726,"[1.4999999999999987, 0.5699999999999983]",0.024582594983717974,4.179041147232056,MinimaxSolutionConcept,4.362499999999999,1.9728199993917337,0.02307243557537303,0.0011698384840641964,3.9223140478134155,0.1988725422909134,COMPLETE
592,7.154999999999998,2025-06-12 22:38:51.028233,2025-06-12 22:38:54.930591,0 days 00:00:03.902358,50,0.8967089795912578,0.10448069657260199,0.9164724115578141,0.0001926068089679419,170,5920731,7.154999999999998,3.839873044776351,0.3182499999999999,0.28493014494784513,170.0,4,6.069999999999997,"[0.3099999999999999, 0.2969999999999998]",5920731,"[3.0999999999999988, 2.969999999999998]",0.02052915096282959,3.4899556636810303,1.749999999999997,"[-0.1440000000000002, 0.31899999999999984]",5921731,"[-1.4400000000000022, 3.1899999999999986]",0.021831682149101705,3.71138596534729,12.339999999999998,"[0.5409999999999999, 0.6929999999999998]",5922731,"[5.409999999999999, 6.929999999999998]",0.020739995732026943,3.52579927444458,8.459999999999999,"[0.566, 0.2799999999999999]",5923731,"[5.659999999999999, 2.799999999999999]",0.021211427800795612,3.605942726135254,MinimaxSolutionConcept,3.1824999999999988,2.8493014494784514,0.021078064161188462,0.0005003303644103498,3.5832709074020386,0.08505616194975958,COMPLETE
593,7.242499999999998,2025-06-12 22:38:54.946394,2025-06-12 22:38:59.307041,0 days 00:00:04.360647,48,0.818222550260442,0.03963194553671506,0.9828672475435484,0.0005250702898775406,196,5930735,7.242499999999998,1.828925572569863,0.5005,0.15803401532581524,190.0,4,9.549999999999999,"[0.6299999999999999, 0.32499999999999984]",5930735,"[6.299999999999999, 3.2499999999999982]",0.0195241978293971,3.709597587585449,8.369999999999997,"[0.568, 0.26899999999999985]",5931735,"[5.68, 2.6899999999999986]",0.020928862220362613,3.9764838218688965,4.859999999999998,"[0.2299999999999999, 0.2559999999999999]",5932735,"[2.299999999999999, 2.5599999999999987]",0.021770241386012027,4.136345863342285,6.189999999999998,"[0.574, 0.04499999999999983]",5933735,"[5.739999999999999, 0.4499999999999983]",0.021614451157419307,4.106745719909668,MinimaxSolutionConcept,5.004999999999999,1.5803401532581525,0.02095943814829776,0.00088703066361507,3.9822932481765747,0.16853582608686313,COMPLETE
594,5.784999999999998,2025-06-12 22:38:59.322373,2025-06-12 22:39:03.250636,0 days 00:00:03.928263,47,0.7926136592094662,0.04472033107585778,0.9144310633375367,0.00015701985273024248,177,5940739,5.784999999999998,3.723147190214216,0.3057499999999999,0.2009930036095784,170.0,4,4.579999999999997,"[0.05999999999999987, 0.3979999999999999]",5940739,"[0.5999999999999988, 3.979999999999999]",0.021520217727212344,3.6584370136260986,2.3099999999999974,"[0.4009999999999999, -0.17000000000000018]",5941739,"[4.009999999999999, -1.7000000000000017]",0.021178037980023552,3.600266456604004,12.06,"[0.5819999999999999, 0.6239999999999999]",5942739,"[5.8199999999999985, 6.239999999999998]",0.022014941888697008,3.742540121078491,4.189999999999998,"[0.17999999999999988, 0.23899999999999988]",5943739,"[1.799999999999999, 2.389999999999999]",0.021234788614160876,3.6099140644073486,MinimaxSolutionConcept,3.0574999999999988,2.0099300360957844,0.02148699655252345,0.00033124544077216966,3.6527894139289856,0.056311724931268826,COMPLETE
595,8.357499999999998,2025-06-12 22:39:03.266174,2025-06-12 22:39:08.126292,0 days 00:00:04.860118,49,0.6141996881943167,0.09074767432189111,0.9789096914488963,0.03146815298781011,209,5950743,8.357499999999998,3.0281708587858778,0.34899999999999987,0.12564433930742763,200.0,4,5.229999999999997,"[0.17899999999999985, 0.3439999999999998]",5950743,"[1.7899999999999985, 3.439999999999998]",0.022817484140396117,4.563496828079224,7.659999999999997,"[0.27999999999999986, 0.4859999999999999]",5951743,"[2.7999999999999985, 4.8599999999999985]",0.023342188596725464,4.668437719345093,13.359999999999998,"[0.48999999999999994, 0.8459999999999999]",5952743,"[4.8999999999999995, 8.459999999999999]",0.02176655888557434,4.353311777114868,7.179999999999998,"[0.4469999999999999, 0.27099999999999985]",5953743,"[4.469999999999999, 2.7099999999999986]",0.022096668481826783,4.4193336963653564,MinimaxSolutionConcept,3.489999999999999,1.2564433930742764,0.022505725026130678,0.0006145239804195082,4.501145005226135,0.1229047960839017,COMPLETE
596,7.214999999999998,2025-06-12 22:39:11.066746,2025-06-12 22:39:14.989597,0 days 00:00:03.922851,47,0.6664121979842828,0.09701782316457257,0.9427782969832934,0.0001413592650172589,165,5960751,7.214999999999998,2.8742520766279362,0.4967499999999998,0.1573362243731557,160.0,4,4.2399999999999975,"[0.5239999999999998, -0.1000000000000002]",5960751,"[5.239999999999998, -1.000000000000002]",0.022751405835151672,3.6402249336242676,11.969999999999999,"[0.7299999999999999, 0.4669999999999999]",5961751,"[7.299999999999999, 4.669999999999999]",0.021203570067882538,3.392571210861206,6.309999999999998,"[0.43699999999999994, 0.1939999999999999]",5962751,"[4.369999999999999, 1.939999999999999]",0.021852107346057893,3.4963371753692627,6.339999999999998,"[0.2959999999999999, 0.33799999999999986]",5963751,"[2.9599999999999986, 3.3799999999999986]",0.02328054904937744,3.7248878479003906,MinimaxSolutionConcept,4.9674999999999985,1.5733622437315573,0.022271908074617385,0.000800757995067108,3.5635052919387817,0.12812127921073735,COMPLETE
597,6.354999999999997,2025-06-12 22:39:15.005089,2025-06-12 22:39:18.985253,0 days 00:00:03.980164,50,0.9996959324115225,0.04786485378599637,0.9861307470516699,0.0030766613156167732,185,5970755,6.354999999999997,2.2301625501294753,0.3934999999999999,0.11407124966440937,180.0,4,8.12,"[0.3169999999999999, 0.49499999999999994]",5970755,"[3.169999999999999, 4.949999999999999]",0.019458366764916316,3.5025060176849365,8.089999999999998,"[0.53, 0.2789999999999998]",5971755,"[5.300000000000001, 2.7899999999999983]",0.021030108133951824,3.785419464111328,2.6499999999999964,"[0.477, -0.2120000000000002]",5972755,"[4.77, -2.120000000000002]",0.020347821712493896,3.6626079082489014,6.559999999999997,"[0.24999999999999983, 0.40599999999999986]",5973755,"[2.4999999999999982, 4.059999999999999]",0.01998581091562907,3.5974459648132324,MinimaxSolutionConcept,3.934999999999999,1.1407124966440938,0.020205526881747777,0.0005715560791152827,3.6369948387145996,0.10288009424075091,COMPLETE
598,7.754999999999998,2025-06-12 22:39:19.001388,2025-06-12 22:39:25.651910,0 days 00:00:06.650522,46,0.6413060441820978,0.10843834904086738,0.9130010290352968,0.0002020217772802054,273,5980759,7.754999999999998,0.8874823941915692,0.4837499999999999,0.05576008877324359,270.0,4,9.009999999999998,"[0.578, 0.32299999999999984]",5980759,"[5.779999999999999, 3.2299999999999986]",0.02347667305557816,6.3387017250061035,6.499999999999998,"[0.4579999999999999, 0.1919999999999999]",5981759,"[4.579999999999999, 1.919999999999999]",0.023945414578473125,6.465261936187744,7.769999999999998,"[0.46599999999999986, 0.31099999999999994]",5982759,"[4.659999999999998, 3.1099999999999994]",0.022826834078188297,6.16324520111084,7.739999999999998,"[0.43299999999999983, 0.34099999999999986]",5983759,"[4.329999999999998, 3.4099999999999984]",0.0218840342980844,5.908689260482788,MinimaxSolutionConcept,4.837499999999999,0.5576008877324357,0.023033239002580995,0.0007733001497255596,6.218974530696869,0.20879104042590133,COMPLETE
