number,value,datetime_start,datetime_complete,duration,params_episode_length,params_epsilon_max,params_epsilon_min,params_gamma,params_learning_rate,params_num_episodes,user_attrs_base_seed,user_attrs_collective_reward_mean,user_attrs_collective_reward_std,user_attrs_individual_reward_agent0_mean,user_attrs_individual_reward_agent0_std,user_attrs_num_episodes_mean,user_attrs_num_parallel_runs,user_attrs_run_0_collective_reward,user_attrs_run_0_individual_rewards,user_attrs_run_0_seed,user_attrs_run_0_total_individual_rewards,user_attrs_run_0_training_time_per_episode,user_attrs_run_0_training_time_total,user_attrs_run_1_collective_reward,user_attrs_run_1_individual_rewards,user_attrs_run_1_seed,user_attrs_run_1_total_individual_rewards,user_attrs_run_1_training_time_per_episode,user_attrs_run_1_training_time_total,user_attrs_run_2_collective_reward,user_attrs_run_2_individual_rewards,user_attrs_run_2_seed,user_attrs_run_2_total_individual_rewards,user_attrs_run_2_training_time_per_episode,user_attrs_run_2_training_time_total,user_attrs_run_3_collective_reward,user_attrs_run_3_individual_rewards,user_attrs_run_3_seed,user_attrs_run_3_total_individual_rewards,user_attrs_run_3_training_time_per_episode,user_attrs_run_3_training_time_total,user_attrs_solution_concept,user_attrs_total_individual_reward_agent0_mean,user_attrs_total_individual_reward_agent0_std,user_attrs_training_time_per_episode_mean,user_attrs_training_time_per_episode_std,user_attrs_training_time_total_mean,user_attrs_training_time_total_std,state
189,4.2325,2025-06-12 22:02:52.942340,2025-06-12 22:02:56.983344,0 days 00:00:04.041004,11,0.5650561468473153,0.07093109080727014,0.995184552225903,0.026686370481908358,351,1898572,4.2325,2.8108217214899986,0.4700000000000001,0.19634281244802423,350.0,4,1.1900000000000006,"[0.219, -0.09999999999999999]",1898572,"[2.19, -0.9999999999999999]",0.008686965533665249,3.040437936782837,3.45,"[0.445, -0.09999999999999999]",1899572,"[4.45, -0.9999999999999999]",0.011009281703404018,3.8532485961914062,3.4600000000000004,"[0.446, -0.09999999999999999]",1900572,"[4.46, -0.9999999999999999]",0.01010725498199463,3.53753924369812,8.83,"[0.7700000000000001, 0.11299999999999999]",1901572,"[7.700000000000001, 1.13]",0.009747809682573591,3.411733388900757,WelfareSolutionConcept,4.700000000000001,1.9634281244802423,0.009887827975409371,0.0008317875933151985,3.46073979139328,0.2911256576603195,COMPLETE
190,6.82,2025-06-12 22:02:57.001588,2025-06-12 22:03:00.882605,0 days 00:00:03.881017,12,0.6035517195947834,0.06123125512792071,0.9980059301372217,0.016343672241000785,337,1908577,6.82,1.1684605256490266,0.6275,0.09395876755258134,330.0,4,5.430000000000001,"[0.5429999999999998, 1.1102230246251566e-17]",1908577,"[5.429999999999998, 1.1102230246251565e-16]",0.008137234052022298,2.6852872371673584,6.57,"[0.767, -0.10999999999999999]",1909577,"[7.67, -1.0999999999999999]",0.011227730548743046,3.705151081085205,6.61,"[0.6599999999999999, 0.001000000000000012]",1910577,"[6.6, 0.01000000000000012]",0.008089038097497189,2.6693825721740723,8.67,"[0.5399999999999999, 0.32700000000000007]",1911577,"[5.3999999999999995, 3.2700000000000005]",0.010790504831256289,3.560866594314575,WelfareSolutionConcept,6.274999999999999,0.9395876755258133,0.009561126882379707,0.001456318483783667,3.1551718711853027,0.4805850996486101,COMPLETE
191,5.73,2025-06-12 22:03:01.952571,2025-06-12 22:03:06.230505,0 days 00:00:04.277934,12,0.6249375014205918,0.06565870319211836,0.9984426141758582,0.014746205447377805,342,1918582,5.73,0.9347726996441433,0.49325,0.09493254183892894,340.0,4,6.59,"[0.5549999999999999, 0.10400000000000001]",1918582,"[5.549999999999999, 1.04]",0.011573175822987275,3.934879779815674,6.57,"[0.546, 0.11100000000000007]",1919582,"[5.460000000000001, 1.1100000000000008]",0.008498010214637308,2.8893234729766846,5.430000000000001,"[0.32900000000000007, 0.21400000000000005]",1920582,"[3.290000000000001, 2.1400000000000006]",0.009282575635349049,3.1560757160186768,4.33,"[0.5429999999999999, -0.10999999999999999]",1921582,"[5.43, -1.0999999999999999]",0.011990271596347584,4.076692342758179,WelfareSolutionConcept,4.9325,0.9493254183892893,0.010336008317330303,0.0014794532667786239,3.5142428278923035,0.5030141107047322,COMPLETE
192,5.1899999999999995,2025-06-12 22:03:06.246387,2025-06-12 22:03:09.785424,0 days 00:00:03.539037,10,0.6151423510991532,0.06216823574075149,0.9937331374321721,0.015965733987446017,353,1928586,5.1899999999999995,1.1923715863773343,0.47725000000000006,0.08888581157867659,350.0,4,3.5599999999999996,"[0.3420000000000001, 0.014000000000000018]",1928586,"[3.420000000000001, 0.14000000000000018]",0.007391369002205985,2.5869791507720947,6.750000000000001,"[0.556, 0.11900000000000002]",1929586,"[5.5600000000000005, 1.1900000000000002]",0.006940278325762068,2.4290974140167236,5.77,"[0.453, 0.124]",1930586,"[4.53, 1.24]",0.007339809962681362,2.5689334869384766,4.680000000000001,"[0.558, -0.08999999999999998]",1931586,"[5.58, -0.8999999999999998]",0.009621956007821219,3.3676846027374268,WelfareSolutionConcept,4.772500000000001,0.8888581157867659,0.007823353324617657,0.001052997828026366,2.7381736636161804,0.3685492398092282,COMPLETE
193,5.2924999999999995,2025-06-12 22:03:09.800110,2025-06-12 22:03:13.295508,0 days 00:00:03.495398,11,0.6522178901339638,0.07001435365630296,0.994529549788687,0.01766370902754882,337,1938589,5.2924999999999995,1.1774840763254508,0.36399999999999993,0.08955166106778813,330.0,4,5.5600000000000005,"[0.4459999999999999, 0.11000000000000001]",1938589,"[4.459999999999999, 1.1]",0.009864086815805147,3.2551486492156982,5.5699999999999985,"[0.33699999999999997, 0.21999999999999997]",1939589,"[3.3699999999999997, 2.1999999999999997]",0.007274911620400169,2.4007208347320557,6.64,"[0.44399999999999995, 0.21999999999999997]",1940589,"[4.4399999999999995, 2.1999999999999997]",0.00777270288178415,2.5649919509887695,3.3999999999999995,"[0.22899999999999993, 0.11100000000000002]",1941589,"[2.289999999999999, 1.11]",0.0100915865464644,3.330223560333252,WelfareSolutionConcept,3.6399999999999992,0.8955166106778814,0.008750821966113468,0.0012421791917025717,2.887771248817444,0.4099191332618487,COMPLETE
194,6.3149999999999995,2025-06-12 22:03:13.310368,2025-06-12 22:03:17.685943,0 days 00:00:04.375575,12,0.5818612027232868,0.061169762920337746,0.9985211721261839,0.019599044547955167,357,1948593,6.3149999999999995,0.9061318888550384,0.5775,0.11826770480566542,350.0,4,5.49,"[0.44099999999999995, 0.10800000000000001]",1948593,"[4.409999999999999, 1.08]",0.011882669585091727,4.1589343547821045,5.51,"[0.55, 0.001000000000000012]",1949593,"[5.5, 0.01000000000000012]",0.007205963134765625,2.5220870971679688,7.6899999999999995,"[0.5519999999999999, 0.21700000000000003]",1950593,"[5.52, 2.1700000000000004]",0.008273023877825057,2.8955583572387695,6.57,"[0.7670000000000001, -0.10999999999999999]",1951593,"[7.670000000000002, -1.0999999999999999]",0.011743363652910505,4.110177278518677,WelfareSolutionConcept,5.775,1.1826770480566544,0.009776255062648228,0.0020719919724632055,3.42168927192688,0.725197190362122,COMPLETE
195,4.3725000000000005,2025-06-12 22:03:17.702194,2025-06-12 22:03:21.516169,0 days 00:00:03.813975,10,0.5436039188644386,0.07545266164278244,0.9915149828999522,0.06773156993062578,344,1958597,4.3725000000000005,1.609602047091144,0.3405,0.13002788162544215,340.0,4,6.820000000000001,"[0.44700000000000006, 0.23500000000000004]",1958597,"[4.470000000000001, 2.3500000000000005]",0.008824152806225945,3.0002119541168213,3.5500000000000003,"[0.341, 0.014000000000000007]",1959597,"[3.41, 0.14000000000000007]",0.008634181583628935,2.935621738433838,2.47,"[0.12800000000000003, 0.119]",1960597,"[1.2800000000000002, 1.19]",0.01070165423785939,3.6385624408721924,4.65,"[0.446, 0.019000000000000013]",1961597,"[4.46, 0.19000000000000014]",0.008557996329139261,2.9097187519073486,WelfareSolutionConcept,3.4050000000000002,1.3002788162544217,0.009179496239213382,0.0008841470663903492,3.12102872133255,0.30061000257271864,COMPLETE
196,5.077500000000001,2025-06-12 22:03:22.490823,2025-06-12 22:03:26.153359,0 days 00:00:03.662536,11,0.5995271415575527,0.056109369548194885,0.9958823825239286,0.013853922210770912,323,1968602,5.077500000000001,3.4809077479875854,0.44575,0.2992393481813513,320.0,4,6.74,"[0.664, 0.010000000000000007]",1968602,"[6.640000000000001, 0.10000000000000007]",0.010625027120113373,3.4000086784362793,-0.9099999999999998,"[0.009000000000000018, -0.09999999999999999]",1969602,"[0.09000000000000019, -0.9999999999999999]",0.007976888120174408,2.5526041984558105,6.739999999999999,"[0.33599999999999997, 0.338]",1970602,"[3.3599999999999994, 3.3800000000000003]",0.007661673426628113,2.451735496520996,7.740000000000001,"[0.774, 8.326672684688674e-18]",1971602,"[7.74, 8.326672684688674e-17]",0.01068572625517845,3.4194324016571045,WelfareSolutionConcept,4.4575,2.9923934818135134,0.009237328730523586,0.00142258236833652,2.9559451937675476,0.45522635786768656,COMPLETE
197,5.3475,2025-06-12 22:03:26.171451,2025-06-12 22:03:30.209065,0 days 00:00:04.037614,13,0.5067560647601892,0.06516006426132329,0.9042460023540638,0.04487881054536693,334,1978606,5.3475,2.8191964724013117,0.43425,0.20740103061460424,330.0,4,3.14,"[0.32199999999999995, -0.007999999999999993]",1978606,"[3.2199999999999998, -0.07999999999999993]",0.011359468373385343,3.748624563217163,7.54,"[0.766, -0.011999999999999995]",1979606,"[7.66, -0.11999999999999995]",0.011526374383406205,3.803703546524048,8.68,"[0.437, 0.43100000000000005]",1980606,"[4.37, 4.3100000000000005]",0.011657451138351902,3.846958875656128,2.0300000000000002,"[0.21200000000000002, -0.008999999999999994]",1981606,"[2.12, -0.08999999999999994]",0.010415434114860766,3.4370932579040527,WelfareSolutionConcept,4.3425,2.074010306146042,0.011239682002501054,0.0004874569024713194,3.709095060825348,0.1608607778155355,COMPLETE
198,3.85,2025-06-12 22:03:30.223524,2025-06-12 22:03:34.570309,0 days 00:00:04.346785,12,0.6121932778510516,0.0804587260838627,0.9970113910127893,0.05707710133199172,378,1988610,3.85,1.6700748486220611,0.4127499999999999,0.14506614870465118,370.0,4,4.430000000000001,"[0.5529999999999998, -0.10999999999999999]",1988610,"[5.5299999999999985, -1.0999999999999999]",0.009211691650184425,3.4083259105682373,4.41,"[0.5509999999999999, -0.10999999999999999]",1989610,"[5.51, -1.0999999999999999]",0.008576293893762537,3.1732287406921387,5.5,"[0.33100000000000007, 0.219]",1990610,"[3.3100000000000005, 2.19]",0.008600311665921598,3.182115316390991,1.0600000000000003,"[0.21600000000000005, -0.10999999999999999]",1991610,"[2.1600000000000006, -1.0999999999999999]",0.011266873333905194,4.168743133544922,WelfareSolutionConcept,4.1275,1.4506614870465122,0.00941379263594344,0.001099762282648557,3.4831032752990723,0.40691204457996616,COMPLETE
199,7.6049999999999995,2025-06-12 22:03:34.586655,2025-06-12 22:03:38.271840,0 days 00:00:03.685185,10,0.5840326469476962,0.09124855197939748,0.9935432803728133,0.07974740438732895,362,1998614,7.6049999999999995,1.7668404002625706,0.52725,0.19005706379927056,360.0,4,8.980000000000002,"[0.5559999999999999, 0.3420000000000001]",1998614,"[5.56, 3.420000000000001]",0.009767561488681369,3.516322135925293,8.95,"[0.553, 0.3420000000000001]",1999614,"[5.53, 3.420000000000001]",0.007999115520053439,2.8796815872192383,4.65,"[0.23400000000000004, 0.23100000000000004]",2000614,"[2.3400000000000003, 2.3100000000000005]",0.007844803068372938,2.824129104614258,7.84,"[0.7660000000000001, 0.018000000000000013]",2001614,"[7.660000000000001, 0.18000000000000013]",0.009325426154666477,3.3571534156799316,WelfareSolutionConcept,5.2725,1.9005706379927056,0.008734226557943555,0.0008289693034238549,3.14432156085968,0.2984289492325877,COMPLETE
200,4.507499999999999,2025-06-12 22:03:38.286813,2025-06-12 22:03:42.758454,0 days 00:00:04.471641,13,0.5887393287261417,0.10050368362531864,0.9924170144487894,0.08167962300401695,362,2008618,4.507499999999999,3.16742304563189,0.4327500000000001,0.20833191666185,360.0,4,9.76,"[0.7670000000000001, 0.209]",2008618,"[7.670000000000002, 2.09]",0.011289600531260173,4.064256191253662,4.249999999999999,"[0.433, -0.007999999999999993]",2009618,"[4.33, -0.07999999999999993]",0.009460850556691488,3.4059062004089355,2.0200000000000005,"[0.211, -0.008999999999999984]",2010618,"[2.11, -0.08999999999999983]",0.0087417205174764,3.147019386291504,2.0,"[0.32000000000000006, -0.11999999999999997]",2011618,"[3.2000000000000006, -1.1999999999999997]",0.011918195088704427,4.290550231933594,WelfareSolutionConcept,4.327500000000001,2.0833191666185003,0.010352591673533123,0.001296071733541058,3.726933002471924,0.46658582407478083,COMPLETE
201,4.1450000000000005,2025-06-12 22:03:43.801574,2025-06-12 22:03:47.375257,0 days 00:00:03.573683,10,0.5813700901947729,0.09029982762808568,0.9789030228811264,0.09839658905411787,354,2018623,4.1450000000000005,1.6133892896632236,0.34175,0.29549735616414574,350.0,4,6.830000000000001,"[0.773, -0.08999999999999998]",2018623,"[7.73, -0.8999999999999998]",0.00963606630052839,3.3726232051849365,2.52,"[0.01700000000000001, 0.23499999999999996]",2019623,"[0.17000000000000012, 2.3499999999999996]",0.00967306205204555,3.3855717182159424,3.6,"[0.45, -0.08999999999999998]",2020623,"[4.5, -0.8999999999999998]",0.007108112062726702,2.4878392219543457,3.6300000000000003,"[0.127, 0.23600000000000004]",2021623,"[1.27, 2.3600000000000003]",0.006908292089189802,2.4179022312164307,WelfareSolutionConcept,3.4175,2.9549735616414576,0.008331383126122612,0.0013251302501814234,2.915984094142914,0.4637955875634982,COMPLETE
202,5.8425,2025-06-12 22:03:47.391384,2025-06-12 22:03:51.568862,0 days 00:00:04.177478,11,0.5501019233661654,0.08574366022218975,0.9923481079257583,0.07134714743202525,362,2028627,5.8425,3.0822262652180483,0.44225000000000003,0.20152961941114267,360.0,4,1.2600000000000002,"[0.22599999999999998, -0.09999999999999999]",2028627,"[2.26, -0.9999999999999999]",0.009178413285149468,3.3042287826538086,6.64,"[0.43900000000000006, 0.225]",2029627,"[4.390000000000001, 2.25]",0.0081694761912028,2.941011428833008,9.88,"[0.766, 0.22199999999999998]",2030627,"[7.66, 2.2199999999999998]",0.011157102055019803,4.016556739807129,5.590000000000001,"[0.33799999999999997, 0.221]",2031627,"[3.38, 2.21]",0.010625600814819336,3.825216293334961,WelfareSolutionConcept,4.4225,2.0152961941114267,0.009782648086547852,0.0011797368639553402,3.5217533111572266,0.4247052710239225,COMPLETE
203,4.8975,2025-06-12 22:03:51.583533,2025-06-12 22:03:55.003435,0 days 00:00:03.419902,10,0.558566496691375,0.08837039343700828,0.9930519861647144,0.05965682524061212,347,2038631,4.8975,2.3085425597116465,0.4730000000000001,0.15755633912984907,340.0,4,5.69,"[0.5570000000000002, 0.012000000000000007]",2038631,"[5.570000000000002, 0.12000000000000008]",0.006786685130175422,2.3074729442596436,4.64,"[0.445, 0.019000000000000013]",2039631,"[4.45, 0.19000000000000014]",0.009563021800097297,3.251427412033081,7.830000000000001,"[0.657, 0.12599999999999995]",2040631,"[6.57, 1.2599999999999993]",0.007199889070847456,2.4479622840881348,1.4300000000000002,"[0.233, -0.08999999999999998]",2041631,"[2.33, -0.8999999999999998]",0.007234605620889103,2.459765911102295,WelfareSolutionConcept,4.73,1.5755633912984908,0.007696050405502319,0.0010922035926808143,2.6166571378707886,0.3713492215114769,COMPLETE
204,5.449999999999999,2025-06-12 22:03:55.018477,2025-06-12 22:03:58.855072,0 days 00:00:03.836595,12,0.6127143534504094,0.05836840747567439,0.9964050126865679,0.030505519601377373,337,2048635,5.449999999999999,1.3261787209874838,0.5735,0.15771096981503854,330.0,4,5.47,"[0.5459999999999999, 0.001000000000000012]",2048635,"[5.459999999999999, 0.01000000000000012]",0.010699823408415823,3.5309417247772217,6.609999999999999,"[0.662, -0.0009999999999999898]",2049635,"[6.62, -0.009999999999999898]",0.008132001847931832,2.683560609817505,3.2800000000000007,"[0.332, -0.003999999999999992]",2050635,"[3.3200000000000003, -0.039999999999999925]",0.007859156348488548,2.5935215950012207,6.4399999999999995,"[0.754, -0.10999999999999999]",2051635,"[7.54, -1.0999999999999999]",0.011103375752766927,3.664113998413086,WelfareSolutionConcept,5.734999999999999,1.5771096981503854,0.009448589339400782,0.0014631818602465177,3.1180344820022583,0.4828500138813508,COMPLETE
205,3.4299999999999997,2025-06-12 22:03:58.870002,2025-06-12 22:04:02.708658,0 days 00:00:03.838656,11,0.5709845015435255,0.10608781579047631,0.9378221475662762,0.04902057267971117,355,2058638,3.4299999999999997,0.7604932609826333,0.3345,0.1319024260580525,350.0,4,4.489999999999999,"[0.549, -0.09999999999999999]",2058638,"[5.49, -0.9999999999999999]",0.007825352123805454,2.738873243331909,3.42,"[0.22200000000000003, 0.11999999999999997]",2059638,"[2.22, 1.1999999999999997]",0.010398808888026646,3.639583110809326,2.3400000000000003,"[0.22999999999999993, 0.0040000000000000036]",2060638,"[2.2999999999999994, 0.040000000000000036]",0.007723657063075475,2.703279972076416,3.4699999999999998,"[0.337, 0.010000000000000007]",2061638,"[3.37, 0.10000000000000007]",0.010478027888706751,3.6673097610473633,WelfareSolutionConcept,3.3449999999999998,1.319024260580525,0.009106461490903581,0.0013327364212890244,3.1872615218162537,0.46645774745115864,COMPLETE
206,7.3275,2025-06-12 22:04:03.719937,2025-06-12 22:04:07.554839,0 days 00:00:03.834902,12,0.9742207902486156,0.07790487194500029,0.9334253748240843,0.08034891620681986,374,2068643,7.3275,2.4433110219536105,0.631,0.16261150020831863,370.0,4,7.55,"[0.5469999999999999, 0.20800000000000002]",2068643,"[5.469999999999999, 2.08]",0.006959687052546321,2.5750842094421387,9.66,"[0.6579999999999999, 0.30800000000000005]",2069643,"[6.579999999999999, 3.0800000000000005]",0.007074644758894637,2.6176185607910156,8.799999999999999,"[0.8790000000000001, 0.001000000000000012]",2070643,"[8.790000000000001, 0.01000000000000012]",0.009566364417204985,3.5395548343658447,3.3000000000000007,"[0.44000000000000006, -0.10999999999999999]",2071643,"[4.4, -1.0999999999999999]",0.009871365572955157,3.652405261993408,WelfareSolutionConcept,6.309999999999999,1.6261150020831865,0.008368015450400274,0.0013557561044556792,3.096165716648102,0.5016297586486014,COMPLETE
207,5.665,2025-06-12 22:04:07.569757,2025-06-12 22:04:11.815188,0 days 00:00:04.245431,12,0.6072413734696592,0.07502270513392284,0.9333031004949338,0.012781649247671781,394,2078647,5.665,0.8941336589123575,0.3785,0.11875289470156081,390.0,4,6.470000000000001,"[0.219, 0.42799999999999994]",2078647,"[2.19, 4.279999999999999]",0.00720510971851838,2.809992790222168,5.369999999999999,"[0.5359999999999999, 0.001000000000000012]",2079647,"[5.359999999999999, 0.01000000000000012]",0.00782328018775353,3.051079273223877,4.33,"[0.43499999999999994, -0.0019999999999999905]",2080647,"[4.35, -0.019999999999999907]",0.010430118976495205,4.06774640083313,6.489999999999999,"[0.32400000000000007, 0.325]",2081647,"[3.2400000000000007, 3.25]",0.00760648678510617,2.9665298461914062,WelfareSolutionConcept,3.7849999999999997,1.1875289470156083,0.008266248916968321,0.0012688437057716486,3.2238370776176453,0.494849045250943,COMPLETE
208,5.3575,2025-06-12 22:04:11.895183,2025-06-12 22:04:15.768983,0 days 00:00:03.873800,13,0.9350187970603707,0.0789756643739415,0.9988983876747017,0.08295488000404638,371,2088651,5.3575,3.129148246727853,0.46275,0.21342021342881273,370.0,4,9.78,"[0.7669999999999999, 0.21100000000000002]",2088651,"[7.669999999999999, 2.1100000000000003]",0.006638064255585541,2.4560837745666504,5.309999999999999,"[0.32199999999999995, 0.209]",2089651,"[3.2199999999999998, 2.09]",0.010017067677265888,3.706315040588379,0.9300000000000002,"[0.213, -0.11999999999999997]",2090651,"[2.13, -1.1999999999999997]",0.007562889279545964,2.798269033432007,5.41,"[0.5489999999999999, -0.007999999999999993]",2091651,"[5.489999999999999, -0.07999999999999993]",0.009878278423000026,3.6549630165100098,WelfareSolutionConcept,4.6274999999999995,2.1342021342881274,0.008524074908849356,0.0014614896991157725,3.1539077162742615,0.5407511886728358,COMPLETE
209,5.232500000000001,2025-06-12 22:04:15.784063,2025-06-12 22:04:20.051263,0 days 00:00:04.267200,14,0.5934944434752499,0.06918060338216768,0.921944276208243,0.07725563792251522,348,2098655,5.232500000000001,1.1427023890760013,0.4315000000000001,0.07814889634537392,340.0,4,6.370000000000001,"[0.541, 0.096]",2098655,"[5.41, 0.96]",0.008518329788656796,2.8962321281433105,4.0600000000000005,"[0.32000000000000006, 0.086]",2099655,"[3.2000000000000006, 0.8599999999999999]",0.011754521902869729,3.996537446975708,4.12,"[0.43100000000000005, -0.018999999999999982]",2100655,"[4.3100000000000005, -0.18999999999999984]",0.01206586571300731,4.102394342422485,6.380000000000002,"[0.43400000000000005, 0.20400000000000001]",2101655,"[4.340000000000001, 2.04]",0.008057056455051198,2.7393991947174072,WelfareSolutionConcept,4.315,0.7814889634537392,0.010098943464896258,0.001821905955921308,3.433640778064728,0.6194480250132448,COMPLETE
210,6.9825,2025-06-12 22:04:20.066081,2025-06-12 22:04:23.490211,0 days 00:00:03.424130,11,0.9951548218910985,0.07299226782132454,0.914081206589882,0.0663996257666576,381,2108660,6.9825,0.9162252725176271,0.5547500000000001,0.07923501435602827,380.0,4,6.6899999999999995,"[0.5509999999999999, 0.11799999999999992]",2108660,"[5.51, 1.1799999999999993]",0.006427653839713649,2.4425084590911865,7.85,"[0.558, 0.22699999999999995]",2109660,"[5.58, 2.2699999999999996]",0.0065016853181939374,2.4706404209136963,5.609999999999999,"[0.44299999999999995, 0.11799999999999997]",2110660,"[4.43, 1.1799999999999997]",0.006402753528795744,2.433046340942383,7.779999999999999,"[0.667, 0.11099999999999996]",2111660,"[6.67, 1.1099999999999997]",0.008579988228647332,3.2603955268859863,WelfareSolutionConcept,5.547499999999999,0.7923501435602823,0.0069780202288376655,0.0009256121431202547,2.651647686958313,0.3517326143856968,COMPLETE
