number,value,datetime_start,datetime_complete,duration,params_episode_length,params_epsilon_max,params_epsilon_min,params_gamma,params_learning_rate,params_num_episodes,user_attrs_base_seed,user_attrs_collective_reward_mean,user_attrs_collective_reward_std,user_attrs_individual_reward_agent0_mean,user_attrs_individual_reward_agent0_std,user_attrs_num_episodes_mean,user_attrs_num_parallel_runs,user_attrs_run_0_collective_reward,user_attrs_run_0_individual_rewards,user_attrs_run_0_seed,user_attrs_run_0_total_individual_rewards,user_attrs_run_0_training_time_per_episode,user_attrs_run_0_training_time_total,user_attrs_run_1_collective_reward,user_attrs_run_1_individual_rewards,user_attrs_run_1_seed,user_attrs_run_1_total_individual_rewards,user_attrs_run_1_training_time_per_episode,user_attrs_run_1_training_time_total,user_attrs_run_2_collective_reward,user_attrs_run_2_individual_rewards,user_attrs_run_2_seed,user_attrs_run_2_total_individual_rewards,user_attrs_run_2_training_time_per_episode,user_attrs_run_2_training_time_total,user_attrs_run_3_collective_reward,user_attrs_run_3_individual_rewards,user_attrs_run_3_seed,user_attrs_run_3_total_individual_rewards,user_attrs_run_3_training_time_per_episode,user_attrs_run_3_training_time_total,user_attrs_solution_concept,user_attrs_total_individual_reward_agent0_mean,user_attrs_total_individual_reward_agent0_std,user_attrs_training_time_per_episode_mean,user_attrs_training_time_per_episode_std,user_attrs_training_time_total_mean,user_attrs_training_time_total_std,state
119,10.004999999999999,2025-06-12 21:23:07.034806,2025-06-12 21:23:14.908199,0 days 00:00:07.873393,45,0.6122040000431869,0.09249966244050495,0.9242237825706168,0.0005796386854446476,380,1196187,10.004999999999999,3.0576175365797473,0.4417499999999999,0.3101188280320949,380.0,4,13.819999999999999,"[0.875, 0.5069999999999999]",1196187,"[8.75, 5.0699999999999985]",0.01854581456435354,7.047409534454346,8.549999999999997,"[0.23199999999999982, 0.623]",1197187,"[2.319999999999998, 6.23]",0.01875225305557251,7.125856161117554,5.829999999999997,"[0.07699999999999985, 0.506]",1198187,"[0.7699999999999985, 5.0600000000000005]",0.020292805370531585,7.711266040802002,11.819999999999999,"[0.583, 0.599]",1199187,"[5.83, 5.99]",0.019347715377807616,7.3521318435668945,MinimaxSolutionConcept,4.417499999999999,3.1011882803209487,0.019234647092066313,0.0006781735834587298,7.309165894985199,0.25770596171431703,COMPLETE
120,7.177499999999998,2025-06-12 21:23:14.922257,2025-06-12 21:23:23.244882,0 days 00:00:08.322625,46,0.6177732895592698,0.10065875319512285,0.9308333434716427,0.0004555822299141231,377,1206194,7.177499999999998,1.2893481880392128,0.4452499999999999,0.1717328958004261,370.0,4,9.04,"[0.599, 0.3049999999999999]",1206194,"[5.99, 3.049999999999999]",0.02040231163437302,7.548855304718018,5.689999999999998,"[0.15899999999999986, 0.40999999999999986]",1207194,"[1.5899999999999985, 4.099999999999999]",0.0220506983834344,8.158758401870728,7.659999999999998,"[0.469, 0.2969999999999999]",1208194,"[4.6899999999999995, 2.969999999999999]",0.02004501690735688,7.416656255722046,6.3199999999999985,"[0.5539999999999999, 0.07799999999999989]",1209194,"[5.539999999999999, 0.7799999999999989]",0.02037331671328158,7.538127183914185,MinimaxSolutionConcept,4.452499999999999,1.7173289580042612,0.02071783590961147,0.0007822174935439609,7.665599286556244,0.2894204726112652,COMPLETE
121,7.8249999999999975,2025-06-12 21:23:23.788613,2025-06-12 21:23:32.431937,0 days 00:00:08.643324,45,0.5994669808703219,0.09458754866954026,0.903666913214649,0.0005020682322308556,407,1216203,7.8249999999999975,1.4284694606466044,0.37624999999999986,0.14590129368857568,400.0,4,9.569999999999999,"[0.3459999999999999, 0.6109999999999999]",1216203,"[3.459999999999999, 6.1099999999999985]",0.019815433025360107,7.926173210144043,8.099999999999998,"[0.608, 0.20199999999999982]",1217203,"[6.08, 2.0199999999999982]",0.020127362012863158,8.050944805145264,5.589999999999997,"[0.20399999999999982, 0.3549999999999998]",1218203,"[2.0399999999999983, 3.549999999999998]",0.02115963101387024,8.463852405548096,8.039999999999997,"[0.3469999999999998, 0.45699999999999996]",1219203,"[3.469999999999998, 4.569999999999999]",0.016963900327682496,6.785560131072998,MinimaxSolutionConcept,3.7624999999999993,1.4590129368857572,0.019516581594944,0.001555486896572654,7.8066326379776,0.6221947586290618,COMPLETE
122,6.952499999999999,2025-06-12 21:23:32.447190,2025-06-12 21:23:39.365109,0 days 00:00:06.917919,43,0.577829230860463,0.0846054957036909,0.9000325338288316,0.000128321139513936,313,1226212,6.952499999999999,3.5737471580961073,0.34224999999999994,0.2286354904646259,310.0,4,4.639999999999999,"[0.2539999999999999, 0.20999999999999988]",1226212,"[2.539999999999999, 2.0999999999999988]",0.020686083455239573,6.412685871124268,8.26,"[0.4589999999999999, 0.3669999999999999]",1227212,"[4.589999999999999, 3.669999999999999]",0.02007312390112108,6.222668409347534,2.7899999999999974,"[0.02199999999999986, 0.25699999999999995]",1228212,"[0.21999999999999859, 2.5699999999999994]",0.02181992684641192,6.764177322387695,12.12,"[0.6340000000000001, 0.578]",1229212,"[6.340000000000002, 5.779999999999999]",0.017597475359516758,5.455217361450195,MinimaxSolutionConcept,3.4224999999999994,2.286354904646259,0.020044152390572334,0.001545357422452456,6.213687241077423,0.4790608009602613,COMPLETE
123,8.259999999999998,2025-06-12 21:23:39.379306,2025-06-12 21:23:46.363192,0 days 00:00:06.983886,41,0.6128003703005918,0.08951248685270513,0.9590984504888915,0.0006121991856680272,349,1236219,8.259999999999998,3.2043720133592486,0.39649999999999996,0.2511637911801779,340.0,4,5.939999999999998,"[0.37199999999999994, 0.2219999999999999]",1236219,"[3.7199999999999993, 2.219999999999999]",0.01806025645312141,6.140487194061279,11.019999999999998,"[0.5749999999999998, 0.5269999999999999]",1237219,"[5.749999999999998, 5.27]",0.01875107358483707,6.3753650188446045,4.299999999999997,"[-0.00300000000000013, 0.43299999999999994]",1238219,"[-0.030000000000001303, 4.329999999999999]",0.01971681468627032,6.703716993331909,11.78,"[0.642, 0.5359999999999999]",1239219,"[6.42, 5.359999999999999]",0.02001115784925573,6.803793668746948,MinimaxSolutionConcept,3.964999999999999,2.511637911801779,0.019134825643371135,0.0007759887190205078,6.505840718746185,0.26383616446697256,COMPLETE
124,6.7299999999999995,2025-06-12 21:23:46.379408,2025-06-12 21:23:54.565499,0 days 00:00:08.186091,40,0.6256646120733217,0.10724042570021039,0.975182668546263,0.0003999056800726468,419,1246226,6.7299999999999995,2.6732283853049306,0.37524999999999986,0.060643940340317594,410.0,4,2.4599999999999977,"[0.2879999999999999, -0.04200000000000014]",1246226,"[2.879999999999999, -0.4200000000000014]",0.019389691003939,7.94977331161499,7.99,"[0.40999999999999986, 0.3889999999999999]",1247226,"[4.099999999999999, 3.889999999999999]",0.018433544112414848,7.557753086090088,9.690000000000001,"[0.3539999999999999, 0.615]",1248226,"[3.539999999999999, 6.15]",0.017780805797111696,7.290130376815796,6.779999999999998,"[0.44899999999999995, 0.22899999999999993]",1249226,"[4.489999999999999, 2.289999999999999]",0.0195150416071822,8.001167058944702,MinimaxSolutionConcept,3.7524999999999986,0.606439403403176,0.018779770630161938,0.0007124657555383021,7.699705958366394,0.2921109597707038,COMPLETE
125,5.254999999999997,2025-06-12 21:23:54.583214,2025-06-12 21:24:00.028595,0 days 00:00:05.445381,44,0.6503370735088442,0.0821724350966897,0.9687246556719684,0.0005971982320340648,258,1256234,5.254999999999997,2.373367860235745,0.4002499999999999,0.17385967761387344,250.0,4,5.809999999999998,"[0.3459999999999999, 0.23499999999999988]",1256234,"[3.459999999999999, 2.3499999999999988]",0.0202461519241333,5.061537981033325,7.989999999999997,"[0.6799999999999999, 0.11899999999999988]",1257234,"[6.799999999999999, 1.1899999999999988]",0.019930752754211425,4.9826881885528564,5.769999999999998,"[0.37199999999999994, 0.2049999999999999]",1258234,"[3.7199999999999993, 2.049999999999999]",0.020758216857910156,5.189554214477539,1.4499999999999975,"[0.2029999999999999, -0.05800000000000016]",1259234,"[2.029999999999999, -0.5800000000000016]",0.020968722343444823,5.242180585861206,MinimaxSolutionConcept,4.002499999999999,1.7385967761387342,0.020475960969924926,0.00041004461755542594,5.118990242481232,0.10251115438885658,COMPLETE
126,5.317499999999998,2025-06-12 21:24:00.649245,2025-06-12 21:24:04.717665,0 days 00:00:04.068420,42,0.5430506996342336,0.09468897333593582,0.971580710875784,0.00032553071735484136,182,1266240,5.317499999999998,3.8870449894489263,0.25024999999999986,0.2663788420652061,180.0,4,-1.0000000000000027,"[-0.1810000000000002, 0.08099999999999985]",1266240,"[-1.8100000000000018, 0.8099999999999985]",0.02100948492685954,3.781707286834717,5.369999999999997,"[0.3049999999999999, 0.23199999999999993]",1267240,"[3.049999999999999, 2.3199999999999994]",0.02178135183122423,3.9206433296203613,9.12,"[0.32899999999999985, 0.583]",1268240,"[3.2899999999999983, 5.83]",0.02111242214838664,3.8002359867095947,7.779999999999998,"[0.5479999999999999, 0.2299999999999999]",1269240,"[5.4799999999999995, 2.299999999999999]",0.020165687137179904,3.629823684692383,MinimaxSolutionConcept,2.5024999999999986,2.663788420652061,0.021017236510912578,0.0005740489855570168,3.783102571964264,0.10332881740026303,COMPLETE
127,8.312499999999998,2025-06-12 21:24:04.734191,2025-06-12 21:24:15.114732,0 days 00:00:10.380541,47,0.6610582681300086,0.10436197641212883,0.909602200366134,0.0002593863028243429,482,1276244,8.312499999999998,0.5905664653533931,0.5077499999999999,0.06711696879329399,480.0,4,8.639999999999999,"[0.4309999999999999, 0.43299999999999994]",1276244,"[4.309999999999999, 4.329999999999999]",0.020403586824735007,9.793721675872803,9.059999999999999,"[0.45199999999999996, 0.4539999999999999]",1277244,"[4.52, 4.539999999999999]",0.02128982444604238,10.219115734100342,8.049999999999997,"[0.563, 0.24199999999999985]",1278244,"[5.629999999999999, 2.4199999999999986]",0.020928674936294557,10.045763969421387,7.499999999999998,"[0.5849999999999999, 0.16499999999999984]",1279244,"[5.849999999999999, 1.6499999999999984]",0.021208625535170236,10.180140256881714,MinimaxSolutionConcept,5.077499999999999,0.6711696879329399,0.020957677935560543,0.00034682637415478734,10.059685409069061,0.1664766595942983,COMPLETE
128,6.134999999999998,2025-06-12 21:24:15.129734,2025-06-12 21:24:19.585879,0 days 00:00:04.456145,46,0.7099811111178691,0.08731970078967258,0.9655681611830782,0.00023000788777518386,190,1286255,6.134999999999998,2.033599026356966,0.3129999999999999,0.12124149454704032,190.0,4,9.519999999999998,"[0.49799999999999994, 0.4539999999999999]",1286255,"[4.9799999999999995, 4.539999999999999]",0.020282087827983655,3.8535966873168945,4.089999999999997,"[0.20299999999999985, 0.20599999999999988]",1287255,"[2.0299999999999985, 2.0599999999999987]",0.021833421054639316,4.14835000038147,5.509999999999997,"[0.20599999999999988, 0.3449999999999999]",1288255,"[2.0599999999999987, 3.4499999999999993]",0.022580061460796157,4.2902116775512695,5.419999999999998,"[0.3449999999999999, 0.19699999999999987]",1289255,"[3.4499999999999993, 1.9699999999999986]",0.02152216685445685,4.089211702346802,MinimaxSolutionConcept,3.129999999999999,1.2124149454704032,0.021554434299468996,0.0008291036447756825,4.095342516899109,0.1575296925073795,COMPLETE
129,7.282499999999997,2025-06-12 21:24:19.600147,2025-06-12 21:24:24.722700,0 days 00:00:05.122553,45,0.6807042752983996,0.09785543684179263,0.9219366177653435,0.001215647780336044,239,1296259,7.282499999999997,1.2179362668054512,0.4244999999999998,0.20361299074469685,230.0,4,8.669999999999996,"[0.7749999999999999, 0.0919999999999999]",1296259,"[7.749999999999999, 0.919999999999999]",0.017655931348386018,4.060864210128784,5.329999999999997,"[0.3419999999999999, 0.19099999999999986]",1297259,"[3.419999999999999, 1.9099999999999986]",0.021485291356625764,4.941617012023926,7.429999999999997,"[0.2789999999999998, 0.46399999999999986]",1298259,"[2.7899999999999983, 4.639999999999999]",0.02076801528101382,4.776643514633179,7.699999999999998,"[0.3019999999999999, 0.4679999999999998]",1299259,"[3.0199999999999987, 4.679999999999998]",0.02043188136556874,4.6993327140808105,MinimaxSolutionConcept,4.244999999999999,2.0361299074469685,0.020085279837898585,0.0014532744613746241,4.619614362716675,0.3342531261161636,COMPLETE
130,9.854999999999999,2025-06-12 21:24:24.738328,2025-06-12 21:24:28.146949,0 days 00:00:03.408621,42,0.6718331590855477,0.12099766951529427,0.9767117545124118,0.00014513271374438452,166,1306264,9.854999999999999,0.6745554091399754,0.6717500000000001,0.07680291335620021,160.0,4,9.699999999999998,"[0.729, 0.24099999999999994]",1306264,"[7.29, 2.4099999999999993]",0.01879206895828247,3.0067310333251953,8.98,"[0.553, 0.3449999999999999]",1307264,"[5.53, 3.4499999999999993]",0.0201288178563118,3.2206108570098877,10.87,"[0.749, 0.3379999999999999]",1308264,"[7.49, 3.379999999999999]",0.019340984523296356,3.094557523727417,9.87,"[0.6559999999999999, 0.3309999999999999]",1309264,"[6.559999999999999, 3.309999999999999]",0.01894797682762146,3.0316762924194336,MinimaxSolutionConcept,6.7175,0.7680291335620023,0.019302462041378022,0.0005173269712019265,3.0883939266204834,0.08277231539230807,COMPLETE
131,7.037499999999998,2025-06-12 21:24:28.725710,2025-06-12 21:24:32.867239,0 days 00:00:04.141529,42,0.6744537279324855,0.11914353253719043,0.9767240890509736,0.00015490678662748668,199,1316268,7.037499999999998,1.8417026768726814,0.2994999999999999,0.16370781899469555,190.0,4,4.089999999999998,"[0.1089999999999999, 0.29999999999999993]",1316268,"[1.089999999999999, 2.999999999999999]",0.019469340224015086,3.699174642562866,7.849999999999999,"[0.46399999999999986, 0.3209999999999999]",1317268,"[4.639999999999999, 3.209999999999999]",0.019666514898601332,3.736637830734253,7.119999999999997,"[0.16499999999999987, 0.5469999999999999]",1318268,"[1.6499999999999986, 5.469999999999999]",0.020841825635809646,3.959946870803833,9.089999999999998,"[0.45999999999999996, 0.44899999999999995]",1319268,"[4.6, 4.489999999999999]",0.020102492131684954,3.8194735050201416,MinimaxSolutionConcept,2.994999999999999,1.6370781899469555,0.020020043222527754,0.0005268729035046524,3.8038082122802734,0.10010585166588415,COMPLETE
132,6.917499999999999,2025-06-12 21:24:32.885215,2025-06-12 21:24:36.650347,0 days 00:00:03.765132,43,0.6444171587637286,0.12671481672560683,0.9205648717378482,0.00010390582649725878,169,1326272,6.917499999999999,1.5829936039036934,0.39049999999999996,0.16736860518030255,160.0,4,8.639999999999999,"[0.6649999999999999, 0.1989999999999999]",1326272,"[6.6499999999999995, 1.9899999999999989]",0.021340031921863557,3.414405107498169,4.729999999999997,"[0.3689999999999999, 0.10399999999999991]",1327272,"[3.6899999999999986, 1.0399999999999991]",0.022540800273418427,3.6065280437469482,6.109999999999998,"[0.30999999999999994, 0.3009999999999999]",1328272,"[3.0999999999999996, 3.009999999999999]",0.021128201484680177,3.380512237548828,8.19,"[0.2179999999999999, 0.601]",1329272,"[2.179999999999999, 6.01]",0.020781292021274565,3.3250067234039307,MinimaxSolutionConcept,3.9049999999999994,1.6736860518030257,0.021447581425309184,0.0006619364512469636,3.431613028049469,0.10590983219951415,COMPLETE
133,6.4049999999999985,2025-06-12 21:24:36.664658,2025-06-12 21:24:40.094814,0 days 00:00:03.430156,39,0.6910717585084275,0.12123721783542563,0.9404626367119806,0.0001387544462094892,161,1336276,6.4049999999999985,2.239034390088728,0.2839999999999999,0.12810347380145473,160.0,4,8.04,"[0.24799999999999991, 0.5559999999999998]",1336276,"[2.479999999999999, 5.559999999999999]",0.01847105473279953,2.955368757247925,8.68,"[0.49499999999999994, 0.3729999999999999]",1337276,"[4.949999999999999, 3.7299999999999986]",0.01857151836156845,2.971442937850952,2.939999999999998,"[0.14899999999999994, 0.1449999999999999]",1338276,"[1.4899999999999993, 1.449999999999999]",0.01949596554040909,3.119354486465454,5.959999999999997,"[0.24399999999999983, 0.3519999999999998]",1339276,"[2.439999999999998, 3.5199999999999982]",0.020371267199516298,3.2594027519226074,MinimaxSolutionConcept,2.839999999999999,1.2810347380145475,0.019227451458573342,0.000771815796657588,3.0763922333717346,0.12349052746521397,COMPLETE
134,4.8249999999999975,2025-06-12 21:24:40.108819,2025-06-12 21:24:44.094724,0 days 00:00:03.985905,44,0.5536432163145074,0.11389555156678179,0.9825250534214756,0.00018343449666127169,171,1346280,4.8249999999999975,2.0903887198317923,0.1884999999999999,0.08200152437607487,170.0,4,3.3999999999999977,"[0.2709999999999999, 0.06899999999999988]",1346280,"[2.709999999999999, 0.6899999999999988]",0.022418633629294003,3.8111677169799805,2.9799999999999978,"[0.2159999999999999, 0.08199999999999988]",1347280,"[2.159999999999999, 0.8199999999999987]",0.02167213103350471,3.684262275695801,8.289999999999997,"[0.2149999999999999, 0.614]",1348280,"[2.149999999999999, 6.14]",0.020934392424190745,3.5588467121124268,4.629999999999997,"[0.051999999999999866, 0.41099999999999987]",1349280,"[0.5199999999999987, 4.1099999999999985]",0.020901674382826863,3.5532846450805664,MinimaxSolutionConcept,1.8849999999999987,0.8200152437607487,0.02148170786745408,0.0006225118278176325,3.6518903374671936,0.10582701072899756,COMPLETE
135,8.147499999999999,2025-06-12 21:24:44.109318,2025-06-12 21:24:48.211835,0 days 00:00:04.102517,41,0.7447251231232375,0.09198297531566944,0.9526176545962697,0.00012059551048607138,209,1356284,8.147499999999999,2.133264810097425,0.4277499999999999,0.10410661602415097,200.0,4,7.829999999999998,"[0.3159999999999999, 0.4669999999999999]",1356284,"[3.159999999999999, 4.669999999999999]",0.018453404903411866,3.690680980682373,4.829999999999997,"[0.3639999999999999, 0.11899999999999988]",1357284,"[3.639999999999999, 1.1899999999999988]",0.01852385640144348,3.7047712802886963,9.469999999999999,"[0.591, 0.35599999999999987]",1358284,"[5.91, 3.5599999999999987]",0.019590003490447996,3.9180006980895996,10.459999999999999,"[0.43999999999999995, 0.6059999999999999]",1359284,"[4.3999999999999995, 6.059999999999999]",0.019125150442123415,3.8250300884246826,MinimaxSolutionConcept,4.277499999999999,1.0410661602415099,0.01892310380935669,0.0004651864092552681,3.784620761871338,0.0930372818510537,COMPLETE
136,9.902499999999998,2025-06-12 21:24:48.810161,2025-06-12 21:24:52.583831,0 days 00:00:03.773670,48,0.6388793944391159,0.0745625072720271,0.9794178807292993,0.00020968183770518853,155,1366288,9.902499999999998,1.266932811951764,0.56075,0.12893675775355917,150.0,4,11.37,"[0.708, 0.4289999999999998]",1366288,"[7.08, 4.289999999999998]",0.021902146339416503,3.2853219509124756,9.499999999999998,"[0.4039999999999999, 0.5459999999999999]",1367288,"[4.039999999999999, 5.459999999999999]",0.023597806294759115,3.539670944213867,8.039999999999996,"[0.46499999999999997, 0.33899999999999986]",1368288,"[4.6499999999999995, 3.389999999999999]",0.024100979169209797,3.6151468753814697,10.7,"[0.6659999999999998, 0.4039999999999999]",1369288,"[6.659999999999998, 4.039999999999999]",0.02087539513905843,3.1313092708587646,MinimaxSolutionConcept,5.6075,1.2893675775355917,0.02261908173561096,0.0012950252001119537,3.3928622603416443,0.19425378001679297,COMPLETE
137,4.454999999999997,2025-06-12 21:24:52.598323,2025-06-12 21:24:56.367501,0 days 00:00:03.769178,48,0.6657846258745556,0.1791533334403591,0.9791884363808062,0.00016835771356640128,156,1376292,4.454999999999997,1.8653484929095694,0.1852499999999999,0.1633820293055513,150.0,4,5.959999999999998,"[0.2719999999999999, 0.32399999999999984]",1376292,"[2.719999999999999, 3.2399999999999984]",0.021179904937744142,3.176985740661621,5.859999999999998,"[0.41, 0.17599999999999988]",1377292,"[4.1, 1.759999999999999]",0.02297742525736491,3.4466137886047363,1.3499999999999965,"[0.018999999999999805, 0.11599999999999984]",1378292,"[0.18999999999999806, 1.1599999999999984]",0.02407678763071696,3.611518144607544,4.649999999999997,"[0.039999999999999855, 0.4249999999999998]",1379292,"[0.3999999999999986, 4.249999999999998]",0.023474621772766113,3.521193265914917,MinimaxSolutionConcept,1.8524999999999987,1.6338202930555128,0.02292718489964803,0.0010812937769340046,3.4390777349472046,0.16219406654010074,COMPLETE
138,5.339999999999998,2025-06-12 21:24:56.381761,2025-06-12 21:25:00.094207,0 days 00:00:03.712446,50,0.6770045347333968,0.14218393406523566,0.9741266429677989,0.00021439370955888282,142,1386296,5.339999999999998,2.2459630451100487,0.15749999999999983,0.22041948643438952,140.0,4,7.869999999999997,"[0.31899999999999984, 0.46799999999999986]",1386296,"[3.1899999999999986, 4.679999999999999]",0.022898132460457937,3.2057385444641113,6.839999999999999,"[0.3449999999999999, 0.3389999999999999]",1387296,"[3.4499999999999993, 3.3899999999999992]",0.023453639234815325,3.2835094928741455,4.629999999999997,"[0.17299999999999988, 0.2899999999999999]",1388296,"[1.7299999999999986, 2.8999999999999995]",0.023818532058170864,3.334594488143921,2.0199999999999965,"[-0.2070000000000002, 0.4089999999999998]",1389296,"[-2.070000000000002, 4.089999999999998]",0.02539177962711879,3.554849147796631,MinimaxSolutionConcept,1.5749999999999988,2.204194864343895,0.02389052084514073,0.0009266418622382495,3.344672918319702,0.129729860713355,COMPLETE
