number,value,datetime_start,datetime_complete,duration,params_episode_length,params_epsilon_max,params_epsilon_min,params_gamma,params_learning_rate,params_num_episodes,user_attrs_base_seed,user_attrs_collective_reward_mean,user_attrs_collective_reward_std,user_attrs_individual_reward_agent0_mean,user_attrs_individual_reward_agent0_std,user_attrs_num_episodes_mean,user_attrs_num_parallel_runs,user_attrs_run_0_collective_reward,user_attrs_run_0_individual_rewards,user_attrs_run_0_seed,user_attrs_run_0_total_individual_rewards,user_attrs_run_0_training_time_per_episode,user_attrs_run_0_training_time_total,user_attrs_run_1_collective_reward,user_attrs_run_1_individual_rewards,user_attrs_run_1_seed,user_attrs_run_1_total_individual_rewards,user_attrs_run_1_training_time_per_episode,user_attrs_run_1_training_time_total,user_attrs_run_2_collective_reward,user_attrs_run_2_individual_rewards,user_attrs_run_2_seed,user_attrs_run_2_total_individual_rewards,user_attrs_run_2_training_time_per_episode,user_attrs_run_2_training_time_total,user_attrs_run_3_collective_reward,user_attrs_run_3_individual_rewards,user_attrs_run_3_seed,user_attrs_run_3_total_individual_rewards,user_attrs_run_3_training_time_per_episode,user_attrs_run_3_training_time_total,user_attrs_solution_concept,user_attrs_total_individual_reward_agent0_mean,user_attrs_total_individual_reward_agent0_std,user_attrs_training_time_per_episode_mean,user_attrs_training_time_per_episode_std,user_attrs_training_time_total_mean,user_attrs_training_time_total_std,state
599,5.4175,2025-06-12 22:54:22.434142,2025-06-12 22:54:25.029564,0 days 00:00:02.595422,10,0.5963610661649017,0.11415899159464406,0.9976920887613833,0.06732053583377078,358,5991662,5.4175,3.3127207473616003,0.47275,0.3143734840917726,350.0,4,4.7,"[0.34199999999999997, 0.12799999999999997]",5991662,"[3.42, 1.2799999999999998]",0.006444691930498396,2.2556421756744385,0.32,"[0.018000000000000023, 0.014000000000000007]",5992662,"[0.18000000000000022, 0.14000000000000007]",0.006673688207353865,2.3357908725738525,8.82,"[0.762, 0.11999999999999995]",5993662,"[7.62, 1.1999999999999995]",0.006497658320835658,2.2741804122924805,7.830000000000001,"[0.769, 0.014000000000000007]",5994662,"[7.69, 0.14000000000000007]",0.006325300761631557,2.213855266571045,WelfareSolutionConcept,4.7275,3.143734840917726,0.006485334805079868,0.00012539099998149221,2.269867181777954,0.043886849993522284,COMPLETE
