number,value,datetime_start,datetime_complete,duration,params_episode_length,params_epsilon_max,params_epsilon_min,params_gamma,params_learning_rate,params_num_episodes,user_attrs_base_seed,user_attrs_collective_reward_mean,user_attrs_collective_reward_std,user_attrs_individual_reward_agent0_mean,user_attrs_individual_reward_agent0_std,user_attrs_num_episodes_mean,user_attrs_num_parallel_runs,user_attrs_run_0_collective_reward,user_attrs_run_0_individual_rewards,user_attrs_run_0_seed,user_attrs_run_0_total_individual_rewards,user_attrs_run_0_training_time_per_episode,user_attrs_run_0_training_time_total,user_attrs_run_1_collective_reward,user_attrs_run_1_individual_rewards,user_attrs_run_1_seed,user_attrs_run_1_total_individual_rewards,user_attrs_run_1_training_time_per_episode,user_attrs_run_1_training_time_total,user_attrs_run_2_collective_reward,user_attrs_run_2_individual_rewards,user_attrs_run_2_seed,user_attrs_run_2_total_individual_rewards,user_attrs_run_2_training_time_per_episode,user_attrs_run_2_training_time_total,user_attrs_run_3_collective_reward,user_attrs_run_3_individual_rewards,user_attrs_run_3_seed,user_attrs_run_3_total_individual_rewards,user_attrs_run_3_training_time_per_episode,user_attrs_run_3_training_time_total,user_attrs_solution_concept,user_attrs_total_individual_reward_agent0_mean,user_attrs_total_individual_reward_agent0_std,user_attrs_training_time_per_episode_mean,user_attrs_training_time_per_episode_std,user_attrs_training_time_total_mean,user_attrs_training_time_total_std,state
577,1.9075000000000006,2025-06-12 22:53:20.106025,2025-06-12 22:53:22.817125,0 days 00:00:02.711100,12,0.9755390611928196,0.052837789576632425,0.9844019702585054,0.002429701269910249,353,5771600,1.9075000000000006,2.4935754951474802,0.24575000000000005,0.21015871978102643,350.0,4,4.370000000000001,"[0.32700000000000007, 0.11000000000000001]",5771600,"[3.2700000000000005, 1.1]",0.006914867673601423,2.420203685760498,2.19,"[0.32900000000000007, -0.10999999999999999]",5772600,"[3.290000000000001, -1.0999999999999999]",0.007212576866149903,2.524401903152466,3.2700000000000005,"[0.437, -0.10999999999999999]",5773600,"[4.37, -1.0999999999999999]",0.006886856215340751,2.4103996753692627,-2.1999999999999997,"[-0.10999999999999999, -0.10999999999999999]",5774600,"[-1.0999999999999999, -1.0999999999999999]",0.0069399820055280415,2.4289937019348145,WelfareSolutionConcept,2.4575000000000005,2.1015871978102645,0.00698857069015503,0.00013068817486049837,2.4459997415542603,0.04574086120117438,COMPLETE
578,5.19,2025-06-12 22:53:22.832682,2025-06-12 22:53:24.784238,0 days 00:00:01.951556,10,0.5400068073608534,0.06080756961374409,0.9683632589516274,0.060195357947705114,244,5781602,5.19,2.1843877860856113,0.47575,0.11363840679981393,240.0,4,7.79,"[0.657, 0.12199999999999997]",5781602,"[6.57, 1.2199999999999998]",0.007033885518709818,1.6881325244903564,6.84,"[0.45299999999999996, 0.23100000000000004]",5782602,"[4.529999999999999, 2.3100000000000005]",0.0070102930068969725,1.6824703216552734,3.6,"[0.45, -0.08999999999999998]",5783602,"[4.5, -0.8999999999999998]",0.0071136474609375,1.707275390625,2.5300000000000002,"[0.3430000000000001, -0.08999999999999998]",5784602,"[3.4300000000000006, -0.8999999999999998]",0.007308247685432434,1.7539794445037842,WelfareSolutionConcept,4.7575,1.1363840679981394,0.007116518417994181,0.00011713281819556499,1.7079644203186035,0.028111876366935563,COMPLETE
579,5.67,2025-06-12 22:53:24.802324,2025-06-12 22:53:27.907461,0 days 00:00:03.105137,12,0.9862458158845478,0.13273014014863124,0.9745908479070876,0.08747196069583325,440,5791604,5.67,2.8280823891817577,0.43375,0.2434269654331664,440.0,4,9.76,"[0.757, 0.21900000000000008]",5791604,"[7.57, 2.190000000000001]",0.0064473666928031225,2.836841344833374,6.470000000000001,"[0.5449999999999999, 0.10200000000000009]",5792604,"[5.449999999999999, 1.020000000000001]",0.006366826729340987,2.801403760910034,2.0700000000000003,"[0.10300000000000002, 0.10400000000000001]",5793604,"[1.0300000000000002, 1.04]",0.006607465310530229,2.907284736633301,4.380000000000001,"[0.33, 0.10800000000000005]",5794604,"[3.3000000000000003, 1.0800000000000005]",0.006552312048998746,2.8830173015594482,WelfareSolutionConcept,4.3375,2.434269654331664,0.006493492695418272,9.303406423271515e-05,2.8571367859840393,0.040934988262394646,COMPLETE
580,6.415000000000001,2025-06-12 22:53:27.928373,2025-06-12 22:53:31.626250,0 days 00:00:03.697877,13,0.501138857545765,0.04607538813131737,0.9770221765594266,0.07854580431017484,420,5801607,6.415000000000001,1.7534893783539154,0.48824999999999996,0.16625338342421792,420.0,4,4.2,"[0.32199999999999995, 0.098]",5801607,"[3.2199999999999998, 0.98]",0.008155861355009533,3.425461769104004,8.63,"[0.656, 0.20700000000000002]",5802607,"[6.5600000000000005, 2.0700000000000003]",0.00755439939953032,3.1728477478027344,7.53,"[0.653, 0.10000000000000005]",5803607,"[6.53, 1.0000000000000004]",0.00811818554287865,3.409637928009033,5.3,"[0.32199999999999995, 0.20800000000000002]",5804607,"[3.2199999999999998, 2.08]",0.008328349817366828,3.4979069232940674,WelfareSolutionConcept,4.8825,1.662533834242179,0.008039199028696332,0.00029089853335473927,3.3764635920524597,0.12217738400899052,COMPLETE
581,3.66,2025-06-12 22:53:34.450435,2025-06-12 22:53:36.911039,0 days 00:00:02.460604,15,0.927015602275995,0.0928213997528522,0.9658063612311691,0.046190029625423804,284,5811614,3.66,3.786786236375114,0.25625,0.2333820633639183,280.0,4,-0.5599999999999998,"[-0.02799999999999999, -0.02799999999999999]",5811614,"[-0.2799999999999999, -0.2799999999999999]",0.00811344129698617,2.271763563156128,0.5,"[0.08800000000000005, -0.03799999999999999]",5812614,"[0.8800000000000006, -0.3799999999999999]",0.00802971465247018,2.2483201026916504,6.2700000000000005,"[0.42600000000000005, 0.201]",5813614,"[4.260000000000001, 2.0100000000000002]",0.007863270384924752,2.2017157077789307,8.43,"[0.5389999999999999, 0.304]",5814614,"[5.389999999999999, 3.04]",0.00788149152483259,2.206817626953125,WelfareSolutionConcept,2.5625,2.333820633639183,0.007971979464803424,0.00010410395428086291,2.2321542501449585,0.02914910719864164,COMPLETE
582,5.8525,2025-06-12 22:53:36.928036,2025-06-12 22:53:38.872103,0 days 00:00:01.944067,11,0.62223216885006,0.0646049870399639,0.9815973466806094,0.06161815226533516,259,5821616,5.8525,0.4664426545675258,0.4422500000000001,0.07921292508170626,250.0,4,5.59,"[0.4450000000000001, 0.11399999999999996]",5821616,"[4.450000000000001, 1.1399999999999997]",0.006946953773498535,1.7367384433746338,5.6,"[0.442, 0.11799999999999997]",5822616,"[4.42, 1.1799999999999997]",0.006740041732788086,1.6850104331970215,5.56,"[0.329, 0.22699999999999995]",5823616,"[3.29, 2.2699999999999996]",0.007028364181518555,1.7570910453796387,6.66,"[0.5530000000000002, 0.11300000000000002]",5824616,"[5.530000000000001, 1.1300000000000001]",0.0069191732406616215,1.7297933101654053,WelfareSolutionConcept,4.4225,0.7921292508170625,0.0069086332321167,0.0001052831296581551,1.7271583080291748,0.02632078241453875,COMPLETE
583,5.1675,2025-06-12 22:53:38.887735,2025-06-12 22:53:41.222443,0 days 00:00:02.334708,10,0.6106457596571357,0.10297761155936101,0.978968177185131,0.05117325936115272,344,5831618,5.1675,3.4941907146004496,0.39325,0.35803238331190096,340.0,4,2.48,"[0.019000000000000013, 0.229]",5831618,"[0.19000000000000014, 2.29]",0.00626534714418299,2.130218029022217,4.670000000000001,"[0.3410000000000001, 0.126]",5832618,"[3.410000000000001, 1.26]",0.006224410674151253,2.116299629211426,11.02,"[0.9799999999999999, 0.122]",5833618,"[9.799999999999999, 1.22]",0.006139295241411995,2.087360382080078,2.5,"[0.233, 0.01700000000000001]",5834618,"[2.33, 0.17000000000000012]",0.006311311441309312,2.145845890045166,WelfareSolutionConcept,3.9325,3.5803238331190097,0.006235091125263888,6.327694417762322e-05,2.1199309825897217,0.021514161020391945,COMPLETE
584,7.765,2025-06-12 22:53:41.238575,2025-06-12 22:53:42.830788,0 days 00:00:01.592213,11,0.9354002099388871,0.05681533580308958,0.9707691367232842,0.07349898367145573,217,5841621,7.765,1.7458737067726289,0.6615000000000001,0.23040019531241723,210.0,4,6.61,"[0.4440000000000001, 0.21699999999999994]",5841621,"[4.440000000000001, 2.1699999999999995]",0.006695340928577241,1.4060215950012207,5.59,"[0.445, 0.11399999999999996]",5842621,"[4.45, 1.1399999999999997]",0.006298051561628069,1.3225908279418945,8.89,"[0.769, 0.12000000000000002]",5843621,"[7.69, 1.2000000000000002]",0.005993669373648507,1.2586705684661865,9.969999999999999,"[0.9880000000000001, 0.009000000000000006]",5844621,"[9.88, 0.09000000000000007]",0.006447374253045945,1.3539485931396484,WelfareSolutionConcept,6.615,2.304001953124172,0.0063586090292249405,0.00025402548892551754,1.3353078961372375,0.053345352674358686,COMPLETE
585,5.2325,2025-06-12 22:53:42.846723,2025-06-12 22:53:44.542396,0 days 00:00:01.695673,12,0.9294301318883762,0.05779911497465012,0.9704016171872009,0.09901388497514504,224,5851622,5.2325,1.5978012235569226,0.4675,0.20902212801519365,220.0,4,3.33,"[0.221, 0.11200000000000002]",5851622,"[2.21, 1.12]",0.006792025132612748,1.4942455291748047,7.659999999999999,"[0.766, 1.1102230246251566e-17]",5852622,"[7.66, 1.1102230246251565e-16]",0.0067973635413429954,1.495419979095459,5.500000000000001,"[0.55, 1.1102230246251566e-17]",5853622,"[5.5, 1.1102230246251565e-16]",0.006875933300365102,1.5127053260803223,4.44,"[0.3330000000000001, 0.11100000000000003]",5854622,"[3.330000000000001, 1.1100000000000003]",0.0067334142598238856,1.4813511371612549,WelfareSolutionConcept,4.675000000000001,2.0902212801519364,0.006799684058536182,5.066970753615485e-05,1.4959304928779602,0.011147335657954012,COMPLETE
586,7.262500000000001,2025-06-12 22:53:47.321542,2025-06-12 22:53:49.099398,0 days 00:00:01.777856,13,0.9185798030145229,0.055259232074224146,0.968800863262865,0.0761016588953136,219,5861627,7.262500000000001,1.6522314456516072,0.65275,0.17269101742707987,210.0,4,9.79,"[0.875, 0.10400000000000002]",5861627,"[8.75, 1.0400000000000003]",0.006899237632751465,1.4488399028778076,6.37,"[0.757, -0.11999999999999997]",5862627,"[7.57, -1.1999999999999997]",0.007381813866751534,1.5501809120178223,7.540000000000001,"[0.43599999999999994, 0.318]",5863627,"[4.359999999999999, 3.18]",0.0072276580901373,1.517808198928833,5.35,"[0.543, -0.007999999999999983]",5864627,"[5.430000000000001, -0.07999999999999982]",0.007344658034188407,1.5423781871795654,WelfareSolutionConcept,6.5275,1.7269101742707986,0.007213341905957176,0.00019006128924843173,1.514801800251007,0.039912870742170675,COMPLETE
587,6.6475,2025-06-12 22:53:49.118775,2025-06-12 22:53:50.559929,0 days 00:00:01.441154,11,0.935311177361,0.05227456606235905,0.9699331782411637,0.07016717417044151,199,5871629,6.6475,1.5210255586281254,0.57725,0.08893080175057458,190.0,4,4.449999999999999,"[0.5450000000000002, -0.09999999999999999]",5871629,"[5.450000000000001, -0.9999999999999999]",0.006579090419568514,1.2500271797180176,6.699999999999999,"[0.446, 0.22399999999999998]",5872629,"[4.46, 2.2399999999999998]",0.006551969678778398,1.2448742389678955,6.69,"[0.66, 0.009000000000000006]",5873629,"[6.6000000000000005, 0.09000000000000007]",0.006187428926166735,1.1756114959716797,8.75,"[0.658, 0.217]",5874629,"[6.58, 2.17]",0.006215621295728182,1.1809680461883545,WelfareSolutionConcept,5.772500000000001,0.889308017505746,0.006383527580060457,0.00018252723577192454,1.2128702402114868,0.03468017479666566,COMPLETE
588,6.275000000000001,2025-06-12 22:53:50.577054,2025-06-12 22:53:52.073390,0 days 00:00:01.496336,10,0.934527240725118,0.0404230916882515,0.9668092030268053,0.07784913431716114,211,5881630,6.275000000000001,2.7799775178947046,0.5845,0.2434024445234681,210.0,4,3.5799999999999996,"[0.34400000000000003, 0.014000000000000018]",5881630,"[3.4400000000000004, 0.14000000000000018]",0.006005818503243583,1.2612218856811523,7.880000000000001,"[0.8779999999999999, -0.08999999999999998]",5882630,"[8.78, -0.8999999999999998]",0.006024158568609329,1.265073299407959,10.020000000000001,"[0.772, 0.23000000000000007]",5883630,"[7.720000000000001, 2.3000000000000007]",0.005968391327630906,1.2533621788024902,3.6199999999999997,"[0.34400000000000003, 0.018000000000000013]",5884630,"[3.4400000000000004, 0.18000000000000013]",0.006235051155090332,1.3093607425689697,WelfareSolutionConcept,5.845,2.4340244452346815,0.006058354888643537,0.00010397652737647662,1.2722545266151428,0.021835070749060083,COMPLETE
589,4.625000000000001,2025-06-12 22:53:52.089003,2025-06-12 22:53:53.731186,0 days 00:00:01.642183,12,0.9473228789620577,0.060003695031665805,0.9710256710054935,0.06358898784762627,208,5891632,4.625000000000001,1.6206248794832194,0.4932499999999999,0.1814585007653264,200.0,4,4.32,"[0.43999999999999995, -0.007999999999999985]",5891632,"[4.3999999999999995, -0.07999999999999985]",0.007247695922851563,1.4495391845703125,6.510000000000001,"[0.6529999999999998, -0.0019999999999999905]",5892632,"[6.529999999999998, -0.019999999999999907]",0.00708488941192627,1.416977882385254,5.51,"[0.6609999999999999, -0.10999999999999999]",5893632,"[6.609999999999999, -1.0999999999999999]",0.007274799346923828,1.4549598693847656,2.160000000000001,"[0.21900000000000008, -0.0029999999999999914]",5894632,"[2.190000000000001, -0.029999999999999916]",0.0072215557098388675,1.4443111419677734,WelfareSolutionConcept,4.932499999999999,1.8145850076532641,0.007207235097885132,7.310190302687267e-05,1.4414470195770264,0.014620380605374518,COMPLETE
590,5.2375,2025-06-12 22:53:53.746846,2025-06-12 22:53:56.663394,0 days 00:00:02.916548,14,0.9414112722161623,0.05033235318837307,0.9717494417341843,0.09027551128873845,361,5901633,5.2375,2.832899354018776,0.51575,0.1652700441701399,360.0,4,1.9000000000000001,"[0.32, -0.12999999999999995]",5901633,"[3.2, -1.2999999999999994]",0.007432036929660373,2.6755332946777344,7.46,"[0.544, 0.20200000000000004]",5902633,"[5.44, 2.0200000000000005]",0.006966552469465467,2.5079588890075684,8.57,"[0.767, 0.09000000000000002]",5903633,"[7.67, 0.9000000000000002]",0.007366789049572415,2.6520440578460693,3.020000000000001,"[0.43200000000000005, -0.12999999999999995]",5904633,"[4.32, -1.2999999999999994]",0.00757145881652832,2.7257251739501953,WelfareSolutionConcept,5.157500000000001,1.652700441701399,0.007334209316306644,0.00022477242009351768,2.640315353870392,0.08091807123366632,COMPLETE
591,5.88,2025-06-12 22:53:59.482016,2025-06-12 22:54:01.283630,0 days 00:00:01.801614,11,0.9567673977619696,0.05837165984095787,0.9734317713725948,0.055664697765311646,230,5911639,5.88,2.4676405735033624,0.497,0.1625192296314501,230.0,4,8.840000000000002,"[0.657, 0.22699999999999995]",5911639,"[6.57, 2.2699999999999996]",0.006596921837848165,1.5172920227050781,3.4099999999999993,"[0.33199999999999996, 0.009000000000000018]",5912639,"[3.3199999999999994, 0.09000000000000019]",0.006811758746271548,1.566704511642456,3.4699999999999993,"[0.33699999999999997, 0.010000000000000007]",5913639,"[3.3699999999999997, 0.10000000000000007]",0.0069830718247786815,1.6061065196990967,7.8,"[0.662, 0.11799999999999997]",5914639,"[6.62, 1.1799999999999997]",0.00673797545225724,1.549734354019165,WelfareSolutionConcept,4.97,1.6251922963145011,0.006782431965288908,0.00013920021752218572,1.559959352016449,0.03201605003010267,COMPLETE
592,6.150000000000001,2025-06-12 22:54:01.300326,2025-06-12 22:54:03.217279,0 days 00:00:01.916953,13,0.9235943892862947,0.05406176266292956,0.9671691022251385,0.07028790019621693,219,5921641,6.150000000000001,4.134845825420823,0.517,0.33461694517761653,210.0,4,2.0300000000000002,"[0.3229999999999999, -0.11999999999999997]",5921641,"[3.229999999999999, -1.1999999999999997]",0.007903195562816802,1.6596710681915283,10.900000000000002,"[0.9870000000000001, 0.10300000000000002]",5922641,"[9.870000000000001, 1.0300000000000002]",0.007502834002176921,1.5755951404571533,9.62,"[0.654, 0.308]",5923641,"[6.54, 3.08]",0.008102779161362421,1.7015836238861084,2.0500000000000003,"[0.10400000000000002, 0.10100000000000002]",5924641,"[1.0400000000000003, 1.0100000000000002]",0.008200898624601818,1.7221887111663818,WelfareSolutionConcept,5.17,3.3461694517761655,0.00792742683773949,0.0002675824575271506,1.664759635925293,0.05619231608070167,COMPLETE
593,4.109999999999999,2025-06-12 22:54:03.237651,2025-06-12 22:54:07.924704,0 days 00:00:04.687053,32,0.9641085847922116,0.04664342264383235,0.9953509514523842,0.05755826891036154,296,5931643,4.109999999999999,1.5657745687039368,0.4969999999999999,0.1039062077067583,290.0,4,5.209999999999999,"[0.583, -0.0620000000000001]",5931643,"[5.83, -0.620000000000001]",0.015036351927395525,4.360542058944702,1.529999999999999,"[0.46299999999999997, -0.3100000000000001]",5932643,"[4.63, -3.100000000000001]",0.015412120161385372,4.469514846801758,4.2,"[0.5999999999999999, -0.18000000000000008]",5933643,"[5.999999999999998, -1.8000000000000007]",0.014080230943087874,4.083266973495483,5.499999999999998,"[0.3419999999999999, 0.20799999999999996]",5934643,"[3.419999999999999, 2.0799999999999996]",0.014894176351613012,4.319311141967773,WelfareSolutionConcept,4.97,1.0390620770675831,0.014855719845870446,0.0004860738629966737,4.308158755302429,0.14096142026903544,COMPLETE
594,4.0825000000000005,2025-06-12 22:54:07.940203,2025-06-12 22:54:09.715436,0 days 00:00:01.775233,12,0.9380799391800926,0.06280938707748693,0.9869880357201526,0.0010227448275513266,216,5941648,4.0825000000000005,2.060647653045032,0.38275000000000003,0.16495662308619197,210.0,4,5.4799999999999995,"[0.658, -0.10999999999999999]",5941648,"[6.58, -1.0999999999999999]",0.007487067722138904,1.57228422164917,6.430000000000001,"[0.32200000000000006, 0.32100000000000006]",5942648,"[3.2200000000000006, 3.210000000000001]",0.007575215612139021,1.5907952785491943,3.33,"[0.33199999999999996, 0.001000000000000012]",5943648,"[3.3199999999999994, 0.01000000000000012]",0.007338931446983701,1.5411756038665771,1.0900000000000005,"[0.21900000000000003, -0.10999999999999999]",5944648,"[2.1900000000000004, -1.0999999999999999]",0.007501824696858724,1.575383186340332,WelfareSolutionConcept,3.8275000000000006,1.6495662308619197,0.007475759869530087,8.576232376271246e-05,1.5699095726013184,0.018010087990169628,COMPLETE
595,5.48,2025-06-12 22:54:09.731424,2025-06-12 22:54:11.247396,0 days 00:00:01.515972,10,0.9715677657779331,0.141956517690897,0.9905357526996142,0.08389822096578667,206,5951649,5.48,2.529565180026006,0.45075000000000004,0.1506243257246319,200.0,4,3.6300000000000003,"[0.453, -0.08999999999999998]",5951649,"[4.53, -0.8999999999999998]",0.0065383601188659666,1.3076720237731934,2.55,"[0.23600000000000004, 0.019000000000000013]",5952649,"[2.3600000000000003, 0.19000000000000014]",0.006623663902282715,1.324732780456543,6.830000000000001,"[0.45200000000000007, 0.23099999999999996]",5953649,"[4.5200000000000005, 2.3099999999999996]",0.006104780435562134,1.2209560871124268,8.91,"[0.6620000000000001, 0.229]",5954649,"[6.620000000000001, 2.29]",0.006426427364349365,1.285285472869873,WelfareSolutionConcept,4.5075,1.506243257246319,0.006423307955265045,0.00019675429942934175,1.284661591053009,0.03935085988586837,COMPLETE
596,4.930000000000001,2025-06-12 22:54:14.069658,2025-06-12 22:54:16.886031,0 days 00:00:02.816373,14,0.9117288740458092,0.0650308554698889,0.9573180250535465,0.007880737734733365,336,5961654,4.930000000000001,1.8297130922633746,0.51175,0.21814258525102334,330.0,4,5.1,"[0.41500000000000004, 0.095]",5961654,"[4.15, 0.95]",0.007743301536097671,2.5552895069122314,6.4,"[0.77, -0.12999999999999995]",5962654,"[7.7, -1.2999999999999994]",0.00712719541607481,2.3519744873046875,1.8900000000000003,"[0.20600000000000004, -0.01699999999999998]",5963654,"[2.0600000000000005, -0.16999999999999982]",0.00795822793787176,2.6262152194976807,6.330000000000001,"[0.656, -0.02299999999999999]",5964654,"[6.5600000000000005, -0.2299999999999999]",0.007718188834912849,2.5470023155212402,WelfareSolutionConcept,5.117500000000001,2.1814258525102335,0.007636728431239272,0.0003086176640899471,2.52012038230896,0.10184382914968254,COMPLETE
597,4.795,2025-06-12 22:54:16.903950,2025-06-12 22:54:19.054102,0 days 00:00:02.150152,11,0.9526170443106751,0.05617234754342359,0.9240556544095717,0.046967102694326586,290,5971656,4.795,1.4292218162342754,0.41750000000000004,0.27030492041396514,290.0,4,3.379999999999999,"[0.01000000000000002, 0.32799999999999996]",5971656,"[0.1000000000000002, 3.2799999999999994]",0.006703973638600317,1.9441523551940918,6.72,"[0.6620000000000001, 0.010000000000000007]",5972656,"[6.620000000000001, 0.10000000000000007]",0.006723625906582536,1.9498515129089355,3.46,"[0.33599999999999997, 0.01000000000000002]",5973656,"[3.3599999999999994, 0.1000000000000002]",0.006787587856424266,1.968400478363037,5.62,"[0.6620000000000001, -0.09999999999999999]",5974656,"[6.620000000000001, -0.9999999999999999]",0.006770418430196828,1.96342134475708,WelfareSolutionConcept,4.175000000000001,2.703049204139651,0.006746401457950987,3.3882074796443844e-05,1.9564564228057861,0.009825801690968715,COMPLETE
598,3.525,2025-06-12 22:54:19.070308,2025-06-12 22:54:22.418873,0 days 00:00:03.348565,18,0.5844388139329061,0.1477792569557411,0.9736244209087159,0.0012965746466075438,280,5981659,3.525,1.1161205132063472,0.4075000000000001,0.13955375308460896,280.0,4,2.42,"[0.17900000000000005, 0.06299999999999997]",5981659,"[1.7900000000000005, 0.6299999999999997]",0.010759341716766357,3.01261568069458,4.57,"[0.512, -0.055000000000000014]",5982659,"[5.12, -0.5500000000000002]",0.011027916840144565,3.0878167152404785,4.71,"[0.5290000000000001, -0.05800000000000003]",5983659,"[5.290000000000001, -0.5800000000000003]",0.01082159195627485,3.030045747756958,2.400000000000001,"[0.41000000000000003, -0.16999999999999998]",5984659,"[4.1000000000000005, -1.6999999999999997]",0.01048642567225865,2.936199188232422,WelfareSolutionConcept,4.075,1.3955375308460896,0.010773819046361106,0.00019342471680051462,3.0166693329811096,0.05415892070414425,COMPLETE
