number,value,datetime_start,datetime_complete,duration,params_episode_length,params_epsilon_max,params_epsilon_min,params_gamma,params_learning_rate,params_num_episodes,user_attrs_base_seed,user_attrs_collective_reward_mean,user_attrs_collective_reward_std,user_attrs_individual_reward_agent0_mean,user_attrs_individual_reward_agent0_std,user_attrs_num_episodes_mean,user_attrs_num_parallel_runs,user_attrs_run_0_collective_reward,user_attrs_run_0_individual_rewards,user_attrs_run_0_seed,user_attrs_run_0_total_individual_rewards,user_attrs_run_0_training_time_per_episode,user_attrs_run_0_training_time_total,user_attrs_run_1_collective_reward,user_attrs_run_1_individual_rewards,user_attrs_run_1_seed,user_attrs_run_1_total_individual_rewards,user_attrs_run_1_training_time_per_episode,user_attrs_run_1_training_time_total,user_attrs_run_2_collective_reward,user_attrs_run_2_individual_rewards,user_attrs_run_2_seed,user_attrs_run_2_total_individual_rewards,user_attrs_run_2_training_time_per_episode,user_attrs_run_2_training_time_total,user_attrs_run_3_collective_reward,user_attrs_run_3_individual_rewards,user_attrs_run_3_seed,user_attrs_run_3_total_individual_rewards,user_attrs_run_3_training_time_per_episode,user_attrs_run_3_training_time_total,user_attrs_solution_concept,user_attrs_total_individual_reward_agent0_mean,user_attrs_total_individual_reward_agent0_std,user_attrs_training_time_per_episode_mean,user_attrs_training_time_per_episode_std,user_attrs_training_time_total_mean,user_attrs_training_time_total_std,state
40,3.719999999999999,2025-06-12 21:39:55.839584,2025-06-12 21:40:00.314926,0 days 00:00:04.475342,24,0.5590078138254347,0.03750409870230606,0.9448160021477624,0.00010596683982172408,308,407195,3.719999999999999,2.196417537719092,0.48675,0.2234752503075005,300.0,4,3.549999999999999,"[0.469, -0.11400000000000006]",407195,"[4.6899999999999995, -1.1400000000000006]",0.013584098815917968,4.075229644775391,0.2599999999999988,"[0.13299999999999995, -0.10700000000000007]",408195,"[1.3299999999999996, -1.0700000000000007]",0.01366843303044637,4.100529909133911,6.129999999999999,"[0.6209999999999999, -0.008000000000000063]",409195,"[6.209999999999999, -0.08000000000000063]",0.01347093423207601,4.041280269622803,4.939999999999999,"[0.7240000000000001, -0.23000000000000004]",410195,"[7.240000000000001, -2.3000000000000003]",0.01438942035039266,4.316826105117798,NashSolutionConcept,4.8675,2.234752503075005,0.013778221607208251,0.00035976611300662866,4.133466482162476,0.10792983390198863,COMPLETE
41,6.542499999999999,2025-06-12 21:40:00.535821,2025-06-12 21:40:07.261574,0 days 00:00:06.725753,34,0.5032901389152556,0.017762972507095652,0.924320104169926,0.0003887553104031736,345,417200,6.542499999999999,1.266123512932289,0.5085,0.06928383649885449,340.0,4,6.179999999999999,"[0.58, 0.03799999999999991]",417200,"[5.8, 0.3799999999999991]",0.01798627166187062,6.115332365036011,8.549999999999999,"[0.43099999999999994, 0.42400000000000004]",418200,"[4.31, 4.24]",0.016938608534195845,5.759126901626587,5.049999999999999,"[0.575, -0.0700000000000001]",419200,"[5.75, -0.7000000000000011]",0.019362395651200237,6.583214521408081,6.389999999999999,"[0.44799999999999995, 0.19099999999999992]",420200,"[4.4799999999999995, 1.9099999999999993]",0.017323986221762264,5.89015531539917,NashSolutionConcept,5.085,0.692838364988545,0.01790281551725724,0.0009222360808088071,6.086957275867462,0.31356026747499466,COMPLETE
42,4.5875,2025-06-12 21:40:07.275482,2025-06-12 21:40:12.158488,0 days 00:00:04.883006,27,0.5289618114723592,0.05835932295575527,0.9008180280868082,0.0013440098583686554,309,427207,4.5875,2.941023418811894,0.5647500000000001,0.2868678920688058,300.0,4,-0.3900000000000009,"[0.09499999999999997, -0.13400000000000006]",427207,"[0.9499999999999997, -1.3400000000000007]",0.015601473649342855,4.6804420948028564,5.630000000000001,"[0.5820000000000001, -0.019000000000000055]",428207,"[5.82, -0.19000000000000056]",0.013097584247589111,3.9292752742767334,7.26,"[0.737, -0.011000000000000027]",429207,"[7.37, -0.11000000000000026]",0.014220956166585287,4.266286849975586,5.85,"[0.845, -0.2600000000000001]",430207,"[8.45, -2.6000000000000014]",0.015779354572296143,4.733806371688843,NashSolutionConcept,5.6475,2.8686789206880574,0.01467484215895335,0.001092285288196131,4.402452647686005,0.3276855864588392,COMPLETE
43,4.322499999999999,2025-06-12 21:40:12.172461,2025-06-12 21:40:17.043146,0 days 00:00:04.870685,31,0.5771246791771135,0.04002772072911174,0.9406595060479658,0.0001754024205405565,270,437212,4.322499999999999,1.0341028720586747,0.5555,0.10729748366108131,270.0,4,5.229999999999999,"[0.7090000000000001, -0.18600000000000008]",437212,"[7.090000000000001, -1.8600000000000008]",0.016693143491391782,4.507148742675781,2.6599999999999993,"[0.45099999999999996, -0.18500000000000008]",438212,"[4.51, -1.8500000000000008]",0.01735643634089717,4.686237812042236,4.249999999999999,"[0.603, -0.17800000000000007]",439212,"[6.029999999999999, -1.7800000000000007]",0.0163726047233299,4.420603275299072,5.1499999999999995,"[0.45899999999999996, 0.05599999999999998]",440212,"[4.59, 0.5599999999999998]",0.01703095171186659,4.5983569622039795,NashSolutionConcept,5.555000000000001,1.0729748366108127,0.016863284066871362,0.00036777222507887827,4.553086698055267,0.09929850077129733,COMPLETE
44,3.9524999999999975,2025-06-12 21:40:17.057534,2025-06-12 21:40:25.676075,0 days 00:00:08.618541,47,0.6682278766691667,0.029262374734737202,0.9419651801451185,0.0027006389262034707,374,447217,3.9524999999999975,0.5362077489182714,0.5774999999999999,0.07245860887430837,370.0,4,3.429999999999997,"[0.5109999999999999, -0.16800000000000018]",447217,"[5.109999999999999, -1.6800000000000017]",0.02138418184744345,7.912147283554077,3.7399999999999975,"[0.5509999999999999, -0.1770000000000002]",448217,"[5.51, -1.7700000000000022]",0.02216278346809181,8.20022988319397,4.849999999999997,"[0.7, -0.21500000000000022]",449217,"[7.0, -2.150000000000002]",0.022891964783539644,8.470026969909668,3.789999999999997,"[0.548, -0.1690000000000002]",450217,"[5.48, -1.6900000000000022]",0.01941731813791636,7.184407711029053,NashSolutionConcept,5.7749999999999995,0.7245860887430837,0.021464062059247814,0.0012964045785326954,7.941702961921692,0.47966969405709714,COMPLETE
45,4.372499999999999,2025-06-12 21:40:25.690263,2025-06-12 21:40:31.555181,0 days 00:00:05.864918,35,0.6143807621636683,0.1594371232727338,0.9502548773009253,0.02569652444598441,333,457225,4.372499999999999,2.0966088691026754,0.6154999999999999,0.14459339542316585,330.0,4,4.9499999999999975,"[0.44099999999999995, 0.05399999999999994]",457225,"[4.409999999999999, 0.5399999999999994]",0.016230311538233903,5.3560028076171875,2.459999999999999,"[0.586, -0.3400000000000002]",458225,"[5.859999999999999, -3.400000000000002]",0.017282089320096103,5.703089475631714,2.5199999999999987,"[0.5919999999999999, -0.3400000000000002]",459225,"[5.919999999999998, -3.400000000000002]",0.017273374037309126,5.700213432312012,7.56,"[0.843, -0.08700000000000012]",460225,"[8.43, -0.8700000000000012]",0.017129933472835656,5.652878046035767,NashSolutionConcept,6.154999999999999,1.4459339542316587,0.016978927092118696,0.00043641566039146455,5.60304594039917,0.1440171679291835,COMPLETE
46,4.3775,2025-06-12 21:40:31.798563,2025-06-12 21:40:34.994069,0 days 00:00:03.195506,18,0.7494450624200664,0.10884392249865865,0.9063626948546895,0.0007633635456868675,290,467231,4.3775,3.3445281804762836,0.377,0.2745632896073326,290.0,4,6.949999999999999,"[0.748, -0.05299999999999998]",467231,"[7.48, -0.5299999999999998]",0.010052316764305378,2.9151718616485596,-0.010000000000000342,"[0.059999999999999984, -0.06100000000000002]",468231,"[0.5999999999999999, -0.6100000000000002]",0.010470275221199825,3.036379814147949,8.22,"[0.526, 0.296]",469231,"[5.26, 2.96]",0.009601492717348297,2.784432888031006,2.35,"[0.17400000000000002, 0.061]",470231,"[1.7400000000000002, 0.61]",0.010469693973146637,3.0362112522125244,NashSolutionConcept,3.77,2.7456328960733263,0.010148444669000034,0.00035887777557983724,2.9430489540100098,0.10407455491815282,COMPLETE
47,3.997499999999998,2025-06-12 21:40:35.010008,2025-06-12 21:40:38.792228,0 days 00:00:03.782220,41,0.5241321414808077,0.14227940909059084,0.9581291149449017,0.09568211442755237,173,477235,3.997499999999998,1.4150507941413273,0.5287499999999999,0.24544487670350756,170.0,4,1.6599999999999977,"[0.1569999999999999, 0.008999999999999897]",477235,"[1.569999999999999, 0.08999999999999897]",0.019749790079453412,3.35746431350708,5.469999999999998,"[0.5499999999999999, -0.0030000000000001414]",478235,"[5.499999999999999, -0.030000000000001414]",0.02118832363801844,3.6020150184631348,4.469999999999999,"[0.8470000000000001, -0.40000000000000024]",479235,"[8.47, -4.000000000000003]",0.021328004668740665,3.625760793685913,4.389999999999998,"[0.5609999999999999, -0.12200000000000014]",480235,"[5.609999999999999, -1.2200000000000013]",0.0193554583717795,3.2904279232025146,NashSolutionConcept,5.2875,2.4544487670350756,0.020405394189498004,0.0008655013847771232,3.4689170122146606,0.14713523541211104,COMPLETE
48,5.872499999999999,2025-06-12 21:40:38.806643,2025-06-12 21:40:43.370287,0 days 00:00:04.563644,22,0.5648650000011832,0.18800661098534235,0.9889217798273102,0.0015521519222484246,362,487238,5.872499999999999,3.8268418767960615,0.61925,0.23011342311999095,360.0,4,0.38999999999999907,"[0.24900000000000003, -0.21000000000000002]",487238,"[2.49, -2.1]",0.012260419130325318,4.413750886917114,9.03,"[0.8709999999999999, 0.03199999999999995]",488238,"[8.709999999999999, 0.3199999999999995]",0.011184780465232,4.0265209674835205,4.22,"[0.632, -0.21000000000000002]",489238,"[6.32, -2.1]",0.012129109435611301,4.366479396820068,9.85,"[0.7250000000000001, 0.25999999999999995]",490238,"[7.250000000000001, 2.5999999999999996]",0.011497856511010065,4.139228343963623,NashSolutionConcept,6.1925,2.3011342311999097,0.011768041385544672,0.00044328296491221575,4.2364948987960815,0.15958186736839752,COMPLETE
49,5.2574999999999985,2025-06-12 21:40:43.384321,2025-06-12 21:40:48.652794,0 days 00:00:05.268473,25,0.7239552771358435,0.06654502274419224,0.9983666661367155,0.005529858502287362,397,497243,5.2574999999999985,1.7574751065093352,0.64375,0.09801116007884002,390.0,4,2.509999999999999,"[0.49099999999999994, -0.24000000000000007]",497243,"[4.909999999999999, -2.400000000000001]",0.01241290324773544,4.841032266616821,7.239999999999998,"[0.718, 0.005999999999999941]",498243,"[7.18, 0.059999999999999415]",0.012995518782199957,5.068252325057983,5.099999999999999,"[0.626, -0.11600000000000006]",499243,"[6.26, -1.1600000000000006]",0.013125071770105606,5.1187779903411865,6.179999999999999,"[0.74, -0.12200000000000004]",500243,"[7.4, -1.2200000000000004]",0.012807613152724046,4.994969129562378,NashSolutionConcept,6.4375,0.9801116007884004,0.012835276738191261,0.000268711421692053,5.005757927894592,0.10479745445990073,COMPLETE
50,7.5775,2025-06-12 21:40:48.666892,2025-06-12 21:40:54.779685,0 days 00:00:06.112793,29,0.6843437851255977,0.15501287023719332,0.9292175998937646,0.05847318286723982,423,507248,7.5775,1.4622307444449392,0.8182499999999999,0.11257969399496522,420.0,4,5.68,"[0.8479999999999999, -0.28000000000000014]",507248,"[8.479999999999999, -2.8000000000000016]",0.014209749017442977,5.96809458732605,8.079999999999998,"[0.7149999999999999, 0.09299999999999994]",508248,"[7.149999999999999, 0.9299999999999995]",0.013874358222598122,5.827230453491211,6.909999999999999,"[0.72, -0.029000000000000064]",509248,"[7.199999999999999, -0.29000000000000065]",0.01405452433086577,5.902900218963623,9.64,"[0.99, -0.02600000000000006]",510248,"[9.9, -0.2600000000000006]",0.013913137572152274,5.843517780303955,NashSolutionConcept,8.1825,1.1257969399496524,0.014012942285764786,0.00013193604466908286,5.88543576002121,0.055413138761014766,COMPLETE
51,5.4725,2025-06-12 21:40:55.039433,2025-06-12 21:41:01.358895,0 days 00:00:06.319462,28,0.692339359291996,0.1676182440635365,0.9296696760210941,0.06231378119012602,430,517255,5.4725,0.5048452733263926,0.72425,0.08753963388088849,430.0,4,5.71,"[0.714, -0.14300000000000007]",517255,"[7.14, -1.4300000000000006]",0.012430789304334064,5.3452394008636475,5.779999999999999,"[0.603, -0.02500000000000006]",518255,"[6.029999999999999, -0.2500000000000006]",0.014366220873455668,6.1774749755859375,5.8,"[0.85, -0.2700000000000001]",519255,"[8.5, -2.7000000000000006]",0.014136647069176961,6.078758239746094,4.6,"[0.73, -0.2700000000000001]",520255,"[7.3, -2.7000000000000006]",0.013921004117921342,5.986031770706177,NashSolutionConcept,7.2425,0.8753963388088852,0.013713665341222009,0.0007572157154960874,5.896876096725464,0.32560275766331775,COMPLETE
52,6.77,2025-06-12 21:41:01.373143,2025-06-12 21:41:06.529143,0 days 00:00:05.156000,31,0.7066435086817932,0.15396282252313215,0.919480784747488,0.024402382438064692,337,527261,6.77,3.719267400981005,0.7237499999999999,0.23777129242194062,330.0,4,11.969999999999999,"[0.9799999999999999, 0.21699999999999994]",527261,"[9.799999999999999, 2.1699999999999995]",0.013462120113950787,4.44249963760376,5.439999999999999,"[0.716, -0.17200000000000007]",528261,"[7.16, -1.7200000000000006]",0.015183972589897387,5.010710954666138,7.92,"[0.8539999999999999, -0.062000000000000076]",529261,"[8.54, -0.6200000000000008]",0.014337564237190015,4.731396198272705,1.7499999999999991,"[0.3449999999999999, -0.17000000000000007]",530261,"[3.4499999999999993, -1.7000000000000006]",0.014916485728639545,4.92244029045105,NashSolutionConcept,7.2375,2.377712924219406,0.014475035667419433,0.0006599935661034445,4.776761770248413,0.21779787681413673,COMPLETE
53,8.4925,2025-06-12 21:41:06.543235,2025-06-12 21:41:10.860341,0 days 00:00:04.317106,25,0.7666746584456755,0.14166133924069335,0.9387714458671388,0.017380416657164922,313,537266,8.4925,2.6106644269227712,0.845,0.11723693957110962,310.0,4,12.24,"[0.73, 0.49399999999999994]",537266,"[7.3, 4.9399999999999995]",0.011478590965270995,3.558363199234009,8.639999999999999,"[0.9800000000000001, -0.11600000000000006]",538266,"[9.8, -1.1600000000000006]",0.012145454652847783,3.7650909423828125,8.219999999999999,"[0.943, -0.12100000000000007]",539266,"[9.43, -1.2100000000000006]",0.013311759887203093,4.126645565032959,4.869999999999999,"[0.727, -0.24000000000000007]",540266,"[7.27, -2.400000000000001]",0.013277693717710433,4.116085052490234,NashSolutionConcept,8.45,1.172369395711096,0.012553374805758076,0.0007780335746117784,3.8915461897850037,0.2411904081296513,COMPLETE
54,7.2799999999999985,2025-06-12 21:41:10.874564,2025-06-12 21:41:16.369970,0 days 00:00:05.495406,25,0.7676616582816855,0.13931491557469866,0.9380613801279609,0.032151797283281984,428,547270,7.2799999999999985,2.131841926597748,0.7925,0.060060386279144035,420.0,4,4.959999999999999,"[0.736, -0.24000000000000007]",547270,"[7.359999999999999, -2.400000000000001]",0.012673202015104749,5.322744846343994,10.669999999999998,"[0.7290000000000001, 0.3379999999999999]",548270,"[7.290000000000001, 3.379999999999999]",0.010842029253641765,4.553652286529541,6.139999999999999,"[0.8540000000000001, -0.24000000000000007]",549270,"[8.540000000000001, -2.400000000000001]",0.012608860220227922,5.2957212924957275,7.349999999999999,"[0.8509999999999998, -0.11600000000000006]",550270,"[8.509999999999998, -1.1600000000000006]",0.011316426595052083,4.752899169921875,NashSolutionConcept,7.925,0.6006038627914405,0.01186012952100663,0.0007990346623763085,4.981254398822784,0.3355945581980496,COMPLETE
55,5.8475,2025-06-12 21:41:16.384679,2025-06-12 21:41:20.171903,0 days 00:00:03.787224,23,0.7359948270579146,0.12190133907204442,0.9325707721894081,0.019322326461441414,296,557276,5.8475,1.2936262018063795,0.5047499999999999,0.08248446823493502,290.0,4,7.569999999999999,"[0.619, 0.13799999999999996]",557276,"[6.1899999999999995, 1.3799999999999994]",0.012100533781380488,3.509154796600342,6.439999999999999,"[0.502, 0.14199999999999996]",558276,"[5.02, 1.4199999999999995]",0.011841985275005473,3.434175729751587,4.1,"[0.3859999999999999, 0.023999999999999935]",559276,"[3.859999999999999, 0.23999999999999935]",0.012551568294393606,3.6399548053741455,5.279999999999999,"[0.5119999999999999, 0.015999999999999938]",560276,"[5.119999999999999, 0.15999999999999936]",0.012011556789792818,3.483351469039917,NashSolutionConcept,5.047499999999999,0.8248446823493502,0.012126411035143097,0.00026244896554403983,3.516659200191498,0.07611020000777152,COMPLETE
56,4.294999999999999,2025-06-12 21:41:20.517650,2025-06-12 21:41:24.805910,0 days 00:00:04.288260,29,0.6888499229769155,0.12569644662615845,0.927908852344259,0.011262351153686904,264,567280,4.294999999999999,1.4732532029491738,0.593,0.15014992507490638,260.0,4,5.43,"[0.72, -0.17700000000000005]",567280,"[7.199999999999999, -1.7700000000000005]",0.014876110737140362,3.867788791656494,5.689999999999999,"[0.722, -0.15300000000000008]",568280,"[7.22, -1.5300000000000007]",0.014661553272834192,3.8120038509368896,4.089999999999999,"[0.576, -0.16700000000000004]",569280,"[5.76, -1.6700000000000004]",0.01476504527605497,3.838911771774292,1.9699999999999993,"[0.3539999999999999, -0.15700000000000006]",570280,"[3.539999999999999, -1.5700000000000005]",0.015942609310150145,4.145078420639038,NashSolutionConcept,5.93,1.501499250749064,0.015061329649044917,0.0005144330537249425,3.9159457087516785,0.13375259396848527,COMPLETE
57,7.5325,2025-06-12 21:41:24.820441,2025-06-12 21:41:27.904017,0 days 00:00:03.083576,17,0.6532217345385821,0.16707684556212168,0.9327520418677064,0.05629060578792784,314,577284,7.5325,1.9096121988508556,0.7235,0.1514092137222831,310.0,4,4.67,"[0.5229999999999999, -0.055999999999999994]",577284,"[5.229999999999999, -0.5599999999999999]",0.008954966452813918,2.7760396003723145,9.149999999999999,"[0.873, 0.04199999999999998]",578284,"[8.73, 0.4199999999999998]",0.009068533682054089,2.8112454414367676,9.38,"[0.867, 0.07099999999999998]",579284,"[8.67, 0.7099999999999997]",0.009023527945241621,2.7972936630249023,6.93,"[0.631, 0.062]",580284,"[6.3100000000000005, 0.62]",0.009464390816227082,2.9339611530303955,NashSolutionConcept,7.234999999999999,1.5140921372228313,0.009127854724084178,0.00019846281671186892,2.829634964466095,0.06152347318067947,COMPLETE
58,6.819999999999999,2025-06-12 21:41:27.918097,2025-06-12 21:41:32.696655,0 days 00:00:04.778558,19,0.7814978522038839,0.15310874205912534,0.9481100032752444,0.03740031087250692,454,587287,6.819999999999999,1.1204463396343436,0.74625,0.1623797632095823,450.0,4,7.959999999999999,"[0.9760000000000002, -0.18]",587287,"[9.760000000000002, -1.7999999999999998]",0.009850143326653375,4.4325644969940186,7.919999999999999,"[0.7379999999999999, 0.05399999999999997]",588287,"[7.379999999999999, 0.5399999999999997]",0.009174934493170844,4.12872052192688,5.660000000000001,"[0.517, 0.04899999999999997]",589287,"[5.17, 0.48999999999999966]",0.009570132891337077,4.306559801101685,5.739999999999999,"[0.7540000000000001, -0.18]",590287,"[7.540000000000001, -1.7999999999999998]",0.010237171385023329,4.606727123260498,NashSolutionConcept,7.4625,1.6237976320958232,0.009708095524046155,0.00038839194693064964,4.36864298582077,0.17477637611879226,COMPLETE
59,6.2075,2025-06-12 21:41:32.712073,2025-06-12 21:41:38.813444,0 days 00:00:06.101371,32,0.6757231286106592,0.1375860892020991,0.9209209343915594,0.0036634179920626763,366,597292,6.2075,1.7292538130650454,0.55175,0.04696474741761103,360.0,4,5.369999999999999,"[0.587, -0.050000000000000065]",597292,"[5.869999999999999, -0.5000000000000007]",0.015114402108722263,5.441184759140015,8.899999999999999,"[0.578, 0.31199999999999994]",598292,"[5.779999999999999, 3.119999999999999]",0.014521503448486328,5.227741241455078,6.35,"[0.571, 0.06399999999999992]",599292,"[5.709999999999999, 0.6399999999999992]",0.01644653148121304,5.920751333236694,4.209999999999999,"[0.4709999999999999, -0.050000000000000086]",600292,"[4.709999999999999, -0.5000000000000009]",0.01369856595993042,4.931483745574951,NashSolutionConcept,5.5175,0.46964747417611014,0.014945250749588013,0.0010020280382055306,5.380290269851685,0.36073009375399107,COMPLETE
60,5.3999999999999995,2025-06-12 21:41:38.827657,2025-06-12 21:41:44.194335,0 days 00:00:05.366678,26,0.6362877690132414,0.1580932785010311,0.9532180384212857,0.0021604065934482672,386,607298,5.3999999999999995,4.062511538445153,0.52225,0.3059185961984005,380.0,4,7.360000000000001,"[0.7380000000000001, -0.0020000000000000295]",607298,"[7.380000000000001, -0.020000000000000295]",0.012875668626082571,4.892754077911377,10.719999999999999,"[0.734, 0.33799999999999997]",608298,"[7.34, 3.38]",0.012423975844132273,4.721110820770264,3.68,"[0.618, -0.25000000000000006]",609298,"[6.18, -2.5000000000000004]",0.012792752918444181,4.861246109008789,-0.1600000000000007,"[-0.0010000000000000343, -0.01500000000000003]",610298,"[-0.010000000000000342, -0.1500000000000003]",0.013726364311419036,5.216018438339233,NashSolutionConcept,5.222499999999999,3.0591859619840047,0.012954690425019514,0.0004768665311332744,4.922782361507416,0.1812092818306442,COMPLETE
61,6.335,2025-06-12 21:41:44.492905,2025-06-12 21:41:47.532783,0 days 00:00:03.039878,16,0.6537152954137052,0.16892965155515374,0.9339766625616595,0.05494643983634344,315,617304,6.335,0.9188171744150196,0.61425,0.09630777486786826,310.0,4,4.92,"[0.528, -0.03600000000000001]",617304,"[5.28, -0.3600000000000001]",0.00897875524336292,2.783414125442505,7.15,"[0.529, 0.186]",618304,"[5.29, 1.8599999999999999]",0.008768916899158109,2.7183642387390137,6.119999999999999,"[0.762, -0.14999999999999997]",619304,"[7.62, -1.4999999999999996]",0.00928687664770311,2.878931760787964,7.150000000000001,"[0.6379999999999999, 0.07699999999999999]",620304,"[6.379999999999999, 0.7699999999999998]",0.009162892064740582,2.84049654006958,NashSolutionConcept,6.1425,0.9630777486786826,0.00904936021374118,0.0001955358356732828,2.8053016662597656,0.060616109058717685,COMPLETE
