number,value,datetime_start,datetime_complete,duration,params_episode_length,params_epsilon_max,params_epsilon_min,params_gamma,params_learning_rate,params_num_episodes,user_attrs_base_seed,user_attrs_collective_reward_mean,user_attrs_collective_reward_std,user_attrs_individual_reward_agent0_mean,user_attrs_individual_reward_agent0_std,user_attrs_num_episodes_mean,user_attrs_num_parallel_runs,user_attrs_run_0_collective_reward,user_attrs_run_0_individual_rewards,user_attrs_run_0_seed,user_attrs_run_0_total_individual_rewards,user_attrs_run_0_training_time_per_episode,user_attrs_run_0_training_time_total,user_attrs_run_1_collective_reward,user_attrs_run_1_individual_rewards,user_attrs_run_1_seed,user_attrs_run_1_total_individual_rewards,user_attrs_run_1_training_time_per_episode,user_attrs_run_1_training_time_total,user_attrs_run_2_collective_reward,user_attrs_run_2_individual_rewards,user_attrs_run_2_seed,user_attrs_run_2_total_individual_rewards,user_attrs_run_2_training_time_per_episode,user_attrs_run_2_training_time_total,user_attrs_run_3_collective_reward,user_attrs_run_3_individual_rewards,user_attrs_run_3_seed,user_attrs_run_3_total_individual_rewards,user_attrs_run_3_training_time_per_episode,user_attrs_run_3_training_time_total,user_attrs_solution_concept,user_attrs_total_individual_reward_agent0_mean,user_attrs_total_individual_reward_agent0_std,user_attrs_training_time_per_episode_mean,user_attrs_training_time_per_episode_std,user_attrs_training_time_total_mean,user_attrs_training_time_total_std,state
519,6.5124999999999975,2025-06-12 22:33:15.026010,2025-06-12 22:33:19.848505,0 days 00:00:04.822495,45,0.6079077888154636,0.08978050450087434,0.9176795167205357,0.0001713591259461696,200,5190395,6.5124999999999975,2.202298515188166,0.4284999999999998,0.1460556400828123,200.0,4,8.169999999999998,"[0.6279999999999999, 0.18899999999999986]",5190395,"[6.279999999999999, 1.8899999999999986]",0.020313379764556886,4.062675952911377,7.939999999999998,"[0.4469999999999999, 0.34699999999999986]",5191395,"[4.469999999999999, 3.469999999999999]",0.021344408988952637,4.268881797790527,7.189999999999998,"[0.4229999999999999, 0.29599999999999993]",5192395,"[4.229999999999999, 2.959999999999999]",0.02122192144393921,4.244384288787842,2.7499999999999973,"[0.21599999999999983, 0.05899999999999983]",5193395,"[2.1599999999999984, 0.5899999999999983]",0.023251627683639527,4.650325536727905,MinimaxSolutionConcept,4.284999999999998,1.460556400828123,0.021532834470272065,0.001069286089122417,4.306566894054413,0.2138572178244834,COMPLETE
520,6.407499999999997,2025-06-12 22:33:19.863661,2025-06-12 22:33:23.924072,0 days 00:00:04.060411,50,0.9849860344827258,0.0792308454323902,0.9246742126099815,0.018118680569674646,184,5200399,6.407499999999997,1.7476323268925877,0.23449999999999988,0.057534772094794975,180.0,4,9.369999999999997,"[0.2569999999999999, 0.6799999999999999]",5200399,"[2.569999999999999, 6.799999999999999]",0.02080467144648234,3.7448408603668213,5.319999999999997,"[0.16399999999999987, 0.3679999999999999]",5201399,"[1.6399999999999988, 3.679999999999999]",0.019809749391343858,3.5657548904418945,5.969999999999997,"[0.31599999999999984, 0.28099999999999986]",5202399,"[3.1599999999999984, 2.8099999999999987]",0.020638545354207356,3.714938163757324,4.969999999999997,"[0.20099999999999985, 0.2959999999999998]",5203399,"[2.0099999999999985, 2.959999999999998]",0.021203523212009006,3.816634178161621,MinimaxSolutionConcept,2.3449999999999984,0.5753477209479498,0.02061412235101064,0.0005077683216928129,3.7105420231819153,0.09139829790470629,COMPLETE
521,7.379999999999999,2025-06-12 22:33:26.442320,2025-06-12 22:33:29.913845,0 days 00:00:03.471525,48,0.8901229946245561,0.07366264548166217,0.9565825045407959,0.0005566792642375761,151,5210406,7.379999999999999,1.622636743082074,0.3234999999999999,0.10181478281664212,150.0,4,4.869999999999997,"[0.1869999999999999, 0.2999999999999999]",5210406,"[1.8699999999999988, 2.9999999999999987]",0.02076546351114909,3.1148195266723633,9.399999999999999,"[0.4739999999999999, 0.4659999999999999]",5211406,"[4.739999999999999, 4.659999999999999]",0.02164623737335205,3.2469356060028076,7.749999999999998,"[0.3099999999999999, 0.46499999999999986]",5212406,"[3.0999999999999988, 4.649999999999999]",0.020191864967346193,3.0287797451019287,7.499999999999998,"[0.32299999999999984, 0.4269999999999999]",5213406,"[3.2299999999999986, 4.269999999999999]",0.020473685264587402,3.0710527896881104,MinimaxSolutionConcept,3.234999999999999,1.0181478281664211,0.020769312779108682,0.0005454019534948595,3.1153969168663025,0.08181029302422907,COMPLETE
522,6.229999999999997,2025-06-12 22:33:29.929790,2025-06-12 22:33:33.658075,0 days 00:00:03.728285,46,0.8510426916411523,0.035036542294912834,0.9482616146726719,0.0015917646258072392,168,5220409,6.229999999999997,2.3672874772616854,0.3644999999999999,0.12022790857367519,160.0,4,6.449999999999998,"[0.3209999999999999, 0.3239999999999999]",5220409,"[3.209999999999999, 3.239999999999999]",0.018151789903640747,2.9042863845825195,5.139999999999998,"[0.4749999999999999, 0.038999999999999826]",5221409,"[4.749999999999999, 0.38999999999999824]",0.022129040956497193,3.540646553039551,9.889999999999995,"[0.4749999999999999, 0.514]",5222409,"[4.749999999999999, 5.140000000000001]",0.018865418434143067,3.0184669494628906,3.4399999999999973,"[0.18699999999999992, 0.15699999999999986]",5223409,"[1.8699999999999992, 1.5699999999999985]",0.02087210416793823,3.339536666870117,MinimaxSolutionConcept,3.644999999999999,1.202279085736752,0.02000458836555481,0.0015808583706052315,3.2007341384887695,0.25293733929683704,COMPLETE
523,5.189999999999998,2025-06-12 22:33:33.673608,2025-06-12 22:33:36.867791,0 days 00:00:03.194183,49,0.6446178882549214,0.18507968310710587,0.9841367782319393,0.034732200982265114,124,5230413,5.189999999999998,2.9413942272330655,0.26174999999999987,0.13895750249626687,120.0,4,0.7899999999999965,"[0.06799999999999981, 0.01099999999999981]",5230413,"[0.6799999999999982, 0.1099999999999981]",0.023897836605707806,2.8677403926849365,4.729999999999997,"[0.21999999999999983, 0.25299999999999984]",5231413,"[2.1999999999999984, 2.5299999999999985]",0.0250862717628479,3.010352611541748,8.889999999999999,"[0.4509999999999999, 0.43799999999999983]",5232413,"[4.509999999999999, 4.379999999999998]",0.02424483895301819,2.9093806743621826,6.349999999999998,"[0.30799999999999994, 0.32699999999999985]",5233413,"[3.079999999999999, 3.2699999999999987]",0.022962226470311483,2.755467176437378,MinimaxSolutionConcept,2.617499999999999,1.3895750249626684,0.024047793447971345,0.0007612829400188925,2.8857352137565613,0.09135395280226713,COMPLETE
524,5.692499999999997,2025-06-12 22:33:36.883382,2025-06-12 22:33:39.977008,0 days 00:00:03.093626,47,0.9020878708175568,0.04483188712259526,0.9927140414775575,0.058774622236230666,135,5240416,5.692499999999997,1.3913190683664187,0.3682499999999999,0.175866959659852,130.0,4,5.5799999999999965,"[0.38999999999999996, 0.16799999999999984]",5240416,"[3.8999999999999995, 1.6799999999999984]",0.020897791935847357,2.7167129516601562,6.679999999999996,"[0.518, 0.14999999999999986]",5241416,"[5.18, 1.4999999999999987]",0.02166763635782095,2.8167927265167236,3.4699999999999975,"[0.07499999999999987, 0.2719999999999999]",5242416,"[0.7499999999999987, 2.719999999999999]",0.02245305134699895,2.9188966751098633,7.039999999999997,"[0.4899999999999999, 0.21399999999999988]",5243416,"[4.899999999999999, 2.139999999999999]",0.021060595145592324,2.737877368927002,MinimaxSolutionConcept,3.6824999999999988,1.75866959659852,0.021519768696564898,0.0006104459008855717,2.7975699305534363,0.0793579671151244,COMPLETE
525,5.494999999999998,2025-06-12 22:33:39.992387,2025-06-12 22:33:42.055256,0 days 00:00:02.062869,23,0.8764790692783797,0.09470165969144474,0.9086442069750792,0.00011558722555587202,158,5250420,5.494999999999998,0.34091787867461587,0.31149999999999994,0.03320015060206809,150.0,4,4.959999999999998,"[0.2579999999999999, 0.2379999999999999]",5250420,"[2.579999999999999, 2.379999999999999]",0.011815584500630697,1.7723376750946045,5.849999999999998,"[0.32199999999999995, 0.2629999999999999]",5251420,"[3.2199999999999998, 2.629999999999999]",0.011998236974080404,1.7997355461120605,5.449999999999998,"[0.317, 0.22799999999999998]",5252420,"[3.17, 2.28]",0.012557158470153809,1.8835737705230713,5.72,"[0.349, 0.223]",5253420,"[3.4899999999999998, 2.23]",0.011817175547281901,1.7725763320922852,MinimaxSolutionConcept,3.1149999999999998,0.3320015060206808,0.012047038873036703,0.0003037317499610369,1.8070558309555054,0.04555976249415554,COMPLETE
526,7.169999999999998,2025-06-12 22:33:44.582951,2025-06-12 22:33:48.329236,0 days 00:00:03.746285,50,0.6651464471988618,0.08687987602326919,0.9806534465052255,0.00010098769125464387,146,5260424,7.169999999999998,2.286405475850686,0.38274999999999987,0.17033404680215877,140.0,4,9.379999999999999,"[0.61, 0.32799999999999985]",5260424,"[6.1, 3.2799999999999985]",0.02318833214896066,3.246366500854492,9.349999999999998,"[0.46399999999999986, 0.4709999999999999]",5261424,"[4.639999999999999, 4.709999999999999]",0.023449860300336564,3.282980442047119,4.069999999999997,"[0.15699999999999986, 0.24999999999999986]",5262424,"[1.5699999999999985, 2.4999999999999987]",0.02527542795453753,3.538559913635254,5.879999999999997,"[0.2999999999999999, 0.2879999999999999]",5263424,"[2.9999999999999987, 2.879999999999999]",0.02343651226588658,3.281111717224121,MinimaxSolutionConcept,3.827499999999999,1.7033404680215878,0.023837533167430335,0.0008366766694081676,3.3372546434402466,0.11713473371714343,COMPLETE
527,7.984999999999998,2025-06-12 22:33:48.344905,2025-06-12 22:33:52.431288,0 days 00:00:04.086383,45,0.8655145422111965,0.04057426668324955,0.987299701345821,0.0001368668645869726,191,5270428,7.984999999999998,2.337589570476392,0.3287499999999999,0.2176320001746067,190.0,4,11.829999999999998,"[0.615, 0.568]",5270428,"[6.15, 5.68]",0.020555483667474044,3.9055418968200684,7.759999999999998,"[0.45599999999999985, 0.3199999999999999]",5271428,"[4.559999999999999, 3.199999999999999]",0.02052209502772281,3.899198055267334,5.689999999999997,"[0.06799999999999987, 0.5009999999999999]",5272428,"[0.6799999999999986, 5.009999999999999]",0.020387373472514906,3.873600959777832,6.659999999999997,"[0.17599999999999988, 0.4899999999999999]",5273428,"[1.759999999999999, 4.899999999999999]",0.020005882413763748,3.8011176586151123,MinimaxSolutionConcept,3.2874999999999988,2.176320001746067,0.020367708645368878,0.0002181739794792121,3.8698646426200867,0.041453056101050205,COMPLETE
528,8.612499999999997,2025-06-12 22:33:52.447134,2025-06-12 22:33:56.425788,0 days 00:00:03.978654,41,0.593409100517782,0.11476543573923333,0.9765672060500776,0.0001966469496341636,180,5280432,8.612499999999997,1.6046085971351396,0.43574999999999986,0.10343445992511394,180.0,4,6.069999999999998,"[0.35299999999999987, 0.2539999999999999]",5280432,"[3.5299999999999985, 2.539999999999999]",0.019428457154168022,3.497122287750244,10.259999999999998,"[0.4049999999999999, 0.621]",5281432,"[4.049999999999999, 6.21]",0.019006246990627713,3.4211244583129883,8.459999999999999,"[0.6119999999999999, 0.2339999999999999]",5282432,"[6.119999999999999, 2.339999999999999]",0.02106686035792033,3.792034864425659,9.659999999999998,"[0.3729999999999999, 0.593]",5283432,"[3.7299999999999986, 5.93]",0.019274715582529703,3.4694488048553467,MinimaxSolutionConcept,4.357499999999998,1.0343445992511395,0.01969407002131144,0.0008068553417967477,3.5449326038360596,0.14523396152341456,COMPLETE
529,8.202499999999999,2025-06-12 22:33:56.441047,2025-06-12 22:34:00.495889,0 days 00:00:04.054842,48,0.616354966847537,0.09167628600575467,0.974108470546445,0.00021930117186612258,168,5290436,8.202499999999999,3.227765287315669,0.4687499999999999,0.1939708418809384,160.0,4,12.349999999999998,"[0.694, 0.5409999999999999]",5290436,"[6.9399999999999995, 5.409999999999999]",0.023739638924598693,3.798342227935791,10.229999999999999,"[0.45699999999999996, 0.5659999999999998]",5291436,"[4.569999999999999, 5.659999999999998]",0.02240186035633087,3.5842976570129395,5.919999999999997,"[0.5579999999999999, 0.03399999999999982]",5292436,"[5.579999999999999, 0.3399999999999982]",0.023089103400707245,3.694256544113159,4.309999999999997,"[0.16599999999999987, 0.26499999999999985]",5293436,"[1.6599999999999988, 2.6499999999999986]",0.024215303361415863,3.874448537826538,MinimaxSolutionConcept,4.687499999999999,1.939708418809384,0.023361476510763167,0.0006832051992378238,3.737836241722107,0.10931283187805176,COMPLETE
530,6.564999999999997,2025-06-12 22:34:00.511038,2025-06-12 22:34:04.023482,0 days 00:00:03.512444,49,0.6340197041292918,0.08220395583490256,0.913629050180354,0.09934821040980214,131,5300440,6.564999999999997,2.6278651030827285,0.3009999999999999,0.16811454428454428,130.0,4,9.439999999999996,"[0.4679999999999998, 0.4759999999999998]",5300440,"[4.679999999999998, 4.759999999999998]",0.022330203423133264,2.902926445007324,7.299999999999997,"[0.25699999999999984, 0.473]",5301440,"[2.5699999999999985, 4.7299999999999995]",0.02394531323359563,3.1128907203674316,7.239999999999997,"[0.4339999999999999, 0.28999999999999976]",5302440,"[4.339999999999999, 2.8999999999999977]",0.023923578629126915,3.110065221786499,2.2799999999999967,"[0.04499999999999983, 0.18299999999999988]",5303440,"[0.4499999999999983, 1.8299999999999987]",0.025604416773869442,3.3285741806030273,MinimaxSolutionConcept,3.0099999999999985,1.6811454428454429,0.023950878014931315,0.00115775135316991,3.1136141419410706,0.1505076759120883,COMPLETE
531,8.122499999999997,2025-06-12 22:34:06.616815,2025-06-12 22:34:10.390778,0 days 00:00:03.773963,44,0.8823962486656056,0.10049737265459575,0.9788027311117143,0.0006996652865263527,174,5310446,8.122499999999997,1.962630568904907,0.3635,0.24026495791105287,170.0,4,7.539999999999997,"[0.44299999999999995, 0.31099999999999983]",5310446,"[4.43, 3.1099999999999985]",0.02018715213326847,3.4318158626556396,9.959999999999997,"[0.706, 0.28999999999999987]",5311446,"[7.06, 2.8999999999999986]",0.019667142980238972,3.343414306640625,5.1599999999999975,"[0.05699999999999986, 0.4589999999999998]",5312446,"[0.5699999999999986, 4.589999999999998]",0.020844445509069106,3.543555736541748,9.829999999999997,"[0.24799999999999991, 0.735]",5313446,"[2.479999999999999, 7.35]",0.020364545373355643,3.461972713470459,MinimaxSolutionConcept,3.634999999999999,2.402649579110529,0.020265821498983046,0.000421057296079388,3.445189654827118,0.07157974033349604,COMPLETE
532,7.527499999999997,2025-06-12 22:34:10.406256,2025-06-12 22:34:14.200203,0 days 00:00:03.793947,46,0.6548270816891574,0.09693935846158173,0.9811131285986322,0.06726232520524608,155,5320450,7.527499999999997,1.9716284513061784,0.3192499999999999,0.15426661174732534,150.0,4,6.949999999999997,"[0.20899999999999985, 0.48599999999999993]",5320450,"[2.0899999999999985, 4.859999999999999]",0.022596460978190104,3.3894691467285156,6.259999999999998,"[0.4129999999999999, 0.2129999999999999]",5321450,"[4.129999999999999, 2.129999999999999]",0.02324703852335612,3.487055778503418,6.009999999999997,"[0.13499999999999987, 0.4659999999999999]",5322450,"[1.3499999999999988, 4.659999999999999]",0.02399056593577067,3.5985848903656006,10.889999999999997,"[0.52, 0.5689999999999998]",5323450,"[5.2, 5.689999999999999]",0.023519226710001628,3.527884006500244,MinimaxSolutionConcept,3.192499999999999,1.5426661174732534,0.02333832303682963,0.0005041922040836969,3.5007484555244446,0.0756288306125545,COMPLETE
533,4.847499999999999,2025-06-12 22:34:14.215804,2025-06-12 22:34:16.169788,0 days 00:00:01.953984,30,0.9897256677018977,0.12936805243100657,0.9897263462943405,0.009133227332633043,114,5330454,4.847499999999999,2.5877825932639706,0.26399999999999996,0.10245730818248154,110.0,4,2.1999999999999993,"[0.16499999999999995, 0.05499999999999994]",5330454,"[1.6499999999999995, 0.5499999999999994]",0.01539047197862105,1.6929519176483154,2.629999999999999,"[0.188, 0.07499999999999996]",5331454,"[1.88, 0.7499999999999996]",0.0161234205419367,1.773576259613037,6.049999999999999,"[0.27699999999999997, 0.32799999999999996]",5332454,"[2.7699999999999996, 3.2799999999999994]",0.015720430287447844,1.7292473316192627,8.51,"[0.426, 0.425]",5333454,"[4.26, 4.25]",0.01509868014942516,1.6608548164367676,MinimaxSolutionConcept,2.6399999999999997,1.0245730818248155,0.01558325073935769,0.0003816326608307983,1.7141575813293457,0.041979592691387846,COMPLETE
534,8.322499999999998,2025-06-12 22:34:16.185312,2025-06-12 22:34:19.771458,0 days 00:00:03.586146,47,0.6259432440272522,0.05028829478418662,0.9847132030498849,0.00013168308862924875,143,5340456,8.322499999999998,2.6098407518467495,0.35824999999999985,0.18374081609702295,140.0,4,8.769999999999998,"[0.15299999999999986, 0.724]",5340456,"[1.5299999999999985, 7.24]",0.02413149050303868,3.378408670425415,12.32,"[0.591, 0.6409999999999998]",5341456,"[5.91, 6.409999999999998]",0.020123916012900218,2.8173482418060303,5.329999999999997,"[0.20599999999999988, 0.3269999999999999]",5342456,"[2.0599999999999987, 3.269999999999999]",0.021755283219473703,3.0457396507263184,6.869999999999997,"[0.4829999999999998, 0.20399999999999982]",5343456,"[4.829999999999998, 2.0399999999999983]",0.02384073223386492,3.337702512741089,MinimaxSolutionConcept,3.5824999999999987,1.8374081609702295,0.02246285549231938,0.0016320373405329862,3.144799768924713,0.22848522767461815,COMPLETE
535,7.6149999999999975,2025-06-12 22:34:19.788251,2025-06-12 22:34:23.572624,0 days 00:00:03.784373,48,0.8731297212382654,0.03161497901106404,0.9202464869928046,0.0001475113818196418,163,5350459,7.6149999999999975,1.0577925127358383,0.3784999999999999,0.13265085751701722,160.0,4,7.929999999999998,"[0.33299999999999985, 0.45999999999999985]",5350459,"[3.3299999999999983, 4.599999999999999]",0.019316893815994263,3.090703010559082,7.779999999999998,"[0.5319999999999999, 0.24599999999999986]",5351459,"[5.319999999999999, 2.4599999999999986]",0.022362318634986878,3.5779709815979004,8.829999999999997,"[0.46399999999999986, 0.41899999999999976]",5352459,"[4.639999999999999, 4.189999999999998]",0.02077122628688812,3.3233962059020996,5.919999999999998,"[0.1849999999999999, 0.40699999999999986]",5353459,"[1.8499999999999988, 4.0699999999999985]",0.02203547954559326,3.525676727294922,MinimaxSolutionConcept,3.7849999999999993,1.3265085751701724,0.02112147957086563,0.001199404502917291,3.379436731338501,0.19190472046676657,COMPLETE
536,7.107499999999998,2025-06-12 22:34:26.151961,2025-06-12 22:34:30.034001,0 days 00:00:03.882040,50,0.8490463957397856,0.08536282497086067,0.910577251051098,0.00010014378949026802,151,5360466,7.107499999999998,2.6625586847992673,0.3852499999999999,0.21103835551861186,150.0,4,9.809999999999999,"[0.575, 0.40599999999999986]",5360466,"[5.75, 4.059999999999999]",0.020918003718058267,3.1377005577087402,7.779999999999996,"[0.5069999999999999, 0.2709999999999999]",5361466,"[5.0699999999999985, 2.709999999999999]",0.024527082443237303,3.6790623664855957,8.149999999999999,"[0.42799999999999994, 0.3869999999999999]",5362466,"[4.279999999999999, 3.869999999999999]",0.022117288907368977,3.3175933361053467,2.689999999999997,"[0.030999999999999868, 0.23799999999999985]",5363466,"[0.30999999999999867, 2.3799999999999986]",0.02183236281077067,3.2748544216156006,MinimaxSolutionConcept,3.852499999999999,2.1103835551861185,0.022348684469858805,0.0013334538899016728,3.352302670478821,0.20001808348525094,COMPLETE
537,5.909999999999998,2025-06-12 22:34:30.049638,2025-06-12 22:34:34.242839,0 days 00:00:04.193201,42,0.6393560558431995,0.09259778252520545,0.9778835910873632,0.00011817766646678498,189,5370470,5.909999999999998,2.0365289096892294,0.2149999999999999,0.08704309277593485,180.0,4,5.679999999999998,"[0.2129999999999999, 0.3549999999999999]",5370470,"[2.129999999999999, 3.5499999999999994]",0.02097774479124281,3.775994062423706,8.329999999999998,"[0.22099999999999986, 0.612]",5371470,"[2.2099999999999986, 6.12]",0.022012941042582192,3.962329387664795,2.7799999999999976,"[0.08999999999999989, 0.1879999999999999]",5372470,"[0.8999999999999988, 1.879999999999999]",0.020668232440948488,3.7202818393707275,6.85,"[0.3359999999999999, 0.3489999999999999]",5373470,"[3.359999999999999, 3.4899999999999993]",0.020765064822302923,3.7377116680145264,MinimaxSolutionConcept,2.149999999999999,0.8704309277593485,0.021105995774269103,0.0005354597754199781,3.7990792393684387,0.09638275957559621,COMPLETE
538,8.019999999999998,2025-06-12 22:34:34.262110,2025-06-12 22:34:39.014762,0 days 00:00:04.752652,45,0.5835396779627784,0.06126109820460746,0.9150286395156548,0.00017858697731052849,177,5380474,8.019999999999998,2.313298510784979,0.4517499999999999,0.2205814758768288,170.0,4,5.329999999999997,"[0.3179999999999999, 0.21499999999999986]",5380474,"[3.179999999999999, 2.1499999999999986]",0.025283594692454617,4.298211097717285,9.479999999999997,"[0.5269999999999999, 0.4209999999999998]",5381474,"[5.27, 4.209999999999998]",0.0242251059588264,4.118268013000488,11.009999999999998,"[0.7719999999999999, 0.32899999999999985]",5382474,"[7.719999999999999, 3.2899999999999983]",0.024515310455771055,4.167602777481079,6.259999999999998,"[0.18999999999999986, 0.43599999999999994]",5383474,"[1.8999999999999986, 4.359999999999999]",0.02675946600296918,4.549109220504761,MinimaxSolutionConcept,4.517499999999999,2.2058147587682884,0.025195869277505313,0.0009820987983703792,4.283297777175903,0.16695679572296454,COMPLETE
