number,value,datetime_start,datetime_complete,duration,params_episode_length,params_epsilon_max,params_epsilon_min,params_gamma,params_learning_rate,params_num_episodes,user_attrs_base_seed,user_attrs_collective_reward_mean,user_attrs_collective_reward_std,user_attrs_individual_reward_agent0_mean,user_attrs_individual_reward_agent0_std,user_attrs_num_episodes_mean,user_attrs_num_parallel_runs,user_attrs_run_0_collective_reward,user_attrs_run_0_individual_rewards,user_attrs_run_0_seed,user_attrs_run_0_total_individual_rewards,user_attrs_run_0_training_time_per_episode,user_attrs_run_0_training_time_total,user_attrs_run_1_collective_reward,user_attrs_run_1_individual_rewards,user_attrs_run_1_seed,user_attrs_run_1_total_individual_rewards,user_attrs_run_1_training_time_per_episode,user_attrs_run_1_training_time_total,user_attrs_run_2_collective_reward,user_attrs_run_2_individual_rewards,user_attrs_run_2_seed,user_attrs_run_2_total_individual_rewards,user_attrs_run_2_training_time_per_episode,user_attrs_run_2_training_time_total,user_attrs_run_3_collective_reward,user_attrs_run_3_individual_rewards,user_attrs_run_3_seed,user_attrs_run_3_total_individual_rewards,user_attrs_run_3_training_time_per_episode,user_attrs_run_3_training_time_total,user_attrs_solution_concept,user_attrs_total_individual_reward_agent0_mean,user_attrs_total_individual_reward_agent0_std,user_attrs_training_time_per_episode_mean,user_attrs_training_time_per_episode_std,user_attrs_training_time_total_mean,user_attrs_training_time_total_std,state
82,6.395,2025-06-12 21:57:28.038963,2025-06-12 21:57:29.504392,0 days 00:00:01.465429,11,0.9473130903841533,0.03021818872105593,0.9629577934330855,0.03008458198830431,185,828248,6.395,1.7904259269793876,0.5780000000000001,0.18165214009199016,180.0,4,6.6,"[0.5450000000000002, 0.11499999999999999]",828248,"[5.450000000000001, 1.15]",0.007242757744259304,1.3036963939666748,7.839999999999999,"[0.8840000000000001, -0.09999999999999999]",829248,"[8.840000000000002, -0.9999999999999999]",0.006980617841084798,1.2565112113952637,3.4099999999999997,"[0.44099999999999995, -0.09999999999999999]",830248,"[4.409999999999999, -0.9999999999999999]",0.00712094439400567,1.2817699909210205,7.7299999999999995,"[0.442, 0.33099999999999996]",831248,"[4.42, 3.3099999999999996]",0.006985722647772895,1.257430076599121,WelfareSolutionConcept,5.780000000000001,1.816521400919902,0.0070825106567806665,0.00010828936441380968,1.27485191822052,0.019492085594485745,COMPLETE
83,4.7875,2025-06-12 21:57:29.519094,2025-06-12 21:57:31.188109,0 days 00:00:01.669015,11,0.954770972756322,0.01988516491218492,0.9518763177823523,0.06207073027156013,181,838249,4.7875,1.94700250385047,0.4175,0.2604520109348361,180.0,4,2.33,"[0.119, 0.11400000000000002]",838249,"[1.19, 1.1400000000000001]",0.00767190588845147,1.3809430599212646,3.429999999999999,"[0.22499999999999992, 0.11799999999999997]",839249,"[2.249999999999999, 1.1799999999999997]",0.007540889581044515,1.3573601245880127,6.739999999999999,"[0.774, -0.09999999999999999]",840249,"[7.74, -0.9999999999999999]",0.007390722963545058,1.3303301334381104,6.649999999999999,"[0.5519999999999999, 0.11299999999999999]",841249,"[5.52, 1.13]",0.007368303669823541,1.3262946605682373,WelfareSolutionConcept,4.175,2.6045201093483614,0.007492955525716146,0.00012279096865085742,1.3487319946289062,0.022102374357154373,COMPLETE
84,5.180000000000001,2025-06-12 21:57:31.206133,2025-06-12 21:57:32.942724,0 days 00:00:01.736591,12,0.9837651449152582,0.028848732753990414,0.9616642911962024,0.030119129518073724,187,848251,5.180000000000001,1.9976986759769348,0.46724999999999994,0.23831111493172105,180.0,4,7.72,"[0.7709999999999999, 0.001000000000000012]",848251,"[7.709999999999999, 0.01000000000000012]",0.007530131604936388,1.3554236888885498,5.36,"[0.43600000000000005, 0.10000000000000005]",849251,"[4.36, 1.0000000000000004]",0.008228516578674317,1.481132984161377,2.120000000000001,"[0.11100000000000007, 0.10100000000000006]",850251,"[1.1100000000000008, 1.0100000000000007]",0.00794545809427897,1.4301824569702148,5.5200000000000005,"[0.5509999999999999, 0.001000000000000012]",851251,"[5.51, 0.01000000000000012]",0.007494368818071154,1.3489863872528076,WelfareSolutionConcept,4.6725,2.3831111493172106,0.0077996187739902065,0.00030455841150687455,1.4039313793182373,0.05482051407123743,COMPLETE
85,2.7775,2025-06-12 21:57:32.959393,2025-06-12 21:57:34.158717,0 days 00:00:01.199324,10,0.9434012193935499,0.043495372317387884,0.9547873782983679,0.07719899805198953,137,858253,2.7775,2.3236111443182574,0.23375,0.16966050660068185,130.0,4,-0.71,"[0.019000000000000024, -0.08999999999999998]",858253,"[0.19000000000000022, -0.8999999999999998]",0.007742892778836764,1.0065760612487793,2.4899999999999998,"[0.12599999999999997, 0.12299999999999997]",859253,"[1.2599999999999998, 1.2299999999999998]",0.007613385640657865,0.9897401332855225,5.720000000000001,"[0.44700000000000006, 0.125]",860253,"[4.470000000000001, 1.25]",0.007817919437701885,1.0163295269012451,3.6100000000000003,"[0.34299999999999997, 0.018000000000000023]",861253,"[3.4299999999999997, 0.18000000000000022]",0.007686061125535232,0.9991879463195801,WelfareSolutionConcept,2.3375000000000004,1.6966050660068182,0.007715064745682936,7.505554190047381e-05,1.0029584169387817,0.00975722044706162,COMPLETE
86,5.5975,2025-06-12 21:57:34.585767,2025-06-12 21:57:35.796268,0 days 00:00:01.210501,15,0.9666643904726594,0.055204322774481764,0.9583245739354955,0.0323542016355048,104,868254,5.5975,2.2145696534541415,0.53225,0.1514057049783792,100.0,4,5.140000000000001,"[0.31499999999999995, 0.199]",868254,"[3.1499999999999995, 1.9900000000000002]",0.009861686229705811,0.986168622970581,4.010000000000001,"[0.541, -0.13999999999999996]",869254,"[5.41, -1.3999999999999995]",0.00978518009185791,0.978518009185791,3.9,"[0.5300000000000001, -0.13999999999999996]",870254,"[5.300000000000002, -1.3999999999999995]",0.010509915351867676,1.0509915351867676,9.339999999999998,"[0.743, 0.191]",871254,"[7.43, 1.9100000000000001]",0.010189335346221923,1.0189335346221924,WelfareSolutionConcept,5.3225,1.5140570497837922,0.01008652925491333,0.00028774580082212173,1.008652925491333,0.028774580082212186,COMPLETE
87,6.345,2025-06-12 21:57:35.811351,2025-06-12 21:57:38.487421,0 days 00:00:02.676070,14,0.929881435569215,0.04070938139066188,0.9502508522760569,0.05089272232594851,297,878255,6.345,1.105407164803992,0.652,0.07855889510424646,290.0,4,5.21,"[0.538, -0.01699999999999998]",878255,"[5.380000000000001, -0.16999999999999982]",0.008640061575790932,2.50561785697937,7.42,"[0.76, -0.01799999999999997]",879255,"[7.6, -0.17999999999999972]",0.008462974942963698,2.4542627334594727,7.48,"[0.653, 0.095]",880255,"[6.53, 0.95]",0.008276076974539921,2.400062322616577,5.2700000000000005,"[0.657, -0.12999999999999995]",881255,"[6.57, -1.2999999999999994]",0.00858292579650879,2.489048480987549,WelfareSolutionConcept,6.5200000000000005,0.7855889510424643,0.008490509822450835,0.00013932520863050392,2.462247848510742,0.04040431050284611,COMPLETE
88,3.3625000000000007,2025-06-12 21:57:38.502170,2025-06-12 21:57:40.773418,0 days 00:00:02.271248,17,0.9324784263426851,0.01061419057780183,0.968652471636395,0.04728116458825309,170,888258,3.3625000000000007,0.9695714259403481,0.4112499999999999,0.08346668497071151,170.0,4,2.5500000000000003,"[0.4149999999999999, -0.15999999999999998]",888258,"[4.1499999999999995, -1.5999999999999996]",0.01199946403503418,2.0399088859558105,4.83,"[0.5279999999999999, -0.04500000000000002]",889258,"[5.279999999999999, -0.4500000000000002]",0.011425223070032456,1.9422879219055176,3.64,"[0.41, -0.04600000000000002]",890258,"[4.1, -0.4600000000000002]",0.011902420661028694,2.023411512374878,2.4300000000000006,"[0.2919999999999999, -0.04900000000000002]",891258,"[2.919999999999999, -0.4900000000000002]",0.011908282953150133,2.0244081020355225,WelfareSolutionConcept,4.1125,0.8346668497071152,0.011808847679811366,0.00022480308744782902,2.007504105567932,0.03821652486613084,COMPLETE
89,5.3125,2025-06-12 21:57:40.787491,2025-06-12 21:57:43.235379,0 days 00:00:02.447888,13,0.8802209008426835,0.03987898740809939,0.9498212639454333,0.088440245047478,302,898260,5.3125,1.3660229683281317,0.32525,0.13615317660635023,300.0,4,6.39,"[0.5479999999999999, 0.09100000000000003]",898260,"[5.4799999999999995, 0.9100000000000003]",0.007432474295298259,2.2297422885894775,3.0900000000000003,"[0.21399999999999997, 0.09500000000000006]",899260,"[2.1399999999999997, 0.9500000000000006]",0.00762154499689738,2.286463499069214,6.48,"[0.324, 0.324]",900260,"[3.24, 3.24]",0.007623865604400635,2.2871596813201904,5.29,"[0.215, 0.31400000000000006]",901260,"[2.15, 3.1400000000000006]",0.0071613033612569175,2.148391008377075,WelfareSolutionConcept,3.2525,1.3615317660635022,0.007459797064463297,0.00018902771226236552,2.2379391193389893,0.056708313678709654,COMPLETE
90,5.0775,2025-06-12 21:57:43.252280,2025-06-12 21:57:45.332346,0 days 00:00:02.080066,11,0.9499344938671261,0.06457670301774987,0.9635437648868108,0.02455855285255652,291,908263,5.0775,1.1975678477647937,0.52625,0.15910904279769902,290.0,4,3.45,"[0.445, -0.09999999999999999]",908263,"[4.45, -0.9999999999999999]",0.006516441805609341,1.889768123626709,5.62,"[0.5559999999999999, 0.006000000000000015]",909263,"[5.56, 0.06000000000000015]",0.006306811036734745,1.8289752006530762,6.67,"[0.7670000000000001, -0.09999999999999999]",910263,"[7.670000000000002, -0.9999999999999999]",0.006605871792497306,1.9157028198242188,4.569999999999999,"[0.33699999999999997, 0.11999999999999995]",911263,"[3.3699999999999997, 1.1999999999999995]",0.0064858313264517945,1.8808910846710205,WelfareSolutionConcept,5.2625,1.5910904279769904,0.006478738990323297,0.00010862064044878392,1.878834307193756,0.03149998573014736,COMPLETE
91,6.385000000000001,2025-06-12 21:57:45.795066,2025-06-12 21:57:48.513038,0 days 00:00:02.717972,16,0.9127874446703305,0.030877197633143463,0.9602609056524284,0.041573102568008925,258,918265,6.385000000000001,2.0033160010342854,0.6465,0.11202789831109042,250.0,4,8.39,"[0.7610000000000001, 0.078]",918265,"[7.610000000000001, 0.78]",0.009559412956237794,2.3898532390594482,8.31,"[0.7559999999999999, 0.07499999999999998]",919265,"[7.559999999999999, 0.7499999999999998]",0.010154805183410644,2.538701295852661,4.97,"[0.5319999999999999, -0.034999999999999996]",920265,"[5.319999999999999, -0.35]",0.009272709846496582,2.3181774616241455,3.87,"[0.5369999999999998, -0.14999999999999997]",921265,"[5.369999999999998, -1.4999999999999996]",0.009342595100402832,2.335648775100708,WelfareSolutionConcept,6.464999999999999,1.1202789831109041,0.009582380771636962,0.00034698360110571396,2.3955951929092407,0.08674590027642858,COMPLETE
92,6.2575,2025-06-12 21:57:48.529207,2025-06-12 21:57:51.646330,0 days 00:00:03.117123,17,0.9001527173795785,0.02046761938084091,0.9603071440237878,0.03949051840559509,316,928268,6.2575,2.3425346849086353,0.6134999999999999,0.1463634175605367,310.0,4,5.94,"[0.7540000000000001, -0.15999999999999998]",928268,"[7.540000000000001, -1.5999999999999996]",0.009530576582877866,2.9544787406921387,8.23,"[0.754, 0.06899999999999998]",929268,"[7.54, 0.6899999999999997]",0.009150058992447392,2.8365182876586914,8.309999999999999,"[0.5309999999999999, 0.29999999999999993]",930268,"[5.309999999999999, 2.999999999999999]",0.008880578317949849,2.752979278564453,2.55,"[0.4149999999999999, -0.15999999999999998]",931268,"[4.1499999999999995, -1.5999999999999996]",0.009521863537449991,2.951777696609497,WelfareSolutionConcept,6.135,1.4636341756053668,0.009270769357681275,0.00027265734958903333,2.873938500881195,0.08452377837260036,COMPLETE
93,4.169999999999999,2025-06-12 21:57:51.660990,2025-06-12 21:57:55.136417,0 days 00:00:03.475427,17,0.8982485988809698,0.018263362252990134,0.9604547000458442,0.05569856223075861,316,938271,4.169999999999999,1.7318775938269997,0.4684999999999999,0.1317298371668317,310.0,4,5.829999999999999,"[0.5289999999999999, 0.05399999999999999]",938271,"[5.289999999999999, 0.5399999999999999]",0.009763025468395602,3.0265378952026367,5.969999999999999,"[0.643, -0.046000000000000006]",939271,"[6.43, -0.4600000000000001]",0.009797580780521516,3.03725004196167,2.35,"[0.28900000000000003, -0.054000000000000006]",940271,"[2.8900000000000006, -0.54]",0.009650644179313413,2.991699695587158,2.5300000000000002,"[0.4129999999999999, -0.15999999999999998]",941271,"[4.129999999999999, -1.5999999999999996]",0.010083145480002127,3.125775098800659,WelfareSolutionConcept,4.685,1.3172983716683169,0.009823598977058163,0.00015939247610543075,3.045315682888031,0.04941166759268344,COMPLETE
94,5.790000000000001,2025-06-12 21:57:55.161257,2025-06-12 21:57:57.611553,0 days 00:00:02.450296,16,0.9133246406719829,0.03242857403016512,0.9652340119982635,0.03972000614277262,215,948275,5.790000000000001,1.2413299319681292,0.53125,0.16017705047852515,210.0,4,6.040000000000001,"[0.528, 0.07599999999999998]",948275,"[5.28, 0.7599999999999998]",0.010368859200250534,2.1774604320526123,7.220000000000001,"[0.30700000000000005, 0.41500000000000004]",949275,"[3.0700000000000003, 4.15]",0.010129860469273158,2.1272706985473633,3.8,"[0.5299999999999999, -0.14999999999999997]",950275,"[5.299999999999999, -1.4999999999999996]",0.010845504488263812,2.2775559425354004,6.1,"[0.76, -0.14999999999999997]",951275,"[7.6, -1.4999999999999996]",0.01033038752419608,2.1693813800811768,WelfareSolutionConcept,5.3125,1.6017705047852515,0.010418652920495895,0.00026261832359386226,2.187917113304138,0.05514984795471099,COMPLETE
95,6.362500000000001,2025-06-12 21:57:57.626408,2025-06-12 21:58:01.665169,0 days 00:00:04.038761,18,0.9247397891994992,0.023064311066509573,0.9570022335221042,0.06677697492571458,325,958277,6.362500000000001,1.2953643309895486,0.49000000000000005,0.17301878510728255,320.0,4,4.71,"[0.409, 0.06199999999999998]",958277,"[4.09, 0.6199999999999998]",0.012084857374429703,3.867154359817505,8.09,"[0.7490000000000001, 0.059999999999999984]",959277,"[7.490000000000001, 0.5999999999999999]",0.012056859582662583,3.8581950664520264,5.619999999999999,"[0.278, 0.28400000000000003]",960277,"[2.7800000000000002, 2.8400000000000003]",0.01190437600016594,3.8094003200531006,7.030000000000001,"[0.524, 0.179]",961277,"[5.24, 1.79]",0.01137833222746849,3.641066312789917,WelfareSolutionConcept,4.9,1.7301878510728252,0.011856106296181678,0.00028426526471326077,3.793954014778137,0.0909648847082433,COMPLETE
96,7.1,2025-06-12 21:58:02.138272,2025-06-12 21:58:04.960245,0 days 00:00:02.821973,12,0.9281819847405749,0.046769689040238205,0.9502669304740474,0.06572145581176674,346,968282,7.1,1.6512873765641152,0.54825,0.19359283948534875,340.0,4,8.77,"[0.6620000000000001, 0.21500000000000008]",968282,"[6.620000000000001, 2.150000000000001]",0.006933501888723935,2.3573906421661377,5.54,"[0.6639999999999999, -0.10999999999999999]",969282,"[6.639999999999999, -1.0999999999999999]",0.007289369667277616,2.4783856868743896,8.729999999999999,"[0.654, 0.21900000000000008]",970282,"[6.54, 2.190000000000001]",0.0071716974763309255,2.4383771419525146,5.36,"[0.21300000000000002, 0.32300000000000006]",971282,"[2.1300000000000003, 3.2300000000000004]",0.0077142778564901916,2.622854471206665,WelfareSolutionConcept,5.4825,1.9359283948534871,0.007277211722205667,0.00028303901103970904,2.4742519855499268,0.09623326375350107,COMPLETE
97,3.5300000000000002,2025-06-12 21:58:04.975731,2025-06-12 21:58:07.928807,0 days 00:00:02.953076,12,0.9502935160358381,0.05672043806189444,0.9534286510604455,0.06715292110461356,360,978285,3.5300000000000002,1.9829523443592887,0.4075000000000001,0.1184936707170472,360.0,4,3.14,"[0.42400000000000004, -0.10999999999999999]",978285,"[4.24, -1.0999999999999999]",0.007649331622653537,2.7537593841552734,3.22,"[0.43200000000000005, -0.10999999999999999]",979285,"[4.32, -1.0999999999999999]",0.007578090164396498,2.7281124591827393,1.1200000000000003,"[0.22200000000000006, -0.10999999999999999]",980285,"[2.2200000000000006, -1.0999999999999999]",0.0075922482543521455,2.7332093715667725,6.64,"[0.5520000000000002, 0.11200000000000002]",981285,"[5.520000000000001, 1.12]",0.007738795545366075,2.785966396331787,WelfareSolutionConcept,4.075000000000001,1.1849367071704717,0.007639616396692064,6.31666591573568e-05,2.750261902809143,0.02273999729664851,COMPLETE
98,5.7250000000000005,2025-06-12 21:58:07.944194,2025-06-12 21:58:10.415232,0 days 00:00:02.471038,10,0.9897351837552018,0.049519061415311566,0.9468072336694027,0.08253650761791428,347,988287,5.7250000000000005,2.0098445213498497,0.5810000000000001,0.08897752525216693,340.0,4,8.940000000000003,"[0.658, 0.23600000000000013]",988287,"[6.58, 2.360000000000001]",0.006061344988205854,2.0608572959899902,5.739999999999999,"[0.664, -0.08999999999999998]",989287,"[6.640000000000001, -0.8999999999999998]",0.006776318129371194,2.303948163986206,4.659999999999999,"[0.556, -0.08999999999999998]",990287,"[5.5600000000000005, -0.8999999999999998]",0.006421988150652717,2.183475971221924,3.56,"[0.446, -0.08999999999999998]",991287,"[4.46, -0.8999999999999998]",0.006586133031284108,2.2392852306365967,WelfareSolutionConcept,5.8100000000000005,0.8897752525216692,0.006461446074878468,0.0002628350505255075,2.196891665458679,0.08936391717867255,COMPLETE
99,3.5324999999999998,2025-06-12 21:58:10.430429,2025-06-12 21:58:13.874408,0 days 00:00:03.443979,18,0.9213679218877642,0.030256179350553393,0.9570354319989058,0.06704291809917681,325,998290,3.5324999999999998,2.8190634526381277,0.40800000000000003,0.24430820698453834,320.0,4,5.87,"[0.64, -0.053000000000000005]",998290,"[6.4, -0.53]",0.009330985695123672,2.985915422439575,-1.0700000000000003,"[0.06299999999999997, -0.16999999999999998]",999290,"[0.6299999999999997, -1.6999999999999997]",0.009632472693920136,3.0823912620544434,5.8,"[0.6370000000000001, -0.05700000000000001]",1000290,"[6.370000000000001, -0.5700000000000001]",0.009115481376647949,2.9169540405273438,3.53,"[0.292, 0.06099999999999998]",1001290,"[2.92, 0.6099999999999998]",0.010238164663314819,3.276212692260742,WelfareSolutionConcept,4.08,2.4430820698453832,0.009579276107251644,0.00042240906921923045,3.065368354320526,0.13517090215015373,COMPLETE
100,4.3775,2025-06-12 21:58:13.889987,2025-06-12 21:58:15.873222,0 days 00:00:01.983235,12,0.8939199186366092,0.021727384057182143,0.9628303467487505,0.01933533077472481,191,1008293,4.3775,0.7816768833731752,0.385,0.12546911970680272,190.0,4,4.400000000000001,"[0.44299999999999995, -0.0029999999999999914]",1008293,"[4.43, -0.029999999999999916]",0.008250550219887182,1.5676045417785645,4.4,"[0.332, 0.10800000000000001]",1009293,"[3.3200000000000003, 1.08]",0.00849160771620901,1.613405466079712,3.25,"[0.21400000000000005, 0.11100000000000003]",1010293,"[2.1400000000000006, 1.1100000000000003]",0.008705129121479235,1.6539745330810547,5.460000000000001,"[0.5509999999999999, -0.004999999999999993]",1011293,"[5.51, -0.04999999999999993]",0.008539775798195287,1.6225574016571045,WelfareSolutionConcept,3.85,1.2546911970680272,0.00849676571394268,0.00016272204168556463,1.6143854856491089,0.030917187920257314,COMPLETE
101,4.467499999999999,2025-06-12 21:58:16.416071,2025-06-12 21:58:19.667200,0 days 00:00:03.251129,15,0.9344425395298177,0.03766024597851197,0.941978390965341,0.05117908209381092,339,1018296,4.467499999999999,2.0379570039625463,0.4485,0.1468238740804778,330.0,4,3.7200000000000006,"[0.301, 0.07100000000000001]",1018296,"[3.01, 0.7100000000000001]",0.009326491211399888,3.077742099761963,7.31,"[0.643, 0.088]",1019296,"[6.43, 0.8799999999999999]",0.0089993903131196,2.9697988033294678,5.119999999999999,"[0.538, -0.02599999999999999]",1020296,"[5.380000000000001, -0.2599999999999999]",0.00904040914593321,2.983335018157959,1.7200000000000004,"[0.31199999999999994, -0.13999999999999996]",1021296,"[3.119999999999999, -1.3999999999999995]",0.009122575413097035,3.0104498863220215,WelfareSolutionConcept,4.484999999999999,1.4682387408047783,0.009122216520887433,0.0001260029780393161,3.010331451892853,0.04158098275297423,COMPLETE
102,5.2875000000000005,2025-06-12 21:58:19.682250,2025-06-12 21:58:22.210303,0 days 00:00:02.528053,13,0.9454311585684294,0.0153198397251729,0.9505561626959825,0.059641161636401284,297,1028299,5.2875000000000005,2.3518118015691636,0.42925,0.24900941247270156,290.0,4,5.3100000000000005,"[0.316, 0.21499999999999994]",1028299,"[3.16, 2.1499999999999995]",0.00756592503909407,2.1941182613372803,2.0000000000000013,"[0.09800000000000003, 0.10200000000000006]",1029299,"[0.9800000000000003, 1.0200000000000007]",0.007692336213999781,2.2307775020599365,8.649999999999999,"[0.7670000000000001, 0.09800000000000006]",1030299,"[7.670000000000002, 0.9800000000000006]",0.0074715392342929185,2.1667463779449463,5.19,"[0.536, -0.016999999999999977]",1031299,"[5.36, -0.16999999999999976]",0.00781132434976512,2.2652840614318848,WelfareSolutionConcept,4.2925,2.490094124727016,0.007635281209287972,0.00012832397826494435,2.214231550693512,0.03721395369683388,COMPLETE
