number,value,datetime_start,datetime_complete,duration,params_episode_length,params_epsilon_max,params_epsilon_min,params_gamma,params_learning_rate,params_num_episodes,user_attrs_base_seed,user_attrs_collective_reward_mean,user_attrs_collective_reward_std,user_attrs_individual_reward_agent0_mean,user_attrs_individual_reward_agent0_std,user_attrs_num_episodes_mean,user_attrs_num_parallel_runs,user_attrs_run_0_collective_reward,user_attrs_run_0_individual_rewards,user_attrs_run_0_seed,user_attrs_run_0_total_individual_rewards,user_attrs_run_0_training_time_per_episode,user_attrs_run_0_training_time_total,user_attrs_run_1_collective_reward,user_attrs_run_1_individual_rewards,user_attrs_run_1_seed,user_attrs_run_1_total_individual_rewards,user_attrs_run_1_training_time_per_episode,user_attrs_run_1_training_time_total,user_attrs_run_2_collective_reward,user_attrs_run_2_individual_rewards,user_attrs_run_2_seed,user_attrs_run_2_total_individual_rewards,user_attrs_run_2_training_time_per_episode,user_attrs_run_2_training_time_total,user_attrs_run_3_collective_reward,user_attrs_run_3_individual_rewards,user_attrs_run_3_seed,user_attrs_run_3_total_individual_rewards,user_attrs_run_3_training_time_per_episode,user_attrs_run_3_training_time_total,user_attrs_solution_concept,user_attrs_total_individual_reward_agent0_mean,user_attrs_total_individual_reward_agent0_std,user_attrs_training_time_per_episode_mean,user_attrs_training_time_per_episode_std,user_attrs_training_time_total_mean,user_attrs_training_time_total_std,state
277,5.3375,2025-06-12 22:08:29.463012,2025-06-12 22:08:31.887643,0 days 00:00:02.424631,13,0.7595017915069137,0.08523758445872355,0.9920196739292425,0.054359657861037955,188,2778909,5.3375,1.3519499805836013,0.433,0.07673004626611404,180.0,4,3.1100000000000003,"[0.43099999999999994, -0.11999999999999997]",2778909,"[4.31, -1.1999999999999997]",0.012240719795227051,2.203329563140869,6.390000000000001,"[0.542, 0.097]",2779909,"[5.42, 0.97]",0.012554762098524306,2.259857177734375,5.4,"[0.325, 0.21500000000000002]",2780909,"[3.25, 2.1500000000000004]",0.009029901027679444,1.6253821849822998,6.449999999999999,"[0.434, 0.211]",2781909,"[4.34, 2.11]",0.008982581562466091,1.6168646812438965,WelfareSolutionConcept,4.33,0.7673004626611403,0.010701991120974223,0.0016994632048240577,1.92635840177536,0.30590337686833036,COMPLETE
278,4.512499999999999,2025-06-12 22:08:31.902094,2025-06-12 22:08:36.402848,0 days 00:00:04.500754,11,0.5729646384918161,0.011120402249662466,0.9947336520770454,0.09990298150805407,407,2788911,4.512499999999999,2.0515040214437796,0.41700000000000004,0.2601893541250296,400.0,4,3.4299999999999993,"[0.225, 0.11799999999999995]",2788911,"[2.25, 1.1799999999999995]",0.010715051293373109,4.286020517349243,2.279999999999999,"[0.11699999999999995, 0.11099999999999992]",2789911,"[1.1699999999999995, 1.1099999999999992]",0.008228853940963746,3.291541576385498,7.779999999999999,"[0.7700000000000001, 0.008000000000000005]",2790911,"[7.700000000000001, 0.08000000000000006]",0.0072867852449417115,2.9147140979766846,4.56,"[0.556, -0.09999999999999999]",2791911,"[5.5600000000000005, -0.9999999999999999]",0.010834514498710632,4.333805799484253,WelfareSolutionConcept,4.17,2.6018935412502953,0.009266301244497299,0.0015453923462112808,3.7065204977989197,0.6181569384845124,COMPLETE
279,3.2749999999999995,2025-06-12 22:08:36.417714,2025-06-12 22:08:42.763521,0 days 00:00:06.345807,22,0.6948110239352837,0.05663834518746327,0.9837706654832516,0.08174431597958375,371,2798916,3.2749999999999995,2.7144474575869033,0.29900000000000004,0.25775666819696447,370.0,4,7.74,"[0.6220000000000001, 0.152]",2798916,"[6.220000000000001, 1.52]",0.010540606524493243,3.9000244140625,0.629999999999999,"[0.273, -0.21000000000000002]",2799916,"[2.7300000000000004, -2.1]",0.016708731006931613,6.182230472564697,3.0299999999999994,"[0.392, -0.08900000000000005]",2800916,"[3.92, -0.8900000000000006]",0.01207180860880259,4.466569185256958,1.699999999999999,"[-0.09100000000000005, 0.261]",2801916,"[-0.9100000000000006, 2.6100000000000003]",0.016275280875128667,6.021853923797607,WelfareSolutionConcept,2.99,2.5775666819696443,0.013899106753839027,0.0026532401983057406,5.142669498920441,0.9816988733731244,COMPLETE
280,5.442500000000001,2025-06-12 22:08:42.778052,2025-06-12 22:08:46.245199,0 days 00:00:03.467147,10,0.6053003141142566,0.09716270000347248,0.9326889886985118,0.038607732557332713,377,2808922,5.442500000000001,1.7847881526948794,0.5275000000000001,0.24779477395619148,370.0,4,5.750000000000001,"[0.556, 0.019000000000000017]",2808922,"[5.5600000000000005, 0.19000000000000017]",0.006727335259721086,2.4891140460968018,2.4400000000000004,"[0.11899999999999995, 0.125]",2809922,"[1.1899999999999995, 1.25]",0.006938938192419104,2.5674071311950684,6.810000000000001,"[0.7710000000000001, -0.08999999999999998]",2810922,"[7.710000000000001, -0.8999999999999998]",0.006627724621746991,2.4522581100463867,6.77,"[0.664, 0.013000000000000012]",2811922,"[6.640000000000001, 0.13000000000000012]",0.00890298791833826,3.2941055297851562,WelfareSolutionConcept,5.275,2.4779477395619147,0.007299246498056361,0.0009327154862463741,2.7007212042808533,0.34510472991115837,COMPLETE
281,3.2550000000000003,2025-06-12 22:08:47.628175,2025-06-12 22:08:50.620862,0 days 00:00:02.992687,14,0.5962498699034705,0.10149731957624855,0.9813912337311976,0.06966919863896265,219,2818927,3.2550000000000003,3.079728072411589,0.37275,0.23145234390690456,210.0,4,1.9000000000000004,"[0.32, -0.12999999999999995]",2818927,"[3.2, -1.2999999999999994]",0.00924960658663795,1.9424173831939697,1.84,"[0.201, -0.01699999999999998]",2819927,"[2.0100000000000002, -0.16999999999999982]",0.009369308607918875,1.9675548076629639,8.530000000000001,"[0.7650000000000001, 0.08800000000000002]",2820927,"[7.650000000000001, 0.8800000000000002]",0.012726524897984096,2.67257022857666,0.7500000000000002,"[0.20500000000000007, -0.12999999999999995]",2821927,"[2.0500000000000007, -1.2999999999999994]",0.013429921013968331,2.8202834129333496,WelfareSolutionConcept,3.727500000000001,2.3145234390690455,0.011193840276627313,0.0019011930243836887,2.350706458091736,0.39925053512057457,COMPLETE
282,7.222500000000001,2025-06-12 22:08:50.636089,2025-06-12 22:08:54.704595,0 days 00:00:04.068506,11,0.5882584338768911,0.08229739896287014,0.9854210398142436,0.06179147565125986,389,2828930,7.222500000000001,3.2098471536819324,0.58025,0.23749776314736107,380.0,4,2.3399999999999994,"[0.22399999999999992, 0.01000000000000002]",2828930,"[2.2399999999999993, 0.1000000000000002]",0.010260426370721115,3.8989620208740234,8.930000000000001,"[0.883, 0.010000000000000007]",2829930,"[8.83, 0.10000000000000007]",0.007498579903652793,2.8494603633880615,6.640000000000001,"[0.6600000000000001, 0.004000000000000002]",2830930,"[6.600000000000001, 0.04000000000000002]",0.007404008037165592,2.813523054122925,10.98,"[0.554, 0.544]",2831930,"[5.540000000000001, 5.44]",0.009808854680312307,3.7273647785186768,WelfareSolutionConcept,5.8025,2.374977631473611,0.008742967247962951,0.0013019322023957944,3.3223275542259216,0.49473423691040175,COMPLETE
283,6.9624999999999995,2025-06-12 22:08:54.724821,2025-06-12 22:08:59.088545,0 days 00:00:04.363724,11,0.584355436174508,0.07927248945185102,0.9852116120310943,0.05697313996105652,394,2838934,6.9624999999999995,0.4216856056352887,0.634,0.046308746474073334,390.0,4,7.69,"[0.659, 0.10999999999999996]",2838934,"[6.59, 1.0999999999999996]",0.008299050575647598,3.2366297245025635,6.739999999999999,"[0.554, 0.11999999999999997]",2839934,"[5.540000000000001, 1.1999999999999997]",0.008248121310503054,3.2167673110961914,6.76,"[0.666, 0.01000000000000002]",2840934,"[6.66, 0.1000000000000002]",0.010364345403817983,4.042094707489014,6.66,"[0.657, 0.009000000000000006]",2841934,"[6.57, 0.09000000000000007]",0.010673233178945689,4.162560939788818,WelfareSolutionConcept,6.34,0.46308746474073303,0.009396187617228581,0.0011280448571624397,3.6645131707191467,0.4399374942933514,COMPLETE
284,5.46,2025-06-12 22:08:59.104406,2025-06-12 22:09:03.785205,0 days 00:00:04.680799,12,0.5886518424576932,0.08211242759997057,0.9800548842069198,0.047692170111664885,400,2848939,5.46,0.0406201920231796,0.492,0.091874914965947,400.0,4,5.49,"[0.3330000000000001, 0.21600000000000003]",2848939,"[3.330000000000001, 2.16]",0.00845613181591034,3.3824527263641357,5.4799999999999995,"[0.5469999999999999, 0.001000000000000012]",2849939,"[5.469999999999999, 0.01000000000000012]",0.01125117540359497,4.500470161437988,5.48,"[0.549, -0.0009999999999999898]",2850939,"[5.49, -0.009999999999999898]",0.008795421719551087,3.5181686878204346,5.390000000000001,"[0.5389999999999999, 1.1102230246251566e-17]",2851939,"[5.389999999999999, 1.1102230246251565e-16]",0.0112446129322052,4.49784517288208,WelfareSolutionConcept,4.92,0.9187491496594697,0.009936835467815399,0.001316537125629451,3.9747341871261597,0.5266148502517807,COMPLETE
285,6.43,2025-06-12 22:09:03.799783,2025-06-12 22:09:07.852853,0 days 00:00:04.053070,11,0.9663887623641798,0.08565211794704802,0.9682622241392741,0.0621967907489398,437,2858943,6.43,1.4303321292622917,0.55375,0.20352318663975372,430.0,4,7.8,"[0.8800000000000001, -0.09999999999999999]",2858943,"[8.8, -0.9999999999999999]",0.009043638096299282,3.8887643814086914,7.83,"[0.44699999999999995, 0.33599999999999997]",2859943,"[4.47, 3.3599999999999994]",0.008277350248292435,3.559260606765747,5.549999999999999,"[0.5529999999999999, 0.00200000000000001]",2860943,"[5.529999999999999, 0.0200000000000001]",0.006534988935603652,2.8100452423095703,4.539999999999999,"[0.3349999999999999, 0.11899999999999993]",2861943,"[3.349999999999999, 1.1899999999999993]",0.006654585793960926,2.8614718914031982,WelfareSolutionConcept,5.537499999999999,2.0352318663975373,0.007627640768539074,0.001068631701274327,3.2798855304718018,0.4595116315479607,COMPLETE
286,4.6899999999999995,2025-06-12 22:09:09.285238,2025-06-12 22:09:13.106406,0 days 00:00:03.821168,10,0.7259723920482033,0.09124136537396461,0.9340234733604794,0.0426543670317116,423,2868949,4.6899999999999995,1.3269325529204568,0.3702500000000001,0.047219566918810296,420.0,4,6.8500000000000005,"[0.3430000000000001, 0.34199999999999997]",2868949,"[3.4300000000000006, 3.42]",0.006144614446730841,2.580738067626953,4.71,"[0.34500000000000003, 0.126]",2869949,"[3.45, 1.26]",0.0061418397086007255,2.5795726776123047,3.62,"[0.4520000000000001, -0.08999999999999998]",2870949,"[4.520000000000001, -0.8999999999999998]",0.008699871244884673,3.6539459228515625,3.58,"[0.34099999999999997, 0.017000000000000022]",2871949,"[3.4099999999999997, 0.1700000000000002]",0.008712281499590193,3.659158229827881,WelfareSolutionConcept,3.7025000000000006,0.47219566918810313,0.007424651724951608,0.0012814325346543975,3.1183537244796753,0.538201664554847,COMPLETE
287,4.357500000000001,2025-06-12 22:09:13.120883,2025-06-12 22:09:15.956676,0 days 00:00:02.835793,12,0.5627949687213177,0.08059397805457312,0.9827407533773873,0.052444986753675385,231,2878953,4.357500000000001,1.5523268824574292,0.3277500000000001,0.07604727148294013,230.0,4,6.530000000000001,"[0.43600000000000005, 0.21700000000000003]",2878953,"[4.36, 2.1700000000000004]",0.011066228410472041,2.5452325344085693,4.360000000000001,"[0.33000000000000007, 0.10600000000000005]",2879953,"[3.3000000000000007, 1.0600000000000005]",0.007774291867795198,1.7880871295928955,4.4,"[0.22100000000000009, 0.21900000000000003]",2880953,"[2.210000000000001, 2.1900000000000004]",0.011632543024809464,2.6754848957061768,2.14,"[0.32400000000000007, -0.10999999999999999]",2881953,"[3.2400000000000007, -1.0999999999999999]",0.008787736685379691,2.021179437637329,WelfareSolutionConcept,3.2775000000000003,0.7604727148294012,0.0098151999971141,0.0015881431469346567,2.2574959993362427,0.365272923794971,COMPLETE
288,5.9625,2025-06-12 22:09:15.971945,2025-06-12 22:09:19.074277,0 days 00:00:03.102332,10,0.9767251000093128,0.08727302382920601,0.9397118787719091,0.034770056061560986,340,2888956,5.9625,1.6375343507847404,0.47325,0.24633348838515642,340.0,4,6.860000000000001,"[0.23700000000000004, 0.449]",2888956,"[2.3700000000000006, 4.49]",0.005542521616991828,1.8844573497772217,3.52,"[0.442, -0.08999999999999998]",2889956,"[4.42, -0.8999999999999998]",0.00858697400373571,2.9195711612701416,5.5600000000000005,"[0.333, 0.223]",2890956,"[3.33, 2.23]",0.00626455264932969,2.1299479007720947,7.910000000000001,"[0.881, -0.08999999999999998]",2891956,"[8.81, -0.8999999999999998]",0.008383220083573286,2.850294828414917,WelfareSolutionConcept,4.7325,2.4633348838515645,0.007194317088407629,0.0013177512860256158,2.4460678100585938,0.44803543724870937,COMPLETE
289,4.199999999999999,2025-06-12 22:09:19.089364,2025-06-12 22:09:21.399843,0 days 00:00:02.310479,11,0.578388872204396,0.09417610078134513,0.9299803718907157,0.06391104537382453,198,2898959,4.199999999999999,2.0388844989356305,0.46699999999999997,0.21832430006758294,190.0,4,6.559999999999999,"[0.651, 0.005000000000000014]",2898959,"[6.51, 0.05000000000000014]",0.00798025507675974,1.5162484645843506,1.2700000000000005,"[0.12000000000000002, 0.007000000000000016]",2899959,"[1.2000000000000002, 0.07000000000000016]",0.01129265584443745,2.1456046104431152,3.4099999999999993,"[0.441, -0.09999999999999999]",2900959,"[4.41, -0.9999999999999999]",0.008213041958055998,1.5604779720306396,5.559999999999999,"[0.6559999999999999, -0.09999999999999999]",2901959,"[6.559999999999999, -0.9999999999999999]",0.011147228040193257,2.1179733276367188,WelfareSolutionConcept,4.67,2.183243000675829,0.00965829522986161,0.0015646590129518466,1.835076093673706,0.29728521246085077,COMPLETE
290,-0.25000000000000355,2025-06-12 22:09:21.415167,2025-06-12 22:09:32.763862,0 days 00:00:11.348695,50,0.9796830611612662,0.05252569013057717,0.9771273476616626,0.04706728835521437,367,2908961,-0.25000000000000355,3.1661569765253272,0.3937499999999999,0.2746328230565313,360.0,4,-5.350000000000004,"[-0.04500000000000019, -0.4900000000000003]",2908961,"[-0.45000000000000195, -4.900000000000003]",0.03106896413697137,11.184827089309692,0.45999999999999636,"[0.38799999999999985, -0.34200000000000025]",2909961,"[3.8799999999999986, -3.4200000000000026]",0.021580857038497925,7.769108533859253,0.5399999999999966,"[0.5439999999999999, -0.4900000000000003]",2910961,"[5.4399999999999995, -4.900000000000003]",0.02186145053969489,7.870122194290161,3.349999999999997,"[0.688, -0.3530000000000002]",2911961,"[6.879999999999999, -3.530000000000002]",0.030267463790045843,10.896286964416504,WelfareSolutionConcept,3.9374999999999987,2.746328230565313,0.026194683876302506,0.004483593801964857,9.430086195468903,1.614093768707348,COMPLETE
291,5.175000000000001,2025-06-12 22:09:34.146350,2025-06-12 22:09:36.458528,0 days 00:00:02.312178,12,0.5937168744575934,0.08306691295982255,0.9966091302053706,0.00029271348055638115,180,2918974,5.175000000000001,1.602381040826432,0.51825,0.22182918541075689,180.0,4,5.53,"[0.5539999999999999, -0.0009999999999999898]",2918974,"[5.539999999999999, -0.009999999999999898]",0.008247836430867513,1.4846105575561523,7.57,"[0.8669999999999998, -0.10999999999999999]",2919974,"[8.669999999999998, -1.0999999999999999]",0.011928921275668674,2.1472058296203613,3.24,"[0.32400000000000007, 1.1102230246251566e-17]",2920974,"[3.2400000000000007, 1.1102230246251565e-16]",0.00858411259121365,1.545140266418457,4.360000000000001,"[0.328, 0.1080000000000001]",2921974,"[3.2800000000000002, 1.080000000000001]",0.008481776714324952,1.5267198085784912,WelfareSolutionConcept,5.1825,2.218291854107569,0.009310661753018697,0.0015165589903827512,1.6759191155433655,0.27298061826889525,COMPLETE
292,4.2125,2025-06-12 22:09:36.473226,2025-06-12 22:09:38.907735,0 days 00:00:02.434509,13,0.963498698023283,0.07867100798376271,0.9360186018005296,0.04221349482684666,192,2928976,4.2125,1.112797712973926,0.46,0.16161219013428413,190.0,4,5.290000000000001,"[0.649, -0.11999999999999997]",2928976,"[6.49, -1.1999999999999997]",0.011958952953940944,2.2722010612487793,5.36,"[0.546, -0.009999999999999985]",2929976,"[5.460000000000001, -0.09999999999999984]",0.009667938633968956,1.8369083404541016,3.1100000000000003,"[0.43100000000000005, -0.11999999999999997]",2930976,"[4.3100000000000005, -1.1999999999999997]",0.009450256197076094,1.795548677444458,3.0900000000000007,"[0.21400000000000002, 0.09500000000000006]",2931976,"[2.14, 0.9500000000000006]",0.011915904597232217,2.264021873474121,WelfareSolutionConcept,4.6000000000000005,1.6161219013428414,0.010748263095554551,0.001191750756286482,2.042169988155365,0.22643264369443153,COMPLETE
293,6.4,2025-06-12 22:09:38.922008,2025-06-12 22:09:41.614599,0 days 00:00:02.692591,11,0.6051969789695248,0.06327335849809372,0.9697867864461811,0.07098623811885023,247,2938978,6.4,2.8796093485054537,0.63275,0.2073672768302656,240.0,4,4.54,"[0.554, -0.09999999999999999]",2938978,"[5.540000000000001, -0.9999999999999999]",0.007536044716835022,1.8086507320404053,10.97,"[0.877, 0.21999999999999992]",2939978,"[8.77, 2.1999999999999993]",0.007344983021418254,1.7627959251403809,3.4399999999999995,"[0.33499999999999996, 0.009000000000000018]",2940978,"[3.3499999999999996, 0.09000000000000019]",0.008832907676696778,2.1198978424072266,6.6499999999999995,"[0.765, -0.09999999999999999]",2941978,"[7.65, -0.9999999999999999]",0.010517588257789612,2.524221181869507,WelfareSolutionConcept,6.327500000000001,2.073672768302656,0.008557880918184916,0.0012680066152398644,2.05389142036438,0.30432158765756745,COMPLETE
294,7.857500000000002,2025-06-12 22:09:41.629072,2025-06-12 22:09:44.838619,0 days 00:00:03.209547,10,0.9502820928802849,0.10349513598107975,0.9721049435005814,0.05068919146564943,362,2948981,7.857500000000002,1.037939665876586,0.6094999999999999,0.05361669516111562,360.0,4,6.780000000000001,"[0.551, 0.127]",2948981,"[5.510000000000001, 1.27]",0.006006005075242784,2.1621618270874023,8.91,"[0.663, 0.22800000000000004]",2949981,"[6.630000000000001, 2.2800000000000002]",0.0058599743578169085,2.109590768814087,6.860000000000001,"[0.561, 0.125]",2950981,"[5.61, 1.25]",0.008383048242992824,3.017897367477417,8.88,"[0.663, 0.22500000000000003]",2951981,"[6.630000000000001, 2.2500000000000004]",0.008464282751083374,3.0471417903900146,WelfareSolutionConcept,6.095000000000001,0.5361669516111565,0.007178327606783972,0.0012467385302739615,2.5841979384422302,0.4488258708986262,COMPLETE
295,4.22,2025-06-12 22:09:44.853060,2025-06-12 22:09:48.950025,0 days 00:00:04.096965,13,0.9539822908750799,0.10434214174587048,0.9737352550990138,0.056266333566303166,358,2958984,4.22,1.7218739791285538,0.34950000000000003,0.24911091907020053,350.0,4,6.3999999999999995,"[0.76, -0.11999999999999997]",2958984,"[7.6, -1.1999999999999997]",0.011159223828996931,3.905728340148926,2.0500000000000003,"[0.10400000000000002, 0.10100000000000006]",2959984,"[1.0400000000000003, 1.0100000000000007]",0.011106504712785993,3.8872766494750977,3.120000000000001,"[0.32099999999999995, -0.008999999999999994]",2960984,"[3.2099999999999995, -0.08999999999999994]",0.007706465721130371,2.69726300239563,5.31,"[0.213, 0.31799999999999995]",2961984,"[2.13, 3.1799999999999997]",0.007960013662065779,2.7860047817230225,WelfareSolutionConcept,3.495,2.491109190702005,0.009483051981244769,0.0016523509990359483,3.319068193435669,0.578322849662582,COMPLETE
296,6.915,2025-06-12 22:09:50.564022,2025-06-12 22:09:53.884131,0 days 00:00:03.320109,11,0.9447578880257919,0.11771287361278461,0.9701080250421774,0.062433254091741844,349,2968990,6.915,1.4695152261885556,0.6315,0.14389840165894827,340.0,4,7.79,"[0.5539999999999999, 0.22499999999999995]",2968990,"[5.539999999999999, 2.2499999999999996]",0.009233218782088336,3.139294385910034,7.7700000000000005,"[0.77, 0.007000000000000006]",2969990,"[7.7, 0.07000000000000006]",0.008909275952507468,3.029153823852539,4.369999999999999,"[0.434, 0.003000000000000012]",2970990,"[4.34, 0.030000000000000124]",0.006595915205338422,2.2426111698150635,7.73,"[0.768, 0.0050000000000000044]",2971990,"[7.68, 0.050000000000000044]",0.006462458301992977,2.1972358226776123,WelfareSolutionConcept,6.3149999999999995,1.4389840165894825,0.0078002170604818,0.0012770519776348023,2.6520738005638123,0.4341976723958327,COMPLETE
297,6.5649999999999995,2025-06-12 22:09:53.898825,2025-06-12 22:09:57.667484,0 days 00:00:03.768659,12,0.9546293216793346,0.10099660274428131,0.9722892252622882,0.0512766654876401,365,2978993,6.5649999999999995,0.7903954706347954,0.63225,0.09204991852250603,360.0,4,5.49,"[0.551, -0.0019999999999999905]",2978993,"[5.510000000000001, -0.019999999999999907]",0.010008278157975939,3.602980136871338,6.470000000000001,"[0.548, 0.099]",2979993,"[5.48, 0.99]",0.00983330143822564,3.5399885177612305,6.579999999999999,"[0.658, 1.1102230246251566e-17]",2980993,"[6.58, 1.1102230246251565e-16]",0.00807928442955017,2.9085423946380615,7.72,"[0.772, 1.1102230246251566e-17]",2981993,"[7.720000000000001, 1.1102230246251565e-16]",0.0075035267406039765,2.7012696266174316,WelfareSolutionConcept,6.3225,0.9204991852250604,0.008856097691588932,0.0010857409924899502,3.1881951689720154,0.390866757296382,COMPLETE
