number,value,datetime_start,datetime_complete,duration,params_episode_length,params_epsilon_max,params_epsilon_min,params_gamma,params_learning_rate,params_num_episodes,user_attrs_base_seed,user_attrs_collective_reward_mean,user_attrs_collective_reward_std,user_attrs_individual_reward_agent0_mean,user_attrs_individual_reward_agent0_std,user_attrs_num_episodes_mean,user_attrs_num_parallel_runs,user_attrs_run_0_collective_reward,user_attrs_run_0_individual_rewards,user_attrs_run_0_seed,user_attrs_run_0_total_individual_rewards,user_attrs_run_0_training_time_per_episode,user_attrs_run_0_training_time_total,user_attrs_run_1_collective_reward,user_attrs_run_1_individual_rewards,user_attrs_run_1_seed,user_attrs_run_1_total_individual_rewards,user_attrs_run_1_training_time_per_episode,user_attrs_run_1_training_time_total,user_attrs_run_2_collective_reward,user_attrs_run_2_individual_rewards,user_attrs_run_2_seed,user_attrs_run_2_total_individual_rewards,user_attrs_run_2_training_time_per_episode,user_attrs_run_2_training_time_total,user_attrs_run_3_collective_reward,user_attrs_run_3_individual_rewards,user_attrs_run_3_seed,user_attrs_run_3_total_individual_rewards,user_attrs_run_3_training_time_per_episode,user_attrs_run_3_training_time_total,user_attrs_solution_concept,user_attrs_total_individual_reward_agent0_mean,user_attrs_total_individual_reward_agent0_std,user_attrs_training_time_per_episode_mean,user_attrs_training_time_per_episode_std,user_attrs_training_time_total_mean,user_attrs_training_time_total_std,state
426,5.460000000000001,2025-06-12 22:46:29.859909,2025-06-12 22:46:31.246187,0 days 00:00:01.386278,10,0.9900619398848122,0.05699906626364154,0.9839163630396608,0.07757385860785034,182,4261189,5.460000000000001,1.5760076141948054,0.3940000000000001,0.09186675133039159,180.0,4,7.820000000000002,"[0.44200000000000006, 0.3400000000000001]",4261189,"[4.420000000000001, 3.400000000000001]",0.006009101867675781,1.0816383361816406,4.660000000000001,"[0.44700000000000006, 0.019000000000000024]",4262189,"[4.470000000000001, 0.19000000000000022]",0.006115880277421739,1.100858449935913,5.800000000000001,"[0.45200000000000007, 0.128]",4263189,"[4.5200000000000005, 1.28]",0.005880918767717149,1.058565378189087,3.56,"[0.23500000000000001, 0.121]",4264189,"[2.35, 1.21]",0.006203558709886339,1.116640567779541,WelfareSolutionConcept,3.94,0.9186675133039158,0.006052364905675252,0.00012058113197926874,1.0894256830215454,0.02170460375626838,COMPLETE
427,5.05,2025-06-12 22:46:31.265579,2025-06-12 22:46:33.490336,0 days 00:00:02.224757,13,0.9997912494218358,0.0914360610588688,0.9775589497371612,0.047079111447439155,290,4271191,5.05,1.4924979061961858,0.48825,0.17028707379011482,290.0,4,3.1,"[0.323, -0.012999999999999994]",4271191,"[3.23, -0.12999999999999995]",0.006988551698882004,2.0266799926757812,6.489999999999999,"[0.658, -0.008999999999999994]",4272191,"[6.58, -0.08999999999999994]",0.007072170849504142,2.050929546356201,4.1,"[0.313, 0.09700000000000003]",4273191,"[3.13, 0.9700000000000003]",0.006957025363527495,2.0175373554229736,6.51,"[0.659, -0.007999999999999993]",4274191,"[6.59, -0.07999999999999993]",0.0066402394196082805,1.9256694316864014,WelfareSolutionConcept,4.8825,1.7028707379011478,0.006914496832880481,0.00016383758981877055,2.0052040815353394,0.04751290104744342,COMPLETE
428,5.032500000000001,2025-06-12 22:46:33.506838,2025-06-12 22:46:34.944343,0 days 00:00:01.437505,11,0.9776875255829041,0.08240240113363183,0.9692034490083693,0.006229419231361216,194,4281193,5.032500000000001,1.9796385402391015,0.5509999999999999,0.15710665167331397,190.0,4,7.86,"[0.777, 0.009000000000000008]",4281193,"[7.7700000000000005, 0.09000000000000008]",0.006070955176102488,1.1534814834594727,4.54,"[0.554, -0.09999999999999999]",4282193,"[5.540000000000001, -0.9999999999999999]",0.006564313487002724,1.2472195625305176,2.33,"[0.33299999999999996, -0.09999999999999999]",4283193,"[3.3299999999999996, -0.9999999999999999]",0.006663703918457031,1.266103744506836,5.4,"[0.54, 8.326672684688674e-18]",4284193,"[5.4, 8.326672684688674e-17]",0.006640497006868061,1.2616944313049316,WelfareSolutionConcept,5.51,1.57106651673314,0.006484867397107575,0.0002417840382963523,1.2321248054504395,0.04593896727630697,COMPLETE
429,7.447500000000001,2025-06-12 22:46:34.959449,2025-06-12 22:46:36.418514,0 days 00:00:01.459065,11,0.6708759761663916,0.07609149660207405,0.942234610152622,0.03670367529145694,187,4291195,7.447500000000001,1.5871574433558886,0.5495,0.1349305376851363,180.0,4,6.640000000000001,"[0.549, 0.11499999999999995]",4291195,"[5.49, 1.1499999999999995]",0.007013442781236437,1.2624197006225586,9.89,"[0.7699999999999999, 0.21899999999999994]",4292195,"[7.699999999999999, 2.1899999999999995]",0.00683702892727322,1.2306652069091797,5.6,"[0.441, 0.11899999999999995]",4293195,"[4.41, 1.1899999999999995]",0.0071405159102545844,1.2852928638458252,7.66,"[0.43800000000000006, 0.32799999999999996]",4294195,"[4.380000000000001, 3.2799999999999994]",0.006956509749094645,1.2521717548370361,WelfareSolutionConcept,5.495000000000001,1.349305376851363,0.006986874341964721,0.00010918707601650584,1.25763738155365,0.019653673682971034,COMPLETE
430,7.192499999999999,2025-06-12 22:46:36.433629,2025-06-12 22:46:39.501322,0 days 00:00:03.067693,11,0.6968343822970765,0.07742175974921785,0.9432258458933572,0.029025125122428323,457,4301196,7.192499999999999,1.2002786134893848,0.57525,0.14011133965528988,450.0,4,5.55,"[0.43499999999999994, 0.12]",4301196,"[4.35, 1.2]",0.006435916158888075,2.896162271499634,7.78,"[0.659, 0.11899999999999995]",4302196,"[6.59, 1.1899999999999995]",0.006415058771769205,2.8867764472961426,6.68,"[0.4450000000000001, 0.22299999999999995]",4303196,"[4.450000000000001, 2.2299999999999995]",0.006396430333455404,2.8783936500549316,8.76,"[0.7620000000000001, 0.11399999999999995]",4304196,"[7.620000000000001, 1.1399999999999995]",0.006311079131232368,2.8399856090545654,WelfareSolutionConcept,5.7525,1.4011133965528988,0.006389621098836264,4.744869371393195e-05,2.8753294944763184,0.021351912171269388,COMPLETE
431,6.025,2025-06-12 22:46:41.546039,2025-06-12 22:46:43.054105,0 days 00:00:01.508066,10,0.6751286609733784,0.08416927112145571,0.9410126350270673,0.03541636310928353,175,4311201,6.025,2.236487200947057,0.45100000000000007,0.171243977996308,170.0,4,7.930000000000001,"[0.34400000000000003, 0.449]",4311201,"[3.4400000000000004, 4.49]",0.006469357714933508,1.0997908115386963,5.710000000000001,"[0.557, 0.014000000000000009]",4312201,"[5.57, 0.1400000000000001]",0.007153886907240924,1.216160774230957,2.4899999999999998,"[0.23399999999999999, 0.015000000000000008]",4313201,"[2.34, 0.15000000000000008]",0.007266013762530159,1.235222339630127,7.970000000000001,"[0.6690000000000002, 0.12800000000000003]",4314201,"[6.690000000000001, 1.2800000000000002]",0.007372255886302275,1.2532835006713867,WelfareSolutionConcept,4.510000000000001,1.7124397799630797,0.007065378567751716,0.0003526693753283117,1.2011143565177917,0.05995379380581297,COMPLETE
432,5.6075,2025-06-12 22:46:43.069406,2025-06-12 22:46:44.740935,0 days 00:00:01.671529,11,0.6875008889162371,0.07466443098562815,0.9472813430668026,0.032098108697770605,193,4321203,5.6075,2.4520641814601842,0.5250000000000001,0.17952576416770938,190.0,4,4.519999999999999,"[0.5520000000000002, -0.09999999999999999]",4321203,"[5.520000000000001, -0.9999999999999999]",0.007457489716379266,1.4169230461120605,8.930000000000001,"[0.667, 0.22599999999999998]",4322203,"[6.67, 2.26]",0.007507838700947009,1.4264893531799316,2.33,"[0.22400000000000003, 0.009000000000000006]",4323203,"[2.24, 0.09000000000000007]",0.007812784847460294,1.484429121017456,6.6499999999999995,"[0.6570000000000001, 0.008000000000000005]",4324203,"[6.570000000000001, 0.08000000000000006]",0.007452796634874846,1.4160313606262207,WelfareSolutionConcept,5.250000000000001,1.795257641677094,0.007557727474915354,0.00014882980421066451,1.4359682202339172,0.028277662800026315,COMPLETE
433,4.59,2025-06-12 22:46:44.757430,2025-06-12 22:46:46.504772,0 days 00:00:01.747342,12,0.6708150661326628,0.07502670009886715,0.9444248072831591,0.06636978548404027,186,4331204,4.59,3.5777367147401997,0.32675,0.23230516029567658,180.0,4,-1.13,"[-0.0029999999999999914, -0.10999999999999999]",4331204,"[-0.029999999999999916, -1.0999999999999999]",0.0086628966861301,1.559321403503418,7.67,"[0.332, 0.43499999999999994]",4332204,"[3.3200000000000003, 4.35]",0.008058881759643555,1.4505987167358398,7.57,"[0.6539999999999999, 0.10300000000000002]",4333204,"[6.539999999999999, 1.0300000000000002]",0.008129154311286078,1.4632477760314941,4.25,"[0.3240000000000001, 0.10100000000000002]",4334204,"[3.240000000000001, 1.0100000000000002]",0.008217864566379122,1.4792156219482422,WelfareSolutionConcept,3.2675,2.3230516029567654,0.008267199330859714,0.00023529925300604912,1.4880958795547485,0.04235386554108879,COMPLETE
434,6.785,2025-06-12 22:46:46.521122,2025-06-12 22:46:47.925603,0 days 00:00:01.404481,10,0.65939155873939,0.0788656637244882,0.9394643921093678,0.036984695666875046,168,4341206,6.785,1.2832478326496406,0.6065,0.11406248287671106,160.0,4,6.840000000000002,"[0.5589999999999999, 0.12499999999999997]",4341206,"[5.59, 1.2499999999999998]",0.007348999381065369,1.175839900970459,5.649999999999999,"[0.6549999999999999, -0.08999999999999998]",4342206,"[6.549999999999999, -0.8999999999999998]",0.0076482236385345456,1.2237157821655273,8.86,"[0.76, 0.12599999999999997]",4343206,"[7.6, 1.2599999999999998]",0.0072447419166564945,1.159158706665039,5.790000000000001,"[0.45199999999999996, 0.12699999999999995]",4344206,"[4.52, 1.2699999999999996]",0.007381045818328857,1.1809673309326172,WelfareSolutionConcept,6.0649999999999995,1.1406248287671104,0.007405752688646317,0.00014878507787973897,1.1849204301834106,0.023805612460758272,COMPLETE
435,6.109999999999999,2025-06-12 22:46:47.944213,2025-06-12 22:46:49.660143,0 days 00:00:01.715930,11,0.6496775112262866,0.17449528000832484,0.9422272711519553,0.030054708829056927,205,4351208,6.109999999999999,1.651211676315305,0.3355,0.07816169138395103,200.0,4,4.5,"[0.33399999999999996, 0.11599999999999992]",4351208,"[3.34, 1.1599999999999993]",0.0076629316806793215,1.5325863361358643,7.84,"[0.44800000000000006, 0.33599999999999997]",4352208,"[4.48, 3.3599999999999994]",0.007098712921142578,1.4197425842285156,4.42,"[0.227, 0.215]",4353208,"[2.27, 2.15]",0.00692177414894104,1.384354829788208,7.68,"[0.33299999999999996, 0.43500000000000005]",4354208,"[3.3299999999999996, 4.3500000000000005]",0.0072973394393920895,1.459467887878418,WelfareSolutionConcept,3.355,0.7816169138395102,0.007245189547538757,0.00027535478166888127,1.4490379095077515,0.05507095633377626,COMPLETE
436,3.2700000000000005,2025-06-12 22:46:51.734508,2025-06-12 22:46:53.621821,0 days 00:00:01.887313,12,0.6661807009416542,0.08702769725236445,0.937315191892436,0.08339709922765746,219,4361211,3.2700000000000005,0.7480307480311218,0.29875000000000007,0.11562952693840789,210.0,4,2.160000000000001,"[0.32600000000000007, -0.10999999999999999]",4361211,"[3.2600000000000007, -1.0999999999999999]",0.008081125077747163,1.6970362663269043,3.33,"[0.11100000000000003, 0.22200000000000006]",4362211,"[1.1100000000000003, 2.2200000000000006]",0.007587455567859468,1.5933656692504883,3.3200000000000003,"[0.33100000000000007, 0.001000000000000012]",4363211,"[3.3100000000000005, 0.01000000000000012]",0.007981541043236142,1.6761236190795898,4.2700000000000005,"[0.42699999999999994, 1.1102230246251566e-17]",4364211,"[4.27, 1.1102230246251565e-16]",0.008106394041152227,1.7023427486419678,WelfareSolutionConcept,2.9875000000000003,1.156295269384079,0.00793912893249875,0.0002083347452851913,1.6672170758247375,0.043750296509890194,COMPLETE
437,8.1525,2025-06-12 22:46:53.638023,2025-06-12 22:46:55.183627,0 days 00:00:01.545604,10,0.5181284118407126,0.06825591286078664,0.9740273915468309,0.03873251442210146,185,4371213,8.1525,4.179739076784578,0.6385000000000001,0.2768397550930863,180.0,4,7.77,"[0.5559999999999999, 0.221]",4371213,"[5.56, 2.21]",0.007243627972073025,1.3038530349731445,14.35,"[0.984, 0.45100000000000007]",4372213,"[9.84, 4.510000000000001]",0.00683845149146186,1.2309212684631348,2.5600000000000005,"[0.23700000000000002, 0.019000000000000024]",4373213,"[2.37, 0.19000000000000022]",0.007448414961496989,1.340714693069458,7.930000000000001,"[0.777, 0.01600000000000002]",4374213,"[7.7700000000000005, 0.1600000000000002]",0.0075530184639824765,1.3595433235168457,WelfareSolutionConcept,6.385,2.768397550930863,0.007270878222253588,0.0002733394699920504,1.3087580800056458,0.04920110459856905,COMPLETE
438,6.3125,2025-06-12 22:46:55.199588,2025-06-12 22:46:58.420355,0 days 00:00:03.220767,10,0.6239184220976322,0.06644161460048595,0.9735378270377837,0.038897055030127844,485,4381215,6.3125,2.453389237361247,0.4515,0.2277021080271327,480.0,4,7.910000000000001,"[0.454, 0.337]",4381215,"[4.54, 3.37]",0.006112546722094218,2.9340224266052246,8.98,"[0.771, 0.12699999999999997]",4382215,"[7.71, 1.2699999999999998]",0.005642706155776977,2.708498954772949,2.5500000000000003,"[0.127, 0.12799999999999997]",4383215,"[1.27, 1.2799999999999998]",0.006308659414450328,3.0281565189361572,5.8100000000000005,"[0.454, 0.12699999999999995]",4384215,"[4.54, 1.2699999999999996]",0.006046026448408763,2.902092695236206,WelfareSolutionConcept,4.515,2.277021080271327,0.006027484685182572,0.00024222566553599463,2.8931926488876343,0.11626831945727736,COMPLETE
439,3.8275000000000006,2025-06-12 22:46:58.435866,2025-06-12 22:46:59.984656,0 days 00:00:01.548790,10,0.5160046403007897,0.07081089799712093,0.9717029745766165,0.041890248713011384,184,4391218,3.8275000000000006,1.5660838898347689,0.4205,0.17550569791320167,180.0,4,4.65,"[0.555, -0.08999999999999998]",4391218,"[5.550000000000001, -0.8999999999999998]",0.0075627711084153915,1.3612987995147705,5.690000000000001,"[0.559, 0.010000000000000026]",4392218,"[5.590000000000001, 0.10000000000000026]",0.007226876417795817,1.300837755203247,1.4700000000000004,"[0.12799999999999997, 0.019000000000000024]",4393218,"[1.2799999999999998, 0.19000000000000022]",0.007590888606177436,1.3663599491119385,3.5,"[0.44000000000000006, -0.08999999999999998]",4394218,"[4.4, -0.8999999999999998]",0.0075637790891859265,1.3614802360534668,WelfareSolutionConcept,4.205,1.755056979132017,0.007486078805393643,0.0001500749941870172,1.3474941849708557,0.027013498953663114,COMPLETE
440,5.467499999999999,2025-06-12 22:46:59.999886,2025-06-12 22:47:01.535879,0 days 00:00:01.535993,10,0.506597291079494,0.06992805561557684,0.9743070459049189,0.034617438557784166,184,4401220,5.467499999999999,1.5978012235569228,0.3945000000000001,0.11859700670758942,180.0,4,4.66,"[0.23700000000000002, 0.229]",4401220,"[2.37, 2.29]",0.007492427031199137,1.3486368656158447,3.6199999999999997,"[0.3430000000000001, 0.019000000000000013]",4402220,"[3.4300000000000006, 0.19000000000000014]",0.00737537145614624,1.3275668621063232,5.65,"[0.44000000000000006, 0.125]",4403220,"[4.4, 1.25]",0.007174735599093967,1.291452407836914,7.9399999999999995,"[0.5580000000000002, 0.23600000000000004]",4404220,"[5.580000000000002, 2.3600000000000003]",0.007412091890970866,1.3341765403747559,WelfareSolutionConcept,3.9450000000000007,1.1859700670758944,0.0073636564943525525,0.00011700019636785227,1.3254581689834595,0.021060035346213413,COMPLETE
441,5.3075,2025-06-12 22:47:03.664713,2025-06-12 22:47:05.212429,0 days 00:00:01.547716,11,0.5351046799313592,0.06411833623264684,0.9718589933673358,0.028872396585220526,189,4411223,5.3075,2.0527588143763995,0.38750000000000007,0.09209913137483978,180.0,4,2.37,"[0.22800000000000004, 0.009000000000000018]",4411223,"[2.2800000000000002, 0.09000000000000019]",0.007407241397433811,1.333303451538086,4.5,"[0.44000000000000006, 0.010000000000000007]",4412223,"[4.4, 0.10000000000000007]",0.007530583275689019,1.3555049896240234,6.65,"[0.43900000000000006, 0.22599999999999992]",4413223,"[4.390000000000001, 2.2599999999999993]",0.007370372613271077,1.326667070388794,7.71,"[0.44299999999999995, 0.32799999999999996]",4414223,"[4.43, 3.2799999999999994]",0.007050992382897271,1.2691786289215088,WelfareSolutionConcept,3.875,0.9209913137483979,0.007339797417322795,0.00017698243184180448,1.321163535118103,0.03185683773152482,COMPLETE
442,2.495,2025-06-12 22:47:05.232348,2025-06-12 22:47:06.595356,0 days 00:00:01.363008,10,0.6273134678871639,0.06735094924663679,0.9746076826373533,0.04883665407377986,174,4421225,2.495,0.7990775932285925,0.28650000000000003,0.09618341852939101,170.0,4,1.3700000000000003,"[0.227, -0.08999999999999998]",4421225,"[2.27, -0.8999999999999998]",0.006846141815185547,1.163844108581543,2.48,"[0.23000000000000004, 0.018000000000000013]",4422225,"[2.3000000000000003, 0.18000000000000013]",0.006843648237340591,1.1634202003479004,3.6300000000000003,"[0.453, -0.08999999999999998]",4423225,"[4.53, -0.8999999999999998]",0.006837698992560892,1.1624088287353516,2.5,"[0.23600000000000004, 0.014000000000000018]",4424225,"[2.3600000000000003, 0.14000000000000018]",0.006893072408788344,1.1718223094940186,WelfareSolutionConcept,2.865,0.9618341852939102,0.006855140363468843,2.2113820991768438e-05,1.1653738617897034,0.0037593495686006418,COMPLETE
443,6.6675,2025-06-12 22:47:06.610982,2025-06-12 22:47:08.164912,0 days 00:00:01.553930,11,0.6432920172707207,0.13161401959849925,0.9767694922570139,0.039281438246342254,197,4431226,6.6675,2.7703733954108065,0.52425,0.2075564682200967,190.0,4,7.699999999999999,"[0.659, 0.11099999999999999]",4431226,"[6.59, 1.1099999999999999]",0.006889495096708599,1.3090040683746338,9.97,"[0.767, 0.22999999999999993]",4432226,"[7.67, 2.2999999999999994]",0.006750343975267912,1.2825653553009033,2.34,"[0.22599999999999998, 0.008000000000000018]",4433226,"[2.26, 0.08000000000000018]",0.007238201091164037,1.375258207321167,6.659999999999999,"[0.445, 0.221]",4434226,"[4.45, 2.21]",0.007112888285988255,1.3514487743377686,WelfareSolutionConcept,5.2425,2.075564682200967,0.006997732112282201,0.0001897382512981847,1.3295691013336182,0.03605026774665511,COMPLETE
444,4.36,2025-06-12 22:47:08.180252,2025-06-12 22:47:09.641155,0 days 00:00:01.460903,10,0.7471030588328473,0.09631388932048639,0.9761744100483485,0.031873842467147154,208,4441228,4.36,1.5773236826980064,0.47200000000000003,0.13918512851594453,200.0,4,3.5299999999999994,"[0.3340000000000001, 0.019000000000000017]",4441228,"[3.3400000000000007, 0.19000000000000017]",0.006424131393432617,1.2848262786865234,4.6,"[0.55, -0.08999999999999998]",4442228,"[5.5, -0.8999999999999998]",0.006397968530654908,1.2795937061309814,6.780000000000001,"[0.661, 0.01700000000000001]",4443228,"[6.61, 0.17000000000000012]",0.006238095760345459,1.2476191520690918,2.5300000000000002,"[0.343, -0.08999999999999998]",4444228,"[3.43, -0.8999999999999998]",0.006356532573699951,1.2713065147399902,WelfareSolutionConcept,4.72,1.3918512851594453,0.006354182064533234,7.122450094984501e-05,1.2708364129066467,0.014244900189969031,COMPLETE
445,6.402499999999999,2025-06-12 22:47:09.656624,2025-06-12 22:47:11.057032,0 days 00:00:01.400408,11,0.5190748117684845,0.11036685261245943,0.979114324013713,0.04250017878597449,164,4451229,6.402499999999999,2.0725512659521836,0.49650000000000005,0.2233925916408152,160.0,4,7.789999999999999,"[0.769, 0.010000000000000007]",4451229,"[7.69, 0.10000000000000007]",0.007015931606292725,1.122549057006836,5.489999999999999,"[0.32999999999999996, 0.21900000000000003]",4452229,"[3.3, 2.1900000000000004]",0.007515813410282135,1.2025301456451416,3.4899999999999998,"[0.229, 0.12000000000000002]",4453229,"[2.29, 1.2000000000000002]",0.0076073333621025085,1.2171733379364014,8.84,"[0.658, 0.22599999999999998]",4454229,"[6.58, 2.26]",0.007248789072036743,1.159806251525879,WelfareSolutionConcept,4.965,2.2339259164081517,0.0073469668626785275,0.0002321223223893339,1.1755146980285645,0.03713957158229343,COMPLETE
446,4.08,2025-06-12 22:47:13.184498,2025-06-12 22:47:15.066724,0 days 00:00:01.882226,12,0.5247467699354539,0.07329615575010755,0.9705709308878508,0.05215768696490734,200,4461233,4.08,2.3650369975964436,0.46475000000000005,0.20964657760144811,200.0,4,3.2199999999999998,"[0.32800000000000007, -0.005999999999999994]",4461233,"[3.2800000000000007, -0.05999999999999994]",0.008402318954467773,1.6804637908935547,7.62,"[0.7630000000000001, -0.0009999999999999898]",4462233,"[7.630000000000001, -0.009999999999999898]",0.008317509889602661,1.6635019779205322,4.4,"[0.55, -0.10999999999999999]",4463233,"[5.5, -1.0999999999999999]",0.0084038245677948,1.68076491355896,1.08,"[0.21800000000000005, -0.10999999999999999]",4464233,"[2.1800000000000006, -1.0999999999999999]",0.008538450002670289,1.7076900005340576,WelfareSolutionConcept,4.647500000000001,2.096465776014481,0.00841552585363388,7.910249347708008e-05,1.6831051707267761,0.015820498695415963,COMPLETE
447,5.327500000000001,2025-06-12 22:47:15.082019,2025-06-12 22:47:16.667171,0 days 00:00:01.585152,11,0.6357160969841354,0.09291480085981293,0.9780999966639411,0.03466083507991398,181,4471235,5.327500000000001,2.461314435418604,0.526,0.1619459786472021,180.0,4,7.840000000000001,"[0.7740000000000001, 0.01000000000000002]",4471235,"[7.740000000000001, 0.1000000000000002]",0.007420028580559624,1.3356051445007324,3.42,"[0.4419999999999999, -0.09999999999999999]",4472235,"[4.419999999999999, -0.9999999999999999]",0.00782757732603285,1.408963918685913,2.3699999999999997,"[0.3369999999999999, -0.09999999999999999]",4473235,"[3.369999999999999, -0.9999999999999999]",0.007796239852905273,1.4033231735229492,7.680000000000001,"[0.5509999999999999, 0.217]",4474235,"[5.51, 2.17]",0.007733105288611518,1.3919589519500732,WelfareSolutionConcept,5.26,1.6194597864720206,0.007694237762027317,0.00016192994295112338,1.384962797164917,0.02914738973120218,COMPLETE
