number,value,datetime_start,datetime_complete,duration,params_episode_length,params_epsilon_max,params_epsilon_min,params_gamma,params_learning_rate,params_num_episodes,user_attrs_base_seed,user_attrs_collective_reward_mean,user_attrs_collective_reward_std,user_attrs_individual_reward_agent0_mean,user_attrs_individual_reward_agent0_std,user_attrs_num_episodes_mean,user_attrs_num_parallel_runs,user_attrs_run_0_collective_reward,user_attrs_run_0_individual_rewards,user_attrs_run_0_seed,user_attrs_run_0_total_individual_rewards,user_attrs_run_0_training_time_per_episode,user_attrs_run_0_training_time_total,user_attrs_run_1_collective_reward,user_attrs_run_1_individual_rewards,user_attrs_run_1_seed,user_attrs_run_1_total_individual_rewards,user_attrs_run_1_training_time_per_episode,user_attrs_run_1_training_time_total,user_attrs_run_2_collective_reward,user_attrs_run_2_individual_rewards,user_attrs_run_2_seed,user_attrs_run_2_total_individual_rewards,user_attrs_run_2_training_time_per_episode,user_attrs_run_2_training_time_total,user_attrs_run_3_collective_reward,user_attrs_run_3_individual_rewards,user_attrs_run_3_seed,user_attrs_run_3_total_individual_rewards,user_attrs_run_3_training_time_per_episode,user_attrs_run_3_training_time_total,user_attrs_solution_concept,user_attrs_total_individual_reward_agent0_mean,user_attrs_total_individual_reward_agent0_std,user_attrs_training_time_per_episode_mean,user_attrs_training_time_per_episode_std,user_attrs_training_time_total_mean,user_attrs_training_time_total_std,state
255,6.142499999999999,2025-06-12 22:06:52.127216,2025-06-12 22:06:56.100099,0 days 00:00:03.972883,11,0.6435981103113664,0.08232287097066769,0.9255130524252086,0.06893658068566277,377,2558812,6.142499999999999,0.5532348054849769,0.58025,0.04663354479342101,370.0,4,6.659999999999999,"[0.553, 0.11299999999999996]",2558812,"[5.53, 1.1299999999999997]",0.008026967821894465,2.969978094100952,5.569999999999999,"[0.552, 0.005000000000000014]",2559812,"[5.5200000000000005, 0.05000000000000014]",0.010275426426449338,3.801907777786255,5.609999999999999,"[0.6610000000000001, -0.09999999999999999]",2560812,"[6.610000000000001, -0.9999999999999999]",0.0076762283170545426,2.8402044773101807,6.73,"[0.555, 0.11800000000000002]",2561812,"[5.550000000000001, 1.1800000000000002]",0.006954912237218908,2.573317527770996,WelfareSolutionConcept,5.802500000000001,0.46633544793421006,0.008233383700654313,0.0012407112288189233,3.046351969242096,0.45906315466300146,COMPLETE
256,5.86,2025-06-12 22:06:57.307587,2025-06-12 22:06:59.582651,0 days 00:00:02.275064,13,0.9898917345326951,0.10291929957907872,0.9659308981937552,0.034409254735656654,182,2568817,5.86,1.2032040558442278,0.45825,0.09221001843617643,180.0,4,5.33,"[0.5429999999999999, -0.009999999999999986]",2568817,"[5.43, -0.09999999999999987]",0.00867665343814426,1.5617976188659668,7.45,"[0.542, 0.20299999999999999]",2569817,"[5.42, 2.03]",0.01158421172036065,2.085158109664917,6.430000000000001,"[0.42699999999999994, 0.21600000000000003]",2570817,"[4.27, 2.16]",0.01093026532067193,1.9674477577209473,4.23,"[0.321, 0.10200000000000006]",2571817,"[3.21, 1.0200000000000007]",0.008699733681148953,1.5659520626068115,WelfareSolutionConcept,4.5825,0.9221001843617644,0.009972716040081448,0.001305189766529317,1.7950888872146606,0.23493415797527703,COMPLETE
257,7.072500000000002,2025-06-12 22:06:59.602078,2025-06-12 22:07:04.405599,0 days 00:00:04.803521,15,0.6202452613000153,0.010044470766559356,0.9886205235277737,0.09924105135208082,385,2578819,7.072500000000002,0.8921427856570944,0.67825,0.16620676129447923,380.0,4,8.38,"[0.643, 0.19499999999999995]",2578819,"[6.43, 1.9499999999999995]",0.008652263566067344,3.287860155105591,7.410000000000001,"[0.881, -0.13999999999999996]",2579819,"[8.81, -1.3999999999999995]",0.012202892805400647,4.637099266052246,6.19,"[0.759, -0.13999999999999996]",2580819,"[7.59, -1.3999999999999995]",0.009157192707061768,3.4797332286834717,6.3100000000000005,"[0.43000000000000005, 0.20099999999999998]",2581819,"[4.300000000000001, 2.01]",0.011473503865693745,4.359931468963623,WelfareSolutionConcept,6.7825,1.6620676129447924,0.010371463236055877,0.0014998940162320896,3.941156029701233,0.5699597261681941,COMPLETE
258,3.9174999999999995,2025-06-12 22:07:04.422105,2025-06-12 22:07:06.604875,0 days 00:00:02.182770,15,0.6143206100904458,0.09319966532382545,0.9903245395114559,0.09658918387109817,148,2588824,3.9174999999999995,2.1100755318234463,0.28175000000000006,0.16561608466571115,140.0,4,1.6799999999999997,"[0.087, 0.08099999999999999]",2588824,"[0.8699999999999999, 0.8099999999999998]",0.010652121475764683,1.4912970066070557,3.900000000000001,"[0.198, 0.192]",2589824,"[1.98, 1.92]",0.01380741936819894,1.9330387115478516,2.7800000000000002,"[0.307, -0.028999999999999998]",2590824,"[3.07, -0.29]",0.01431893961770194,2.0046515464782715,7.31,"[0.535, 0.196]",2591824,"[5.3500000000000005, 1.96]",0.00970254625592913,1.3583564758300781,WelfareSolutionConcept,2.8175,1.6561608466571116,0.012120256679398674,0.0019799917467989816,1.6968359351158142,0.2771988445518574,COMPLETE
259,5.462500000000001,2025-06-12 22:07:06.622245,2025-06-12 22:07:09.488356,0 days 00:00:02.866111,14,0.6285237578221913,0.04515587402151592,0.9876076262158138,0.0852367460874947,204,2598826,5.462500000000001,2.152584202766526,0.5665,0.21437875361145278,200.0,4,6.27,"[0.647, -0.019999999999999973]",2598826,"[6.470000000000001, -0.19999999999999973]",0.009981251955032348,1.9962503910064697,3.0200000000000014,"[0.31900000000000006, -0.016999999999999994]",2599826,"[3.1900000000000004, -0.16999999999999993]",0.013367232084274292,2.6734464168548584,8.580000000000002,"[0.876, -0.017999999999999985]",2600826,"[8.76, -0.17999999999999985]",0.010593951940536498,2.1187903881073,3.9800000000000013,"[0.4240000000000001, -0.025999999999999978]",2601826,"[4.240000000000001, -0.2599999999999998]",0.010088433027267456,2.017686605453491,WelfareSolutionConcept,5.665000000000001,2.143787536114528,0.011007717251777648,0.0013817766162095334,2.20154345035553,0.27635532324190665,COMPLETE
260,3.13,2025-06-12 22:07:09.504213,2025-06-12 22:07:11.951444,0 days 00:00:02.447231,15,0.6669818479243675,0.08983924044022432,0.9893926002778789,0.08869683134060447,170,2608829,3.13,2.0080712138766392,0.36875,0.2920936279688416,170.0,4,5.09,"[0.6490000000000001, -0.13999999999999996]",2608829,"[6.490000000000001, -1.3999999999999995]",0.009616895282969756,1.6348721981048584,0.5799999999999998,"[-0.026000000000000002, 0.08399999999999999]",2609829,"[-0.26, 0.8399999999999999]",0.013369506948134479,2.2728161811828613,5.1000000000000005,"[0.6500000000000001, -0.13999999999999996]",2610829,"[6.500000000000002, -1.3999999999999995]",0.013257765769958496,2.2538201808929443,1.75,"[0.20200000000000004, -0.027000000000000003]",2611829,"[2.0200000000000005, -0.27]",0.01029970084919649,1.7509491443634033,WelfareSolutionConcept,3.687500000000001,2.920936279688416,0.011635967212564807,0.0016954092298256114,1.9781144261360168,0.2882195690703539,COMPLETE
261,7.052499999999999,2025-06-12 22:07:13.245102,2025-06-12 22:07:17.158143,0 days 00:00:03.913041,12,0.6199112693539285,0.05310282975012965,0.9475317782669594,0.029980117681903853,354,2618833,7.052499999999999,2.156923445558511,0.5725,0.17013303618051367,350.0,4,6.549999999999999,"[0.44400000000000006, 0.21100000000000002]",2618833,"[4.44, 2.1100000000000003]",0.010698317800249373,3.7444112300872803,5.510000000000001,"[0.55, 0.001000000000000012]",2619833,"[5.5, 0.01000000000000012]",0.007751728466578892,2.7131049633026123,10.709999999999999,"[0.8569999999999999, 0.21400000000000002]",2620833,"[8.569999999999999, 2.14]",0.01036684513092041,3.6283957958221436,5.44,"[0.43899999999999995, 0.10500000000000007]",2621833,"[4.39, 1.0500000000000007]",0.0076729883466448105,2.6855459213256836,WelfareSolutionConcept,5.725,1.701330361805137,0.009122469936098372,0.0014152469016803129,3.19286447763443,0.49533641558810954,COMPLETE
262,6.0825000000000005,2025-06-12 22:07:17.172960,2025-06-12 22:07:21.549227,0 days 00:00:04.376267,13,0.6145400015376358,0.05478134529560673,0.9433292109438561,0.09668889670676747,355,2628837,6.0825000000000005,2.9214069812335284,0.4275,0.2050481650734773,350.0,4,10.68,"[0.756, 0.312]",2628837,"[7.5600000000000005, 3.12]",0.0077233096531459265,2.703158378601074,4.12,"[0.42399999999999993, -0.011999999999999995]",2629837,"[4.239999999999999, -0.11999999999999995]",0.011954141344342913,4.1839494705200195,3.08,"[0.20400000000000001, 0.10400000000000005]",2630837,"[2.04, 1.0400000000000005]",0.008494623047964913,2.9731180667877197,6.45,"[0.32599999999999996, 0.31900000000000006]",2631837,"[3.26, 3.1900000000000004]",0.011341267313276018,3.9694435596466064,WelfareSolutionConcept,4.275,2.050481650734773,0.009878335339682444,0.0018033258125079077,3.457417368888855,0.6311640343777676,COMPLETE
263,6.010000000000001,2025-06-12 22:07:21.568778,2025-06-12 22:07:26.535745,0 days 00:00:04.966967,16,0.6195940137607044,0.01076293795235784,0.9488917373648781,0.029717480149773302,347,2638841,6.010000000000001,1.0926801910897805,0.50375,0.09433550498089256,340.0,4,4.86,"[0.421, 0.065]",2638841,"[4.21, 0.65]",0.014070406380821677,4.78393816947937,7.1899999999999995,"[0.648, 0.071]",2639841,"[6.48, 0.71]",0.010394510100869572,3.5341334342956543,7.01,"[0.528, 0.17300000000000004]",2640841,"[5.28, 1.7300000000000004]",0.010314468075247371,3.5069191455841064,4.98,"[0.418, 0.08]",2641841,"[4.18, 0.8]",0.01052932669134701,3.5799710750579834,WelfareSolutionConcept,5.0375000000000005,0.9433550498089256,0.011327177812071407,0.001585663856388351,3.8512404561042786,0.5391257111720393,COMPLETE
264,5.745,2025-06-12 22:07:26.554619,2025-06-12 22:07:30.590936,0 days 00:00:04.036317,12,0.6259885123287156,0.014101927868345618,0.9459307607550287,0.027038571405649584,361,2648846,5.745,0.9000416657022051,0.5742499999999999,0.12086226665092792,360.0,4,4.390000000000001,"[0.5489999999999999, -0.10999999999999999]",2648846,"[5.489999999999999, -1.0999999999999999]",0.0077379220061832,2.785651922225952,6.57,"[0.767, -0.10999999999999999]",2649846,"[7.67, -1.0999999999999999]",0.010710567898220487,3.855804443359375,5.470000000000001,"[0.5479999999999999, -0.0009999999999999898]",2650846,"[5.4799999999999995, -0.009999999999999898]",0.007841647333568997,2.822993040084839,6.550000000000001,"[0.433, 0.22200000000000006]",2651846,"[4.33, 2.2200000000000006]",0.010444749726189508,3.7601099014282227,WelfareSolutionConcept,5.7425,1.2086226665092792,0.009183721741040547,0.0013975828558199762,3.306139826774597,0.5031298280951914,COMPLETE
265,4.620000000000001,2025-06-12 22:07:30.605766,2025-06-12 22:07:34.912234,0 days 00:00:04.306468,14,0.646704831315821,0.019078031085820814,0.9378980116764195,0.08222911514593996,345,2658850,4.620000000000001,2.282739582168759,0.39825000000000005,0.11895666227664593,340.0,4,8.510000000000002,"[0.538, 0.31300000000000006]",2658850,"[5.380000000000001, 3.130000000000001]",0.011345566721523509,3.857492685317993,3.9900000000000007,"[0.41900000000000004, -0.019999999999999983]",2659850,"[4.19, -0.19999999999999984]",0.008511534157921287,2.8939216136932373,3.0100000000000016,"[0.20900000000000007, 0.09200000000000007]",2660850,"[2.0900000000000007, 0.9200000000000007]",0.007757201615501853,2.63744854927063,2.9700000000000006,"[0.42700000000000005, -0.12999999999999995]",2661850,"[4.2700000000000005, -1.2999999999999994]",0.012152830292196834,4.131962299346924,WelfareSolutionConcept,3.9825,1.1895666227664594,0.009941783196785871,0.0018491448321392063,3.380206286907196,0.6287092429273302,COMPLETE
266,7.2825,2025-06-12 22:07:36.226739,2025-06-12 22:07:40.938625,0 days 00:00:04.711886,13,0.5722918353565364,0.05178427998018276,0.9852686245462796,0.0442389166411069,392,2668856,7.2825,3.141348237620273,0.683,0.1963720957773787,390.0,4,10.829999999999998,"[0.8710000000000001, 0.2119999999999999]",2668856,"[8.71, 2.119999999999999]",0.007702162326910557,3.003843307495117,9.79,"[0.881, 0.098]",2669856,"[8.81, 0.98]",0.008632650742164025,3.3667337894439697,5.32,"[0.541, -0.008999999999999985]",2670856,"[5.41, -0.08999999999999986]",0.011655792823204628,4.545759201049805,3.19,"[0.43900000000000006, -0.11999999999999997]",2671856,"[4.390000000000001, -1.1999999999999997]",0.009009509208874824,3.5137085914611816,WelfareSolutionConcept,6.830000000000001,1.9637209577737873,0.00925002877528851,0.0014682129012742332,3.6075112223625183,0.572603031496951,COMPLETE
267,8.184999999999999,2025-06-12 22:07:40.955044,2025-06-12 22:07:45.517811,0 days 00:00:04.562767,12,0.5635010783349329,0.05463416153988733,0.983050879207176,0.09884619306715109,414,2678861,8.184999999999999,0.9390819985496474,0.6599999999999999,0.10900917392586737,410.0,4,8.76,"[0.767, 0.10900000000000003]",2678861,"[7.67, 1.0900000000000003]",0.007594770338477158,3.1138558387756348,8.659999999999998,"[0.5509999999999999, 0.31500000000000006]",2679861,"[5.51, 3.1500000000000004]",0.007690233719058153,3.1529958248138428,6.56,"[0.5509999999999999, 0.10500000000000002]",2680861,"[5.51, 1.0500000000000003]",0.007933199114915801,3.2526116371154785,8.76,"[0.7709999999999999, 0.10500000000000001]",2681861,"[7.709999999999999, 1.05]",0.010658477573859982,4.369975805282593,WelfareSolutionConcept,6.6,1.0900917392586733,0.008469170186577774,0.0012700048169650045,3.472359776496887,0.5207019749556518,COMPLETE
268,6.384999999999999,2025-06-12 22:07:45.533435,2025-06-12 22:07:50.668428,0 days 00:00:05.134993,13,0.5616056117238731,0.01668943885935372,0.9853344578081459,0.07819757906756025,428,2688865,6.384999999999999,2.7576121917340006,0.59375,0.19353342734525214,420.0,4,8.6,"[0.651, 0.209]",2688865,"[6.51, 2.09]",0.008016749223073324,3.367034673690796,9.59,"[0.86, 0.099]",2689865,"[8.6, 0.99]",0.00812306801478068,3.4116885662078857,3.1500000000000004,"[0.324, -0.008999999999999994]",2690865,"[3.24, -0.08999999999999994]",0.008661675453186034,3.6379036903381348,4.2,"[0.5399999999999999, -0.11999999999999997]",2691865,"[5.3999999999999995, -1.1999999999999997]",0.011833751201629638,4.970175504684448,WelfareSolutionConcept,5.9375,1.9353342734525214,0.00915881097316742,0.0015636110024514068,3.846700608730316,0.6567166210295909,COMPLETE
269,5.485,2025-06-12 22:07:50.682956,2025-06-12 22:07:55.588093,0 days 00:00:04.905137,12,0.55379600152403,0.05790668916488967,0.9839672437233087,0.09598121192834062,416,2698870,5.485,2.0875044910131324,0.46525000000000005,0.1805593738912494,410.0,4,5.52,"[0.442, 0.11000000000000006]",2698870,"[4.42, 1.1000000000000005]",0.008623124913471501,3.5354812145233154,6.619999999999999,"[0.33, 0.332]",2699870,"[3.3000000000000003, 3.3200000000000003]",0.011519608846524866,4.723039627075195,7.68,"[0.767, 0.001000000000000012]",2700870,"[7.67, 0.01000000000000012]",0.008452291604949206,3.465439558029175,2.120000000000001,"[0.32200000000000006, -0.10999999999999999]",2701870,"[3.2200000000000006, -1.0999999999999999]",0.011441509316607219,4.69101881980896,WelfareSolutionConcept,4.6525,1.8055937389124939,0.010009133670388198,0.0014729233466627323,4.103744804859161,0.6038985721317202,COMPLETE
270,6.5600000000000005,2025-06-12 22:07:55.604812,2025-06-12 22:07:59.583507,0 days 00:00:03.978695,10,0.5381376061595664,0.09993615864949444,0.9861126787520744,0.07631711721666,404,2708875,6.5600000000000005,2.4472229158783225,0.42225,0.24404853513184627,400.0,4,6.790000000000001,"[0.66, 0.019000000000000013]",2708875,"[6.6000000000000005, 0.19000000000000014]",0.006579977869987488,2.631991147994995,8.93,"[0.557, 0.33599999999999997]",2709875,"[5.57, 3.3599999999999994]",0.009441918134689331,3.7767672538757324,2.5300000000000002,"[0.019000000000000013, 0.23399999999999999]",2710875,"[0.19000000000000014, 2.34]",0.0068361788988113405,2.734471559524536,7.990000000000001,"[0.4530000000000001, 0.346]",2711875,"[4.530000000000001, 3.46]",0.006296284794807434,2.5185139179229736,WelfareSolutionConcept,4.2225,2.4404853513184626,0.007288589924573898,0.001257805492830318,2.9154359698295593,0.5031221971321272,COMPLETE
271,6.1674999999999995,2025-06-12 22:08:01.184962,2025-06-12 22:08:05.559403,0 days 00:00:04.374441,13,0.5697043343626809,0.04747066390199586,0.9809870308973194,0.09348376110657286,390,2718881,6.1674999999999995,2.7183577303217468,0.48824999999999996,0.12654717499810103,390.0,4,8.7,"[0.544, 0.32599999999999996]",2718881,"[5.44, 3.26]",0.010248078444065192,3.996750593185425,8.52,"[0.42400000000000004, 0.42799999999999994]",2719881,"[4.24, 4.279999999999999]",0.010784928615276631,4.206122159957886,5.409999999999999,"[0.661, -0.11999999999999997]",2720881,"[6.61, -1.1999999999999997]",0.010014611635452662,3.905698537826538,2.0400000000000005,"[0.32399999999999995, -0.11999999999999997]",2721881,"[3.2399999999999993, -1.1999999999999997]",0.009324769484691131,3.636660099029541,WelfareSolutionConcept,4.882499999999999,1.2654717499810104,0.010093097044871404,0.0005241987588524092,3.9363078474998474,0.20443751595243953,COMPLETE
272,6.2675,2025-06-12 22:08:05.573986,2025-06-12 22:08:09.951097,0 days 00:00:04.377111,12,0.572110654133726,0.051747165913038635,0.9833435237185951,0.07399466084053737,411,2728885,6.2675,3.0175103562374064,0.43574999999999997,0.13358400914780177,410.0,4,1.1000000000000003,"[0.22000000000000006, -0.10999999999999999]",2728885,"[2.2000000000000006, -1.0999999999999999]",0.007921443915948635,3.2477920055389404,7.720000000000001,"[0.5509999999999999, 0.22100000000000003]",2729885,"[5.51, 2.2100000000000004]",0.00730807025258134,2.9963088035583496,8.72,"[0.4289999999999998, 0.44299999999999995]",2730885,"[4.289999999999998, 4.43]",0.007208374069958198,2.9554333686828613,7.530000000000001,"[0.543, 0.21000000000000005]",2731885,"[5.430000000000001, 2.1000000000000005]",0.010277027037085556,4.213581085205078,WelfareSolutionConcept,4.3575,1.3358400914780182,0.008178728818893432,0.001241841939582625,3.3532788157463074,0.5091551952288763,COMPLETE
273,3.6775,2025-06-12 22:08:09.965523,2025-06-12 22:08:14.527008,0 days 00:00:04.561485,11,0.5777906340359479,0.11225733100308724,0.988824853604299,0.05051321185867583,449,2738890,3.6775,2.0894781046950452,0.41374999999999995,0.22261668288787345,440.0,4,6.659999999999999,"[0.766, -0.09999999999999999]",2738890,"[7.66, -0.9999999999999999]",0.007065861875360662,3.1089792251586914,4.54,"[0.44400000000000006, 0.010000000000000007]",2739890,"[4.44, 0.10000000000000007]",0.009665880419991233,4.252987384796143,1.2900000000000003,"[0.22899999999999995, -0.09999999999999999]",2740890,"[2.2899999999999996, -0.9999999999999999]",0.007021244005723433,3.0893473625183105,2.22,"[0.21600000000000003, 0.006000000000000004]",2741890,"[2.16, 0.06000000000000004]",0.009994197975505482,4.397447109222412,WelfareSolutionConcept,4.1375,2.2261668288787346,0.008436796069145203,0.001398159258397853,3.712190270423889,0.6151900736950554,COMPLETE
274,4.895000000000001,2025-06-12 22:08:14.541419,2025-06-12 22:08:19.845226,0 days 00:00:05.303807,14,0.586718799868316,0.09557928378753132,0.9773750354144491,0.061242623935434316,395,2748894,4.895000000000001,0.4721493407810709,0.398,0.09288971956034747,390.0,4,5.17,"[0.42399999999999993, 0.09300000000000005]",2748894,"[4.239999999999999, 0.9300000000000006]",0.013154147832821577,5.130117654800415,5.220000000000001,"[0.539, -0.01699999999999997]",2749894,"[5.390000000000001, -0.1699999999999997]",0.00949560556656275,3.7032861709594727,4.080000000000001,"[0.31700000000000006, 0.09100000000000005]",2750894,"[3.170000000000001, 0.9100000000000006]",0.011815442183078863,4.608022451400757,5.110000000000001,"[0.312, 0.19900000000000004]",2751894,"[3.12, 1.9900000000000004]",0.010184769752698067,3.972060203552246,WelfareSolutionConcept,3.9800000000000004,0.9288971956034747,0.011162491333790315,0.0014254374830941772,4.353371620178223,0.5559206184067291,COMPLETE
275,5.732500000000001,2025-06-12 22:08:19.859842,2025-06-12 22:08:23.618557,0 days 00:00:03.758715,10,0.5331796496421426,0.10665200975215924,0.9871560513441211,0.09930839734399717,369,2758899,5.732500000000001,1.5205817143448754,0.44925000000000004,0.0014790199457748677,360.0,4,5.6800000000000015,"[0.44700000000000006, 0.12099999999999995]",2758899,"[4.470000000000001, 1.2099999999999995]",0.008525924550162422,3.0693328380584717,7.9,"[0.45099999999999996, 0.339]",2759899,"[4.51, 3.39]",0.006970256567001343,2.5092923641204834,3.6,"[0.45, -0.08999999999999998]",2760899,"[4.5, -0.8999999999999998]",0.009983354144626193,3.5940074920654297,5.750000000000001,"[0.449, 0.12600000000000003]",2761899,"[4.49, 1.2600000000000002]",0.0073574569490220815,2.648684501647949,WelfareSolutionConcept,4.4925,0.014790199457748725,0.00820924805270301,0.001173497381270332,2.9553292989730835,0.4224590572573197,COMPLETE
276,4.6325,2025-06-12 22:08:25.018227,2025-06-12 22:08:29.448078,0 days 00:00:04.429851,12,0.5621749691358874,0.08924527367301663,0.979179261524082,0.04455135093294249,384,2768905,4.6325,0.8706140074682924,0.46699999999999997,0.0479687398208458,380.0,4,4.370000000000001,"[0.43599999999999994, 0.001000000000000012]",2768905,"[4.359999999999999, 0.01000000000000012]",0.007898181363155968,3.0013089179992676,3.3200000000000003,"[0.442, -0.10999999999999999]",2769905,"[4.42, -1.0999999999999999]",0.008407339924260189,3.194789171218872,5.420000000000001,"[0.44000000000000006, 0.10200000000000001]",2770905,"[4.4, 1.02]",0.008687107186568411,3.301100730895996,5.42,"[0.5499999999999999, -0.007999999999999985]",2771905,"[5.499999999999999, -0.07999999999999985]",0.011236716571607087,4.269952297210693,WelfareSolutionConcept,4.67,0.4796873982084579,0.009057336261397915,0.001289661139678491,3.4417877793312073,0.4900712330778267,COMPLETE
