number,value,datetime_start,datetime_complete,duration,params_episode_length,params_epsilon_max,params_epsilon_min,params_gamma,params_learning_rate,params_num_episodes,user_attrs_base_seed,user_attrs_collective_reward_mean,user_attrs_collective_reward_std,user_attrs_individual_reward_agent0_mean,user_attrs_individual_reward_agent0_std,user_attrs_num_episodes_mean,user_attrs_num_parallel_runs,user_attrs_run_0_collective_reward,user_attrs_run_0_individual_rewards,user_attrs_run_0_seed,user_attrs_run_0_total_individual_rewards,user_attrs_run_0_training_time_per_episode,user_attrs_run_0_training_time_total,user_attrs_run_1_collective_reward,user_attrs_run_1_individual_rewards,user_attrs_run_1_seed,user_attrs_run_1_total_individual_rewards,user_attrs_run_1_training_time_per_episode,user_attrs_run_1_training_time_total,user_attrs_run_2_collective_reward,user_attrs_run_2_individual_rewards,user_attrs_run_2_seed,user_attrs_run_2_total_individual_rewards,user_attrs_run_2_training_time_per_episode,user_attrs_run_2_training_time_total,user_attrs_run_3_collective_reward,user_attrs_run_3_individual_rewards,user_attrs_run_3_seed,user_attrs_run_3_total_individual_rewards,user_attrs_run_3_training_time_per_episode,user_attrs_run_3_training_time_total,user_attrs_solution_concept,user_attrs_total_individual_reward_agent0_mean,user_attrs_total_individual_reward_agent0_std,user_attrs_training_time_per_episode_mean,user_attrs_training_time_per_episode_std,user_attrs_training_time_total_mean,user_attrs_training_time_total_std,state
139,5.174999999999996,2025-06-12 21:25:00.108766,2025-06-12 21:25:04.666033,0 days 00:00:04.557267,47,0.6383412830814827,0.10318242262580134,0.9844124154170001,0.00014268518181683953,178,1396300,5.174999999999996,1.5403489864313222,0.2597499999999999,0.11062182198824977,170.0,4,7.619999999999998,"[0.44800000000000006, 0.3139999999999999]",1396300,"[4.48, 3.139999999999999]",0.02468896332909079,4.197123765945435,4.9599999999999955,"[0.2219999999999999, 0.27399999999999985]",1397300,"[2.219999999999999, 2.7399999999999984]",0.023204853955437154,3.9448251724243164,4.759999999999996,"[0.20399999999999988, 0.2719999999999999]",1398300,"[2.0399999999999987, 2.719999999999999]",0.025818436286028694,4.389134168624878,3.359999999999997,"[0.16499999999999984, 0.17099999999999987]",1399300,"[1.6499999999999984, 1.7099999999999986]",0.025622129440307617,4.355762004852295,MinimaxSolutionConcept,2.5974999999999993,1.1062182198824975,0.024833595752716063,0.0010326440132845023,4.221711277961731,0.17554948225836528,COMPLETE
140,9.117499999999998,2025-06-12 21:25:04.681135,2025-06-12 21:25:08.211561,0 days 00:00:03.530426,49,0.6993521891320378,0.13719273927942324,0.9806679426795822,0.00011949620063027096,132,1406304,9.117499999999998,3.6652924508148055,0.4547499999999999,0.2588130357999767,130.0,4,5.669999999999997,"[0.26599999999999985, 0.3009999999999998]",1406304,"[2.6599999999999984, 3.009999999999998]",0.025229112918560323,3.279784679412842,8.469999999999997,"[0.5689999999999998, 0.27799999999999986]",1407304,"[5.689999999999999, 2.7799999999999985]",0.02275830598977896,2.9585797786712646,7.099999999999998,"[0.16299999999999987, 0.5469999999999999]",1408304,"[1.6299999999999986, 5.469999999999999]",0.025674137702355018,3.3376379013061523,15.229999999999999,"[0.8210000000000001, 0.7019999999999998]",1409304,"[8.21, 7.019999999999999]",0.022560677161583532,2.9328880310058594,MinimaxSolutionConcept,4.547499999999999,2.5881303579997677,0.02405555844306946,0.00140664164758115,3.1272225975990295,0.18286341418554947,COMPLETE
141,7.327499999999997,2025-06-12 21:25:08.940425,2025-06-12 21:25:11.744517,0 days 00:00:02.804092,49,0.7247397631206591,0.15335577236713904,0.9813138842743044,0.00010796915860452041,127,1416308,7.327499999999997,0.5812647847582039,0.27849999999999986,0.14000089285429576,120.0,4,7.809999999999998,"[0.17299999999999985, 0.6079999999999999]",1416308,"[1.7299999999999984, 6.079999999999998]",0.020283786455790202,2.434054374694824,6.4199999999999955,"[0.32499999999999984, 0.3169999999999999]",1417308,"[3.2499999999999982, 3.169999999999999]",0.021956227223078408,2.634747266769409,7.859999999999998,"[0.4859999999999999, 0.2999999999999998]",1418308,"[4.8599999999999985, 2.9999999999999982]",0.020655937989552817,2.478712558746338,7.219999999999997,"[0.12999999999999984, 0.5919999999999999]",1419308,"[1.2999999999999985, 5.919999999999998]",0.021832712491353354,2.6199254989624023,MinimaxSolutionConcept,2.784999999999999,1.4000089285429576,0.021182166039943693,0.0007256692150903881,2.5418599247932434,0.08708030581084662,COMPLETE
142,8.639999999999997,2025-06-12 21:25:11.758777,2025-06-12 21:25:14.944665,0 days 00:00:03.185888,49,0.7061997729975357,0.12789274019517255,0.9762680017969464,0.00012692896032030627,132,1426311,8.639999999999997,2.714986187810171,0.46299999999999986,0.07743384273042378,130.0,4,12.499999999999998,"[0.5529999999999999, 0.697]",1426311,"[5.529999999999999, 6.97]",0.02050018310546875,2.6650238037109375,6.799999999999995,"[0.34499999999999986, 0.33499999999999985]",1427311,"[3.4499999999999984, 3.3499999999999988]",0.020608197725736178,2.679065704345703,9.769999999999996,"[0.44899999999999984, 0.5279999999999999]",1428311,"[4.489999999999998, 5.279999999999999]",0.022513930614177998,2.9268109798431396,5.489999999999997,"[0.5049999999999998, 0.04399999999999983]",1429311,"[5.049999999999998, 0.4399999999999983]",0.023144793510437012,3.0088231563568115,MinimaxSolutionConcept,4.629999999999998,0.7743384273042379,0.021691776238954984,0.0011598743033195927,2.819930911064148,0.15078365943154703,COMPLETE
143,8.129999999999997,2025-06-12 21:25:14.959444,2025-06-12 21:25:18.150596,0 days 00:00:03.191152,48,0.7037044966686713,0.13012266610376189,0.9779879390630277,0.0001219152285815753,132,1436315,8.129999999999997,1.4327072275939705,0.36174999999999985,0.18010188088967868,130.0,4,9.719999999999999,"[0.6579999999999999, 0.3139999999999999]",1436315,"[6.579999999999999, 3.139999999999999]",0.022140114124004656,2.8782148361206055,7.549999999999998,"[0.3249999999999999, 0.4299999999999999]",1437315,"[3.249999999999999, 4.299999999999999]",0.020617761978736292,2.6803090572357178,6.069999999999997,"[0.2909999999999998, 0.3159999999999999]",1438315,"[2.9099999999999984, 3.159999999999999]",0.023148281757648173,3.0092766284942627,9.179999999999996,"[0.17299999999999988, 0.7449999999999999]",1439315,"[1.7299999999999986, 7.449999999999999]",0.022463774681091307,2.92029070854187,MinimaxSolutionConcept,3.617499999999999,1.801018808896787,0.022092483135370107,0.0009259642735589186,2.872022807598114,0.12037535556265955,COMPLETE
144,6.2499999999999964,2025-06-12 21:25:18.167037,2025-06-12 21:25:21.142025,0 days 00:00:02.974988,50,0.6863472031824612,0.131581945815038,0.9877359622088486,0.00015181691501910667,116,1446318,6.2499999999999964,3.6793817415430006,0.33374999999999994,0.14559597350201692,110.0,4,6.689999999999996,"[0.514, 0.15499999999999983]",1446318,"[5.140000000000001, 1.5499999999999983]",0.023777539079839535,2.6155292987823486,9.609999999999996,"[0.27299999999999985, 0.688]",1447318,"[2.7299999999999986, 6.879999999999999]",0.0240152662450617,2.641679286956787,0.13999999999999602,"[0.12999999999999987, -0.11600000000000019]",1448318,"[1.2999999999999987, -1.160000000000002]",0.02532023083079945,2.7852253913879395,8.559999999999999,"[0.41799999999999987, 0.4379999999999999]",1449318,"[4.179999999999999, 4.379999999999999]",0.022537259622053666,2.4790985584259033,MinimaxSolutionConcept,3.3374999999999995,1.4559597350201694,0.02391257394443859,0.0009876446119861137,2.6303831338882446,0.10864090731847251,COMPLETE
145,7.202499999999997,2025-06-12 21:25:21.156625,2025-06-12 21:25:24.626154,0 days 00:00:03.469529,49,0.7233058659362506,0.07942493240550025,0.9804602799029005,0.00018306926454404686,138,1456321,7.202499999999997,2.876033509888228,0.4252499999999999,0.147606529327127,130.0,4,4.109999999999998,"[0.1989999999999999, 0.21199999999999983]",1456321,"[1.9899999999999989, 2.1199999999999983]",0.02349248849428617,3.054023504257202,6.1099999999999985,"[0.61, 0.0009999999999998122]",1457321,"[6.1, 0.009999999999998122]",0.021081275206345777,2.740565776824951,11.899999999999999,"[0.46799999999999986, 0.7219999999999999]",1458321,"[4.679999999999999, 7.219999999999999]",0.022549003821152908,2.931370496749878,6.689999999999996,"[0.4239999999999998, 0.24499999999999983]",1459321,"[4.239999999999998, 2.4499999999999984]",0.02519945181333102,3.2759287357330322,MinimaxSolutionConcept,4.252499999999999,1.4760652932712701,0.023080554833778966,0.0014949146512683302,3.000472128391266,0.19433890466488282,COMPLETE
146,7.309999999999998,2025-06-12 21:25:25.324559,2025-06-12 21:25:27.763734,0 days 00:00:02.439175,48,0.7611740065467327,0.14413145222974919,0.9778945500666016,0.0001303696987417054,108,1466325,7.309999999999998,1.175265927354316,0.37699999999999995,0.12113009535206355,100.0,4,6.389999999999998,"[0.4589999999999999, 0.17999999999999985]",1466325,"[4.589999999999999, 1.7999999999999985]",0.02112605333328247,2.112605333328247,8.949999999999998,"[0.16799999999999984, 0.727]",1467325,"[1.6799999999999984, 7.27]",0.020243990421295165,2.0243990421295166,7.879999999999998,"[0.45099999999999996, 0.33699999999999986]",1468325,"[4.51, 3.3699999999999983]",0.021008203029632567,2.100820302963257,6.019999999999997,"[0.4299999999999999, 0.17199999999999988]",1469325,"[4.299999999999999, 1.7199999999999989]",0.02250920295715332,2.250920295715332,MinimaxSolutionConcept,3.769999999999999,1.2113009535206356,0.02122186243534088,0.0008167479753019009,2.122186243534088,0.08167479753019004,COMPLETE
147,7.539999999999997,2025-06-12 21:25:27.778699,2025-06-12 21:25:31.293492,0 days 00:00:03.514793,47,0.6925585156294295,0.12586851971787488,0.9839563972160699,0.00010285053475038456,153,1476327,7.539999999999997,0.8091044431963041,0.27999999999999986,0.10437193109260746,150.0,4,7.899999999999998,"[0.16699999999999987, 0.623]",1476327,"[1.6699999999999986, 6.23]",0.020737538337707518,3.110630750656128,8.169999999999998,"[0.18599999999999983, 0.631]",1477327,"[1.8599999999999983, 6.3100000000000005]",0.02112130800882975,3.168196201324463,7.939999999999998,"[0.3669999999999999, 0.4269999999999999]",1478327,"[3.669999999999999, 4.269999999999999]",0.021144652366638185,3.1716978549957275,6.149999999999996,"[0.39999999999999986, 0.21499999999999986]",1479327,"[3.9999999999999987, 2.1499999999999986]",0.022331061363220214,3.3496592044830322,MinimaxSolutionConcept,2.7999999999999985,1.0437193109260747,0.021333640019098918,0.0005981195047049441,3.2000460028648376,0.08971792570574164,COMPLETE
148,7.009999999999998,2025-06-12 21:25:31.308253,2025-06-12 21:25:35.033537,0 days 00:00:03.725284,46,0.6095775723020488,0.13434294166969302,0.9716946034277688,0.00013539496716607894,163,1486331,7.009999999999998,2.272168567690347,0.3457499999999999,0.11326600328430414,160.0,4,9.299999999999999,"[0.4389999999999999, 0.49099999999999994]",1486331,"[4.389999999999999, 4.909999999999999]",0.021600642800331117,3.4561028480529785,7.689999999999998,"[0.18399999999999989, 0.585]",1487331,"[1.839999999999999, 5.85]",0.021602603793144225,3.456416606903076,7.8199999999999985,"[0.46399999999999986, 0.3179999999999999]",1488331,"[4.639999999999999, 3.179999999999999]",0.021827925741672517,3.4924681186676025,3.2299999999999973,"[0.29599999999999993, 0.026999999999999837]",1489331,"[2.959999999999999, 0.26999999999999835]",0.020933176577091216,3.3493082523345947,MinimaxSolutionConcept,3.457499999999999,1.1326600328430414,0.021491087228059768,0.0003350980626700704,3.438573956489563,0.05361569002721118,COMPLETE
149,5.884999999999998,2025-06-12 21:25:35.052421,2025-06-12 21:25:38.438399,0 days 00:00:03.385978,49,0.713747961489428,0.13750515222435544,0.9733913889051514,0.00020398622091656078,133,1496335,5.884999999999998,1.0757439286372947,0.27249999999999985,0.1643509963462346,130.0,4,6.379999999999997,"[0.3459999999999998, 0.2919999999999998]",1496335,"[3.459999999999998, 2.919999999999998]",0.022521198712862456,2.927755832672119,4.459999999999997,"[0.27299999999999985, 0.1729999999999999]",1497335,"[2.7299999999999986, 1.729999999999999]",0.024197327173673188,3.1456525325775146,7.329999999999998,"[0.4589999999999999, 0.27399999999999985]",1498335,"[4.589999999999999, 2.7399999999999984]",0.024602506710932805,3.1983258724212646,5.3699999999999966,"[0.011999999999999806, 0.5249999999999999]",1499335,"[0.11999999999999805, 5.249999999999999]",0.022140108622037448,2.878214120864868,MinimaxSolutionConcept,2.7249999999999983,1.6435099634623458,0.023365285304876478,0.0010531560375871437,3.0374870896339417,0.13691028488632875,COMPLETE
150,7.997499999999998,2025-06-12 21:25:38.459278,2025-06-12 21:25:41.266261,0 days 00:00:02.806983,48,0.6307490368558877,0.135171237884014,0.9800371538036416,0.00016314173960900802,118,1506338,7.997499999999998,1.5243092698005876,0.5042499999999999,0.23028284239169883,110.0,4,8.259999999999998,"[0.43199999999999994, 0.39399999999999996]",1506338,"[4.319999999999999, 3.9399999999999995]",0.022435268488797275,2.4678795337677,10.319999999999999,"[0.5919999999999999, 0.4399999999999998]",1507338,"[5.919999999999998, 4.399999999999998]",0.02129867510362105,2.3428542613983154,6.209999999999998,"[0.18099999999999988, 0.4399999999999998]",1508338,"[1.8099999999999987, 4.399999999999998]",0.023866484381935813,2.6253132820129395,7.199999999999997,"[0.8119999999999999, -0.09200000000000016]",1509338,"[8.12, -0.9200000000000017]",0.023041220144792037,2.534534215927124,MinimaxSolutionConcept,5.042499999999999,2.3028284239169885,0.022660412029786543,0.0009360345091401206,2.4926453232765198,0.10296379600541324,COMPLETE
151,7.364999999999998,2025-06-12 21:25:41.989323,2025-06-12 21:25:46.200556,0 days 00:00:04.211233,45,0.6727837486551727,0.15226196264239406,0.9756826724433795,0.00011756401746039684,192,1516342,7.364999999999998,4.507690650432881,0.28624999999999984,0.24280483417757567,190.0,4,3.6799999999999975,"[0.06999999999999984, 0.2979999999999999]",1516342,"[0.6999999999999984, 2.9799999999999986]",0.02138040442215769,4.062276840209961,2.559999999999998,"[0.06299999999999986, 0.1929999999999999]",1517342,"[0.6299999999999986, 1.9299999999999988]",0.021002183462444105,3.99041485786438,9.54,"[0.35999999999999976, 0.5939999999999999]",1518342,"[3.599999999999998, 5.939999999999999]",0.020206717440956517,3.8392763137817383,13.68,"[0.6519999999999999, 0.7159999999999999]",1519342,"[6.52, 7.159999999999998]",0.01921990294205515,3.6517815589904785,MinimaxSolutionConcept,2.8624999999999985,2.4280483417757566,0.020452302066903367,0.0008280795466648352,3.8859373927116394,0.15733511386631863,COMPLETE
152,4.524999999999997,2025-06-12 21:25:46.215094,2025-06-12 21:25:50.395634,0 days 00:00:04.180540,46,0.6501299440723477,0.01399503608911351,0.9762947033706283,0.0009053320259945467,182,1526346,4.524999999999997,1.6314487426824047,0.23649999999999988,0.17620513613399585,180.0,4,6.979999999999997,"[0.5309999999999999, 0.16699999999999987]",1526346,"[5.309999999999999, 1.6699999999999986]",0.020182421472337512,3.632835865020752,3.619999999999997,"[0.1869999999999999, 0.17499999999999988]",1527346,"[1.8699999999999988, 1.7499999999999987]",0.022350083457099067,4.023015022277832,2.609999999999997,"[0.06399999999999986, 0.1969999999999999]",1528346,"[0.6399999999999986, 1.9699999999999989]",0.02145620716942681,3.862117290496826,4.889999999999997,"[0.16399999999999987, 0.32499999999999996]",1529346,"[1.6399999999999988, 3.2499999999999996]",0.021464526653289795,3.863614797592163,MinimaxSolutionConcept,2.364999999999999,1.7620513613399582,0.021363309688038297,0.000772511207910674,3.8453957438468933,0.13905201742392137,COMPLETE
153,7.777499999999998,2025-06-12 21:25:50.409820,2025-06-12 21:25:53.787217,0 days 00:00:03.377397,50,0.6610122288700098,0.11042764426403846,0.9828247653354693,0.024552463777923885,142,1536350,7.777499999999998,1.7428909174127913,0.3997499999999998,0.08420622007904165,140.0,4,10.69,"[0.4829999999999998, 0.586]",1536350,"[4.829999999999998, 5.859999999999999]",0.02200812441962106,3.0811374187469482,7.539999999999997,"[0.2919999999999999, 0.4619999999999999]",1537350,"[2.919999999999999, 4.619999999999999]",0.02250025953565325,3.150036334991455,6.569999999999998,"[0.48099999999999987, 0.17599999999999985]",1538350,"[4.809999999999999, 1.7599999999999985]",0.020713019371032714,2.89982271194458,6.309999999999999,"[0.34299999999999986, 0.2879999999999999]",1539350,"[3.429999999999999, 2.879999999999999]",0.02297494752066476,3.2164926528930664,MinimaxSolutionConcept,3.9974999999999987,0.8420622007904164,0.022049087711742944,0.0008437311483548748,3.0868722796440125,0.11812236076968245,COMPLETE
154,5.667499999999997,2025-06-12 21:25:53.801323,2025-06-12 21:25:57.477075,0 days 00:00:03.675752,47,0.7034853056114329,0.10024327049941047,0.9861304844892566,0.0052496996597879795,169,1546353,5.667499999999997,2.677511671309763,0.29924999999999985,0.10264593270071642,160.0,4,9.159999999999997,"[0.4709999999999999, 0.44499999999999995]",1546353,"[4.709999999999999, 4.449999999999999]",0.021970850229263306,3.515336036682129,5.819999999999998,"[0.24099999999999983, 0.34099999999999986]",1547353,"[2.4099999999999984, 3.4099999999999984]",0.020699340105056762,3.311894416809082,6.059999999999998,"[0.2799999999999998, 0.3259999999999999]",1548353,"[2.799999999999998, 3.259999999999999]",0.02082541584968567,3.332066535949707,1.6299999999999972,"[0.2049999999999999, -0.04200000000000016]",1549353,"[2.049999999999999, -0.4200000000000016]",0.021510766446590425,3.4417226314544678,MinimaxSolutionConcept,2.9924999999999984,1.026459327007164,0.02125159315764904,0.0005174727192539284,3.4002549052238464,0.08279563508062844,COMPLETE
155,7.767499999999998,2025-06-12 21:25:57.491512,2025-06-12 21:25:59.580251,0 days 00:00:02.088739,40,0.8848713305121585,0.07472916807365504,0.9792851879562094,0.00023848226400388596,100,1556357,7.767499999999998,1.4373999965214967,0.30399999999999994,0.10916959283610064,100.0,4,7.489999999999998,"[0.2599999999999999, 0.4889999999999999]",1556357,"[2.5999999999999988, 4.889999999999999]",0.019104239940643312,1.910423994064331,10.129999999999997,"[0.4899999999999999, 0.5229999999999999]",1557357,"[4.899999999999999, 5.229999999999999]",0.017515213489532472,1.751521348953247,7.189999999999999,"[0.2099999999999999, 0.509]",1558357,"[2.099999999999999, 5.09]",0.01927835464477539,1.927835464477539,6.259999999999998,"[0.2559999999999999, 0.37]",1559357,"[2.5599999999999987, 3.7]",0.018691418170928956,1.8691418170928955,MinimaxSolutionConcept,3.0399999999999987,1.0916959283610064,0.018647306561470033,0.0006874937007100788,1.8647306561470032,0.0687493700710079,COMPLETE
156,4.672499999999999,2025-06-12 21:26:00.257455,2025-06-12 21:26:02.462677,0 days 00:00:02.205222,26,0.9006261476839627,0.11669621266691102,0.9748457574612135,0.08786977702939713,156,1566360,4.672499999999999,1.1041371065225547,0.16324999999999998,0.10015581610670447,150.0,4,4.42,"[0.21299999999999994, 0.229]",1566360,"[2.1299999999999994, 2.29]",0.013523581822713217,2.0285372734069824,5.689999999999999,"[0.22299999999999995, 0.346]",1567360,"[2.2299999999999995, 3.46]",0.013628033002217611,2.0442049503326416,5.609999999999999,"[0.227, 0.33399999999999996]",1568360,"[2.27, 3.34]",0.013447740872701008,2.0171611309051514,2.9699999999999998,"[-0.010000000000000054, 0.30700000000000005]",1569360,"[-0.10000000000000053, 3.0700000000000003]",0.013524594306945801,2.02868914604187,MinimaxSolutionConcept,1.6324999999999996,1.0015581610670448,0.01353098750114441,6.411619809149203e-05,2.0296481251716614,0.009617429713723756,COMPLETE
157,5.2624999999999975,2025-06-12 21:26:02.477601,2025-06-12 21:26:06.870027,0 days 00:00:04.392426,43,0.6211707294309534,0.031616549256059,0.9561485905472948,0.00015083641014423198,202,1576362,5.2624999999999975,1.1719294987327524,0.30974999999999986,0.12759383801735882,200.0,4,3.949999999999998,"[0.4169999999999999, -0.02200000000000014]",1576362,"[4.169999999999999, -0.22000000000000142]",0.020628851652145386,4.125770330429077,7.019999999999999,"[0.37199999999999983, 0.3299999999999999]",1577362,"[3.7199999999999984, 3.299999999999999]",0.019290889501571654,3.858177900314331,4.499999999999998,"[0.09199999999999989, 0.3579999999999999]",1578362,"[0.9199999999999988, 3.5799999999999987]",0.020005106925964355,4.001021385192871,5.5799999999999965,"[0.35799999999999993, 0.19999999999999984]",1579362,"[3.579999999999999, 1.9999999999999984]",0.021137462854385378,4.227492570877075,MinimaxSolutionConcept,3.0974999999999984,1.2759383801735882,0.02026557773351669,0.0006910162434825899,4.053115546703339,0.1382032486965178,COMPLETE
158,7.002499999999998,2025-06-12 21:26:06.884310,2025-06-12 21:26:10.924310,0 days 00:00:04.040000,45,0.6818847308128301,0.12258762748603723,0.9814355872574483,0.00010004382189820725,187,1586366,7.002499999999998,2.5343773890247685,0.21799999999999983,0.3338030856657859,180.0,4,6.669999999999997,"[0.22399999999999984, 0.4429999999999999]",1586366,"[2.2399999999999984, 4.429999999999999]",0.021279617150624593,3.8303310871124268,5.029999999999997,"[-0.0640000000000002, 0.567]",1587366,"[-0.6400000000000019, 5.67]",0.021519074175092908,3.8734333515167236,5.069999999999998,"[-0.04900000000000017, 0.5559999999999998]",1588366,"[-0.49000000000000166, 5.559999999999999]",0.02124584515889486,3.824252128601074,11.239999999999998,"[0.7609999999999999, 0.3629999999999998]",1589366,"[7.609999999999999, 3.629999999999998]",0.021483839882744684,3.867091178894043,MinimaxSolutionConcept,2.179999999999999,3.3380308566578596,0.021382094091839263,0.0001206037358297297,3.848776936531067,0.021708672449351457,COMPLETE
