number,value,datetime_start,datetime_complete,duration,params_episode_length,params_epsilon_max,params_epsilon_min,params_gamma,params_learning_rate,params_num_episodes,user_attrs_base_seed,user_attrs_collective_reward_mean,user_attrs_collective_reward_std,user_attrs_individual_reward_agent0_mean,user_attrs_individual_reward_agent0_std,user_attrs_num_episodes_mean,user_attrs_num_parallel_runs,user_attrs_run_0_collective_reward,user_attrs_run_0_individual_rewards,user_attrs_run_0_seed,user_attrs_run_0_total_individual_rewards,user_attrs_run_0_training_time_per_episode,user_attrs_run_0_training_time_total,user_attrs_run_1_collective_reward,user_attrs_run_1_individual_rewards,user_attrs_run_1_seed,user_attrs_run_1_total_individual_rewards,user_attrs_run_1_training_time_per_episode,user_attrs_run_1_training_time_total,user_attrs_run_2_collective_reward,user_attrs_run_2_individual_rewards,user_attrs_run_2_seed,user_attrs_run_2_total_individual_rewards,user_attrs_run_2_training_time_per_episode,user_attrs_run_2_training_time_total,user_attrs_run_3_collective_reward,user_attrs_run_3_individual_rewards,user_attrs_run_3_seed,user_attrs_run_3_total_individual_rewards,user_attrs_run_3_training_time_per_episode,user_attrs_run_3_training_time_total,user_attrs_solution_concept,user_attrs_total_individual_reward_agent0_mean,user_attrs_total_individual_reward_agent0_std,user_attrs_training_time_per_episode_mean,user_attrs_training_time_per_episode_std,user_attrs_training_time_total_mean,user_attrs_training_time_total_std,state
399,5.322499999999998,2025-06-12 22:21:54.836316,2025-06-12 22:22:03.469989,0 days 00:00:08.633673,43,0.864316843916926,0.1032369654179927,0.9727718589173545,0.0001350271474042469,251,3999714,5.322499999999998,1.5383818609175033,0.17324999999999985,0.137139299619037,250.0,4,7.059999999999998,"[0.3629999999999999, 0.34299999999999986]",3999714,"[3.629999999999999, 3.429999999999999]",0.029132119178771974,7.283029794692993,5.2499999999999964,"[0.16499999999999984, 0.35999999999999993]",4000714,"[1.6499999999999984, 3.599999999999999]",0.03140331649780274,7.850829124450684,2.8999999999999977,"[-0.024000000000000132, 0.3139999999999998]",4001714,"[-0.24000000000000132, 3.139999999999998]",0.03367012500762939,8.417531251907349,6.079999999999998,"[0.1889999999999999, 0.41899999999999993]",4002714,"[1.8899999999999988, 4.1899999999999995]",0.03265489101409912,8.16372275352478,MinimaxSolutionConcept,1.7324999999999988,1.3713929961903701,0.03171511292457581,0.0016936889328507008,7.928778231143951,0.42342223321267547,COMPLETE
400,6.7224999999999975,2025-06-12 22:22:03.485506,2025-06-12 22:22:10.183266,0 days 00:00:06.697760,48,0.6454111105801728,0.09695306488282418,0.9764723856520932,0.01578665224306664,207,4009723,6.7224999999999975,1.1378131437103371,0.2939999999999999,0.2503727221563883,200.0,4,6.799999999999998,"[-0.06200000000000018, 0.7420000000000001]",4009723,"[-0.6200000000000018, 7.420000000000001]",0.03263055920600891,6.526111841201782,7.379999999999998,"[0.28899999999999987, 0.44899999999999984]",4010723,"[2.889999999999999, 4.489999999999998]",0.022596510648727416,4.519302129745483,4.859999999999998,"[0.3029999999999999, 0.18299999999999988]",4011723,"[3.029999999999999, 1.8299999999999987]",0.030423216819763184,6.084643363952637,7.849999999999998,"[0.6459999999999999, 0.13899999999999985]",4012723,"[6.459999999999999, 1.3899999999999983]",0.02409334182739258,4.818668365478516,MinimaxSolutionConcept,2.9399999999999986,2.5037272215638833,0.02743590712547302,0.004198241610438982,5.4871814250946045,0.8396483220877965,COMPLETE
401,6.597499999999997,2025-06-12 22:22:12.260510,2025-06-12 22:22:16.493473,0 days 00:00:04.232963,44,0.6529956705748609,0.03567008330729015,0.9577565920402992,0.00011402237298587665,139,4019732,6.597499999999997,3.3117093396009256,0.24874999999999986,0.1821144900879664,130.0,4,11.059999999999997,"[0.3759999999999999, 0.73]",4019732,"[3.759999999999999, 7.3]",0.030655763699458195,3.9852492809295654,8.439999999999998,"[0.3839999999999999, 0.45999999999999985]",4020732,"[3.839999999999999, 4.599999999999999]",0.02536022479717548,3.2968292236328125,4.029999999999998,"[0.29599999999999993, 0.10699999999999985]",4021732,"[2.959999999999999, 1.0699999999999985]",0.02539370793562669,3.3011820316314697,2.8599999999999977,"[-0.061000000000000144, 0.347]",4022732,"[-0.6100000000000014, 3.4699999999999998]",0.03125639878786527,4.063331842422485,MinimaxSolutionConcept,2.487499999999999,1.8211449008796636,0.02816652380503141,0.0027976536878545327,3.6616480946540833,0.3636949794210892,COMPLETE
402,8.519999999999998,2025-06-12 22:22:16.508880,2025-06-12 22:22:21.157161,0 days 00:00:04.648281,41,0.5763971866717685,0.11341228628789433,0.9713024711557615,0.00015602795432796915,150,4029736,8.519999999999998,1.2734205903785287,0.43174999999999997,0.13092817687572073,150.0,4,9.759999999999998,"[0.46799999999999986, 0.5079999999999999]",4029736,"[4.679999999999999, 5.079999999999999]",0.022163718541463217,3.3245577812194824,9.799999999999999,"[0.618, 0.36199999999999993]",4030736,"[6.18, 3.619999999999999]",0.020677628517150878,3.101644277572632,6.999999999999998,"[0.3829999999999999, 0.3169999999999999]",4031736,"[3.829999999999999, 3.169999999999999]",0.029739449818929037,4.4609174728393555,7.519999999999998,"[0.2579999999999999, 0.49399999999999994]",4032736,"[2.579999999999999, 4.9399999999999995]",0.021488981246948244,3.2233471870422363,MinimaxSolutionConcept,4.317499999999999,1.309281768757207,0.023517444531122842,0.0036306040181016777,3.5276166796684265,0.5445906027152516,COMPLETE
403,7.174999999999997,2025-06-12 22:22:21.176455,2025-06-12 22:22:24.887587,0 days 00:00:03.711132,47,0.9663820007273198,0.043601673962456566,0.9616285628270282,0.00033877946834773434,125,4039741,7.174999999999997,1.3804618792273837,0.24924999999999986,0.08751392746300442,120.0,4,9.299999999999997,"[0.3649999999999999, 0.565]",4039741,"[3.6499999999999986, 5.6499999999999995]",0.019633575280507406,2.3560290336608887,5.939999999999998,"[0.2999999999999998, 0.2939999999999999]",4040741,"[2.9999999999999982, 2.9399999999999986]",0.02945587436358134,3.5347049236297607,5.959999999999997,"[0.14599999999999985, 0.4499999999999999]",4041741,"[1.4599999999999986, 4.499999999999999]",0.029337149858474732,3.5204579830169678,7.499999999999997,"[0.1859999999999999, 0.564]",4042741,"[1.859999999999999, 5.64]",0.020065448681513467,2.407853841781616,MinimaxSolutionConcept,2.492499999999999,0.875139274630044,0.024623012046019237,0.004776125955046117,2.9547614455223083,0.573135114605534,COMPLETE
404,6.1149999999999975,2025-06-12 22:22:24.902958,2025-06-12 22:22:38.678570,0 days 00:00:13.775612,46,0.8123175043245096,0.08995747599669433,0.9811152924428427,0.00010076737667227012,487,4049744,6.1149999999999975,2.52881889426665,0.32374999999999987,0.1272563849085774,480.0,4,8.499999999999998,"[0.49799999999999994, 0.3519999999999999]",4049744,"[4.9799999999999995, 3.519999999999999]",0.018832951287428536,9.039816617965698,1.879999999999997,"[0.28799999999999987, -0.10000000000000017]",4050744,"[2.8799999999999986, -1.0000000000000018]",0.02829415996869405,13.581196784973145,7.389999999999997,"[0.14599999999999985, 0.5929999999999997]",4051744,"[1.4599999999999986, 5.929999999999998]",0.022195527454217275,10.653853178024292,6.689999999999998,"[0.3629999999999999, 0.30599999999999994]",4052744,"[3.629999999999999, 3.0599999999999996]",0.02069287051757177,9.932577848434448,MinimaxSolutionConcept,3.237499999999999,1.272563849085774,0.022503877306977907,0.0035488694103385874,10.801861107349396,1.7034573169625218,COMPLETE
405,4.779999999999998,2025-06-12 22:22:38.698878,2025-06-12 22:22:45.462526,0 days 00:00:06.763648,37,0.8842965041869568,0.08175853618734998,0.968799677369645,0.03613839082369128,246,4059758,4.779999999999998,1.4038696520688803,0.2272499999999999,0.12219528427889516,240.0,4,5.179999999999998,"[0.2659999999999999, 0.25199999999999984]",4059758,"[2.6599999999999993, 2.5199999999999982]",0.024109065532684326,5.786175727844238,5.649999999999999,"[0.4089999999999999, 0.15599999999999992]",4060758,"[4.089999999999999, 1.5599999999999992]",0.022445310155550638,5.386874437332153,2.3899999999999983,"[0.13799999999999993, 0.10099999999999991]",4061758,"[1.3799999999999992, 1.0099999999999991]",0.020795407891273498,4.99089789390564,5.899999999999997,"[0.09599999999999989, 0.49399999999999994]",4062758,"[0.9599999999999989, 4.9399999999999995]",0.02737674613793691,6.570419073104858,MinimaxSolutionConcept,2.272499999999999,1.2219528427889517,0.023681632429361343,0.0024338934460088973,5.683591783046722,0.5841344270421354,COMPLETE
406,4.924999999999998,2025-06-12 22:22:47.904841,2025-06-12 22:22:53.975004,0 days 00:00:06.070163,45,0.6312511468564848,0.039150972385351666,0.9747478276915894,0.005704003233844396,182,4069767,4.924999999999998,2.812956629598117,0.2902499999999999,0.07958132632722324,180.0,4,8.249999999999996,"[0.4009999999999998, 0.4239999999999998]",4069767,"[4.009999999999998, 4.239999999999998]",0.024620861477322047,4.431755065917969,1.2799999999999971,"[0.2239999999999999, -0.09600000000000017]",4070767,"[2.239999999999999, -0.9600000000000017]",0.02778364684846666,5.001056432723999,6.9899999999999975,"[0.3299999999999999, 0.3689999999999999]",4071767,"[3.299999999999999, 3.6899999999999986]",0.03262491756015354,5.872485160827637,3.1799999999999984,"[0.20599999999999988, 0.11199999999999988]",4072767,"[2.0599999999999987, 1.1199999999999988]",0.02973806858062744,5.3528523445129395,MinimaxSolutionConcept,2.9024999999999985,0.7958132632722325,0.02869187361664242,0.0029138194120939417,5.164537250995636,0.5244874941769093,COMPLETE
407,9.172499999999998,2025-06-12 22:22:53.991444,2025-06-12 22:23:02.410168,0 days 00:00:08.418724,50,0.9447325430911886,0.10004334959328433,0.9826305669642873,0.0001752131925203174,287,4079774,9.172499999999998,5.066840114903964,0.42599999999999993,0.17978737441767156,280.0,4,12.099999999999998,"[0.469, 0.7409999999999999]",4079774,"[4.6899999999999995, 7.409999999999998]",0.023864224978855677,6.68198299407959,0.4499999999999963,"[0.12099999999999982, -0.0760000000000002]",4080774,"[1.2099999999999982, -0.760000000000002]",0.023797557183674403,6.663316011428833,11.279999999999996,"[0.5499999999999999, 0.578]",4081774,"[5.499999999999999, 5.779999999999999]",0.021603326286588398,6.048931360244751,12.86,"[0.564, 0.7219999999999999]",4082774,"[5.64, 7.219999999999999]",0.029422428778239657,8.238280057907104,MinimaxSolutionConcept,4.259999999999999,1.7978737441767156,0.024671884306839535,0.002889657531904923,6.90812760591507,0.8091041089333786,COMPLETE
408,6.684999999999998,2025-06-12 22:23:02.425769,2025-06-12 22:23:07.722347,0 days 00:00:05.296578,47,0.6615196913829654,0.08656059920773289,0.9779385978540843,0.00012721653453381476,158,4089782,6.684999999999998,3.847138547024269,0.26949999999999985,0.19786169411990792,150.0,4,9.609999999999996,"[0.33599999999999985, 0.625]",4089782,"[3.3599999999999985, 6.25]",0.024472797711690267,3.67091965675354,8.729999999999999,"[0.3299999999999998, 0.5429999999999999]",4090782,"[3.299999999999998, 5.43]",0.032337946891784666,4.8506920337677,0.06999999999999673,"[-0.05900000000000018, 0.06599999999999984]",4091782,"[-0.5900000000000017, 0.6599999999999984]",0.025212059020996092,3.781808853149414,8.329999999999998,"[0.4709999999999999, 0.36199999999999993]",4092782,"[4.709999999999999, 3.619999999999999]",0.03398205121358236,5.0973076820373535,MinimaxSolutionConcept,2.6949999999999985,1.9786169411990793,0.029001213709513345,0.004207338091788655,4.350182056427002,0.6311007137682981,COMPLETE
409,6.057499999999998,2025-06-12 22:23:07.740862,2025-06-12 22:23:12.217564,0 days 00:00:04.476702,42,0.6124494500007461,0.09418811765674089,0.9856618458515156,0.0002511736949049043,130,4099787,6.057499999999998,3.0194649774421967,0.39274999999999993,0.1251126991955653,130.0,4,5.589999999999998,"[0.44899999999999995, 0.10999999999999988]",4099787,"[4.489999999999999, 1.0999999999999988]",0.03296369222494272,4.285279989242554,1.5699999999999976,"[0.17699999999999988, -0.02000000000000014]",4100787,"[1.7699999999999987, -0.2000000000000014]",0.02954253416794997,3.840529441833496,9.92,"[0.48199999999999993, 0.51]",4101787,"[4.819999999999999, 5.1]",0.025354618292588452,3.296100378036499,7.1499999999999995,"[0.46299999999999997, 0.2519999999999999]",4102787,"[4.63, 2.5199999999999987]",0.02946761571443998,3.8307900428771973,MinimaxSolutionConcept,3.9274999999999993,1.2511269919556531,0.02933211509998028,0.002695898267185115,3.8131749629974365,0.35046677473406496,COMPLETE
410,7.859999999999998,2025-06-12 22:23:12.237813,2025-06-12 22:23:17.369619,0 days 00:00:05.131806,44,0.6390056507266498,0.16857977914546485,0.9799822541198735,0.00020613613078184276,163,4109792,7.859999999999998,3.3897050019138844,0.40099999999999997,0.2273917324794374,160.0,4,2.7099999999999973,"[0.1899999999999999, 0.08099999999999988]",4109792,"[1.899999999999999, 0.8099999999999987]",0.027944841980934144,4.471174716949463,12.19,"[0.758, 0.46099999999999997]",4110792,"[7.58, 4.609999999999999]",0.030779370665550233,4.924699306488037,7.849999999999998,"[0.438, 0.3469999999999999]",4111792,"[4.38, 3.4699999999999993]",0.02687370479106903,4.299792766571045,8.69,"[0.2179999999999999, 0.651]",4112792,"[2.179999999999999, 6.51]",0.024661485850811005,3.9458377361297607,MinimaxSolutionConcept,4.01,2.273917324794374,0.027564850822091102,0.0022014053521242534,4.410376131534576,0.3522248563398805,COMPLETE
411,7.229999999999997,2025-06-12 22:23:19.701380,2025-06-12 22:23:25.743788,0 days 00:00:06.042408,49,0.9174503523998409,0.0897550302154657,0.9757501591805107,0.00011639525647100925,174,4119799,7.229999999999997,3.1043759437284653,0.20499999999999985,0.20650786909946076,170.0,4,3.199999999999997,"[-0.1310000000000002, 0.4509999999999999]",4119799,"[-1.310000000000002, 4.509999999999999]",0.034337547246147605,5.837383031845093,11.319999999999997,"[0.40999999999999986, 0.7219999999999999]",4120799,"[4.099999999999999, 7.219999999999999]",0.027320077840019674,4.644413232803345,5.529999999999998,"[0.21099999999999985, 0.3419999999999998]",4121799,"[2.1099999999999985, 3.419999999999998]",0.03268303871154785,5.556116580963135,8.869999999999997,"[0.3299999999999999, 0.5569999999999998]",4122799,"[3.299999999999999, 5.5699999999999985]",0.025472286168266745,4.330288648605347,MinimaxSolutionConcept,2.0499999999999985,2.0650786909946075,0.02995323749149547,0.003663551597734183,5.09205037355423,0.622803771614811,COMPLETE
412,8.064999999999998,2025-06-12 22:23:25.761756,2025-06-12 22:23:31.062569,0 days 00:00:05.300813,48,0.5865840766613796,0.07643476805170452,0.972449283415282,0.06374793491820809,144,4129805,8.064999999999998,3.628281273550882,0.41099999999999987,0.17562887006412128,140.0,4,2.3499999999999965,"[0.16099999999999984, 0.07399999999999984]",4129805,"[1.6099999999999983, 0.7399999999999984]",0.036512316976274765,5.111724376678467,10.439999999999998,"[0.5799999999999998, 0.46399999999999986]",4130805,"[5.799999999999999, 4.639999999999999]",0.024479143960135324,3.4270801544189453,11.83,"[0.5719999999999998, 0.6109999999999998]",4131805,"[5.719999999999999, 6.109999999999998]",0.025765229974474224,3.6071321964263916,7.639999999999998,"[0.33099999999999996, 0.43299999999999994]",4132805,"[3.3099999999999996, 4.329999999999999]",0.03530015775135585,4.942022085189819,MinimaxSolutionConcept,4.1099999999999985,1.7562887006412131,0.03051421216556004,0.005428107786464268,4.271989703178406,0.7599350901049975,COMPLETE
413,7.592499999999998,2025-06-12 22:23:31.079998,2025-06-12 22:23:37.806940,0 days 00:00:06.726942,46,0.6762279689317808,0.09716937663768288,0.9871070131426203,0.00015181625892955508,193,4139811,7.592499999999998,2.6353024020024725,0.4639999999999999,0.19136222197706634,190.0,4,10.309999999999997,"[0.6359999999999999, 0.3949999999999999]",4139811,"[6.359999999999999, 3.9499999999999993]",0.034394339511269016,6.534924507141113,9.409999999999998,"[0.606, 0.3349999999999999]",4140811,"[6.06, 3.349999999999999]",0.02544683155260588,4.834897994995117,3.4799999999999973,"[0.15299999999999986, 0.1949999999999999]",4141811,"[1.5299999999999985, 1.9499999999999988]",0.03359187276739823,6.382455825805664,7.169999999999998,"[0.46099999999999985, 0.2559999999999999]",4142811,"[4.6099999999999985, 2.5599999999999987]",0.025008862896969443,4.751683950424194,MinimaxSolutionConcept,4.639999999999999,1.9136222197706634,0.02961047668206064,0.004394532072593074,5.625990569591522,0.8349610937926842,COMPLETE
414,7.064999999999999,2025-06-12 22:23:37.823289,2025-06-12 22:23:44.351658,0 days 00:00:06.528369,43,0.6005969464364425,0.1041194112943124,0.95427776303206,0.00018502477963982836,213,4149817,7.064999999999999,2.098588811558854,0.1854999999999999,0.0897343301083816,210.0,4,7.149999999999998,"[0.3259999999999999, 0.3889999999999999]",4149817,"[3.259999999999999, 3.889999999999999]",0.021200044949849447,4.452009439468384,8.169999999999998,"[0.2009999999999999, 0.616]",4150817,"[2.009999999999999, 6.16]",0.028769270579020182,6.041546821594238,9.27,"[0.11299999999999992, 0.8140000000000001]",4151817,"[1.1299999999999992, 8.14]",0.022219523929414293,4.666100025177002,3.6699999999999977,"[0.1019999999999999, 0.26499999999999985]",4152817,"[1.019999999999999, 2.6499999999999986]",0.03016004789443243,6.3336100578308105,MinimaxSolutionConcept,1.8549999999999989,0.8973433010838159,0.025587221838179085,0.003925075877738876,5.373316586017609,0.8242659343251638,COMPLETE
415,3.365,2025-06-12 22:23:44.367217,2025-06-12 22:23:46.857356,0 days 00:00:02.490139,17,0.6348256819136148,0.0817026618505736,0.944317248846696,0.0001294545505892781,135,4159824,3.365,0.8631772703216873,0.251,0.08264078896041589,130.0,4,3.0600000000000005,"[0.36599999999999994, -0.06000000000000001]",4159824,"[3.6599999999999993, -0.6000000000000001]",0.017833242049584024,2.318321466445923,2.3400000000000007,"[0.17099999999999999, 0.06299999999999997]",4160824,"[1.71, 0.6299999999999997]",0.014362320533165565,1.8671016693115234,3.3400000000000007,"[0.17400000000000002, 0.16]",4161824,"[1.7400000000000002, 1.6]",0.017704248428344727,2.3015522956848145,4.72,"[0.293, 0.17899999999999996]",4162824,"[2.9299999999999997, 1.7899999999999996]",0.01417091076190655,1.8422183990478516,MinimaxSolutionConcept,2.51,0.8264078896041588,0.016017680443250217,0.0017529653592259604,2.082298457622528,0.2278854966993748,COMPLETE
416,6.437499999999998,2025-06-12 22:23:48.947973,2025-06-12 22:23:59.420243,0 days 00:00:10.472270,45,0.8947916905470701,0.09252412307558913,0.9901939797308934,0.007640667206761038,347,4169829,6.437499999999998,2.084123017002596,0.40574999999999994,0.17090110444347636,340.0,4,4.309999999999998,"[0.20299999999999985, 0.22799999999999981]",4169829,"[2.0299999999999985, 2.279999999999998]",0.02120324583614574,7.209103584289551,6.9499999999999975,"[0.47999999999999987, 0.2149999999999999]",4170829,"[4.799999999999999, 2.149999999999999]",0.021843176028307747,7.426679849624634,4.869999999999997,"[0.29399999999999993, 0.19299999999999987]",4171829,"[2.9399999999999995, 1.9299999999999986]",0.03021404883440803,10.27277660369873,9.62,"[0.646, 0.31599999999999984]",4172829,"[6.46, 3.1599999999999984]",0.027856857636395622,9.471331596374512,MinimaxSolutionConcept,4.057499999999999,1.7090110444347637,0.025279332083814283,0.003854111924913024,8.594972908496857,1.3103980544704286,COMPLETE
417,6.6324999999999985,2025-06-12 22:23:59.441352,2025-06-12 22:24:10.020519,0 days 00:00:10.579167,44,0.8464348690386777,0.08386909811845582,0.9677940231926604,0.00028545874961163274,390,4179839,6.6324999999999985,2.946025924868959,0.2654999999999999,0.3766699483632853,390.0,4,8.7,"[0.744, 0.1259999999999999]",4179839,"[7.4399999999999995, 1.259999999999999]",0.025463216121380146,9.930654287338257,1.5499999999999976,"[-0.3070000000000002, 0.46199999999999986]",4180839,"[-3.070000000000002, 4.619999999999998]",0.019566795764825284,7.63105034828186,7.959999999999999,"[0.36899999999999994, 0.4269999999999999]",4181839,"[3.6899999999999995, 4.269999999999999]",0.026691110317523664,10.409533023834229,8.319999999999999,"[0.2559999999999999, 0.576]",4182839,"[2.5599999999999987, 5.76]",0.018795061111450195,7.330073833465576,MinimaxSolutionConcept,2.654999999999999,3.7666994836328533,0.02262904582879482,0.0034860329683279925,8.82532787322998,1.3595528576479168,COMPLETE
418,10.092499999999998,2025-06-12 22:24:10.035557,2025-06-12 22:24:14.750342,0 days 00:00:04.714785,49,0.871745481817426,0.08774941014185945,0.9176139466413875,0.0001477546407904781,168,4189850,10.092499999999998,1.1188023730757812,0.5604999999999999,0.34605815985177985,160.0,4,8.309999999999997,"[-0.032000000000000174, 0.8629999999999999]",4189850,"[-0.3200000000000017, 8.629999999999999]",0.022751319408416747,3.6402111053466797,10.389999999999997,"[0.843, 0.19599999999999987]",4190850,"[8.43, 1.9599999999999986]",0.027917736768722536,4.4668378829956055,10.269999999999996,"[0.7079999999999999, 0.31899999999999984]",4191850,"[7.079999999999998, 3.1899999999999986]",0.020152299106121062,3.22436785697937,11.399999999999997,"[0.7229999999999999, 0.4169999999999998]",4192850,"[7.229999999999999, 4.169999999999998]",0.02834402322769165,4.535043716430664,MinimaxSolutionConcept,5.604999999999999,3.460581598517799,0.024791344627737997,0.003466925846512995,3.96661514043808,0.5547081354420791,COMPLETE
