number,value,datetime_start,datetime_complete,duration,params_episode_length,params_epsilon_max,params_epsilon_min,params_gamma,params_learning_rate,params_num_episodes,user_attrs_base_seed,user_attrs_collective_reward_mean,user_attrs_collective_reward_std,user_attrs_individual_reward_agent0_mean,user_attrs_individual_reward_agent0_std,user_attrs_num_episodes_mean,user_attrs_num_parallel_runs,user_attrs_run_0_collective_reward,user_attrs_run_0_individual_rewards,user_attrs_run_0_seed,user_attrs_run_0_total_individual_rewards,user_attrs_run_0_training_time_per_episode,user_attrs_run_0_training_time_total,user_attrs_run_1_collective_reward,user_attrs_run_1_individual_rewards,user_attrs_run_1_seed,user_attrs_run_1_total_individual_rewards,user_attrs_run_1_training_time_per_episode,user_attrs_run_1_training_time_total,user_attrs_run_2_collective_reward,user_attrs_run_2_individual_rewards,user_attrs_run_2_seed,user_attrs_run_2_total_individual_rewards,user_attrs_run_2_training_time_per_episode,user_attrs_run_2_training_time_total,user_attrs_run_3_collective_reward,user_attrs_run_3_individual_rewards,user_attrs_run_3_seed,user_attrs_run_3_total_individual_rewards,user_attrs_run_3_training_time_per_episode,user_attrs_run_3_training_time_total,user_attrs_solution_concept,user_attrs_total_individual_reward_agent0_mean,user_attrs_total_individual_reward_agent0_std,user_attrs_training_time_per_episode_mean,user_attrs_training_time_per_episode_std,user_attrs_training_time_total_mean,user_attrs_training_time_total_std,state
169,9.602500000000001,2025-06-12 18:16:28.065474,2025-06-12 18:16:51.400227,0 days 00:00:23.334753,34,0.5006978697891091,0.1263595089559713,0.9478144597019686,0.006379583577427497,381,1694988,9.602500000000001,3.324209492495923,0.8045,0.10360863863597469,380.0,4,6.22,"[0.713, -0.09100000000000008]",1694988,"[7.13, -0.9100000000000008]",0.06041173683969598,22.956459999084473,9.99,"[0.8310000000000001, 0.16799999999999993]",1695988,"[8.31, 1.6799999999999993]",0.05965725685420789,22.669757604599,7.35,"[0.7110000000000001, 0.02399999999999989]",1696988,"[7.110000000000001, 0.23999999999999888]",0.06077217553791247,23.09342670440674,14.85,"[0.9629999999999999, 0.5219999999999999]",1697988,"[9.629999999999999, 5.219999999999999]",0.0552962202774851,21.012563705444336,ParetoSolutionConcept,8.045000000000002,1.036086386359747,0.05903434737732536,0.002195384868179691,22.433052003383636,0.8342462499082832,COMPLETE
170,10.192499999999999,2025-06-12 18:16:51.415080,2025-06-12 18:17:20.365113,0 days 00:00:28.950033,33,0.5516217335535402,0.1363940371541309,0.9157878688074637,0.014982109657706952,500,1705011,10.192499999999999,1.0523158983879322,0.86625,0.061062979783171364,500.0,4,10.049999999999999,"[0.8259999999999998, 0.17899999999999994]",1705011,"[8.259999999999998, 1.7899999999999994]",0.05753331995010376,28.76665997505188,8.7,"[0.8230000000000001, 0.04699999999999991]",1706011,"[8.23, 0.4699999999999991]",0.05569600582122803,27.848002910614014,11.66,"[0.9709999999999999, 0.19499999999999995]",1707011,"[9.709999999999999, 1.9499999999999995]",0.052744364261627194,26.3721821308136,10.36,"[0.845, 0.19099999999999995]",1708011,"[8.45, 1.9099999999999995]",0.05003762054443359,25.018810272216797,ParetoSolutionConcept,8.662499999999998,0.610629797831714,0.05400282764434814,0.0028564762247620806,27.001413822174072,1.42823811238104,COMPLETE
171,9.7075,2025-06-12 18:17:21.166838,2025-06-12 18:17:47.002573,0 days 00:00:25.835735,33,0.5524247734786691,0.13862320268048575,0.9163623677801656,0.01993896895445603,496,1715041,9.7075,2.5573460364213534,0.8410000000000001,0.08652167358529306,490.0,4,8.969999999999999,"[0.8310000000000001, 0.06599999999999992]",1715041,"[8.31, 0.6599999999999993]",0.052250980357734525,25.602980375289917,7.809999999999999,"[0.8390000000000001, -0.05800000000000007]",1716041,"[8.39, -0.5800000000000007]",0.052045105914680326,25.50210189819336,14.070000000000002,"[0.969, 0.4379999999999999]",1717041,"[9.69, 4.379999999999999]",0.042845144077223174,20.994120597839355,7.98,"[0.725, 0.07299999999999995]",1718041,"[7.25, 0.7299999999999995]",0.046109575641398524,22.59369206428528,ParetoSolutionConcept,8.41,0.8652167358529305,0.04831270149775914,0.004005896616121178,23.673223733901978,1.9628893418993765,COMPLETE
172,7.3175,2025-06-12 18:17:47.016850,2025-06-12 18:18:14.816208,0 days 00:00:27.799358,32,0.5691383714229371,0.12994653448701257,0.9140410158929222,0.01456651580110748,485,1725067,7.3175,2.8385504663472174,0.7102499999999999,0.15936651938220903,480.0,4,3.929999999999999,"[0.593, -0.2000000000000001]",1725067,"[5.93, -2.000000000000001]",0.05465938150882721,26.23650312423706,10.870000000000001,"[0.688, 0.39899999999999997]",1726067,"[6.879999999999999, 3.9899999999999998]",0.055302689969539645,26.54529118537903,5.219999999999999,"[0.5829999999999999, -0.06100000000000007]",1727067,"[5.829999999999998, -0.6100000000000007]",0.05514328728119532,26.468777894973755,9.25,"[0.977, -0.05200000000000009]",1728067,"[9.77, -0.5200000000000009]",0.05743246426184972,27.567582845687866,ParetoSolutionConcept,7.102499999999999,1.5936651938220903,0.055634455755352974,0.0010647675077587514,26.704538762569427,0.5110884037242014,COMPLETE
173,9.335,2025-06-12 18:18:14.832220,2025-06-12 18:18:44.716574,0 days 00:00:29.884354,35,0.5372287248159164,0.1438259596593419,0.9176206057942736,0.008135917152025362,498,1735094,9.335,2.3552547632899508,0.6920000000000001,0.24179846980491843,490.0,4,11.280000000000001,"[0.8350000000000002, 0.29299999999999987]",1735094,"[8.350000000000001, 2.929999999999999]",0.05307263014267902,26.00558876991272,5.929999999999999,"[0.29799999999999993, 0.2949999999999999]",1736094,"[2.9799999999999995, 2.949999999999999]",0.060616788085626094,29.702226161956787,8.370000000000001,"[0.9330000000000002, -0.09600000000000011]",1737094,"[9.330000000000002, -0.9600000000000011]",0.05951993514080437,29.16476821899414,11.76,"[0.7020000000000001, 0.4739999999999999]",1738094,"[7.0200000000000005, 4.739999999999999]",0.04648484015951351,22.77757167816162,ParetoSolutionConcept,6.920000000000001,2.4179846980491844,0.05492354838215575,0.005660773894803802,26.912538707256317,2.773779208453863,COMPLETE
174,9.3425,2025-06-12 18:18:44.731214,2025-06-12 18:19:12.831289,0 days 00:00:28.100075,33,0.5278798881926855,0.13342649045841368,0.9156005275262659,0.01612426392130767,480,1745124,9.3425,3.0026353008648923,0.79775,0.09524015697173119,480.0,4,12.309999999999999,"[0.9389999999999998, 0.2919999999999999]",1745124,"[9.389999999999999, 2.919999999999999]",0.0466940701007843,22.413153648376465,12.38,"[0.8310000000000001, 0.4069999999999999]",1746124,"[8.31, 4.069999999999999]",0.045367657641569775,21.77647566795349,6.3199999999999985,"[0.7109999999999999, -0.07900000000000007]",1747124,"[7.1099999999999985, -0.7900000000000007]",0.058052941660086316,27.86541199684143,6.359999999999999,"[0.71, -0.07400000000000008]",1748124,"[7.1, -0.7400000000000008]",0.0486246590813001,23.339836359024048,ParetoSolutionConcept,7.977499999999999,0.952401569717312,0.04968483212093512,0.0049681957761259325,23.84871941804886,2.3847339725404475,COMPLETE
175,10.7425,2025-06-12 18:19:12.845559,2025-06-12 18:19:41.393115,0 days 00:00:28.547556,36,0.5441507145245329,0.11769518198086118,0.9241337440735556,0.010055735936658022,490,1755152,10.7425,2.276196114134281,0.7344999999999999,0.04907901792008476,490.0,4,8.859999999999998,"[0.72, 0.16599999999999993]",1755152,"[7.199999999999999, 1.6599999999999993]",0.05059266139049919,24.790404081344604,9.57,"[0.694, 0.26299999999999996]",1756152,"[6.9399999999999995, 2.6299999999999994]",0.05633222764852096,27.60279154777527,14.629999999999999,"[0.818, 0.6449999999999999]",1757152,"[8.18, 6.449999999999999]",0.057786367377456356,28.315320014953613,9.909999999999998,"[0.7059999999999998, 0.2849999999999999]",1758152,"[7.059999999999999, 2.849999999999999]",0.05142281250077851,25.19717812538147,ParetoSolutionConcept,7.345,0.4907901792008477,0.05403351722931375,0.0030831486304136505,26.47642344236374,1.5107428289026876,COMPLETE
176,6.9975,2025-06-12 18:19:42.269435,2025-06-12 18:20:13.773136,0 days 00:00:31.503701,36,0.5981640675739667,0.11513398081180845,0.9534739974122884,0.012795309238499352,500,1765182,6.9975,2.6884230972821235,0.7885,0.0685656619599053,500.0,4,5.999999999999999,"[0.8150000000000001, -0.21500000000000014]",1765182,"[8.15, -2.1500000000000012]",0.0626145625114441,31.307281255722046,4.559999999999999,"[0.6719999999999999, -0.21600000000000014]",1766182,"[6.719999999999999, -2.1600000000000015]",0.055161391735076906,27.580695867538452,5.879999999999998,"[0.818, -0.23000000000000012]",1767182,"[8.18, -2.300000000000001]",0.057031224727630614,28.515612363815308,11.55,"[0.849, 0.30599999999999994]",1768182,"[8.49, 3.0599999999999996]",0.05203659200668335,26.018296003341675,ParetoSolutionConcept,7.885,0.6856566195990531,0.056710942745208735,0.0038472707875941855,28.35547137260437,1.923635393797092,COMPLETE
177,7.965,2025-06-12 18:20:13.788776,2025-06-12 18:20:43.516201,0 days 00:00:29.727425,36,0.818134050343414,0.11915604081864847,0.9252117903312966,0.0058271502603934365,490,1775213,7.965,1.1953555956283473,0.7597499999999999,0.15618318571472417,490.0,4,8.97,"[0.9780000000000001, -0.08100000000000011]",1775213,"[9.780000000000001, -0.8100000000000012]",0.050495695094673,24.74289059638977,8.73,"[0.5569999999999998, 0.31599999999999995]",1776213,"[5.5699999999999985, 3.1599999999999993]",0.05660599105212153,27.73693561553955,8.209999999999997,"[0.6859999999999999, 0.13499999999999993]",1777213,"[6.859999999999999, 1.3499999999999992]",0.054275419274154975,26.594955444335938,5.949999999999999,"[0.8179999999999998, -0.22300000000000014]",1778213,"[8.179999999999998, -2.2300000000000013]",0.06017497558983005,29.485738039016724,ParetoSolutionConcept,7.5975,1.5618318571472418,0.05538802025269489,0.003520338075286402,27.140129923820496,1.7249656568903362,COMPLETE
178,9.655,2025-06-12 18:20:43.530562,2025-06-12 18:20:57.527080,0 days 00:00:13.996518,27,0.5514420461836111,0.1525537949493621,0.9224340759619026,0.0076799000435067806,259,1785243,9.655,3.076609334966012,0.7545,0.10207962578301316,250.0,4,10.569999999999999,"[0.7249999999999999, 0.33199999999999996]",1785243,"[7.249999999999998, 3.3199999999999994]",0.05352666473388672,13.38166618347168,14.070000000000002,"[0.849, 0.558]",1786243,"[8.49, 5.58]",0.05041909408569336,12.60477352142334,5.699999999999999,"[0.6, -0.03000000000000006]",1787243,"[6.0, -0.3000000000000006]",0.05506236743927002,13.765591859817505,8.28,"[0.8440000000000001, -0.016000000000000052]",1788243,"[8.440000000000001, -0.16000000000000053]",0.05286781311035156,13.21695327758789,ParetoSolutionConcept,7.545,1.020796257830132,0.05296898484230041,0.0016737260938360357,13.242246210575104,0.4184315234590092,COMPLETE
179,6.975,2025-06-12 18:20:57.541675,2025-06-12 18:21:24.827787,0 days 00:00:27.286112,37,0.5811190078047818,0.13526961031856988,0.9454251527638411,0.02616887464846813,478,1795257,6.975,1.3612586087882061,0.7089999999999999,0.1623468509087873,470.0,4,4.859999999999998,"[0.4419999999999999, 0.0439999999999999]",1795257,"[4.419999999999999, 0.439999999999999]",0.057203833600308035,26.885801792144775,8.66,"[0.844, 0.021999999999999874]",1796257,"[8.44, 0.21999999999999875]",0.055558162039898815,26.11233615875244,7.129999999999999,"[0.835, -0.12200000000000011]",1797257,"[8.35, -1.220000000000001]",0.05400016662922311,25.380078315734863,7.249999999999998,"[0.7150000000000001, 0.009999999999999887]",1798257,"[7.15, 0.09999999999999887]",0.057563717314537535,27.05494713783264,ParetoSolutionConcept,7.09,1.6234685090878729,0.05608146989599187,0.0014197211077411121,26.35829085111618,0.6672689206383225,COMPLETE
180,10.43,2025-06-12 18:21:24.842920,2025-06-12 18:21:55.441630,0 days 00:00:30.598710,35,0.5442402486380125,0.14095851369355203,0.9202916677884185,0.009689716312023823,488,1805284,10.43,2.112782525486237,0.7837500000000001,0.10653960531182753,480.0,4,13.91,"[0.7070000000000001, 0.684]",1805284,"[7.07, 6.840000000000001]",0.0470109020670255,22.56523299217224,9.63,"[0.8119999999999999, 0.15099999999999994]",1806284,"[8.12, 1.5099999999999993]",0.059861718614896135,28.733624935150146,8.219999999999999,"[0.671, 0.1509999999999999]",1807284,"[6.710000000000001, 1.5099999999999991]",0.06336325605710348,30.414362907409668,9.959999999999999,"[0.945, 0.05099999999999989]",1808284,"[9.45, 0.5099999999999989]",0.05341826279958089,25.640766143798828,ParetoSolutionConcept,7.8374999999999995,1.0653960531182751,0.055913534884651506,0.006256391815156956,26.83849674463272,3.003068071275338,COMPLETE
181,7.922499999999999,2025-06-12 18:21:56.295646,2025-06-12 18:22:24.215662,0 days 00:00:27.920016,35,0.5610470450470053,0.14011582183811364,0.9214937492703991,0.009599979745355479,492,1815316,7.922499999999999,2.107277568333133,0.73075,0.0986341092117732,490.0,4,4.889999999999999,"[0.579, -0.09000000000000011]",1815316,"[5.789999999999999, -0.900000000000001]",0.04884453549677012,23.93382239341736,9.959999999999999,"[0.71, 0.2859999999999999]",1816316,"[7.1, 2.8599999999999994]",0.05483135009298519,26.867361545562744,9.82,"[0.834, 0.14799999999999994]",1817316,"[8.34, 1.4799999999999993]",0.0566015034305806,27.734736680984497,7.019999999999998,"[0.8, -0.09800000000000011]",1818316,"[8.0, -0.9800000000000011]",0.04958982418994514,24.29901385307312,ParetoSolutionConcept,7.307499999999999,0.9863410921177321,0.05246680330257027,0.0033198139836460596,25.70873361825943,1.6267088519865696,COMPLETE
182,8.8825,2025-06-12 18:22:24.230363,2025-06-12 18:22:52.368950,0 days 00:00:28.138587,34,0.5431942743358644,0.1126412192552175,0.9196221783205833,0.0068408492101083825,482,1825344,8.8825,1.8119378438566816,0.8200000000000001,0.07851432990225414,480.0,4,6.1899999999999995,"[0.717, -0.09800000000000011]",1825344,"[7.17, -0.9800000000000011]",0.05623819231987,26.994332313537598,8.36,"[0.8150000000000001, 0.0209999999999999]",1826344,"[8.15, 0.20999999999999902]",0.054312417407830556,26.069960355758667,10.02,"[0.8099999999999999, 0.19199999999999995]",1827344,"[8.1, 1.9199999999999995]",0.05814306785662969,27.90867257118225,10.959999999999999,"[0.938, 0.15799999999999997]",1828344,"[9.379999999999999, 1.5799999999999996]",0.054855135083198545,26.330464839935303,ParetoSolutionConcept,8.2,0.7851432990225412,0.0558872031668822,0.0014796311702781667,26.825857520103455,0.7102229617335195,COMPLETE
183,12.2525,2025-06-12 18:22:52.383473,2025-06-12 18:23:19.865151,0 days 00:00:27.481678,38,0.5714237350538286,0.14478352683309065,0.9114018453658999,0.008835084355895141,487,1835372,12.2525,1.268608982310941,0.819,0.08350449089719665,480.0,4,13.459999999999999,"[0.8240000000000001, 0.5219999999999999]",1835372,"[8.24, 5.219999999999999]",0.05677370727062225,27.25137948989868,11.03,"[0.9339999999999999, 0.1689999999999999]",1836372,"[9.34, 1.689999999999999]",0.0484698345263799,23.265520572662354,13.58,"[0.82, 0.538]",1837372,"[8.2, 5.380000000000001]",0.05675218453009923,27.241048574447632,10.939999999999998,"[0.698, 0.3959999999999999]",1838372,"[6.9799999999999995, 3.959999999999999]",0.049589919050534566,23.803161144256592,ParetoSolutionConcept,8.19,0.8350449089719668,0.052896411344408985,0.003886768714957237,25.390277445316315,1.8656489831794736,COMPLETE
184,7.394999999999999,2025-06-12 18:23:19.879597,2025-06-12 18:23:46.633481,0 days 00:00:26.753884,37,0.5715426346177008,0.1439687579356766,0.911652250814664,0.00873568451451368,457,1845399,7.394999999999999,1.623368411667543,0.8845000000000001,0.06415021434102933,450.0,4,8.099999999999998,"[0.8019999999999999, 0.007999999999999886]",1845399,"[8.02, 0.07999999999999885]",0.057597468164232044,25.91886067390442,4.839999999999998,"[0.8440000000000001, -0.3600000000000002]",1846399,"[8.440000000000001, -3.6000000000000023]",0.057139134407043456,25.712610483169556,7.369999999999998,"[0.9610000000000001, -0.22400000000000012]",1847399,"[9.610000000000001, -2.240000000000001]",0.05903468237982856,26.56560707092285,9.27,"[0.931, -0.004000000000000103]",1848399,"[9.31, -0.040000000000001035]",0.04970412678188748,22.366857051849365,ParetoSolutionConcept,8.845,0.6415021434102933,0.055868852933247885,0.003627259649017522,25.140983819961548,1.6322668420578845,COMPLETE
185,8.377499999999998,2025-06-12 18:23:46.648173,2025-06-12 18:24:14.700745,0 days 00:00:28.052572,38,0.8589088418270262,0.1578331370872935,0.9048247339222013,0.00781815383418973,473,1855426,8.377499999999998,1.5277004778424332,0.8712500000000001,0.05771210878143338,470.0,4,6.849999999999999,"[0.8140000000000001, -0.12900000000000014]",1855426,"[8.14, -1.2900000000000014]",0.052782998693750256,24.808009386062622,10.269999999999998,"[0.9030000000000001, 0.12399999999999989]",1856426,"[9.030000000000001, 1.2399999999999989]",0.05862834453582764,27.55532193183899,9.489999999999998,"[0.818, 0.1309999999999999]",1857426,"[8.18, 1.309999999999999]",0.05838601995021739,27.441429376602173,6.899999999999999,"[0.95, -0.2600000000000001]",1858426,"[9.5, -2.6000000000000014]",0.059293028141589876,27.86772322654724,ParetoSolutionConcept,8.7125,0.5771210878143339,0.057272597830346286,0.0026132545320135528,26.918120980262756,1.2282296300463689,COMPLETE
186,8.51,2025-06-12 18:24:15.660248,2025-06-12 18:24:45.605891,0 days 00:00:29.945643,36,0.5294345193836348,0.14776414086351308,0.9491100117621251,0.009659687403749711,486,1865455,8.51,4.294024918418616,0.7204999999999999,0.18519516732355637,480.0,4,8.109999999999998,"[0.5439999999999998, 0.2669999999999999]",1865455,"[5.439999999999998, 2.669999999999999]",0.053018689652283985,25.448971033096313,5.67,"[0.8149999999999998, -0.24800000000000014]",1866455,"[8.149999999999999, -2.4800000000000013]",0.060977957646052044,29.26941967010498,15.62,"[0.9780000000000001, 0.5839999999999999]",1867455,"[9.780000000000001, 5.839999999999998]",0.05937218616406123,28.49864935874939,4.639999999999998,"[0.5449999999999998, -0.08100000000000011]",1868455,"[5.449999999999998, -0.8100000000000012]",0.06198271960020065,29.751705408096313,ParetoSolutionConcept,7.204999999999999,1.8519516732355636,0.05883788826564948,0.003486345071193959,28.24218636751175,1.6734456341730999,COMPLETE
187,8.625,2025-06-12 18:24:45.620369,2025-06-12 18:25:11.593899,0 days 00:00:25.973530,29,0.5627453068626276,0.15071653472718544,0.9279737665319424,0.011817427033923413,474,1875485,8.625,0.49590825764449614,0.75925,0.06940956346210515,470.0,4,8.659999999999998,"[0.6859999999999999, 0.1799999999999999]",1875485,"[6.859999999999999, 1.7999999999999992]",0.050023264580584585,23.510934352874756,7.97,"[0.702, 0.09499999999999995]",1876485,"[7.02, 0.9499999999999995]",0.04659877787245081,21.90142560005188,8.509999999999998,"[0.792, 0.05899999999999994]",1877485,"[7.92, 0.5899999999999994]",0.05477307400804885,25.74334478378296,9.36,"[0.857, 0.07899999999999996]",1878485,"[8.57, 0.7899999999999996]",0.047062681583648035,22.119460344314575,ParetoSolutionConcept,7.592499999999999,0.6940956346210516,0.04961444951118307,0.0032551624939964243,23.318791270256042,1.529926372178319,COMPLETE
188,10.6075,2025-06-12 18:25:11.608412,2025-06-12 18:25:40.366957,0 days 00:00:28.758545,38,0.5832964872701102,0.12456202114511987,0.9075110185960731,0.005080824598319541,464,1885511,10.6075,1.8361015086318069,0.8117500000000001,0.10910631283294298,460.0,4,12.259999999999998,"[0.9430000000000002, 0.2829999999999999]",1885511,"[9.430000000000001, 2.829999999999999]",0.0528945689615996,24.331501722335815,8.6,"[0.8379999999999999, 0.021999999999999898]",1886511,"[8.379999999999999, 0.21999999999999897]",0.05953904286674831,27.387959718704224,8.959999999999999,"[0.6399999999999999, 0.25599999999999995]",1887511,"[6.399999999999999, 2.5599999999999996]",0.062130706206611964,28.580124855041504,12.609999999999998,"[0.826, 0.43499999999999994]",1888511,"[8.26, 4.35]",0.048194201096244484,22.16933250427246,ParetoSolutionConcept,8.1175,1.0910631283294299,0.055689629782801085,0.005484051029524333,25.6172297000885,2.522663473581194,COMPLETE
189,9.9025,2025-06-12 18:25:40.381378,2025-06-12 18:26:09.286191,0 days 00:00:28.904813,38,0.5848191391845011,0.12314287530949428,0.9102114959451406,0.0064595576752088995,465,1895540,9.9025,2.4453463456124163,0.86775,0.10814891354054366,460.0,4,13.919999999999998,"[0.978, 0.41399999999999987]",1895540,"[9.78, 4.139999999999999]",0.05375539323557978,24.7274808883667,8.58,"[0.8240000000000001, 0.0339999999999999]",1896540,"[8.24, 0.33999999999999897]",0.06230445633763852,28.66004991531372,7.459999999999999,"[0.7110000000000001, 0.03499999999999989]",1897540,"[7.110000000000001, 0.3499999999999989]",0.057853553606116256,26.612634658813477,9.649999999999999,"[0.958, 0.006999999999999928]",1898540,"[9.58, 0.06999999999999929]",0.05642630742943805,25.956101417541504,ParetoSolutionConcept,8.6775,1.0814891354054366,0.057584927652193155,0.0030965240829220987,26.48906672000885,1.4244010781441658,COMPLETE
190,8.824999999999998,2025-06-12 18:26:09.300955,2025-06-12 18:26:38.545935,0 days 00:00:29.244980,38,0.6000274781853504,0.11800708141488814,0.9048089360520571,0.004794591295685303,452,1905569,8.824999999999998,3.2835080325773527,0.6692499999999999,0.11188023730757818,450.0,4,6.879999999999999,"[0.7850000000000001, -0.09700000000000013]",1905569,"[7.850000000000001, -0.9700000000000013]",0.06456904517279731,29.05607032775879,4.589999999999998,"[0.5639999999999998, -0.10500000000000012]",1906569,"[5.639999999999999, -1.0500000000000012]",0.062343045870463056,28.054370641708374,10.84,"[0.551, 0.5329999999999999]",1907569,"[5.510000000000001, 5.329999999999999]",0.05534208827548557,24.903939723968506,12.989999999999997,"[0.7769999999999999, 0.522]",1908569,"[7.77, 5.220000000000001]",0.06074203385247125,27.33391523361206,ParetoSolutionConcept,6.6925,1.1188023730757817,0.06074905329280429,0.0034047198956703786,27.337073981761932,1.5321239530516704,COMPLETE
