number,value,datetime_start,datetime_complete,duration,params_episode_length,params_epsilon_max,params_epsilon_min,params_gamma,params_learning_rate,params_num_episodes,user_attrs_base_seed,user_attrs_collective_reward_mean,user_attrs_collective_reward_std,user_attrs_individual_reward_agent0_mean,user_attrs_individual_reward_agent0_std,user_attrs_num_episodes_mean,user_attrs_num_parallel_runs,user_attrs_run_0_collective_reward,user_attrs_run_0_individual_rewards,user_attrs_run_0_seed,user_attrs_run_0_total_individual_rewards,user_attrs_run_0_training_time_per_episode,user_attrs_run_0_training_time_total,user_attrs_run_1_collective_reward,user_attrs_run_1_individual_rewards,user_attrs_run_1_seed,user_attrs_run_1_total_individual_rewards,user_attrs_run_1_training_time_per_episode,user_attrs_run_1_training_time_total,user_attrs_run_2_collective_reward,user_attrs_run_2_individual_rewards,user_attrs_run_2_seed,user_attrs_run_2_total_individual_rewards,user_attrs_run_2_training_time_per_episode,user_attrs_run_2_training_time_total,user_attrs_run_3_collective_reward,user_attrs_run_3_individual_rewards,user_attrs_run_3_seed,user_attrs_run_3_total_individual_rewards,user_attrs_run_3_training_time_per_episode,user_attrs_run_3_training_time_total,user_attrs_solution_concept,user_attrs_total_individual_reward_agent0_mean,user_attrs_total_individual_reward_agent0_std,user_attrs_training_time_per_episode_mean,user_attrs_training_time_per_episode_std,user_attrs_training_time_total_mean,user_attrs_training_time_total_std,state
239,5.527499999999998,2025-06-12 21:32:09.933901,2025-06-12 21:32:18.174079,0 days 00:00:08.240178,45,0.8463186449758952,0.0938649918356224,0.978677667980057,0.005386785560995651,401,2396729,5.527499999999998,5.034170115321889,0.2439999999999998,0.3118509259245513,400.0,4,3.1199999999999974,"[0.06899999999999984, 0.24299999999999988]",2396729,"[0.6899999999999984, 2.429999999999999]",0.02021287560462952,8.085150241851807,12.919999999999998,"[0.5609999999999998, 0.7309999999999998]",2397729,"[5.6099999999999985, 7.309999999999998]",0.018267553448677063,7.307021379470825,6.809999999999998,"[0.5249999999999998, 0.15599999999999986]",2398729,"[5.249999999999998, 1.5599999999999987]",0.018670544028282166,7.468217611312866,-0.7400000000000029,"[-0.1790000000000002, 0.1049999999999999]",2399729,"[-1.7900000000000018, 1.049999999999999]",0.01874310314655304,7.497241258621216,MinimaxSolutionConcept,2.4399999999999986,3.1185092592455135,0.018973519057035447,0.0007381188000756732,7.5894076228141785,0.29524752003026905,COMPLETE
240,4.2624999999999975,2025-06-12 21:32:18.188495,2025-06-12 21:32:22.058299,0 days 00:00:03.869804,47,0.8781815738094034,0.030595946545038624,0.9728692432671662,0.00017279313200297916,175,2406738,4.2624999999999975,0.7234422921007592,0.18899999999999986,0.16490754985748834,170.0,4,5.069999999999998,"[0.4659999999999999, 0.04099999999999983]",2406738,"[4.659999999999999, 0.40999999999999825]",0.021837646820965936,3.712399959564209,3.4499999999999975,"[0.16099999999999987, 0.18399999999999989]",2407738,"[1.6099999999999985, 1.839999999999999]",0.020680752922506894,3.515727996826172,4.889999999999998,"[0.05299999999999987, 0.43599999999999983]",2408738,"[0.5299999999999987, 4.3599999999999985]",0.02037636532503016,3.463982105255127,3.6399999999999975,"[0.07599999999999987, 0.2879999999999998]",2409738,"[0.7599999999999987, 2.879999999999998]",0.02156520310570212,3.6660845279693604,MinimaxSolutionConcept,1.8899999999999988,1.6490754985748837,0.021114992043551276,0.0006039563252756553,3.589548647403717,0.10267257529686144,COMPLETE
241,7.482499999999998,2025-06-12 21:32:23.160181,2025-06-12 21:32:26.614885,0 days 00:00:03.454704,47,0.6137987512328534,0.06612495466912903,0.9806335093264783,0.00013684398393088462,141,2416743,7.482499999999998,2.425122419590401,0.27274999999999994,0.1272485265140623,140.0,4,11.479999999999999,"[0.493, 0.655]",2416743,"[4.93, 6.550000000000001]",0.02173682791846139,3.0431559085845947,6.859999999999998,"[0.2069999999999999, 0.4789999999999999]",2417743,"[2.069999999999999, 4.789999999999999]",0.022911010469709125,3.2075414657592773,4.939999999999997,"[0.1949999999999998, 0.2989999999999999]",2418743,"[1.9499999999999982, 2.989999999999999]",0.023478831563677107,3.287036418914795,6.649999999999999,"[0.1959999999999999, 0.46899999999999986]",2419743,"[1.959999999999999, 4.689999999999999]",0.02219172034944807,3.1068408489227295,MinimaxSolutionConcept,2.7274999999999987,1.2724852651406229,0.022579597575323924,0.0006669268530460612,3.161143660545349,0.09336975942644854,COMPLETE
242,7.322499999999998,2025-06-12 21:32:26.629718,2025-06-12 21:32:30.237023,0 days 00:00:03.607305,48,0.6236440523682902,0.07403351551135659,0.9849190975889911,0.00011258453370694456,149,2426746,7.322499999999998,3.459533024845984,0.3277499999999999,0.23112158596721336,140.0,4,4.4499999999999975,"[0.13199999999999984, 0.31299999999999983]",2426746,"[1.3199999999999985, 3.129999999999998]",0.024535260881696427,3.4349365234375,4.749999999999997,"[0.1849999999999999, 0.28999999999999987]",2427746,"[1.8499999999999988, 2.8999999999999986]",0.02375094039099557,3.32513165473938,13.059999999999999,"[0.7179999999999999, 0.5879999999999999]",2428746,"[7.179999999999999, 5.879999999999999]",0.02263007845197405,3.168210983276367,7.0299999999999985,"[0.2759999999999999, 0.4269999999999999]",2429746,"[2.759999999999999, 4.269999999999999]",0.023271090643746512,3.2579526901245117,MinimaxSolutionConcept,3.277499999999999,2.3112158596721337,0.02354684259210314,0.0006955433581676201,3.2965579628944397,0.0973760701434668,COMPLETE
243,8.074999999999998,2025-06-12 21:32:30.251704,2025-06-12 21:32:33.639037,0 days 00:00:03.387333,49,0.6309114175246568,0.07967451118321704,0.9815885011536334,0.0001019539265018482,131,2436750,8.074999999999998,3.1300519165023446,0.43874999999999986,0.09441762282540268,130.0,4,9.869999999999997,"[0.3879999999999999, 0.599]",2436750,"[3.879999999999999, 5.99]",0.024353656402001014,3.165975332260132,10.099999999999996,"[0.5639999999999998, 0.4459999999999999]",2437750,"[5.639999999999999, 4.459999999999999]",0.023948137576763447,3.113257884979248,9.669999999999998,"[0.48699999999999993, 0.47999999999999987]",2438750,"[4.869999999999999, 4.799999999999999]",0.024772249735318698,3.2203924655914307,2.6599999999999975,"[0.31599999999999984, -0.05000000000000017]",2439750,"[3.1599999999999984, -0.5000000000000017]",0.024766955008873572,3.2197041511535645,MinimaxSolutionConcept,4.387499999999999,0.9441762282540269,0.024460249680739184,0.0003409666869630564,3.1798324584960938,0.04432566930519736,COMPLETE
244,8.404999999999998,2025-06-12 21:32:33.653560,2025-06-12 21:32:37.104832,0 days 00:00:03.451272,46,0.884183389189121,0.07340595312021989,0.9804724358678851,0.00012523942757576624,150,2446753,8.404999999999998,2.975571373702873,0.35424999999999995,0.19007153258707635,150.0,4,7.029999999999998,"[0.3599999999999999, 0.3429999999999999]",2446753,"[3.5999999999999988, 3.4299999999999993]",0.01961411952972412,2.942117929458618,4.189999999999998,"[0.04199999999999983, 0.3769999999999999]",2447753,"[0.41999999999999826, 3.7699999999999987]",0.021936306953430174,3.2904460430145264,10.939999999999998,"[0.506, 0.5879999999999999]",2448753,"[5.0600000000000005, 5.879999999999999]",0.018681249618530273,2.802187442779541,11.459999999999999,"[0.509, 0.637]",2449753,"[5.09, 6.37]",0.01766478379567464,2.6497175693511963,MinimaxSolutionConcept,3.5424999999999995,1.9007153258707636,0.019474114974339804,0.0015798975761072425,2.9211172461509705,0.23698463641608639,COMPLETE
245,7.849999999999998,2025-06-12 21:32:37.119159,2025-06-12 21:32:47.487126,0 days 00:00:10.367967,47,0.5882359519025057,0.06235599875836469,0.9828415276139075,0.04661001828752492,432,2456757,7.849999999999998,3.0297277105376987,0.35999999999999993,0.2947651607636154,430.0,4,10.78,"[0.5050000000000001, 0.5729999999999998]",2456757,"[5.050000000000001, 5.729999999999999]",0.019490350124447844,8.380850553512573,3.709999999999997,"[-0.06900000000000017, 0.43999999999999984]",2457757,"[-0.6900000000000017, 4.399999999999999]",0.023666379618090254,10.176543235778809,10.719999999999999,"[0.728, 0.34399999999999986]",2458757,"[7.279999999999999, 3.4399999999999986]",0.019526994505593944,8.396607637405396,6.189999999999997,"[0.2759999999999998, 0.34299999999999986]",2459757,"[2.759999999999998, 3.429999999999999]",0.02117605763812398,9.10570478439331,MinimaxSolutionConcept,3.599999999999999,2.9476516076361543,0.020964945471564005,0.0017017967867197388,9.014926552772522,0.7317726182894875,COMPLETE
246,7.589999999999998,2025-06-12 21:32:48.667492,2025-06-12 21:32:56.861945,0 days 00:00:08.194453,44,0.6689350263559634,0.015356518165774043,0.9783205061379167,0.0002326910639789062,390,2466768,7.589999999999998,2.10372289049675,0.3899999999999999,0.07802243267163618,390.0,4,5.579999999999998,"[0.3619999999999999, 0.19599999999999987]",2466768,"[3.6199999999999988, 1.9599999999999986]",0.02030487549610627,7.918901443481445,8.589999999999996,"[0.35099999999999987, 0.5079999999999998]",2467768,"[3.509999999999999, 5.079999999999998]",0.01920777039650159,7.49103045463562,10.559999999999999,"[0.5229999999999999, 0.5329999999999999]",2468768,"[5.229999999999999, 5.329999999999999]",0.020578518280616173,8.025622129440308,5.629999999999997,"[0.32399999999999995, 0.23899999999999988]",2469768,"[3.2399999999999993, 2.389999999999999]",0.019664872609652006,7.669300317764282,MinimaxSolutionConcept,3.8999999999999986,0.7802243267163615,0.01993900919571901,0.0005368172567844836,7.776213586330414,0.20935873014594875,COMPLETE
247,4.81,2025-06-12 21:32:56.876263,2025-06-12 21:32:58.909744,0 days 00:00:02.033481,19,0.6521420673833548,0.14643131814749993,0.986399325013022,0.00014306995748564522,161,2476776,4.81,1.6419805114556016,0.155,0.23138928237928394,160.0,4,6.339999999999999,"[0.47400000000000003, 0.15999999999999998]",2476776,"[4.74, 1.5999999999999996]",0.010905829071998597,1.7449326515197754,5.399999999999999,"[0.158, 0.382]",2477776,"[1.58, 3.8200000000000003]",0.011339704692363738,1.8143527507781982,2.0399999999999996,"[-0.18, 0.384]",2478776,"[-1.7999999999999998, 3.84]",0.011693982779979706,1.871037244796753,5.46,"[0.16799999999999998, 0.37799999999999995]",2479776,"[1.6799999999999997, 3.7799999999999994]",0.011628578603267669,1.8605725765228271,MinimaxSolutionConcept,1.55,2.3138928237928393,0.011392023786902426,0.0003107490961771259,1.8227238059043884,0.049719855388340194,COMPLETE
248,5.717499999999998,2025-06-12 21:32:58.924384,2025-06-12 21:33:06.413168,0 days 00:00:07.488784,45,0.7496024758101844,0.06969702875178012,0.97492828754304,0.00011652109509130418,366,2486778,5.717499999999998,0.989428496658551,0.1984999999999999,0.1712388682513407,360.0,4,6.669999999999998,"[0.3499999999999999, 0.3169999999999999]",2486778,"[3.499999999999999, 3.169999999999999]",0.01819660597377353,6.550778150558472,5.499999999999997,"[-0.08000000000000017, 0.6299999999999999]",2487778,"[-0.8000000000000017, 6.299999999999999]",0.01879046493106418,6.7645673751831055,4.189999999999998,"[0.1959999999999999, 0.22299999999999986]",2488778,"[1.959999999999999, 2.2299999999999986]",0.02032205131318834,7.315938472747803,6.509999999999998,"[0.32799999999999996, 0.32299999999999984]",2489778,"[3.2799999999999994, 3.2299999999999986]",0.018790970245997112,6.76474928855896,MinimaxSolutionConcept,1.984999999999999,1.7123886825134067,0.019025023116005794,0.0007871396626255851,6.849008321762085,0.28337027854521063,COMPLETE
249,6.702499999999999,2025-06-12 21:33:06.427722,2025-06-12 21:33:09.749249,0 days 00:00:03.321527,48,0.8678843067789571,0.08452929705191416,0.9902482213023206,0.028164627088657312,147,2496786,6.702499999999999,1.8093420765571122,0.5667499999999999,0.141866794916922,140.0,4,4.6599999999999975,"[0.3229999999999999, 0.14299999999999988]",2496786,"[3.229999999999999, 1.4299999999999988]",0.022513433865138464,3.1518807411193848,5.729999999999998,"[0.6189999999999999, -0.046000000000000166]",2497786,"[6.189999999999999, -0.46000000000000163]",0.020517253875732423,2.872415542602539,9.52,"[0.6589999999999999, 0.29299999999999987]",2498786,"[6.589999999999999, 2.929999999999999]",0.01989384549004691,2.7851383686065674,6.899999999999999,"[0.666, 0.023999999999999834]",2499786,"[6.66, 0.23999999999999833]",0.020099585396902903,2.8139419555664062,MinimaxSolutionConcept,5.6674999999999995,1.4186679491692198,0.020756029656955177,0.001039202101237019,2.9058441519737244,0.14548829417318263,COMPLETE
250,7.137499999999999,2025-06-12 21:33:09.764126,2025-06-12 21:33:17.883230,0 days 00:00:08.119104,42,0.7135640964676556,0.0985366350958819,0.9842164018729498,0.036678700494492504,395,2506789,7.137499999999999,3.753733974324767,0.41874999999999996,0.251643969727073,390.0,4,10.86,"[0.766, 0.3199999999999999]",2506789,"[7.66, 3.199999999999999]",0.017193171916863856,6.705337047576904,9.7,"[0.4879999999999999, 0.48199999999999993]",2507789,"[4.879999999999999, 4.819999999999999]",0.018580025892991285,7.246210098266602,1.1499999999999972,"[0.06699999999999987, 0.04799999999999986]",2508789,"[0.6699999999999986, 0.47999999999999865]",0.01946404713850755,7.590978384017944,6.839999999999998,"[0.3539999999999999, 0.3299999999999999]",2509789,"[3.539999999999999, 3.299999999999999]",0.02031237345475417,7.921825647354126,MinimaxSolutionConcept,4.187499999999999,2.51643969727073,0.018887404600779215,0.0011541185931658942,7.366087794303894,0.45010625133469834,COMPLETE
251,7.117499999999998,2025-06-12 21:33:19.096026,2025-06-12 21:33:22.289137,0 days 00:00:03.193111,49,0.6022666409299942,0.07651583256400214,0.9646739888373832,0.00010015925959569432,128,2516799,7.117499999999998,3.0762913954955566,0.3307499999999999,0.18685338503757434,120.0,4,7.989999999999997,"[0.36499999999999977, 0.43399999999999983]",2516799,"[3.6499999999999977, 4.339999999999998]",0.02479416529337565,2.975299835205078,3.5699999999999976,"[0.33299999999999985, 0.02399999999999982]",2517799,"[3.3299999999999983, 0.23999999999999821]",0.024256728092829385,2.9108073711395264,5.219999999999997,"[0.049999999999999836, 0.47199999999999986]",2518799,"[0.49999999999999833, 4.719999999999999]",0.025192540884017945,3.0231049060821533,11.689999999999998,"[0.575, 0.5939999999999999]",2519799,"[5.75, 5.939999999999999]",0.021155850092569987,2.5387020111083984,MinimaxSolutionConcept,3.3074999999999983,1.8685338503757436,0.02384982109069824,0.0015904193993757148,2.861978530883789,0.19085032792508577,COMPLETE
252,10.7625,2025-06-12 21:33:22.303914,2025-06-12 21:33:25.891136,0 days 00:00:03.587222,47,0.6245103829956365,0.13690282612749372,0.9765672422174564,0.00017439381088100558,143,2526802,10.7625,4.167735446258556,0.5679999999999998,0.17265138284995002,140.0,4,17.34,"[0.859, 0.875]",2526802,"[8.59, 8.75]",0.021108896391732353,2.9552454948425293,10.489999999999998,"[0.5299999999999999, 0.5189999999999999]",2527802,"[5.299999999999999, 5.1899999999999995]",0.022433866773332867,3.1407413482666016,5.839999999999996,"[0.41799999999999987, 0.16599999999999976]",2528802,"[4.179999999999999, 1.6599999999999975]",0.024045375415257045,3.3663525581359863,9.379999999999999,"[0.46499999999999986, 0.473]",2529802,"[4.649999999999999, 4.7299999999999995]",0.023220181465148926,3.2508254051208496,MinimaxSolutionConcept,5.679999999999999,1.7265138284995,0.0227020800113678,0.0010820171030824757,3.1782912015914917,0.15148239443154668,COMPLETE
253,5.787499999999998,2025-06-12 21:33:25.908312,2025-06-12 21:33:30.035479,0 days 00:00:04.127167,46,0.6576732701860547,0.13831395983845857,0.9762920286161202,0.0002049549440527435,179,2536805,5.787499999999998,3.2053578193393646,0.3944999999999999,0.2598677548292593,170.0,4,4.429999999999998,"[0.566, -0.12300000000000019]",2536805,"[5.659999999999999, -1.230000000000002]",0.022231504496406106,3.779355764389038,6.589999999999997,"[0.58, 0.07899999999999988]",2537805,"[5.8, 0.7899999999999987]",0.022386535476235783,3.805711030960083,10.45,"[0.48299999999999993, 0.562]",2538805,"[4.829999999999999, 5.620000000000001]",0.022757899059968837,3.868842840194702,1.6799999999999966,"[-0.05100000000000017, 0.21899999999999986]",2539805,"[-0.5100000000000017, 2.1899999999999986]",0.022016356973087087,3.7427806854248047,MinimaxSolutionConcept,3.9449999999999994,2.598677548292593,0.022348074001424453,0.0002706753128957115,3.799172580242157,0.04601480319227095,COMPLETE
254,4.8874999999999975,2025-06-12 21:33:30.050425,2025-06-12 21:33:34.415177,0 days 00:00:04.364752,43,0.6397532644742602,0.1412064709298732,0.9744405389856883,0.0001677071559143024,198,2546810,4.8874999999999975,3.936968218058155,0.3387499999999999,0.20251342548088017,190.0,4,1.6699999999999977,"[0.09799999999999989, 0.06899999999999988]",2546810,"[0.9799999999999989, 0.6899999999999988]",0.020489387763173956,3.8929836750030518,0.3399999999999971,"[0.18099999999999988, -0.14700000000000016]",2547810,"[1.8099999999999987, -1.4700000000000015]",0.022051108510870682,4.18971061706543,9.409999999999998,"[0.5679999999999998, 0.3729999999999999]",2548810,"[5.679999999999998, 3.7299999999999986]",0.02018647821326005,3.835430860519409,8.129999999999999,"[0.508, 0.3049999999999999]",2549810,"[5.08, 3.049999999999999]",0.021499704059801603,4.084943771362305,MinimaxSolutionConcept,3.387499999999999,2.0251342548088016,0.021056669636776573,0.0007523679305988677,4.000767230987549,0.14294990681378494,COMPLETE
255,4.969999999999997,2025-06-12 21:33:34.430054,2025-06-12 21:33:42.011478,0 days 00:00:07.581424,48,0.6236537921091171,0.02436962628456552,0.9776231330870562,0.00017382277052111235,323,2556814,4.969999999999997,4.2909497783124895,0.2852499999999999,0.24915093317103998,320.0,4,5.379999999999997,"[0.522, 0.015999999999999827]",2556814,"[5.220000000000001, 0.15999999999999825]",0.023147070407867433,7.407062530517578,5.089999999999998,"[0.1709999999999999, 0.3379999999999999]",2557814,"[1.709999999999999, 3.379999999999999]",0.020960213243961336,6.707268238067627,-1.3500000000000036,"[-0.06900000000000017, -0.06600000000000016]",2558814,"[-0.6900000000000017, -0.6600000000000016]",0.021368210762739183,6.837827444076538,10.759999999999998,"[0.5169999999999999, 0.5589999999999999]",2559814,"[5.169999999999999, 5.59]",0.019676541537046434,6.296493291854858,MinimaxSolutionConcept,2.852499999999999,2.4915093317104,0.021288008987903596,0.0012416540463031033,6.81216287612915,0.3973292948169931,COMPLETE
256,4.837499999999997,2025-06-12 21:33:43.109258,2025-06-12 21:33:46.631519,0 days 00:00:03.522261,50,0.630940148426937,0.13488160956568174,0.9407978788080654,0.003296132863195722,136,2566823,4.837499999999997,1.2994109242268208,0.19199999999999987,0.18507701099812482,130.0,4,4.769999999999997,"[0.28399999999999986, 0.1929999999999999]",2566823,"[2.8399999999999985, 1.9299999999999988]",0.023553127508897046,3.061906576156616,6.879999999999997,"[0.418, 0.26999999999999985]",2567823,"[4.18, 2.6999999999999984]",0.024553154065058782,3.1919100284576416,4.409999999999997,"[0.14899999999999983, 0.2919999999999999]",2568823,"[1.4899999999999982, 2.919999999999999]",0.024664603746854342,3.2063984870910645,3.289999999999997,"[-0.08300000000000018, 0.4119999999999999]",2569823,"[-0.8300000000000018, 4.119999999999999]",0.024367244427020734,3.1677417755126953,MinimaxSolutionConcept,1.9199999999999986,1.8507701099812484,0.024284532436957725,0.00043543260723728056,3.1569892168045044,0.056606238940846355,COMPLETE
257,4.1774999999999975,2025-06-12 21:33:46.645439,2025-06-12 21:33:50.594708,0 days 00:00:03.949269,41,0.9241485065727847,0.12489543839007826,0.9728857885034781,0.00013615033004581403,206,2576826,4.1774999999999975,3.3755693964129967,0.2932499999999999,0.09258880871898074,200.0,4,0.5299999999999971,"[0.2179999999999999, -0.16500000000000015]",2576826,"[2.179999999999999, -1.6500000000000015]",0.018921706676483154,3.784341335296631,5.299999999999998,"[0.3119999999999999, 0.2179999999999999]",2577826,"[3.1199999999999988, 2.179999999999999]",0.016491966247558595,3.2983932495117188,9.169999999999998,"[0.43699999999999994, 0.47999999999999987]",2578826,"[4.369999999999999, 4.799999999999999]",0.017965612411499025,3.5931224822998047,1.7099999999999977,"[0.20599999999999988, -0.03500000000000015]",2579826,"[2.0599999999999987, -0.3500000000000015]",0.0169800865650177,3.39601731300354,MinimaxSolutionConcept,2.9324999999999988,0.9258880871898074,0.01758984297513962,0.0009343714166362261,3.5179685950279236,0.18687428332724534,COMPLETE
258,4.6149999999999975,2025-06-12 21:33:50.609388,2025-06-12 21:33:53.121154,0 days 00:00:02.511766,40,0.73728328569152,0.088670872836963,0.9697217307291099,0.0218316979166677,121,2586830,4.6149999999999975,1.7621222999553694,0.0992499999999999,0.1785390363477971,120.0,4,3.1599999999999975,"[0.3389999999999999, -0.02300000000000012]",2586830,"[3.3899999999999992, -0.2300000000000012]",0.01953781843185425,2.3445382118225098,5.819999999999998,"[0.1879999999999999, 0.394]",2587830,"[1.879999999999999, 3.9400000000000004]",0.018701976537704466,2.244237184524536,6.839999999999999,"[-0.001000000000000134, 0.6849999999999999]",2588830,"[-0.010000000000001341, 6.85]",0.018717877070109048,2.246145248413086,2.639999999999998,"[-0.12900000000000014, 0.39299999999999996]",2589830,"[-1.2900000000000014, 3.9299999999999997]",0.019427210092544556,2.3312652111053467,MinimaxSolutionConcept,0.9924999999999987,1.7853903634779709,0.01909622053305308,0.0003883087999707476,2.2915464639663696,0.0465970559964896,COMPLETE
