number,value,datetime_start,datetime_complete,duration,params_episode_length,params_epsilon_max,params_epsilon_min,params_gamma,params_learning_rate,params_num_episodes,user_attrs_base_seed,user_attrs_collective_reward_mean,user_attrs_collective_reward_std,user_attrs_individual_reward_agent0_mean,user_attrs_individual_reward_agent0_std,user_attrs_num_episodes_mean,user_attrs_num_parallel_runs,user_attrs_run_0_collective_reward,user_attrs_run_0_individual_rewards,user_attrs_run_0_seed,user_attrs_run_0_total_individual_rewards,user_attrs_run_0_training_time_per_episode,user_attrs_run_0_training_time_total,user_attrs_run_1_collective_reward,user_attrs_run_1_individual_rewards,user_attrs_run_1_seed,user_attrs_run_1_total_individual_rewards,user_attrs_run_1_training_time_per_episode,user_attrs_run_1_training_time_total,user_attrs_run_2_collective_reward,user_attrs_run_2_individual_rewards,user_attrs_run_2_seed,user_attrs_run_2_total_individual_rewards,user_attrs_run_2_training_time_per_episode,user_attrs_run_2_training_time_total,user_attrs_run_3_collective_reward,user_attrs_run_3_individual_rewards,user_attrs_run_3_seed,user_attrs_run_3_total_individual_rewards,user_attrs_run_3_training_time_per_episode,user_attrs_run_3_training_time_total,user_attrs_solution_concept,user_attrs_total_individual_reward_agent0_mean,user_attrs_total_individual_reward_agent0_std,user_attrs_training_time_per_episode_mean,user_attrs_training_time_per_episode_std,user_attrs_training_time_total_mean,user_attrs_training_time_total_std,state
99,6.722499999999998,2025-06-12 21:21:28.060497,2025-06-12 21:21:32.957610,0 days 00:00:04.897113,44,0.7321271205184328,0.07896245257673724,0.9596895147886881,0.00012062696709571222,234,996088,6.722499999999998,1.6378549233677573,0.3234999999999999,0.1192906115333474,230.0,4,6.769999999999998,"[0.21699999999999992, 0.45999999999999985]",996088,"[2.169999999999999, 4.599999999999999]",0.019544048931287684,4.495131254196167,4.049999999999997,"[0.21699999999999992, 0.18799999999999986]",997088,"[2.169999999999999, 1.8799999999999986]",0.01992135255233101,4.581911087036133,7.769999999999999,"[0.3539999999999999, 0.4229999999999999]",998088,"[3.539999999999999, 4.229999999999999]",0.02047642935877261,4.7095787525177,8.299999999999999,"[0.5059999999999999, 0.3239999999999999]",999088,"[5.059999999999999, 3.239999999999999]",0.01989196901736052,4.57515287399292,MinimaxSolutionConcept,3.234999999999999,1.192906115333474,0.01995844996493796,0.00033385131553606795,4.59044349193573,0.0767858025732957,COMPLETE
100,8.429999999999998,2025-06-12 21:21:32.971788,2025-06-12 21:21:38.205260,0 days 00:00:05.233472,44,0.5639358194214118,0.06974324057052333,0.9642918735575116,0.000280290073295969,244,1006093,8.429999999999998,1.514050857798377,0.3504999999999999,0.10539805501051715,240.0,4,9.649999999999999,"[0.31599999999999995, 0.6489999999999999]",1006093,"[3.1599999999999993, 6.489999999999999]",0.019349280993143717,4.643827438354492,7.979999999999998,"[0.1939999999999999, 0.604]",1007093,"[1.939999999999999, 6.04]",0.02083740532398224,5.000977277755737,6.149999999999998,"[0.4299999999999999, 0.1849999999999999]",1008093,"[4.299999999999999, 1.8499999999999988]",0.021162322163581847,5.0789573192596436,9.939999999999998,"[0.4619999999999999, 0.5319999999999998]",1009093,"[4.619999999999999, 5.3199999999999985]",0.020520998040835063,4.925039529800415,MinimaxSolutionConcept,3.504999999999999,1.0539805501051716,0.020467501630385715,0.0006842666832771005,4.912200391292572,0.16422400398650408,COMPLETE
101,7.844999999999999,2025-06-12 21:21:38.656706,2025-06-12 21:21:43.472439,0 days 00:00:04.815733,44,0.5653435767640071,0.06316735927831503,0.9641660222094375,0.00010117672627698935,201,1016098,7.844999999999999,1.9914379227081114,0.45824999999999994,0.16559042091860263,200.0,4,10.949999999999998,"[0.7419999999999999, 0.35299999999999987]",1016098,"[7.419999999999999, 3.5299999999999985]",0.021228234767913818,4.245646953582764,5.549999999999999,"[0.3669999999999999, 0.18799999999999986]",1017098,"[3.669999999999999, 1.8799999999999986]",0.023303127288818358,4.660625457763672,8.0,"[0.3959999999999999, 0.4039999999999998]",1018098,"[3.959999999999999, 4.039999999999998]",0.02176906704902649,4.353813409805298,6.879999999999999,"[0.32799999999999996, 0.35999999999999993]",1019098,"[3.2799999999999994, 3.599999999999999]",0.020975242853164672,4.195048570632935,MinimaxSolutionConcept,4.5825,1.6559042091860265,0.021818917989730836,0.0009036117479845878,4.363783597946167,0.18072234959691763,COMPLETE
102,6.464999999999997,2025-06-12 21:21:43.487331,2025-06-12 21:21:49.305713,0 days 00:00:05.818382,48,0.5392168768360899,0.06853498804491018,0.9636001581642627,0.0003370764550644451,241,1026103,6.464999999999997,1.3172793932951354,0.3072499999999999,0.09581329500648647,240.0,4,5.169999999999998,"[0.1929999999999999, 0.3239999999999999]",1026103,"[1.9299999999999988, 3.239999999999999]",0.023046053449312844,5.531052827835083,7.969999999999997,"[0.45699999999999996, 0.3399999999999999]",1027103,"[4.569999999999999, 3.399999999999999]",0.023488051692644753,5.637132406234741,7.579999999999998,"[0.3069999999999999, 0.4509999999999999]",1028103,"[3.069999999999999, 4.509999999999999]",0.02110249102115631,5.064597845077515,5.139999999999997,"[0.2719999999999999, 0.24199999999999985]",1029103,"[2.719999999999999, 2.4199999999999986]",0.02354574898878733,5.65097975730896,MinimaxSolutionConcept,3.072499999999999,0.9581329500648648,0.02279558628797531,0.0009964383819116695,5.470940709114075,0.2391452116588008,COMPLETE
103,4.932499999999998,2025-06-12 21:21:49.319801,2025-06-12 21:21:54.338034,0 days 00:00:05.018233,46,0.5757625330982925,0.07651437002619677,0.9665828181577105,0.00013536686074067783,213,1036109,4.932499999999998,3.926050018784784,0.12949999999999987,0.11234878726537283,210.0,4,4.409999999999998,"[0.1039999999999999, 0.3369999999999999]",1036109,"[1.039999999999999, 3.369999999999999]",0.023145494006928943,4.860553741455078,7.619999999999997,"[0.03199999999999985, 0.7299999999999999]",1037109,"[0.3199999999999985, 7.299999999999999]",0.022280960991269066,4.679001808166504,8.94,"[0.31899999999999984, 0.575]",1038109,"[3.1899999999999986, 5.75]",0.02221135866074335,4.6643853187561035,-1.2400000000000033,"[0.06299999999999986, -0.18700000000000017]",1039109,"[0.6299999999999986, -1.8700000000000017]",0.022192547434852238,4.66043496131897,MinimaxSolutionConcept,1.2949999999999986,1.1234878726537283,0.022457590273448402,0.00039852451720254857,4.716093957424164,0.08369014861253526,COMPLETE
104,4.140000000000001,2025-06-12 21:21:54.351979,2025-06-12 21:21:56.575717,0 days 00:00:02.223738,16,0.7136110311746156,0.0809971883630593,0.9575161379030362,0.00015052978549090322,192,1046114,4.140000000000001,0.9732163171669493,0.182,0.13537909735258247,190.0,4,3.6499999999999995,"[0.29100000000000004, 0.074]",1046114,"[2.91, 0.74]",0.0097117449107923,1.845231533050537,5.82,"[0.2899999999999999, 0.29200000000000004]",1047114,"[2.8999999999999995, 2.9200000000000004]",0.00962021601827521,1.82784104347229,3.6399999999999997,"[0.18800000000000003, 0.176]",1048114,"[1.8800000000000003, 1.7599999999999998]",0.009983266027350175,1.8968205451965332,3.450000000000001,"[-0.041, 0.3859999999999999]",1049114,"[-0.41000000000000003, 3.859999999999999]",0.009786221855565122,1.859382152557373,MinimaxSolutionConcept,1.8199999999999998,1.3537909735258247,0.009775362202995703,0.0001336594840777882,1.8573188185691833,0.025395301974779693,COMPLETE
105,8.937499999999998,2025-06-12 21:21:56.591751,2025-06-12 21:22:01.115053,0 days 00:00:04.523302,43,0.6321056487038388,0.10173152292773824,0.9612344537971751,0.0001927191024919307,203,1056116,8.937499999999998,0.7696224723850005,0.4519999999999999,0.12817566071606573,200.0,4,9.479999999999999,"[0.3809999999999999, 0.567]",1056116,"[3.8099999999999987, 5.67]",0.02093268036842346,4.186536073684692,8.399999999999999,"[0.6269999999999999, 0.21299999999999986]",1057116,"[6.269999999999999, 2.1299999999999986]",0.021307579278945922,4.261515855789185,9.879999999999999,"[0.5109999999999999, 0.47699999999999987]",1058116,"[5.109999999999999, 4.769999999999999]",0.021454907655715942,4.2909815311431885,7.9899999999999975,"[0.28899999999999987, 0.51]",1059116,"[2.889999999999999, 5.1]",0.020606632232666015,4.121326446533203,MinimaxSolutionConcept,4.52,1.2817566071606574,0.021075449883937836,0.0003309249844352425,4.215089976787567,0.06618499688704844,COMPLETE
106,6.022499999999997,2025-06-12 21:22:01.658522,2025-06-12 21:22:07.477064,0 days 00:00:05.818542,45,0.6370324179085904,0.10725499946318857,0.9622718150151478,0.00026541000354030807,216,1066121,6.022499999999997,1.8564667381884328,0.2549999999999999,0.053809850399346035,210.0,4,4.469999999999998,"[0.22899999999999987, 0.21799999999999983]",1066121,"[2.2899999999999987, 2.1799999999999984]",0.024733139219738187,5.1939592361450195,9.129999999999997,"[0.29599999999999993, 0.6169999999999999]",1067121,"[2.959999999999999, 6.169999999999999]",0.02479281198410761,5.206490516662598,4.7399999999999975,"[0.31499999999999984, 0.15899999999999986]",1068121,"[3.1499999999999986, 1.5899999999999985]",0.026892375946044923,5.647398948669434,5.749999999999997,"[0.17999999999999985, 0.3949999999999999]",1069121,"[1.7999999999999985, 3.9499999999999993]",0.025940481821695963,5.447501182556152,MinimaxSolutionConcept,2.549999999999999,0.5380985039934604,0.02558970224289667,0.0008928520855903129,5.373837471008301,0.18749893797396572,COMPLETE
107,6.397499999999997,2025-06-12 21:22:07.492131,2025-06-12 21:22:12.057305,0 days 00:00:04.565174,43,0.6022789960927835,0.12282569637687366,0.958396996704351,0.00018500051349437614,203,1076127,6.397499999999997,2.235580181966194,0.4804999999999999,0.1795194975483165,200.0,4,4.999999999999998,"[0.3859999999999999, 0.11399999999999985]",1076127,"[3.859999999999999, 1.1399999999999986]",0.01992226243019104,3.984452486038208,8.319999999999997,"[0.6129999999999999, 0.21899999999999986]",1077127,"[6.129999999999999, 2.1899999999999986]",0.02099241018295288,4.198482036590576,3.469999999999998,"[0.2359999999999999, 0.11099999999999988]",1078127,"[2.359999999999999, 1.1099999999999988]",0.02189530372619629,4.379060745239258,8.799999999999999,"[0.687, 0.19299999999999987]",1079127,"[6.870000000000001, 1.9299999999999986]",0.02056438207626343,4.1128764152526855,MinimaxSolutionConcept,4.805,1.795194975483165,0.02084358960390091,0.0007167724123267016,4.168717920780182,0.1433544824653403,COMPLETE
108,7.137499999999999,2025-06-12 21:22:12.073121,2025-06-12 21:22:17.545904,0 days 00:00:05.472783,42,0.6589831903174019,0.09858553653892162,0.952698954939307,0.00019599917669236986,248,1086132,7.137499999999999,1.3277306767563977,0.2492499999999999,0.07748023941625375,240.0,4,9.14,"[0.3049999999999999, 0.6089999999999999]",1086132,"[3.049999999999999, 6.089999999999999]",0.019963876406351725,4.791330337524414,7.469999999999997,"[0.2439999999999999, 0.5029999999999999]",1087132,"[2.439999999999999, 5.029999999999999]",0.02088908851146698,5.013381242752075,5.649999999999999,"[0.3229999999999999, 0.2419999999999999]",1088132,"[3.229999999999999, 2.419999999999999]",0.022173604369163512,5.321665048599243,6.289999999999998,"[0.12499999999999986, 0.5039999999999999]",1089132,"[1.2499999999999987, 5.039999999999999]",0.021758770942687987,5.222105026245117,MinimaxSolutionConcept,2.492499999999999,0.7748023941625376,0.021196335057417554,0.0008492267364058192,5.087120413780212,0.20381441673739673,COMPLETE
109,7.202499999999997,2025-06-12 21:22:17.560261,2025-06-12 21:22:23.903545,0 days 00:00:06.343284,46,0.5904193897956768,0.11339928603080127,0.9611771746726288,0.0003566557651230359,271,1096137,7.202499999999997,0.7065541380531292,0.41549999999999987,0.1071575942245812,270.0,4,6.399999999999997,"[0.5379999999999999, 0.10199999999999987]",1096137,"[5.379999999999999, 1.0199999999999987]",0.021965111626519096,5.930580139160156,8.059999999999997,"[0.30399999999999994, 0.502]",1097137,"[3.039999999999999, 5.02]",0.022803298632303872,6.156890630722046,7.729999999999998,"[0.3139999999999999, 0.4589999999999999]",1098137,"[3.139999999999999, 4.589999999999999]",0.022001421010052716,5.940383672714233,6.6199999999999966,"[0.5059999999999999, 0.15599999999999986]",1099137,"[5.059999999999999, 1.5599999999999987]",0.02129619739673756,5.749973297119141,MinimaxSolutionConcept,4.154999999999999,1.071575942245812,0.022016507166403312,0.0005340309140684899,5.944456934928894,0.14418834679849252,COMPLETE
110,7.749999999999997,2025-06-12 21:22:23.919994,2025-06-12 21:22:28.345275,0 days 00:00:04.425281,47,0.6289813424336852,0.09106232203920045,0.9684769629166334,0.00037577375197359226,175,1106143,7.749999999999997,2.11303099835284,0.30799999999999983,0.017306068299876767,170.0,4,4.739999999999997,"[0.2979999999999998, 0.17599999999999982]",1106143,"[2.979999999999998, 1.7599999999999982]",0.024450561579535988,4.156595468521118,10.239999999999997,"[0.3209999999999998, 0.703]",1107143,"[3.2099999999999977, 7.029999999999999]",0.025095758718602798,4.266278982162476,6.899999999999999,"[0.32799999999999985, 0.3619999999999999]",1108143,"[3.2799999999999985, 3.6199999999999988]",0.024228150704327753,4.118785619735718,9.119999999999997,"[0.28499999999999986, 0.627]",1109143,"[2.8499999999999988, 6.27]",0.021692260573892033,3.6876842975616455,MinimaxSolutionConcept,3.0799999999999983,0.17306068299876762,0.023866682894089643,0.0012952136026668669,4.057336091995239,0.22018631245336737,COMPLETE
111,8.454999999999998,2025-06-12 21:22:28.899319,2025-06-12 21:22:34.533471,0 days 00:00:05.634152,44,0.6618002267432143,0.10306299561525152,0.9757016595623036,0.0004388083571856997,221,1116148,8.454999999999998,2.0665127630866453,0.4124999999999999,0.13353744793128258,220.0,4,5.029999999999998,"[0.22899999999999993, 0.2739999999999999]",1116148,"[2.289999999999999, 2.7399999999999993]",0.02265770218589089,4.984694480895996,8.649999999999999,"[0.3459999999999999, 0.5189999999999999]",1117148,"[3.459999999999999, 5.1899999999999995]",0.024226086789911443,5.329739093780518,10.29,"[0.569, 0.45999999999999985]",1118148,"[5.6899999999999995, 4.599999999999999]",0.024151970039714466,5.313433408737183,9.849999999999998,"[0.506, 0.4789999999999999]",1119148,"[5.0600000000000005, 4.789999999999999]",0.024863071875138715,5.469875812530518,MinimaxSolutionConcept,4.125,1.335374479312826,0.023974707722663878,0.0008090593018730824,5.2744356989860535,0.1779930464120782,COMPLETE
112,5.5749999999999975,2025-06-12 21:22:34.549824,2025-06-12 21:22:39.895522,0 days 00:00:05.345698,44,0.6216140264101885,0.07035565601143322,0.9654890755390463,0.0002487770416941389,232,1126154,5.5749999999999975,3.1481859856113967,0.15199999999999989,0.151438106168824,230.0,4,2.9799999999999978,"[-0.05500000000000016, 0.35299999999999987]",1126154,"[-0.5500000000000016, 3.5299999999999985]",0.022549985802691914,5.186496734619141,1.9999999999999971,"[0.08099999999999988, 0.11899999999999986]",1127154,"[0.8099999999999987, 1.1899999999999986]",0.02184872938239056,5.025207757949829,9.399999999999999,"[0.3419999999999999, 0.598]",1128154,"[3.419999999999999, 5.9799999999999995]",0.020588271514229154,4.735302448272705,7.919999999999998,"[0.23999999999999985, 0.5519999999999999]",1129154,"[2.3999999999999986, 5.52]",0.019634467622508173,4.51592755317688,MinimaxSolutionConcept,1.5199999999999987,1.5143810616882398,0.02115536358045495,0.00112477166622009,4.865733623504639,0.2586974832306208,COMPLETE
113,6.147499999999997,2025-06-12 21:22:39.909911,2025-06-12 21:22:45.132732,0 days 00:00:05.222821,49,0.6572999992565332,0.09778265980741936,0.9708640164968928,0.00020890723016045063,221,1136159,6.147499999999997,0.46900826218735214,0.4797499999999999,0.06328260029423566,220.0,4,6.689999999999997,"[0.4799999999999997, 0.18899999999999986]",1136159,"[4.799999999999997, 1.8899999999999986]",0.02121644995429299,4.667618989944458,6.099999999999998,"[0.42899999999999994, 0.18099999999999988]",1137159,"[4.289999999999999, 1.8099999999999987]",0.023001568967645818,5.06034517288208,6.379999999999996,"[0.5829999999999999, 0.05499999999999985]",1138159,"[5.829999999999998, 0.5499999999999985]",0.022557154568758876,4.962574005126953,5.419999999999996,"[0.42699999999999994, 0.11499999999999984]",1139159,"[4.27, 1.1499999999999984]",0.02177172682502053,4.789779901504517,MinimaxSolutionConcept,4.7974999999999985,0.6328260029423566,0.022136725078929553,0.0006900807811679538,4.870079517364502,0.15181777185694986,COMPLETE
114,8.517499999999998,2025-06-12 21:22:45.146918,2025-06-12 21:22:49.335282,0 days 00:00:04.188364,45,0.6499303820111708,0.1094384902576816,0.9600012954826898,0.0004842757678913329,187,1146165,8.517499999999998,2.7244483386550025,0.4197499999999999,0.1491297673169244,180.0,4,6.639999999999997,"[0.17699999999999985, 0.48699999999999993]",1146165,"[1.7699999999999985, 4.869999999999999]",0.021668292416466606,3.9002926349639893,10.839999999999998,"[0.44899999999999995, 0.635]",1147165,"[4.489999999999999, 6.35]",0.019517623053656685,3.513172149658203,5.0799999999999965,"[0.4699999999999999, 0.037999999999999874]",1148165,"[4.699999999999999, 0.3799999999999987]",0.022273423936631946,4.00921630859375,11.509999999999998,"[0.583, 0.568]",1149165,"[5.83, 5.68]",0.021553264723883733,3.8795876502990723,MinimaxSolutionConcept,4.1975,1.491297673169244,0.021253151032659744,0.001038680022996914,3.8255671858787537,0.1869624041394445,COMPLETE
115,7.507499999999997,2025-06-12 21:22:49.351109,2025-06-12 21:22:53.437420,0 days 00:00:04.086311,45,0.6450258602530792,0.11590752613095866,0.9604302024871271,0.00042703659097766974,184,1156169,7.507499999999997,3.220375560396644,0.3652499999999999,0.2969902144852588,180.0,4,10.309999999999997,"[0.45299999999999985, 0.5779999999999998]",1156169,"[4.5299999999999985, 5.7799999999999985]",0.019038710329267714,3.4269678592681885,2.229999999999997,"[-0.10300000000000017, 0.32599999999999985]",1157169,"[-1.0300000000000018, 3.2599999999999985]",0.02129677799012926,3.8334200382232666,9.909999999999997,"[0.7190000000000001, 0.27199999999999985]",1158169,"[7.190000000000001, 2.7199999999999984]",0.020392457644144695,3.670642375946045,7.579999999999998,"[0.3919999999999999, 0.3659999999999998]",1159169,"[3.919999999999999, 3.6599999999999984]",0.02168610625796848,3.903499126434326,MinimaxSolutionConcept,3.652499999999999,2.9699021448525884,0.020603513055377536,0.001018058970578795,3.7086323499679565,0.18325061470418302,COMPLETE
116,8.0475,2025-06-12 21:22:54.036404,2025-06-12 21:22:58.317496,0 days 00:00:04.281092,43,0.6680484684776853,0.11148312918091313,0.9500055459982595,0.0002828850705849453,206,1166174,8.0475,0.7137357704360914,0.2984999999999999,0.06219525705389442,200.0,4,6.9499999999999975,"[0.2049999999999999, 0.48999999999999994]",1166174,"[2.049999999999999, 4.8999999999999995]",0.020628334283828736,4.125666856765747,8.029999999999998,"[0.29299999999999987, 0.5099999999999999]",1167174,"[2.929999999999999, 5.099999999999999]",0.019557139873504638,3.9114279747009277,8.93,"[0.3179999999999999, 0.575]",1168174,"[3.179999999999999, 5.75]",0.01960766077041626,3.921532154083252,8.279999999999998,"[0.378, 0.44999999999999984]",1169174,"[3.7800000000000002, 4.499999999999998]",0.019482237100601197,3.8964474201202393,MinimaxSolutionConcept,2.9849999999999994,0.6219525705389444,0.019818843007087708,0.00046948539131004373,3.9637686014175415,0.09389707826200867,COMPLETE
117,5.884999999999998,2025-06-12 21:22:58.331728,2025-06-12 21:23:02.966270,0 days 00:00:04.634542,44,0.6876815282681084,0.10310657226529957,0.9623428562968762,0.0006272658109225445,216,1176178,5.884999999999998,1.2202151449641985,0.37849999999999984,0.10033070317704343,210.0,4,3.9099999999999984,"[0.32799999999999985, 0.06299999999999988]",1176178,"[3.2799999999999985, 0.6299999999999988]",0.01998773870014009,4.197425127029419,6.719999999999999,"[0.5089999999999998, 0.16299999999999987]",1177178,"[5.089999999999998, 1.6299999999999986]",0.02043554215204148,4.291463851928711,5.859999999999998,"[0.43199999999999983, 0.15399999999999986]",1178178,"[4.3199999999999985, 1.5399999999999987]",0.021211598032996767,4.454435586929321,7.049999999999998,"[0.24499999999999988, 0.45999999999999996]",1179178,"[2.449999999999999, 4.6]",0.020143734841119674,4.230184316635132,MinimaxSolutionConcept,3.784999999999999,1.0033070317704345,0.020444653431574502,0.00047106531047949894,4.293377220630646,0.09892371520069482,COMPLETE
118,7.664999999999999,2025-06-12 21:23:02.982135,2025-06-12 21:23:07.020164,0 days 00:00:04.038029,42,0.6444285930898381,0.10923157525564264,0.9547795479721101,0.00016430770596516077,195,1186183,7.664999999999999,1.6394130047062583,0.46324999999999994,0.1330439307146328,190.0,4,7.389999999999999,"[0.24799999999999986, 0.49099999999999994]",1186183,"[2.4799999999999986, 4.909999999999999]",0.020407623993723017,3.877448558807373,5.929999999999998,"[0.47400000000000003, 0.11899999999999988]",1187183,"[4.74, 1.1899999999999988]",0.01970015701494719,3.743029832839966,6.9899999999999975,"[0.607, 0.09199999999999986]",1188183,"[6.07, 0.9199999999999986]",0.020346123293826453,3.8657634258270264,10.35,"[0.5239999999999999, 0.5109999999999999]",1189183,"[5.239999999999999, 5.109999999999999]",0.019163188181425397,3.641005754470825,MinimaxSolutionConcept,4.632499999999999,1.330439307146328,0.019904273120980514,0.0005097705240380827,3.7818118929862976,0.09685639956723577,COMPLETE
