number,value,datetime_start,datetime_complete,duration,params_episode_length,params_epsilon_max,params_epsilon_min,params_gamma,params_learning_rate,params_num_episodes,user_attrs_base_seed,user_attrs_collective_reward_mean,user_attrs_collective_reward_std,user_attrs_individual_reward_agent0_mean,user_attrs_individual_reward_agent0_std,user_attrs_num_episodes_mean,user_attrs_num_parallel_runs,user_attrs_run_0_collective_reward,user_attrs_run_0_individual_rewards,user_attrs_run_0_seed,user_attrs_run_0_total_individual_rewards,user_attrs_run_0_training_time_per_episode,user_attrs_run_0_training_time_total,user_attrs_run_1_collective_reward,user_attrs_run_1_individual_rewards,user_attrs_run_1_seed,user_attrs_run_1_total_individual_rewards,user_attrs_run_1_training_time_per_episode,user_attrs_run_1_training_time_total,user_attrs_run_2_collective_reward,user_attrs_run_2_individual_rewards,user_attrs_run_2_seed,user_attrs_run_2_total_individual_rewards,user_attrs_run_2_training_time_per_episode,user_attrs_run_2_training_time_total,user_attrs_run_3_collective_reward,user_attrs_run_3_individual_rewards,user_attrs_run_3_seed,user_attrs_run_3_total_individual_rewards,user_attrs_run_3_training_time_per_episode,user_attrs_run_3_training_time_total,user_attrs_solution_concept,user_attrs_total_individual_reward_agent0_mean,user_attrs_total_individual_reward_agent0_std,user_attrs_training_time_per_episode_mean,user_attrs_training_time_per_episode_std,user_attrs_training_time_total_mean,user_attrs_training_time_total_std,state
211,5.3375,2025-06-12 22:04:24.535424,2025-06-12 22:04:27.690555,0 days 00:00:03.155131,11,0.9991373750137545,0.07379374093583778,0.912638263380345,0.06575760801493308,380,2118664,5.3375,1.21992571495153,0.471,0.1632865579280793,380.0,4,5.62,"[0.445, 0.11699999999999999]",2118664,"[4.45, 1.17]",0.007686998342212877,2.9210593700408936,3.3799999999999994,"[0.22199999999999992, 0.11600000000000002]",2119664,"[2.2199999999999993, 1.1600000000000001]",0.007843799967514841,2.9806439876556396,6.740000000000001,"[0.6639999999999999, 0.01000000000000002]",2120664,"[6.639999999999999, 0.1000000000000002]",0.007752119867425216,2.945805549621582,5.61,"[0.5529999999999999, 0.008000000000000005]",2121664,"[5.529999999999999, 0.08000000000000006]",0.007688606412787186,2.921670436859131,WelfareSolutionConcept,4.709999999999999,1.632865579280793,0.00774288114748503,6.39112606156952e-05,2.9422948360443115,0.02428627903396413,COMPLETE
212,4.6375,2025-06-12 22:04:27.705426,2025-06-12 22:04:31.653379,0 days 00:00:03.947953,12,0.9875960134676388,0.06729456544310056,0.9088549103289796,0.08942157478340189,386,2128667,4.6375,2.070596230557759,0.3295,0.13472657495832063,380.0,4,5.5,"[0.5499999999999999, 1.1102230246251566e-17]",2128667,"[5.499999999999999, 1.1102230246251565e-16]",0.00694807767868042,2.6402695178985596,3.29,"[0.328, 0.001000000000000012]",2129667,"[3.2800000000000002, 0.01000000000000012]",0.006910236258255808,2.625889778137207,2.1900000000000004,"[0.21900000000000003, 1.1102230246251566e-17]",2130667,"[2.1900000000000004, 1.1102230246251565e-16]",0.00993045631207918,3.773573398590088,7.57,"[0.22100000000000009, 0.5359999999999999]",2131667,"[2.210000000000001, 5.359999999999999]",0.00705375357678062,2.6804263591766357,WelfareSolutionConcept,3.295,1.3472657495832063,0.007710630956449006,0.0012826955675207996,2.9300397634506226,0.48742431565790373,COMPLETE
213,3.4074999999999998,2025-06-12 22:04:31.668740,2025-06-12 22:04:35.369101,0 days 00:00:03.700361,11,0.9720199980649422,0.07266365323800743,0.9278418450964243,0.021702635596264484,373,2138671,3.4074999999999998,2.0085115757694796,0.36200000000000004,0.13973009697269953,370.0,4,2.33,"[0.22999999999999993, 0.0030000000000000027]",2138671,"[2.2999999999999994, 0.030000000000000027]",0.006938806740013329,2.5673584938049316,6.619999999999999,"[0.55, 0.11199999999999992]",2139671,"[5.5, 1.1199999999999992]",0.009401559185337376,3.478576898574829,1.2500000000000004,"[0.225, -0.09999999999999999]",2140671,"[2.25, -0.9999999999999999]",0.009468759072793497,3.5034408569335938,3.4299999999999997,"[0.44300000000000006, -0.09999999999999999]",2141671,"[4.430000000000001, -0.9999999999999999]",0.007580024487263448,2.8046090602874756,WelfareSolutionConcept,3.62,1.3973009697269951,0.008347287371351913,0.0011114964976389002,3.0884963274002075,0.41125370412639306,COMPLETE
214,4.355,2025-06-12 22:04:35.392025,2025-06-12 22:04:38.770806,0 days 00:00:03.378781,12,0.9993581709714767,0.0775975578073004,0.9160267212156015,0.04065118953077999,313,2148675,4.355,0.026925824035672525,0.46449999999999997,0.04763139720814409,310.0,4,4.36,"[0.437, -0.0009999999999999898]",2148675,"[4.37, -0.009999999999999898]",0.010327123826549899,3.2014083862304688,4.3100000000000005,"[0.437, -0.005999999999999994]",2149675,"[4.37, -0.05999999999999994]",0.0076994272970384164,2.386822462081909,4.37,"[0.5469999999999999, -0.10999999999999999]",2150675,"[5.469999999999999, -1.0999999999999999]",0.010149408155871975,3.1463165283203125,4.380000000000001,"[0.437, 0.001000000000000012]",2151675,"[4.37, 0.01000000000000012]",0.007617373620310138,2.3613858222961426,WelfareSolutionConcept,4.645,0.4763139720814407,0.008948333224942607,0.0012917879081630651,2.7739832997322083,0.40045425153055025,COMPLETE
215,6.2725,2025-06-12 22:04:38.785201,2025-06-12 22:04:42.263475,0 days 00:00:03.478274,10,0.7058436558962783,0.06051617943260692,0.9003501719601836,0.07267584615044699,359,2158678,6.2725,1.6108751503453025,0.58375,0.0890235221725135,350.0,4,7.8900000000000015,"[0.664, 0.12499999999999996]",2158678,"[6.640000000000001, 1.2499999999999996]",0.006786730630057199,2.3753557205200195,6.79,"[0.558, 0.12100000000000002]",2159678,"[5.58, 1.2100000000000002]",0.009329524040222168,3.265333414077759,6.819999999999999,"[0.664, 0.018000000000000016]",2160678,"[6.640000000000001, 0.18000000000000016]",0.006528317587716239,2.2849111557006836,3.5900000000000003,"[0.449, -0.08999999999999998]",2161678,"[4.49, -0.8999999999999998]",0.009447987420218332,3.306795597076416,WelfareSolutionConcept,5.8375,0.890235221725135,0.008023139919553484,0.001369309278961313,2.8080989718437195,0.47925824763645947,COMPLETE
216,4.549999999999999,2025-06-12 22:04:43.416723,2025-06-12 22:04:47.337070,0 days 00:00:03.920347,11,0.9784269921295032,0.06351047131300518,0.9446728800307429,0.09962492486451228,389,2168683,4.549999999999999,0.7530936196781908,0.44725000000000004,0.13166126043753348,380.0,4,4.55,"[0.44800000000000006, 0.007000000000000016]",2168683,"[4.48, 0.07000000000000016]",0.009702935344294498,3.687115430831909,5.619999999999999,"[0.6620000000000001, -0.09999999999999999]",2169683,"[6.620000000000001, -0.9999999999999999]",0.007555489791067023,2.8710861206054688,4.539999999999999,"[0.33999999999999997, 0.11399999999999996]",2170683,"[3.3999999999999995, 1.1399999999999997]",0.006866175250003212,2.6091465950012207,3.49,"[0.33899999999999997, 0.01000000000000002]",2171683,"[3.3899999999999997, 0.1000000000000002]",0.009831199520512632,3.7358558177948,WelfareSolutionConcept,4.4725,1.3166126043753348,0.008488949976469342,0.0013019351022964388,3.2258009910583496,0.4947353388726466,COMPLETE
217,6.170000000000001,2025-06-12 22:04:47.351512,2025-06-12 22:04:52.049819,0 days 00:00:04.698307,13,0.9854107017194371,0.08035963905328071,0.9082306736006636,0.05395752332167914,398,2178687,6.170000000000001,1.6396188581496616,0.51725,0.14304610270818288,390.0,4,4.24,"[0.434, -0.009999999999999995]",2178687,"[4.34, -0.09999999999999995]",0.010523189642490485,4.104043960571289,5.33,"[0.433, 0.10000000000000005]",2179687,"[4.33, 1.0000000000000004]",0.011585013071695963,4.518155097961426,8.67,"[0.765, 0.10200000000000002]",2180687,"[7.65, 1.0200000000000002]",0.008345218193836702,3.2546350955963135,6.44,"[0.437, 0.20700000000000002]",2181687,"[4.37, 2.0700000000000003]",0.009504255270346616,3.7066595554351807,WelfareSolutionConcept,5.1725,1.4304610270818288,0.00998941904459244,0.0012010007989147241,3.8958734273910522,0.46839031157674244,COMPLETE
218,6.647500000000001,2025-06-12 22:04:52.077405,2025-06-12 22:04:55.974371,0 days 00:00:03.896966,11,0.9684847772427491,0.05434456349508373,0.9322687045029973,0.06351937032976825,331,2188692,6.647500000000001,2.71140530906023,0.521,0.23128661872231174,330.0,4,8.81,"[0.548, 0.333]",2188692,"[5.48, 3.33]",0.008469629287719726,2.7949776649475098,4.51,"[0.441, 0.01000000000000002]",2189692,"[4.41, 0.1000000000000002]",0.010700472918423739,3.531156063079834,3.46,"[0.22699999999999995, 0.119]",2190692,"[2.2699999999999996, 1.19]",0.010188740672487201,3.3622844219207764,9.81,"[0.868, 0.11299999999999999]",2191692,"[8.68, 1.13]",0.011148800271930116,3.6791040897369385,WelfareSolutionConcept,5.21,2.3128661872231175,0.010126910787640196,0.0010153369564595432,3.3418805599212646,0.33506119563164927,COMPLETE
219,7.359999999999999,2025-06-12 22:04:55.991038,2025-06-12 22:05:00.235303,0 days 00:00:04.244265,12,0.6226445007158364,0.09927425791688273,0.9405087560586612,0.08411740711353906,377,2198696,7.359999999999999,1.166940444067305,0.5755,0.12179183059630888,370.0,4,7.689999999999999,"[0.768, 0.001000000000000012]",2198696,"[7.68, 0.01000000000000012]",0.007911653132052035,2.927311658859253,5.5,"[0.551, -0.0009999999999999898]",2199696,"[5.510000000000001, -0.009999999999999898]",0.010555124282836914,3.905395984649658,8.719999999999999,"[0.5530000000000002, 0.31900000000000006]",2200696,"[5.530000000000001, 3.1900000000000004]",0.011004932506664379,4.07182502746582,7.53,"[0.43, 0.32300000000000006]",2201696,"[4.3, 3.2300000000000004]",0.008594199129053064,3.179853677749634,WelfareSolutionConcept,5.755000000000001,1.2179183059630887,0.009516477262651597,0.0012961813233338172,3.5210965871810913,0.4795870896335124,COMPLETE
220,5.995,2025-06-12 22:05:00.250262,2025-06-12 22:05:03.910726,0 days 00:00:03.660464,10,0.6189249374952731,0.09767763917161806,0.9405405074556537,0.07911420251398404,378,2208700,5.995,2.4658720566971843,0.47575000000000006,0.14035023156375623,370.0,4,3.55,"[0.34, 0.015000000000000019]",2208700,"[3.4000000000000004, 0.1500000000000002]",0.006791384155685838,2.5128121376037598,4.64,"[0.3420000000000001, 0.122]",2209700,"[3.420000000000001, 1.22]",0.00733456547195847,2.713789224624634,10.05,"[0.666, 0.339]",2210700,"[6.66, 3.39]",0.006915426254272461,2.5587077140808105,5.739999999999999,"[0.5549999999999999, 0.019000000000000013]",2211700,"[5.549999999999999, 0.19000000000000014]",0.009451872593647725,3.497192859649658,WelfareSolutionConcept,4.7575,1.4035023156375621,0.007623312118891124,0.001074734219382488,2.8206254839897156,0.3976516611715207,COMPLETE
221,3.2425000000000006,2025-06-12 22:05:05.011576,2025-06-12 22:05:09.566389,0 days 00:00:04.554813,12,0.5958315350622436,0.10106535695139529,0.9115857159318143,0.08382324504976106,403,2218705,3.2425000000000006,1.6940391819553646,0.27175000000000005,0.05333561193049165,400.0,4,4.380000000000001,"[0.32900000000000007, 0.10900000000000007]",2218705,"[3.290000000000001, 1.0900000000000007]",0.007942784428596496,3.1771137714385986,1.0700000000000003,"[0.217, -0.10999999999999999]",2219705,"[2.17, -1.0999999999999999]",0.008061073422431946,3.2244293689727783,2.1900000000000004,"[0.22000000000000003, -0.0009999999999999898]",2220705,"[2.2, -0.009999999999999898]",0.010975562930107118,4.390225172042847,5.330000000000001,"[0.32100000000000006, 0.2120000000000001]",2221705,"[3.210000000000001, 2.120000000000001]",0.010540310144424438,4.216124057769775,WelfareSolutionConcept,2.7175000000000002,0.5333561193049166,0.00937993273139,0.0013872001110858238,3.7519730925559998,0.5548800444343294,COMPLETE
222,3.6500000000000004,2025-06-12 22:05:09.581356,2025-06-12 22:05:13.941488,0 days 00:00:04.360132,13,0.5786968912323038,0.10860947071578476,0.9033230574295164,0.07160504072290769,363,2228709,3.6500000000000004,1.2283525552543941,0.3464999999999999,0.14141163318482675,360.0,4,3.1400000000000006,"[0.434, -0.11999999999999997]",2228709,"[4.34, -1.1999999999999997]",0.010997205972671509,3.958994150161743,2.0,"[0.21200000000000002, -0.011999999999999995]",2229709,"[2.12, -0.11999999999999995]",0.011683028274112278,4.20589017868042,4.130000000000001,"[0.5329999999999999, -0.11999999999999997]",2230709,"[5.329999999999999, -1.1999999999999997]",0.007992447084850736,2.8772809505462646,5.329999999999999,"[0.20699999999999993, 0.32599999999999996]",2231709,"[2.0699999999999994, 3.26]",0.008633236090342203,3.1079649925231934,WelfareSolutionConcept,3.465,1.4141163318482675,0.009826479355494182,0.0015495869255209272,3.5375325679779053,0.5578512931875338,COMPLETE
223,4.880000000000001,2025-06-12 22:05:13.958211,2025-06-12 22:05:18.099393,0 days 00:00:04.141182,12,0.6041588594753654,0.10499384060401704,0.9849927991965108,0.047593825585566844,350,2238714,4.880000000000001,1.6168333247431534,0.43525,0.10926430112346847,350.0,4,4.380000000000001,"[0.32600000000000007, 0.11200000000000006]",2238714,"[3.2600000000000007, 1.1200000000000006]",0.01126420089176723,3.9424703121185303,7.57,"[0.5469999999999999, 0.21000000000000005]",2239714,"[5.469999999999999, 2.1000000000000005]",0.008197080067225864,2.8689780235290527,4.32,"[0.542, -0.10999999999999999]",2240714,"[5.42, -1.0999999999999999]",0.00858879838671003,3.0060794353485107,3.250000000000001,"[0.32600000000000007, -0.0009999999999999898]",2241714,"[3.2600000000000007, -0.009999999999999898]",0.008930408614022391,3.125643014907837,WelfareSolutionConcept,4.3525,1.0926430112346843,0.009245121989931378,0.0011942441819733124,3.2357926964759827,0.4179854636906592,COMPLETE
224,6.6,2025-06-12 22:05:18.115729,2025-06-12 22:05:22.187102,0 days 00:00:04.071373,14,0.9882632041786441,0.09561464588915781,0.9818393808723664,0.08722747443710192,368,2248718,6.6,3.1474831214797634,0.51275,0.18178197792960663,360.0,4,6.34,"[0.54, 0.094]",2248718,"[5.4, 0.94]",0.010814797878265382,3.893327236175537,1.8900000000000008,"[0.20800000000000005, -0.018999999999999996]",2249718,"[2.0800000000000005, -0.18999999999999995]",0.00794792307747735,2.8612523078918457,7.500000000000001,"[0.657, 0.09300000000000005]",2250718,"[6.57, 0.9300000000000006]",0.00789259672164917,2.841334819793701,10.669999999999998,"[0.6459999999999999, 0.421]",2251718,"[6.459999999999999, 4.21]",0.010755903853310479,3.8721253871917725,WelfareSolutionConcept,5.1274999999999995,1.8178197792960662,0.009352805382675595,0.0014328303284630844,3.367009937763214,0.5158189182467104,COMPLETE
225,7.777499999999999,2025-06-12 22:05:22.202311,2025-06-12 22:05:24.349348,0 days 00:00:02.147037,11,0.6487434671645462,0.06958240382201811,0.9313574869038439,0.055901366596823626,194,2258722,7.777499999999999,1.5664190850471662,0.6372500000000001,0.05038042774729091,190.0,4,7.789999999999999,"[0.667, 0.11199999999999996]",2258722,"[6.67, 1.1199999999999997]",0.010475798657065943,1.9904017448425293,9.97,"[0.667, 0.32999999999999996]",2259722,"[6.67, 3.3]",0.007193940564205772,1.3668487071990967,5.539999999999999,"[0.55, 0.004000000000000002]",2260722,"[5.5, 0.04000000000000002]",0.010349252349451969,1.966357946395874,7.81,"[0.665, 0.11599999999999995]",2261722,"[6.65, 1.1599999999999995]",0.00739320202877647,1.4047083854675293,WelfareSolutionConcept,6.3725000000000005,0.5038042774729091,0.008853048399875038,0.001561708591057529,1.6820791959762573,0.29672463230093055,COMPLETE
226,4.784999999999999,2025-06-12 22:05:25.442725,2025-06-12 22:05:27.546610,0 days 00:00:02.103885,11,0.6328203817573224,0.07349485884682301,0.9369686207097025,0.05419363695171989,174,2268725,4.784999999999999,1.9464133682237181,0.44425,0.15492962111875191,170.0,4,6.749999999999999,"[0.6660000000000001, 0.009000000000000006]",2268725,"[6.660000000000002, 0.09000000000000007]",0.010984387117273666,1.8673458099365234,2.3799999999999994,"[0.22799999999999998, 0.010000000000000007]",2269725,"[2.28, 0.10000000000000007]",0.008701363731833065,1.479231834411621,3.36,"[0.43599999999999994, -0.09999999999999999]",2270725,"[4.359999999999999, -0.9999999999999999]",0.011355902166927561,1.9305033683776855,6.6499999999999995,"[0.4469999999999999, 0.21799999999999997]",2271725,"[4.469999999999999, 2.1799999999999997]",0.008196558671839096,1.3934149742126465,WelfareSolutionConcept,4.4425,1.5492962111875193,0.009809552921968348,0.0013785195959730991,1.6676239967346191,0.23434833131542687,COMPLETE
227,6.262500000000001,2025-06-12 22:05:27.561727,2025-06-12 22:05:29.778575,0 days 00:00:02.216848,10,0.9527610808588115,0.06963384671185985,0.940829846032981,0.0634283160979834,206,2278727,6.262500000000001,1.7426040141122137,0.52925,0.1365199161294791,200.0,4,5.7700000000000005,"[0.45400000000000007, 0.123]",2278727,"[4.540000000000001, 1.23]",0.010171922445297242,2.0343844890594482,7.770000000000001,"[0.6580000000000001, 0.11899999999999997]",2279727,"[6.580000000000002, 1.1899999999999997]",0.00993527889251709,1.987055778503418,3.62,"[0.3430000000000001, 0.019000000000000017]",2280727,"[3.4300000000000006, 0.19000000000000017]",0.007167987823486328,1.4335975646972656,7.89,"[0.6620000000000001, 0.12699999999999997]",2281727,"[6.620000000000001, 1.2699999999999998]",0.0074089932441711425,1.4817986488342285,WelfareSolutionConcept,5.292500000000001,1.3651991612947911,0.00867104560136795,0.0013877027735658485,1.73420912027359,0.2775405547131697,COMPLETE
228,7.487500000000001,2025-06-12 22:05:29.794004,2025-06-12 22:05:33.714561,0 days 00:00:03.920557,11,0.6448699784024708,0.08343187450267014,0.925929648965014,0.041193937091928236,380,2288729,7.487500000000001,1.3760882057484545,0.553,0.07570006605016934,380.0,4,5.67,"[0.44800000000000006, 0.119]",2288729,"[4.48, 1.19]",0.00937608982387342,3.5629141330718994,8.79,"[0.5530000000000002, 0.326]",2289729,"[5.530000000000001, 3.2600000000000002]",0.009851370359721936,3.743520736694336,8.850000000000001,"[0.662, 0.22299999999999995]",2290729,"[6.62, 2.2299999999999995]",0.00758281757957057,2.8814706802368164,6.64,"[0.5489999999999999, 0.11499999999999995]",2291729,"[5.489999999999999, 1.1499999999999995]",0.00809283319272493,3.0752766132354736,WelfareSolutionConcept,5.53,0.7570006605016933,0.008725777738972713,0.0009215260821401628,3.3157955408096313,0.3501799112132619,COMPLETE
229,6.0025,2025-06-12 22:05:33.729320,2025-06-12 22:05:37.415013,0 days 00:00:03.685693,10,0.6575195309688423,0.08429081458893362,0.9304208990214573,0.036553522405559175,383,2298733,6.0025,3.07176150604177,0.47475,0.2551855942250659,380.0,4,6.800000000000001,"[0.662, 0.018000000000000023]",2298733,"[6.62, 0.18000000000000022]",0.006893412062996312,2.6194965839385986,10.020000000000001,"[0.768, 0.23400000000000004]",2299733,"[7.68, 2.3400000000000003]",0.0066642874165585165,2.5324292182922363,1.4300000000000002,"[0.12499999999999997, 0.018000000000000016]",2300733,"[1.2499999999999998, 0.18000000000000016]",0.007093881305895354,2.6956748962402344,5.760000000000001,"[0.344, 0.23200000000000004]",2301733,"[3.4399999999999995, 2.3200000000000003]",0.00920273128308748,3.497037887573242,WelfareSolutionConcept,4.7475000000000005,2.5518559422506595,0.007463578017134416,0.0010155398096829318,2.836159646511078,0.3859051276795141,COMPLETE
230,6.3525,2025-06-12 22:05:37.435163,2025-06-12 22:05:41.688558,0 days 00:00:04.253395,11,0.6543425563538433,0.0793041460995749,0.9258743797068794,0.041508222557444574,375,2308737,6.3525,1.8853696587141737,0.49299999999999994,0.15650079872000658,370.0,4,8.76,"[0.65, 0.22599999999999998]",2308737,"[6.5, 2.26]",0.008092218476372795,2.9941208362579346,7.629999999999999,"[0.649, 0.11400000000000002]",2309737,"[6.49, 1.1400000000000001]",0.008343773274808317,3.087196111679077,4.53,"[0.33599999999999997, 0.11699999999999997]",2310737,"[3.3599999999999994, 1.1699999999999997]",0.00878274376327927,3.24961519241333,4.489999999999999,"[0.3369999999999999, 0.11199999999999999]",2311737,"[3.369999999999999, 1.1199999999999999]",0.010938620567321778,4.047289609909058,WelfareSolutionConcept,4.93,1.5650079872000657,0.00903933902044554,0.0011240507719642088,3.34455543756485,0.4158987856267572,COMPLETE
231,4.234999999999999,2025-06-12 22:05:42.910715,2025-06-12 22:05:46.056289,0 days 00:00:03.145574,11,0.6319721393989841,0.10008485157788918,0.9236773800034109,0.047498130559770715,286,2318742,4.234999999999999,3.6097541467529335,0.36175,0.24677760737149554,280.0,4,1.2800000000000002,"[0.118, 0.010000000000000009]",2318742,"[1.18, 0.10000000000000009]",0.010618054015295846,2.973055124282837,8.83,"[0.551, 0.33199999999999996]",2319742,"[5.510000000000001, 3.3199999999999994]",0.007736978360584804,2.166353940963745,6.6499999999999995,"[0.66, 0.005000000000000014]",2320742,"[6.6000000000000005, 0.05000000000000014]",0.01043668304170881,2.922271251678467,0.18000000000000035,"[0.11799999999999997, -0.09999999999999999]",2321742,"[1.1799999999999997, -0.9999999999999999]",0.008322022642408099,2.3301663398742676,WelfareSolutionConcept,3.6175,2.467776073714955,0.009278434514999389,0.001267569603731414,2.597961664199829,0.35491948904479587,COMPLETE
232,4.115,2025-06-12 22:05:46.071548,2025-06-12 22:05:48.559754,0 days 00:00:02.488206,12,0.6781995374857049,0.08206637558122863,0.9158940611563685,0.05295275618854021,200,2328746,4.115,0.9183817289123295,0.4125000000000001,0.0912318475095183,200.0,4,4.430000000000001,"[0.442, 0.001000000000000012]",2328746,"[4.42, 0.01000000000000012]",0.008428680896759033,1.6857361793518066,5.4799999999999995,"[0.549, -0.0009999999999999898]",2329746,"[5.49, -0.009999999999999898]",0.008634539842605591,1.7269079685211182,3.2800000000000002,"[0.332, -0.003999999999999992]",2330746,"[3.3200000000000003, -0.039999999999999925]",0.00886248230934143,1.7724964618682861,3.2700000000000005,"[0.32700000000000007, 1.1102230246251566e-17]",2331746,"[3.2700000000000005, 1.1102230246251565e-16]",0.011569138765335083,2.3138277530670166,WelfareSolutionConcept,4.125,0.9123184750951829,0.009373710453510285,0.0012767844123922117,1.8747420907020569,0.2553568824784423,COMPLETE
