number,value,datetime_start,datetime_complete,duration,params_episode_length,params_epsilon_max,params_epsilon_min,params_gamma,params_learning_rate,params_num_episodes,user_attrs_base_seed,user_attrs_collective_reward_mean,user_attrs_collective_reward_std,user_attrs_individual_reward_agent0_mean,user_attrs_individual_reward_agent0_std,user_attrs_num_episodes_mean,user_attrs_num_parallel_runs,user_attrs_run_0_collective_reward,user_attrs_run_0_individual_rewards,user_attrs_run_0_seed,user_attrs_run_0_total_individual_rewards,user_attrs_run_0_training_time_per_episode,user_attrs_run_0_training_time_total,user_attrs_run_1_collective_reward,user_attrs_run_1_individual_rewards,user_attrs_run_1_seed,user_attrs_run_1_total_individual_rewards,user_attrs_run_1_training_time_per_episode,user_attrs_run_1_training_time_total,user_attrs_run_2_collective_reward,user_attrs_run_2_individual_rewards,user_attrs_run_2_seed,user_attrs_run_2_total_individual_rewards,user_attrs_run_2_training_time_per_episode,user_attrs_run_2_training_time_total,user_attrs_run_3_collective_reward,user_attrs_run_3_individual_rewards,user_attrs_run_3_seed,user_attrs_run_3_total_individual_rewards,user_attrs_run_3_training_time_per_episode,user_attrs_run_3_training_time_total,user_attrs_solution_concept,user_attrs_total_individual_reward_agent0_mean,user_attrs_total_individual_reward_agent0_std,user_attrs_training_time_per_episode_mean,user_attrs_training_time_per_episode_std,user_attrs_training_time_total_mean,user_attrs_training_time_total_std,state
219,8.357499999999998,2025-06-12 21:30:35.797011,2025-06-12 21:30:39.305666,0 days 00:00:03.508655,48,0.8668157257021557,0.07760533459613596,0.9877891909314013,0.00015295282171747454,164,2196635,8.357499999999998,0.6789467946754002,0.3572499999999999,0.07525747471181851,160.0,4,8.049999999999997,"[0.3179999999999999, 0.48699999999999977]",2196635,"[3.179999999999999, 4.869999999999997]",0.020046956837177277,3.2075130939483643,9.289999999999997,"[0.4789999999999999, 0.44999999999999984]",2197635,"[4.789999999999999, 4.499999999999998]",0.019000782072544097,3.0401251316070557,8.629999999999997,"[0.3539999999999999, 0.5089999999999999]",2198635,"[3.539999999999999, 5.089999999999999]",0.019158612191677093,3.065377950668335,7.459999999999997,"[0.27799999999999986, 0.46799999999999997]",2199635,"[2.7799999999999985, 4.68]",0.020963016152381896,3.3540825843811035,MinimaxSolutionConcept,3.572499999999999,0.7525747471181852,0.01979234181344509,0.000784775011560117,3.1667746901512146,0.1255640018496187,COMPLETE
220,7.692499999999997,2025-06-12 21:30:39.320047,2025-06-12 21:30:43.065305,0 days 00:00:03.745258,47,0.8741712419345122,0.0813958200475794,0.9879419923346474,0.00011705298117629866,177,2206639,7.692499999999997,2.5895112955922794,0.23349999999999987,0.13016623986272324,170.0,4,8.219999999999999,"[0.23599999999999985, 0.5860000000000001]",2206639,"[2.3599999999999985, 5.860000000000001]",0.01959669870488784,3.3314387798309326,4.9599999999999955,"[0.15399999999999986, 0.3419999999999998]",2207639,"[1.5399999999999987, 3.419999999999998]",0.02026821585262523,3.445596694946289,5.909999999999997,"[0.10099999999999987, 0.48999999999999994]",2208639,"[1.0099999999999987, 4.8999999999999995]",0.021056281819063074,3.5795679092407227,11.679999999999998,"[0.4429999999999999, 0.7249999999999999]",2209639,"[4.429999999999999, 7.249999999999998]",0.02016428218168371,3.4279279708862305,MinimaxSolutionConcept,2.3349999999999986,1.3016623986272324,0.02027136963956496,0.0005202753284632355,3.4461328387260437,0.08844680583875003,COMPLETE
221,6.432499999999997,2025-06-12 21:30:44.134213,2025-06-12 21:30:47.471103,0 days 00:00:03.336890,47,0.8790864616544463,0.08890789256632901,0.9922235114926682,0.0001465445048908778,155,2216644,6.432499999999997,3.6514885663246983,0.3342499999999999,0.18412275117431848,150.0,4,7.539999999999998,"[0.2859999999999999, 0.46799999999999986]",2216644,"[2.8599999999999994, 4.679999999999999]",0.020210556983947754,3.031583547592163,9.249999999999998,"[0.5759999999999998, 0.34899999999999987]",2217644,"[5.759999999999998, 3.4899999999999984]",0.02048403263092041,3.0726048946380615,0.19999999999999651,"[0.06999999999999984, -0.05000000000000017]",2218644,"[0.6999999999999984, -0.5000000000000017]",0.0205825408299764,3.08738112449646,8.739999999999997,"[0.4049999999999999, 0.46899999999999975]",2219644,"[4.049999999999999, 4.689999999999998]",0.021155683199564616,3.1733524799346924,MinimaxSolutionConcept,3.342499999999999,1.8412275117431847,0.020608203411102297,0.0003442142321739984,3.0912305116653442,0.051632134826099726,COMPLETE
222,9.219999999999999,2025-06-12 21:30:47.485636,2025-06-12 21:30:50.908642,0 days 00:00:03.423006,46,0.8928744621489016,0.07141767175448703,0.9845127865881504,0.00011527305555322271,164,2226647,9.219999999999999,1.7286266224954425,0.5322499999999999,0.06190466460615062,160.0,4,7.079999999999998,"[0.4739999999999999, 0.2339999999999999]",2226647,"[4.739999999999999, 2.339999999999999]",0.01933353245258331,3.09336519241333,11.43,"[0.6249999999999999, 0.5179999999999999]",2227647,"[6.249999999999999, 5.179999999999999]",0.01889171153306961,3.0226738452911377,8.069999999999999,"[0.4779999999999999, 0.3289999999999999]",2228647,"[4.779999999999999, 3.289999999999999]",0.018802769482135773,3.0084431171417236,10.299999999999997,"[0.5519999999999998, 0.47799999999999987]",2229647,"[5.519999999999998, 4.7799999999999985]",0.020247037708759307,3.2395260334014893,MinimaxSolutionConcept,5.322499999999999,0.6190466460615062,0.019318762794137002,0.0005723928584322386,3.09100204706192,0.09158285734915825,COMPLETE
223,4.4724999999999975,2025-06-12 21:30:50.923256,2025-06-12 21:30:54.364448,0 days 00:00:03.441192,46,0.8985658634660445,0.08528831089260996,0.9851381812294373,0.0001237367512949286,164,2236650,4.4724999999999975,1.0239720455168684,0.27949999999999986,0.05187725898695883,160.0,4,3.969999999999997,"[0.2049999999999999, 0.1919999999999999]",2236650,"[2.049999999999999, 1.919999999999999]",0.019784411787986754,3.165505886077881,6.109999999999997,"[0.3459999999999999, 0.26499999999999985]",2237650,"[3.459999999999999, 2.6499999999999986]",0.019008629024028778,3.0413806438446045,4.459999999999998,"[0.3029999999999998, 0.14299999999999988]",2238650,"[3.0299999999999985, 1.4299999999999988]",0.020506620407104492,3.2810592651367188,3.349999999999997,"[0.26399999999999985, 0.07099999999999987]",2239650,"[2.6399999999999983, 0.7099999999999986]",0.019555580615997315,3.1288928985595703,MinimaxSolutionConcept,2.7949999999999986,0.5187725898695883,0.019713810458779336,0.0005375522534863167,3.1542096734046936,0.08600836055781069,COMPLETE
224,7.824999999999998,2025-06-12 21:30:54.378715,2025-06-12 21:30:58.163887,0 days 00:00:03.785172,48,0.8948773414189859,0.06955239336623568,0.9843106552755049,0.00010304264161792526,170,2246654,7.824999999999998,2.55726905115594,0.41674999999999984,0.08491576708715524,170.0,4,12.219999999999999,"[0.5009999999999998, 0.721]",2246654,"[5.009999999999998, 7.21]",0.0194962599698235,3.314364194869995,6.859999999999998,"[0.43199999999999994, 0.2539999999999999]",2247654,"[4.319999999999999, 2.539999999999999]",0.018828735632054946,3.200885057449341,5.9899999999999975,"[0.27599999999999986, 0.3229999999999999]",2248654,"[2.7599999999999985, 3.229999999999999]",0.021325819632586313,3.625389337539673,6.229999999999998,"[0.45799999999999985, 0.16499999999999987]",2249654,"[4.579999999999998, 1.6499999999999986]",0.019926205803366268,3.3874549865722656,MinimaxSolutionConcept,4.167499999999999,0.8491576708715525,0.019894255259457757,0.0009143480899825138,3.3820233941078186,0.15543917529702725,COMPLETE
225,6.047499999999998,2025-06-12 21:30:58.178878,2025-06-12 21:31:02.270881,0 days 00:00:04.092003,50,0.9104178021141269,0.07936360780544643,0.9852062825564968,0.00018176911524950563,182,2256658,6.047499999999998,4.571473367526055,0.4062499999999999,0.3112309231101563,180.0,4,9.359999999999998,"[0.623, 0.31299999999999983]",2256658,"[6.23, 3.129999999999998]",0.02093605465359158,3.7684898376464844,6.399999999999998,"[0.3339999999999999, 0.3059999999999999]",2257658,"[3.339999999999999, 3.0599999999999987]",0.021417866812811957,3.8552160263061523,-1.520000000000004,"[-0.0690000000000002, -0.08300000000000018]",2258658,"[-0.690000000000002, -0.8300000000000018]",0.02184572352303399,3.932230234146118,9.95,"[0.737, 0.2579999999999999]",2259658,"[7.37, 2.579999999999999]",0.020901975366804333,3.7623555660247803,MinimaxSolutionConcept,4.0625,3.112309231101564,0.021275405089060465,0.0003873522087136825,3.829572916030884,0.06972339756846284,COMPLETE
226,6.897499999999999,2025-06-12 21:31:03.312377,2025-06-12 21:31:06.937367,0 days 00:00:03.624990,46,0.8540519634415175,0.09006671563941299,0.9828269204242801,0.00014008709851838733,160,2266663,6.897499999999999,3.2433190946929664,0.40449999999999986,0.19474149532136187,160.0,4,3.6399999999999975,"[0.1869999999999999, 0.17699999999999988]",2266663,"[1.8699999999999988, 1.7699999999999987]",0.02161111682653427,3.4577786922454834,11.879999999999999,"[0.688, 0.49999999999999983]",2267663,"[6.879999999999999, 4.999999999999998]",0.02014283835887909,3.2228541374206543,7.639999999999999,"[0.47599999999999987, 0.28799999999999987]",2268663,"[4.759999999999999, 2.8799999999999986]",0.02132427841424942,3.4118845462799072,4.429999999999998,"[0.2669999999999999, 0.17599999999999988]",2269663,"[2.669999999999999, 1.759999999999999]",0.020229519903659822,3.2367231845855713,MinimaxSolutionConcept,4.044999999999999,1.9474149532136185,0.020826938375830648,0.0006494583551788308,3.332310140132904,0.10391333682861292,COMPLETE
227,6.402499999999997,2025-06-12 21:31:06.952450,2025-06-12 21:31:12.074599,0 days 00:00:05.122149,49,0.6796662895692361,0.07113818215286705,0.9889880013493263,0.0023479478155005885,210,2276667,6.402499999999997,2.916893681641482,0.34299999999999986,0.24446165343464404,210.0,4,6.039999999999997,"[0.04199999999999986, 0.5619999999999999]",2276667,"[0.4199999999999986, 5.619999999999999]",0.02203476769583566,4.627301216125488,1.8899999999999968,"[0.16299999999999984, 0.025999999999999822]",2277667,"[1.6299999999999983, 0.25999999999999823]",0.023466508729117257,4.927966833114624,7.929999999999998,"[0.5969999999999999, 0.19599999999999987]",2278667,"[5.969999999999999, 1.9599999999999986]",0.021964598837352935,4.612565755844116,9.749999999999996,"[0.57, 0.4049999999999998]",2279667,"[5.699999999999999, 4.049999999999998]",0.022159754662286667,4.6535484790802,MinimaxSolutionConcept,3.429999999999999,2.4446165343464403,0.02240640748114813,0.0006160282616806743,4.705345571041107,0.12936593495294174,COMPLETE
228,6.094999999999998,2025-06-12 21:31:12.090660,2025-06-12 21:31:15.999255,0 days 00:00:03.908595,48,0.8693410858859789,0.0832608947517337,0.9866703997666256,0.00010033169174804476,171,2286672,6.094999999999998,2.0496402123299586,0.3569999999999999,0.14138069175103082,170.0,4,6.589999999999998,"[0.5719999999999998, 0.08699999999999984]",2286672,"[5.719999999999999, 0.8699999999999984]",0.020168481153600357,3.4286417961120605,4.999999999999997,"[0.3459999999999999, 0.15399999999999986]",2287672,"[3.459999999999999, 1.5399999999999987]",0.020925353555118337,3.557310104370117,9.149999999999997,"[0.3349999999999999, 0.5799999999999998]",2288672,"[3.349999999999999, 5.799999999999999]",0.020603394508361815,3.502577066421509,3.6399999999999975,"[0.17499999999999988, 0.1889999999999999]",2289672,"[1.7499999999999987, 1.8899999999999988]",0.02188095064724193,3.719761610031128,MinimaxSolutionConcept,3.569999999999999,1.4138069175103085,0.02089454496608061,0.0006296591510112926,3.5520726442337036,0.10704205567191968,COMPLETE
229,3.3749999999999987,2025-06-12 21:31:16.015032,2025-06-12 21:31:18.646331,0 days 00:00:02.631299,23,0.8912531355047559,0.07503046087993764,0.9266551888092056,0.00012684402586989033,196,2296676,3.3749999999999987,2.829182744186031,0.09249999999999996,0.22349776285233822,190.0,4,1.0699999999999987,"[-0.10600000000000005, 0.213]",2296676,"[-1.0600000000000005, 2.13]",0.012914821976109554,2.4538161754608154,3.389999999999999,"[0.002999999999999953, 0.33599999999999997]",2297676,"[0.029999999999999527, 3.3599999999999994]",0.012280186853910748,2.333235502243042,1.0499999999999987,"[0.0009999999999999397, 0.10399999999999995]",2298676,"[0.009999999999999398, 1.0399999999999996]",0.011889068703902396,2.258923053741455,7.989999999999998,"[0.472, 0.3269999999999999]",2299676,"[4.72, 3.269999999999999]",0.012448678518596448,2.365248918533325,MinimaxSolutionConcept,0.9249999999999996,2.234977628523382,0.012383189013129786,0.0003679968775165326,2.3528059124946594,0.06991940672814127,COMPLETE
230,9.885,2025-06-12 21:31:18.661121,2025-06-12 21:31:26.058601,0 days 00:00:07.397480,44,0.8795240836285407,0.09463282470133902,0.9815324382906319,0.00011461874770773967,403,2306678,9.885,0.7267220926874328,0.5624999999999999,0.16769093595063508,400.0,4,9.329999999999998,"[0.4979999999999999, 0.4349999999999999]",2306678,"[4.979999999999999, 4.349999999999999]",0.01749444007873535,6.997776031494141,10.820000000000002,"[0.7369999999999999, 0.3449999999999999]",2307678,"[7.369999999999999, 3.4499999999999993]",0.016966217160224915,6.786486864089966,10.35,"[0.6969999999999998, 0.3379999999999999]",2308678,"[6.969999999999999, 3.379999999999999]",0.01805474400520325,7.221897602081299,9.04,"[0.3179999999999999, 0.5859999999999999]",2309678,"[3.179999999999999, 5.8599999999999985]",0.017887394428253173,7.1549577713012695,MinimaxSolutionConcept,5.624999999999999,1.676909359506351,0.01760069891810417,0.0004189896474508543,7.040279567241669,0.1675958589803417,COMPLETE
231,7.682499999999999,2025-06-12 21:31:27.177413,2025-06-12 21:31:30.968458,0 days 00:00:03.791045,44,0.8890010771946234,0.0951851758909964,0.9818661494341959,0.00011520844162836548,181,2316687,7.682499999999999,1.2268328125706456,0.48549999999999993,0.10056216982543685,180.0,4,8.839999999999998,"[0.5139999999999998, 0.36999999999999994]",2316687,"[5.139999999999998, 3.6999999999999993]",0.019988599088456897,3.597947835922241,6.259999999999998,"[0.5239999999999999, 0.10199999999999991]",2317687,"[5.239999999999999, 1.0199999999999991]",0.019044276078542074,3.4279696941375732,6.669999999999998,"[0.3179999999999999, 0.34899999999999987]",2318687,"[3.179999999999999, 3.4899999999999984]",0.01785611179139879,3.2141001224517822,8.959999999999999,"[0.586, 0.30999999999999994]",2319687,"[5.859999999999999, 3.0999999999999996]",0.020119161076015895,3.6214489936828613,MinimaxSolutionConcept,4.854999999999999,1.0056216982543686,0.019252037008603416,0.000906393907450257,3.4653666615486145,0.16315090334104634,COMPLETE
232,5.934999999999997,2025-06-12 21:31:30.983013,2025-06-12 21:31:38.583358,0 days 00:00:07.600345,45,0.8607046484507284,0.09643248136413247,0.9787645988073451,0.00016293243425438732,382,2326691,5.934999999999997,0.9700644308498275,0.3709999999999999,0.07619383177134488,380.0,4,6.099999999999998,"[0.4709999999999999, 0.13899999999999987]",2326691,"[4.709999999999999, 1.3899999999999988]",0.019553872158652858,7.430471420288086,4.499999999999997,"[0.3969999999999999, 0.052999999999999846]",2327691,"[3.969999999999999, 0.5299999999999985]",0.0188157131797389,7.149971008300781,5.909999999999997,"[0.25999999999999984, 0.33099999999999985]",2328691,"[2.5999999999999983, 3.3099999999999987]",0.019087958963293777,7.253424406051636,7.229999999999997,"[0.35599999999999987, 0.3669999999999999]",2329691,"[3.5599999999999987, 3.669999999999999]",0.019104052217383132,7.259539842605591,MinimaxSolutionConcept,3.7099999999999986,0.7619383177134488,0.019140399129767168,0.000264788585885644,7.273351669311523,0.10061966263654469,COMPLETE
233,7.539999999999998,2025-06-12 21:31:38.598311,2025-06-12 21:31:41.786695,0 days 00:00:03.188384,43,0.8905060436104163,0.09095722928950821,0.9844934244216027,0.0001410877295828018,155,2336698,7.539999999999998,1.0138293742045557,0.32549999999999996,0.06609652033201142,150.0,4,6.539999999999997,"[0.35299999999999987, 0.3009999999999999]",2336698,"[3.5299999999999985, 3.009999999999999]",0.019381572405497233,2.907235860824585,7.369999999999998,"[0.2129999999999999, 0.5239999999999999]",2337698,"[2.129999999999999, 5.239999999999999]",0.018798276583353677,2.8197414875030518,9.219999999999999,"[0.3529999999999999, 0.5689999999999998]",2338698,"[3.5299999999999994, 5.689999999999999]",0.019488666852315265,2.92330002784729,7.029999999999998,"[0.38299999999999995, 0.31999999999999984]",2339698,"[3.8299999999999996, 3.1999999999999984]",0.019121809005737303,2.8682713508605957,MinimaxSolutionConcept,3.2549999999999994,0.6609652033201144,0.019197581211725868,0.00026634996854823286,2.8796371817588806,0.03995249528223492,COMPLETE
234,8.069999999999999,2025-06-12 21:31:41.801062,2025-06-12 21:31:44.497853,0 days 00:00:02.696791,42,0.8801042024014863,0.08107668236301292,0.9797220486038398,0.0001269005281003339,135,2346701,8.069999999999999,2.085893094096628,0.33524999999999994,0.23240737402242645,130.0,4,7.139999999999999,"[0.5029999999999999, 0.2109999999999999]",2346701,"[5.029999999999999, 2.109999999999999]",0.019452335284306455,2.528803586959839,6.8199999999999985,"[-0.043000000000000135, 0.725]",2347701,"[-0.4300000000000014, 7.25]",0.0193572998046875,2.516448974609375,11.67,"[0.547, 0.62]",2348701,"[5.470000000000001, 6.2]",0.0180616543843196,2.348015069961548,6.649999999999999,"[0.33399999999999996, 0.3309999999999999]",2349701,"[3.34, 3.309999999999999]",0.019379256321833682,2.519303321838379,MinimaxSolutionConcept,3.3524999999999996,2.324073740224265,0.019062636448786807,0.0005789872436222747,2.478142738342285,0.07526834167089581,COMPLETE
235,4.597499999999998,2025-06-12 21:31:44.512757,2025-06-12 21:31:48.124367,0 days 00:00:03.611610,41,0.6389621121047038,0.08803183303534576,0.9829293690117048,0.00011898535547181332,167,2356704,4.597499999999998,4.026582763336675,0.3127499999999999,0.2653218564310148,160.0,4,2.4099999999999975,"[0.11599999999999988, 0.12499999999999989]",2356704,"[1.1599999999999988, 1.249999999999999]",0.02121395170688629,3.3942322731018066,1.2899999999999974,"[0.2789999999999999, -0.1500000000000002]",2357704,"[2.789999999999999, -1.5000000000000018]",0.019269774854183196,3.0831639766693115,3.219999999999997,"[0.0999999999999999, 0.2219999999999999]",2358704,"[0.9999999999999989, 2.219999999999999]",0.021519751846790315,3.44316029548645,11.47,"[0.756, 0.3909999999999999]",2359704,"[7.5600000000000005, 3.9099999999999993]",0.02035771757364273,3.257234811782837,MinimaxSolutionConcept,3.1274999999999995,2.6532185643101482,0.020590298995375633,0.0008733131501335588,3.2944478392601013,0.13973010402136934,COMPLETE
236,7.014999999999997,2025-06-12 21:31:49.206876,2025-06-12 21:31:57.713800,0 days 00:00:08.506924,43,0.6610119424431284,0.08520995964206703,0.9870998863180755,0.00019597108186896503,420,2366709,7.014999999999997,1.844756081437326,0.28449999999999986,0.049165536710179404,420.0,4,4.229999999999999,"[0.23899999999999988, 0.18399999999999989]",2366709,"[2.389999999999999, 1.839999999999999]",0.018939813545772007,7.954721689224243,6.759999999999998,"[0.23299999999999993, 0.4429999999999999]",2367709,"[2.329999999999999, 4.429999999999999]",0.019468077023824058,8.176592350006104,9.299999999999997,"[0.34399999999999986, 0.586]",2368709,"[3.4399999999999986, 5.859999999999999]",0.01890746127991449,7.941133737564087,7.769999999999998,"[0.3219999999999999, 0.4549999999999999]",2369709,"[3.219999999999999, 4.549999999999999]",0.019700828052702405,8.27434778213501,MinimaxSolutionConcept,2.844999999999999,0.491655367101794,0.01925404497555324,0.0003406928548043123,8.08669888973236,0.14309099901781078,COMPLETE
237,6.157499999999997,2025-06-12 21:31:57.731422,2025-06-12 21:32:01.671168,0 days 00:00:03.939746,46,0.9065503261981502,0.07601650310980891,0.9764376809669238,0.00010966278009363552,188,2376717,6.157499999999997,1.339764438250247,0.3254999999999999,0.10340575419192106,180.0,4,3.929999999999998,"[0.17599999999999988, 0.21699999999999992]",2376717,"[1.759999999999999, 2.169999999999999]",0.02067880365583632,3.722184658050537,6.709999999999997,"[0.4499999999999999, 0.2209999999999998]",2377717,"[4.499999999999999, 2.209999999999998]",0.020347744888729518,3.6625940799713135,6.4899999999999975,"[0.3859999999999999, 0.2629999999999999]",2378717,"[3.859999999999999, 2.629999999999999]",0.020947792794969347,3.7706027030944824,7.499999999999998,"[0.2899999999999999, 0.45999999999999996]",2379717,"[2.8999999999999995, 4.6]",0.020021327336629233,3.6038389205932617,MinimaxSolutionConcept,3.254999999999999,1.0340575419192106,0.020498917169041102,0.0003481355993150515,3.6898050904273987,0.0626644078767093,COMPLETE
238,7.3874999999999975,2025-06-12 21:32:01.687562,2025-06-12 21:32:09.918662,0 days 00:00:08.231100,44,0.6919956971997365,0.13044083946790883,0.981526104334743,0.0001538556486959892,409,2386721,7.3874999999999975,0.49474109390670135,0.4217499999999999,0.14218891482812576,400.0,4,7.6599999999999975,"[0.583, 0.1829999999999999]",2386721,"[5.83, 1.8299999999999992]",0.01928438067436218,7.713752269744873,7.039999999999997,"[0.5089999999999999, 0.1949999999999999]",2387721,"[5.089999999999999, 1.9499999999999988]",0.01961244285106659,7.844977140426636,8.049999999999997,"[0.38799999999999996, 0.417]",2388721,"[3.8799999999999994, 4.17]",0.019650930166244508,7.860372066497803,6.799999999999999,"[0.2069999999999999, 0.47299999999999986]",2389721,"[2.069999999999999, 4.729999999999999]",0.020109872817993164,8.043949127197266,MinimaxSolutionConcept,4.217499999999999,1.4218891482812577,0.01966440662741661,0.00029399902253238517,7.865762650966644,0.11759960901295391,COMPLETE
