number,value,datetime_start,datetime_complete,duration,params_episode_length,params_epsilon_max,params_epsilon_min,params_gamma,params_learning_rate,params_num_episodes,user_attrs_base_seed,user_attrs_collective_reward_mean,user_attrs_collective_reward_std,user_attrs_individual_reward_agent0_mean,user_attrs_individual_reward_agent0_std,user_attrs_num_episodes_mean,user_attrs_num_parallel_runs,user_attrs_run_0_collective_reward,user_attrs_run_0_individual_rewards,user_attrs_run_0_seed,user_attrs_run_0_total_individual_rewards,user_attrs_run_0_training_time_per_episode,user_attrs_run_0_training_time_total,user_attrs_run_1_collective_reward,user_attrs_run_1_individual_rewards,user_attrs_run_1_seed,user_attrs_run_1_total_individual_rewards,user_attrs_run_1_training_time_per_episode,user_attrs_run_1_training_time_total,user_attrs_run_2_collective_reward,user_attrs_run_2_individual_rewards,user_attrs_run_2_seed,user_attrs_run_2_total_individual_rewards,user_attrs_run_2_training_time_per_episode,user_attrs_run_2_training_time_total,user_attrs_run_3_collective_reward,user_attrs_run_3_individual_rewards,user_attrs_run_3_seed,user_attrs_run_3_total_individual_rewards,user_attrs_run_3_training_time_per_episode,user_attrs_run_3_training_time_total,user_attrs_solution_concept,user_attrs_total_individual_reward_agent0_mean,user_attrs_total_individual_reward_agent0_std,user_attrs_training_time_per_episode_mean,user_attrs_training_time_per_episode_std,user_attrs_training_time_total_mean,user_attrs_training_time_total_std,state
339,6.059999999999997,2025-06-12 22:14:57.387879,2025-06-12 22:15:09.970215,0 days 00:00:12.582336,47,0.8933520160949536,0.09807456774872574,0.9525198479607158,0.00024383015145448245,455,3399297,6.059999999999997,1.3248962223510188,0.3707499999999999,0.1692887695625437,450.0,4,7.979999999999998,"[0.45, 0.3479999999999999]",3399297,"[4.5, 3.479999999999999]",0.027545099788241916,12.395294904708862,4.569999999999998,"[0.2839999999999998, 0.17299999999999985]",3400297,"[2.839999999999998, 1.7299999999999984]",0.021484097374810114,9.66784381866455,5.129999999999997,"[0.14999999999999986, 0.36299999999999993]",3401297,"[1.4999999999999987, 3.6299999999999994]",0.02673860920800103,12.032374143600464,6.559999999999997,"[0.599, 0.05699999999999985]",3402297,"[5.99, 0.5699999999999985]",0.019324409166971843,8.695984125137329,MinimaxSolutionConcept,3.707499999999999,1.692887695625437,0.023773053884506224,0.0034659995096192795,10.697874248027802,1.5596997793286762,COMPLETE
340,8.862499999999999,2025-06-12 22:15:09.986732,2025-06-12 22:15:15.142109,0 days 00:00:05.155377,42,0.6442971451536713,0.10616428725060305,0.9773725492264408,0.0001001588877229629,160,3409310,8.862499999999999,3.200901240275933,0.4237499999999999,0.12898522202174947,160.0,4,11.21,"[0.469, 0.6519999999999999]",3409310,"[4.6899999999999995, 6.52]",0.029328390955924988,4.692542552947998,12.809999999999999,"[0.606, 0.6749999999999999]",3410310,"[6.06, 6.749999999999999]",0.02165602445602417,3.464963912963867,5.909999999999998,"[0.2579999999999999, 0.3329999999999999]",3411310,"[2.579999999999999, 3.329999999999999]",0.022218169271945955,3.5549070835113525,5.519999999999998,"[0.36199999999999993, 0.1899999999999999]",3412310,"[3.619999999999999, 1.899999999999999]",0.030994871258735658,4.959179401397705,MinimaxSolutionConcept,4.237499999999999,1.2898522202174947,0.026049363985657693,0.0041590126597793806,4.167898237705231,0.6654420255647009,COMPLETE
341,5.992499999999998,2025-06-12 22:15:16.883862,2025-06-12 22:15:22.553586,0 days 00:00:05.669724,44,0.6177045517489204,0.07133581046787531,0.9502959141048476,0.03259778119006741,176,3419316,5.992499999999998,1.5743312072114943,0.3669999999999999,0.14340502083260545,170.0,4,8.139999999999999,"[0.3379999999999999, 0.4759999999999998]",3419316,"[3.379999999999999, 4.759999999999998]",0.022433785831227022,3.8137435913085938,5.189999999999998,"[0.3339999999999999, 0.1849999999999999]",3420316,"[3.339999999999999, 1.8499999999999988]",0.032212204091689164,5.476074695587158,3.9499999999999975,"[0.1999999999999999, 0.1949999999999999]",3421316,"[1.9999999999999991, 1.9499999999999988]",0.023991185076096478,4.078501462936401,6.689999999999998,"[0.596, 0.07299999999999984]",3422316,"[5.96, 0.7299999999999984]",0.030711178218617158,5.220900297164917,MinimaxSolutionConcept,3.669999999999999,1.4340502083260547,0.027337088304407457,0.004194898099039301,4.647305011749268,0.7131326768366812,COMPLETE
342,7.164999999999997,2025-06-12 22:15:22.570670,2025-06-12 22:15:28.504611,0 days 00:00:05.933941,45,0.6284927786044284,0.08678130701964103,0.9828592663484589,0.00017341555105715374,196,3429322,7.164999999999997,1.9702855123052594,0.4217499999999999,0.11393501437222887,190.0,4,6.509999999999999,"[0.3519999999999999, 0.2989999999999999]",3429322,"[3.519999999999999, 2.989999999999999]",0.022347973522387054,4.24611496925354,8.429999999999996,"[0.37499999999999983, 0.46799999999999986]",3430322,"[3.7499999999999982, 4.679999999999999]",0.030158120707461707,5.730042934417725,9.439999999999998,"[0.6179999999999999, 0.32599999999999996]",3431322,"[6.179999999999999, 3.26]",0.022914225176761026,4.353702783584595,4.279999999999998,"[0.34199999999999986, 0.08599999999999985]",3432322,"[3.4199999999999986, 0.8599999999999985]",0.02374538496920937,4.51162314414978,MinimaxSolutionConcept,4.2174999999999985,1.1393501437222888,0.02479142609395479,0.0031380709385830058,4.71037095785141,0.5962334783307713,COMPLETE
343,8.444999999999999,2025-06-12 22:15:28.519737,2025-06-12 22:15:33.420485,0 days 00:00:04.900748,49,0.87746260241542,0.0547723595748381,0.9898483345413812,0.00012217919484161044,153,3439328,8.444999999999999,2.897563631743056,0.4312499999999999,0.1732489177455375,150.0,4,5.909999999999997,"[0.31099999999999983, 0.2799999999999999]",3439328,"[3.1099999999999985, 2.799999999999999]",0.022781578699747722,3.417236804962158,5.529999999999998,"[0.26599999999999985, 0.28699999999999976]",3440328,"[2.6599999999999984, 2.8699999999999974]",0.030457202593485513,4.568580389022827,9.79,"[0.43699999999999994, 0.5419999999999999]",3441328,"[4.369999999999999, 5.419999999999999]",0.03147073904673259,4.720610857009888,12.55,"[0.711, 0.5439999999999999]",3442328,"[7.109999999999999, 5.4399999999999995]",0.023258740107218425,3.4888110160827637,MinimaxSolutionConcept,4.312499999999999,1.732489177455375,0.02699206511179606,0.00399160398205838,4.048809766769409,0.5987405973087568,COMPLETE
344,6.987499999999998,2025-06-12 22:15:33.435608,2025-06-12 22:15:36.810332,0 days 00:00:03.374724,21,0.6091566419359611,0.10216046910634462,0.9741852591434352,0.00020903588269500825,170,3449333,6.987499999999998,2.1066843024050845,0.36124999999999996,0.21449402672335655,170.0,4,9.679999999999998,"[0.376, 0.592]",3449333,"[3.76, 5.92]",0.013070227118099437,2.2219386100769043,5.01,"[0.014999999999999958, 0.4859999999999999]",3450333,"[0.14999999999999958, 4.8599999999999985]",0.014775385576135973,2.5118155479431152,8.409999999999998,"[0.5939999999999999, 0.24699999999999997]",3451333,"[5.939999999999999, 2.4699999999999998]",0.01869389870587517,3.1779627799987793,4.849999999999999,"[0.45999999999999996, 0.02499999999999996]",3452333,"[4.6, 0.2499999999999996]",0.018644146358265595,3.1695048809051514,MinimaxSolutionConcept,3.6124999999999994,2.1449402672335656,0.016295914439594043,0.002448549999788643,2.7703054547309875,0.41625349996406946,COMPLETE
345,6.207499999999998,2025-06-12 22:15:36.831972,2025-06-12 22:15:43.251364,0 days 00:00:06.419392,46,0.5575481512606723,0.06354668975963905,0.9642176155381703,0.00015176331575810344,183,3459336,6.207499999999998,1.4904424678597965,0.2454999999999999,0.06581223290544093,180.0,4,3.799999999999997,"[0.21699999999999992, 0.16299999999999987]",3459336,"[2.169999999999999, 1.6299999999999986]",0.034668152862124976,6.240267515182495,6.229999999999998,"[0.15099999999999988, 0.47199999999999986]",3460336,"[1.509999999999999, 4.719999999999999]",0.025198692745632596,4.535764694213867,7.049999999999997,"[0.3099999999999999, 0.3949999999999999]",3461336,"[3.0999999999999988, 3.9499999999999993]",0.032581954532199434,5.864751815795898,7.749999999999998,"[0.30399999999999994, 0.4709999999999999]",3462336,"[3.039999999999999, 4.709999999999999]",0.027834479014078775,5.01020622253418,MinimaxSolutionConcept,2.454999999999999,0.6581223290544091,0.030070819788508944,0.0037476696449940494,5.41274756193161,0.6745805360989288,COMPLETE
346,9.02,2025-06-12 22:15:45.026270,2025-06-12 22:15:50.381797,0 days 00:00:05.355527,48,0.9078143207435675,0.08035519342404344,0.9352210212086703,0.05971787314708606,163,3469345,9.02,4.485810963471377,0.5167499999999999,0.2961421744703041,160.0,4,13.689999999999998,"[0.8800000000000001, 0.48899999999999977]",3469345,"[8.8, 4.889999999999998]",0.028503639996051787,4.560582399368286,1.8499999999999974,"[0.13899999999999985, 0.04599999999999986]",3470345,"[1.3899999999999983, 0.45999999999999863]",0.03237570822238922,5.180113315582275,8.829999999999998,"[0.32899999999999985, 0.554]",3471345,"[3.2899999999999983, 5.540000000000001]",0.02150009274482727,3.4400148391723633,11.71,"[0.7189999999999999, 0.45199999999999996]",3472345,"[7.189999999999999, 4.52]",0.021049053966999055,3.3678486347198486,MinimaxSolutionConcept,5.167499999999999,2.961421744703041,0.025857123732566836,0.004785322506961603,4.137139797210693,0.7656516011138567,COMPLETE
347,6.804999999999998,2025-06-12 22:15:50.397343,2025-06-12 22:15:54.858000,0 days 00:00:04.460657,43,0.6343262087801149,0.17895922981500373,0.9111633753399279,0.014420629264624741,145,3479350,6.804999999999998,2.880985074588205,0.4224999999999999,0.0891221072461822,140.0,4,2.499999999999997,"[0.2969999999999999, -0.04700000000000017]",3479350,"[2.969999999999999, -0.47000000000000164]",0.030641140256609235,4.289759635925293,10.319999999999999,"[0.5329999999999999, 0.49899999999999994]",3480350,"[5.329999999999999, 4.989999999999999]",0.02049370663506644,2.8691189289093018,6.199999999999999,"[0.3869999999999999, 0.23299999999999982]",3481350,"[3.869999999999999, 2.3299999999999983]",0.029840622629438127,4.177687168121338,8.199999999999998,"[0.47299999999999986, 0.34699999999999986]",3482350,"[4.729999999999999, 3.469999999999999]",0.023228248528071812,3.2519547939300537,MinimaxSolutionConcept,4.224999999999999,0.8912210724618219,0.026050929512296404,0.0043093521161894945,3.6471301317214966,0.6033092962665292,COMPLETE
348,9.204999999999997,2025-06-12 22:15:54.872916,2025-06-12 22:16:00.635090,0 days 00:00:05.762174,50,0.581140925917584,0.09508389141431098,0.9843011625921749,0.00013652397269128103,168,3489354,9.204999999999997,2.000006249990235,0.4744999999999999,0.21971174297246843,160.0,4,10.239999999999998,"[0.7470000000000001, 0.27699999999999986]",3489354,"[7.470000000000001, 2.7699999999999987]",0.02399314343929291,3.8389029502868652,5.759999999999996,"[0.15399999999999986, 0.4219999999999999]",3490354,"[1.5399999999999987, 4.219999999999999]",0.034479135274887086,5.516661643981934,10.689999999999998,"[0.5849999999999999, 0.4839999999999999]",3491354,"[5.849999999999999, 4.839999999999999]",0.022990813851356505,3.678530216217041,10.129999999999997,"[0.4119999999999999, 0.6009999999999999]",3492354,"[4.119999999999999, 6.009999999999999]",0.034945420920848846,5.591267347335815,MinimaxSolutionConcept,4.744999999999999,2.197117429724684,0.029102128371596335,0.005623747933051052,4.656340539455414,0.8997996692881683,COMPLETE
349,6.169999999999998,2025-06-12 22:16:00.650246,2025-06-12 22:16:12.333505,0 days 00:00:11.683259,41,0.6200434584737113,0.05863091668352563,0.9779702825052482,0.00031234865280698723,424,3499360,6.169999999999998,2.47956649436953,0.20249999999999987,0.2774333253234009,420.0,4,4.079999999999998,"[-0.046000000000000166, 0.4539999999999999]",3499360,"[-0.46000000000000163, 4.539999999999999]",0.021071991466340565,8.850236415863037,5.709999999999997,"[0.08399999999999988, 0.48699999999999993]",3500360,"[0.8399999999999987, 4.869999999999999]",0.02741449163073585,11.514086484909058,10.339999999999998,"[0.6729999999999999, 0.36099999999999993]",3501360,"[6.7299999999999995, 3.6099999999999994]",0.018908052785055977,7.941382169723511,4.549999999999998,"[0.09899999999999988, 0.35599999999999987]",3502360,"[0.9899999999999988, 3.5599999999999987]",0.02723409164519537,11.438318490982056,MinimaxSolutionConcept,2.024999999999999,2.7743332532340093,0.02365715688183194,0.003746635045749237,9.936005890369415,1.5735867192146795,COMPLETE
350,8.079999999999998,2025-06-12 22:16:12.348642,2025-06-12 22:16:16.356385,0 days 00:00:04.007743,44,0.8511479715485806,0.08454971039716182,0.9702768424919321,0.00011380147373020044,139,3509372,8.079999999999998,2.4138144087729696,0.5454999999999999,0.10460521019528621,130.0,4,6.069999999999998,"[0.524, 0.08299999999999985]",3509372,"[5.24, 0.8299999999999985]",0.02119106879601112,2.7548389434814453,9.649999999999999,"[0.493, 0.47199999999999986]",3510372,"[4.93, 4.719999999999999]",0.01903059849372277,2.47397780418396,5.4099999999999975,"[0.44499999999999973, 0.09599999999999989]",3511372,"[4.4499999999999975, 0.9599999999999989]",0.029523523037250227,3.8380579948425293,11.189999999999998,"[0.72, 0.3989999999999999]",3512372,"[7.199999999999999, 3.9899999999999993]",0.027122020721435547,3.525862693786621,MinimaxSolutionConcept,5.454999999999999,1.046052101952862,0.024216802762104916,0.004261846789151812,3.148184359073639,0.5540400825897356,COMPLETE
351,7.852499999999997,2025-06-12 22:16:18.065903,2025-06-12 22:16:23.431236,0 days 00:00:05.365333,48,0.6447391361411959,0.07690872289026758,0.9815513680837065,0.00018702269767964416,154,3519378,7.852499999999997,3.6761554306095383,0.55175,0.09738165895074906,150.0,4,8.879999999999999,"[0.589, 0.2989999999999998]",3519378,"[5.89, 2.9899999999999984]",0.02167371431986491,3.2510571479797363,2.329999999999997,"[0.47199999999999986, -0.23900000000000024]",3520378,"[4.719999999999999, -2.3900000000000023]",0.03454628626505534,5.181942939758301,7.609999999999998,"[0.45199999999999996, 0.30899999999999983]",3521378,"[4.52, 3.089999999999998]",0.03128285566965739,4.692428350448608,12.589999999999996,"[0.694, 0.5649999999999998]",3522378,"[6.9399999999999995, 5.649999999999999]",0.021424221992492675,3.2136332988739014,MinimaxSolutionConcept,5.5175,0.9738165895074905,0.02723176956176758,0.005799418938515437,4.084765434265137,0.8699128407773155,COMPLETE
352,5.479999999999999,2025-06-12 22:16:23.453493,2025-06-12 22:16:27.688174,0 days 00:00:04.234681,33,0.9264717918594031,0.09276924044164774,0.9759291552074048,0.0002401445744961912,173,3529383,5.479999999999999,1.589260834476204,0.20149999999999993,0.05403008421240893,170.0,4,6.989999999999998,"[0.26499999999999996, 0.434]",3529383,"[2.6499999999999995, 4.34]",0.017803436167099895,3.0265841484069824,2.899999999999998,"[0.13799999999999993, 0.1519999999999999]",3530383,"[1.3799999999999992, 1.5199999999999991]",0.02369400753694422,4.027981281280518,6.559999999999999,"[0.24399999999999994, 0.4119999999999999]",3531383,"[2.4399999999999995, 4.119999999999999]",0.016632687344270595,2.827556848526001,5.469999999999998,"[0.15899999999999995, 0.3879999999999999]",3532383,"[1.5899999999999994, 3.879999999999999]",0.023479116664213293,3.9914498329162598,MinimaxSolutionConcept,2.0149999999999992,0.5403008421240894,0.020402311928132,0.0032119391374050977,3.46839302778244,0.5460296533588666,COMPLETE
353,7.812499999999997,2025-06-12 22:16:27.710340,2025-06-12 22:16:33.075429,0 days 00:00:05.365089,47,0.8884577933300617,0.04919187109132013,0.985860318504868,0.0004504733377344811,160,3539387,7.812499999999997,1.7362081528434314,0.4364999999999999,0.22289066826585632,160.0,4,7.6199999999999966,"[0.2919999999999999, 0.47000000000000003]",3539387,"[2.919999999999999, 4.7]",0.03244554102420807,5.191286563873291,7.829999999999998,"[0.29199999999999987, 0.4909999999999998]",3540387,"[2.9199999999999986, 4.909999999999998]",0.027396243810653687,4.38339900970459,5.4499999999999975,"[0.34099999999999986, 0.20399999999999988]",3541387,"[3.4099999999999984, 2.0399999999999987]",0.024501149356365205,3.9201838970184326,10.349999999999998,"[0.821, 0.21399999999999988]",3542387,"[8.209999999999999, 2.139999999999999]",0.027384056150913237,4.381448984146118,MinimaxSolutionConcept,4.364999999999998,2.2289066826585633,0.02793174758553505,0.0028605098154638954,4.469079613685608,0.45768157047422336,COMPLETE
354,2.4075,2025-06-12 22:16:33.090916,2025-06-12 22:16:37.481731,0 days 00:00:04.390815,10,0.8613962705339228,0.0884942164959594,0.9795215475848797,0.00013117947390048823,448,3549393,2.4075,1.851990483236887,0.12,0.0757231800705702,440.0,4,3.44,"[0.22400000000000003, 0.12000000000000002]",3549393,"[2.24, 1.2000000000000002]",0.008269877325404774,3.6387460231781006,3.499999999999999,"[0.12199999999999996, 0.22800000000000004]",3550393,"[1.2199999999999995, 2.2800000000000002]",0.008099797638979825,3.563910961151123,3.4899999999999998,"[0.124, 0.225]",3551393,"[1.24, 2.25]",0.008417221091010355,3.7035772800445557,-0.7999999999999996,"[0.010000000000000018, -0.08999999999999998]",3552393,"[0.10000000000000017, -0.8999999999999998]",0.009558641368692571,4.2058022022247314,MinimaxSolutionConcept,1.2000000000000002,0.7572318007057021,0.008586384356021881,0.0005724603135913699,3.7780091166496277,0.2518825379802029,COMPLETE
355,8.622499999999999,2025-06-12 22:16:37.497655,2025-06-12 22:16:43.859234,0 days 00:00:06.361579,45,0.6025266873959223,0.044594406471670386,0.9735704439075913,0.010909943357571507,185,3559397,8.622499999999999,2.1332648100974247,0.5075,0.16980945203374287,180.0,4,9.219999999999999,"[0.45799999999999985, 0.46399999999999997]",3559397,"[4.579999999999998, 4.64]",0.027247031529744465,4.904465675354004,11.069999999999999,"[0.787, 0.31999999999999984]",3560397,"[7.87, 3.1999999999999984]",0.026548426681094698,4.778716802597046,8.999999999999998,"[0.3279999999999999, 0.572]",3561397,"[3.279999999999999, 5.72]",0.03420728842417399,6.157311916351318,5.1999999999999975,"[0.45699999999999996, 0.06299999999999986]",3562397,"[4.569999999999999, 0.6299999999999986]",0.034345885117848717,6.1822593212127686,MinimaxSolutionConcept,5.074999999999999,1.6980945203374285,0.030587157938215467,0.0036980119435343134,5.505688428878784,0.6656421498361762,COMPLETE
356,2.9999999999999973,2025-06-12 22:16:45.855901,2025-06-12 22:16:51.409915,0 days 00:00:05.554014,46,0.6559996177669641,0.09780038713381084,0.9833479104289687,0.00016657953544936432,152,3569405,2.9999999999999973,0.6387879147260067,0.08774999999999988,0.23705629605644316,150.0,4,2.489999999999997,"[0.44299999999999995, -0.19400000000000023]",3569405,"[4.43, -1.9400000000000022]",0.03562245686848958,5.3433685302734375,3.9999999999999973,"[0.14499999999999988, 0.2549999999999999]",3570405,"[1.4499999999999988, 2.549999999999999]",0.02639822006225586,3.959733009338379,3.109999999999997,"[-0.047000000000000174, 0.35799999999999993]",3571405,"[-0.47000000000000175, 3.579999999999999]",0.026879355112711587,4.031903266906738,2.3999999999999972,"[-0.1900000000000002, 0.4299999999999999]",3572405,"[-1.900000000000002, 4.299999999999999]",0.032976139386494956,4.946420907974243,MinimaxSolutionConcept,0.8774999999999988,2.3705629605644316,0.030469042857488,0.003946538524762102,4.5703564286231995,0.5919807787143153,COMPLETE
357,9.147499999999999,2025-06-12 22:16:51.428305,2025-06-12 22:16:56.516219,0 days 00:00:05.087914,49,0.8965773219858105,0.06701334603971507,0.9658579359293302,0.00011145772233338088,143,3579411,9.147499999999999,3.4010908176642403,0.5075,0.16148761562423294,140.0,4,8.529999999999998,"[0.4479999999999998, 0.4049999999999999]",3579411,"[4.479999999999998, 4.049999999999999]",0.025161617142813546,3.5226263999938965,12.100000000000001,"[0.7719999999999999, 0.4379999999999999]",3580411,"[7.719999999999999, 4.379999999999999]",0.02602689266204834,3.6437649726867676,12.129999999999999,"[0.475, 0.738]",3581411,"[4.75, 7.38]",0.03163664170673915,4.4291298389434814,3.829999999999997,"[0.33499999999999985, 0.04799999999999982]",3582411,"[3.3499999999999988, 0.4799999999999982]",0.03501518794468471,4.902126312255859,MinimaxSolutionConcept,5.074999999999998,1.6148761562423293,0.029460084864071437,0.004057714978048943,4.124411880970001,0.568080096926852,COMPLETE
358,7.019999999999998,2025-06-12 22:16:56.531322,2025-06-12 22:17:06.812650,0 days 00:00:10.281328,47,0.9099236558282515,0.11134125901288619,0.9871132657192202,0.0003556937377060488,353,3589416,7.019999999999998,0.9927487093922607,0.3654999999999998,0.11445632354745636,350.0,4,6.749999999999997,"[0.3109999999999999, 0.3639999999999999]",3589416,"[3.109999999999999, 3.639999999999999]",0.02888695240020752,10.110433340072632,8.709999999999997,"[0.30399999999999977, 0.567]",3590416,"[3.039999999999998, 5.67]",0.02683415004185268,9.391952514648438,6.259999999999999,"[0.563, 0.06299999999999986]",3591416,"[5.629999999999999, 0.6299999999999986]",0.021405743190220424,7.492010116577148,6.359999999999998,"[0.2839999999999998, 0.35199999999999987]",3592416,"[2.839999999999998, 3.5199999999999987]",0.022660587174551827,7.93120551109314,MinimaxSolutionConcept,3.6549999999999985,1.1445632354745634,0.024946858201708114,0.003035323027172012,8.73140037059784,1.062363059510204,COMPLETE
