number,value,datetime_start,datetime_complete,duration,params_episode_length,params_epsilon_max,params_epsilon_min,params_gamma,params_learning_rate,params_num_episodes,user_attrs_base_seed,user_attrs_collective_reward_mean,user_attrs_collective_reward_std,user_attrs_individual_reward_agent0_mean,user_attrs_individual_reward_agent0_std,user_attrs_num_episodes_mean,user_attrs_num_parallel_runs,user_attrs_run_0_collective_reward,user_attrs_run_0_individual_rewards,user_attrs_run_0_seed,user_attrs_run_0_total_individual_rewards,user_attrs_run_0_training_time_per_episode,user_attrs_run_0_training_time_total,user_attrs_run_1_collective_reward,user_attrs_run_1_individual_rewards,user_attrs_run_1_seed,user_attrs_run_1_total_individual_rewards,user_attrs_run_1_training_time_per_episode,user_attrs_run_1_training_time_total,user_attrs_run_2_collective_reward,user_attrs_run_2_individual_rewards,user_attrs_run_2_seed,user_attrs_run_2_total_individual_rewards,user_attrs_run_2_training_time_per_episode,user_attrs_run_2_training_time_total,user_attrs_run_3_collective_reward,user_attrs_run_3_individual_rewards,user_attrs_run_3_seed,user_attrs_run_3_total_individual_rewards,user_attrs_run_3_training_time_per_episode,user_attrs_run_3_training_time_total,user_attrs_solution_concept,user_attrs_total_individual_reward_agent0_mean,user_attrs_total_individual_reward_agent0_std,user_attrs_training_time_per_episode_mean,user_attrs_training_time_per_episode_std,user_attrs_training_time_total_mean,user_attrs_training_time_total_std,state
297,6.009999999999999,2025-06-12 19:17:08.665231,2025-06-12 19:17:37.019562,0 days 00:00:28.354331,35,0.5515312411969784,0.13192321701342638,0.9055916441664108,0.0010485503526407565,452,2978628,6.009999999999999,2.1378610806130514,0.6064999999999999,0.13522666157233934,450.0,4,5.609999999999999,"[0.5299999999999999, 0.03099999999999991]",2978628,"[5.299999999999999, 0.3099999999999991]",0.05772126992543539,25.974571466445923,5.609999999999998,"[0.6769999999999999, -0.1160000000000001]",2979628,"[6.77, -1.160000000000001]",0.061489395565456816,27.670228004455566,9.38,"[0.7859999999999999, 0.15199999999999997]",2980628,"[7.859999999999999, 1.5199999999999996]",0.05625977622138129,25.316899299621582,3.4399999999999986,"[0.433, -0.0890000000000001]",2981628,"[4.33, -0.890000000000001]",0.06258205413818359,28.161924362182617,ParetoSolutionConcept,6.0649999999999995,1.3522666157233934,0.05951312396261427,0.0026037950325756127,26.780905783176422,1.1717077646590266,COMPLETE
298,10.4175,2025-06-12 19:17:37.036284,2025-06-12 19:18:02.799548,0 days 00:00:25.763264,34,0.5796035458157242,0.1360051393126449,0.9094474688455092,0.0008744800384546124,439,2988657,10.4175,2.213463067231979,0.839,0.05323532661682474,430.0,4,13.729999999999999,"[0.8150000000000001, 0.5579999999999999]",2988657,"[8.15, 5.579999999999999]",0.05456489574077517,23.462905168533325,7.579999999999998,"[0.829, -0.0710000000000001]",2989657,"[8.29, -0.7100000000000011]",0.050761454049931015,21.827425241470337,9.700000000000001,"[0.9270000000000002, 0.04299999999999994]",2990657,"[9.270000000000001, 0.4299999999999994]",0.054515388954517456,23.441617250442505,10.66,"[0.7849999999999999, 0.28099999999999997]",2991657,"[7.85, 2.8099999999999996]",0.05944767774537552,25.562501430511475,ParetoSolutionConcept,8.39,0.5323532661682473,0.05482235412264979,0.0030840330919267083,23.57361227273941,1.3261342295284846,COMPLETE
299,9.43,2025-06-12 19:18:02.814349,2025-06-12 19:18:31.601845,0 days 00:00:28.787496,37,0.5173628841791316,0.12039086603812656,0.9139052370305581,0.006395709739290261,448,2998682,9.43,1.2890888254887636,0.7829999999999998,0.057866225036717234,440.0,4,9.939999999999998,"[0.7009999999999998, 0.29299999999999987]",2998682,"[7.009999999999998, 2.929999999999999]",0.05661454471674832,24.910399675369263,10.45,"[0.757, 0.2879999999999999]",2999682,"[7.57, 2.879999999999999]",0.06497202732346274,28.58769202232361,10.11,"[0.8459999999999999, 0.1649999999999999]",3000682,"[8.459999999999999, 1.649999999999999]",0.0646322640505704,28.438196182250977,7.219999999999999,"[0.828, -0.10600000000000012]",3001682,"[8.28, -1.0600000000000012]",0.059578319029374556,26.214460372924805,ParetoSolutionConcept,7.83,0.5786622503671726,0.061449288780039,0.0035148362829427603,27.037687063217163,1.5465279644948144,COMPLETE
300,11.044999999999998,2025-06-12 19:18:31.621554,2025-06-12 19:19:00.642111,0 days 00:00:29.020557,35,0.5696276818384813,0.1285536322996679,0.91218748100781,0.0011942207260177047,466,3008711,11.044999999999998,2.4621586057766467,0.90225,0.06944917206129966,460.0,4,15.02,"[0.942, 0.56]",3008711,"[9.42, 5.6000000000000005]",0.05306774274162624,24.41116166114807,11.139999999999999,"[0.9400000000000001, 0.1739999999999999]",3009711,"[9.4, 1.739999999999999]",0.06260692606801573,28.79918599128723,9.29,"[0.7819999999999999, 0.1469999999999999]",3010711,"[7.819999999999999, 1.469999999999999]",0.06265550126200137,28.82153058052063,8.73,"[0.9450000000000001, -0.07200000000000009]",3011711,"[9.450000000000001, -0.7200000000000009]",0.06241524426833443,28.711012363433838,ParetoSolutionConcept,9.0225,0.6944917206129967,0.06018635358499444,0.004110913384335276,27.685722649097443,1.8910201567942264,COMPLETE
