number,value,datetime_start,datetime_complete,duration,params_episode_length,params_epsilon_max,params_epsilon_min,params_gamma,params_learning_rate,params_num_episodes,user_attrs_base_seed,user_attrs_collective_reward_mean,user_attrs_collective_reward_std,user_attrs_individual_reward_agent0_mean,user_attrs_individual_reward_agent0_std,user_attrs_num_episodes_mean,user_attrs_num_parallel_runs,user_attrs_run_0_collective_reward,user_attrs_run_0_individual_rewards,user_attrs_run_0_seed,user_attrs_run_0_total_individual_rewards,user_attrs_run_0_training_time_per_episode,user_attrs_run_0_training_time_total,user_attrs_run_1_collective_reward,user_attrs_run_1_individual_rewards,user_attrs_run_1_seed,user_attrs_run_1_total_individual_rewards,user_attrs_run_1_training_time_per_episode,user_attrs_run_1_training_time_total,user_attrs_run_2_collective_reward,user_attrs_run_2_individual_rewards,user_attrs_run_2_seed,user_attrs_run_2_total_individual_rewards,user_attrs_run_2_training_time_per_episode,user_attrs_run_2_training_time_total,user_attrs_run_3_collective_reward,user_attrs_run_3_individual_rewards,user_attrs_run_3_seed,user_attrs_run_3_total_individual_rewards,user_attrs_run_3_training_time_per_episode,user_attrs_run_3_training_time_total,user_attrs_solution_concept,user_attrs_total_individual_reward_agent0_mean,user_attrs_total_individual_reward_agent0_std,user_attrs_training_time_per_episode_mean,user_attrs_training_time_per_episode_std,user_attrs_training_time_total_mean,user_attrs_training_time_total_std,state
405,6.482499999999999,2025-06-12 22:45:36.137633,2025-06-12 22:45:37.768297,0 days 00:00:01.630664,15,0.9653267062394958,0.06170836329407763,0.9460230003285763,0.04769447926473266,173,4051136,6.482499999999999,0.9234818623015831,0.536,0.14015170352157696,170.0,4,6.059999999999999,"[0.30499999999999994, 0.301]",4051136,"[3.0499999999999994, 3.01]",0.008503355699426987,1.445570468902588,5.17,"[0.543, -0.026000000000000002]",4052136,"[5.430000000000001, -0.26]",0.008328722505008473,1.4158828258514404,7.3,"[0.642, 0.08800000000000005]",4053136,"[6.42, 0.8800000000000006]",0.008207750320434571,1.395317554473877,7.3999999999999995,"[0.654, 0.086]",4054136,"[6.54, 0.8599999999999999]",0.008402838426477769,1.4284825325012207,WelfareSolutionConcept,5.36,1.4015170352157698,0.00836066673783695,0.00010786850305422794,1.4213133454322815,0.018337645519218793,COMPLETE
406,4.9025,2025-06-12 22:45:39.716088,2025-06-12 22:45:41.062315,0 days 00:00:01.346227,10,0.9426246015099867,0.07224384471940588,0.9386306291508643,0.08599509807211214,191,4061139,4.9025,2.875955276077846,0.44899999999999995,0.24037782759647364,190.0,4,7.859999999999999,"[0.5559999999999999, 0.22999999999999998]",4061139,"[5.56, 2.3]",0.00608454001577277,1.1560626029968262,6.82,"[0.772, -0.08999999999999998]",4062139,"[7.720000000000001, -0.8999999999999998]",0.005744120949193051,1.0913829803466797,0.37000000000000005,"[0.127, -0.08999999999999998]",4063139,"[1.27, -0.8999999999999998]",0.006104594782779091,1.1598730087280273,4.56,"[0.341, 0.11499999999999999]",4064139,"[3.41, 1.15]",0.005984075445877878,1.1369743347167969,WelfareSolutionConcept,4.49,2.4037782759647364,0.005979332798405697,0.0001432709234547968,1.1360732316970825,0.027221475456411362,COMPLETE
407,2.8000000000000003,2025-06-12 22:45:41.089356,2025-06-12 22:45:42.469199,0 days 00:00:01.379843,10,0.9456639447696874,0.06493778163108188,0.9740376592990637,0.033471416531022063,179,4071141,2.8000000000000003,1.1838074167701438,0.262,0.11746276005611309,170.0,4,1.4400000000000004,"[0.23399999999999999, -0.08999999999999998]",4071141,"[2.34, -0.8999999999999998]",0.0063386804917279415,1.07757568359375,2.5400000000000005,"[0.128, 0.126]",4072141,"[1.28, 1.26]",0.006089338134316837,1.0351874828338623,2.5199999999999996,"[0.23500000000000004, 0.01700000000000001]",4073141,"[2.3500000000000005, 0.17000000000000012]",0.006424931918873507,1.092238426208496,4.700000000000001,"[0.45099999999999996, 0.019000000000000013]",4074141,"[4.51, 0.19000000000000014]",0.006281802233527688,1.067906379699707,WelfareSolutionConcept,2.62,1.174627600561131,0.006283688194611493,0.0001232370126740478,1.0682269930839539,0.02095029215458808,COMPLETE
408,6.025,2025-06-12 22:45:42.483996,2025-06-12 22:45:44.056824,0 days 00:00:01.572828,12,0.973831648258071,0.07399302052875087,0.9453953422434312,0.07084553688912645,186,4081142,6.025,1.6700374247303562,0.63,0.14492584310605203,180.0,4,8.81,"[0.881, 1.1102230246251566e-17]",4081142,"[8.81, 1.1102230246251565e-16]",0.0069746812184651695,1.2554426193237305,5.48,"[0.549, -0.0009999999999999898]",4082142,"[5.49, -0.009999999999999898]",0.006896315680609809,1.2413368225097656,5.449999999999999,"[0.5439999999999998, 0.001000000000000012]",4083142,"[5.439999999999998, 0.01000000000000012]",0.007229759958055284,1.3013567924499512,4.36,"[0.546, -0.10999999999999999]",4084142,"[5.460000000000001, -1.0999999999999999]",0.007037541601392958,1.2667574882507324,WelfareSolutionConcept,6.3,1.4492584310605203,0.007034574614630805,0.00012329727596246246,1.266223430633545,0.022193509673243267,COMPLETE
409,6.722499999999998,2025-06-12 22:45:44.072035,2025-06-12 22:45:50.054625,0 days 00:00:05.982590,23,0.6590787649796844,0.06967729201461434,0.9444942827801127,0.04388868663531438,470,4091144,6.722499999999998,3.0796052912670486,0.5652499999999999,0.2505258220224016,470.0,4,5.169999999999997,"[0.2599999999999999, 0.25699999999999995]",4091144,"[2.5999999999999988, 2.5699999999999994]",0.012366237538926145,5.812131643295288,11.139999999999999,"[0.8630000000000001, 0.251]",4092144,"[8.63, 2.51]",0.010123657672963244,4.758119106292725,2.849999999999999,"[0.3829999999999999, -0.09800000000000003]",4093144,"[3.829999999999999, -0.9800000000000003]",0.010764511595381067,5.059320449829102,7.73,"[0.755, 0.01799999999999994]",4094144,"[7.55, 0.17999999999999938]",0.01093345804417387,5.138725280761719,WelfareSolutionConcept,5.6525,2.505258220224016,0.011046966212861081,0.0008193961506683223,5.192074120044708,0.3851161908141113,COMPLETE
410,6.077499999999999,2025-06-12 22:45:50.069220,2025-06-12 22:45:51.705895,0 days 00:00:01.636675,13,0.9613513622173263,0.07709900308740396,0.9427349549469833,0.024531514014045665,198,4101150,6.077499999999999,1.1366040427519162,0.618,0.17724982369525785,190.0,4,6.309999999999999,"[0.751, -0.11999999999999997]",4101150,"[7.51, -1.1999999999999997]",0.007659766548558286,1.4553556442260742,4.23,"[0.31900000000000006, 0.10400000000000002]",4102150,"[3.1900000000000004, 1.0400000000000003]",0.0072647772337261,1.380307674407959,6.4399999999999995,"[0.6519999999999999, -0.007999999999999993]",4103150,"[6.52, -0.07999999999999993]",0.007650894867746454,1.4536700248718262,7.33,"[0.7500000000000001, -0.016999999999999987]",4104150,"[7.500000000000001, -0.16999999999999987]",0.007539316227561549,1.4324700832366943,WelfareSolutionConcept,6.18,1.7724982369525788,0.007528688719398097,0.0001595916321356269,1.4304508566856384,0.030322410105769106,COMPLETE
411,7.734999999999999,2025-06-12 22:45:53.656967,2025-06-12 22:45:55.315139,0 days 00:00:01.658172,11,0.9823019951934043,0.057165422491445475,0.9791980502539425,0.05372032187593185,218,4111153,7.734999999999999,2.306409547326754,0.6577500000000001,0.2182571591036592,210.0,4,10.98,"[0.874, 0.22399999999999998]",4111153,"[8.74, 2.2399999999999998]",0.006048469316391717,1.2701785564422607,5.55,"[0.438, 0.11699999999999997]",4112153,"[4.38, 1.1699999999999997]",0.006460049038841611,1.3566102981567383,5.559999999999999,"[0.441, 0.11499999999999996]",4113153,"[4.41, 1.1499999999999997]",0.006532996041434151,1.3719291687011719,8.85,"[0.8780000000000001, 0.007000000000000016]",4114153,"[8.780000000000001, 0.07000000000000016]",0.006546270279657273,1.3747167587280273,WelfareSolutionConcept,6.577500000000001,2.1825715910365924,0.006396946169081188,0.0002038537139709235,1.3433586955070496,0.04280927993389391,COMPLETE
412,5.2375,2025-06-12 22:45:55.330132,2025-06-12 22:45:57.217338,0 days 00:00:01.887206,14,0.9810517366916627,0.05412077165344073,0.9794529697558846,0.05405103454920043,217,4121155,5.2375,1.1329027981252409,0.45825,0.049559938458395965,210.0,4,6.329999999999999,"[0.5439999999999999, 0.08900000000000002]",4121155,"[5.4399999999999995, 0.8900000000000002]",0.007940354801359632,1.6674745082855225,6.410000000000001,"[0.43200000000000005, 0.20900000000000002]",4122155,"[4.32, 2.0900000000000003]",0.008029120309012277,1.6861152648925781,4.09,"[0.426, -0.01699999999999998]",4123155,"[4.26, -0.16999999999999982]",0.008161254156203498,1.7138633728027344,4.12,"[0.43100000000000005, -0.018999999999999982]",4124155,"[4.3100000000000005, -0.18999999999999984]",0.0079637572878883,1.672389030456543,WelfareSolutionConcept,4.5825,0.4955993845839598,0.008023621638615927,8.586333901661316e-05,1.6849605441093445,0.018031301193488752,COMPLETE
413,6.084999999999999,2025-06-12 22:45:57.232036,2025-06-12 22:45:58.871882,0 days 00:00:01.639846,11,0.9866572537123238,0.05683539972207542,0.942553372193265,0.05132775019421072,212,4131157,6.084999999999999,1.214526656767977,0.4957500000000001,0.22295220900453092,210.0,4,7.739999999999998,"[0.8740000000000002, -0.09999999999999999]",4131157,"[8.740000000000002, -0.9999999999999999]",0.007018591108776274,1.4739041328430176,5.56,"[0.333, 0.223]",4132157,"[3.33, 2.23]",0.006976170766921271,1.4649958610534668,6.58,"[0.33299999999999996, 0.32499999999999996]",4133157,"[3.3299999999999996, 3.2499999999999996]",0.006886619613284156,1.4461901187896729,4.459999999999999,"[0.44300000000000006, 0.003000000000000012]",4134157,"[4.430000000000001, 0.030000000000000124]",0.006883528119041806,1.4455409049987793,WelfareSolutionConcept,4.9575000000000005,2.229522090045309,0.006941227402005876,5.8132176375287996e-05,1.4576577544212341,0.012207757038810465,COMPLETE
414,4.11,2025-06-12 22:45:58.887042,2025-06-12 22:46:00.407484,0 days 00:00:01.520442,10,0.9714969591156631,0.05938192856853824,0.979091310317906,0.0643610410630638,222,4141158,4.11,1.2034325905508791,0.4225,0.13944264053724742,220.0,4,5.74,"[0.559, 0.01500000000000001]",4141158,"[5.590000000000001, 0.1500000000000001]",0.00589977502822876,1.2979505062103271,4.6499999999999995,"[0.5549999999999999, -0.08999999999999998]",4142158,"[5.549999999999999, -0.8999999999999998]",0.005934386903589422,1.3055651187896729,2.5300000000000002,"[0.23600000000000004, 0.017000000000000015]",4143158,"[2.3600000000000003, 0.17000000000000015]",0.00603764382275668,1.3282816410064697,3.5199999999999996,"[0.34, 0.012000000000000005]",4144158,"[3.4000000000000004, 0.12000000000000005]",0.006118780916387384,1.3461318016052246,WelfareSolutionConcept,4.225,1.394426405372474,0.005997646667740561,8.639145528609811e-05,1.3194822669029236,0.019006120162941623,COMPLETE
415,4.335,2025-06-12 22:46:00.422581,2025-06-12 22:46:02.270265,0 days 00:00:01.847684,12,0.9800957239353691,0.052312418200886404,0.9774380531270495,0.036953536441842384,223,4151160,4.335,2.046564193960209,0.38150000000000006,0.18197321231434035,220.0,4,1.0700000000000003,"[0.10800000000000005, -0.0009999999999999898]",4151160,"[1.0800000000000005, -0.009999999999999898]",0.007599359208887274,1.6718590259552002,4.260000000000001,"[0.32500000000000007, 0.10100000000000012]",4152160,"[3.250000000000001, 1.0100000000000011]",0.007452145489779386,1.6394720077514648,6.51,"[0.5439999999999999, 0.10700000000000003]",4153160,"[5.4399999999999995, 1.0700000000000003]",0.007162035595286977,1.5756478309631348,5.5,"[0.549, 0.001000000000000012]",4154160,"[5.49, 0.01000000000000012]",0.007271625778891824,1.5997576713562012,WelfareSolutionConcept,3.8150000000000004,1.8197321231434034,0.007371291518211365,0.000167536217816934,1.6216841340065002,0.0368579679197255,COMPLETE
416,5.914999999999999,2025-06-12 22:46:04.210029,2025-06-12 22:46:06.053045,0 days 00:00:01.843016,11,0.9915440853245576,0.04404794962894012,0.975991932267408,0.04431943013612157,236,4161164,5.914999999999999,0.9154370540894662,0.4457499999999999,0.10825981479755079,230.0,4,4.52,"[0.5519999999999999, -0.09999999999999999]",4161164,"[5.52, -0.9999999999999999]",0.006932529159214186,1.5944817066192627,6.76,"[0.5559999999999999, 0.12000000000000002]",4162164,"[5.56, 1.2000000000000002]",0.006785412456678307,1.5606448650360107,6.71,"[0.33799999999999997, 0.3329999999999999]",4163164,"[3.38, 3.329999999999999]",0.006576863579128099,1.512678623199463,5.67,"[0.33699999999999997, 0.22999999999999993]",4164164,"[3.3699999999999997, 2.2999999999999994]",0.006523305436839228,1.5003602504730225,WelfareSolutionConcept,4.4575,1.0825981479755078,0.006704527657964955,0.0001640629800486747,1.5420413613319397,0.03773448541119516,COMPLETE
417,6.75,2025-06-12 22:46:06.067765,2025-06-12 22:46:07.756133,0 days 00:00:01.688368,12,0.9623768515050974,0.02688092421376942,0.9816564259184805,0.07440073401565732,202,4171166,6.75,3.0572127829119125,0.6242500000000001,0.2080280930547603,200.0,4,4.29,"[0.539, -0.10999999999999999]",4171166,"[5.390000000000001, -1.0999999999999999]",0.007380487918853759,1.476097583770752,8.79,"[0.7690000000000001, 0.11000000000000006]",4172166,"[7.690000000000001, 1.1000000000000005]",0.007298785448074341,1.4597570896148682,3.2800000000000002,"[0.32700000000000007, 0.001000000000000012]",4173166,"[3.2700000000000005, 0.01000000000000012]",0.007541110515594482,1.5082221031188965,10.64,"[0.8620000000000001, 0.20200000000000004]",4174166,"[8.620000000000001, 2.0200000000000005]",0.007054437398910523,1.4108874797821045,WelfareSolutionConcept,6.242500000000001,2.080280930547603,0.007318705320358276,0.0001757238572043031,1.4637410640716553,0.03514477144086067,COMPLETE
418,4.9399999999999995,2025-06-12 22:46:07.771197,2025-06-12 22:46:09.246621,0 days 00:00:01.475424,10,0.9514055483467225,0.060577153034550746,0.9804776446176081,0.056445273836192036,207,4181167,4.9399999999999995,2.5663982543634964,0.34175,0.15274058890812225,200.0,4,7.94,"[0.5589999999999999, 0.23499999999999996]",4181167,"[5.59, 2.3499999999999996]",0.006193749904632569,1.2387499809265137,1.4599999999999995,"[0.12699999999999995, 0.019000000000000024]",4182167,"[1.2699999999999996, 0.19000000000000022]",0.006531459093093872,1.3062918186187744,6.780000000000001,"[0.341, 0.337]",4183167,"[3.41, 3.37]",0.006533300876617432,1.3066601753234863,3.58,"[0.34, 0.018000000000000013]",4184167,"[3.4000000000000004, 0.18000000000000013]",0.006494619846343994,1.2989239692687988,WelfareSolutionConcept,3.4175,1.5274058890812228,0.0064382824301719675,0.00014202152670087436,1.2876564860343933,0.028404305340174893,COMPLETE
419,1.1124999999999978,2025-06-12 22:46:09.327774,2025-06-12 22:46:13.217021,0 days 00:00:03.889247,40,0.9716036302408992,0.05669984737939605,0.9774640353202905,0.08768778540781272,202,4191169,1.1124999999999978,0.6982612333503845,0.3969999999999999,0.058373795490785085,200.0,4,1.7799999999999976,"[0.42899999999999994, -0.25100000000000017]",4191169,"[4.289999999999999, -2.5100000000000016]",0.017461321353912353,3.4922642707824707,1.839999999999998,"[0.29599999999999993, -0.11200000000000014]",4192169,"[2.959999999999999, -1.1200000000000014]",0.016234010457992554,3.2468020915985107,0.3799999999999978,"[0.42799999999999994, -0.3900000000000002]",4193169,"[4.279999999999999, -3.9000000000000017]",0.01840138792991638,3.6802775859832764,0.44999999999999785,"[0.43499999999999994, -0.3900000000000002]",4194169,"[4.35, -3.9000000000000017]",0.018089494705200194,3.617898941040039,WelfareSolutionConcept,3.9699999999999993,0.5837379549078509,0.017546553611755368,0.0008299940979795462,3.509310722351074,0.16599881959590926,COMPLETE
420,3.1075000000000004,2025-06-12 22:46:13.232525,2025-06-12 22:46:15.154187,0 days 00:00:01.921662,15,0.9823556934684049,0.08902312288461445,0.9731170394560849,0.09962237564244798,214,4201173,3.1075000000000004,1.6655235663298193,0.31025,0.11375054944922246,210.0,4,5.05,"[0.42400000000000004, 0.08100000000000003]",4201173,"[4.24, 0.8100000000000003]",0.008031910941714333,1.6867012977600098,2.8400000000000007,"[0.19699999999999995, 0.087]",4202173,"[1.9699999999999995, 0.8699999999999999]",0.008339769499642508,1.7513515949249268,0.56,"[0.19600000000000004, -0.13999999999999996]",4203173,"[1.9600000000000004, -1.3999999999999995]",0.0082015593846639,1.722327470779419,3.98,"[0.42400000000000004, -0.02599999999999999]",4204173,"[4.24, -0.2599999999999999]",0.008225061779930478,1.7272629737854004,WelfareSolutionConcept,3.1025,1.1375054944922247,0.008199575401487805,0.00011002187044391104,1.721910834312439,0.02310459279322138,COMPLETE
421,4.47,2025-06-12 22:46:17.155114,2025-06-12 22:46:19.047967,0 days 00:00:01.892853,13,0.9913469217659246,0.05253841566170989,0.9395169470015945,0.0029205220792914714,237,4211177,4.47,0.8930005599102384,0.37575000000000003,0.12111848537692335,230.0,4,4.15,"[0.21400000000000002, 0.201]",4211177,"[2.14, 2.0100000000000002]",0.007200715852820355,1.6561646461486816,3.1500000000000004,"[0.32300000000000006, -0.007999999999999993]",4212177,"[3.2300000000000004, -0.07999999999999993]",0.007140617785246476,1.6423420906066895,5.279999999999999,"[0.42499999999999993, 0.10300000000000005]",4213177,"[4.249999999999999, 1.0300000000000005]",0.007455883855405061,1.714853286743164,5.3,"[0.541, -0.010999999999999985]",4214177,"[5.41, -0.10999999999999985]",0.007432818412780762,1.7095482349395752,WelfareSolutionConcept,3.7575000000000003,1.2111848537692336,0.007307508976563163,0.00013872184443551976,1.6807270646095276,0.03190602422016954,COMPLETE
422,4.284999999999999,2025-06-12 22:46:19.063203,2025-06-12 22:46:22.479399,0 days 00:00:03.416196,28,0.9687822062989357,0.06352984938657275,0.9509081519857707,0.039703095302123605,230,4221179,4.284999999999999,3.2912193788928747,0.35749999999999993,0.09374033283491155,230.0,4,9.649999999999999,"[0.48699999999999993, 0.47799999999999987]",4221179,"[4.869999999999999, 4.7799999999999985]",0.011484673748845639,2.641474962234497,3.3899999999999997,"[0.361, -0.022000000000000058]",4222179,"[3.61, -0.22000000000000058]",0.014024399674457053,3.225611925125122,0.679999999999999,"[0.22199999999999998, -0.15400000000000005]",4223179,"[2.2199999999999998, -1.5400000000000005]",0.013585109296052352,3.124575138092041,3.419999999999999,"[0.36, -0.018000000000000033]",4224179,"[3.5999999999999996, -0.18000000000000033]",0.012615720085475755,2.901615619659424,WelfareSolutionConcept,3.5749999999999997,0.9374033283491155,0.0129274757012077,0.0009765491776963444,2.973319411277771,0.22460631087015914,COMPLETE
423,5.09,2025-06-12 22:46:22.494930,2025-06-12 22:46:23.953438,0 days 00:00:01.458508,11,0.951776116222063,0.04867433020467783,0.9829173218874223,0.06544543427901081,195,4231182,5.09,1.6453722982960421,0.49999999999999994,0.09471800251272194,190.0,4,5.579999999999999,"[0.5509999999999999, 0.0070000000000000106]",4231182,"[5.51, 0.0700000000000001]",0.006686736408032869,1.2704799175262451,2.3599999999999994,"[0.33599999999999997, -0.09999999999999999]",4232182,"[3.3599999999999994, -0.9999999999999999]",0.0067335467589528936,1.2793738842010498,5.65,"[0.5549999999999999, 0.010000000000000007]",4233182,"[5.549999999999999, 0.10000000000000007]",0.006281640655116031,1.193511724472046,6.77,"[0.558, 0.11899999999999997]",4234182,"[5.58, 1.1899999999999997]",0.0063284321835166525,1.202402114868164,WelfareSolutionConcept,5.0,0.9471800251272195,0.006507589001404611,0.00020389980510299798,1.2364419102668762,0.03874096296956958,COMPLETE
424,5.175000000000001,2025-06-12 22:46:23.968588,2025-06-12 22:46:26.288611,0 days 00:00:02.320023,14,0.6558290411464875,0.08713977107974781,0.9671346988175482,0.048115874175498514,252,4241184,5.175000000000001,1.7603195732593548,0.45400000000000007,0.26525176719486715,250.0,4,2.9600000000000013,"[0.09600000000000002, 0.20000000000000004]",4241184,"[0.9600000000000002, 2.0000000000000004]",0.00851492977142334,2.128732442855835,4.070000000000001,"[0.31100000000000005, 0.09600000000000006]",4242184,"[3.1100000000000003, 0.9600000000000006]",0.00818115520477295,2.0452888011932373,7.449999999999999,"[0.765, -0.019999999999999973]",4243184,"[7.65, -0.19999999999999973]",0.008465628623962402,2.1164071559906006,6.22,"[0.644, -0.021999999999999974]",4244184,"[6.44, -0.21999999999999975]",0.008352626800537109,2.0881567001342773,WelfareSolutionConcept,4.54,2.6525176719486714,0.00837858510017395,0.00012827591485709716,2.0946462750434875,0.03206897871427434,COMPLETE
425,7.1,2025-06-12 22:46:26.307848,2025-06-12 22:46:27.831468,0 days 00:00:01.523620,12,0.6412298077998839,0.07964676737381461,0.9810135351128916,0.05606228400086999,177,4251186,7.1,1.5917757379731607,0.6315000000000001,0.13847111612173854,170.0,4,8.67,"[0.764, 0.10300000000000006]",4251186,"[7.640000000000001, 1.0300000000000007]",0.007475498143364402,1.2708346843719482,4.4399999999999995,"[0.44400000000000006, 1.1102230246251566e-17]",4252186,"[4.44, 1.1102230246251565e-16]",0.007244124132044175,1.2315011024475098,7.66,"[0.765, 0.001000000000000012]",4253186,"[7.65, 0.01000000000000012]",0.00786289187038646,1.3366916179656982,7.630000000000001,"[0.5529999999999999, 0.21000000000000005]",4254186,"[5.529999999999999, 2.1000000000000005]",0.00744923423318302,1.2663698196411133,WelfareSolutionConcept,6.315000000000001,1.3847111612173857,0.007507937094744514,0.00022365625609509752,1.2763493061065674,0.03802156353616665,COMPLETE
