number,value,datetime_start,datetime_complete,duration,params_episode_length,params_epsilon_max,params_epsilon_min,params_gamma,params_learning_rate,params_num_episodes,user_attrs_base_seed,user_attrs_collective_reward_mean,user_attrs_collective_reward_std,user_attrs_individual_reward_agent0_mean,user_attrs_individual_reward_agent0_std,user_attrs_num_episodes_mean,user_attrs_num_parallel_runs,user_attrs_run_0_collective_reward,user_attrs_run_0_individual_rewards,user_attrs_run_0_seed,user_attrs_run_0_total_individual_rewards,user_attrs_run_0_training_time_per_episode,user_attrs_run_0_training_time_total,user_attrs_run_1_collective_reward,user_attrs_run_1_individual_rewards,user_attrs_run_1_seed,user_attrs_run_1_total_individual_rewards,user_attrs_run_1_training_time_per_episode,user_attrs_run_1_training_time_total,user_attrs_run_2_collective_reward,user_attrs_run_2_individual_rewards,user_attrs_run_2_seed,user_attrs_run_2_total_individual_rewards,user_attrs_run_2_training_time_per_episode,user_attrs_run_2_training_time_total,user_attrs_run_3_collective_reward,user_attrs_run_3_individual_rewards,user_attrs_run_3_seed,user_attrs_run_3_total_individual_rewards,user_attrs_run_3_training_time_per_episode,user_attrs_run_3_training_time_total,user_attrs_solution_concept,user_attrs_total_individual_reward_agent0_mean,user_attrs_total_individual_reward_agent0_std,user_attrs_training_time_per_episode_mean,user_attrs_training_time_per_episode_std,user_attrs_training_time_total_mean,user_attrs_training_time_total_std,state
319,5.717499999999998,2025-06-12 22:12:16.786224,2025-06-12 22:12:21.572636,0 days 00:00:04.786412,45,0.8837501543243799,0.0966191146433863,0.9763918309373314,0.00025876286555942074,164,3199136,5.717499999999998,2.6393690060315556,0.3604999999999999,0.24526363366793702,160.0,4,2.6299999999999972,"[-0.05700000000000014, 0.3199999999999999]",3199136,"[-0.5700000000000014, 3.199999999999999]",0.023073337972164154,3.6917340755462646,8.429999999999998,"[0.5619999999999999, 0.2809999999999998]",3200136,"[5.619999999999999, 2.809999999999998]",0.019489829242229462,3.118372678756714,3.5699999999999976,"[0.4339999999999999, -0.07700000000000018]",3201136,"[4.339999999999999, -0.7700000000000018]",0.028824900090694428,4.611984014511108,8.239999999999998,"[0.5029999999999999, 0.3209999999999999]",3202136,"[5.029999999999999, 3.209999999999999]",0.028679028153419495,4.588644504547119,MinimaxSolutionConcept,3.604999999999999,2.4526363366793706,0.025016773864626883,0.0039445529454110355,4.0026838183403015,0.6311284712657657,COMPLETE
320,3.9824999999999973,2025-06-12 22:12:21.587751,2025-06-12 22:12:26.127596,0 days 00:00:04.539845,50,0.9188953568615147,0.10126347049322337,0.973882637413215,0.0002218892034238601,148,3209141,3.9824999999999973,1.0775522029117657,0.06949999999999984,0.04875705077217038,140.0,4,5.679999999999996,"[0.05699999999999983, 0.5109999999999999]",3209141,"[0.5699999999999983, 5.109999999999999]",0.02245833703449794,3.144167184829712,3.1999999999999975,"[0.013999999999999851, 0.30599999999999994]",3210141,"[0.13999999999999851, 3.0599999999999996]",0.024527532713753835,3.433854579925537,4.129999999999997,"[0.14799999999999985, 0.26499999999999985]",3211141,"[1.4799999999999986, 2.6499999999999986]",0.023814092363630024,3.333972930908203,2.9199999999999973,"[0.05899999999999981, 0.23299999999999987]",3212141,"[0.5899999999999981, 2.3299999999999987]",0.031137941564832416,4.359311819076538,MinimaxSolutionConcept,0.6949999999999984,0.4875705077217039,0.025484475919178556,0.0033475779257927645,3.5678266286849976,0.46866090961098694,COMPLETE
321,8.874999999999998,2025-06-12 22:12:27.811040,2025-06-12 22:12:32.842913,0 days 00:00:05.031873,47,0.9315038821618522,0.10853559122544694,0.9726159995572774,0.00029770691770821846,171,3219147,8.874999999999998,2.254401250886807,0.4204999999999998,0.12651580928880002,170.0,4,10.229999999999999,"[0.46099999999999985, 0.5619999999999999]",3219147,"[4.6099999999999985, 5.619999999999999]",0.020933973087983972,3.5587754249572754,10.579999999999998,"[0.61, 0.44799999999999984]",3220147,"[6.1, 4.479999999999999]",0.019682923485251035,3.346096992492676,9.679999999999998,"[0.30899999999999983, 0.6589999999999999]",3221147,"[3.089999999999998, 6.589999999999999]",0.020951216361101935,3.561706781387329,5.009999999999998,"[0.3019999999999998, 0.19899999999999984]",3222147,"[3.0199999999999982, 1.9899999999999984]",0.028480073984931496,4.8416125774383545,MinimaxSolutionConcept,4.204999999999998,1.2651580928880002,0.02251204672981711,0.0034838124056012355,3.8270479440689087,0.5922481089522101,COMPLETE
322,8.167499999999997,2025-06-12 22:12:32.862562,2025-06-12 22:12:36.949323,0 days 00:00:04.086761,45,0.9382529795134191,0.19480706930287522,0.9803886623137236,0.00018302332942696014,134,3229152,8.167499999999997,3.9280871617111557,0.3122499999999998,0.31192737536163767,130.0,4,14.259999999999998,"[0.8389999999999999, 0.587]",3229152,"[8.389999999999999, 5.869999999999999]",0.0268798828125,3.494384765625,3.3999999999999977,"[0.023999999999999837, 0.31599999999999984]",3230152,"[0.23999999999999838, 3.1599999999999984]",0.030008840560913085,3.901149272918701,8.209999999999997,"[0.20299999999999985, 0.6179999999999999]",3231152,"[2.0299999999999985, 6.179999999999999]",0.019576756770794207,2.544978380203247,6.799999999999996,"[0.18299999999999986, 0.497]",3232152,"[1.8299999999999985, 4.97]",0.01924752455491286,2.502178192138672,MinimaxSolutionConcept,3.1224999999999987,3.119273753616377,0.023928251174780035,0.004651085944309041,3.110672652721405,0.6046411727601754,COMPLETE
323,5.394999999999998,2025-06-12 22:12:36.964325,2025-06-12 22:12:50.740269,0 days 00:00:13.775944,43,0.6743433359412384,0.09165292542805298,0.9786812996332662,0.00014396810807796833,478,3239157,5.394999999999998,2.384140306273941,0.2992499999999999,0.20455362988712766,470.0,4,6.259999999999998,"[0.476, 0.14999999999999986]",3239157,"[4.76, 1.4999999999999987]",0.020771448155666918,9.762580633163452,7.799999999999998,"[0.5289999999999999, 0.2509999999999999]",3240157,"[5.289999999999999, 2.509999999999999]",0.028842884936231248,13.556155920028687,1.4299999999999977,"[0.07699999999999989, 0.06599999999999986]",3241157,"[0.7699999999999989, 0.6599999999999986]",0.020577274992110883,9.671319246292114,6.089999999999997,"[0.11499999999999988, 0.4939999999999999]",3242157,"[1.1499999999999988, 4.939999999999999]",0.028954496282212278,13.60861325263977,MinimaxSolutionConcept,2.9924999999999993,2.045536298871277,0.024786526091555332,0.00411292682394234,11.649667263031006,1.9330756072528998,COMPLETE
324,6.994999999999999,2025-06-12 22:12:50.755162,2025-06-12 22:12:55.033930,0 days 00:00:04.278768,41,0.9136389774811283,0.09984023301035537,0.9820081961445908,0.00016967212375135744,154,3249170,6.994999999999999,1.7237531725859125,0.36124999999999985,0.12408338929929338,150.0,4,8.119999999999997,"[0.2619999999999999, 0.5499999999999999]",3249170,"[2.619999999999999, 5.499999999999999]",0.021531073252360027,3.229660987854004,4.019999999999999,"[0.28199999999999986, 0.11999999999999991]",3250170,"[2.8199999999999985, 1.199999999999999]",0.021686019897460936,3.2529029846191406,8.089999999999998,"[0.32899999999999985, 0.47999999999999987]",3251170,"[3.2899999999999983, 4.799999999999999]",0.027317887941996258,4.0976831912994385,7.749999999999998,"[0.5719999999999998, 0.20299999999999985]",3252170,"[5.719999999999999, 2.0299999999999985]",0.02112091541290283,3.168137311935425,MinimaxSolutionConcept,3.612499999999999,1.2408338929929341,0.02291397412618001,0.002550970543785128,3.437096118927002,0.38264558156776907,COMPLETE
325,5.0424999999999995,2025-06-12 22:12:55.049040,2025-06-12 22:12:59.470841,0 days 00:00:04.421801,30,0.6366080785870616,0.14507557567118995,0.9845575353261709,0.0001095979304259655,182,3259175,5.0424999999999995,1.3992386322568429,0.284,0.06337586291325743,180.0,4,3.989999999999999,"[0.205, 0.19399999999999995]",3259175,"[2.05, 1.9399999999999995]",0.02348846991856893,4.227924585342407,3.4299999999999993,"[0.38199999999999995, -0.039000000000000055]",3260175,"[3.8199999999999994, -0.39000000000000057]",0.016488010353512234,2.967841863632202,5.839999999999999,"[0.27899999999999997, 0.305]",3261175,"[2.7899999999999996, 3.05]",0.022664444976382786,4.079600095748901,6.909999999999999,"[0.26999999999999996, 0.42099999999999993]",3262175,"[2.6999999999999997, 4.209999999999999]",0.01674720181359185,3.014496326446533,MinimaxSolutionConcept,2.8399999999999994,0.6337586291325742,0.019847031765513952,0.003243834906419487,3.572465717792511,0.5838902831555075,COMPLETE
326,8.099999999999998,2025-06-12 22:13:01.108831,2025-06-12 22:13:05.816568,0 days 00:00:04.707737,46,0.901322708450252,0.08471151428777066,0.9721793799211071,0.00021869148867209308,159,3269181,8.099999999999998,2.2404575425568782,0.4219999999999999,0.06976747093022649,150.0,4,8.899999999999999,"[0.5009999999999999, 0.3889999999999999]",3269181,"[5.009999999999999, 3.889999999999999]",0.02229834715525309,3.344752073287964,4.889999999999996,"[0.3239999999999999, 0.16499999999999987]",3270181,"[3.239999999999999, 1.6499999999999986]",0.020471316973368327,3.070697546005249,11.07,"[0.47299999999999986, 0.634]",3271181,"[4.729999999999999, 6.34]",0.029189049402872723,4.378357410430908,7.539999999999997,"[0.38999999999999996, 0.3639999999999999]",3272181,"[3.8999999999999995, 3.639999999999999]",0.030179583231608072,4.526937484741211,MinimaxSolutionConcept,4.219999999999999,0.6976747093022649,0.025534574190775552,0.004214292263842215,3.830186128616333,0.6321438395763321,COMPLETE
327,7.0574999999999966,2025-06-12 22:13:05.831787,2025-06-12 22:13:19.248943,0 days 00:00:13.417156,44,0.6613307992481371,0.13699603181376274,0.976138792670271,0.00010036256148460085,464,3279185,7.0574999999999966,2.245744586991138,0.2769999999999999,0.15154537274361105,460.0,4,6.599999999999998,"[0.1889999999999999, 0.4709999999999999]",3279185,"[1.8899999999999988, 4.709999999999999]",0.020799682969632357,9.567854166030884,9.129999999999997,"[0.20299999999999993, 0.71]",3280185,"[2.0299999999999994, 7.1]",0.020675815188366434,9.51087498664856,8.929999999999996,"[0.5389999999999999, 0.3539999999999999]",3281185,"[5.389999999999999, 3.539999999999999]",0.02083443040433137,9.583837985992432,3.569999999999998,"[0.17699999999999988, 0.17999999999999988]",3282185,"[1.7699999999999987, 1.799999999999999]",0.02877988556156988,13.238747358322144,MinimaxSolutionConcept,2.7699999999999987,1.51545372743611,0.022772453530975012,0.003468893529247454,10.475328624248505,1.5956910234538284,COMPLETE
328,7.249999999999998,2025-06-12 22:13:19.264256,2025-06-12 22:13:23.898176,0 days 00:00:04.633920,49,0.869453414235558,0.1197408997180172,0.9797417232694269,0.00030629089528631787,146,3289199,7.249999999999998,4.767310562570895,0.4672499999999999,0.22099703052303674,140.0,4,1.6899999999999966,"[0.28899999999999987, -0.12000000000000019]",3289199,"[2.889999999999999, -1.200000000000002]",0.02264716454914638,3.170603036880493,4.519999999999996,"[0.2179999999999998, 0.23399999999999982]",3290199,"[2.179999999999998, 2.339999999999998]",0.021817898750305174,3.0545058250427246,14.410000000000002,"[0.752, 0.689]",3291199,"[7.52, 6.89]",0.021349637848990303,2.9889492988586426,8.379999999999997,"[0.6099999999999999, 0.22799999999999984]",3292199,"[6.099999999999999, 2.2799999999999985]",0.031707872663225445,4.4391021728515625,MinimaxSolutionConcept,4.6724999999999985,2.2099703052303674,0.024380643452916826,0.004255816384432461,3.4132900834083557,0.5958142938205445,COMPLETE
329,4.469999999999998,2025-06-12 22:13:23.917951,2025-06-12 22:13:30.907624,0 days 00:00:06.989673,47,0.624183310789004,0.08095956248611041,0.9862990857005904,0.00014179790527923863,174,3299203,4.469999999999998,3.423207560169264,0.2949999999999999,0.21413430365076963,170.0,4,0.1499999999999969,"[-0.06900000000000017, 0.08399999999999985]",3299203,"[-0.6900000000000017, 0.8399999999999985]",0.030066940363715676,5.111379861831665,2.759999999999997,"[0.35399999999999987, -0.07800000000000018]",3300203,"[3.5399999999999987, -0.7800000000000018]",0.03978283685796401,6.763082265853882,9.37,"[0.4259999999999999, 0.5109999999999999]",3301203,"[4.259999999999999, 5.109999999999999]",0.03819609670078053,6.49333643913269,5.599999999999998,"[0.46899999999999986, 0.09099999999999986]",3302203,"[4.689999999999999, 0.9099999999999986]",0.03435012032003964,5.839520454406738,MinimaxSolutionConcept,2.9499999999999984,2.1413430365076964,0.03559899856062496,0.0037554222932208005,6.051829755306244,0.6384217898475363,COMPLETE
330,9.484999999999998,2025-06-12 22:13:30.927626,2025-06-12 22:13:37.584980,0 days 00:00:06.657354,49,0.613635950693611,0.08802210203941528,0.94546378350555,0.00011776372381595211,188,3309211,9.484999999999998,1.7870296583996585,0.56975,0.18619260860732365,180.0,4,10.779999999999998,"[0.5549999999999999, 0.5229999999999998]",3309211,"[5.549999999999999, 5.229999999999998]",0.03583224349551731,6.449803829193115,9.359999999999998,"[0.5799999999999998, 0.35599999999999976]",3310211,"[5.799999999999999, 3.559999999999998]",0.02734193007151286,4.9215474128723145,6.619999999999997,"[0.3089999999999999, 0.35299999999999987]",3311211,"[3.089999999999999, 3.5299999999999985]",0.028759973578982884,5.176795244216919,11.179999999999998,"[0.835, 0.2829999999999998]",3312211,"[8.35, 2.8299999999999983]",0.03457440005408393,6.223392009735107,MinimaxSolutionConcept,5.6975,1.8619260860732363,0.03162713680002425,0.0036384373242981183,5.692884624004364,0.6549187183736613,COMPLETE
331,5.419999999999998,2025-06-12 22:13:39.362332,2025-06-12 22:13:45.279020,0 days 00:00:05.916688,43,0.6145452383202124,0.0948304543016385,0.9478064000995711,0.04245625195276232,186,3319219,5.419999999999998,1.1737333598394484,0.2539999999999999,0.09432125953357495,180.0,4,7.259999999999998,"[0.11699999999999985, 0.6089999999999999]",3319219,"[1.1699999999999986, 6.089999999999999]",0.030939283635881214,5.569071054458618,4.609999999999998,"[0.35999999999999993, 0.1009999999999999]",3320219,"[3.599999999999999, 1.009999999999999]",0.03188107278611925,5.738593101501465,5.589999999999996,"[0.21899999999999986, 0.3399999999999998]",3321219,"[2.1899999999999986, 3.399999999999998]",0.02270283301671346,4.086509943008423,4.219999999999998,"[0.31999999999999984, 0.1019999999999999]",3322219,"[3.1999999999999984, 1.019999999999999]",0.02444857358932495,4.400743246078491,MinimaxSolutionConcept,2.5399999999999987,0.9432125953357494,0.027492940757009716,0.003979518989745127,4.948729336261749,0.7163134181541227,COMPLETE
332,8.8075,2025-06-12 22:13:45.294991,2025-06-12 22:14:00.727158,0 days 00:00:15.432167,42,0.5929275585085199,0.09007220964036017,0.9404426279513973,0.0002659292336635865,491,3329225,8.8075,1.2112467750215068,0.40924999999999995,0.07367962744205486,490.0,4,7.969999999999999,"[0.3449999999999999, 0.45199999999999985]",3329225,"[3.4499999999999993, 4.519999999999999]",0.03108098944839166,15.229684829711914,7.309999999999999,"[0.34199999999999997, 0.3889999999999999]",3330225,"[3.42, 3.889999999999999]",0.021939547694459254,10.750378370285034,9.66,"[0.522, 0.44399999999999995]",3331225,"[5.220000000000001, 4.4399999999999995]",0.030019464784738967,14.709537744522095,10.29,"[0.42799999999999994, 0.6009999999999998]",3332225,"[4.279999999999999, 6.009999999999998]",0.021257846209467673,10.41634464263916,MinimaxSolutionConcept,4.092499999999999,0.7367962744205487,0.02607446203426439,0.00449793474971759,12.77648639678955,2.2039880273616195,COMPLETE
333,5.9499999999999975,2025-06-12 22:14:00.747774,2025-06-12 22:14:07.362286,0 days 00:00:06.614512,45,0.6097767061913376,0.08722538055055867,0.9552258171073997,0.02508128792938215,189,3339240,5.9499999999999975,2.9138891536913345,0.14399999999999985,0.1988102110053707,180.0,4,7.219999999999997,"[0.17899999999999988, 0.5429999999999999]",3339240,"[1.7899999999999987, 5.43]",0.03545879787868923,6.3825836181640625,9.739999999999998,"[0.4499999999999999, 0.5239999999999999]",3340240,"[4.499999999999999, 5.239999999999999]",0.029547407892015244,5.318533420562744,5.0299999999999985,"[-0.07700000000000018, 0.5799999999999998]",3341240,"[-0.7700000000000018, 5.799999999999999]",0.028401251633961996,5.112225294113159,1.8099999999999972,"[0.023999999999999837, 0.15699999999999986]",3342240,"[0.23999999999999838, 1.5699999999999985]",0.031745674875047473,5.714221477508545,MinimaxSolutionConcept,1.4399999999999986,1.9881021100537069,0.03128828306992849,0.002691096334712671,5.631890952587128,0.484397340248281,COMPLETE
334,5.584999999999997,2025-06-12 22:14:07.378840,2025-06-12 22:14:22.174332,0 days 00:00:14.795492,48,0.8368335232950734,0.1563385521473476,0.9453333427824416,0.00011543131006178957,471,3349247,5.584999999999997,0.7529442210416382,0.3217499999999999,0.07561539195163905,470.0,4,4.999999999999998,"[0.34299999999999986, 0.15699999999999986]",3349247,"[3.429999999999999, 1.5699999999999985]",0.027049071738060485,12.713063716888428,5.9099999999999975,"[0.41899999999999993, 0.17199999999999988]",3350247,"[4.1899999999999995, 1.7199999999999989]",0.024465943397359646,11.498993396759033,4.769999999999998,"[0.31699999999999984, 0.15999999999999986]",3351247,"[3.169999999999998, 1.5999999999999988]",0.030880664764566624,14.513912439346313,6.659999999999997,"[0.2079999999999999, 0.4579999999999999]",3352247,"[2.079999999999999, 4.579999999999999]",0.031056551223105574,14.59657907485962,MinimaxSolutionConcept,3.2174999999999985,0.7561539195163907,0.028363057780773082,0.0027616712189626027,13.330637156963348,1.2979854729124234,COMPLETE
335,7.329999999999998,2025-06-12 22:14:22.197544,2025-06-12 22:14:28.786672,0 days 00:00:06.589128,50,0.6307297412290711,0.08368168185075293,0.9704355429526094,0.0001964786764953769,166,3359262,7.329999999999998,1.6178535162368686,0.5485,0.08041299646201477,160.0,4,5.009999999999998,"[0.4119999999999999, 0.08899999999999983]",3359262,"[4.119999999999999, 0.8899999999999983]",0.03471958339214325,5.55513334274292,9.079999999999998,"[0.5879999999999999, 0.31999999999999984]",3360262,"[5.879999999999999, 3.1999999999999984]",0.03274372518062592,5.2389960289001465,6.649999999999999,"[0.619, 0.04599999999999981]",3361262,"[6.1899999999999995, 0.45999999999999813]",0.03483751714229584,5.574002742767334,8.579999999999998,"[0.575, 0.2829999999999999]",3362262,"[5.75, 2.829999999999999]",0.03989035040140152,6.382456064224243,MinimaxSolutionConcept,5.484999999999999,0.8041299646201479,0.03554779402911663,0.0026415442485739206,5.687647044658661,0.4226470797718273,COMPLETE
336,4.837499999999998,2025-06-12 22:14:30.588589,2025-06-12 22:14:36.169581,0 days 00:00:05.580992,40,0.5961161784079994,0.08892075183668857,0.9752663359896282,0.00013163552570020823,178,3369270,4.837499999999998,3.074779463636376,0.1817499999999999,0.18603679071624515,170.0,4,0.4499999999999974,"[-0.13500000000000012, 0.17999999999999985]",3369270,"[-1.3500000000000012, 1.7999999999999985]",0.02668031103470746,4.5356528759002686,8.989999999999998,"[0.3089999999999999, 0.59]",3370270,"[3.089999999999999, 5.8999999999999995]",0.029016919697032257,4.932876348495483,5.759999999999998,"[0.2319999999999999, 0.3439999999999999]",3371270,"[2.319999999999999, 3.439999999999999]",0.0229539857191198,3.902177572250366,4.149999999999998,"[0.3209999999999999, 0.09399999999999989]",3372270,"[3.209999999999999, 0.9399999999999988]",0.03170934845419491,5.390589237213135,MinimaxSolutionConcept,1.817499999999999,1.8603679071624517,0.027590141226263604,0.0032142376178176894,4.690324008464813,0.5464203950290072,COMPLETE
337,7.157499999999999,2025-06-12 22:14:36.187303,2025-06-12 22:14:51.172193,0 days 00:00:14.984890,46,0.5756890912313363,0.07849841071813606,0.9722054172513926,0.0003742662214756566,442,3379276,7.157499999999999,1.2266290188969111,0.3389999999999999,0.094039885155183,440.0,4,5.819999999999998,"[0.34399999999999986, 0.2379999999999999]",3379276,"[3.4399999999999986, 2.379999999999999]",0.027132695913314818,11.93838620185852,6.679999999999999,"[0.3249999999999999, 0.34299999999999986]",3380276,"[3.249999999999999, 3.429999999999999]",0.032665397904135966,14.372775077819824,6.979999999999999,"[0.476, 0.2219999999999999]",3381276,"[4.76, 2.219999999999999]",0.03362067070874301,14.793095111846924,9.149999999999997,"[0.21099999999999985, 0.704]",3382276,"[2.1099999999999985, 7.039999999999999]",0.025982811776074498,11.432437181472778,MinimaxSolutionConcept,3.389999999999999,0.94039885155183,0.029850394075567076,0.0033347904203258243,13.134173393249512,1.4673077849433627,COMPLETE
338,7.162499999999997,2025-06-12 22:14:51.187122,2025-06-12 22:14:57.371949,0 days 00:00:06.184827,49,0.9971930912045313,0.09255071591835515,0.9569568566741627,0.00015790356359281094,190,3389291,7.162499999999997,3.1659151520531945,0.3614999999999999,0.10720191229637649,190.0,4,9.409999999999998,"[0.48099999999999987, 0.45999999999999985]",3389291,"[4.809999999999999, 4.599999999999999]",0.021961478183144017,4.172680854797363,1.6999999999999966,"[0.1899999999999999, -0.020000000000000184]",3390291,"[1.899999999999999, -0.20000000000000184]",0.03163107194398579,6.0099036693573,8.899999999999997,"[0.3659999999999998, 0.5239999999999999]",3391291,"[3.6599999999999984, 5.239999999999999]",0.01974482536315918,3.751516819000244,8.639999999999997,"[0.4089999999999998, 0.4549999999999999]",3392291,"[4.089999999999998, 4.549999999999999]",0.029998440491525752,5.699703693389893,MinimaxSolutionConcept,3.6149999999999984,1.072019122963765,0.025833953995453685,0.005075014303002304,4.9084512591362,0.9642527175704376,COMPLETE
