number,value,datetime_start,datetime_complete,duration,params_episode_length,params_epsilon_max,params_epsilon_min,params_gamma,params_learning_rate,params_num_episodes,user_attrs_base_seed,user_attrs_collective_reward_mean,user_attrs_collective_reward_std,user_attrs_individual_reward_agent0_mean,user_attrs_individual_reward_agent0_std,user_attrs_num_episodes_mean,user_attrs_num_parallel_runs,user_attrs_run_0_collective_reward,user_attrs_run_0_individual_rewards,user_attrs_run_0_seed,user_attrs_run_0_total_individual_rewards,user_attrs_run_0_training_time_per_episode,user_attrs_run_0_training_time_total,user_attrs_run_1_collective_reward,user_attrs_run_1_individual_rewards,user_attrs_run_1_seed,user_attrs_run_1_total_individual_rewards,user_attrs_run_1_training_time_per_episode,user_attrs_run_1_training_time_total,user_attrs_run_2_collective_reward,user_attrs_run_2_individual_rewards,user_attrs_run_2_seed,user_attrs_run_2_total_individual_rewards,user_attrs_run_2_training_time_per_episode,user_attrs_run_2_training_time_total,user_attrs_run_3_collective_reward,user_attrs_run_3_individual_rewards,user_attrs_run_3_seed,user_attrs_run_3_total_individual_rewards,user_attrs_run_3_training_time_per_episode,user_attrs_run_3_training_time_total,user_attrs_solution_concept,user_attrs_total_individual_reward_agent0_mean,user_attrs_total_individual_reward_agent0_std,user_attrs_training_time_per_episode_mean,user_attrs_training_time_per_episode_std,user_attrs_training_time_total_mean,user_attrs_training_time_total_std,state
362,6.235,2025-06-12 22:43:23.578689,2025-06-12 22:43:26.456601,0 days 00:00:02.877912,12,0.65140724098542,0.07200277442264615,0.9785872783322678,0.0024721155645410025,355,3621003,6.235,2.1116995524932047,0.5169999999999999,0.20890548101952702,350.0,4,9.8,"[0.7689999999999999, 0.21100000000000008]",3621003,"[7.6899999999999995, 2.1100000000000008]",0.0068676934923444476,2.4036927223205566,4.28,"[0.43100000000000005, -0.0029999999999999914]",3622003,"[4.3100000000000005, -0.029999999999999916]",0.0074769721712384905,2.6169402599334717,5.5,"[0.22200000000000006, 0.32799999999999996]",3623003,"[2.2200000000000006, 3.2799999999999994]",0.007155431338718959,2.5044009685516357,5.359999999999999,"[0.6459999999999999, -0.10999999999999999]",3624003,"[6.459999999999999, -1.0999999999999999]",0.0075579629625592915,2.645287036895752,WelfareSolutionConcept,5.17,2.0890548101952704,0.007264514991215297,0.0002741424403651151,2.542580246925354,0.09594985412779028,COMPLETE
363,3.6575,2025-06-12 22:43:26.471423,2025-06-12 22:43:28.886367,0 days 00:00:02.414944,13,0.662384380690629,0.07917830527602329,0.9765629905972844,0.00040326653203559564,253,3631006,3.6575,1.816512799294296,0.24,0.1645037993482217,250.0,4,5.300000000000001,"[0.21000000000000005, 0.31999999999999995]",3631006,"[2.1000000000000005, 3.1999999999999993]",0.00880415439605713,2.2010385990142822,5.259999999999999,"[0.319, 0.20699999999999993]",3632006,"[3.19, 2.0699999999999994]",0.00851153564453125,2.1278839111328125,3.1900000000000004,"[0.43899999999999995, -0.11999999999999997]",3633006,"[4.39, -1.1999999999999997]",0.008763767242431641,2.19094181060791,0.8800000000000003,"[-0.007999999999999985, 0.09600000000000003]",3634006,"[-0.07999999999999985, 0.9600000000000003]",0.008950810432434082,2.2377026081085205,WelfareSolutionConcept,2.4,1.6450379934822172,0.008757566928863526,0.00015817970834644887,2.1893917322158813,0.03954492708661226,COMPLETE
364,5.605,2025-06-12 22:43:28.904151,2025-06-12 22:43:31.043475,0 days 00:00:02.139324,11,0.6462220109532462,0.0749010053604102,0.9796461464340068,0.0195651298481357,259,3641008,5.605,3.4376918128302316,0.5785,0.2817112883787229,250.0,4,10.000000000000002,"[0.992, 0.008000000000000005]",3641008,"[9.92, 0.08000000000000006]",0.007227986335754394,1.8069965839385986,3.39,"[0.43900000000000006, -0.09999999999999999]",3642008,"[4.390000000000001, -0.9999999999999999]",0.0077379741668701174,1.9344935417175293,1.3,"[0.23000000000000004, -0.09999999999999999]",3643008,"[2.3000000000000003, -0.9999999999999999]",0.007615370750427246,1.9038426876068115,7.73,"[0.653, 0.11999999999999993]",3644008,"[6.53, 1.1999999999999993]",0.007161140441894531,1.7902851104736328,WelfareSolutionConcept,5.785,2.8171128837872295,0.007435617923736572,0.00024605849956436563,1.858904480934143,0.061514624891091385,COMPLETE
365,4.575000000000001,2025-06-12 22:43:31.058889,2025-06-12 22:43:33.362456,0 days 00:00:02.303567,14,0.6664322430907638,0.08280541634726725,0.9746318386424914,0.0026705548460389137,250,3651011,4.575000000000001,0.8920341921697845,0.5057500000000001,0.08778489334731801,250.0,4,3.0300000000000007,"[0.4330000000000001, -0.12999999999999995]",3651011,"[4.330000000000001, -1.2999999999999994]",0.008214650154113769,2.0536625385284424,5.1000000000000005,"[0.64, -0.12999999999999995]",3652011,"[6.4, -1.2999999999999994]",0.008198277473449707,2.0495693683624268,5.090000000000002,"[0.5280000000000001, -0.018999999999999996]",3653011,"[5.280000000000001, -0.18999999999999995]",0.008060178756713866,2.015044689178467,5.08,"[0.42200000000000004, 0.08600000000000002]",3654011,"[4.220000000000001, 0.8600000000000002]",0.00851961612701416,2.12990403175354,WelfareSolutionConcept,5.057500000000001,0.87784893347318,0.008248180627822874,0.00016780684673551005,2.062045156955719,0.04195171168387743,COMPLETE
366,5.5875,2025-06-12 22:43:35.225694,2025-06-12 22:43:37.357591,0 days 00:00:02.131897,11,0.6357709142081017,0.0686979637834324,0.9194575949067343,0.0012100067420662886,241,3661015,5.5875,2.6334423764343127,0.57625,0.28841409032847204,240.0,4,7.789999999999999,"[0.769, 0.01000000000000002]",3661015,"[7.69, 0.1000000000000002]",0.0078072786331176754,1.8737468719482422,5.58,"[0.5479999999999999, 0.010000000000000007]",3662015,"[5.4799999999999995, 0.10000000000000007]",0.0077118992805480955,1.850855827331543,1.2900000000000003,"[0.119, 0.01000000000000002]",3663015,"[1.19, 0.1000000000000002]",0.008017378052075703,1.924170732498169,7.690000000000001,"[0.8690000000000001, -0.09999999999999999]",3664015,"[8.690000000000001, -0.9999999999999999]",0.008081817626953125,1.93963623046875,WelfareSolutionConcept,5.7625,2.8841409032847203,0.00790459339817365,0.00015060709801307184,1.897102415561676,0.03614570352313726,COMPLETE
367,6.245,2025-06-12 22:43:37.373915,2025-06-12 22:43:39.488310,0 days 00:00:02.114395,12,0.6886764877411111,0.05947834346984532,0.9664457529805608,0.002802011419309048,235,3671017,6.245,1.6298849652659537,0.4892500000000001,0.06226706593376633,230.0,4,4.300000000000001,"[0.429, 0.001000000000000012]",3671017,"[4.29, 0.01000000000000012]",0.008065092045327892,1.854971170425415,6.63,"[0.552, 0.11100000000000003]",3672017,"[5.5200000000000005, 1.1100000000000003]",0.0074866077174311095,1.7219197750091553,5.37,"[0.425, 0.11200000000000006]",3673017,"[4.25, 1.1200000000000006]",0.00837475527887759,1.9261937141418457,8.68,"[0.551, 0.31700000000000006]",3674017,"[5.510000000000001, 3.170000000000001]",0.0077699381372203,1.787085771560669,WelfareSolutionConcept,4.8925,0.6226706593376633,0.007924098294714223,0.00033095857537514956,1.8225426077842712,0.07612047233628433,COMPLETE
368,3.777499999999999,2025-06-12 22:43:39.503610,2025-06-12 22:43:45.324400,0 days 00:00:05.820790,25,0.6751723103984552,0.0777584984940083,0.9709103749747635,0.003826061769339065,370,3681019,3.777499999999999,2.8644491180679057,0.46375,0.26509561954132704,370.0,4,1.3699999999999986,"[0.12899999999999995, 0.007999999999999933]",3681019,"[1.2899999999999996, 0.07999999999999932]",0.014109185579660776,5.220398664474487,2.539999999999999,"[0.36999999999999994, -0.11600000000000006]",3682019,"[3.6999999999999993, -1.1600000000000006]",0.013438138446292361,4.972111225128174,2.529999999999999,"[0.4929999999999999, -0.24000000000000007]",3683019,"[4.929999999999999, -2.400000000000001]",0.01524874970719621,5.642037391662598,8.67,"[0.8630000000000001, 0.003999999999999929]",3684019,"[8.63, 0.039999999999999286]",0.012665811100521604,4.686350107192993,WelfareSolutionConcept,4.637499999999999,2.6509561954132703,0.013865471208417739,0.0009479786078805103,5.130224347114563,0.35075208491578885,COMPLETE
369,6.739999999999999,2025-06-12 22:43:45.339368,2025-06-12 22:43:47.088385,0 days 00:00:01.749017,10,0.6172168388601208,0.08701477795901416,0.9931796425703264,0.00012025927409365809,194,3691025,6.739999999999999,3.295018968078939,0.5255,0.27725484666638384,190.0,4,4.58,"[0.43899999999999995, 0.019000000000000013]",3691025,"[4.39, 0.19000000000000014]",0.0076270392066554015,1.4491374492645264,12.11,"[0.8789999999999999, 0.332]",3692025,"[8.79, 3.3200000000000003]",0.00720342711398476,1.3686511516571045,6.680000000000001,"[0.656, 0.012000000000000005]",3693025,"[6.5600000000000005, 0.12000000000000005]",0.007665074499029863,1.4563641548156738,3.59,"[0.12799999999999995, 0.231]",3694025,"[1.2799999999999994, 2.31]",0.007886870283829539,1.4985053539276123,WelfareSolutionConcept,5.255000000000001,2.7725484666638383,0.00759560277587489,0.0002472109830020765,1.4431645274162292,0.04697008677039449,COMPLETE
370,6.1499999999999995,2025-06-12 22:43:47.104830,2025-06-12 22:43:49.632980,0 days 00:00:02.528150,17,0.7126412937199145,0.0548787863076323,0.9970077797407143,0.0030802897834076555,227,3701027,6.1499999999999995,1.4474287547233542,0.582,0.05450229352972224,220.0,4,7.159999999999999,"[0.646, 0.07000000000000002]",3701027,"[6.46, 0.7000000000000002]",0.010486761006441983,2.3070874214172363,6.890000000000001,"[0.531, 0.158]",3702027,"[5.3100000000000005, 1.58]",0.010258594426241788,2.2568907737731934,6.8999999999999995,"[0.626, 0.06399999999999999]",3703027,"[6.26, 0.6399999999999999]",0.010662440820173784,2.3457369804382324,3.65,"[0.5249999999999999, -0.15999999999999998]",3704027,"[5.249999999999999, -1.5999999999999996]",0.010611322793093595,2.334491014480591,WelfareSolutionConcept,5.82,0.5450229352972222,0.010504779761487788,0.00015583671088139923,2.3110515475273132,0.03428407639390779,COMPLETE
371,5.595,2025-06-12 22:43:51.396199,2025-06-12 22:43:54.198417,0 days 00:00:02.802218,13,0.5639713965591858,0.06582244099597033,0.9357842298039375,0.08748488064972057,323,3711031,5.595,2.2613989033339514,0.45999999999999996,0.3081306541063385,320.0,4,5.279999999999999,"[0.20499999999999993, 0.32299999999999995]",3711031,"[2.0499999999999994, 3.2299999999999995]",0.007947368919849396,2.5431580543518066,2.0200000000000005,"[0.10300000000000001, 0.09900000000000007]",3712031,"[1.03, 0.9900000000000008]",0.008180255442857743,2.6176817417144775,7.61,"[0.77, -0.008999999999999984]",3713031,"[7.7, -0.08999999999999983]",0.007864964753389358,2.5167887210845947,7.469999999999999,"[0.762, -0.01499999999999999]",3714031,"[7.62, -0.1499999999999999]",0.007948938012123107,2.5436601638793945,WelfareSolutionConcept,4.6,3.081306541063385,0.0079853817820549,0.00011752566797006023,2.5553221702575684,0.037608213750419194,COMPLETE
372,3.2649999999999997,2025-06-12 22:43:54.215238,2025-06-12 22:43:57.252824,0 days 00:00:03.037586,12,0.5329621153125157,0.12231412726236024,0.982014605546047,0.07846340440595372,366,3721034,3.2649999999999997,1.7254057493818662,0.35475,0.21006710237445558,360.0,4,4.3,"[0.43, 1.1102230246251566e-17]",3721034,"[4.3, 1.1102230246251565e-16]",0.007208779785368178,2.595160722732544,5.49,"[0.659, -0.10999999999999999]",3722034,"[6.59, -1.0999999999999999]",0.007354242934121026,2.6475274562835693,2.17,"[0.22100000000000003, -0.003999999999999992]",3723034,"[2.2100000000000004, -0.039999999999999925]",0.0077125787734985355,2.7765283584594727,1.1000000000000003,"[0.10900000000000003, 0.001000000000000012]",3724034,"[1.0900000000000003, 0.01000000000000012]",0.0076800048351287845,2.7648017406463623,WelfareSolutionConcept,3.5475000000000003,2.1006710237445554,0.007488901582029131,0.00021398195703721746,2.696004569530487,0.07703350453339824,COMPLETE
373,6.552500000000001,2025-06-12 22:43:57.270863,2025-06-12 22:43:59.666088,0 days 00:00:02.395225,10,0.7356165447849106,0.0812205269137506,0.9777099051558739,0.004265071285618683,378,3731037,6.552500000000001,1.6187244206473195,0.5045000000000001,0.19583475176791268,370.0,4,6.840000000000001,"[0.559, 0.12499999999999997]",3731037,"[5.590000000000001, 1.2499999999999998]",0.0058284031378256305,2.1565091609954834,4.58,"[0.4450000000000001, 0.013000000000000008]",3732037,"[4.450000000000001, 0.1300000000000001]",0.005958430187122242,2.2046191692352295,8.99,"[0.7779999999999999, 0.12099999999999997]",3733037,"[7.779999999999999, 1.2099999999999997]",0.005471988626428553,2.0246357917785645,5.8,"[0.23600000000000004, 0.34400000000000003]",3734037,"[2.3600000000000003, 3.4400000000000004]",0.0057638013685071795,2.1326065063476562,WelfareSolutionConcept,5.045,1.958347517679127,0.005755655829970901,0.00017814533594921338,2.1295926570892334,0.06591377430120898,COMPLETE
374,5.885,2025-06-12 22:43:59.682160,2025-06-12 22:44:01.206040,0 days 00:00:01.523880,11,0.6410474481908506,0.07273709015159338,0.9329678166250165,0.02710382666802501,184,3741039,5.885,1.6203317561536592,0.57975,0.16165453133147867,180.0,4,7.83,"[0.774, 0.009000000000000008]",3741039,"[7.74, 0.09000000000000008]",0.0069453822241889104,1.250168800354004,6.67,"[0.658, 0.009000000000000011]",3742039,"[6.58, 0.09000000000000011]",0.007152032852172851,1.2873659133911133,5.609999999999999,"[0.552, 0.009000000000000018]",3743039,"[5.5200000000000005, 0.09000000000000019]",0.007221211327446832,1.2998180389404297,3.4299999999999993,"[0.3349999999999999, 0.008000000000000005]",3744039,"[3.349999999999999, 0.08000000000000006]",0.007457384798261854,1.3423292636871338,WelfareSolutionConcept,5.797499999999999,1.6165453133147865,0.007194002800517612,0.00018281414620556838,1.2949205040931702,0.0329065463170023,COMPLETE
375,6.3,2025-06-12 22:44:01.225378,2025-06-12 22:44:04.870228,0 days 00:00:03.644850,14,0.608861131129477,0.08531137399996651,0.9233539167290323,0.030845327370219236,398,3751041,6.3,1.5844557425185468,0.53825,0.20829711351816663,390.0,4,6.3100000000000005,"[0.761, -0.12999999999999995]",3751041,"[7.61, -1.2999999999999994]",0.008802003738207696,3.432781457901001,6.2299999999999995,"[0.5279999999999999, 0.09500000000000003]",3752041,"[5.279999999999999, 0.9500000000000003]",0.008362867893316807,3.2615184783935547,4.090000000000001,"[0.20700000000000007, 0.20200000000000004]",3753041,"[2.0700000000000007, 2.0200000000000005]",0.008093431057074132,3.156438112258911,8.57,"[0.657, 0.2]",3754041,"[6.57, 2.0]",0.00750880974989671,2.928435802459717,WelfareSolutionConcept,5.3825,2.0829711351816664,0.008191778109623836,0.00046844555580084486,3.194793462753296,0.1826937667623294,COMPLETE
376,6.155,2025-06-12 22:44:06.659875,2025-06-12 22:44:10.027364,0 days 00:00:03.367489,13,0.5948016590189422,0.07595062282098286,0.9839267402589874,0.05961413620277766,388,3761046,6.155,2.4173797798442838,0.625,0.14589893762464484,380.0,4,6.42,"[0.762, -0.11999999999999997]",3761046,"[7.62, -1.1999999999999997]",0.008201336233239424,3.1165077686309814,3.0900000000000007,"[0.429, -0.11999999999999997]",3762046,"[4.29, -1.1999999999999997]",0.00803803142748381,3.0544519424438477,5.32,"[0.54, -0.007999999999999983]",3763046,"[5.4, -0.07999999999999982]",0.008089524193813926,3.074019193649292,9.79,"[0.769, 0.20999999999999996]",3764046,"[7.69, 2.0999999999999996]",0.007682217422284578,2.9192426204681396,WelfareSolutionConcept,6.250000000000001,1.458989376246448,0.008002777319205436,0.0001942628131302491,3.041055381298065,0.0738198689894947,COMPLETE
377,6.147500000000001,2025-06-12 22:44:10.042279,2025-06-12 22:44:12.754117,0 days 00:00:02.711838,11,0.5509026557132227,0.06885501893179714,0.9390352284969558,0.03619128224142529,352,3771050,6.147500000000001,4.160104415756894,0.44299999999999995,0.2150058138748811,350.0,4,7.7,"[0.656, 0.11400000000000002]",3771050,"[6.5600000000000005, 1.1400000000000001]",0.0067610958644321985,2.3663835525512695,1.2700000000000002,"[0.22699999999999992, -0.09999999999999999]",3772050,"[2.269999999999999, -0.9999999999999999]",0.006983718190874373,2.4443013668060303,12.140000000000002,"[0.6599999999999999, 0.5539999999999999]",3773050,"[6.6, 5.539999999999999]",0.006462614876883371,2.2619152069091797,3.479999999999999,"[0.22899999999999995, 0.119]",3774050,"[2.2899999999999996, 1.19]",0.007212019647870745,2.5242068767547607,WelfareSolutionConcept,4.43,2.150058138748811,0.0068548621450151715,0.0002769545978728838,2.39920175075531,0.09693410925550934,COMPLETE
378,6.507499999999999,2025-06-12 22:44:12.768876,2025-06-12 22:44:14.378751,0 days 00:00:01.609875,12,0.6535677189191154,0.0889880853397611,0.9914119422945457,0.002005823599614112,173,3781052,6.507499999999999,3.2712870173679343,0.41174999999999995,0.1958792676625068,170.0,4,6.549999999999999,"[0.6599999999999999, -0.004999999999999993]",3781052,"[6.6, -0.04999999999999993]",0.008046960830688477,1.367983341217041,4.37,"[0.11100000000000003, 0.32599999999999996]",3782052,"[1.1100000000000003, 3.26]",0.008008128054001752,1.3613817691802979,3.3100000000000005,"[0.44099999999999995, -0.10999999999999999]",3783052,"[4.409999999999999, -1.0999999999999999]",0.008403301239013672,1.4285612106323242,11.799999999999999,"[0.43499999999999994, 0.745]",3784052,"[4.35, 7.45]",0.007940835111281451,1.3499419689178467,WelfareSolutionConcept,4.1175,1.9587926766250683,0.008099806308746339,0.00017928926436458126,1.3769670724868774,0.03047917494197884,COMPLETE
379,5.720000000000001,2025-06-12 22:44:14.394090,2025-06-12 22:44:16.764710,0 days 00:00:02.370620,10,0.9504012815042595,0.11334235591219899,0.9986952880055338,0.0018114901311345952,361,3791054,5.720000000000001,1.283023772188185,0.50125,0.09692877539719566,360.0,4,5.790000000000001,"[0.669, -0.08999999999999998]",3791054,"[6.69, -0.8999999999999998]",0.006074965000152588,2.1869874000549316,4.7,"[0.45099999999999996, 0.019000000000000013]",3792054,"[4.51, 0.19000000000000014]",0.006025554074181451,2.1691994667053223,4.6000000000000005,"[0.4450000000000001, 0.015000000000000008]",3793054,"[4.450000000000001, 0.15000000000000008]",0.006034594774246216,2.1724541187286377,7.79,"[0.43999999999999995, 0.3390000000000001]",3794054,"[4.3999999999999995, 3.3900000000000006]",0.005676974852879842,2.043710947036743,WelfareSolutionConcept,5.0125,0.9692877539719565,0.005953022175365024,0.00016045804903662268,2.1430879831314087,0.05776489765318413,COMPLETE
380,4.3525,2025-06-12 22:44:16.779643,2025-06-12 22:44:18.503507,0 days 00:00:01.723864,12,0.965491725349255,0.10705009292708158,0.9811447084274596,0.016246929168498868,211,3801056,4.3525,1.300795429727519,0.51825,0.15728060115602305,210.0,4,4.4,"[0.55, -0.10999999999999999]",3801056,"[5.5, -1.0999999999999999]",0.007187241599673317,1.5093207359313965,6.460000000000001,"[0.756, -0.10999999999999999]",3802056,"[7.5600000000000005, -1.0999999999999999]",0.007288005238487607,1.5304811000823975,3.24,"[0.434, -0.10999999999999999]",3803056,"[4.34, -1.0999999999999999]",0.007338861056736538,1.5411608219146729,3.31,"[0.333, -0.0019999999999999905]",3804056,"[3.33, -0.019999999999999907]",0.007207685425167992,1.5136139392852783,WelfareSolutionConcept,5.182499999999999,1.5728060115602307,0.0072554483300163635,6.113732168598622e-05,1.5236441493034363,0.012838837554057105,COMPLETE
381,5.585,2025-06-12 22:44:20.277647,2025-06-12 22:44:23.216192,0 days 00:00:02.938545,11,0.5775973996034323,0.062206592047298656,0.9721875416003427,0.0034752835132755926,407,3811060,5.585,1.3127166487860205,0.524,0.11701495630901203,400.0,4,6.66,"[0.6559999999999999, 0.010000000000000007]",3811060,"[6.559999999999999, 0.10000000000000007]",0.006880068182945251,2.7520272731781006,6.63,"[0.552, 0.11099999999999999]",3812060,"[5.5200000000000005, 1.1099999999999999]",0.006815280914306641,2.7261123657226562,3.4299999999999997,"[0.335, 0.008000000000000005]",3813060,"[3.35, 0.08000000000000006]",0.006881126165390015,2.752450466156006,5.62,"[0.553, 0.009000000000000018]",3814060,"[5.53, 0.09000000000000019]",0.006320602893829345,2.5282411575317383,WelfareSolutionConcept,5.239999999999999,1.1701495630901202,0.0067242695391178135,0.00023457783865711465,2.6897078156471252,0.0938311354628458,COMPLETE
382,0.16999999999999713,2025-06-12 22:44:23.235934,2025-06-12 22:44:30.056213,0 days 00:00:06.820279,44,0.9764314547106181,0.08012837340513025,0.9260108460450459,0.00934053371509093,373,3821063,0.16999999999999713,2.0731256594813545,0.3407499999999999,0.11972546721562623,370.0,4,2.7699999999999974,"[0.4229999999999999, -0.14600000000000016]",3821063,"[4.229999999999999, -1.4600000000000015]",0.01734415711583318,6.417338132858276,0.9599999999999972,"[0.38499999999999984, -0.2890000000000002]",3822063,"[3.8499999999999983, -2.890000000000002]",0.01745603406751478,6.458732604980469,-2.9500000000000033,"[0.13499999999999993, -0.43000000000000027]",3823063,"[1.3499999999999992, -4.3000000000000025]",0.017809146159404033,6.589384078979492,-0.10000000000000286,"[0.4199999999999998, -0.43000000000000027]",3824063,"[4.199999999999998, -4.3000000000000025]",0.017679378148671744,6.541369915008545,WelfareSolutionConcept,3.407499999999999,1.1972546721562625,0.017572178872855934,0.00018243404089758155,6.501706182956696,0.06750059513210505,COMPLETE
