number,value,datetime_start,datetime_complete,duration,params_episode_length,params_epsilon_max,params_epsilon_min,params_gamma,params_learning_rate,params_num_episodes,user_attrs_base_seed,user_attrs_collective_reward_mean,user_attrs_collective_reward_std,user_attrs_individual_reward_agent0_mean,user_attrs_individual_reward_agent0_std,user_attrs_num_episodes_mean,user_attrs_num_parallel_runs,user_attrs_run_0_collective_reward,user_attrs_run_0_individual_rewards,user_attrs_run_0_seed,user_attrs_run_0_total_individual_rewards,user_attrs_run_0_training_time_per_episode,user_attrs_run_0_training_time_total,user_attrs_run_1_collective_reward,user_attrs_run_1_individual_rewards,user_attrs_run_1_seed,user_attrs_run_1_total_individual_rewards,user_attrs_run_1_training_time_per_episode,user_attrs_run_1_training_time_total,user_attrs_run_2_collective_reward,user_attrs_run_2_individual_rewards,user_attrs_run_2_seed,user_attrs_run_2_total_individual_rewards,user_attrs_run_2_training_time_per_episode,user_attrs_run_2_training_time_total,user_attrs_run_3_collective_reward,user_attrs_run_3_individual_rewards,user_attrs_run_3_seed,user_attrs_run_3_total_individual_rewards,user_attrs_run_3_training_time_per_episode,user_attrs_run_3_training_time_total,user_attrs_solution_concept,user_attrs_total_individual_reward_agent0_mean,user_attrs_total_individual_reward_agent0_std,user_attrs_training_time_per_episode_mean,user_attrs_training_time_per_episode_std,user_attrs_training_time_total_mean,user_attrs_training_time_total_std,state
298,4.8999999999999995,2025-06-12 22:09:57.682454,2025-06-12 22:10:00.765014,0 days 00:00:03.082560,10,0.9407155565618116,0.11062104702027947,0.975963025648051,0.0740777885128437,341,2988997,4.8999999999999995,1.1427379402120157,0.5017500000000001,0.05426497489172919,340.0,4,6.720000000000001,"[0.4490000000000001, 0.223]",2988997,"[4.490000000000001, 2.23]",0.008584385759690229,2.9186911582946777,4.65,"[0.555, -0.08999999999999998]",2989997,"[5.550000000000001, -0.8999999999999998]",0.008485125092899098,2.8849425315856934,4.67,"[0.557, -0.08999999999999998]",2990997,"[5.57, -0.8999999999999998]",0.006445886808283189,2.191601514816284,3.56,"[0.446, -0.08999999999999998]",2991997,"[4.46, -0.8999999999999998]",0.006436575861538158,2.1884357929229736,WelfareSolutionConcept,5.017500000000001,0.542649748917292,0.007487993380602668,0.0010473553370341552,2.5459177494049072,0.3561008145916128,COMPLETE
299,4.795,2025-06-12 22:10:00.780426,2025-06-12 22:10:02.314051,0 days 00:00:01.533625,11,0.660196934459088,0.09589072199444779,0.9787144217702565,0.05834282839620665,126,2999000,4.795,3.2015035530200495,0.38925000000000004,0.29298666778541316,120.0,4,9.950000000000001,"[0.8790000000000001, 0.11599999999999996]",2999000,"[8.790000000000001, 1.1599999999999997]",0.007426730791727702,0.8912076950073242,3.43,"[0.333, 0.01000000000000002]",3000000,"[3.33, 0.1000000000000002]",0.007721227407455444,0.9265472888946533,1.2600000000000002,"[0.11599999999999999, 0.01000000000000002]",3001000,"[1.16, 0.1000000000000002]",0.011246109008789062,1.3495330810546875,4.54,"[0.22899999999999995, 0.225]",3002000,"[2.2899999999999996, 2.25]",0.011430644989013672,1.3716773986816406,WelfareSolutionConcept,3.8925,2.929866677854131,0.00945617804924647,0.0018862053465002334,1.1347413659095764,0.22634464158002804,COMPLETE
300,4.5249999999999995,2025-06-12 22:39:56.504326,2025-06-12 22:39:59.439282,0 days 00:00:02.934956,13,0.9702061672963995,0.10632569612731933,0.9681265514071663,0.001551378118265709,378,3000796,4.5249999999999995,0.9245674664403887,0.48924999999999996,0.09660324787500675,370.0,4,4.25,"[0.5449999999999999, -0.11999999999999997]",3000796,"[5.449999999999999, -1.1999999999999997]",0.007035514470693227,2.603140354156494,5.3999999999999995,"[0.549, -0.008999999999999994]",3001796,"[5.49, -0.08999999999999994]",0.0069117906931284315,2.5573625564575195,5.319999999999999,"[0.541, -0.008999999999999984]",3002796,"[5.41, -0.08999999999999983]",0.007440396257348963,2.752946615219116,3.1300000000000003,"[0.32200000000000006, -0.008999999999999994]",3003796,"[3.2200000000000006, -0.08999999999999994]",0.007308126784659721,2.7040069103240967,WelfareSolutionConcept,4.8925,0.9660324787500674,0.0071739570514575855,0.0002102908196711319,2.6543641090393066,0.07780760327831884,COMPLETE
301,4.89,2025-06-12 22:40:00.900083,2025-06-12 22:40:03.775217,0 days 00:00:02.875134,12,0.57648196060391,0.09969998696993435,0.9806701587127591,0.04981393850518369,360,3010800,4.89,2.9329592564507263,0.5189999999999999,0.2728232028255661,360.0,4,6.479999999999999,"[0.5449999999999999, 0.10300000000000002]",3010800,"[5.449999999999999, 1.0300000000000002]",0.007427726851569282,2.6739816665649414,0.02000000000000024,"[0.1120000000000001, -0.10999999999999999]",3011800,"[1.120000000000001, -1.0999999999999999]",0.007528310351901584,2.7101917266845703,5.35,"[0.5379999999999999, -0.0029999999999999914]",3012800,"[5.379999999999999, -0.029999999999999916]",0.007279027832878961,2.620450019836426,7.71,"[0.881, -0.10999999999999999]",3013800,"[8.81, -1.0999999999999999]",0.007089246643914117,2.552128791809082,WelfareSolutionConcept,5.1899999999999995,2.728232028255661,0.007331077920065986,0.00016540346567554985,2.639188051223755,0.059545247643197956,COMPLETE
302,3.945,2025-06-12 22:40:03.790395,2025-06-12 22:40:07.089436,0 days 00:00:03.299041,11,0.5549083604066829,0.05900589531007775,0.9715230970883597,0.0023483833404994354,388,3020803,3.945,0.9440736200106432,0.38675000000000004,0.09483769029241489,380.0,4,4.49,"[0.33399999999999996, 0.11499999999999999]",3020803,"[3.34, 1.15]",0.007580316694159257,2.8805203437805176,2.3099999999999996,"[0.331, -0.09999999999999999]",3021803,"[3.31, -0.9999999999999999]",0.008206567638798764,3.1184957027435303,4.47,"[0.33099999999999996, 0.11599999999999992]",3022803,"[3.3099999999999996, 1.1599999999999993]",0.007710375283893786,2.9299426078796387,4.51,"[0.551, -0.09999999999999999]",3023803,"[5.510000000000001, -0.9999999999999999]",0.0076962621588456005,2.924579620361328,WelfareSolutionConcept,3.8675000000000006,0.9483769029241489,0.007798380443924351,0.00024100914783493457,2.9633845686912537,0.09158347617727523,COMPLETE
303,5.73,2025-06-12 22:40:07.107064,2025-06-12 22:40:09.080331,0 days 00:00:01.973267,10,0.6397134462062988,0.1095372284418373,0.9251634157636928,0.019375111241838095,269,3030807,5.73,2.2818851855428663,0.55525,0.10627411491045224,260.0,4,6.75,"[0.659, 0.01600000000000002]",3030807,"[6.59, 0.1600000000000002]",0.006530070304870605,1.6978182792663574,3.57,"[0.44699999999999995, -0.08999999999999998]",3031807,"[4.47, -0.8999999999999998]",0.006574889329763559,1.7094712257385254,3.6100000000000003,"[0.45099999999999996, -0.08999999999999998]",3032807,"[4.51, -0.8999999999999998]",0.0068615161455594575,1.783994197845459,8.99,"[0.664, 0.23500000000000004]",3033807,"[6.640000000000001, 2.3500000000000005]",0.006132965821486253,1.5945711135864258,WelfareSolutionConcept,5.5525,1.0627411491045224,0.006524860400419968,0.000259542139453649,1.696463704109192,0.06748095625794874,COMPLETE
304,1.5424999999999978,2025-06-12 22:40:09.096344,2025-06-12 22:40:15.530506,0 days 00:00:06.434162,42,0.9602298982809574,0.04857268846123721,0.9850399474497373,0.08099785018070352,328,3040809,1.5424999999999978,1.3776678663596684,0.5295,0.17947353565358884,320.0,4,2.9499999999999984,"[0.7050000000000001, -0.41000000000000025]",3040809,"[7.050000000000001, -4.100000000000002]",0.018690768629312515,5.981045961380005,2.8899999999999983,"[0.6990000000000001, -0.41000000000000025]",3041809,"[6.99, -4.100000000000002]",0.019553954154253005,6.257265329360962,0.15999999999999748,"[0.2869999999999999, -0.2710000000000002]",3042809,"[2.869999999999999, -2.7100000000000017]",0.016700848191976547,5.344271421432495,0.1699999999999975,"[0.42699999999999994, -0.41000000000000025]",3043809,"[4.27, -4.100000000000002]",0.018157212436199187,5.81030797958374,WelfareSolutionConcept,5.295,1.7947353565358881,0.018275695852935314,0.001036871878518006,5.8482226729393005,0.33179900112576194,COMPLETE
305,1.0149999999999983,2025-06-12 22:40:15.546089,2025-06-12 22:40:20.292930,0 days 00:00:04.746841,36,0.936728844210891,0.10356292276783527,0.9826511958174521,0.06854471888487679,279,3050815,1.0149999999999983,2.0824564821383427,0.4177499999999999,0.25410566207780566,270.0,4,2.2999999999999985,"[0.5799999999999998, -0.35000000000000014]",3050815,"[5.799999999999999, -3.5000000000000013]",0.0161524357619109,4.361157655715942,-0.29000000000000203,"[0.32099999999999995, -0.35000000000000014]",3051815,"[3.2099999999999995, -3.5000000000000013]",0.015674614906311037,4.2321460247039795,-1.6200000000000023,"[0.052999999999999915, -0.21500000000000014]",3052815,"[0.5299999999999991, -2.1500000000000012]",0.01683567276707402,4.545631647109985,3.669999999999999,"[0.7169999999999999, -0.35000000000000014]",3053815,"[7.169999999999998, -3.5000000000000013]",0.016150428630687573,4.3606157302856445,WelfareSolutionConcept,4.177499999999998,2.541056620778057,0.01620328801649588,0.0004137589263873038,4.374887764453888,0.11171491012457231,COMPLETE
306,6.545,2025-06-12 22:40:21.749788,2025-06-12 22:40:24.579405,0 days 00:00:02.829617,12,0.8135661662933393,0.07585563908728252,0.9943582018053264,0.02304351476532136,350,3060821,6.545,1.7356338899664292,0.46675,0.16417121398101434,350.0,4,7.71,"[0.6609999999999999, 0.11000000000000001]",3060821,"[6.609999999999999, 1.1]",0.007158564840044294,2.505497694015503,5.36,"[0.21700000000000003, 0.31900000000000006]",3061821,"[2.1700000000000004, 3.1900000000000004]",0.007428765296936035,2.6000678539276123,8.709999999999999,"[0.43900000000000006, 0.43200000000000005]",3062821,"[4.390000000000001, 4.32]",0.007227750505719866,2.529712677001953,4.4,"[0.55, -0.10999999999999999]",3063821,"[5.5, -1.0999999999999999]",0.007545020239693778,2.6407570838928223,WelfareSolutionConcept,4.6675,1.641712139810143,0.0073400252205984935,0.00015445973610800728,2.5690088272094727,0.05406090763780246,COMPLETE
307,3.4449999999999985,2025-06-12 22:40:24.595154,2025-06-12 22:40:31.048963,0 days 00:00:06.453809,32,0.5948376934942475,0.06540079603354858,0.9928357407544174,0.045770984810948885,374,3070824,3.4449999999999985,3.364836548779153,0.5007499999999999,0.19056412962569846,370.0,4,7.6899999999999995,"[0.594, 0.17499999999999996]",3070824,"[5.9399999999999995, 1.7499999999999996]",0.015224394282779177,5.633025884628296,5.499999999999999,"[0.73, -0.18000000000000008]",3071824,"[7.3, -1.8000000000000007]",0.015184162114117597,5.618139982223511,-0.9700000000000015,"[0.21299999999999994, -0.3100000000000001]",3072824,"[2.1299999999999994, -3.100000000000001]",0.01698457743670489,6.2842936515808105,1.5599999999999987,"[0.4659999999999999, -0.3100000000000001]",3073824,"[4.659999999999999, -3.100000000000001]",0.01659302453737001,6.139419078826904,WelfareSolutionConcept,5.007499999999999,1.9056412962569846,0.015996539592742918,0.0008043908592445042,5.91871964931488,0.29762461792046674,COMPLETE
308,6.455,2025-06-12 22:40:31.063952,2025-06-12 22:40:34.567673,0 days 00:00:03.503721,13,0.5842158838481067,0.09841444857370915,0.9650198721668685,0.03583980681977239,360,3080831,6.455,2.034471675890328,0.5455,0.077231793971136,360.0,4,5.29,"[0.5369999999999999, -0.007999999999999993]",3080831,"[5.369999999999999, -0.07999999999999993]",0.00910529957877265,3.2779078483581543,9.71,"[0.657, 0.31399999999999995]",3081831,"[6.57, 3.1399999999999997]",0.008616540167066786,3.101954460144043,4.3100000000000005,"[0.43900000000000006, -0.007999999999999993]",3082831,"[4.390000000000001, -0.07999999999999993]",0.007676803403430515,2.7636492252349854,6.51,"[0.5489999999999999, 0.10200000000000005]",3083831,"[5.489999999999999, 1.0200000000000005]",0.009209636847178142,3.315469264984131,WelfareSolutionConcept,5.454999999999999,0.77231793971136,0.008652069999112022,0.0006059507289291548,3.1147451996803284,0.21814226241449572,COMPLETE
309,5.505000000000001,2025-06-12 22:40:34.584081,2025-06-12 22:40:37.343567,0 days 00:00:02.759486,10,0.9479484178406207,0.09134819626334166,0.9906210583954135,0.06006876883029126,383,3090834,5.505000000000001,2.335471044564672,0.5315,0.26850186219093525,380.0,4,6.820000000000001,"[0.772, -0.08999999999999998]",3090834,"[7.720000000000001, -0.8999999999999998]",0.006627852038333291,2.5185837745666504,6.870000000000001,"[0.777, -0.08999999999999998]",3091834,"[7.7700000000000005, -0.8999999999999998]",0.006451253514540823,2.4514763355255127,6.87,"[0.45, 0.23699999999999993]",3092834,"[4.5, 2.369999999999999]",0.006208238476201108,2.359130620956421,1.4600000000000004,"[0.12699999999999997, 0.019000000000000013]",3093834,"[1.2699999999999998, 0.19000000000000014]",0.006774582988337467,2.5743415355682373,WelfareSolutionConcept,5.315,2.6850186219093533,0.006515481754353172,0.0002111185857124949,2.4758830666542053,0.08022506257074803,COMPLETE
310,3.83,2025-06-12 22:40:37.358445,2025-06-12 22:40:40.288852,0 days 00:00:02.930407,12,0.5676165435737384,0.054616329956362196,0.9862683178082792,0.07811705657322587,337,3100837,3.83,1.8635047625375152,0.43875000000000003,0.207411878878718,330.0,4,3.2700000000000005,"[0.437, -0.10999999999999999]",3100837,"[4.37, -1.0999999999999999]",0.008281483794703628,2.7328896522521973,5.48,"[0.6579999999999999, -0.10999999999999999]",3101837,"[6.579999999999999, -1.0999999999999999]",0.008043505206252589,2.6543567180633545,1.02,"[0.10600000000000001, -0.003999999999999992]",3102837,"[1.06, -0.039999999999999925]",0.008321903691147313,2.7462282180786133,5.550000000000001,"[0.554, 0.001000000000000012]",3103837,"[5.540000000000001, 0.01000000000000012]",0.008279502030574913,2.7322356700897217,WelfareSolutionConcept,4.3875,2.0741187887871804,0.00823159868066961,0.00010990610261716768,2.7164275646209717,0.03626901386366528,COMPLETE
311,4.2425,2025-06-12 22:40:41.868222,2025-06-12 22:40:44.679140,0 days 00:00:02.810918,11,0.6512471879751685,0.0712720200252884,0.9805240497639255,0.05312568151217224,369,3110841,4.2425,3.0870323532480186,0.30725,0.24743926022359508,360.0,4,8.82,"[0.551, 0.33099999999999996]",3110841,"[5.510000000000001, 3.3099999999999996]",0.007261196772257487,2.6140308380126953,3.4299999999999993,"[0.33299999999999996, 0.01000000000000002]",3111841,"[3.3299999999999996, 0.1000000000000002]",0.007136510478125678,2.569143772125244,0.19000000000000036,"[-0.09999999999999999, 0.119]",3112841,"[-0.9999999999999999, 1.19]",0.007308259937498305,2.6309735774993896,4.53,"[0.445, 0.00800000000000001]",3113841,"[4.45, 0.0800000000000001]",0.007283927334679498,2.622213840484619,WelfareSolutionConcept,3.0725,2.474392602235951,0.007247473630640242,6.61909991453549e-05,2.609090507030487,0.02382875969232777,COMPLETE
312,4.927499999999999,2025-06-12 22:40:44.695459,2025-06-12 22:40:47.256287,0 days 00:00:02.560828,14,0.9768883256773924,0.0961995729478013,0.9755996586720795,0.04141846945288901,286,3120844,4.927499999999999,3.9962568423463463,0.402,0.27769677707888507,280.0,4,11.799999999999997,"[0.876, 0.304]",3120844,"[8.76, 3.04]",0.007489571401051113,2.0970799922943115,3.040000000000001,"[0.32100000000000006, -0.016999999999999994]",3121844,"[3.210000000000001, -0.16999999999999993]",0.00825020500591823,2.3100574016571045,3.0100000000000002,"[0.20600000000000004, 0.09500000000000003]",3122844,"[2.0600000000000005, 0.9500000000000003]",0.008368372065680368,2.343144178390503,1.8600000000000003,"[0.205, -0.018999999999999996]",3123844,"[2.05, -0.18999999999999995]",0.008455091714859008,2.3674256801605225,WelfareSolutionConcept,4.0200000000000005,2.776967770788851,0.008140810046877181,0.0003829609869530398,2.2794268131256104,0.10722907634685121,COMPLETE
313,3.7474999999999974,2025-06-12 22:40:47.274713,2025-06-12 22:40:54.315866,0 days 00:00:07.041153,47,0.9838746168731338,0.10271553783741505,0.9828066331807662,0.0002069394196662272,345,3130847,3.7474999999999974,0.9327747584492191,0.5887499999999999,0.06370390490385976,340.0,4,4.989999999999997,"[0.5559999999999999, -0.05700000000000016]",3130847,"[5.56, -0.5700000000000016]",0.01964351920520558,6.6787965297698975,3.839999999999998,"[0.6990000000000001, -0.3150000000000002]",3131847,"[6.99, -3.150000000000002]",0.019506130498998304,6.632084369659424,2.359999999999998,"[0.5509999999999999, -0.3150000000000003]",3132847,"[5.51, -3.150000000000003]",0.020091575734755573,6.8311357498168945,3.7999999999999967,"[0.5489999999999999, -0.16900000000000018]",3133847,"[5.489999999999999, -1.6900000000000017]",0.018007749669692097,6.1226348876953125,WelfareSolutionConcept,5.8875,0.6370390490385973,0.01931224377716289,0.0007836451120692669,6.566162884235382,0.2664393381035509,COMPLETE
314,6.3525,2025-06-12 22:40:54.331751,2025-06-12 22:40:57.147877,0 days 00:00:02.816126,11,0.9658103033986599,0.10747655434948854,0.9274888441760002,0.06665314290323172,364,3140854,6.3525,1.7209209017267468,0.4685,0.24406300416081098,360.0,4,6.64,"[0.336, 0.32799999999999996]",3140854,"[3.3600000000000003, 3.2799999999999994]",0.00729200111495124,2.6251204013824463,7.7,"[0.8700000000000001, -0.09999999999999999]",3141854,"[8.700000000000001, -0.9999999999999999]",0.006707356373469035,2.4146482944488525,7.609999999999999,"[0.442, 0.31899999999999995]",3142854,"[4.42, 3.1899999999999995]",0.007302222649256388,2.6288001537323,3.46,"[0.22599999999999992, 0.12000000000000002]",3143854,"[2.2599999999999993, 1.2000000000000002]",0.0070231325096554225,2.528327703475952,WelfareSolutionConcept,4.6850000000000005,2.4406300416081095,0.007081178161833021,0.00024311469010228354,2.5492241382598877,0.08752128843682207,COMPLETE
315,4.272499999999999,2025-06-12 22:40:57.165153,2025-06-12 22:40:59.779644,0 days 00:00:02.614491,13,0.6080149018417916,0.060034089214760646,0.9678419259327736,0.015129296906696472,260,3150857,4.272499999999999,1.3554035376964304,0.3807499999999999,0.12332553466334535,260.0,4,5.37,"[0.434, 0.10300000000000001]",3150857,"[4.34, 1.03]",0.00900863500741812,2.342245101928711,5.389999999999999,"[0.32699999999999996, 0.21200000000000002]",3151857,"[3.2699999999999996, 2.12]",0.00900437465080848,2.341137409210205,2.0600000000000005,"[0.215, -0.008999999999999984]",3152857,"[2.15, -0.08999999999999983]",0.009288795177753155,2.4150867462158203,4.27,"[0.5469999999999999, -0.11999999999999997]",3153857,"[5.469999999999999, -1.1999999999999997]",0.008669130618755634,2.253973960876465,WelfareSolutionConcept,3.8074999999999997,1.2332553466334533,0.008992733863683848,0.00021952204679339917,2.3381108045578003,0.0570757321662838,COMPLETE
316,5.66,2025-06-12 22:41:01.526372,2025-06-12 22:41:04.964151,0 days 00:00:03.437779,12,0.6784506773859396,0.0924064633256355,0.9781952733185258,0.08255924644046646,400,3160861,5.66,2.6867452428542604,0.43525,0.2022107502087859,400.0,4,7.680000000000001,"[0.441, 0.327]",3160861,"[4.41, 3.27]",0.007655699253082276,3.06227970123291,1.08,"[0.10900000000000001, -0.0009999999999999898]",3161861,"[1.09, -0.009999999999999898]",0.007952632904052735,3.1810531616210938,7.459999999999999,"[0.649, 0.097]",3162861,"[6.49, 0.97]",0.008048076629638672,3.2192306518554688,6.42,"[0.542, 0.1]",3163861,"[5.42, 1.0]",0.007696300745010376,3.0785202980041504,WelfareSolutionConcept,4.3525,2.0221075020878585,0.007838177382946015,0.00016627162140940037,3.1352709531784058,0.06650864856376011,COMPLETE
317,4.902500000000001,2025-06-12 22:41:04.978941,2025-06-12 22:41:07.530975,0 days 00:00:02.552034,10,0.6327198532407567,0.0755293652396621,0.9216576078955048,0.0495110333740672,355,3170865,4.902500000000001,1.8832601386956613,0.44775000000000004,0.13065675451349618,350.0,4,6.71,"[0.445, 0.22600000000000003]",3170865,"[4.45, 2.2600000000000002]",0.006519192968096052,2.281717538833618,2.54,"[0.34400000000000003, -0.08999999999999998]",3171865,"[3.4400000000000004, -0.8999999999999998]",0.006590283938816615,2.3065993785858154,6.790000000000002,"[0.662, 0.017000000000000022]",3172865,"[6.62, 0.1700000000000002]",0.0066800437654767715,2.33801531791687,3.57,"[0.34, 0.017000000000000022]",3173865,"[3.4000000000000004, 0.1700000000000002]",0.006650240761893136,2.3275842666625977,WelfareSolutionConcept,4.477500000000001,1.3065675451349616,0.0066099403585706444,6.156312590198826e-05,2.3134791254997253,0.021547094065695948,COMPLETE
318,5.6975,2025-06-12 22:41:07.545760,2025-06-12 22:41:10.063172,0 days 00:00:02.517412,12,0.9543566127868964,0.046483993247713504,0.9878548957430386,0.03854760308773633,210,3180867,5.6975,2.7893850128657394,0.5197499999999999,0.17887198634777884,210.0,4,6.530000000000001,"[0.6519999999999999, 0.001000000000000012]",3180867,"[6.52, 0.01000000000000012]",0.009932876768566313,2.085904121398926,1.1,"[0.22000000000000003, -0.10999999999999999]",3181867,"[2.2, -1.0999999999999999]",0.010439901124863397,2.1923792362213135,6.53,"[0.546, 0.10700000000000003]",3182867,"[5.460000000000001, 1.0700000000000003]",0.009926868620372955,2.0846424102783203,8.629999999999999,"[0.6609999999999999, 0.20200000000000004]",3183867,"[6.609999999999999, 2.0200000000000005]",0.010988319487798782,2.307547092437744,WelfareSolutionConcept,5.1975,1.7887198634777888,0.010321991500400363,0.00043744371957512424,2.167618215084076,0.09186318111077608,COMPLETE
