number,value,datetime_start,datetime_complete,duration,params_episode_length,params_epsilon_max,params_epsilon_min,params_gamma,params_learning_rate,params_num_episodes,user_attrs_base_seed,user_attrs_collective_reward_mean,user_attrs_collective_reward_std,user_attrs_individual_reward_agent0_mean,user_attrs_individual_reward_agent0_std,user_attrs_num_episodes_mean,user_attrs_num_parallel_runs,user_attrs_run_0_collective_reward,user_attrs_run_0_individual_rewards,user_attrs_run_0_seed,user_attrs_run_0_total_individual_rewards,user_attrs_run_0_training_time_per_episode,user_attrs_run_0_training_time_total,user_attrs_run_1_collective_reward,user_attrs_run_1_individual_rewards,user_attrs_run_1_seed,user_attrs_run_1_total_individual_rewards,user_attrs_run_1_training_time_per_episode,user_attrs_run_1_training_time_total,user_attrs_run_2_collective_reward,user_attrs_run_2_individual_rewards,user_attrs_run_2_seed,user_attrs_run_2_total_individual_rewards,user_attrs_run_2_training_time_per_episode,user_attrs_run_2_training_time_total,user_attrs_run_3_collective_reward,user_attrs_run_3_individual_rewards,user_attrs_run_3_seed,user_attrs_run_3_total_individual_rewards,user_attrs_run_3_training_time_per_episode,user_attrs_run_3_training_time_total,user_attrs_solution_concept,user_attrs_total_individual_reward_agent0_mean,user_attrs_total_individual_reward_agent0_std,user_attrs_training_time_per_episode_mean,user_attrs_training_time_per_episode_std,user_attrs_training_time_total_mean,user_attrs_training_time_total_std,state
276,7.277499999999998,2025-06-12 19:07:11.044194,2025-06-12 19:07:30.901001,0 days 00:00:19.856807,39,0.8006499841023438,0.11744862506626101,0.9025429221551107,0.006274454887304174,271,2768031,7.277499999999998,2.1108810364395247,0.855,0.04105484137102481,270.0,4,6.699999999999998,"[0.8109999999999997, -0.14100000000000013]",2768031,"[8.109999999999998, -1.4100000000000013]",0.06904569996727837,18.64233899116516,6.459999999999998,"[0.8959999999999999, -0.25000000000000017]",2769031,"[8.959999999999999, -2.5000000000000018]",0.07265347992932356,19.61643958091736,10.79,"[0.8169999999999998, 0.2619999999999999]",2770031,"[8.169999999999998, 2.619999999999999]",0.06601188359437166,17.823208570480347,5.159999999999998,"[0.8960000000000001, -0.3800000000000002]",2771031,"[8.96, -3.8000000000000025]",0.06957751203466345,18.78592824935913,ParetoSolutionConcept,8.549999999999999,0.41054841371024786,0.06932214388140925,0.002355698259721944,18.7169788479805,0.6360385301249244,COMPLETE
277,7.929999999999999,2025-06-12 19:07:30.916012,2025-06-12 19:07:47.025633,0 days 00:00:16.109621,36,0.5390255995012254,0.1508784877401273,0.9541918023670489,0.0046586374397739015,229,2778050,7.929999999999999,2.1751896469043808,0.7554999999999998,0.20518589132783957,220.0,4,4.459999999999998,"[0.4219999999999999, 0.023999999999999883]",2778050,"[4.219999999999999, 0.23999999999999883]",0.07213295589793813,15.869250297546387,10.0,"[0.9759999999999998, 0.02399999999999989]",2779050,"[9.759999999999998, 0.23999999999999888]",0.06229165142232722,13.704163312911987,7.729999999999998,"[0.7789999999999999, -0.006000000000000083]",2780050,"[7.789999999999999, -0.06000000000000083]",0.06635288758711382,14.597635269165039,9.530000000000001,"[0.845, 0.10799999999999992]",2781050,"[8.45, 1.0799999999999992]",0.06440941853956743,14.170072078704834,ParetoSolutionConcept,7.554999999999999,2.0518589132783958,0.06629672836173665,0.003662897943171395,14.585280239582062,0.8058375474977068,COMPLETE
278,7.6575,2025-06-12 19:07:47.040566,2025-06-12 19:08:15.243913,0 days 00:00:28.203347,29,0.5158567247273729,0.09821364573918201,0.9491029346903954,0.0006895791169170078,485,2788067,7.6575,3.502758734197947,0.65675,0.14819982287438815,480.0,4,8.87,"[0.6749999999999999, 0.2119999999999999]",2788067,"[6.749999999999999, 2.119999999999999]",0.05179501424233119,24.86160683631897,2.699999999999999,"[0.42299999999999993, -0.15300000000000005]",2789067,"[4.2299999999999995, -1.5300000000000005]",0.05835937956968943,28.012502193450928,12.36,"[0.8340000000000002, 0.40199999999999997]",2790067,"[8.340000000000002, 4.02]",0.048573316136995955,23.315191745758057,6.699999999999999,"[0.695, -0.02500000000000006]",2791067,"[6.949999999999999, -0.2500000000000006]",0.04985040873289108,23.92819619178772,ParetoSolutionConcept,6.5675,1.4819982287438813,0.05214452967047692,0.0037670637531849985,25.02937424182892,1.8081906015287998,COMPLETE
279,7.222499999999998,2025-06-12 19:08:15.258938,2025-06-12 19:08:44.555749,0 days 00:00:29.296811,36,0.6018091286182835,0.13509710229914465,0.9503176013208389,0.00010617755346425691,473,2798095,7.222499999999998,1.778740776504547,0.7242499999999998,0.1812930983242329,470.0,4,7.54,"[0.8539999999999999, -0.10000000000000012]",2798095,"[8.54, -1.000000000000001]",0.06171378074808324,29.00547695159912,9.859999999999998,"[0.9469999999999998, 0.038999999999999896]",2799095,"[9.469999999999999, 0.38999999999999896]",0.05919975321343605,27.82388401031494,4.959999999999998,"[0.586, -0.09000000000000012]",2800095,"[5.859999999999999, -0.9000000000000012]",0.05645394933984635,26.533356189727783,6.529999999999999,"[0.51, 0.14299999999999993]",2801095,"[5.1, 1.4299999999999993]",0.061916633869739286,29.100817918777466,ParetoSolutionConcept,7.2425,1.8129309832423293,0.05982102929277623,0.002219080777638452,28.115883767604828,1.042967965490073,COMPLETE
280,8.702499999999999,2025-06-12 19:08:44.570642,2025-06-12 19:09:15.169191,0 days 00:00:30.598549,38,0.5255006156941904,0.14405861588862523,0.9464661947708057,0.0011968970947174038,494,2808124,8.702499999999999,1.7105024846518058,0.8525,0.1130276514840506,490.0,4,10.999999999999998,"[0.959, 0.1409999999999999]",2808124,"[9.59, 1.409999999999999]",0.051787507290742836,25.37587857246399,7.029999999999999,"[0.9400000000000001, -0.23700000000000015]",2809124,"[9.4, -2.3700000000000014]",0.05990304119732915,29.352490186691284,7.079999999999998,"[0.8370000000000001, -0.12900000000000014]",2810124,"[8.370000000000001, -1.2900000000000014]",0.05441662632689184,26.664146900177002,9.700000000000001,"[0.6739999999999999, 0.29599999999999993]",2811124,"[6.739999999999999, 2.959999999999999]",0.06196854406473588,30.36458659172058,ParetoSolutionConcept,8.525,1.130276514840506,0.05701892971992493,0.004091348944981168,27.939275562763214,2.004760983040773,COMPLETE
281,8.114999999999998,2025-06-12 19:09:16.466558,2025-06-12 19:09:42.486219,0 days 00:00:26.019661,37,0.5633574141628599,0.11398641448208559,0.9151269565019755,0.013375469082765193,448,2818156,8.114999999999998,4.568689637084139,0.66925,0.22040233097678438,440.0,4,1.8799999999999986,"[0.2999999999999998, -0.11200000000000013]",2818156,"[2.9999999999999982, -1.1200000000000012]",0.055257395180788905,24.31325387954712,5.829999999999997,"[0.8370000000000001, -0.2540000000000001]",2819156,"[8.370000000000001, -2.540000000000001]",0.05251152352853255,23.10507035255432,13.62,"[0.8389999999999999, 0.5229999999999999]",2820156,"[8.389999999999999, 5.229999999999999]",0.058598708022724495,25.78343152999878,11.129999999999999,"[0.701, 0.4119999999999999]",2821156,"[7.01, 4.119999999999999]",0.05316332470286976,23.391862869262695,ParetoSolutionConcept,6.692499999999999,2.204023309767844,0.05488273785872892,0.0023731751604627,24.14840465784073,1.0441970706035884,COMPLETE
282,7.959999999999999,2025-06-12 19:09:42.500651,2025-06-12 19:10:10.281439,0 days 00:00:27.780788,36,0.5011400789380995,0.1259709233331024,0.9113324647955264,0.011855652938419321,478,2828182,7.959999999999999,1.1147869751661075,0.6944999999999999,0.15461322711851014,470.0,4,7.349999999999999,"[0.5609999999999998, 0.17399999999999996]",2828182,"[5.6099999999999985, 1.7399999999999995]",0.055702008592321516,26.179944038391113,7.47,"[0.5759999999999998, 0.17099999999999993]",2829182,"[5.759999999999998, 1.7099999999999993]",0.05274431756202211,24.78982925415039,7.14,"[0.6939999999999998, 0.019999999999999896]",2830182,"[6.939999999999999, 0.19999999999999896]",0.05870123974820401,27.589582681655884,9.879999999999999,"[0.9469999999999998, 0.0409999999999999]",2831182,"[9.469999999999999, 0.409999999999999]",0.051862137368384825,24.37520456314087,ParetoSolutionConcept,6.9449999999999985,1.5461322711851015,0.05475242581773312,0.002687057172371237,25.733640134334564,1.2629168710144811,COMPLETE
283,8.594999999999999,2025-06-12 19:10:10.296730,2025-06-12 19:10:42.326842,0 days 00:00:32.030112,40,0.5906712082911482,0.14765889109181785,0.9169174464076228,0.00620981716337338,500,2838210,8.594999999999999,2.330509600924227,0.8212499999999998,0.16241824866682933,500.0,4,12.229999999999999,"[0.8219999999999998, 0.40099999999999997]",2838210,"[8.219999999999999, 4.01]",0.05396482276916504,26.98241138458252,5.729999999999999,"[0.5559999999999998, 0.016999999999999876]",2839210,"[5.559999999999999, 0.16999999999999876]",0.06365808010101319,31.829040050506592,8.27,"[0.9629999999999999, -0.13600000000000018]",2840210,"[9.629999999999999, -1.3600000000000017]",0.05668382883071899,28.341914415359497,8.149999999999999,"[0.944, -0.12900000000000017]",2841210,"[9.44, -1.2900000000000018]",0.0619575777053833,30.97878885269165,ParetoSolutionConcept,8.212499999999999,1.6241824866682932,0.05906607735157013,0.003909768851115136,29.533038675785065,1.954884425557567,COMPLETE
284,7.014999999999999,2025-06-12 19:10:42.341730,2025-06-12 19:11:13.038697,0 days 00:00:30.696967,38,0.5804421206517939,0.13119771801080504,0.9067240491738005,0.007818195506153652,462,2848242,7.014999999999999,1.4216451737335873,0.585,0.18976301009416982,460.0,4,6.9399999999999995,"[0.5329999999999999, 0.1609999999999999]",2848242,"[5.329999999999999, 1.609999999999999]",0.06630816718806391,30.5017569065094,8.16,"[0.6669999999999999, 0.14899999999999994]",2849242,"[6.669999999999999, 1.4899999999999993]",0.06076539599377176,27.95208215713501,8.239999999999998,"[0.829, -0.0050000000000001155]",2850242,"[8.29, -0.050000000000001155]",0.062170627324477486,28.598488569259644,4.719999999999998,"[0.31099999999999994, 0.1609999999999999]",2851242,"[3.1099999999999994, 1.609999999999999]",0.060237106551294745,27.70906901359558,ParetoSolutionConcept,5.85,1.8976301009416983,0.06237032426440197,0.0023808033478550966,28.69034916162491,1.0951695400133443,COMPLETE
285,9.3325,2025-06-12 19:11:13.054264,2025-06-12 19:11:47.824980,0 days 00:00:34.770716,42,0.5458693885640132,0.12196369905325759,0.9519104489245593,0.0009114503177536506,487,2858273,9.3325,1.062152884475677,0.8945,0.04559879384369722,480.0,4,8.999999999999998,"[0.9269999999999999, -0.027000000000000142]",2858273,"[9.27, -0.2700000000000014]",0.06803394258022308,32.65629243850708,9.54,"[0.906, 0.04799999999999986]",2859273,"[9.06, 0.47999999999999865]",0.07203581730524698,34.577192306518555,10.87,"[0.817, 0.2699999999999999]",2860273,"[8.17, 2.6999999999999993]",0.059525812168916066,28.572389841079712,7.919999999999998,"[0.9279999999999999, -0.13600000000000015]",2861273,"[9.28, -1.3600000000000014]",0.06987573802471161,33.54035425186157,ParetoSolutionConcept,8.945,0.4559879384369721,0.06736782751977444,0.004743960839185572,32.33655720949173,2.277101202809075,COMPLETE
286,8.197499999999998,2025-06-12 19:11:49.243446,2025-06-12 19:12:17.475715,0 days 00:00:28.232269,37,0.7490955576000979,0.13833026685269115,0.9133936605088153,0.0007991581098797447,468,2868309,8.197499999999998,1.1256192739998734,0.888,0.07169030617872972,460.0,4,8.709999999999999,"[0.9710000000000001, -0.10000000000000012]",2868309,"[9.71, -1.000000000000001]",0.05369836921277254,24.701249837875366,7.119999999999998,"[0.8039999999999999, -0.09200000000000011]",2869309,"[8.04, -0.920000000000001]",0.060946862075639804,28.03555655479431,7.159999999999998,"[0.8309999999999998, -0.11500000000000013]",2870309,"[8.309999999999999, -1.1500000000000012]",0.059273906376050865,27.2659969329834,9.8,"[0.9460000000000001, 0.0339999999999999]",2871309,"[9.46, 0.33999999999999897]",0.055923019284787386,25.724588871002197,ParetoSolutionConcept,8.879999999999999,0.7169030617872972,0.05746053923731265,0.002826687027726034,26.43184804916382,1.3002760327539766,COMPLETE
287,8.107499999999998,2025-06-12 19:12:17.490238,2025-06-12 19:12:46.463537,0 days 00:00:28.973299,39,0.8198113689890848,0.16541853515075025,0.9085492303303588,0.005534945607107577,479,2878337,8.107499999999998,1.8255872342892852,0.6385,0.21993237597043333,470.0,4,9.04,"[0.9260000000000002, -0.022000000000000138]",2878337,"[9.260000000000002, -0.22000000000000136]",0.050848574334002555,23.8988299369812,6.929999999999998,"[0.41499999999999987, 0.2779999999999999]",2879337,"[4.149999999999999, 2.7799999999999994]",0.056812867712467276,26.70204782485962,5.879999999999998,"[0.43499999999999994, 0.15299999999999989]",2880337,"[4.35, 1.529999999999999]",0.05869802515557472,27.588071823120117,10.579999999999998,"[0.778, 0.27999999999999986]",2881337,"[7.78, 2.7999999999999985]",0.061139633300456596,28.7356276512146,ParetoSolutionConcept,6.385,2.1993237597043334,0.05687477512562528,0.0038023737464870024,26.731144309043884,1.7871156608488907,COMPLETE
288,8.299999999999999,2025-06-12 19:12:46.478465,2025-06-12 19:13:13.694497,0 days 00:00:27.216032,36,0.7100874893613325,0.15285949802301688,0.926068196800689,0.0069836359738343606,490,2888366,8.299999999999999,3.1411144519103416,0.83775,0.11517459572318897,490.0,4,6.859999999999998,"[0.6779999999999998, 0.007999999999999906]",2888366,"[6.7799999999999985, 0.07999999999999907]",0.053275708762966854,26.10509729385376,13.66,"[0.975, 0.39099999999999996]",2889366,"[9.75, 3.9099999999999997]",0.04993311191091732,24.467224836349487,7.039999999999999,"[0.7839999999999999, -0.08000000000000011]",2890366,"[7.839999999999999, -0.8000000000000012]",0.05452029899675019,26.714946508407593,5.639999999999998,"[0.914, -0.35000000000000014]",2891366,"[9.14, -3.5000000000000013]",0.05515940092047866,27.028106451034546,ParetoSolutionConcept,8.3775,1.1517459572318895,0.053222130147778254,0.0020161083823550803,26.078843772411346,0.9878931073539899,COMPLETE
289,7.724999999999999,2025-06-12 19:13:13.709351,2025-06-12 19:13:42.246156,0 days 00:00:28.536805,34,0.5602538836040669,0.1066178998004065,0.9227515596581242,0.0010829613527589962,471,2898393,7.724999999999999,2.451994086452902,0.6802499999999998,0.20665233485252474,470.0,4,9.729999999999999,"[0.9139999999999999, 0.05899999999999992]",2898393,"[9.139999999999999, 0.5899999999999992]",0.05202560171167901,24.452032804489136,10.43,"[0.8539999999999999, 0.18899999999999992]",2899393,"[8.54, 1.8899999999999992]",0.05374415326625743,25.25975203514099,4.469999999999998,"[0.5149999999999999, -0.06800000000000009]",2900393,"[5.149999999999999, -0.6800000000000008]",0.0603032335321954,28.342519760131836,6.27,"[0.4379999999999999, 0.18899999999999992]",2901393,"[4.379999999999999, 1.8899999999999992]",0.05758807506967098,27.06639528274536,ParetoSolutionConcept,6.802499999999999,2.066523348525247,0.05591526589495071,0.003236347015758398,26.28017497062683,1.521083097406447,COMPLETE
290,9.079999999999998,2025-06-12 19:13:42.263212,2025-06-12 19:14:07.308047,0 days 00:00:25.044835,38,0.8650841198099478,0.11668603423066355,0.9459068339305419,0.010818560149937045,405,2908422,9.079999999999998,2.7910571473905725,0.85575,0.10558734535918594,400.0,4,13.459999999999999,"[0.933, 0.413]",2908422,"[9.33, 4.13]",0.04930531322956085,19.72212529182434,8.739999999999998,"[0.975, -0.10100000000000013]",2909422,"[9.75, -1.0100000000000013]",0.0621050363779068,24.84201455116272,5.699999999999999,"[0.707, -0.13700000000000012]",2910422,"[7.069999999999999, -1.3700000000000012]",0.054905242323875426,21.96209692955017,8.419999999999998,"[0.808, 0.03399999999999989]",2911422,"[8.08, 0.3399999999999989]",0.06014355063438415,24.057420253753662,ParetoSolutionConcept,8.5575,1.0558734535918595,0.056614785641431804,0.004973579214694243,22.645914256572723,1.9894316858776977,COMPLETE
291,8.485,2025-06-12 19:14:08.770840,2025-06-12 19:14:38.217644,0 days 00:00:29.446804,35,0.6231006705406239,0.1566127894564646,0.9570840010320266,0.008756572400647868,482,2918448,8.485,1.339449513792886,0.8005,0.10465538686565543,480.0,4,7.399999999999999,"[0.8290000000000001, -0.0890000000000001]",2918448,"[8.290000000000001, -0.890000000000001]",0.0609082226951917,29.235946893692017,7.419999999999999,"[0.959, -0.21700000000000014]",2919448,"[9.59, -2.1700000000000013]",0.057919408877690634,27.801316261291504,8.43,"[0.721, 0.12199999999999991]",2920448,"[7.21, 1.219999999999999]",0.057033722599347435,27.376186847686768,10.689999999999998,"[0.693, 0.376]",2921448,"[6.93, 3.76]",0.057400964200496674,27.552462816238403,ParetoSolutionConcept,8.005,1.0465538686565543,0.058315579593181614,0.001529577405641093,27.991478204727173,0.734197154707725,COMPLETE
292,8.044999999999998,2025-06-12 19:14:38.232994,2025-06-12 19:15:12.411575,0 days 00:00:34.178581,41,0.570791403789231,0.1436858410885319,0.9532067453614195,0.00794830837811246,460,2928478,8.044999999999998,1.587364167417168,0.6912499999999999,0.09460014534872559,460.0,4,10.479999999999997,"[0.675, 0.3729999999999999]",2928478,"[6.75, 3.7299999999999986]",0.061398601013681164,28.243356466293335,7.809999999999999,"[0.7770000000000001, 0.003999999999999881]",2929478,"[7.770000000000001, 0.039999999999998814]",0.07387659031411876,33.98323154449463,6.0299999999999985,"[0.7699999999999999, -0.16700000000000015]",2930478,"[7.699999999999999, -1.6700000000000015]",0.0701571366061335,32.27228283882141,7.859999999999998,"[0.5429999999999999, 0.24299999999999988]",2931478,"[5.43, 2.429999999999999]",0.06788934987524281,31.229100942611694,ParetoSolutionConcept,6.9125,0.9460014534872557,0.06833041945229405,0.00453711240841514,31.431992948055267,2.087071707870964,COMPLETE
293,7.722499999999998,2025-06-12 19:15:12.426772,2025-06-12 19:15:41.158861,0 days 00:00:28.732089,37,0.532106909939141,0.12713634511739474,0.9177415905688738,0.0006504493274070357,453,2938512,7.722499999999998,3.1002449499999187,0.7522499999999999,0.08532401479067903,450.0,4,5.519999999999999,"[0.6569999999999999, -0.10500000000000012]",2938512,"[6.569999999999999, -1.0500000000000012]",0.06340916474660238,28.53412413597107,4.559999999999999,"[0.8160000000000001, -0.3600000000000002]",2939512,"[8.16, -3.6000000000000023]",0.06132834487491184,27.597755193710327,12.549999999999999,"[0.8560000000000001, 0.3989999999999999]",2940512,"[8.56, 3.9899999999999993]",0.06279958724975586,28.259814262390137,8.259999999999998,"[0.6799999999999999, 0.14599999999999996]",2941512,"[6.799999999999999, 1.4599999999999995]",0.061523392995198566,27.685526847839355,ParetoSolutionConcept,7.522499999999999,0.8532401479067901,0.06226512246661716,0.0008692238215645916,28.019305109977722,0.3911507197040652,COMPLETE
294,7.662499999999998,2025-06-12 19:15:41.173851,2025-06-12 19:16:12.339487,0 days 00:00:31.165636,39,0.8298493580288282,0.14917200664598584,0.9478718198984465,0.0013233275595481257,488,2948541,7.662499999999998,1.9082763819740576,0.6910000000000001,0.17287278559680824,480.0,4,6.339999999999998,"[0.688, -0.05400000000000014]",2948541,"[6.879999999999999, -0.5400000000000014]",0.05995841870705287,28.780040979385376,10.499999999999998,"[0.8440000000000001, 0.2059999999999999]",2949541,"[8.440000000000001, 2.059999999999999]",0.06383586525917054,30.641215324401855,5.559999999999999,"[0.40999999999999986, 0.14599999999999988]",2950541,"[4.099999999999999, 1.4599999999999989]",0.06186629186073939,29.695820093154907,8.249999999999998,"[0.8220000000000001, 0.0029999999999998804]",2951541,"[8.22, 0.029999999999998805]",0.06449185460805892,30.956090211868286,ParetoSolutionConcept,6.91,1.7287278559680823,0.06253810760875543,0.001775347394550435,30.018291652202606,0.8521667493842092,COMPLETE
295,11.577499999999999,2025-06-12 19:16:12.355228,2025-06-12 19:16:39.694057,0 days 00:00:27.338829,35,0.5867662266660431,0.12130331927241267,0.9096899956050124,0.0009351048273124919,438,2958572,11.577499999999999,1.9673634005948173,0.64225,0.2180806903419008,430.0,4,10.549999999999999,"[0.2839999999999999, 0.7710000000000001]",2958572,"[2.839999999999999, 7.710000000000001]",0.06302131054013274,27.09916353225708,14.3,"[0.812, 0.618]",2959572,"[8.120000000000001, 6.18]",0.06125286956166112,26.338733911514282,9.059999999999999,"[0.6489999999999999, 0.25699999999999995]",2960572,"[6.489999999999999, 2.5699999999999994]",0.06166690005812534,26.516767024993896,12.4,"[0.8240000000000001, 0.4159999999999999]",2961572,"[8.24, 4.159999999999999]",0.05641923616098803,24.260271549224854,ParetoSolutionConcept,6.422499999999999,2.180806903419008,0.06059007908022681,0.002495278126247796,26.053734004497528,1.072969594286553,COMPLETE
296,4.924999999999999,2025-06-12 19:16:41.105722,2025-06-12 19:17:08.649085,0 days 00:00:27.543363,36,0.5895558341958425,0.12317801669386048,0.9111225861007263,0.0009682675886731303,437,2968601,4.924999999999999,1.1830152154558284,0.5932499999999999,0.19809009944972011,430.0,4,3.069999999999998,"[0.2779999999999999, 0.028999999999999897]",2968601,"[2.7799999999999994, 0.289999999999999]",0.06332890765611515,27.231430292129517,6.089999999999998,"[0.7159999999999999, -0.1070000000000001]",2969601,"[7.159999999999998, -1.070000000000001]",0.05581089175024698,23.9986834526062,4.739999999999999,"[0.58, -0.10600000000000012]",2970601,"[5.8, -1.0600000000000012]",0.057003199776937796,24.511375904083252,5.799999999999999,"[0.7989999999999999, -0.21900000000000014]",2971601,"[7.989999999999999, -2.1900000000000013]",0.055719348996184595,23.959320068359375,ParetoSolutionConcept,5.932499999999999,1.980900994497201,0.057965587044871134,0.003137662123959402,24.925202429294586,1.3491947133025433,COMPLETE
