number,value,datetime_start,datetime_complete,duration,params_episode_length,params_epsilon_max,params_epsilon_min,params_gamma,params_learning_rate,params_num_episodes,user_attrs_base_seed,user_attrs_collective_reward_mean,user_attrs_collective_reward_std,user_attrs_individual_reward_agent0_mean,user_attrs_individual_reward_agent0_std,user_attrs_num_episodes_mean,user_attrs_num_parallel_runs,user_attrs_run_0_collective_reward,user_attrs_run_0_individual_rewards,user_attrs_run_0_seed,user_attrs_run_0_total_individual_rewards,user_attrs_run_0_training_time_per_episode,user_attrs_run_0_training_time_total,user_attrs_run_1_collective_reward,user_attrs_run_1_individual_rewards,user_attrs_run_1_seed,user_attrs_run_1_total_individual_rewards,user_attrs_run_1_training_time_per_episode,user_attrs_run_1_training_time_total,user_attrs_run_2_collective_reward,user_attrs_run_2_individual_rewards,user_attrs_run_2_seed,user_attrs_run_2_total_individual_rewards,user_attrs_run_2_training_time_per_episode,user_attrs_run_2_training_time_total,user_attrs_run_3_collective_reward,user_attrs_run_3_individual_rewards,user_attrs_run_3_seed,user_attrs_run_3_total_individual_rewards,user_attrs_run_3_training_time_per_episode,user_attrs_run_3_training_time_total,user_attrs_solution_concept,user_attrs_total_individual_reward_agent0_mean,user_attrs_total_individual_reward_agent0_std,user_attrs_training_time_per_episode_mean,user_attrs_training_time_per_episode_std,user_attrs_training_time_total_mean,user_attrs_training_time_total_std,state
199,5.847499999999998,2025-06-12 21:29:17.606888,2025-06-12 21:29:22.032444,0 days 00:00:04.425556,44,0.6700398319137553,0.10051184669316807,0.9770617819929424,0.001065773461308016,200,1996557,5.847499999999998,3.396434711576244,0.1292499999999999,0.21530951558163897,200.0,4,4.549999999999997,"[0.024999999999999845, 0.4299999999999998]",1996557,"[0.24999999999999845, 4.299999999999998]",0.01956233024597168,3.912466049194336,2.6199999999999974,"[0.06499999999999989, 0.1969999999999999]",1997557,"[0.6499999999999989, 1.9699999999999989]",0.021332019567489625,4.266403913497925,11.559999999999999,"[0.493, 0.6629999999999999]",1998557,"[4.93, 6.629999999999999]",0.018949022293090822,3.789804458618164,4.659999999999999,"[-0.06600000000000017, 0.5319999999999999]",1999557,"[-0.6600000000000017, 5.319999999999999]",0.019850921630859376,3.970184326171875,MinimaxSolutionConcept,1.2924999999999989,2.1530951558163895,0.019923573434352877,0.0008759630931988095,3.984714686870575,0.17519261863976188,COMPLETE
200,9.957499999999998,2025-06-12 21:29:22.046693,2025-06-12 21:29:25.554460,0 days 00:00:03.507767,45,0.62534672582112,0.08593275999977847,0.9810441694425792,0.0005631895397744998,158,2006562,9.957499999999998,2.3914783607634833,0.4782499999999999,0.09614409758274296,150.0,4,10.589999999999996,"[0.43699999999999994, 0.6219999999999999]",2006562,"[4.369999999999999, 6.219999999999999]",0.022278566360473633,3.341784954071045,13.209999999999997,"[0.5629999999999998, 0.7579999999999999]",2007562,"[5.629999999999998, 7.579999999999999]",0.02059261163075765,3.0888917446136475,6.539999999999998,"[0.33999999999999986, 0.3139999999999999]",2008562,"[3.3999999999999986, 3.139999999999999]",0.0214253568649292,3.21380352973938,9.489999999999998,"[0.573, 0.3759999999999999]",2009562,"[5.7299999999999995, 3.759999999999999]",0.0202255646387736,3.03383469581604,MinimaxSolutionConcept,4.782499999999999,0.9614409758274297,0.021130524873733524,0.0007926583189080253,3.169578731060028,0.11889874783620383,COMPLETE
201,7.967499999999998,2025-06-12 21:29:26.526534,2025-06-12 21:29:29.919320,0 days 00:00:03.392786,45,0.6244845171926294,0.08765011244089696,0.9828371733847471,0.0005611172013658264,155,2016566,7.967499999999998,1.018930198786943,0.43724999999999986,0.10981205534912822,150.0,4,6.839999999999998,"[0.4889999999999999, 0.19499999999999978]",2016566,"[4.889999999999999, 1.949999999999998]",0.02146922747294108,3.220384120941162,9.549999999999997,"[0.5919999999999999, 0.3629999999999999]",2017566,"[5.919999999999998, 3.629999999999999]",0.020385502179463704,3.0578253269195557,7.369999999999999,"[0.34599999999999986, 0.3909999999999999]",2018566,"[3.4599999999999986, 3.9099999999999993]",0.02112078825632731,3.1681182384490967,8.11,"[0.32199999999999984, 0.489]",2019566,"[3.2199999999999984, 4.89]",0.020320593516031903,3.048089027404785,MinimaxSolutionConcept,4.372499999999999,1.0981205534912821,0.020824027856191002,0.00048736541335636223,3.12360417842865,0.07310481200345446,COMPLETE
202,6.269999999999998,2025-06-12 21:29:29.934147,2025-06-12 21:29:34.286278,0 days 00:00:04.352131,46,0.6353688763366864,0.08244185544260438,0.9798617315700429,0.0006679910339349109,185,2026569,6.269999999999998,2.473428794204514,0.28649999999999987,0.19902952042347893,180.0,4,4.759999999999998,"[0.16899999999999987, 0.3069999999999999]",2026569,"[1.6899999999999986, 3.069999999999999]",0.02231062650680542,4.015912771224976,10.549999999999995,"[0.631, 0.42399999999999993]",2027569,"[6.3100000000000005, 4.239999999999999]",0.021682221359676786,3.9027998447418213,5.019999999999998,"[0.16299999999999987, 0.33899999999999986]",2028569,"[1.6299999999999986, 3.389999999999999]",0.02323779265085856,4.182802677154541,4.749999999999998,"[0.18299999999999988, 0.2919999999999999]",2029569,"[1.8299999999999987, 2.919999999999999]",0.02311468389299181,4.160643100738525,MinimaxSolutionConcept,2.864999999999999,1.9902952042347897,0.022586331102583145,0.0006318596108640719,4.065539598464966,0.11373472995553296,COMPLETE
203,8.532499999999997,2025-06-12 21:29:34.300744,2025-06-12 21:29:37.828741,0 days 00:00:03.527997,47,0.6114890951251869,0.07342427312592571,0.9811864541300116,0.05004729010302458,145,2036574,8.532499999999997,2.022095138711333,0.3547499999999999,0.16812551115163937,140.0,4,7.9999999999999964,"[0.4659999999999999, 0.3339999999999999]",2036574,"[4.659999999999999, 3.339999999999999]",0.02390418222972325,3.346585512161255,11.639999999999999,"[0.477, 0.6869999999999999]",2037574,"[4.77, 6.869999999999999]",0.021535963671548027,3.0150349140167236,5.9999999999999964,"[0.06699999999999984, 0.533]",2038574,"[0.6699999999999984, 5.33]",0.02184576988220215,3.058407783508301,8.489999999999997,"[0.4089999999999999, 0.43999999999999984]",2039574,"[4.089999999999999, 4.399999999999999]",0.022905404227120535,3.206756591796875,MinimaxSolutionConcept,3.5474999999999994,1.6812551115163938,0.02254783000264849,0.0009333156720308098,3.1566962003707886,0.1306641940843134,COMPLETE
204,7.807499999999998,2025-06-12 21:29:37.844112,2025-06-12 21:29:41.430919,0 days 00:00:03.586807,48,0.6112214262335668,0.0735197245209181,0.9813311807230688,0.065637266098425,146,2046577,7.807499999999998,1.8554025843465896,0.3444999999999998,0.13669765908749132,140.0,4,6.069999999999998,"[0.20999999999999983, 0.3969999999999999]",2046577,"[2.0999999999999983, 3.969999999999999]",0.02268711498805455,3.1761960983276367,6.969999999999997,"[0.3009999999999999, 0.39599999999999996]",2047577,"[3.009999999999999, 3.9599999999999995]",0.022485593387058803,3.1479830741882324,7.259999999999997,"[0.2939999999999999, 0.4319999999999998]",2048577,"[2.9399999999999986, 4.319999999999998]",0.024176280839102608,3.3846793174743652,10.93,"[0.5729999999999998, 0.5199999999999998]",2049577,"[5.729999999999999, 5.1999999999999975]",0.0222744311605181,3.118420362472534,MinimaxSolutionConcept,3.444999999999999,1.3669765908749134,0.02290585509368351,0.0007478544132823292,3.206819713115692,0.10469961785952611,COMPLETE
205,11.067499999999999,2025-06-12 21:29:41.445534,2025-06-12 21:29:44.876587,0 days 00:00:03.431053,42,0.62439147416255,0.08073270445320767,0.9879994331002274,0.04999441192483881,166,2056581,11.067499999999999,3.0884249626630083,0.48324999999999996,0.21271151238238145,160.0,4,14.120000000000001,"[0.623, 0.789]",2056581,"[6.23, 7.890000000000001]",0.018881016969680788,3.020962715148926,6.399999999999999,"[0.1929999999999999, 0.4469999999999999]",2057581,"[1.9299999999999988, 4.469999999999999]",0.01969016492366791,3.1504263877868652,13.569999999999999,"[0.74, 0.617]",2058581,"[7.4, 6.17]",0.020426996052265167,3.2683193683624268,10.18,"[0.37699999999999995, 0.641]",2059581,"[3.7699999999999996, 6.41]",0.019695430994033813,3.15126895904541,MinimaxSolutionConcept,4.8325,2.1271151238238146,0.01967340223491192,0.0005469333378189778,3.147744357585907,0.08750933405103652,COMPLETE
206,6.654999999999998,2025-06-12 21:29:45.896956,2025-06-12 21:29:49.416973,0 days 00:00:03.520017,42,0.6317052295770047,0.07650581539981946,0.9897210403582465,0.032123711962051334,164,2066585,6.654999999999998,2.4938173549801115,0.3932499999999999,0.24766143724851475,160.0,4,5.999999999999998,"[0.30299999999999994, 0.29699999999999993]",2066585,"[3.0299999999999994, 2.9699999999999993]",0.020567791163921358,3.290846586227417,4.459999999999998,"[0.06199999999999987, 0.38399999999999995]",2067585,"[0.6199999999999987, 3.8399999999999994]",0.019795309007167815,3.1672494411468506,5.289999999999997,"[0.46499999999999986, 0.06399999999999988]",2068585,"[4.649999999999999, 0.6399999999999988]",0.02020258456468582,3.2324135303497314,10.869999999999997,"[0.743, 0.3439999999999999]",2069585,"[7.43, 3.439999999999999]",0.01942104548215866,3.1073672771453857,MinimaxSolutionConcept,3.932499999999999,2.4766143724851477,0.019996682554483412,0.00043025284024995517,3.199469208717346,0.06884045443999277,COMPLETE
207,4.054999999999998,2025-06-12 21:29:49.432010,2025-06-12 21:29:53.293063,0 days 00:00:03.861053,45,0.617638016612651,0.08235368558540722,0.986655914718453,0.04499875985039273,160,2076589,4.054999999999998,1.8133601407332194,0.21024999999999988,0.13256767139842202,160.0,4,2.7799999999999976,"[0.08399999999999988, 0.19399999999999987]",2076589,"[0.8399999999999987, 1.9399999999999986]",0.021589279174804688,3.45428466796875,1.9199999999999975,"[0.3539999999999999, -0.16200000000000017]",2077589,"[3.539999999999999, -1.6200000000000017]",0.021475663781166075,3.4361062049865723,4.999999999999998,"[0.07199999999999988, 0.4279999999999998]",2078589,"[0.7199999999999989, 4.2799999999999985]",0.023108142614364623,3.69730281829834,6.519999999999998,"[0.33099999999999985, 0.32099999999999984]",2079589,"[3.3099999999999987, 3.209999999999998]",0.0214266762137413,3.4282681941986084,MinimaxSolutionConcept,2.102499999999999,1.3256767139842203,0.021899940446019173,0.0007000451104964021,3.5039904713630676,0.11200721767942431,COMPLETE
208,7.064999999999999,2025-06-12 21:29:53.307417,2025-06-12 21:29:56.417379,0 days 00:00:03.109962,43,0.656592266877294,0.07925391553871013,0.9858839240502572,0.0496203854403273,148,2086593,7.064999999999999,2.508809478617299,0.38724999999999987,0.21083568839264386,140.0,4,3.8599999999999977,"[0.2159999999999999, 0.16999999999999987]",2086593,"[2.159999999999999, 1.6999999999999988]",0.020355352333613803,2.8497493267059326,9.399999999999999,"[0.736, 0.2039999999999999]",2087593,"[7.359999999999999, 2.039999999999999]",0.020101077216012137,2.814150810241699,5.369999999999997,"[0.2239999999999999, 0.31299999999999983]",2088593,"[2.239999999999999, 3.129999999999998]",0.021008273533412388,2.9411582946777344,9.629999999999999,"[0.3729999999999999, 0.5899999999999999]",2089593,"[3.7299999999999986, 5.899999999999999]",0.02034100123814174,2.8477401733398438,MinimaxSolutionConcept,3.8724999999999987,2.1083568839264384,0.02045142608029502,0.00033698932598583473,2.8631996512413025,0.04717850563801685,COMPLETE
209,7.634999999999998,2025-06-12 21:29:56.432213,2025-06-12 21:30:00.222804,0 days 00:00:03.790591,44,0.625711390134235,0.07380519686753995,0.9887794268596328,0.052351903389888835,175,2096596,7.634999999999998,3.03681988270625,0.3249999999999999,0.11866549624890968,170.0,4,3.3599999999999985,"[0.23099999999999996, 0.1049999999999999]",2096596,"[2.3099999999999996, 1.049999999999999]",0.020625089196597828,3.506265163421631,6.179999999999998,"[0.4579999999999999, 0.15999999999999992]",2097596,"[4.579999999999999, 1.5999999999999992]",0.020952158815720504,3.5618669986724854,10.3,"[0.4259999999999999, 0.6039999999999999]",2098596,"[4.259999999999999, 6.039999999999999]",0.020156076375175924,3.4265329837799072,10.699999999999998,"[0.1849999999999999, 0.885]",2099596,"[1.8499999999999988, 8.85]",0.02038425697999842,3.4653236865997314,MinimaxSolutionConcept,3.249999999999999,1.1866549624890967,0.020529395341873168,0.00029509255481760077,3.4899972081184387,0.05016573431899196,COMPLETE
210,8.009999999999998,2025-06-12 21:30:00.237497,2025-06-12 21:30:03.460608,0 days 00:00:03.223111,42,0.6380934739200136,0.08594947189123753,0.9826912183199109,0.04002786272011829,155,2106600,8.009999999999998,1.928120846835074,0.3552499999999999,0.11952484051443031,150.0,4,5.909999999999998,"[0.1909999999999999, 0.3999999999999999]",2106600,"[1.9099999999999988, 3.999999999999999]",0.017511308987935383,2.6266963481903076,8.469999999999999,"[0.3629999999999999, 0.4839999999999999]",2107600,"[3.629999999999999, 4.839999999999999]",0.019981102943420412,2.9971654415130615,6.719999999999997,"[0.33899999999999986, 0.3329999999999999]",2108600,"[3.389999999999999, 3.329999999999999]",0.01987607796986898,2.9814116954803467,10.94,"[0.5279999999999999, 0.566]",2109600,"[5.279999999999999, 5.659999999999999]",0.019560861587524413,2.934129238128662,MinimaxSolutionConcept,3.552499999999999,1.1952484051443033,0.019232337872187297,0.0010055991618470857,2.8848506808280945,0.1508398742770627,COMPLETE
211,7.962499999999998,2025-06-12 21:30:04.440064,2025-06-12 21:30:08.840246,0 days 00:00:04.400182,49,0.7301112013567844,0.06562212011913607,0.9807737344389971,0.00045071936053299515,184,2116604,7.962499999999998,2.3282759179272556,0.4292499999999999,0.24660329985626717,180.0,4,7.7499999999999964,"[0.49999999999999983, 0.27499999999999986]",2116604,"[4.999999999999998, 2.7499999999999987]",0.022760589917500813,4.0969061851501465,4.239999999999997,"[0.022999999999999816, 0.4009999999999999]",2117604,"[0.22999999999999815, 4.009999999999999]",0.02189263900121053,3.9406750202178955,10.069999999999999,"[0.5049999999999999, 0.5019999999999999]",2118604,"[5.049999999999999, 5.019999999999999]",0.022997401820288765,4.1395323276519775,9.79,"[0.689, 0.28999999999999987]",2119604,"[6.89, 2.8999999999999986]",0.02273310422897339,4.09195876121521,MinimaxSolutionConcept,4.292499999999999,2.466032998562672,0.022595933741993375,0.00041884588721093833,4.067268073558807,0.07539225969796887,COMPLETE
212,8.329999999999998,2025-06-12 21:30:08.854822,2025-06-12 21:30:11.824950,0 days 00:00:02.970128,39,0.6055907553376666,0.09332597892749979,0.9772078227634935,0.05829267305802864,139,2126608,8.329999999999998,2.1060033238340345,0.5529999999999999,0.10610607899644584,130.0,4,8.809999999999999,"[0.501, 0.37999999999999984]",2126608,"[5.01, 3.7999999999999985]",0.0196240810247568,2.551130533218384,7.799999999999999,"[0.537, 0.24299999999999988]",2127608,"[5.37, 2.429999999999999]",0.021406307587256798,2.782819986343384,11.29,"[0.728, 0.4009999999999999]",2128608,"[7.279999999999999, 4.009999999999999]",0.019670999967134915,2.557229995727539,5.419999999999998,"[0.4459999999999999, 0.0959999999999999]",2129608,"[4.459999999999999, 0.9599999999999991]",0.0202027284182035,2.626354694366455,MinimaxSolutionConcept,5.529999999999999,1.0610607899644582,0.020226029249338,0.0007183312350286688,2.6293838024139404,0.09338306055372696,COMPLETE
213,9.547499999999998,2025-06-12 21:30:11.840126,2025-06-12 21:30:15.103001,0 days 00:00:03.262875,41,0.8784202855661848,0.08780970707154644,0.9848137775348921,0.00010177818000395383,169,2136611,9.547499999999998,2.535679149655966,0.3357499999999999,0.09827353407708507,160.0,4,8.939999999999998,"[0.2509999999999999, 0.643]",2136611,"[2.509999999999999, 6.43]",0.01787077635526657,2.8593242168426514,8.339999999999998,"[0.24199999999999994, 0.592]",2137611,"[2.4199999999999995, 5.92]",0.019294710457324983,3.087153673171997,7.119999999999998,"[0.3669999999999998, 0.34499999999999986]",2138611,"[3.669999999999998, 3.4499999999999984]",0.019160299003124236,3.065647840499878,13.79,"[0.48299999999999993, 0.8960000000000001]",2139611,"[4.829999999999999, 8.96]",0.015784840285778045,2.5255744457244873,MinimaxSolutionConcept,3.357499999999999,0.9827353407708506,0.01802765652537346,0.0014091789028761496,2.8844250440597534,0.2254686244601839,COMPLETE
214,5.912499999999998,2025-06-12 21:30:15.117826,2025-06-12 21:30:18.851859,0 days 00:00:03.734033,42,0.6469180153458869,0.08807705803000687,0.9855922323476398,0.00011077046220747622,169,2146615,5.912499999999998,2.3146206492641515,0.2679999999999999,0.10320610447061743,160.0,4,9.219999999999999,"[0.4459999999999999, 0.47599999999999987]",2146615,"[4.459999999999999, 4.759999999999999]",0.022244033217430115,3.5590453147888184,6.7799999999999985,"[0.2029999999999999, 0.475]",2147615,"[2.029999999999999, 4.75]",0.021552251279354097,3.4483602046966553,4.539999999999997,"[0.22399999999999992, 0.2299999999999999]",2148615,"[2.2399999999999993, 2.299999999999999]",0.020401132106781007,3.264181137084961,3.109999999999998,"[0.1989999999999999, 0.11199999999999988]",2149615,"[1.9899999999999989, 1.1199999999999988]",0.021512037515640257,3.4419260025024414,MinimaxSolutionConcept,2.679999999999999,1.0320610447061744,0.021427363529801367,0.0006600884308470005,3.428378164768219,0.10561414893552008,COMPLETE
215,6.067499999999997,2025-06-12 21:30:18.866665,2025-06-12 21:30:23.068637,0 days 00:00:04.201972,41,0.6154092770940984,0.08408762099396239,0.9837741878819048,0.00010094438868060945,192,2156618,6.067499999999997,2.143389546955942,0.2822499999999999,0.09011763146021981,190.0,4,3.269999999999998,"[0.35199999999999987, -0.025000000000000133]",2156618,"[3.5199999999999987, -0.25000000000000133]",0.021158079097145482,4.020035028457642,7.119999999999998,"[0.3419999999999999, 0.36999999999999983]",2157618,"[3.419999999999999, 3.6999999999999984]",0.020196036288612766,3.837246894836426,8.929999999999996,"[0.3059999999999999, 0.587]",2158618,"[3.0599999999999987, 5.869999999999999]",0.019943793196427195,3.789320707321167,4.9499999999999975,"[0.1289999999999999, 0.3659999999999999]",2159618,"[1.289999999999999, 3.659999999999999]",0.02056487484982139,3.9073262214660645,MinimaxSolutionConcept,2.822499999999999,0.9011763146021982,0.02046569585800171,0.0004567082476229173,3.8884822130203247,0.08677456704835428,COMPLETE
216,9.922499999999998,2025-06-12 21:30:24.071381,2025-06-12 21:30:28.374043,0 days 00:00:04.302662,47,0.6559239582271291,0.07904617370276538,0.9851250210818385,0.00012162903565310206,174,2166624,9.922499999999998,2.3663513581038647,0.5119999999999999,0.1236426301887824,170.0,4,6.559999999999997,"[0.36399999999999993, 0.29199999999999987]",2166624,"[3.6399999999999992, 2.9199999999999986]",0.024187599911409265,4.111891984939575,12.58,"[0.5499999999999998, 0.708]",2167624,"[5.499999999999998, 7.08]",0.021343350410461426,3.6283695697784424,8.899999999999999,"[0.44099999999999984, 0.44899999999999984]",2168624,"[4.409999999999998, 4.489999999999998]",0.022149523566750918,3.7654190063476562,11.649999999999997,"[0.693, 0.47199999999999986]",2169624,"[6.93, 4.719999999999999]",0.02226123108583338,3.784409284591675,MinimaxSolutionConcept,5.119999999999999,1.236426301887824,0.02248542624361375,0.0010446083573644707,3.822522461414337,0.1775834207519601,COMPLETE
217,8.912499999999998,2025-06-12 21:30:28.389126,2025-06-12 21:30:32.264562,0 days 00:00:03.875436,47,0.8819208568010453,0.0780507734901382,0.9879186215173711,0.00012581190032094562,171,2176628,8.912499999999998,3.311128017760715,0.5384999999999999,0.09717124060132196,170.0,4,10.359999999999998,"[0.6209999999999999, 0.41499999999999987]",2176628,"[6.209999999999999, 4.149999999999999]",0.01995532512664795,3.3924052715301514,8.159999999999998,"[0.5879999999999999, 0.2279999999999999]",2177628,"[5.879999999999999, 2.279999999999999]",0.02164292475756477,3.6792972087860107,13.089999999999998,"[0.572, 0.7369999999999999]",2178628,"[5.72, 7.369999999999999]",0.020349512380712174,3.4594171047210693,4.0399999999999965,"[0.3729999999999999, 0.030999999999999823]",2179628,"[3.7299999999999986, 0.3099999999999982]",0.020801936878877526,3.5363292694091797,MinimaxSolutionConcept,5.385,0.9717124060132198,0.020687424785950606,0.0006277435622820554,3.516862213611603,0.10671640558794944,COMPLETE
218,7.302499999999998,2025-06-12 21:30:32.279371,2025-06-12 21:30:35.782490,0 days 00:00:03.503119,40,0.8778751658594566,0.079185614283215,0.9906415332726363,0.00012644861554700213,175,2186632,7.302499999999998,2.3258049681776836,0.3692499999999999,0.16927104743576207,170.0,4,4.159999999999999,"[0.16799999999999993, 0.24799999999999994]",2186632,"[1.6799999999999993, 2.4799999999999995]",0.01942436695098877,3.302142381668091,8.909999999999998,"[0.633, 0.2579999999999999]",2187632,"[6.33, 2.579999999999999]",0.01742263401255888,2.9618477821350098,10.069999999999997,"[0.30199999999999994, 0.7049999999999998]",2188632,"[3.0199999999999996, 7.049999999999999]",0.018210171250736013,3.095729112625122,6.0699999999999985,"[0.37399999999999994, 0.23299999999999993]",2189632,"[3.7399999999999993, 2.329999999999999]",0.019338495591107535,3.2875442504882812,MinimaxSolutionConcept,3.6925,1.6927104743576205,0.0185989169513478,0.0008311301098694148,3.161815881729126,0.1412921186778006,COMPLETE
