number,value,datetime_start,datetime_complete,duration,params_episode_length,params_epsilon_max,params_epsilon_min,params_gamma,params_learning_rate,params_num_episodes,user_attrs_base_seed,user_attrs_collective_reward_mean,user_attrs_collective_reward_std,user_attrs_individual_reward_agent0_mean,user_attrs_individual_reward_agent0_std,user_attrs_num_episodes_mean,user_attrs_num_parallel_runs,user_attrs_run_0_collective_reward,user_attrs_run_0_individual_rewards,user_attrs_run_0_seed,user_attrs_run_0_total_individual_rewards,user_attrs_run_0_training_time_per_episode,user_attrs_run_0_training_time_total,user_attrs_run_1_collective_reward,user_attrs_run_1_individual_rewards,user_attrs_run_1_seed,user_attrs_run_1_total_individual_rewards,user_attrs_run_1_training_time_per_episode,user_attrs_run_1_training_time_total,user_attrs_run_2_collective_reward,user_attrs_run_2_individual_rewards,user_attrs_run_2_seed,user_attrs_run_2_total_individual_rewards,user_attrs_run_2_training_time_per_episode,user_attrs_run_2_training_time_total,user_attrs_run_3_collective_reward,user_attrs_run_3_individual_rewards,user_attrs_run_3_seed,user_attrs_run_3_total_individual_rewards,user_attrs_run_3_training_time_per_episode,user_attrs_run_3_training_time_total,user_attrs_solution_concept,user_attrs_total_individual_reward_agent0_mean,user_attrs_total_individual_reward_agent0_std,user_attrs_training_time_per_episode_mean,user_attrs_training_time_per_episode_std,user_attrs_training_time_total_mean,user_attrs_training_time_total_std,state
619,7.587499999999999,2025-06-12 22:56:11.327483,2025-06-12 22:56:16.689936,0 days 00:00:05.362453,49,0.6000301194206631,0.06645105295041856,0.9213867496564269,0.08649210606779958,224,6191771,7.587499999999999,3.10312241943498,0.3339999999999999,0.1344897765631277,220.0,4,8.339999999999998,"[0.39699999999999985, 0.43699999999999983]",6191771,"[3.9699999999999984, 4.369999999999998]",0.02164523168043657,4.761950969696045,7.089999999999998,"[0.28099999999999986, 0.42799999999999977]",6192771,"[2.8099999999999987, 4.279999999999998]",0.02352033311670477,5.174473285675049,11.799999999999999,"[0.5099999999999999, 0.6699999999999999]",6193771,"[5.099999999999999, 6.699999999999999]",0.02262135527350686,4.976698160171509,3.1199999999999966,"[0.14799999999999985, 0.16399999999999987]",6194771,"[1.4799999999999986, 1.6399999999999988]",0.02358129999854348,5.187885999679565,MinimaxSolutionConcept,3.3399999999999985,1.3448977656312764,0.02284205501729792,0.0007886125155925904,5.025252103805542,0.17349475343036988,COMPLETE
620,7.089999999999998,2025-06-12 22:56:16.708190,2025-06-12 22:56:19.536843,0 days 00:00:02.828653,47,0.8492396365116381,0.09077297955355618,0.9075503167582253,0.00014809610281776096,120,6201776,7.089999999999998,2.8860440052085146,0.28949999999999987,0.3082486820734195,120.0,4,2.8699999999999966,"[-0.1790000000000002, 0.4659999999999999]",6201776,"[-1.7900000000000018, 4.659999999999999]",0.022094406684239707,2.6513288021087646,6.779999999999998,"[0.3299999999999999, 0.34799999999999986]",6202776,"[3.299999999999999, 3.4799999999999986]",0.018291292587916057,2.1949551105499268,7.749999999999996,"[0.31999999999999984, 0.4549999999999999]",6203776,"[3.1999999999999984, 4.549999999999999]",0.021034383773803712,2.5241260528564453,10.959999999999999,"[0.687, 0.4089999999999999]",6204776,"[6.870000000000001, 4.089999999999999]",0.02079098622004191,2.4949183464050293,MinimaxSolutionConcept,2.894999999999999,3.0824868207341947,0.020552767316500346,0.0013945987367464513,2.4663320779800415,0.16735184840957412,COMPLETE
621,9.382499999999997,2025-06-12 22:56:22.442404,2025-06-12 22:56:26.408282,0 days 00:00:03.965878,48,0.8890787957199952,0.1281736735235317,0.9880316638472311,0.00021051397546083763,189,6211782,9.382499999999997,3.1830125274651366,0.48749999999999993,0.25483376934778484,180.0,4,7.599999999999998,"[0.578, 0.18199999999999988]",6211782,"[5.779999999999999, 1.819999999999999]",0.02083295716179742,3.749932289123535,11.569999999999997,"[0.7019999999999997, 0.4549999999999999]",6212782,"[7.019999999999998, 4.549999999999999]",0.02013985580868191,3.625174045562744,5.149999999999998,"[0.052999999999999846, 0.4619999999999999]",6213782,"[0.5299999999999985, 4.619999999999999]",0.020682795842488607,3.722903251647949,13.209999999999997,"[0.6169999999999999, 0.704]",6214782,"[6.169999999999999, 7.039999999999999]",0.019173835383521187,3.4512903690338135,MinimaxSolutionConcept,4.874999999999998,2.5483376934778486,0.020207361049122283,0.0006500271144115106,3.6373249888420105,0.11700488059407195,COMPLETE
622,7.722499999999998,2025-06-12 22:56:26.423915,2025-06-12 22:56:30.453243,0 days 00:00:04.029328,45,0.6319994141390537,0.08458294581895759,0.9755421281906678,0.0002559050766515024,177,6221786,7.722499999999998,2.0661361886381067,0.46324999999999994,0.12810030249769125,170.0,4,6.339999999999998,"[0.3179999999999999, 0.31599999999999984]",6221786,"[3.179999999999999, 3.1599999999999984]",0.0215819330776439,3.668928623199463,5.119999999999997,"[0.35399999999999987, 0.15799999999999986]",6222786,"[3.5399999999999987, 1.5799999999999987]",0.021206944129046272,3.605180501937866,9.239999999999998,"[0.58, 0.3439999999999999]",6223786,"[5.8, 3.439999999999999]",0.022591314596288343,3.8405234813690186,10.189999999999998,"[0.6009999999999999, 0.41799999999999987]",6224786,"[6.009999999999999, 4.179999999999999]",0.02163859255173627,3.678560733795166,MinimaxSolutionConcept,4.6324999999999985,1.2810030249769127,0.021754696088678693,0.0005107077994872665,3.6982983350753784,0.08682032591283541,COMPLETE
623,4.469999999999997,2025-06-12 22:56:30.468620,2025-06-12 22:56:39.033481,0 days 00:00:08.564861,50,0.8708388295748942,0.040091659353170196,0.9794803819293062,0.00012792551432841374,376,6231790,4.469999999999997,4.9842602259512905,0.16874999999999984,0.28934008968685965,370.0,4,-2.2100000000000044,"[-0.2240000000000002, 0.002999999999999797]",6231790,"[-2.240000000000002, 0.029999999999997973]",0.022572904664116936,8.351974725723267,7.539999999999997,"[0.13099999999999984, 0.6229999999999999]",6232790,"[1.3099999999999983, 6.229999999999999]",0.020188147957260545,7.469614744186401,1.8699999999999966,"[0.17599999999999985, 0.01099999999999982]",6233790,"[1.7599999999999985, 0.10999999999999821]",0.02200478798634297,8.1417715549469,10.68,"[0.5919999999999999, 0.47599999999999987]",6234790,"[5.919999999999998, 4.759999999999999]",0.019349444234693373,7.159294366836548,MinimaxSolutionConcept,1.6874999999999982,2.893400896868597,0.021028821210603454,0.0013099373462941415,7.780663847923279,0.4846768181288325,COMPLETE
624,6.077499999999998,2025-06-12 22:56:39.049582,2025-06-12 22:56:44.025920,0 days 00:00:04.976338,48,0.6532913754702959,0.14628373640870768,0.9198277432435195,0.0001852547688555305,202,6241799,6.077499999999998,3.5474876673499525,0.2772499999999999,0.13475231908950588,200.0,4,5.959999999999999,"[0.2939999999999999, 0.3019999999999999]",6241799,"[2.9399999999999986, 3.0199999999999987]",0.02217917561531067,4.435835123062134,11.79,"[0.49099999999999994, 0.688]",6242799,"[4.909999999999999, 6.879999999999999]",0.018775384426116943,3.7550768852233887,2.269999999999997,"[0.15499999999999986, 0.07199999999999984]",6243799,"[1.5499999999999985, 0.7199999999999984]",0.023733917474746704,4.746783494949341,4.2899999999999965,"[0.16899999999999982, 0.2599999999999999]",6244799,"[1.6899999999999982, 2.5999999999999988]",0.022762099504470824,4.552419900894165,MinimaxSolutionConcept,2.7724999999999986,1.347523190895059,0.021862644255161285,0.0018669526347658758,4.372528851032257,0.37339052695317515,COMPLETE
625,6.852499999999998,2025-06-12 22:56:44.047970,2025-06-12 22:56:47.420598,0 days 00:00:03.372628,46,0.6084482641580556,0.09529690433927329,0.9134114983744125,0.00016458921669285678,147,6251804,6.852499999999998,0.9532936326232333,0.40249999999999997,0.11464183355128268,140.0,4,5.229999999999998,"[0.5519999999999999, -0.029000000000000154]",6251804,"[5.52, -0.29000000000000153]",0.020198183400290354,2.8277456760406494,7.639999999999999,"[0.4039999999999999, 0.3599999999999999]",6252804,"[4.039999999999999, 3.5999999999999988]",0.020269896302904402,2.837785482406616,7.399999999999997,"[0.42400000000000004, 0.31599999999999984]",6253804,"[4.24, 3.1599999999999984]",0.021951964923313687,3.073275089263916,7.139999999999997,"[0.2299999999999999, 0.4839999999999999]",6254804,"[2.299999999999999, 4.839999999999999]",0.02260080405644008,3.1641125679016113,MinimaxSolutionConcept,4.0249999999999995,1.1464183355128268,0.021255212170737132,0.001046928734686346,2.9757297039031982,0.14657002285608853,COMPLETE
626,6.969999999999998,2025-06-12 22:56:50.427995,2025-06-12 22:56:54.267851,0 days 00:00:03.839856,49,0.8802582544022124,0.07704552040868136,0.9691074119380431,0.00012708553399043548,161,6261810,6.969999999999998,3.626575519687962,0.24449999999999983,0.14520588831035744,160.0,4,2.969999999999997,"[0.08499999999999985, 0.21199999999999988]",6261810,"[0.8499999999999985, 2.1199999999999988]",0.02182607352733612,3.4921717643737793,4.1199999999999966,"[0.12699999999999984, 0.2849999999999998]",6262810,"[1.2699999999999982, 2.849999999999998]",0.022782576084136964,3.645212173461914,8.809999999999997,"[0.32499999999999984, 0.5559999999999999]",6263810,"[3.2499999999999982, 5.56]",0.020617017149925233,3.298722743988037,11.98,"[0.44099999999999984, 0.757]",6264810,"[4.409999999999998, 7.57]",0.021969103813171388,3.515056610107422,MinimaxSolutionConcept,2.4449999999999985,1.4520588831035743,0.021798692643642426,0.0007736558143682525,3.487790822982788,0.12378493029892043,COMPLETE
627,6.122499999999997,2025-06-12 22:56:54.283100,2025-06-12 22:56:57.183444,0 days 00:00:02.900344,41,0.8137548705153664,0.03397720255014116,0.9729040754837325,0.00011447816747763109,136,6271814,6.122499999999997,2.915513462496786,0.2904999999999999,0.20637405360170646,130.0,4,8.899999999999999,"[0.3909999999999999, 0.49899999999999994]",6271814,"[3.9099999999999993, 4.989999999999999]",0.019014560259305514,2.471892833709717,9.169999999999996,"[0.3599999999999999, 0.5569999999999998]",6272814,"[3.5999999999999988, 5.5699999999999985]",0.020412318523113544,2.6536014080047607,3.339999999999998,"[0.4709999999999999, -0.13700000000000015]",6273814,"[4.709999999999999, -1.3700000000000014]",0.02046822767991286,2.660869598388672,3.079999999999998,"[-0.060000000000000143, 0.36799999999999994]",6274814,"[-0.6000000000000014, 3.6799999999999993]",0.020824830348675067,2.707227945327759,MinimaxSolutionConcept,2.904999999999999,2.0637405360170646,0.020179984202751747,0.000691213255517759,2.623397946357727,0.08985772321730871,COMPLETE
628,7.214999999999998,2025-06-12 22:56:57.199107,2025-06-12 22:57:01.039127,0 days 00:00:03.840020,44,0.801254289964453,0.08938179472991155,0.9774575121717624,0.00014296788950495488,170,6281817,7.214999999999998,2.888879540583166,0.23624999999999985,0.33486368495254903,170.0,4,6.669999999999998,"[0.563, 0.1039999999999999]",6281817,"[5.629999999999999, 1.039999999999999]",0.01826963144190171,3.105837345123291,2.7099999999999973,"[-0.2990000000000002, 0.57]",6282817,"[-2.990000000000002, 5.699999999999999]",0.02144911148968865,3.6463489532470703,9.879999999999999,"[0.46999999999999986, 0.5179999999999999]",6283817,"[4.699999999999998, 5.179999999999999]",0.020399054358987246,3.467839241027832,9.6,"[0.21099999999999985, 0.749]",6284817,"[2.1099999999999985, 7.49]",0.019736447053797106,3.355195999145508,MinimaxSolutionConcept,2.3624999999999985,3.3486368495254903,0.01996356108609368,0.0011529844768572418,3.3938053846359253,0.196007361065731,COMPLETE
629,3.9124999999999974,2025-06-12 22:57:01.055119,2025-06-12 22:57:08.699316,0 days 00:00:07.644197,47,0.9348270145333825,0.027842960073870868,0.9823438619651105,0.0001118666884316536,358,6291821,3.9124999999999974,2.2412872975145333,0.2802499999999999,0.06955708087606897,350.0,4,5.919999999999997,"[0.24099999999999988, 0.35099999999999987]",6291821,"[2.409999999999999, 3.509999999999999]",0.021121315274919783,7.392460346221924,0.2499999999999969,"[0.19999999999999987, -0.1750000000000002]",6292821,"[1.9999999999999987, -1.7500000000000022]",0.019039762360709055,6.663916826248169,5.539999999999997,"[0.3859999999999999, 0.16799999999999987]",6293821,"[3.859999999999999, 1.6799999999999988]",0.019175968851361955,6.711589097976685,3.9399999999999973,"[0.2939999999999998, 0.0999999999999999]",6294821,"[2.939999999999998, 0.9999999999999989]",0.021195792470659527,7.418527364730835,MinimaxSolutionConcept,2.8024999999999984,0.6955708087606898,0.02013320973941258,0.0010268120443627643,7.046623408794403,0.3593842155269676,COMPLETE
630,5.587499999999998,2025-06-12 22:57:08.721527,2025-06-12 22:57:12.090204,0 days 00:00:03.368677,45,0.8619060553439768,0.05098369520003733,0.9274720576136428,0.00017351510656609027,153,6301828,5.587499999999998,1.0275304131752014,0.3449999999999998,0.0597034337370976,150.0,4,4.089999999999998,"[0.32299999999999984, 0.08599999999999988]",6301828,"[3.2299999999999986, 0.8599999999999988]",0.02039302349090576,3.0589535236358643,6.109999999999997,"[0.2699999999999998, 0.34099999999999986]",6302828,"[2.699999999999998, 3.4099999999999984]",0.02104804515838623,3.1572067737579346,6.8599999999999985,"[0.35199999999999976, 0.3339999999999999]",6303828,"[3.519999999999998, 3.339999999999999]",0.021121657689412435,3.1682486534118652,5.2899999999999965,"[0.4349999999999999, 0.09399999999999989]",6304828,"[4.349999999999999, 0.9399999999999988]",0.02096548875172933,3.1448233127593994,MinimaxSolutionConcept,3.4499999999999984,0.5970343373709759,0.02088205377260844,0.00028769566787812095,3.132308065891266,0.043154350181718065,COMPLETE
631,6.384999999999998,2025-06-12 22:57:15.100238,2025-06-12 22:57:18.863354,0 days 00:00:03.763116,48,0.9787521189320065,0.08606684378338102,0.9753889265889577,0.0004125099740233235,179,6311835,6.384999999999998,0.6951438700010228,0.28049999999999986,0.1587978274410579,170.0,4,6.139999999999999,"[0.46899999999999975, 0.14499999999999985]",6311835,"[4.689999999999998, 1.4499999999999984]",0.019823862524593578,3.370056629180908,7.549999999999997,"[0.3189999999999999, 0.43599999999999994]",6312835,"[3.189999999999999, 4.359999999999999]",0.02084350726183723,3.543396234512329,6.139999999999999,"[0.3049999999999999, 0.30899999999999994]",6313835,"[3.049999999999999, 3.0899999999999994]",0.018954999306622672,3.2223498821258545,5.709999999999999,"[0.02899999999999982, 0.5419999999999998]",6314835,"[0.2899999999999982, 5.419999999999998]",0.017824456271003274,3.0301575660705566,MinimaxSolutionConcept,2.8049999999999984,1.5879782744105788,0.01936170634101419,0.0011110660080014129,3.291490077972412,0.18888122136024016,COMPLETE
632,6.492499999999997,2025-06-12 22:57:18.879061,2025-06-12 22:57:22.832115,0 days 00:00:03.953054,50,0.5938632176563412,0.09263098788705164,0.9171108317299659,0.0010233093621878958,166,6321838,6.492499999999997,3.2172843750591893,0.32799999999999985,0.1503662196106559,160.0,4,9.229999999999997,"[0.4219999999999999, 0.5009999999999999]",6321838,"[4.219999999999999, 5.009999999999999]",0.02228187769651413,3.5651004314422607,2.609999999999997,"[0.24399999999999986, 0.016999999999999838]",6322838,"[2.4399999999999986, 0.16999999999999837]",0.02323259860277176,3.7172157764434814,10.079999999999997,"[0.5159999999999999, 0.4919999999999999]",6323838,"[5.159999999999999, 4.919999999999999]",0.021454843878746032,3.4327750205993652,4.049999999999997,"[0.12999999999999984, 0.2749999999999999]",6324838,"[1.2999999999999985, 2.749999999999999]",0.023514914512634277,3.7623863220214844,MinimaxSolutionConcept,3.279999999999999,1.5036621961065593,0.02262105867266655,0.0008136430465659188,3.619369387626648,0.13018288745054699,COMPLETE
633,8.812499999999998,2025-06-12 22:57:22.847565,2025-06-12 22:57:26.419553,0 days 00:00:03.571988,49,0.6379660674819791,0.09710845248016456,0.9809079750956611,0.04434127124893958,141,6331842,8.812499999999998,3.5994122784143525,0.31324999999999986,0.21068267014636025,140.0,4,14.509999999999998,"[0.633, 0.818]",6331842,"[6.33, 8.18]",0.0223288927759443,3.126044988632202,7.3599999999999985,"[0.04099999999999983, 0.695]",6332842,"[0.40999999999999825, 6.949999999999999]",0.022388402053288053,3.134376287460327,8.719999999999999,"[0.2949999999999998, 0.577]",6333842,"[2.9499999999999984, 5.77]",0.02341550588607788,3.2781708240509033,4.6599999999999975,"[0.28399999999999986, 0.18199999999999986]",6334842,"[2.8399999999999985, 1.8199999999999985]",0.024049816812787738,3.366974353790283,MinimaxSolutionConcept,3.132499999999999,2.106826701463602,0.023045654382024494,0.0007229903432942642,3.226391613483429,0.101218648061197,COMPLETE
634,5.712499999999998,2025-06-12 22:57:26.434651,2025-06-12 22:57:29.348741,0 days 00:00:02.914090,48,0.6804801658282713,0.10198212095613793,0.9704738402969347,0.00020300505528211767,129,6341846,5.712499999999998,2.8446122319219547,0.34649999999999986,0.1500808115649699,120.0,4,4.4499999999999975,"[0.14799999999999985, 0.2969999999999998]",6341846,"[1.4799999999999986, 2.969999999999998]",0.0224625825881958,2.695509910583496,3.1099999999999968,"[0.26299999999999985, 0.04799999999999985]",6342846,"[2.6299999999999986, 0.4799999999999985]",0.022799871365229287,2.7359845638275146,4.769999999999998,"[0.5319999999999998, -0.055000000000000195]",6343846,"[5.3199999999999985, -0.5500000000000019]",0.021882671117782592,2.625920534133911,10.52,"[0.44299999999999995, 0.609]",6344846,"[4.43, 6.09]",0.020699959993362427,2.483995199203491,MinimaxSolutionConcept,3.464999999999999,1.500808115649699,0.021961271266142526,0.0007986938208680912,2.6353525519371033,0.09584325850417105,COMPLETE
635,7.129999999999997,2025-06-12 22:57:29.364114,2025-06-12 22:57:33.020360,0 days 00:00:03.656246,47,0.8530072381495312,0.11610906373559565,0.9909313806218544,0.00010150707630990932,163,6351849,7.129999999999997,3.178096914821825,0.3254999999999999,0.215987846880328,160.0,4,5.839999999999997,"[0.34799999999999986, 0.2359999999999999]",6351849,"[3.4799999999999986, 2.359999999999999]",0.018796822428703307,3.0074915885925293,5.2399999999999975,"[0.10999999999999985, 0.41399999999999987]",6352849,"[1.0999999999999985, 4.139999999999999]",0.02149578034877777,3.4393248558044434,12.599999999999998,"[0.6679999999999999, 0.5920000000000001]",6353849,"[6.68, 5.920000000000001]",0.019615544378757475,3.1384871006011963,4.839999999999997,"[0.17599999999999988, 0.3079999999999998]",6354849,"[1.759999999999999, 3.079999999999998]",0.020269112288951875,3.2430579662323,MinimaxSolutionConcept,3.254999999999999,2.15987846880328,0.020044314861297607,0.0009870875646192368,3.207090377807617,0.15793401033907786,COMPLETE
636,7.107499999999998,2025-06-12 22:57:36.047421,2025-06-12 22:57:40.214710,0 days 00:00:04.167289,46,0.6631106126426392,0.08068825811906924,0.9847864885203558,0.0017030422798568834,185,6361856,7.107499999999998,1.803155220717285,0.3777499999999999,0.2097514898636003,180.0,4,9.54,"[0.723, 0.23099999999999993]",6361856,"[7.2299999999999995, 2.309999999999999]",0.020476563771565755,3.685781478881836,8.099999999999998,"[0.34699999999999986, 0.46299999999999997]",6362856,"[3.469999999999999, 4.63]",0.021294866667853463,3.833076000213623,5.7399999999999975,"[0.2769999999999999, 0.2969999999999999]",6363856,"[2.769999999999999, 2.969999999999999]",0.02210623688167996,3.9791226387023926,5.049999999999999,"[0.16399999999999987, 0.34099999999999986]",6364856,"[1.6399999999999988, 3.4099999999999984]",0.021199468771616617,3.815904378890991,MinimaxSolutionConcept,3.7774999999999994,2.097514898636003,0.021269284023178948,0.0005775863843898053,3.8284711241722107,0.1039655491901649,COMPLETE
637,6.092499999999997,2025-06-12 22:57:40.229886,2025-06-12 22:57:43.662595,0 days 00:00:03.432709,45,0.6203420911703391,0.09180979104258746,0.9149372056978469,0.0007909911677949317,152,6371860,6.092499999999997,3.265787615568409,0.40924999999999984,0.19865595259140867,150.0,4,5.079999999999997,"[0.599, -0.09100000000000019]",6371860,"[5.99, -0.9100000000000019]",0.02166826566060384,3.250239849090576,11.599999999999996,"[0.5409999999999998, 0.619]",6372860,"[5.409999999999998, 6.1899999999999995]",0.020573288599650064,3.0859932899475098,4.619999999999997,"[0.41099999999999987, 0.050999999999999844]",6373860,"[4.1099999999999985, 0.5099999999999985]",0.021375880241394044,3.2063820362091064,3.0699999999999976,"[0.08599999999999985, 0.22099999999999986]",6374860,"[0.8599999999999985, 2.2099999999999986]",0.02163320541381836,3.244980812072754,MinimaxSolutionConcept,4.092499999999999,1.9865595259140867,0.021312659978866576,0.0004415516999035398,3.1968989968299866,0.06623275498553088,COMPLETE
638,6.152499999999998,2025-06-12 22:57:43.679751,2025-06-12 22:57:47.568649,0 days 00:00:03.888898,50,0.8779666108555197,0.07657928124996781,0.9117943102503199,0.00014037890961791734,175,6381863,6.152499999999998,1.000259341371027,0.3164999999999999,0.22745274234442636,170.0,4,5.049999999999998,"[0.029999999999999843, 0.4749999999999999]",6381863,"[0.29999999999999843, 4.749999999999999]",0.020402711980483112,3.468461036682129,5.349999999999998,"[0.16799999999999987, 0.3669999999999999]",6382863,"[1.6799999999999988, 3.669999999999999]",0.02170564707587747,3.68996000289917,7.509999999999999,"[0.4699999999999999, 0.28099999999999986]",6383863,"[4.699999999999999, 2.8099999999999987]",0.019095792489893296,3.2462847232818604,6.6999999999999975,"[0.5979999999999999, 0.07199999999999984]",6384863,"[5.979999999999999, 0.7199999999999984]",0.020093908029444076,3.415964365005493,MinimaxSolutionConcept,3.1649999999999987,2.2745274234442636,0.02032451489392449,0.000932279351976399,3.455167531967163,0.15848748983598787,COMPLETE
