number,value,datetime_start,datetime_complete,duration,params_episode_length,params_epsilon_max,params_epsilon_min,params_gamma,params_learning_rate,params_num_episodes,user_attrs_base_seed,user_attrs_collective_reward_mean,user_attrs_collective_reward_std,user_attrs_individual_reward_agent0_mean,user_attrs_individual_reward_agent0_std,user_attrs_num_episodes_mean,user_attrs_num_parallel_runs,user_attrs_run_0_collective_reward,user_attrs_run_0_individual_rewards,user_attrs_run_0_seed,user_attrs_run_0_total_individual_rewards,user_attrs_run_0_training_time_per_episode,user_attrs_run_0_training_time_total,user_attrs_run_1_collective_reward,user_attrs_run_1_individual_rewards,user_attrs_run_1_seed,user_attrs_run_1_total_individual_rewards,user_attrs_run_1_training_time_per_episode,user_attrs_run_1_training_time_total,user_attrs_run_2_collective_reward,user_attrs_run_2_individual_rewards,user_attrs_run_2_seed,user_attrs_run_2_total_individual_rewards,user_attrs_run_2_training_time_per_episode,user_attrs_run_2_training_time_total,user_attrs_run_3_collective_reward,user_attrs_run_3_individual_rewards,user_attrs_run_3_seed,user_attrs_run_3_total_individual_rewards,user_attrs_run_3_training_time_per_episode,user_attrs_run_3_training_time_total,user_attrs_solution_concept,user_attrs_total_individual_reward_agent0_mean,user_attrs_total_individual_reward_agent0_std,user_attrs_training_time_per_episode_mean,user_attrs_training_time_per_episode_std,user_attrs_training_time_total_mean,user_attrs_training_time_total_std,state
439,8.949999999999996,2025-06-12 22:26:20.765226,2025-06-12 22:26:25.356721,0 days 00:00:04.591495,48,0.8579827607492408,0.038070160647602144,0.9156527795216666,0.0403150737310289,151,4399980,8.949999999999996,1.5189963791925247,0.44399999999999984,0.2345111937626859,150.0,4,9.319999999999997,"[0.33399999999999985, 0.5979999999999999]",4399980,"[3.3399999999999985, 5.979999999999999]",0.029393258094787596,4.40898871421814,9.249999999999998,"[0.7729999999999999, 0.15199999999999986]",4400980,"[7.729999999999999, 1.5199999999999987]",0.019229830106099445,2.884474515914917,6.519999999999997,"[0.13999999999999985, 0.5119999999999999]",4401980,"[1.3999999999999986, 5.119999999999999]",0.02126597722371419,3.189896583557129,10.709999999999997,"[0.5289999999999997, 0.542]",4402980,"[5.289999999999997, 5.42]",0.029073193868001303,4.360979080200195,MinimaxSolutionConcept,4.439999999999998,2.345111937626859,0.024740564823150634,0.0045513785062355075,3.711084723472595,0.682706775935326,COMPLETE
440,6.507499999999997,2025-06-12 22:26:25.372360,2025-06-12 22:26:30.447670,0 days 00:00:05.075310,49,0.8742170123576062,0.0850371579574824,0.916633738698577,0.013733264149767532,161,4409985,6.507499999999997,2.5508270717553554,0.40874999999999984,0.23540112043063857,160.0,4,7.279999999999997,"[0.606, 0.12199999999999991]",4409985,"[6.06, 1.219999999999999]",0.030601392686367034,4.896222829818726,2.149999999999997,"[0.01599999999999983, 0.19899999999999984]",4410985,"[0.1599999999999983, 1.9899999999999984]",0.02307726740837097,3.6923627853393555,8.389999999999997,"[0.4379999999999999, 0.4009999999999998]",4411985,"[4.379999999999999, 4.009999999999998]",0.02134287804365158,3.414860486984253,8.209999999999997,"[0.5749999999999998, 0.24599999999999986]",4412985,"[5.749999999999998, 2.4599999999999986]",0.030195829272270203,4.831332683563232,MinimaxSolutionConcept,4.087499999999999,2.354011204306386,0.026304341852664948,0.0041424163480247396,4.208694696426392,0.6627866156839582,COMPLETE
441,8.294999999999998,2025-06-12 22:26:32.633242,2025-06-12 22:26:38.140995,0 days 00:00:05.507753,48,0.8705561127132467,0.033995686132356956,0.9168738672024968,0.001183036318528741,173,4419992,8.294999999999998,1.5898191721073196,0.45324999999999993,0.21029547665130605,170.0,4,6.169999999999997,"[0.17899999999999985, 0.4379999999999999]",4419992,"[1.7899999999999985, 4.379999999999999]",0.03124048709869385,5.310882806777954,10.36,"[0.7109999999999999, 0.3249999999999999]",4420992,"[7.1099999999999985, 3.249999999999999]",0.01983462221482221,3.3718857765197754,7.509999999999997,"[0.3289999999999999, 0.4219999999999999]",4421992,"[3.289999999999999, 4.219999999999999]",0.030051218762117273,5.1087071895599365,9.139999999999999,"[0.594, 0.31999999999999995]",4422992,"[5.9399999999999995, 3.1999999999999993]",0.021885289865381578,3.720499277114868,MinimaxSolutionConcept,4.532499999999999,2.1029547665130606,0.025752904485253726,0.004964211328156068,4.3779937624931335,0.8439159257865316,COMPLETE
442,7.674999999999997,2025-06-12 22:26:38.158434,2025-06-12 22:26:42.324133,0 days 00:00:04.165699,50,0.8646414160747904,0.06954772938687304,0.9143771542398396,0.0001045735794364041,117,4429998,7.674999999999997,2.5235045076242684,0.20749999999999988,0.3364985141126184,110.0,4,3.999999999999997,"[-0.36900000000000027, 0.769]",4429998,"[-3.6900000000000026, 7.69]",0.02419075749137185,2.6609833240509033,7.599999999999998,"[0.32399999999999995, 0.43599999999999983]",4430998,"[3.2399999999999993, 4.3599999999999985]",0.036030114780772816,3.9633126258850098,7.979999999999998,"[0.4619999999999999, 0.33599999999999985]",4431998,"[4.619999999999999, 3.3599999999999985]",0.02493671720678156,2.7430388927459717,11.119999999999997,"[0.4129999999999999, 0.699]",4432998,"[4.129999999999999, 6.989999999999999]",0.025658672506159,2.8224539756774902,MinimaxSolutionConcept,2.074999999999999,3.364985141126184,0.027704065496271305,0.0048349839416636405,3.0474472045898438,0.5318482335830004,COMPLETE
443,7.484999999999998,2025-06-12 22:26:42.344413,2025-06-12 22:26:48.388309,0 days 00:00:06.043896,49,0.8603266429963488,0.09199827742599069,0.9168627218641556,0.029962564463370277,180,4430002,7.484999999999998,2.965286664051218,0.3712499999999999,0.18626778438581382,180.0,4,8.959999999999997,"[0.68, 0.21599999999999983]",4430002,"[6.800000000000001, 2.1599999999999984]",0.030908736917707656,5.563572645187378,3.2999999999999967,"[0.28799999999999987, 0.04199999999999983]",4431002,"[2.8799999999999986, 0.41999999999999826]",0.025890964931911894,4.660373687744141,11.269999999999998,"[0.33299999999999985, 0.7939999999999999]",4432002,"[3.3299999999999983, 7.9399999999999995]",0.032469333542717825,5.844480037689209,6.4099999999999975,"[0.18399999999999986, 0.45699999999999985]",4433002,"[1.8399999999999985, 4.5699999999999985]",0.024900354279412163,4.4820637702941895,MinimaxSolutionConcept,3.712499999999999,1.8626778438581384,0.028542347417937385,0.003213835807765722,5.137622535228729,0.5784904453978301,COMPLETE
444,5.499999999999997,2025-06-12 22:26:48.405515,2025-06-12 22:27:00.744972,0 days 00:00:12.339457,47,0.844380458225866,0.04019248056354132,0.9198876815282547,0.016230838231648774,384,4440008,5.499999999999997,1.521397383986183,0.31099999999999983,0.07845699458939273,380.0,4,4.649999999999997,"[0.2949999999999998, 0.16999999999999987]",4440008,"[2.9499999999999984, 1.6999999999999988]",0.03190045544975682,12.122173070907593,6.629999999999997,"[0.20999999999999988, 0.45299999999999985]",4441008,"[2.0999999999999988, 4.5299999999999985]",0.023903238773345947,9.08323073387146,3.459999999999997,"[0.30899999999999983, 0.03699999999999984]",4442008,"[3.089999999999998, 0.3699999999999984]",0.025289854877873472,9.610144853591919,7.259999999999998,"[0.4299999999999999, 0.2959999999999999]",4443008,"[4.299999999999999, 2.9599999999999986]",0.025608597303691662,9.731266975402832,MinimaxSolutionConcept,3.1099999999999985,0.7845699458939274,0.026675536601166977,0.003083986280905665,10.136703908443451,1.1719147867441526,COMPLETE
445,6.509999999999998,2025-06-12 22:27:00.764468,2025-06-12 22:27:05.911359,0 days 00:00:05.146891,49,0.8793673958074671,0.08080039391348659,0.9131659246068824,0.0001167263429969823,143,4450020,6.509999999999998,2.230257832628327,0.47749999999999987,0.11892539678302533,140.0,4,2.849999999999997,"[0.2749999999999998, 0.009999999999999825]",4450020,"[2.7499999999999982, 0.09999999999999826]",0.03518375158309937,4.925725221633911,7.409999999999998,"[0.5569999999999999, 0.18399999999999986]",4451020,"[5.569999999999999, 1.8399999999999985]",0.026710590294429234,3.7394826412200928,6.919999999999998,"[0.5099999999999999, 0.18199999999999986]",4452020,"[5.099999999999999, 1.8199999999999985]",0.0352026104927063,4.928365468978882,8.86,"[0.5679999999999998, 0.3179999999999998]",4453020,"[5.679999999999998, 3.179999999999998]",0.03365567581994193,4.71179461479187,MinimaxSolutionConcept,4.774999999999999,1.189253967830253,0.03268815704754421,0.0035077722658643255,4.576341986656189,0.4910881172210054,COMPLETE
446,9.542499999999997,2025-06-12 22:27:08.396016,2025-06-12 22:27:13.726096,0 days 00:00:05.330080,47,0.8826927192961769,0.033460755689325265,0.9102110640375447,0.00012715092886092662,156,4460028,9.542499999999997,3.9445365697379473,0.4717499999999999,0.1862208030806441,150.0,4,13.990000000000002,"[0.704, 0.6949999999999998]",4460028,"[7.039999999999999, 6.949999999999998]",0.03313695748647054,4.970543622970581,11.439999999999998,"[0.46399999999999986, 0.6799999999999999]",4461028,"[4.639999999999999, 6.799999999999999]",0.02497985045115153,3.7469775676727295,3.309999999999997,"[0.1869999999999998, 0.14399999999999985]",4462028,"[1.869999999999998, 1.4399999999999986]",0.02114155928293864,3.171233892440796,9.429999999999996,"[0.5319999999999999, 0.4109999999999999]",4463028,"[5.319999999999999, 4.109999999999999]",0.03404690901438395,5.107036352157593,MinimaxSolutionConcept,4.7174999999999985,1.8622080308064406,0.028326319058736164,0.005447178551794511,4.248947858810425,0.8170767827691766,COMPLETE
447,7.754999999999997,2025-06-12 22:27:13.749638,2025-06-12 22:27:20.590388,0 days 00:00:06.840750,48,0.8648449200396686,0.09429435311472723,0.9168784769560563,0.011277905065965148,171,4470033,7.754999999999997,1.4260873044803386,0.3647499999999998,0.12383532412038176,170.0,4,9.999999999999996,"[0.5659999999999998, 0.4339999999999999]",4470033,"[5.659999999999998, 4.339999999999999]",0.036275691144606645,6.16686749458313,7.339999999999998,"[0.2709999999999998, 0.4629999999999999]",4471033,"[2.709999999999998, 4.629999999999999]",0.03597253631143009,6.115331172943115,6.049999999999998,"[0.25499999999999984, 0.34999999999999987]",4472033,"[2.5499999999999985, 3.4999999999999987]",0.0313448569353889,5.328625679016113,7.629999999999997,"[0.3669999999999999, 0.3959999999999999]",4473033,"[3.669999999999999, 3.959999999999999]",0.03875560199513155,6.588452339172363,MinimaxSolutionConcept,3.647499999999999,1.2383532412038174,0.035587171596639294,0.002676693389542812,6.04981917142868,0.45503787622227826,COMPLETE
448,6.967499999999998,2025-06-12 22:27:20.612157,2025-06-12 22:27:26.676773,0 days 00:00:06.064616,50,0.8791602910380667,0.08784413370428187,0.9182996698093975,0.02068473824634656,164,4480040,6.967499999999998,2.267635056617357,0.22249999999999984,0.18273546453822256,160.0,4,10.559999999999999,"[0.4269999999999999, 0.6289999999999999]",4480040,"[4.269999999999999, 6.289999999999999]",0.026740677654743195,4.278508424758911,4.359999999999997,"[0.04599999999999986, 0.3899999999999998]",4481040,"[0.45999999999999863, 3.8999999999999977]",0.03345316499471664,5.352506399154663,6.9099999999999975,"[0.38199999999999984, 0.3089999999999999]",4482040,"[3.8199999999999985, 3.089999999999999]",0.03671538978815079,5.874462366104126,6.039999999999998,"[0.03499999999999982, 0.569]",4483040,"[0.3499999999999982, 5.6899999999999995]",0.03496366292238236,5.594186067581177,MinimaxSolutionConcept,2.2249999999999983,1.8273546453822258,0.03296822383999824,0.003776259034663944,5.274915814399719,0.6042014455462309,COMPLETE
449,5.372499999999997,2025-06-12 22:27:26.692169,2025-06-12 22:27:31.306248,0 days 00:00:04.614079,49,0.8633738025189521,0.0834748384720998,0.9155835672293687,0.00010160469625194728,132,4490046,5.372499999999997,2.1870113739987733,0.24999999999999983,0.2074692748336486,130.0,4,6.209999999999998,"[0.4579999999999999, 0.16299999999999984]",4490046,"[4.579999999999999, 1.6299999999999983]",0.02559662965627817,3.327561855316162,2.6099999999999968,"[-0.09100000000000019, 0.3519999999999999]",4491046,"[-0.9100000000000019, 3.519999999999999]",0.034102346346928526,4.433305025100708,8.449999999999998,"[0.2729999999999998, 0.5719999999999998]",4492046,"[2.7299999999999978, 5.719999999999999]",0.024266574932978704,3.1546547412872314,4.219999999999996,"[0.3599999999999999, 0.061999999999999854]",4493046,"[3.5999999999999988, 0.6199999999999986]",0.0336315943644597,4.372107267379761,MinimaxSolutionConcept,2.4999999999999982,2.0746927483364863,0.029399286325161277,0.004495445719967525,3.8219072222709656,0.5844079435957781,COMPLETE
450,7.204999999999998,2025-06-12 22:27:31.322196,2025-06-12 22:27:35.645294,0 days 00:00:04.323098,38,0.8545411024749464,0.07702572515217677,0.9140946687296132,0.050125134660917114,147,4500051,7.204999999999998,4.476854364394715,0.4022499999999999,0.2260689883641717,140.0,4,5.839999999999998,"[0.43199999999999994, 0.1519999999999999]",4500051,"[4.319999999999999, 1.5199999999999991]",0.02171086072921753,3.039520502090454,14.469999999999999,"[0.6199999999999999, 0.827]",4501051,"[6.199999999999999, 8.27]",0.028462823799678256,3.984795331954956,6.269999999999999,"[0.5289999999999999, 0.0979999999999999]",4502051,"[5.289999999999999, 0.9799999999999991]",0.021743501935686384,3.0440902709960938,2.239999999999998,"[0.027999999999999886, 0.19599999999999987]",4503051,"[0.27999999999999886, 1.9599999999999986]",0.029496766839708602,4.129547357559204,MinimaxSolutionConcept,4.022499999999999,2.260689883641717,0.025353488326072694,0.0036447037423199473,3.549488365650177,0.5102585239247927,COMPLETE
451,8.149999999999997,2025-06-12 22:27:38.012420,2025-06-12 22:27:44.499889,0 days 00:00:06.487469,47,0.541914263075531,0.08825278381490385,0.911600990470532,0.00013504025546864546,182,4510058,8.149999999999997,1.944646497438545,0.4397499999999999,0.2405798983705829,180.0,4,9.359999999999998,"[0.605, 0.33099999999999985]",4510058,"[6.05, 3.3099999999999987]",0.03418920040130615,6.154056072235107,8.209999999999997,"[0.3679999999999999, 0.45299999999999985]",4511058,"[3.679999999999999, 4.5299999999999985]",0.025300126605563692,4.554022789001465,10.049999999999997,"[0.7049999999999998, 0.2999999999999999]",4512058,"[7.049999999999999, 2.9999999999999987]",0.026351621415879992,4.743291854858398,4.979999999999997,"[0.08099999999999988, 0.4169999999999999]",4513058,"[0.8099999999999987, 4.169999999999999]",0.03502501646677653,6.304502964019775,MinimaxSolutionConcept,4.397499999999999,2.405798983705829,0.03021649122238159,0.0044162255635610825,5.4389684200286865,0.7949206014409947,COMPLETE
452,3.789999999999999,2025-06-12 22:27:44.515463,2025-06-12 22:27:47.897335,0 days 00:00:03.381872,28,0.8304593403419405,0.09398668290458774,0.9131973745875075,0.03437425415136549,156,4520064,3.789999999999999,0.8490583018850943,0.19649999999999995,0.08231798102480405,150.0,4,3.679999999999999,"[0.20999999999999996, 0.15799999999999992]",4520064,"[2.0999999999999996, 1.5799999999999992]",0.02129695733388265,3.1945436000823975,2.559999999999999,"[0.08199999999999996, 0.174]",4521064,"[0.8199999999999996, 1.7399999999999998]",0.019682389895121256,2.9523584842681885,3.9799999999999986,"[0.31299999999999994, 0.08499999999999994]",4522064,"[3.1299999999999994, 0.8499999999999994]",0.016104013125101724,2.415601968765259,4.9399999999999995,"[0.18099999999999997, 0.313]",4523064,"[1.8099999999999996, 3.13]",0.015059768358866374,2.258965253829956,MinimaxSolutionConcept,1.9649999999999996,0.8231798102480404,0.018035782178243,0.002546319417160743,2.70536732673645,0.3819479125741115,COMPLETE
453,9.247499999999997,2025-06-12 22:27:47.914527,2025-06-12 22:27:53.438346,0 days 00:00:05.523819,48,0.7980105715319614,0.1565575527558901,0.9191052848362511,0.00012466674875805315,170,4530067,9.247499999999997,2.7796976004594462,0.563,0.09867370470393819,170.0,4,11.939999999999998,"[0.5299999999999999, 0.6639999999999999]",4530067,"[5.299999999999999, 6.639999999999999]",0.02812943739049575,4.782004356384277,11.33,"[0.6849999999999998, 0.44799999999999984]",4531067,"[6.849999999999998, 4.479999999999999]",0.02715936548569623,4.617092132568359,8.849999999999998,"[0.6159999999999999, 0.26899999999999985]",4532067,"[6.159999999999998, 2.6899999999999986]",0.026211807307075053,4.456007242202759,4.869999999999997,"[0.42099999999999993, 0.06599999999999984]",4533067,"[4.209999999999999, 0.6599999999999984]",0.03146773646859562,5.349515199661255,MinimaxSolutionConcept,5.629999999999999,0.9867370470393818,0.02824208666296566,0.001981907284524925,4.801154732704163,0.33692423836923735,COMPLETE
454,6.5524999999999975,2025-06-12 22:27:53.453757,2025-06-12 22:28:02.967829,0 days 00:00:09.514072,50,0.8403079393195148,0.1333389144000754,0.915317595131295,0.009427703078056697,308,4540073,6.5524999999999975,1.8472462613306329,0.44399999999999995,0.1051760428995121,300.0,4,4.649999999999998,"[0.42399999999999993, 0.040999999999999835]",4540073,"[4.239999999999999, 0.40999999999999837]",0.031119269529978434,9.33578085899353,8.649999999999997,"[0.4939999999999999, 0.3709999999999999]",4541073,"[4.939999999999999, 3.709999999999999]",0.022922391096750896,6.8767173290252686,8.129999999999999,"[0.5720000000000001, 0.24099999999999983]",4542073,"[5.720000000000001, 2.4099999999999984]",0.02188373645146688,6.5651209354400635,4.779999999999998,"[0.2859999999999999, 0.1919999999999999]",4543073,"[2.8599999999999994, 1.919999999999999]",0.027399977842966716,8.219993352890015,MinimaxSolutionConcept,4.4399999999999995,1.0517604289951208,0.02583134373029073,0.003690134851684116,7.749403119087219,1.1070404555052349,COMPLETE
455,8.684999999999999,2025-06-12 22:28:02.983200,2025-06-12 22:28:07.294607,0 days 00:00:04.311407,46,0.8737720816744469,0.041696785688466256,0.9085935610838287,0.0001006696565074801,138,4550083,8.684999999999999,0.7745482554366776,0.3809999999999999,0.10945775440780794,130.0,4,7.399999999999997,"[0.21399999999999988, 0.526]",4550083,"[2.139999999999999, 5.26]",0.031714677810668945,4.122908115386963,9.29,"[0.5059999999999999, 0.4229999999999999]",4551083,"[5.059999999999999, 4.229999999999999]",0.031317289058978744,4.071247577667236,9.299999999999997,"[0.35999999999999993, 0.5699999999999998]",4552083,"[3.599999999999999, 5.699999999999998]",0.025742182364830606,3.3464837074279785,8.749999999999998,"[0.44399999999999984, 0.43099999999999994]",4553083,"[4.439999999999999, 4.31]",0.024265278302706205,3.1544861793518066,MinimaxSolutionConcept,3.8099999999999987,1.0945775440780794,0.028259856884296126,0.0033007204579663706,3.673781394958496,0.42909365953562817,COMPLETE
456,6.877499999999998,2025-06-12 22:28:09.851530,2025-06-12 22:28:14.231426,0 days 00:00:04.379896,40,0.8859392594018514,0.025842158108651963,0.9172431594256969,0.00014422179650258919,150,4560089,6.877499999999998,3.2225795180258943,0.2237499999999999,0.24994736946005255,150.0,4,5.879999999999999,"[0.13099999999999992, 0.45699999999999985]",4560089,"[1.3099999999999992, 4.5699999999999985]",0.02570894718170166,3.856342077255249,12.379999999999999,"[0.6459999999999999, 0.5919999999999999]",4561089,"[6.459999999999999, 5.919999999999998]",0.02591639518737793,3.8874592781066895,4.379999999999997,"[-0.007000000000000145, 0.44499999999999984]",4562089,"[-0.07000000000000145, 4.449999999999998]",0.024112408955891926,3.616861343383789,4.869999999999998,"[0.12499999999999989, 0.36199999999999993]",4563089,"[1.249999999999999, 3.619999999999999]",0.027884348233540853,4.182652235031128,MinimaxSolutionConcept,2.237499999999999,2.4994736946005256,0.025905524889628093,0.0013388210799859873,3.885828733444214,0.20082316199789807,COMPLETE
457,7.314999999999997,2025-06-12 22:28:14.247781,2025-06-12 22:28:25.666298,0 days 00:00:11.418517,47,0.8654306494988476,0.0851439784435874,0.9179995018495078,0.00011634547482603518,404,4570094,7.314999999999997,2.427555354672679,0.19924999999999982,0.1349358643949043,400.0,4,6.939999999999999,"[-0.01600000000000018, 0.71]",4570094,"[-0.1600000000000018, 7.1]",0.020961362719535827,8.384545087814331,3.829999999999997,"[0.18899999999999986, 0.1939999999999999]",4571094,"[1.8899999999999986, 1.939999999999999]",0.021925390958786012,8.770156383514404,7.859999999999997,"[0.28999999999999987, 0.4959999999999999]",4572094,"[2.8999999999999986, 4.959999999999999]",0.028064098954200745,11.225639581680298,10.629999999999995,"[0.3339999999999998, 0.729]",4573094,"[3.339999999999998, 7.29]",0.0196154123544693,7.84616494178772,MinimaxSolutionConcept,1.9924999999999984,1.349358643949043,0.02264156624674797,0.0032364123377241344,9.056626498699188,1.2945649350896538,COMPLETE
458,4.632499999999997,2025-06-12 22:28:25.681645,2025-06-12 22:28:29.770800,0 days 00:00:04.089155,48,0.8837176397864867,0.09025966075836263,0.9118277421982325,0.00010036736989940175,125,4580105,4.632499999999997,1.4306882085206407,0.3282499999999999,0.11754440650239383,120.0,4,2.739999999999997,"[0.27499999999999986, -0.0010000000000001785]",4580105,"[2.7499999999999987, -0.010000000000001785]",0.03057229518890381,3.668675422668457,3.869999999999997,"[0.16399999999999987, 0.22299999999999986]",4581105,"[1.6399999999999988, 2.2299999999999986]",0.03259776433308919,3.911731719970703,6.459999999999997,"[0.4069999999999999, 0.23899999999999993]",4582105,"[4.069999999999999, 2.3899999999999992]",0.03204119602839152,3.8449435234069824,5.459999999999997,"[0.4669999999999999, 0.07899999999999983]",4583105,"[4.669999999999999, 0.7899999999999984]",0.030900299549102783,3.708035945892334,MinimaxSolutionConcept,3.282499999999999,1.1754440650239384,0.03152788877487182,0.0008238849107174265,3.783346652984619,0.09886618928609131,COMPLETE
