number,value,datetime_start,datetime_complete,duration,params_episode_length,params_epsilon_max,params_epsilon_min,params_gamma,params_learning_rate,params_num_episodes,user_attrs_base_seed,user_attrs_collective_reward_mean,user_attrs_collective_reward_std,user_attrs_individual_reward_agent0_mean,user_attrs_individual_reward_agent0_std,user_attrs_num_episodes_mean,user_attrs_num_parallel_runs,user_attrs_run_0_collective_reward,user_attrs_run_0_individual_rewards,user_attrs_run_0_seed,user_attrs_run_0_total_individual_rewards,user_attrs_run_0_training_time_per_episode,user_attrs_run_0_training_time_total,user_attrs_run_1_collective_reward,user_attrs_run_1_individual_rewards,user_attrs_run_1_seed,user_attrs_run_1_total_individual_rewards,user_attrs_run_1_training_time_per_episode,user_attrs_run_1_training_time_total,user_attrs_run_2_collective_reward,user_attrs_run_2_individual_rewards,user_attrs_run_2_seed,user_attrs_run_2_total_individual_rewards,user_attrs_run_2_training_time_per_episode,user_attrs_run_2_training_time_total,user_attrs_run_3_collective_reward,user_attrs_run_3_individual_rewards,user_attrs_run_3_seed,user_attrs_run_3_total_individual_rewards,user_attrs_run_3_training_time_per_episode,user_attrs_run_3_training_time_total,user_attrs_solution_concept,user_attrs_total_individual_reward_agent0_mean,user_attrs_total_individual_reward_agent0_std,user_attrs_training_time_per_episode_mean,user_attrs_training_time_per_episode_std,user_attrs_training_time_total_mean,user_attrs_training_time_total_std,state
513,4.9,2025-06-12 22:50:16.226366,2025-06-12 22:50:19.279120,0 days 00:00:03.052754,16,0.968449780169639,0.1342169953883949,0.9989984181596416,0.039371579705032245,344,5131416,4.9,2.8810154459842803,0.3872499999999999,0.36838456468750147,340.0,4,8.31,"[0.7539999999999999, 0.07699999999999999]",5131416,"[7.539999999999999, 0.7699999999999998]",0.00806207306244794,2.7411048412323,2.62,"[0.077, 0.18500000000000005]",5132416,"[0.77, 1.8500000000000005]",0.008431533504934871,2.8667213916778564,1.5299999999999998,"[-0.03499999999999999, 0.18800000000000003]",5133416,"[-0.34999999999999987, 1.8800000000000003]",0.008342268887688131,2.836371421813965,7.140000000000001,"[0.7529999999999999, -0.03900000000000001]",5134416,"[7.529999999999999, -0.39000000000000007]",0.008307099342346191,2.824413776397705,WelfareSolutionConcept,3.8724999999999996,3.6838456468750147,0.008285743699354284,0.00013687072516529018,2.8171528577804565,0.046536046556198696,COMPLETE
514,2.4399999999999995,2025-06-12 22:50:19.299142,2025-06-12 22:50:22.032533,0 days 00:00:02.733391,26,0.9464869207452391,0.1507816381503667,0.9266905947939461,0.061522660871617646,203,5141419,2.4399999999999995,2.795147581076892,0.308,0.2065550774006778,200.0,4,6.199999999999999,"[0.49700000000000005, 0.12299999999999996]",5141419,"[4.970000000000001, 1.2299999999999995]",0.01172546148300171,2.345092296600342,3.6899999999999995,"[0.495, -0.12600000000000006]",5142419,"[4.95, -1.2600000000000007]",0.012273235321044922,2.4546470642089844,-1.2900000000000005,"[-0.001000000000000023, -0.12800000000000006]",5143419,"[-0.010000000000000231, -1.2800000000000007]",0.012430508136749268,2.4861016273498535,1.1599999999999993,"[0.24099999999999996, -0.12500000000000003]",5144419,"[2.4099999999999997, -1.2500000000000002]",0.012774896621704102,2.5549793243408203,WelfareSolutionConcept,3.0800000000000005,2.0655507740067782,0.012301025390625001,0.000378604617283705,2.460205078125,0.07572092345674099,COMPLETE
515,2.914999999999999,2025-06-12 22:50:22.048317,2025-06-12 22:50:25.035082,0 days 00:00:02.986765,29,0.9727481101370827,0.0533585260331518,0.9646691430281892,0.07705973329995786,199,5151422,2.914999999999999,2.483993760056575,0.47950000000000004,0.17962808800407584,190.0,4,2.0299999999999994,"[0.48299999999999993, -0.28000000000000014]",5151422,"[4.829999999999999, -2.8000000000000016]",0.01400077970404374,2.6601481437683105,0.5799999999999988,"[0.22599999999999998, -0.16800000000000007]",5152422,"[2.26, -1.6800000000000006]",0.012697374193291915,2.412501096725464,7.1,"[0.7340000000000001, -0.02400000000000006]",5153422,"[7.340000000000001, -0.2400000000000006]",0.013017983185617548,2.473416805267334,1.949999999999999,"[0.475, -0.28000000000000014]",5154422,"[4.75, -2.8000000000000016]",0.014764357867993806,2.8052279949188232,WelfareSolutionConcept,4.795,1.7962808800407584,0.013620123737736752,0.0008167329238817605,2.587823510169983,0.15517925553753453,COMPLETE
516,6.887500000000001,2025-06-12 22:50:27.480501,2025-06-12 22:50:29.817185,0 days 00:00:02.336684,13,0.6893220119574102,0.13154976283714165,0.9959455341261912,0.05102955996237741,270,5161427,6.887500000000001,2.800646130806247,0.5665,0.15830113707740703,270.0,4,4.200000000000001,"[0.5399999999999999, -0.11999999999999997]",5161427,"[5.3999999999999995, -1.1999999999999997]",0.007696830784832989,2.0781443119049072,10.670000000000002,"[0.7550000000000001, 0.312]",5162427,"[7.550000000000001, 3.12]",0.007126844370806659,1.9242479801177979,4.1899999999999995,"[0.32599999999999996, 0.09300000000000003]",5163427,"[3.26, 0.9300000000000003]",0.007721723450554742,2.0848653316497803,8.49,"[0.6449999999999999, 0.20400000000000001]",5164427,"[6.449999999999999, 2.04]",0.0073591179317898225,1.986961841583252,WelfareSolutionConcept,5.665,1.5830113707740703,0.007476129134496053,0.00024734452401766285,2.0185548663139343,0.06678302148476904,COMPLETE
517,5.1775,2025-06-12 22:50:29.833029,2025-06-12 22:50:33.220429,0 days 00:00:03.387400,12,0.6723025567718384,0.1433297016290761,0.9774930323511368,0.055971558606381124,449,5171429,5.1775,2.0751069249559166,0.38475000000000004,0.16444052876344076,440.0,4,6.57,"[0.438, 0.219]",5171429,"[4.38, 2.19]",0.006911046396602284,3.040860414505005,2.2200000000000006,"[0.1120000000000001, 0.11000000000000001]",5172429,"[1.120000000000001, 1.1]",0.006961914084174416,3.063242197036743,4.330000000000001,"[0.43599999999999994, -0.0029999999999999914]",5173429,"[4.359999999999999, -0.029999999999999916]",0.007082995501431552,3.116518020629883,7.590000000000001,"[0.553, 0.20600000000000002]",5174429,"[5.53, 2.06]",0.007050276344472712,3.102121591567993,WelfareSolutionConcept,3.8475,1.6444052876344075,0.007001558081670241,6.85009746995628e-05,3.080685555934906,0.030140428867807628,COMPLETE
518,6.619999999999999,2025-06-12 22:50:33.235448,2025-06-12 22:50:35.272230,0 days 00:00:02.036782,11,0.9634896424213504,0.16391662836989734,0.9806612560628345,0.0027369583421096998,303,5181433,6.619999999999999,1.8304780796283795,0.52225,0.23217059999061038,300.0,4,7.720000000000001,"[0.557, 0.21500000000000002]",5181433,"[5.57, 2.1500000000000004]",0.006089784304300944,1.8269352912902832,7.679999999999999,"[0.868, -0.09999999999999999]",5182433,"[8.68, -0.9999999999999999]",0.005857779979705811,1.7573339939117432,7.63,"[0.438, 0.32499999999999996]",5183433,"[4.38, 3.2499999999999996]",0.005909732977549235,1.7729198932647705,3.4499999999999997,"[0.22599999999999992, 0.119]",5184433,"[2.2599999999999993, 1.19]",0.006138606866200765,1.8415820598602295,WelfareSolutionConcept,5.222499999999999,2.321705999906104,0.005998976031939189,0.00011794443620731916,1.7996928095817566,0.03538333086219577,COMPLETE
519,4.9125000000000005,2025-06-12 22:50:35.291965,2025-06-12 22:50:38.922044,0 days 00:00:03.630079,14,0.6603126617042777,0.11409995596440123,0.9916455713264819,0.04501676512710755,425,5191435,4.9125000000000005,0.4864861251875537,0.45425000000000004,0.16341109968420134,420.0,4,5.200000000000001,"[0.42600000000000005, 0.09400000000000003]",5191435,"[4.260000000000001, 0.9400000000000003]",0.007656135445549375,3.2155768871307373,4.07,"[0.20600000000000004, 0.201]",5192435,"[2.0600000000000005, 2.0100000000000002]",0.008123393853505452,3.41182541847229,5.200000000000001,"[0.5370000000000001, -0.016999999999999994]",5193435,"[5.370000000000001, -0.16999999999999993]",0.007611267339615595,3.19673228263855,5.18,"[0.6479999999999999, -0.12999999999999995]",5194435,"[6.479999999999999, -1.2999999999999994]",0.007601167474474225,3.192490339279175,WelfareSolutionConcept,4.5425,1.6341109968420133,0.007747991028286162,0.00021772416738857455,3.254156231880188,0.09144415030320145,COMPLETE
520,5.720000000000001,2025-06-12 22:50:38.937319,2025-06-12 22:50:42.288402,0 days 00:00:03.351083,12,0.6485830661005915,0.12988400029008268,0.9299715551564407,0.0043075930026003385,432,5201439,5.720000000000001,1.3937897976380802,0.5182500000000001,0.15758390622141588,430.0,4,7.580000000000001,"[0.759, -0.0009999999999999898]",5201439,"[7.59, -0.009999999999999898]",0.007122303718744323,3.0625905990600586,6.550000000000001,"[0.43800000000000006, 0.217]",5202439,"[4.380000000000001, 2.17]",0.0072004190711087955,3.0961802005767822,4.420000000000001,"[0.3330000000000001, 0.10900000000000007]",5203439,"[3.330000000000001, 1.0900000000000007]",0.007008868040040482,3.0138132572174072,4.33,"[0.5429999999999999, -0.10999999999999999]",5204439,"[5.43, -1.0999999999999999]",0.007352378756500954,3.16152286529541,WelfareSolutionConcept,5.1825,1.5758390622141585,0.007170992396598639,0.00012492181061761847,3.0835267305374146,0.053716378565576005,COMPLETE
521,5.2975,2025-06-12 22:50:44.758697,2025-06-12 22:50:47.483267,0 days 00:00:02.724570,20,0.948166636158811,0.13940627750004714,0.9681966607970977,0.06318497306262842,258,5211444,5.2975,1.3330674214007336,0.45525000000000004,0.13458338493291064,250.0,4,6.87,"[0.639, 0.047999999999999966]",5211444,"[6.390000000000001, 0.47999999999999965]",0.009033328056335449,2.2583320140838623,5.61,"[0.4, 0.16099999999999998]",5212444,"[4.0, 1.6099999999999999]",0.009416990280151367,2.354247570037842,3.1799999999999993,"[0.5079999999999999, -0.19]",5213444,"[5.079999999999999, -1.9]",0.010182794570922851,2.545698642730713,5.53,"[0.274, 0.279]",5214444,"[2.74, 2.79]",0.009599139213562011,2.399784803390503,WelfareSolutionConcept,4.5525,1.3458338493291064,0.009558063030242921,0.0004144951943076216,2.38951575756073,0.10362379857690543,COMPLETE
522,6.685,2025-06-12 22:50:47.498753,2025-06-12 22:50:49.065925,0 days 00:00:01.567172,11,0.9265182465359808,0.12270196175015861,0.9343139403942767,0.07441202565053315,210,5221447,6.685,2.0231843712326367,0.4705,0.1931844973076256,210.0,4,7.779999999999999,"[0.44699999999999995, 0.33099999999999996]",5221447,"[4.47, 3.3099999999999996]",0.005425572395324707,1.1393702030181885,3.4399999999999995,"[0.227, 0.11699999999999995]",5222447,"[2.27, 1.1699999999999995]",0.00662010737827846,1.3902225494384766,6.68,"[0.768, -0.09999999999999999]",5223447,"[7.68, -0.9999999999999999]",0.006173257600693476,1.2963840961456299,8.84,"[0.43999999999999995, 0.44399999999999995]",5224447,"[4.3999999999999995, 4.4399999999999995]",0.006314293543497721,1.3260016441345215,WelfareSolutionConcept,4.705,1.931844973076256,0.006133307729448591,0.00043937883949043293,1.287994623184204,0.09226955629299091,COMPLETE
523,5.7975,2025-06-12 22:50:49.080995,2025-06-12 22:50:51.428659,0 days 00:00:02.347664,13,0.974309805704917,0.05849639198469139,0.9749822350205942,0.0016864695291085657,285,5231449,5.7975,2.2384969845858627,0.48324999999999996,0.1654741293979213,280.0,4,3.1300000000000003,"[0.32199999999999995, -0.008999999999999994]",5231449,"[3.2199999999999998, -0.08999999999999994]",0.007219518933977399,2.021465301513672,4.16,"[0.31399999999999995, 0.10200000000000006]",5232449,"[3.1399999999999997, 1.0200000000000007]",0.007239032643181937,2.0269291400909424,8.65,"[0.6599999999999999, 0.20500000000000002]",5233449,"[6.6, 2.0500000000000003]",0.006920064347130912,1.9376180171966553,7.25,"[0.637, 0.088]",5234449,"[6.37, 0.8799999999999999]",0.007733597074236188,2.165407180786133,WelfareSolutionConcept,4.8325,1.654741293979213,0.007278053249631609,0.00029181548291935626,2.0378549098968506,0.08170833521741977,COMPLETE
524,5.327500000000001,2025-06-12 22:50:51.443879,2025-06-12 22:50:54.863155,0 days 00:00:03.419276,15,0.9421970260165541,0.08093838244962688,0.9816667161523964,0.03803200069518441,415,5241451,5.327500000000001,1.6319217965331547,0.5337500000000001,0.2090650317484969,410.0,4,7.24,"[0.7500000000000001, -0.026000000000000002]",5241451,"[7.500000000000001, -0.26]",0.0075196359215713125,3.0830507278442383,6.140000000000001,"[0.6519999999999999, -0.038]",5242451,"[6.52, -0.38]",0.007583047122490115,3.1090493202209473,2.8200000000000007,"[0.19599999999999998, 0.08600000000000005]",5243451,"[1.9599999999999997, 0.8600000000000005]",0.007645615717259849,3.134702444076538,5.1099999999999985,"[0.5370000000000001, -0.02599999999999999]",5244451,"[5.370000000000001, -0.2599999999999999]",0.00763209854684225,3.1291604042053223,WelfareSolutionConcept,5.3375,2.0906503174849687,0.0075950993270408815,4.9398454293285015e-05,3.1139907240867615,0.020253366260246736,COMPLETE
525,5.5825000000000005,2025-06-12 22:50:54.878847,2025-06-12 22:50:56.446371,0 days 00:00:01.567524,11,0.7128045232536293,0.14507721690455647,0.972827856239352,0.012449844280327168,193,5251454,5.5825000000000005,2.3146422509752997,0.41525,0.23524920297420782,190.0,4,3.3999999999999995,"[0.33699999999999997, 0.0030000000000000014]",5251454,"[3.3699999999999997, 0.030000000000000013]",0.0066272421887046415,1.2591760158538818,6.65,"[0.11500000000000002, 0.55]",5252454,"[1.1500000000000001, 5.5]",0.006758319704156173,1.2840807437896729,3.41,"[0.441, -0.09999999999999999]",5253454,"[4.41, -0.9999999999999999]",0.007234697592885871,1.3745925426483154,8.870000000000001,"[0.7680000000000001, 0.119]",5254454,"[7.6800000000000015, 1.19]",0.0071628369783100325,1.3609390258789062,WelfareSolutionConcept,4.1525,2.352492029742078,0.006945774116014179,0.0002584544480736668,1.319697082042694,0.04910634513399674,COMPLETE
526,2.7924999999999986,2025-06-12 22:50:58.939377,2025-06-12 22:51:04.812004,0 days 00:00:05.872627,37,0.9559577842047746,0.061940479721335345,0.9378956259734046,0.048653579539250556,339,5261459,2.7924999999999986,3.5597779073981575,0.3817499999999999,0.20209326436078964,330.0,4,1.9699999999999982,"[0.1809999999999999, 0.015999999999999893]",5261459,"[1.8099999999999992, 0.15999999999999892]",0.015449271057591293,5.098259449005127,8.77,"[0.719, 0.15799999999999992]",5262459,"[7.1899999999999995, 1.5799999999999992]",0.01587622237927986,5.2391533851623535,0.919999999999998,"[0.3159999999999999, -0.22400000000000014]",5263459,"[3.159999999999999, -2.2400000000000015]",0.01721712386969364,5.681650876998901,-0.4900000000000021,"[0.31099999999999983, -0.3600000000000002]",5264459,"[3.1099999999999985, -3.6000000000000023]",0.017068821011167586,5.632710933685303,WelfareSolutionConcept,3.817499999999999,2.0209326436078965,0.016402859579433098,0.0007571672160964568,5.412943661212921,0.24986518131183058,COMPLETE
527,7.3725000000000005,2025-06-12 22:51:04.827434,2025-06-12 22:51:07.123192,0 days 00:00:02.295758,12,0.6798070600166237,0.12567267187455666,0.9782512909128825,0.06543403593199038,278,5271464,7.3725000000000005,2.0677448464450348,0.6829999999999999,0.15956973397232946,270.0,4,4.420000000000001,"[0.441, 0.001000000000000012]",5271464,"[4.41, 0.01000000000000012]",0.0073235344003748015,1.9773542881011963,6.55,"[0.6539999999999999, 0.001000000000000012]",5272464,"[6.539999999999999, 0.01000000000000012]",0.007543206214904785,2.036665678024292,8.72,"[0.765, 0.10700000000000003]",5273464,"[7.65, 1.0700000000000003]",0.007298698248686614,1.9706485271453857,9.8,"[0.8719999999999999, 0.10800000000000005]",5274464,"[8.719999999999999, 1.0800000000000005]",0.007823725982948585,2.112406015396118,WelfareSolutionConcept,6.83,1.5956973397232943,0.007497291211728697,0.00021112700078373947,2.024268627166748,0.05700429021160972,COMPLETE
528,4.8125,2025-06-12 22:51:07.138224,2025-06-12 22:51:09.396518,0 days 00:00:02.258294,11,0.5307911261115191,0.04451893693363342,0.9706300570298836,0.05482796667652942,266,5281467,4.8125,2.8071816382272097,0.41675,0.15935867563455716,260.0,4,8.88,"[0.659, 0.22899999999999995]",5281467,"[6.59, 2.2899999999999996]",0.00741818226300753,1.928727388381958,5.64,"[0.44499999999999995, 0.119]",5282467,"[4.449999999999999, 1.19]",0.007474913963904747,1.9434776306152344,3.4400000000000004,"[0.33399999999999996, 0.010000000000000007]",5283467,"[3.34, 0.10000000000000007]",0.007637301775125357,1.9856984615325928,1.2900000000000005,"[0.22899999999999995, -0.09999999999999999]",5284467,"[2.2899999999999996, -0.9999999999999999]",0.007597639927497277,1.975386381149292,WelfareSolutionConcept,4.1674999999999995,1.5935867563455715,0.007532009482383728,8.889650771809329e-05,1.9583224654197693,0.0231130920067042,COMPLETE
529,7.045,2025-06-12 22:51:09.412008,2025-06-12 22:51:11.714456,0 days 00:00:02.302448,10,0.9175930683751607,0.07310121276596171,0.9457445804999475,0.08196984137955257,355,5291469,7.045,2.254911306459747,0.52675,0.0884770450455936,350.0,4,6.840000000000001,"[0.449, 0.23500000000000001]",5291469,"[4.49, 2.35]",0.005875364031110491,2.056377410888672,9.81,"[0.5429999999999999, 0.43800000000000006]",5292469,"[5.43, 4.380000000000001]",0.00606226852961949,2.1217939853668213,7.930000000000001,"[0.665, 0.12799999999999995]",5293469,"[6.65, 1.2799999999999994]",0.005993287222726004,2.0976505279541016,3.599999999999999,"[0.45000000000000007, -0.08999999999999998]",5294469,"[4.500000000000001, -0.8999999999999998]",0.006037663732256208,2.113182306289673,WelfareSolutionConcept,5.2675,0.8847704504559359,0.005992145878928048,7.181288839224133e-05,2.097251057624817,0.025134510937284422,COMPLETE
530,4.705,2025-06-12 22:51:11.730108,2025-06-12 22:51:13.995205,0 days 00:00:02.265097,13,0.5473391682315099,0.022004077042580384,0.9759455285112733,0.002455337752409566,246,5301471,4.705,2.371133695091865,0.42874999999999996,0.20527588143763992,240.0,4,5.25,"[0.42699999999999994, 0.098]",5301471,"[4.27, 0.98]",0.008656221628189086,2.077493190765381,0.9099999999999999,"[0.101, -0.009999999999999985]",5302471,"[1.01, -0.09999999999999984]",0.008398765325546264,2.0157036781311035,5.210000000000001,"[0.5349999999999999, -0.01399999999999999]",5303471,"[5.35, -0.1399999999999999]",0.008395870526631674,2.0150089263916016,7.45,"[0.652, 0.09300000000000003]",5304471,"[6.5200000000000005, 0.9300000000000003]",0.007567305366198222,1.8161532878875732,WelfareSolutionConcept,4.2875,2.0527588143763995,0.008254540711641311,0.0004106138193626056,1.9810897707939148,0.09854731664702537,COMPLETE
531,5.7675,2025-06-12 22:51:16.571588,2025-06-12 22:51:18.897071,0 days 00:00:02.325483,12,0.9793644889150558,0.07922303622479128,0.9599265388038151,0.043185105823706875,292,5311476,5.7675,2.488828790817078,0.4674999999999999,0.08973711606687611,290.0,4,4.42,"[0.331, 0.11100000000000003]",5311476,"[3.31, 1.1100000000000003]",0.006819300815976899,1.9775972366333008,5.440000000000001,"[0.5449999999999999, -0.0009999999999999898]",5312476,"[5.449999999999999, -0.009999999999999898]",0.007096714809023101,2.058047294616699,9.879999999999999,"[0.5509999999999999, 0.437]",5313476,"[5.51, 4.37]",0.007325636107346108,2.124434471130371,3.33,"[0.44299999999999995, -0.10999999999999999]",5314476,"[4.43, -1.0999999999999999]",0.00708126528509732,2.0535669326782227,WelfareSolutionConcept,4.675,0.8973711606687612,0.007080729254360857,0.00017929028161184867,2.0534114837646484,0.051994181667436065,COMPLETE
532,5.03,2025-06-12 22:51:18.913112,2025-06-12 22:51:21.524594,0 days 00:00:02.611482,11,0.6660831606477376,0.13669284352553127,0.9830637668123565,0.038353417511097464,349,5321478,5.03,1.259067114970445,0.4155,0.14097606179773928,340.0,4,4.49,"[0.33199999999999996, 0.11700000000000002]",5321478,"[3.3199999999999994, 1.1700000000000002]",0.006924610278185676,2.35436749458313,5.61,"[0.5519999999999999, 0.009000000000000018]",5322478,"[5.52, 0.09000000000000019]",0.006715531208935906,2.283280611038208,3.3200000000000003,"[0.22699999999999995, 0.10500000000000001]",5323478,"[2.2699999999999996, 1.05]",0.007117167641134823,2.41983699798584,6.7,"[0.551, 0.11899999999999997]",5324478,"[5.510000000000001, 1.1899999999999997]",0.006708444567287669,2.2808711528778076,WelfareSolutionConcept,4.155,1.409760617977393,0.006866438423886019,0.0001688076947755033,2.3345890641212463,0.05739461622367114,COMPLETE
533,2.8625,2025-06-12 22:51:21.539954,2025-06-12 22:51:23.153349,0 days 00:00:01.613395,13,0.967567820086622,0.07620130896341536,0.9794779509465468,0.052703903353234646,195,5331481,2.8625,2.759378326725061,0.24075000000000005,0.2538073826743422,190.0,4,-1.2799999999999996,"[-0.007999999999999983, -0.11999999999999997]",5331481,"[-0.07999999999999982, -1.1999999999999997]",0.007433646603634483,1.4123928546905518,3.17,"[0.21300000000000008, 0.10400000000000002]",5332481,"[2.130000000000001, 1.0400000000000003]",0.007399931706880268,1.405987024307251,3.0700000000000007,"[0.09900000000000003, 0.20799999999999996]",5333481,"[0.9900000000000003, 2.0799999999999996]",0.007388057206806384,1.403730869293213,6.489999999999999,"[0.659, -0.009999999999999985]",5334481,"[6.59, -0.09999999999999984]",0.007531886351735968,1.431058406829834,WelfareSolutionConcept,2.4075,2.538073826743422,0.0074383804672642755,5.651658520708472e-05,1.4132922887802124,0.010738151189346096,COMPLETE
