number,value,datetime_start,datetime_complete,duration,params_episode_length,params_epsilon_max,params_epsilon_min,params_gamma,params_learning_rate,params_num_episodes,user_attrs_base_seed,user_attrs_collective_reward_mean,user_attrs_collective_reward_std,user_attrs_individual_reward_agent0_mean,user_attrs_individual_reward_agent0_std,user_attrs_num_episodes_mean,user_attrs_num_parallel_runs,user_attrs_run_0_collective_reward,user_attrs_run_0_individual_rewards,user_attrs_run_0_seed,user_attrs_run_0_total_individual_rewards,user_attrs_run_0_training_time_per_episode,user_attrs_run_0_training_time_total,user_attrs_run_1_collective_reward,user_attrs_run_1_individual_rewards,user_attrs_run_1_seed,user_attrs_run_1_total_individual_rewards,user_attrs_run_1_training_time_per_episode,user_attrs_run_1_training_time_total,user_attrs_run_2_collective_reward,user_attrs_run_2_individual_rewards,user_attrs_run_2_seed,user_attrs_run_2_total_individual_rewards,user_attrs_run_2_training_time_per_episode,user_attrs_run_2_training_time_total,user_attrs_run_3_collective_reward,user_attrs_run_3_individual_rewards,user_attrs_run_3_seed,user_attrs_run_3_total_individual_rewards,user_attrs_run_3_training_time_per_episode,user_attrs_run_3_training_time_total,user_attrs_solution_concept,user_attrs_total_individual_reward_agent0_mean,user_attrs_total_individual_reward_agent0_std,user_attrs_training_time_per_episode_mean,user_attrs_training_time_per_episode_std,user_attrs_training_time_total_mean,user_attrs_training_time_total_std,state
233,6.1475,2025-06-12 22:05:48.574944,2025-06-12 22:05:52.651871,0 days 00:00:04.076927,11,0.9781701798947503,0.07106475146718784,0.9308316342775068,0.032305984576364605,391,2338748,6.1475,2.389323910649203,0.4185,0.11850421933416551,390.0,4,5.66,"[0.446, 0.11999999999999997]",2338748,"[4.46, 1.1999999999999997]",0.009895764253078363,3.8593480587005615,3.4199999999999995,"[0.22899999999999995, 0.11300000000000002]",2339748,"[2.2899999999999996, 1.1300000000000001]",0.007072742168719952,2.7583694458007812,5.52,"[0.44299999999999995, 0.10899999999999999]",2340748,"[4.43, 1.0899999999999999]",0.0072212659395658055,2.816293716430664,9.99,"[0.556, 0.44299999999999995]",2341748,"[5.5600000000000005, 4.43]",0.009539036261729705,3.720224142074585,WelfareSolutionConcept,4.1850000000000005,1.185042193341655,0.008432202155773456,0.001292438947000817,3.288558840751648,0.5040511893303187,COMPLETE
234,7.077500000000001,2025-06-12 22:05:52.678050,2025-06-12 22:05:55.347621,0 days 00:00:02.669571,10,0.9921761120234672,0.08592333397197183,0.9356524997551726,0.03973661650982464,189,2348752,7.077500000000001,2.02610926408227,0.6095,0.17654248780392778,180.0,4,4.69,"[0.45100000000000007, 0.018000000000000013]",2348752,"[4.510000000000001, 0.18000000000000013]",0.012982156541612413,2.3367881774902344,9.98,"[0.877, 0.121]",2349752,"[8.77, 1.21]",0.012862798902723524,2.3153038024902344,5.780000000000001,"[0.45000000000000007, 0.12799999999999995]",2350752,"[4.500000000000001, 1.2799999999999994]",0.013014704651302762,2.342646837234497,7.86,"[0.66, 0.12600000000000003]",2351752,"[6.6000000000000005, 1.2600000000000002]",0.013318920135498047,2.3974056243896484,WelfareSolutionConcept,6.095000000000001,1.7654248780392776,0.013044645057784188,0.00016814880683409063,2.3480361104011536,0.030266785230136338,COMPLETE
235,6.007500000000001,2025-06-12 22:05:55.377966,2025-06-12 22:05:58.037440,0 days 00:00:02.659474,10,0.6241360523072024,0.08561956518002066,0.9348902872151171,0.03990100798516769,213,2358755,6.007500000000001,1.3847450126286796,0.532,0.16074980559863825,210.0,4,6.780000000000001,"[0.558, 0.11999999999999995]",2358755,"[5.58, 1.1999999999999995]",0.01037098453158424,2.1779067516326904,3.6099999999999994,"[0.45100000000000007, -0.08999999999999998]",2359755,"[4.510000000000001, -0.8999999999999998]",0.010977816581726075,2.3053414821624756,6.770000000000001,"[0.3420000000000001, 0.3350000000000001]",2360755,"[3.420000000000001, 3.3500000000000005]",0.011700986680530366,2.457207202911377,6.870000000000001,"[0.777, -0.08999999999999998]",2361755,"[7.7700000000000005, -0.8999999999999998]",0.009770386559622628,2.051781177520752,WelfareSolutionConcept,5.32,1.6074980559863827,0.010705043588365826,0.0007161506411946167,2.2480591535568237,0.15039163465086947,COMPLETE
236,8.115,2025-06-12 22:05:59.634509,2025-06-12 22:06:01.942061,0 days 00:00:02.307552,13,0.6446894873627569,0.09292014225282501,0.934875889854809,0.04426872245304434,187,2368759,8.115,1.2142178552467424,0.82125,0.056331052715176605,180.0,4,8.669999999999998,"[0.8790000000000001, -0.011999999999999995]",2368759,"[8.790000000000001, -0.11999999999999995]",0.008215680387285021,1.4788224697113037,9.74,"[0.7609999999999999, 0.213]",2369759,"[7.609999999999999, 2.13]",0.008112525939941407,1.4602546691894531,6.49,"[0.769, -0.11999999999999997]",2370759,"[7.69, -1.1999999999999997]",0.011850876278347439,2.133157730102539,7.5600000000000005,"[0.876, -0.11999999999999997]",2371759,"[8.76, -1.1999999999999997]",0.011262626118130155,2.0272727012634277,WelfareSolutionConcept,8.2125,0.5633105271517659,0.009860427180926005,0.0017094151216388344,1.774876892566681,0.30769472189499025,COMPLETE
237,7.48,2025-06-12 22:06:01.956875,2025-06-12 22:06:04.597278,0 days 00:00:02.640403,13,0.6715245951949157,0.09227977686944162,0.9377878705998712,0.04396513123395348,192,2378762,7.48,1.5035458090793237,0.6757500000000001,0.09468203367059666,190.0,4,9.61,"[0.753, 0.20800000000000005]",2378762,"[7.53, 2.0800000000000005]",0.010324769271047491,1.9617061614990234,7.3999999999999995,"[0.529, 0.21099999999999994]",2379762,"[5.29, 2.1099999999999994]",0.012054817300093801,2.2904152870178223,7.55,"[0.765, -0.009999999999999985]",2380762,"[7.65, -0.09999999999999984]",0.010688762915761848,2.030864953994751,5.360000000000001,"[0.656, -0.11999999999999997]",2381762,"[6.5600000000000005, -1.1999999999999997]",0.012834881481371428,2.4386274814605713,WelfareSolutionConcept,6.7575,0.9468203367059667,0.011475807742068642,0.0010157094340329262,2.180403470993042,0.19298479246625594,COMPLETE
238,4.892500000000001,2025-06-12 22:06:04.614167,2025-06-12 22:06:07.233059,0 days 00:00:02.618892,14,0.6428838512979885,0.09049838253124892,0.938969831835341,0.043607188848093,196,2388764,4.892500000000001,2.070704892059706,0.482,0.1824965753103329,190.0,4,1.8900000000000001,"[0.31900000000000006, -0.12999999999999995]",2388764,"[3.1900000000000004, -1.2999999999999994]",0.009298668409648695,1.766746997833252,6.23,"[0.7530000000000001, -0.12999999999999995]",2389764,"[7.530000000000001, -1.2999999999999994]",0.009110852291709498,1.7310619354248047,7.3,"[0.31100000000000005, 0.41900000000000004]",2390764,"[3.1100000000000003, 4.19]",0.009292227343509072,1.7655231952667236,4.150000000000001,"[0.545, -0.12999999999999995]",2391764,"[5.45, -1.2999999999999994]",0.012897067320974249,2.4504427909851074,WelfareSolutionConcept,4.82,1.8249657531033292,0.010149703841460378,0.0015879818860525536,1.928443729877472,0.3017165583499853,COMPLETE
239,6.139999999999999,2025-06-12 22:06:07.247936,2025-06-12 22:06:09.448557,0 days 00:00:02.200621,13,0.6734303076351851,0.09295767066404309,0.9358483495359974,0.036480003262823454,188,2398767,6.139999999999999,0.9051243008559653,0.5427500000000001,0.10728787210118389,180.0,4,5.28,"[0.43200000000000005, 0.096]",2398767,"[4.32, 0.96]",0.008043261369069417,1.4477870464324951,6.3999999999999995,"[0.6479999999999999, -0.007999999999999983]",2399767,"[6.479999999999999, -0.07999999999999982]",0.00792256063885159,1.4260609149932861,5.369999999999999,"[0.43899999999999995, 0.09800000000000006]",2400767,"[4.39, 0.9800000000000006]",0.007812726497650146,1.4062907695770264,7.51,"[0.6519999999999999, 0.099]",2401767,"[6.52, 0.99]",0.011327691872914632,2.038984537124634,WelfareSolutionConcept,5.427499999999999,1.072878721011839,0.008776560094621447,0.0014751517417048517,1.5797808170318604,0.26552731350687325,COMPLETE
240,6.145,2025-06-12 22:06:09.462936,2025-06-12 22:06:11.696788,0 days 00:00:02.233852,13,0.6361031230009868,0.09564887069067679,0.9307737421065796,0.04483615239485382,176,2408769,6.145,1.681703005884214,0.57,0.1230142268195025,170.0,4,6.349999999999999,"[0.43199999999999994, 0.20299999999999999]",2408769,"[4.319999999999999, 2.03]",0.008372309628654928,1.423292636871338,5.34,"[0.5429999999999999, -0.008999999999999994]",2409769,"[5.43, -0.08999999999999994]",0.012124315430136288,2.061133623123169,4.159999999999999,"[0.5359999999999999, -0.11999999999999997]",2410769,"[5.359999999999999, -1.1999999999999997]",0.008382844924926757,1.4250836372375488,8.73,"[0.769, 0.10400000000000001]",2411769,"[7.69, 1.04]",0.011693540741415584,1.9879019260406494,WelfareSolutionConcept,5.7,1.2301422681950251,0.01014325268128339,0.001772235695990706,1.7243529558181763,0.30128006831842,COMPLETE
241,3.0250000000000004,2025-06-12 22:06:12.842187,2025-06-12 22:06:15.124656,0 days 00:00:02.282469,12,0.6431586142056582,0.08989059301681884,0.9360724571093555,0.03842783136211033,182,2418772,3.0250000000000004,0.8939938478535517,0.33025000000000004,0.07708558555268294,180.0,4,2.2200000000000006,"[0.22200000000000006, 1.1102230246251566e-17]",2418772,"[2.2200000000000006, 1.1102230246251565e-16]",0.011769909328884548,2.1185836791992188,4.37,"[0.328, 0.10900000000000003]",2419772,"[3.2800000000000002, 1.0900000000000003]",0.008280261357625326,1.4904470443725586,3.3,"[0.44000000000000006, -0.10999999999999999]",2420772,"[4.4, -1.0999999999999999]",0.011626529693603515,2.092775344848633,2.210000000000001,"[0.33100000000000007, -0.10999999999999999]",2421772,"[3.3100000000000005, -1.0999999999999999]",0.008408417966630723,1.5135152339935303,WelfareSolutionConcept,3.3025000000000007,0.7708558555268292,0.010021279586686027,0.0016783176815213616,1.803830325603485,0.3020971826738451,COMPLETE
242,6.2375,2025-06-12 22:06:15.139237,2025-06-12 22:06:17.314110,0 days 00:00:02.174873,14,0.6669081479403693,0.08740319335660861,0.9317874491614272,0.05944819005988655,160,2428775,6.2375,3.463490832960295,0.5387500000000001,0.27375205478680886,160.0,4,8.46,"[0.541, 0.30500000000000005]",2428775,"[5.41, 3.0500000000000007]",0.01242118775844574,1.9873900413513184,6.2700000000000005,"[0.7570000000000001, -0.12999999999999995]",2429775,"[7.570000000000001, -1.2999999999999994]",0.009542009234428406,1.526721477508545,0.6100000000000001,"[0.09100000000000005, -0.029999999999999992]",2430775,"[0.9100000000000006, -0.29999999999999993]",0.00921252965927124,1.4740047454833984,9.61,"[0.766, 0.195]",2431775,"[7.66, 1.9500000000000002]",0.01254759132862091,2.0076146125793457,WelfareSolutionConcept,5.3875,2.7375205478680886,0.010930829495191575,0.0015585620473463578,1.7489327192306519,0.24936992757541726,COMPLETE
243,6.0425,2025-06-12 22:06:17.328767,2025-06-12 22:06:19.693772,0 days 00:00:02.365005,12,0.6385624905948905,0.09378024016115336,0.9391373639916883,0.06862269599262771,196,2438777,6.0425,1.6593127342366778,0.54875,0.1731435459380453,190.0,4,7.71,"[0.6609999999999999, 0.11000000000000001]",2438777,"[6.609999999999999, 1.1]",0.011409394364607962,2.1677849292755127,6.62,"[0.33, 0.332]",2439777,"[3.3000000000000003, 3.3200000000000003]",0.00776271569101434,1.4749159812927246,6.5600000000000005,"[0.766, -0.10999999999999999]",2440777,"[7.66, -1.0999999999999999]",0.008435432534468802,1.6027321815490723,3.2800000000000002,"[0.438, -0.10999999999999999]",2441777,"[4.38, -1.0999999999999999]",0.0115755043531719,2.199345827102661,WelfareSolutionConcept,5.4875,1.7314354593804528,0.00979576173581575,0.0017142830718011876,1.8611947298049927,0.32571378364222575,COMPLETE
244,5.300000000000001,2025-06-12 22:06:19.708106,2025-06-12 22:06:22.143139,0 days 00:00:02.435033,13,0.6577518764988978,0.08357883601395336,0.9338447771757257,0.04654700566708201,193,2448779,5.300000000000001,2.7195771730178944,0.48574999999999996,0.2538694300226004,190.0,4,5.330000000000001,"[0.43100000000000005, 0.10200000000000001]",2448779,"[4.3100000000000005, 1.02]",0.011956005347402472,2.2716410160064697,0.8500000000000001,"[0.10000000000000002, -0.014999999999999986]",2449779,"[1.0000000000000002, -0.14999999999999986]",0.008842345287925319,1.6800456047058105,7.430000000000001,"[0.639, 0.10400000000000002]",2450779,"[6.390000000000001, 1.0400000000000003]",0.011729211556284052,2.2285501956939697,7.59,"[0.7729999999999999, -0.013999999999999985]",2451779,"[7.729999999999999, -0.13999999999999985]",0.008765558192604467,1.6654560565948486,WelfareSolutionConcept,4.8575,2.5386943002260036,0.010323280096054077,0.001521684958497414,1.9614232182502747,0.2891201421145087,COMPLETE
245,2.969999999999998,2025-06-12 22:06:22.158108,2025-06-12 22:06:26.942749,0 days 00:00:04.784641,39,0.9993730241052561,0.0866163018832757,0.9425390465416604,0.054979147348126936,187,2458782,2.969999999999998,1.8211534806270453,0.4742499999999999,0.11421334204023631,180.0,4,0.4699999999999974,"[0.3009999999999998, -0.25400000000000017]",2458782,"[3.009999999999998, -2.540000000000002]",0.02408748600218031,4.335747480392456,4.689999999999999,"[0.575, -0.10600000000000014]",2459782,"[5.75, -1.0600000000000014]",0.017904856469896105,3.222874164581299,4.729999999999999,"[0.579, -0.10600000000000012]",2460782,"[5.789999999999999, -1.0600000000000012]",0.01611325873268975,2.9003865718841553,1.9899999999999984,"[0.442, -0.2430000000000002]",2461782,"[4.42, -2.430000000000002]",0.025662505626678468,4.619251012802124,WelfareSolutionConcept,4.7425,1.1421334204023632,0.02094202670786116,0.004022382335371634,3.7695648074150085,0.7240288203668941,COMPLETE
246,6.2475000000000005,2025-06-12 22:06:28.160762,2025-06-12 22:06:30.085255,0 days 00:00:01.924493,10,0.6481013361021185,0.0774615880689439,0.9356824584715838,0.041996401082841486,177,2468788,6.2475000000000005,1.6212398804618644,0.5825,0.15949686517295564,170.0,4,7.91,"[0.664, 0.127]",2468788,"[6.640000000000001, 1.27]",0.00723870782291188,1.2305803298950195,6.790000000000001,"[0.7689999999999999, -0.08999999999999998]",2469788,"[7.6899999999999995, -0.8999999999999998]",0.010323926981757669,1.7550675868988037,3.5599999999999996,"[0.338, 0.018000000000000013]",2470788,"[3.3800000000000003, 0.18000000000000013]",0.010291914378895478,1.7496254444122314,6.73,"[0.5589999999999999, 0.11400000000000002]",2471788,"[5.59, 1.1400000000000001]",0.007250379113590016,1.2325644493103027,WelfareSolutionConcept,5.825,1.5949686517295565,0.00877623207428876,0.0015317359805420356,1.4919594526290894,0.2603951166921461,COMPLETE
247,4.8925,2025-06-12 22:06:30.099779,2025-06-12 22:06:32.183875,0 days 00:00:02.084096,12,0.6223489193482439,0.09875988349074441,0.9384494446393661,0.03304732825894059,163,2478790,4.8925,1.194055589158227,0.46425000000000005,0.09070660119307748,160.0,4,5.340000000000001,"[0.434, 0.10000000000000005]",2478790,"[4.34, 1.0000000000000004]",0.008552035689353943,1.3683257102966309,6.54,"[0.5450000000000002, 0.10900000000000003]",2479790,"[5.450000000000001, 1.0900000000000003]",0.011731298267841339,1.8770077228546143,3.3,"[0.329, 0.001000000000000012]",2480790,"[3.29, 0.01000000000000012]",0.008395726978778838,1.3433163166046143,4.39,"[0.549, -0.10999999999999999]",2481790,"[5.49, -1.0999999999999999]",0.011972835659980774,1.9156537055969238,WelfareSolutionConcept,4.6425,0.9070660119307749,0.010162974148988724,0.0016921528087092627,1.6260758638381958,0.270744449393482,COMPLETE
248,6.147499999999999,2025-06-12 22:06:32.198290,2025-06-12 22:06:34.321194,0 days 00:00:02.122904,11,0.9902691953159342,0.0810414590855773,0.9340595739928941,0.07538758768881973,200,2488792,6.147499999999999,0.5182361913259244,0.5549999999999999,0.07922120928135347,200.0,4,6.69,"[0.665, 0.004000000000000002]",2488792,"[6.65, 0.04000000000000002]",0.009766614437103272,1.9533228874206543,5.659999999999999,"[0.557, 0.009000000000000006]",2489792,"[5.57, 0.09000000000000007]",0.006836178302764892,1.3672356605529785,5.6,"[0.557, 0.003000000000000012]",2490792,"[5.57, 0.030000000000000124]",0.006820847988128662,1.3641695976257324,6.639999999999999,"[0.44099999999999995, 0.22299999999999995]",2491792,"[4.409999999999999, 2.2299999999999995]",0.009795087575912475,1.9590175151824951,WelfareSolutionConcept,5.55,0.7922120928135348,0.008304682075977326,0.001476213205718017,1.660936415195465,0.2952426411436034,COMPLETE
249,4.3950000000000005,2025-06-12 22:06:34.335453,2025-06-12 22:06:36.206667,0 days 00:00:01.871214,10,0.9715099722234908,0.09174905542430119,0.9184548388202013,0.05167816811611376,185,2498794,4.3950000000000005,2.658839032359801,0.5025000000000002,0.27799685250016776,180.0,4,2.5300000000000002,"[0.3430000000000001, -0.08999999999999998]",2498794,"[3.4300000000000006, -0.8999999999999998]",0.009475403361850314,1.7055726051330566,2.5300000000000002,"[0.3430000000000001, -0.08999999999999998]",2499794,"[3.4300000000000006, -0.8999999999999998]",0.009467864036560058,1.7042155265808105,3.58,"[0.33999999999999997, 0.018000000000000013]",2500794,"[3.3999999999999995, 0.18000000000000013]",0.00682503514819675,1.228506326675415,8.940000000000001,"[0.9840000000000002, -0.08999999999999998]",2501794,"[9.840000000000002, -0.8999999999999998]",0.006617591116163466,1.1911664009094238,WelfareSolutionConcept,5.025,2.779968525001678,0.008096473415692647,0.0013771172930552408,1.4573652148246765,0.2478811127499434,COMPLETE
250,5.595,2025-06-12 22:06:36.221048,2025-06-12 22:06:40.152674,0 days 00:00:03.931626,13,0.9784286438537164,0.09395078470898854,0.9281080471521848,0.06398459391869184,369,2508796,5.595,2.3945093443125254,0.62475,0.1807157643925953,360.0,4,8.67,"[0.768, 0.099]",2508796,"[7.68, 0.99]",0.0100955069065094,3.634382486343384,2.0300000000000002,"[0.323, -0.11999999999999997]",2509796,"[3.23, -1.1999999999999997]",0.007535960939195421,2.7129459381103516,5.27,"[0.647, -0.11999999999999997]",2510796,"[6.470000000000001, -1.1999999999999997]",0.007381529278225369,2.657350540161133,6.41,"[0.7610000000000001, -0.11999999999999997]",2511796,"[7.610000000000001, -1.1999999999999997]",0.010469718111885918,3.7690985202789307,WelfareSolutionConcept,6.2475000000000005,1.807157643925953,0.008870678808954027,0.0014191695351159033,3.1934443712234497,0.5109010326417252,COMPLETE
251,5.3575,2025-06-12 22:06:41.394065,2025-06-12 22:06:43.745890,0 days 00:00:02.351825,11,0.9929543371698568,0.07655915496003506,0.933024425133463,0.03930442682848043,225,2518801,5.3575,0.8948568321245579,0.44525000000000003,0.13268830958302247,220.0,4,4.53,"[0.335, 0.11799999999999997]",2518801,"[3.35, 1.1799999999999997]",0.009587054902857,2.10915207862854,6.709999999999999,"[0.44499999999999995, 0.22599999999999992]",2519801,"[4.449999999999999, 2.2599999999999993]",0.009853731502186169,2.167820930480957,4.57,"[0.339, 0.11800000000000002]",2520801,"[3.39, 1.1800000000000002]",0.007359093969518488,1.6190006732940674,5.62,"[0.6620000000000001, -0.09999999999999999]",2521801,"[6.620000000000001, -0.9999999999999999]",0.00798699747432362,1.7571394443511963,WelfareSolutionConcept,4.452500000000001,1.3268830958302247,0.008696719462221319,0.00105170353668578,1.9132782816886902,0.2313747780708715,COMPLETE
252,6.315,2025-06-12 22:06:43.765658,2025-06-12 22:06:46.750429,0 days 00:00:02.984771,14,0.5900835530580304,0.09822269971237067,0.9294140677599432,0.08545453161185722,212,2528803,6.315,1.3432330400939367,0.59375,0.18218860419905522,210.0,4,6.290000000000001,"[0.7590000000000001, -0.12999999999999995]",2528803,"[7.590000000000002, -1.2999999999999994]",0.013365592275347029,2.806774377822876,7.430000000000001,"[0.5389999999999999, 0.20400000000000004]",2529803,"[5.389999999999999, 2.0400000000000005]",0.009747002238319034,2.046870470046997,4.130000000000001,"[0.31900000000000006, 0.094]",2530803,"[3.1900000000000004, 0.94]",0.009715692202250163,2.040295362472534,7.409999999999999,"[0.758, -0.016999999999999994]",2531803,"[7.58, -0.16999999999999993]",0.012850753466288249,2.6986582279205322,WelfareSolutionConcept,5.9375,1.8218860419905525,0.01141976004555112,0.0016982322524417663,2.398149609565735,0.3566287730127709,COMPLETE
253,3.8125000000000004,2025-06-12 22:06:46.764999,2025-06-12 22:06:48.929025,0 days 00:00:02.164026,12,0.9270509827292384,0.08709799467071389,0.936873157695074,0.04675372381339979,193,2538806,3.8125000000000004,2.9272032300474113,0.381,0.24768629352469218,190.0,4,5.3900000000000015,"[0.6489999999999998, -0.10999999999999999]",2538806,"[6.489999999999998, -1.0999999999999999]",0.0078601924996627,1.493436574935913,0.010000000000000231,"[0.001000000000000012, 1.1102230246251566e-17]",2539806,"[0.01000000000000012, 1.1102230246251565e-16]",0.007611224525853207,1.4461326599121094,7.6499999999999995,"[0.544, 0.22100000000000003]",2540806,"[5.44, 2.2100000000000004]",0.00728401635822497,1.3839631080627441,2.200000000000001,"[0.33000000000000007, -0.10999999999999999]",2541806,"[3.3000000000000007, -1.0999999999999999]",0.01053692290657445,2.0020153522491455,WelfareSolutionConcept,3.8099999999999996,2.4768629352469222,0.008323089072578832,0.0012943875695054419,1.581386923789978,0.24593363820603395,COMPLETE
254,6.025000000000001,2025-06-12 22:06:48.943478,2025-06-12 22:06:52.112926,0 days 00:00:03.169448,10,0.9618401324260024,0.07562191714772364,0.9938301523940756,0.057426369483268104,359,2548808,6.025000000000001,2.655903800968703,0.4785,0.20771675425925568,350.0,4,10.010000000000002,"[0.668, 0.333]",2548808,"[6.680000000000001, 3.33]",0.006160718372889927,2.1562514305114746,5.78,"[0.5589999999999999, 0.019000000000000024]",2549808,"[5.59, 0.19000000000000022]",0.005974764823913574,2.091167688369751,5.78,"[0.56, 0.018000000000000013]",2550808,"[5.6000000000000005, 0.18000000000000013]",0.006125572749546596,2.1439504623413086,2.53,"[0.12699999999999997, 0.12599999999999997]",2551808,"[1.2699999999999998, 1.2599999999999998]",0.008581670352390835,3.003584623336792,WelfareSolutionConcept,4.785,2.077167542592557,0.006710681574685233,0.0010824722087599615,2.3487385511398315,0.3788652730659864,COMPLETE
