number,value,datetime_start,datetime_complete,duration,params_episode_length,params_epsilon_max,params_epsilon_min,params_gamma,params_learning_rate,params_num_episodes,user_attrs_base_seed,user_attrs_collective_reward_mean,user_attrs_collective_reward_std,user_attrs_individual_reward_agent0_mean,user_attrs_individual_reward_agent0_std,user_attrs_num_episodes_mean,user_attrs_num_parallel_runs,user_attrs_run_0_collective_reward,user_attrs_run_0_individual_rewards,user_attrs_run_0_seed,user_attrs_run_0_total_individual_rewards,user_attrs_run_0_training_time_per_episode,user_attrs_run_0_training_time_total,user_attrs_run_1_collective_reward,user_attrs_run_1_individual_rewards,user_attrs_run_1_seed,user_attrs_run_1_total_individual_rewards,user_attrs_run_1_training_time_per_episode,user_attrs_run_1_training_time_total,user_attrs_run_2_collective_reward,user_attrs_run_2_individual_rewards,user_attrs_run_2_seed,user_attrs_run_2_total_individual_rewards,user_attrs_run_2_training_time_per_episode,user_attrs_run_2_training_time_total,user_attrs_run_3_collective_reward,user_attrs_run_3_individual_rewards,user_attrs_run_3_seed,user_attrs_run_3_total_individual_rewards,user_attrs_run_3_training_time_per_episode,user_attrs_run_3_training_time_total,user_attrs_solution_concept,user_attrs_total_individual_reward_agent0_mean,user_attrs_total_individual_reward_agent0_std,user_attrs_training_time_per_episode_mean,user_attrs_training_time_per_episode_std,user_attrs_training_time_total_mean,user_attrs_training_time_total_std,state
39,5.8625,2025-06-12 21:17:48.732621,2025-06-12 21:17:52.955899,0 days 00:00:04.223278,29,0.8603217751963234,0.12137467528328597,0.9142862443143719,0.0703077862667867,292,395868,5.8625,2.422595457355602,0.3047499999999999,0.11192491903057157,290.0,4,2.679999999999999,"[0.18699999999999997, 0.08099999999999999]",395868,"[1.8699999999999997, 0.8099999999999998]",0.013921919362298373,4.037356615066528,6.27,"[0.42299999999999993, 0.2039999999999999]",396868,"[4.2299999999999995, 2.039999999999999]",0.013957812868315598,4.047765731811523,9.409999999999998,"[0.41, 0.5309999999999999]",397868,"[4.1, 5.309999999999999]",0.01393785230044661,4.041977167129517,5.089999999999999,"[0.1989999999999999, 0.30999999999999994]",398868,"[1.9899999999999989, 3.0999999999999996]",0.014039563310557399,4.0714733600616455,MinimaxSolutionConcept,3.0474999999999994,1.1192491903057158,0.013964286960404493,4.528312979766589e-05,4.0496432185173035,0.01313210764132302,COMPLETE
40,3.8499999999999988,2025-06-12 21:17:52.970164,2025-06-12 21:17:59.915408,0 days 00:00:06.945244,32,0.9514697691221065,0.13294263413838953,0.975637755421567,0.004205146116094219,463,405873,3.8499999999999988,2.139310636630408,0.24774999999999997,0.16232586824040096,460.0,4,3.259999999999999,"[0.15099999999999994, 0.17499999999999996]",405873,"[1.5099999999999993, 1.7499999999999996]",0.013529184071914009,6.223424673080444,4.279999999999999,"[0.285, 0.14299999999999993]",406873,"[2.8499999999999996, 1.4299999999999993]",0.0141381341478099,6.503541707992554,6.909999999999999,"[0.493, 0.19799999999999995]",407873,"[4.93, 1.9799999999999995]",0.013496299411939538,6.2082977294921875,0.9499999999999983,"[0.06199999999999992, 0.03299999999999993]",408873,"[0.6199999999999992, 0.3299999999999993]",0.014690571245939836,6.757662773132324,MinimaxSolutionConcept,2.4774999999999996,1.6232586824040094,0.01396354721940082,0.00049143575068577,6.423231720924377,0.22606044531545402,COMPLETE
41,6.329999999999998,2025-06-12 21:18:00.140168,2025-06-12 21:18:03.468256,0 days 00:00:03.328088,42,0.9081553789061237,0.09871415308531449,0.9830774427357981,0.03996304317420432,161,415880,6.329999999999998,2.9724568962392044,0.29149999999999987,0.19288532862817742,160.0,4,9.82,"[0.4919999999999999, 0.48999999999999994]",415880,"[4.919999999999999, 4.8999999999999995]",0.019832664728164674,3.1732263565063477,5.459999999999997,"[0.3279999999999999, 0.21799999999999992]",416880,"[3.279999999999999, 2.1799999999999993]",0.019224768877029418,3.075963020324707,8.099999999999998,"[0.3719999999999999, 0.4379999999999999]",417880,"[3.719999999999999, 4.379999999999999]",0.019843988120555878,3.1750380992889404,1.9399999999999982,"[-0.026000000000000145, 0.21999999999999992]",418880,"[-0.26000000000000145, 2.1999999999999993]",0.019414539635181426,3.1063263416290283,MinimaxSolutionConcept,2.9149999999999987,1.9288532862817744,0.01957899034023285,0.00026790455299164305,3.132638454437256,0.042864728478662746,COMPLETE
42,6.384999999999998,2025-06-12 21:18:03.482833,2025-06-12 21:18:06.170856,0 days 00:00:02.688023,39,0.8462985370889573,0.0881882425612634,0.9707259111473503,0.07356143786675466,124,425883,6.384999999999998,2.7522127461371877,0.2539999999999999,0.14253596037491734,120.0,4,1.729999999999999,"[0.16999999999999982, 0.0029999999999998804]",425883,"[1.6999999999999982, 0.029999999999998805]",0.02083488702774048,2.5001864433288574,6.969999999999999,"[0.23699999999999993, 0.45999999999999996]",426883,"[2.369999999999999, 4.6]",0.018718475103378297,2.2462170124053955,8.469999999999999,"[0.48999999999999994, 0.35699999999999993]",427883,"[4.8999999999999995, 3.5699999999999994]",0.019513893127441406,2.3416671752929688,8.37,"[0.11899999999999991, 0.718]",428883,"[1.189999999999999, 7.18]",0.019416425625483194,2.3299710750579834,MinimaxSolutionConcept,2.539999999999999,1.4253596037491736,0.019620920221010845,0.0007650809493998182,2.3545104265213013,0.09180971392797815,COMPLETE
43,5.462499999999999,2025-06-12 21:18:06.186620,2025-06-12 21:18:10.038533,0 days 00:00:03.851913,42,0.8845223626347984,0.052812375540215006,0.9788548498684728,0.029346883956162848,189,435886,5.462499999999999,2.558030248061973,0.32074999999999987,0.22332753412868736,180.0,4,1.8399999999999976,"[-0.030000000000000127, 0.2139999999999999]",435886,"[-0.30000000000000127, 2.1399999999999992]",0.018476925955878364,3.3258466720581055,8.639999999999999,"[0.591, 0.27299999999999996]",436886,"[5.91, 2.7299999999999995]",0.019156854682498507,3.4482338428497314,6.879999999999998,"[0.3709999999999999, 0.31699999999999995]",437886,"[3.709999999999999, 3.1699999999999995]",0.01749193138546414,3.148547649383545,4.489999999999998,"[0.35099999999999987, 0.09799999999999984]",438886,"[3.509999999999999, 0.9799999999999984]",0.02045923603905572,3.6826624870300293,MinimaxSolutionConcept,3.2074999999999987,2.2332753412868733,0.018896237015724182,0.001079210774508311,3.401322662830353,0.19425793941149594,COMPLETE
44,8.322499999999998,2025-06-12 21:18:10.053168,2025-06-12 21:18:13.302555,0 days 00:00:03.249387,48,0.8193133914030817,0.06921902920034458,0.9870518604847567,0.044922200670171566,149,445890,8.322499999999998,4.01627548233435,0.4062499999999999,0.2596154608261997,140.0,4,14.090000000000002,"[0.844, 0.5649999999999998]",445890,"[8.44, 5.649999999999999]",0.020964503288269043,2.935030460357666,4.269999999999998,"[0.16399999999999987, 0.2629999999999999]",446890,"[1.6399999999999988, 2.629999999999999]",0.020570545537131172,2.8798763751983643,4.879999999999997,"[0.31799999999999995, 0.16999999999999987]",447890,"[3.1799999999999997, 1.6999999999999988]",0.021253846372876847,2.975538492202759,10.049999999999997,"[0.2989999999999999, 0.706]",448890,"[2.989999999999999, 7.06]",0.021806837831224713,3.05295729637146,MinimaxSolutionConcept,4.062499999999999,2.5961546082619966,0.021148933257375442,0.00045066394312446206,2.9608506560325623,0.06309295203742468,COMPLETE
45,6.662499999999997,2025-06-12 21:18:13.316768,2025-06-12 21:18:15.701724,0 days 00:00:02.384956,50,0.8260734705459922,0.0716430861686777,0.9912434326720848,0.00048036758914415245,105,455893,6.662499999999997,2.1411606081749213,0.2652499999999999,0.15208118719946925,100.0,4,9.559999999999997,"[0.42099999999999993, 0.5349999999999999]",455893,"[4.209999999999999, 5.35]",0.021762382984161378,2.1762382984161377,5.689999999999998,"[0.4119999999999999, 0.15699999999999986]",456893,"[4.119999999999999, 1.5699999999999985]",0.022270562648773192,2.2270562648773193,3.809999999999997,"[0.09199999999999983, 0.28899999999999987]",457893,"[0.9199999999999984, 2.889999999999999]",0.022347118854522705,2.2347118854522705,7.589999999999997,"[0.13599999999999984, 0.6229999999999999]",458893,"[1.3599999999999985, 6.229999999999999]",0.022303390502929687,2.2303390502929688,MinimaxSolutionConcept,2.652499999999999,1.5208118719946926,0.02217086374759674,0.00023739503395663663,2.217086374759674,0.023739503395663712,COMPLETE
46,7.889999999999998,2025-06-12 21:18:15.949972,2025-06-12 21:18:19.116252,0 days 00:00:03.166280,47,0.9922393665511584,0.10489457457558365,0.9864643847873268,0.011624974507504111,148,465895,7.889999999999998,1.2667478044188598,0.3334999999999999,0.1944922877648366,140.0,4,6.799999999999997,"[0.23199999999999985, 0.44799999999999984]",465895,"[2.3199999999999985, 4.479999999999999]",0.02020554201943534,2.8287758827209473,7.849999999999998,"[0.5819999999999999, 0.20299999999999985]",466895,"[5.8199999999999985, 2.0299999999999985]",0.019673904350825718,2.7543466091156006,9.969999999999999,"[0.44499999999999995, 0.5519999999999998]",467895,"[4.449999999999999, 5.519999999999998]",0.02152435609272548,3.0134098529815674,6.939999999999998,"[0.07499999999999984, 0.619]",468895,"[0.7499999999999984, 6.1899999999999995]",0.017848142555781772,2.4987399578094482,MinimaxSolutionConcept,3.3349999999999986,1.9449228776483658,0.019812986254692078,0.001319359815222355,2.773818075656891,0.18471037413112965,COMPLETE
47,6.087499999999999,2025-06-12 21:18:19.130352,2025-06-12 21:18:22.578119,0 days 00:00:03.447767,33,0.9297770745412122,0.08286966041648636,0.9663890936705779,0.07855474467046979,201,475899,6.087499999999999,1.5092444301702754,0.35299999999999987,0.04766025597916986,200.0,4,7.629999999999998,"[0.3689999999999999, 0.3939999999999999]",475899,"[3.6899999999999986, 3.939999999999999]",0.015564591884613036,3.1129183769226074,3.679999999999999,"[0.3109999999999999, 0.05699999999999992]",476899,"[3.109999999999999, 0.5699999999999992]",0.015424771308898926,3.084954261779785,5.989999999999998,"[0.4239999999999998, 0.17499999999999993]",477899,"[4.239999999999998, 1.7499999999999993]",0.015385086536407471,3.077017307281494,7.049999999999999,"[0.30799999999999994, 0.3969999999999999]",478899,"[3.079999999999999, 3.969999999999999]",0.016351752281188965,3.270350456237793,MinimaxSolutionConcept,3.5299999999999985,0.4766025597916987,0.0156815505027771,0.0003926436615793037,3.13631010055542,0.07852873231586074,COMPLETE
48,8.009999999999998,2025-06-12 21:18:22.592976,2025-06-12 21:18:26.331968,0 days 00:00:03.738992,45,0.8038036860342952,0.05452608819921626,0.9898691014628943,0.05255326442309149,170,485902,8.009999999999998,3.716577726888004,0.41849999999999987,0.14080216617651872,170.0,4,6.609999999999998,"[0.4789999999999999, 0.18199999999999986]",485902,"[4.789999999999999, 1.8199999999999985]",0.02108469430138083,3.584398031234741,9.989999999999997,"[0.45299999999999985, 0.5459999999999999]",486902,"[4.5299999999999985, 5.459999999999999]",0.01974317045772777,3.3563389778137207,12.68,"[0.5579999999999998, 0.71]",487902,"[5.579999999999998, 7.1]",0.019314338179195627,3.283437490463257,2.7599999999999976,"[0.1839999999999999, 0.09199999999999986]",488902,"[1.8399999999999992, 0.9199999999999986]",0.020447164423325483,3.476017951965332,MinimaxSolutionConcept,4.184999999999999,1.4080216617651873,0.02014734184040743,0.0006756058065710359,3.4250481128692627,0.11485298711707605,COMPLETE
49,8.092499999999998,2025-06-12 21:18:26.346261,2025-06-12 21:18:28.982366,0 days 00:00:02.636105,41,0.840849116390039,0.05698052242074326,0.9986127957671616,0.04426549687355015,124,495906,8.092499999999998,2.3870104210078344,0.39574999999999994,0.23830377147665963,120.0,4,5.909999999999998,"[0.11899999999999988, 0.47199999999999986]",495906,"[1.1899999999999988, 4.719999999999999]",0.018930983543395997,2.2717180252075195,5.509999999999998,"[0.2039999999999999, 0.34699999999999986]",496906,"[2.039999999999999, 3.469999999999999]",0.020678782463073732,2.4814538955688477,10.419999999999998,"[0.675, 0.3669999999999998]",497906,"[6.75, 3.669999999999998]",0.019397085905075072,2.327650308609009,10.529999999999998,"[0.5849999999999999, 0.46799999999999997]",498906,"[5.849999999999999, 4.68]",0.020140421390533448,2.4168505668640137,MinimaxSolutionConcept,3.9574999999999987,2.3830377147665964,0.019786818325519564,0.0006717476617205266,2.3744181990623474,0.08060971940646312,COMPLETE
50,4.009999999999999,2025-06-12 21:18:28.996508,2025-06-12 21:18:31.257876,0 days 00:00:02.261368,30,0.8398719945426399,0.031109002164448576,0.9989575661467619,0.0975333786369962,134,505909,4.009999999999999,1.0052611600972159,0.19674999999999992,0.0864562750759018,130.0,4,2.4699999999999984,"[0.17999999999999994, 0.06699999999999995]",505909,"[1.7999999999999994, 0.6699999999999995]",0.01580677399268517,2.0548806190490723,4.85,"[0.32399999999999995, 0.16099999999999995]",506909,"[3.2399999999999993, 1.6099999999999994]",0.01604505502260648,2.0858571529388428,4.959999999999998,"[0.08099999999999996, 0.4149999999999999]",507909,"[0.8099999999999996, 4.1499999999999995]",0.016258641389700082,2.1136233806610107,3.759999999999999,"[0.2019999999999999, 0.17399999999999993]",508909,"[2.019999999999999, 1.7399999999999993]",0.01579284301170936,2.053069591522217,MinimaxSolutionConcept,1.9674999999999994,0.8645627507590179,0.015975828354175273,0.0001915975974412488,2.0768576860427856,0.024907687667362347,COMPLETE
51,6.577499999999998,2025-06-12 21:18:31.533258,2025-06-12 21:18:35.084862,0 days 00:00:03.551604,44,0.9301955130210628,0.05582832918891661,0.9931456982665667,0.04231604120477298,168,515911,6.577499999999998,5.185004218898959,0.36349999999999993,0.2493496541004218,160.0,4,13.089999999999998,"[0.7409999999999999, 0.568]",515911,"[7.409999999999998, 5.68]",0.01817721575498581,2.9083545207977295,1.249999999999997,"[0.08699999999999988, 0.03799999999999984]",516911,"[0.8699999999999988, 0.3799999999999984]",0.02119755297899246,3.391608476638794,10.229999999999997,"[0.42399999999999993, 0.5989999999999999]",517911,"[4.239999999999999, 5.989999999999998]",0.01870655417442322,2.993048667907715,1.739999999999998,"[0.20199999999999987, -0.02800000000000017]",518911,"[2.0199999999999987, -0.2800000000000017]",0.019943106174468993,3.190896987915039,MinimaxSolutionConcept,3.634999999999999,2.493496541004218,0.01950610727071762,0.0011680319388076715,3.1209771633148193,0.18688511020922757,COMPLETE
52,6.967499999999998,2025-06-12 21:18:35.099275,2025-06-12 21:18:37.604167,0 days 00:00:02.504892,41,0.8800247481411653,0.06983410245042816,0.9906866820767433,0.049862336508557016,119,525915,6.967499999999998,2.9367616093241216,0.3549999999999999,0.17468256925062672,110.0,4,2.2699999999999974,"[0.12499999999999992, 0.10199999999999987]",525915,"[1.2499999999999991, 1.0199999999999987]",0.020884503017772327,2.297295331954956,10.28,"[0.6169999999999999, 0.4109999999999999]",526915,"[6.169999999999999, 4.109999999999999]",0.017597599463029343,1.9357359409332275,8.159999999999998,"[0.3389999999999999, 0.47699999999999987]",527915,"[3.3899999999999992, 4.769999999999999]",0.020859347690235484,2.2945282459259033,7.1599999999999975,"[0.3389999999999999, 0.3769999999999999]",528915,"[3.3899999999999992, 3.7699999999999987]",0.019756505706093528,2.173215627670288,MinimaxSolutionConcept,3.549999999999999,1.7468256925062673,0.019774488969282668,0.0013368078538502234,2.1751937866210938,0.14704886392352465,COMPLETE
53,6.942499999999997,2025-06-12 21:18:37.618726,2025-06-12 21:18:41.150370,0 days 00:00:03.531644,39,0.7189849400724981,0.04999424827396643,0.9837667312655205,0.016487281949078864,178,535917,6.942499999999997,1.2864947531956756,0.3927499999999999,0.03915593824696327,170.0,4,5.829999999999998,"[0.33099999999999985, 0.2519999999999999]",535917,"[3.3099999999999987, 2.5199999999999987]",0.019594823612886315,3.331120014190674,7.389999999999998,"[0.3949999999999999, 0.34399999999999986]",536917,"[3.9499999999999993, 3.4399999999999986]",0.017650677176082836,3.000615119934082,8.85,"[0.40599999999999986, 0.4789999999999999]",537917,"[4.059999999999999, 4.789999999999999]",0.01961165035472197,3.3339805603027344,5.699999999999997,"[0.4389999999999999, 0.1309999999999999]",538917,"[4.389999999999999, 1.309999999999999]",0.018804731088526108,3.1968042850494385,MinimaxSolutionConcept,3.927499999999999,0.39155938246963257,0.018915470558054308,0.0007997112622046827,3.215629994869232,0.13595091457479605,COMPLETE
54,7.787499999999998,2025-06-12 21:18:41.164670,2025-06-12 21:18:43.628150,0 days 00:00:02.463480,36,0.8486250972490464,0.06112186808840972,0.9766189166415399,0.057192843285229895,122,545921,7.787499999999998,1.1830759696655153,0.47224999999999984,0.14663965186810826,120.0,4,8.899999999999999,"[0.6219999999999998, 0.2679999999999999]",545921,"[6.219999999999998, 2.679999999999999]",0.017304315169652303,2.0765178203582764,6.399999999999999,"[0.3829999999999999, 0.2569999999999999]",546921,"[3.829999999999999, 2.569999999999999]",0.018025539318720498,2.16306471824646,6.829999999999998,"[0.2779999999999999, 0.4049999999999999]",547921,"[2.7799999999999994, 4.049999999999999]",0.019047717253367107,2.2857260704040527,9.019999999999998,"[0.6059999999999999, 0.29599999999999993]",548921,"[6.059999999999999, 2.959999999999999]",0.01663408875465393,1.9960906505584717,MinimaxSolutionConcept,4.722499999999998,1.4663965186810826,0.017752915124098458,0.0008949652045673978,2.130349814891815,0.10739582454808773,COMPLETE
55,7.6324999999999985,2025-06-12 21:18:43.644224,2025-06-12 21:18:46.856601,0 days 00:00:03.212377,45,0.8045734670800653,0.04141143980238205,0.9955076999325151,0.08100215498960507,148,555923,7.6324999999999985,1.0136659952864162,0.41224999999999995,0.07610642219944387,140.0,4,9.259999999999998,"[0.44399999999999984, 0.4819999999999999]",555923,"[4.439999999999999, 4.8199999999999985]",0.02026574100766863,2.8372037410736084,7.429999999999998,"[0.2899999999999999, 0.45299999999999996]",556923,"[2.8999999999999995, 4.529999999999999]",0.019427549839019776,2.7198569774627686,6.469999999999997,"[0.497, 0.14999999999999986]",557923,"[4.97, 1.4999999999999987]",0.021260789462498257,2.976510524749756,7.369999999999997,"[0.41799999999999987, 0.31899999999999984]",558923,"[4.179999999999999, 3.1899999999999986]",0.021723629747118268,3.0413081645965576,MinimaxSolutionConcept,4.1225,0.7610642219944386,0.020669427514076234,0.000889701390559146,2.8937198519706726,0.12455819467828046,COMPLETE
56,7.537499999999999,2025-06-12 21:18:47.137346,2025-06-12 21:18:50.171420,0 days 00:00:03.034074,38,0.8291726296800912,0.0660144885870314,0.989544024096369,0.03595282001187957,159,565927,7.537499999999999,4.409627960497349,0.3407499999999999,0.3824665835076314,150.0,4,2.7799999999999976,"[0.1439999999999999, 0.1339999999999999]",565927,"[1.439999999999999, 1.339999999999999]",0.01887521743774414,2.831282615661621,11.339999999999998,"[0.4929999999999999, 0.6409999999999999]",566927,"[4.929999999999999, 6.409999999999999]",0.018799519538879393,2.819927930831909,12.5,"[0.8739999999999999, 0.37599999999999995]",567927,"[8.739999999999998, 3.7599999999999993]",0.017830920219421387,2.674638032913208,3.529999999999998,"[-0.14800000000000013, 0.501]",568927,"[-1.4800000000000013, 5.01]",0.01921797275543213,2.8826959133148193,MinimaxSolutionConcept,3.407499999999999,3.8246658350763143,0.018680907487869262,0.0005154470470889956,2.8021361231803894,0.07731705706334939,COMPLETE
57,6.149999999999998,2025-06-12 21:18:50.186430,2025-06-12 21:18:52.662769,0 days 00:00:02.476339,48,0.855399030809891,0.11086996781931749,0.9557172857978407,0.04556299996400283,102,575930,6.149999999999998,2.954953468330762,0.3739999999999999,0.14717846309837593,100.0,4,8.389999999999997,"[0.5469999999999999, 0.2919999999999999]",575930,"[5.469999999999999, 2.919999999999999]",0.021421117782592772,2.1421117782592773,4.219999999999998,"[0.4749999999999999, -0.05300000000000016]",576930,"[4.749999999999999, -0.5300000000000016]",0.02203315019607544,2.203315019607544,2.3799999999999972,"[0.3039999999999998, -0.06600000000000021]",577930,"[3.0399999999999983, -0.6600000000000021]",0.02319126605987549,2.319126605987549,9.609999999999998,"[0.16999999999999987, 0.7909999999999999]",578930,"[1.6999999999999988, 7.909999999999999]",0.0205741548538208,2.05741548538208,MinimaxSolutionConcept,3.7399999999999993,1.4717846309837592,0.021804922223091126,0.000953432143265761,2.1804922223091125,0.09534321432657604,COMPLETE
58,7.707499999999999,2025-06-12 21:18:52.677280,2025-06-12 21:18:55.393249,0 days 00:00:02.715969,42,0.8896449317439452,0.09865403357180111,0.9726533241879258,0.016851058441154258,138,585932,7.707499999999999,2.9363359395682234,0.44574999999999987,0.22820317153799594,130.0,4,9.78,"[0.6569999999999998, 0.3209999999999999]",585932,"[6.5699999999999985, 3.209999999999999]",0.019335656899672288,2.5136353969573975,4.639999999999997,"[0.3449999999999999, 0.11899999999999988]",586932,"[3.4499999999999993, 1.1899999999999988]",0.019655843881460338,2.5552597045898438,11.389999999999997,"[0.6619999999999999, 0.47699999999999987]",587932,"[6.619999999999999, 4.769999999999999]",0.017754182448753944,2.3080437183380127,5.019999999999999,"[0.11899999999999986, 0.3829999999999999]",588932,"[1.1899999999999986, 3.829999999999999]",0.019232660073500413,2.5002458095550537,MinimaxSolutionConcept,4.457499999999999,2.282031715379959,0.018994585825846746,0.0007329514954643083,2.469296157360077,0.09528369441036005,COMPLETE
