number,value,datetime_start,datetime_complete,duration,params_episode_length,params_epsilon_max,params_epsilon_min,params_gamma,params_learning_rate,params_num_episodes,user_attrs_base_seed,user_attrs_collective_reward_mean,user_attrs_collective_reward_std,user_attrs_individual_reward_agent0_mean,user_attrs_individual_reward_agent0_std,user_attrs_num_episodes_mean,user_attrs_num_parallel_runs,user_attrs_run_0_collective_reward,user_attrs_run_0_individual_rewards,user_attrs_run_0_seed,user_attrs_run_0_total_individual_rewards,user_attrs_run_0_training_time_per_episode,user_attrs_run_0_training_time_total,user_attrs_run_1_collective_reward,user_attrs_run_1_individual_rewards,user_attrs_run_1_seed,user_attrs_run_1_total_individual_rewards,user_attrs_run_1_training_time_per_episode,user_attrs_run_1_training_time_total,user_attrs_run_2_collective_reward,user_attrs_run_2_individual_rewards,user_attrs_run_2_seed,user_attrs_run_2_total_individual_rewards,user_attrs_run_2_training_time_per_episode,user_attrs_run_2_training_time_total,user_attrs_run_3_collective_reward,user_attrs_run_3_individual_rewards,user_attrs_run_3_seed,user_attrs_run_3_total_individual_rewards,user_attrs_run_3_training_time_per_episode,user_attrs_run_3_training_time_total,user_attrs_solution_concept,user_attrs_total_individual_reward_agent0_mean,user_attrs_total_individual_reward_agent0_std,user_attrs_training_time_per_episode_mean,user_attrs_training_time_per_episode_std,user_attrs_training_time_total_mean,user_attrs_training_time_total_std,state
105,7.807499999999999,2025-06-12 17:49:12.912470,2025-06-12 17:49:39.545473,0 days 00:00:26.633003,37,0.8588456082514204,0.14331364819590311,0.9123374229017641,0.0012040285241818507,475,1053352,7.807499999999999,2.3706789639257355,0.645,0.10927717053438016,470.0,4,10.419999999999998,"[0.7919999999999999, 0.24999999999999992]",1053352,"[7.919999999999999, 2.499999999999999]",0.05320094697018887,25.00444507598877,3.949999999999999,"[0.5149999999999999, -0.12000000000000013]",1054352,"[5.149999999999999, -1.2000000000000013]",0.05628203534065409,26.452556610107422,8.429999999999998,"[0.5689999999999998, 0.2739999999999999]",1055352,"[5.689999999999999, 2.7399999999999993]",0.053592475424421596,25.18846344947815,8.43,"[0.704, 0.1389999999999999]",1056352,"[7.039999999999999, 1.389999999999999]",0.05118420935691671,24.056578397750854,ParetoSolutionConcept,6.449999999999998,1.0927717053438017,0.05356491677304531,0.001815470642031366,25.1755108833313,0.8532712017547421,COMPLETE
106,8.072499999999998,2025-06-12 17:49:40.069906,2025-06-12 17:50:08.690356,0 days 00:00:28.620450,39,0.6261794077630646,0.16005274911464326,0.9204873914212868,0.01058760005965614,460,1063380,8.072499999999998,2.670855434125928,0.7482500000000001,0.1560486702923162,460.0,4,8.199999999999998,"[0.8150000000000001, 0.004999999999999866]",1063380,"[8.15, 0.04999999999999866]",0.052013367155323856,23.926148891448975,8.979999999999999,"[0.55, 0.34799999999999986]",1064380,"[5.5, 3.4799999999999986]",0.0586280195609383,26.968888998031616,11.24,"[0.9640000000000001, 0.1599999999999999]",1065380,"[9.64, 1.599999999999999]",0.05271976771561996,24.25109314918518,3.8699999999999988,"[0.6639999999999999, -0.2770000000000002]",1066380,"[6.639999999999999, -2.770000000000002]",0.06181124863417252,28.43317437171936,ParetoSolutionConcept,7.4825,1.5604867029231622,0.05629310076651366,0.004092268030727656,25.894826352596283,1.882443294134722,COMPLETE
107,9.682500000000001,2025-06-12 17:50:08.704732,2025-06-12 17:50:30.543442,0 days 00:00:21.838710,32,0.9477026165021709,0.028923213682532277,0.9264162423853867,0.005486843211153464,443,1073408,9.682500000000001,3.564964060127395,0.7337499999999999,0.1465646188546199,440.0,4,3.539999999999999,"[0.5599999999999999, -0.2060000000000001]",1073408,"[5.6, -2.060000000000001]",0.04922962676395069,21.661035776138306,11.33,"[0.6979999999999998, 0.43499999999999994]",1074408,"[6.979999999999999, 4.35]",0.04898269447413358,21.552385568618774,12.309999999999999,"[0.711, 0.5199999999999998]",1075408,"[7.109999999999999, 5.1999999999999975]",0.04811930385502902,21.17249369621277,11.55,"[0.966, 0.18899999999999992]",1076408,"[9.66, 1.8899999999999992]",0.04913118590008129,21.617721796035767,ParetoSolutionConcept,7.3374999999999995,1.4656461885461993,0.04886570274829864,0.00043980687944730713,21.500909209251404,0.1935150269568157,COMPLETE
108,6.477499999999999,2025-06-12 17:50:30.558937,2025-06-12 17:50:58.966256,0 days 00:00:28.407319,35,0.6368254016285911,0.15037698057760138,0.9496691944902158,0.007776591777966808,487,1083430,6.477499999999999,1.383552944415211,0.76475,0.11973381936612565,480.0,4,4.759999999999999,"[0.5589999999999999, -0.08300000000000014]",1083430,"[5.59, -0.8300000000000014]",0.05146925201018651,24.705240964889526,6.1499999999999995,"[0.843, -0.22800000000000015]",1084430,"[8.43, -2.2800000000000016]",0.05100548515717188,24.482632875442505,8.62,"[0.8089999999999999, 0.052999999999999936]",1085430,"[8.09, 0.5299999999999994]",0.05318589756886164,25.52923083305359,6.379999999999999,"[0.8480000000000001, -0.2100000000000001]",1086430,"[8.48, -2.100000000000001]",0.05879322290420532,28.220746994018555,ParetoSolutionConcept,7.6475,1.1973381936612562,0.05361346441010634,0.003098867295506095,25.734462916851044,1.4874563018429254,COMPLETE
109,7.154999999999998,2025-06-12 17:50:58.980965,2025-06-12 17:51:27.564047,0 days 00:00:28.583082,41,0.9664499854255745,0.18005222148109368,0.9067494698047265,0.0007762863410331465,499,1093459,7.154999999999998,1.9654070825149694,0.64225,0.15633677590381612,490.0,4,7.8199999999999985,"[0.7929999999999999, -0.011000000000000088]",1093459,"[7.93, -0.11000000000000087]",0.05725353396668726,28.054231643676758,4.4499999999999975,"[0.5739999999999998, -0.12900000000000014]",1094459,"[5.739999999999998, -1.2900000000000014]",0.056543846033057385,27.70648455619812,6.499999999999997,"[0.41799999999999987, 0.23199999999999985]",1095459,"[4.179999999999999, 2.3199999999999985]",0.056042302384668466,27.46072816848755,9.85,"[0.784, 0.2009999999999999]",1096459,"[7.84, 2.009999999999999]",0.05796080414129763,28.40079402923584,ParetoSolutionConcept,6.422499999999999,1.5633677590381612,0.05695012163142768,0.0007250403139761099,27.905559599399567,0.3552697538482937,COMPLETE
110,8.485,2025-06-12 17:51:27.581476,2025-06-12 17:51:51.228057,0 days 00:00:23.646581,45,0.5570844242072901,0.13311353988972807,0.9385073176314889,0.001568291827384427,355,1103487,8.485,2.4652433956913877,0.63025,0.06668348746128985,350.0,4,10.61,"[0.6809999999999999, 0.3799999999999999]",1103487,"[6.81, 3.799999999999999]",0.06049859796251569,21.174509286880493,10.459999999999999,"[0.691, 0.35499999999999987]",1104487,"[6.909999999999999, 3.549999999999999]",0.05544481822422573,19.405686378479004,8.369999999999997,"[0.6259999999999999, 0.21099999999999985]",1105487,"[6.259999999999999, 2.1099999999999985]",0.06480468273162841,22.681638956069946,4.499999999999997,"[0.5229999999999999, -0.07300000000000018]",1106487,"[5.229999999999999, -0.7300000000000018]",0.06701532023293631,23.45536208152771,ParetoSolutionConcept,6.302499999999998,0.6668348746128988,0.061940854787826544,0.004422394878092298,21.67929917573929,1.547838207332305,COMPLETE
111,8.437499999999996,2025-06-12 17:51:51.751867,2025-06-12 17:52:19.663054,0 days 00:00:27.911187,39,0.5905146958528779,0.1223750240490848,0.9419974929054412,0.0009719493071726698,450,1113511,8.437499999999996,3.3996130294490867,0.7802499999999999,0.11401836474884208,450.0,4,12.209999999999997,"[0.942, 0.2789999999999999]",1113511,"[9.42, 2.789999999999999]",0.05806345992618137,26.128556966781616,8.649999999999997,"[0.6679999999999999, 0.1969999999999999]",1114511,"[6.68, 1.9699999999999989]",0.06159740659925673,27.718832969665527,9.909999999999998,"[0.833, 0.1579999999999999]",1115511,"[8.33, 1.579999999999999]",0.05511459880405002,24.80156946182251,2.979999999999998,"[0.678, -0.3800000000000002]",1116511,"[6.78, -3.8000000000000025]",0.05556340005662706,25.003530025482178,ParetoSolutionConcept,7.8025,1.140183647488421,0.0575847163465288,0.002574785364689638,25.913122355937958,1.1586534141103368,COMPLETE
112,8.622499999999999,2025-06-12 17:52:19.677847,2025-06-12 17:52:49.976102,0 days 00:00:30.298255,40,0.5494738764643441,0.09369217745772598,0.9120499111006537,0.002399451968573147,466,1123539,8.622499999999999,2.390338626638494,0.674,0.2183586499317122,460.0,4,8.399999999999999,"[0.835, 0.004999999999999866]",1123539,"[8.35, 0.04999999999999866]",0.05080821410469387,23.37177848815918,5.089999999999998,"[0.37599999999999983, 0.13299999999999992]",1124539,"[3.7599999999999985, 1.3299999999999992]",0.06546358699383943,30.113250017166138,9.219999999999999,"[0.925, -0.0030000000000001137]",1125539,"[9.25, -0.030000000000001137]",0.04879292301509691,22.44474458694458,11.78,"[0.5599999999999999, 0.6179999999999999]",1126539,"[5.6, 6.179999999999999]",0.05178522441698157,23.821203231811523,ParetoSolutionConcept,6.74,2.183586499317122,0.05421248713265295,0.006584823506565486,24.937744081020355,3.029018813020123,COMPLETE
113,7.184999999999998,2025-06-12 17:52:49.990868,2025-06-12 17:53:15.263178,0 days 00:00:25.272310,38,0.5741450867721483,0.1382636001844515,0.957251368486223,0.0004881730378658716,436,1133570,7.184999999999998,1.372488615617631,0.7090000000000001,0.15883639381451592,430.0,4,6.739999999999998,"[0.562, 0.1119999999999999]",1133570,"[5.620000000000001, 1.119999999999999]",0.05722832846087079,24.60818123817444,9.35,"[0.796, 0.1389999999999999]",1134570,"[7.960000000000001, 1.389999999999999]",0.05416830639506495,23.29237174987793,7.089999999999998,"[0.552, 0.15699999999999992]",1135570,"[5.5200000000000005, 1.5699999999999992]",0.05106475796810416,21.95784592628479,5.559999999999999,"[0.9259999999999999, -0.37000000000000016]",1136570,"[9.26, -3.7000000000000015]",0.058221900740335154,25.035417318344116,ParetoSolutionConcept,7.09,1.588363938145159,0.05517082339109376,0.0028021069612172837,23.72345405817032,1.2049059933234316,COMPLETE
114,8.684999999999997,2025-06-12 17:53:15.277914,2025-06-12 17:53:46.458373,0 days 00:00:31.180459,50,0.523899684670078,0.16966518609049178,0.9216542457579379,0.004334430910646292,419,1143595,8.684999999999997,1.2411788751022155,0.75525,0.06011395428683763,410.0,4,8.449999999999998,"[0.812, 0.03299999999999982]",1143595,"[8.120000000000001, 0.3299999999999982]",0.07559551785631878,30.9941623210907,6.759999999999997,"[0.6559999999999999, 0.019999999999999796]",1144595,"[6.559999999999999, 0.19999999999999796]",0.07417037021823046,30.409851789474487,9.949999999999998,"[0.7919999999999999, 0.20299999999999985]",1145595,"[7.919999999999999, 2.0299999999999985]",0.07026331308411389,28.807958364486694,9.579999999999998,"[0.7609999999999999, 0.1969999999999999]",1146595,"[7.609999999999999, 1.9699999999999989]",0.06532470889207793,26.783130645751953,ParetoSolutionConcept,7.552499999999999,0.6011395428683766,0.07133847751268527,0.003983195964100626,29.24877578020096,1.6331103452812559,COMPLETE
115,5.499999999999998,2025-06-12 17:53:46.472825,2025-06-12 17:54:07.957186,0 days 00:00:21.484361,43,0.5373029022154248,0.08867963441985022,0.9649119529225784,0.00034468794236306284,318,1153626,5.499999999999998,1.9462142739174435,0.725,0.14400173610064568,310.0,4,3.1099999999999985,"[0.509, -0.19800000000000015]",1153626,"[5.09, -1.9800000000000015]",0.0681732585353236,21.133710145950317,8.52,"[0.909, -0.05700000000000013]",1154626,"[9.09, -0.5700000000000013]",0.06823637639322588,21.153276681900024,4.939999999999998,"[0.7719999999999999, -0.27800000000000025]",1155626,"[7.719999999999999, -2.7800000000000025]",0.06484941897853728,20.103319883346558,5.429999999999998,"[0.71, -0.16700000000000015]",1156626,"[7.1, -1.6700000000000015]",0.06851133531139743,21.238513946533203,ParetoSolutionConcept,7.25,1.4400173610064566,0.06744259730462104,0.0015025583044891333,20.907205164432526,0.46579307439163176,COMPLETE
116,8.142499999999998,2025-06-12 17:54:08.527898,2025-06-12 17:54:36.771945,0 days 00:00:28.244047,42,0.7009878519103611,0.15409331767638743,0.9536928296748158,0.0031910792531930528,456,1163648,8.142499999999998,2.2852830787453886,0.7302500000000001,0.2023998208991303,450.0,4,6.519999999999998,"[0.924, -0.2720000000000002]",1163648,"[9.24, -2.720000000000002]",0.062333488994174534,28.05007004737854,5.279999999999998,"[0.3909999999999999, 0.13699999999999993]",1164648,"[3.9099999999999993, 1.3699999999999992]",0.06084902021620009,27.38205909729004,10.439999999999998,"[0.821, 0.22299999999999992]",1165648,"[8.209999999999999, 2.229999999999999]",0.05238522423638238,23.57335090637207,10.33,"[0.7849999999999999, 0.24799999999999994]",1166648,"[7.85, 2.4799999999999995]",0.05333403110504151,24.000313997268677,ParetoSolutionConcept,7.3025,2.0239982089913027,0.05722544113794963,0.0044100240910978465,25.75144851207733,1.9845108409940313,COMPLETE
117,7.475,2025-06-12 17:54:36.786797,2025-06-12 17:55:00.416637,0 days 00:00:23.629840,37,0.9336479684976543,0.08140755877189321,0.9177650702149945,0.000620856572691609,406,1173676,7.475,2.404646543673311,0.5739999999999998,0.20207300660899763,400.0,4,9.669999999999998,"[0.5529999999999999, 0.414]",1173676,"[5.529999999999999, 4.14]",0.051810227036476135,20.724090814590454,9.62,"[0.8169999999999998, 0.1449999999999999]",1174676,"[8.169999999999998, 1.449999999999999]",0.05338638246059418,21.35455298423767,6.769999999999999,"[0.662, 0.014999999999999897]",1175676,"[6.62, 0.14999999999999897]",0.05663993537425995,22.65597414970398,3.8399999999999985,"[0.2639999999999999, 0.11999999999999991]",1176676,"[2.639999999999999, 1.199999999999999]",0.0586322683095932,23.45290732383728,ParetoSolutionConcept,5.739999999999998,2.020730066089976,0.055117203295230864,0.002674239507658121,22.046881318092346,1.0696958030632484,COMPLETE
118,7.229999999999999,2025-06-12 17:55:00.431122,2025-06-12 17:55:13.590254,0 days 00:00:13.159132,36,0.874183918778688,0.1489485945652905,0.9596376394221895,0.010067709421792984,206,1183700,7.229999999999999,1.5580436450882886,0.81475,0.1264602210183108,200.0,4,8.58,"[0.6849999999999998, 0.17299999999999996]",1183700,"[6.849999999999998, 1.7299999999999995]",0.060490070581436156,12.098014116287231,6.979999999999998,"[0.922, -0.22400000000000012]",1184700,"[9.22, -2.240000000000001]",0.0609656548500061,12.19313097000122,4.7799999999999985,"[0.6929999999999998, -0.21500000000000014]",1185700,"[6.929999999999998, -2.1500000000000012]",0.06487147450447082,12.974294900894165,8.579999999999998,"[0.959, -0.10100000000000013]",1186700,"[9.59, -1.0100000000000013]",0.05957279682159424,11.914559364318848,ParetoSolutionConcept,8.1475,1.2646022101831085,0.06147499918937683,0.002023853652863115,12.294999837875366,0.40477073057262314,COMPLETE
119,8.202499999999997,2025-06-12 17:55:13.604800,2025-06-12 17:55:47.345657,0 days 00:00:33.740857,47,0.895002217244342,0.0724625117070312,0.9310489043487016,0.01316824122700563,480,1193713,8.202499999999997,2.164132331905792,0.81675,0.16564174443660035,480.0,4,10.77,"[0.922, 0.15499999999999986]",1193713,"[9.22, 1.5499999999999985]",0.06535855929056804,31.372108459472656,9.359999999999998,"[0.5489999999999999, 0.3869999999999999]",1194713,"[5.489999999999999, 3.869999999999999]",0.05111621419588725,24.53578281402588,7.729999999999998,"[0.9810000000000001, -0.20800000000000018]",1195713,"[9.81, -2.080000000000002]",0.060453787942727405,29.017818212509155,4.949999999999998,"[0.8150000000000001, -0.32000000000000023]",1196713,"[8.15, -3.2000000000000024]",0.06991569995880127,33.55953598022461,ParetoSolutionConcept,8.1675,1.6564174443660034,0.061711065346996,0.006972299810088894,29.621311366558075,3.346703908842669,COMPLETE
120,7.334999999999998,2025-06-12 17:55:47.359784,2025-06-12 17:56:13.184157,0 days 00:00:25.824373,40,0.60405209804849,0.1429978675165518,0.9615516506121016,0.006023998638558148,390,1203747,7.334999999999998,1.0033070317704345,0.6497499999999999,0.15098240791562442,390.0,4,6.839999999999998,"[0.5369999999999998, 0.14699999999999988]",1203747,"[5.369999999999998, 1.4699999999999989]",0.06097540794274746,23.78040909767151,8.849999999999998,"[0.891, -0.006000000000000116]",1204747,"[8.91, -0.060000000000001164]",0.06572118967007368,25.631263971328735,6.129999999999999,"[0.6629999999999999, -0.050000000000000135]",1205747,"[6.629999999999999, -0.5000000000000013]",0.06282189198029348,24.500537872314453,7.519999999999999,"[0.508, 0.2439999999999999]",1206747,"[5.08, 2.439999999999999]",0.06532243765317476,25.47575068473816,ParetoSolutionConcept,6.497499999999999,1.5098240791562443,0.06371023181157234,0.001930775002019662,24.846990406513214,0.7530022507876695,COMPLETE
121,8.212499999999999,2025-06-12 17:56:13.802957,2025-06-12 17:56:39.853443,0 days 00:00:26.050486,39,0.9178120898028228,0.06425868373025577,0.9404963017029261,0.00845734741625685,434,1213773,8.212499999999999,2.0631211185967735,0.679,0.1049618978486955,430.0,4,5.969999999999997,"[0.7160000000000001, -0.11900000000000013]",1213773,"[7.160000000000001, -1.1900000000000013]",0.05319654664327932,22.874515056610107,10.939999999999998,"[0.678, 0.41600000000000004]",1214773,"[6.78, 4.16]",0.0515171910441199,22.152392148971558,9.459999999999999,"[0.8059999999999998, 0.1399999999999999]",1215773,"[8.059999999999999, 1.399999999999999]",0.04932637325553007,21.21034049987793,6.479999999999998,"[0.516, 0.13199999999999992]",1216773,"[5.16, 1.3199999999999992]",0.060112286722937294,25.848283290863037,ParetoSolutionConcept,6.79,1.0496189784869552,0.053538099416466645,0.004036065687695459,23.021382749080658,1.7355082457090476,COMPLETE
122,8.5825,2025-06-12 17:56:39.924584,2025-06-12 17:57:07.318439,0 days 00:00:27.393855,39,0.9292731940066078,0.06730942058169777,0.9332748343444847,0.0013057500486259965,471,1223799,8.5825,2.5424434605316204,0.7915,0.08735130222269152,470.0,4,12.899999999999999,"[0.9129999999999999, 0.3769999999999999]",1223799,"[9.129999999999999, 3.7699999999999987]",0.05518162757792371,25.935364961624146,6.709999999999999,"[0.7930000000000001, -0.12200000000000014]",1224799,"[7.9300000000000015, -1.2200000000000013]",0.052508682900286735,24.679080963134766,6.759999999999998,"[0.794, -0.11800000000000013]",1225799,"[7.94, -1.1800000000000013]",0.05774484999636386,27.140079498291016,7.959999999999999,"[0.666, 0.12999999999999984]",1226799,"[6.66, 1.2999999999999985]",0.055192721650955526,25.940579175949097,ParetoSolutionConcept,7.915000000000001,0.8735130222269152,0.055156970531382465,0.0018515151643169094,25.923776149749756,0.8702121272289479,COMPLETE
123,7.502499999999999,2025-06-12 17:57:07.333335,2025-06-12 17:57:34.348153,0 days 00:00:27.014818,41,0.8026841902559986,0.16319252223832975,0.9437030527084141,0.00732978283823892,429,1233827,7.502499999999999,1.9584480462856302,0.7649999999999999,0.0928628020253535,420.0,4,5.639999999999998,"[0.841, -0.2770000000000002]",1233827,"[8.41, -2.770000000000002]",0.05200142576580956,21.840598821640015,10.78,"[0.82, 0.25799999999999984]",1234827,"[8.2, 2.5799999999999983]",0.05232821873256138,21.97785186767578,7.049999999999998,"[0.607, 0.09799999999999993]",1235827,"[6.07, 0.9799999999999993]",0.06377530495325724,26.785628080368042,6.539999999999998,"[0.792, -0.13800000000000015]",1236827,"[7.92, -1.3800000000000014]",0.05941640252158755,24.954889059066772,ParetoSolutionConcept,7.65,0.928628020253535,0.056880337993303935,0.004962302060487743,23.889741957187653,2.0841668654048524,COMPLETE
124,8.739999999999998,2025-06-12 17:57:34.363305,2025-06-12 17:58:00.466735,0 days 00:00:26.103430,38,0.8420189331427358,0.0518093128866184,0.935335322780115,0.016163201980205696,452,1243854,8.739999999999998,2.545623695678527,0.8234999999999999,0.11288157511303612,450.0,4,4.459999999999997,"[0.8160000000000001, -0.37000000000000016]",1243854,"[8.16, -3.7000000000000015]",0.057605382601420084,25.922422170639038,11.079999999999998,"[0.8229999999999998, 0.285]",1244854,"[8.229999999999999, 2.8499999999999996]",0.05526467906104194,24.869105577468872,10.059999999999999,"[0.9870000000000001, 0.018999999999999878]",1245854,"[9.870000000000001, 0.18999999999999878]",0.04909562905629476,22.09303307533264,9.359999999999998,"[0.6679999999999999, 0.2679999999999999]",1246854,"[6.68, 2.679999999999999]",0.05733062638176812,25.798781871795654,ParetoSolutionConcept,8.235,1.128815751130361,0.05482407927513122,0.0034288371451429178,24.67083567380905,1.542976715314314,COMPLETE
125,8.307499999999997,2025-06-12 17:58:00.481215,2025-06-12 17:58:30.418876,0 days 00:00:29.937661,49,0.8274186918304418,0.1295752714878387,0.9466998287285929,0.011408444962082223,423,1253880,8.307499999999997,2.7382419085975593,0.7334999999999998,0.12206248399897492,420.0,4,10.079999999999998,"[0.942, 0.0659999999999999]",1253880,"[9.42, 0.659999999999999]",0.0696674386660258,29.260324239730835,4.6999999999999975,"[0.6799999999999999, -0.21000000000000024]",1254880,"[6.799999999999999, -2.1000000000000023]",0.06624900045849028,27.824580192565918,6.759999999999998,"[0.6309999999999999, 0.04499999999999983]",1255880,"[6.309999999999999, 0.4499999999999983]",0.0688339494523548,28.910258769989014,11.69,"[0.6809999999999998, 0.4879999999999999]",1256880,"[6.809999999999999, 4.879999999999999]",0.07074796926407587,29.714147090911865,ParetoSolutionConcept,7.334999999999999,1.2206248399897495,0.06887458946023668,0.0016608379638668328,28.927327573299408,0.6975519448240691,COMPLETE
