number,value,datetime_start,datetime_complete,duration,params_episode_length,params_epsilon_max,params_epsilon_min,params_gamma,params_learning_rate,params_num_episodes,user_attrs_base_seed,user_attrs_collective_reward_mean,user_attrs_collective_reward_std,user_attrs_individual_reward_agent0_mean,user_attrs_individual_reward_agent0_std,user_attrs_num_episodes_mean,user_attrs_num_parallel_runs,user_attrs_run_0_collective_reward,user_attrs_run_0_individual_rewards,user_attrs_run_0_seed,user_attrs_run_0_total_individual_rewards,user_attrs_run_0_training_time_per_episode,user_attrs_run_0_training_time_total,user_attrs_run_1_collective_reward,user_attrs_run_1_individual_rewards,user_attrs_run_1_seed,user_attrs_run_1_total_individual_rewards,user_attrs_run_1_training_time_per_episode,user_attrs_run_1_training_time_total,user_attrs_run_2_collective_reward,user_attrs_run_2_individual_rewards,user_attrs_run_2_seed,user_attrs_run_2_total_individual_rewards,user_attrs_run_2_training_time_per_episode,user_attrs_run_2_training_time_total,user_attrs_run_3_collective_reward,user_attrs_run_3_individual_rewards,user_attrs_run_3_seed,user_attrs_run_3_total_individual_rewards,user_attrs_run_3_training_time_per_episode,user_attrs_run_3_training_time_total,user_attrs_solution_concept,user_attrs_total_individual_reward_agent0_mean,user_attrs_total_individual_reward_agent0_std,user_attrs_training_time_per_episode_mean,user_attrs_training_time_per_episode_std,user_attrs_training_time_total_mean,user_attrs_training_time_total_std,state
491,5.655,2025-06-12 22:49:14.370470,2025-06-12 22:49:16.995395,0 days 00:00:02.624925,15,0.6690391063800306,0.04045238824523399,0.9410094579194659,0.056986399816499216,276,4911354,5.655,2.022381022458429,0.56525,0.2158661332863495,270.0,4,6.18,"[0.758, -0.13999999999999996]",4911354,"[7.58, -1.3999999999999995]",0.008736569793136032,2.3588738441467285,2.8200000000000003,"[0.199, 0.08299999999999999]",4912354,"[1.9900000000000002, 0.8299999999999998]",0.008766365934301306,2.3669188022613525,5.17,"[0.657, -0.13999999999999996]",4913354,"[6.57, -1.3999999999999995]",0.009054161884166577,2.4446237087249756,8.450000000000001,"[0.6470000000000001, 0.19799999999999998]",4914354,"[6.4700000000000015, 1.9799999999999998]",0.008176151911417644,2.2075610160827637,WelfareSolutionConcept,5.652500000000001,2.1586613328634945,0.00868331238075539,0.00031799187905090146,2.344494342803955,0.08585780734374344,COMPLETE
492,5.205,2025-06-12 22:49:17.010259,2025-06-12 22:49:19.720211,0 days 00:00:02.709952,16,0.6993085435530539,0.14062267903228484,0.9431752944882951,0.06874650936600762,279,4921357,5.205,3.727267766072086,0.38949999999999996,0.1662866500955503,270.0,4,9.34,"[0.4109999999999999, 0.523]",4921357,"[4.109999999999999, 5.23]",0.009086701605055068,2.453409433364868,8.309999999999999,"[0.6449999999999999, 0.186]",4922357,"[6.449999999999999, 1.8599999999999999]",0.008079290390014648,2.181408405303955,0.44,"[0.19400000000000003, -0.14999999999999997]",4923357,"[1.9400000000000004, -1.4999999999999996]",0.009259484432361744,2.500060796737671,2.7299999999999995,"[0.30800000000000005, -0.034999999999999996]",4924357,"[3.0800000000000005, -0.35]",0.0086709667135168,2.341161012649536,WelfareSolutionConcept,3.895,1.6628665009555033,0.008774110785237065,0.0004546192580351369,2.3690099120140076,0.12274719966948695,COMPLETE
493,5.2275,2025-06-12 22:49:19.735455,2025-06-12 22:49:21.870506,0 days 00:00:02.135051,14,0.961338062304379,0.13613271700492396,0.9398785302629649,0.05624325846694896,265,4931359,5.2275,2.370077794081874,0.45775,0.12166013110300351,260.0,4,6.31,"[0.42700000000000005, 0.20400000000000001]",4931359,"[4.2700000000000005, 2.04]",0.007519417542677659,1.9550485610961914,8.600000000000001,"[0.654, 0.20600000000000004]",4932359,"[6.54, 2.0600000000000005]",0.007137174789722149,1.8556654453277588,3.000000000000001,"[0.32, -0.019999999999999983]",4933359,"[3.2, -0.19999999999999984]",0.007277310811556303,1.8921008110046387,3.000000000000001,"[0.43000000000000005, -0.12999999999999995]",4934359,"[4.300000000000001, -1.2999999999999994]",0.007338305620046762,1.9079594612121582,WelfareSolutionConcept,4.577500000000001,1.2166013110300349,0.007318052191000719,0.00013723583764493116,1.9026935696601868,0.035681317787682104,COMPLETE
494,5.3549999999999995,2025-06-12 22:49:21.888122,2025-06-12 22:49:24.009397,0 days 00:00:02.121275,13,0.6390187306457793,0.08597295159465257,0.943892446442987,0.0453960626812473,243,4941361,5.3549999999999995,1.3814213694597313,0.40725,0.14441844584401256,240.0,4,5.38,"[0.546, -0.007999999999999993]",4941361,"[5.460000000000001, -0.07999999999999993]",0.00737328827381134,1.7695891857147217,7.6,"[0.5479999999999999, 0.21200000000000002]",4942361,"[5.4799999999999995, 2.12]",0.007677848140398662,1.8426835536956787,4.3100000000000005,"[0.21600000000000003, 0.21500000000000002]",4943361,"[2.16, 2.1500000000000004]",0.007353857159614563,1.7649257183074951,4.13,"[0.31900000000000006, 0.094]",4944361,"[3.1900000000000004, 0.94]",0.008072669307390848,1.9374406337738037,WelfareSolutionConcept,4.072500000000001,1.444184458440126,0.007619415720303854,0.0002915275420083223,1.8286597728729248,0.06996661008199741,COMPLETE
495,5.067499999999999,2025-06-12 22:49:24.024948,2025-06-12 22:49:26.641535,0 days 00:00:02.616587,17,0.9388195626946817,0.12478532886276317,0.9466996662725111,0.052445826250283246,270,4951364,5.067499999999999,2.1799240239054205,0.44175,0.09475857480988199,270.0,4,5.96,"[0.4149999999999999, 0.181]",4951364,"[4.1499999999999995, 1.81]",0.007957303082501447,2.1484718322753906,7.06,"[0.528, 0.178]",4952364,"[5.28, 1.7799999999999998]",0.00835542325620298,2.2559642791748047,1.38,"[0.29799999999999993, -0.15999999999999998]",4953364,"[2.9799999999999995, -1.5999999999999996]",0.009017524012812861,2.4347314834594727,5.869999999999998,"[0.5259999999999999, 0.061]",4954364,"[5.259999999999999, 0.61]",0.008905658015498408,2.4045276641845703,WelfareSolutionConcept,4.4174999999999995,0.9475857480988199,0.008558977091753923,0.00042833944456424107,2.3109238147735596,0.11565165003234519,COMPLETE
496,5.1850000000000005,2025-06-12 22:49:28.965203,2025-06-12 22:49:31.374280,0 days 00:00:02.409077,14,0.6530772211448675,0.1440121087588049,0.9193001790801313,0.0645008147855699,254,4961369,5.1850000000000005,2.5000649991550223,0.48250000000000004,0.16637683131974837,250.0,4,6.280000000000001,"[0.429, 0.19900000000000007]",4961369,"[4.29, 1.9900000000000007]",0.007863590240478516,1.965897560119629,4.11,"[0.43200000000000005, -0.020999999999999974]",4962369,"[4.32, -0.20999999999999974]",0.00888309669494629,2.2207741737365723,1.81,"[0.31100000000000005, -0.12999999999999995]",4963369,"[3.1100000000000003, -1.2999999999999994]",0.008548725128173828,2.137181282043457,8.540000000000001,"[0.758, 0.096]",4964369,"[7.58, 0.96]",0.007936387062072755,1.9840967655181885,WelfareSolutionConcept,4.824999999999999,1.6637683131974834,0.008307949781417846,0.0004255234998733001,2.0769874453544617,0.10638087496832503,COMPLETE
497,4.5200000000000005,2025-06-12 22:49:31.389431,2025-06-12 22:49:34.286820,0 days 00:00:02.897389,13,0.9573363937570535,0.07715536777227888,0.9418029678165067,0.04766116665258825,363,4971371,4.5200000000000005,1.6616558007000124,0.46099999999999997,0.12162442188968466,360.0,4,5.390000000000001,"[0.438, 0.101]",4971371,"[4.38, 1.01]",0.007071181800630357,2.5456254482269287,4.23,"[0.43199999999999994, -0.008999999999999984]",4972371,"[4.319999999999999, -0.08999999999999983]",0.0072024312284257675,2.5928752422332764,1.9900000000000002,"[0.319, -0.11999999999999997]",4973371,"[3.19, -1.1999999999999997]",0.007536689440409343,2.7132081985473633,6.47,"[0.655, -0.007999999999999993]",4974371,"[6.550000000000001, -0.07999999999999993]",0.007232849465476142,2.603825807571411,WelfareSolutionConcept,4.609999999999999,1.2162442188968468,0.0072607879837354025,0.0001704832764226873,2.613883674144745,0.06137397951216737,COMPLETE
498,7.5425,2025-06-12 22:49:34.302213,2025-06-12 22:49:36.529043,0 days 00:00:02.226830,13,0.9470904539530242,0.1332667900966312,0.9381543917783918,0.07464490483033615,277,4981374,7.5425,1.8521524640266525,0.62975,0.050096781333734436,270.0,4,6.49,"[0.657, -0.007999999999999993]",4981374,"[6.57, -0.07999999999999993]",0.00699621836344401,1.8889789581298828,6.42,"[0.5429999999999999, 0.099]",4982374,"[5.43, 0.99]",0.007252735561794705,1.9582386016845703,10.75,"[0.659, 0.41600000000000004]",4983374,"[6.59, 4.16]",0.007125803276344582,1.923966884613037,6.51,"[0.6599999999999999, -0.008999999999999994]",4984374,"[6.6, -0.08999999999999994]",0.007547648747762045,2.037865161895752,WelfareSolutionConcept,6.297499999999999,0.5009678133373441,0.007230601487336335,0.00020428350177398888,1.9522624015808105,0.05515654547897694,COMPLETE
499,5.0475,2025-06-12 22:49:36.544538,2025-06-12 22:49:39.125238,0 days 00:00:02.580700,15,0.9371785589166093,0.14000907923447625,0.9974239432689478,0.06081529317631529,282,4991376,5.0475,1.312561903302088,0.50775,0.09649190380544886,280.0,4,5.16,"[0.656, -0.13999999999999996]",4991376,"[6.5600000000000005, -1.3999999999999995]",0.007963330405099051,2.2297325134277344,3.9900000000000007,"[0.4250000000000001, -0.025999999999999995]",4992376,"[4.250000000000001, -0.25999999999999995]",0.007975529772894722,2.2331483364105225,7.15,"[0.531, 0.184]",4993376,"[5.3100000000000005, 1.8399999999999999]",0.008589105946677071,2.40494966506958,3.89,"[0.41900000000000004, -0.03]",4994376,"[4.19, -0.3]",0.008441082920346942,2.3635032176971436,WelfareSolutionConcept,5.0775000000000015,0.9649190380544888,0.008242262261254445,0.0002778396108028819,2.307833433151245,0.07779509102480688,COMPLETE
500,5.445000000000001,2025-06-12 22:49:39.140017,2025-06-12 22:49:41.540267,0 days 00:00:02.400250,14,0.943085249745283,0.13601321557189455,0.9372075996154193,0.07123930365292482,277,5001379,5.445000000000001,0.5140282093426393,0.45300000000000007,0.15013826960505441,270.0,4,5.090000000000001,"[0.19300000000000006, 0.316]",5001379,"[1.9300000000000006, 3.16]",0.00807548099093967,2.180379867553711,5.240000000000001,"[0.542, -0.017999999999999995]",5002379,"[5.42, -0.17999999999999994]",0.007674972216288249,2.072242498397827,5.12,"[0.5350000000000001, -0.022999999999999975]",5003379,"[5.350000000000001, -0.22999999999999976]",0.008205819129943847,2.215571165084839,6.330000000000001,"[0.542, 0.091]",5004379,"[5.42, 0.9099999999999999]",0.008079691286440248,2.181516647338867,WelfareSolutionConcept,4.530000000000001,1.5013826960505439,0.008008990905903004,0.0001998307471382498,2.162427544593811,0.05395430172732755,COMPLETE
501,2.87,2025-06-12 22:49:43.928378,2025-06-12 22:49:46.228832,0 days 00:00:02.300454,13,0.9502932143026805,0.13167589954175288,0.9697058157318696,0.0035607008982326597,285,5011383,2.87,2.1065137075272022,0.24174999999999996,0.1441949635042777,280.0,4,0.9300000000000002,"[0.10200000000000005, -0.008999999999999994]",5011383,"[1.0200000000000005, -0.08999999999999994]",0.007522820574896676,2.1063897609710693,6.43,"[0.43599999999999994, 0.207]",5012383,"[4.359999999999999, 2.07]",0.00745778168950762,2.088178873062134,2.0700000000000003,"[0.10400000000000002, 0.10300000000000001]",5013383,"[1.0400000000000003, 1.03]",0.007413676806858608,2.07582950592041,2.050000000000001,"[0.3249999999999999, -0.11999999999999997]",5014383,"[3.249999999999999, -1.1999999999999997]",0.007504216262272426,2.1011805534362793,WelfareSolutionConcept,2.4174999999999995,1.4419496350427772,0.007474623833383833,4.241708262185111e-05,2.092894673347473,0.011876783134118343,COMPLETE
502,6.1425,2025-06-12 22:49:46.243852,2025-06-12 22:49:48.412968,0 days 00:00:02.169116,13,0.9483506834579737,0.14040321857533658,0.9227677403894066,0.05043933193790825,264,5021386,6.1425,2.604394123399912,0.5687500000000001,0.2594969893852335,260.0,4,3.1800000000000006,"[0.438, -0.11999999999999997]",5021386,"[4.38, -1.1999999999999997]",0.0075876758648799015,1.9727957248687744,7.49,"[0.757, -0.007999999999999993]",5022386,"[7.57, -0.07999999999999993]",0.007463592749375563,1.9405341148376465,9.709999999999999,"[0.868, 0.10300000000000005]",5023386,"[8.68, 1.0300000000000005]",0.007061206377469576,1.8359136581420898,4.1899999999999995,"[0.21199999999999997, 0.20700000000000002]",5024386,"[2.1199999999999997, 2.0700000000000003]",0.00763008136015672,1.983821153640747,WelfareSolutionConcept,5.6875,2.5949698938523356,0.007435639087970441,0.00022466877877497623,1.9332661628723145,0.05841388248149377,COMPLETE
503,4.9575,2025-06-12 22:49:48.429745,2025-06-12 22:49:50.784176,0 days 00:00:02.354431,14,0.9638204171717679,0.14324343912753226,0.9750046575890053,0.04089180162234871,277,5031388,4.9575,1.2131441587874048,0.43,0.1361671766616316,270.0,4,3.0,"[0.20700000000000002, 0.093]",5031388,"[2.0700000000000003, 0.9299999999999999]",0.007868061242280183,2.1243765354156494,5.26,"[0.43200000000000005, 0.09400000000000003]",5032388,"[4.32, 0.9400000000000003]",0.007763452000088162,2.0961320400238037,5.24,"[0.5429999999999999, -0.018999999999999996]",5033388,"[5.43, -0.18999999999999995]",0.007723418871561686,2.0853230953216553,6.33,"[0.538, 0.095]",5034388,"[5.380000000000001, 0.95]",0.008030067549811469,2.1681182384490967,WelfareSolutionConcept,4.300000000000001,1.3616717666163163,0.007846249915935376,0.00011854072803397454,2.1184874773025513,0.03200599656917311,COMPLETE
504,5.327500000000001,2025-06-12 22:49:50.800091,2025-06-12 22:49:53.312078,0 days 00:00:02.511987,15,0.96644131543481,0.15234718796547014,0.9383765368618358,0.06210173156530241,289,5041390,5.327500000000001,2.786219436799622,0.5327500000000001,0.2095690518659662,280.0,4,6.04,"[0.526, 0.078]",5041390,"[5.26, 0.78]",0.008332869836262293,2.3332035541534424,9.59,"[0.8710000000000001, 0.088]",5042390,"[8.71, 0.8799999999999999]",0.008161469868251255,2.2852115631103516,2.83,"[0.42300000000000004, -0.13999999999999996]",5043390,"[4.23, -1.3999999999999995]",0.008166147129876273,2.2865211963653564,2.85,"[0.31099999999999994, -0.025999999999999995]",5044390,"[3.1099999999999994, -0.25999999999999995]",0.00805376512663705,2.255054235458374,WelfareSolutionConcept,5.327500000000001,2.0956905186596617,0.008178562990256719,9.978907492443974e-05,2.289997637271881,0.02794094097884326,COMPLETE
505,5.7250000000000005,2025-06-12 22:49:53.329285,2025-06-12 22:49:55.316958,0 days 00:00:01.987673,12,0.9283976571544861,0.14796697507147835,0.9670602704884963,0.055912489125945895,256,5051393,5.7250000000000005,1.3827960804109907,0.5482499999999999,0.13125238093078537,250.0,4,6.52,"[0.6559999999999999, -0.003999999999999992]",5051393,"[6.559999999999999, -0.039999999999999925]",0.0070710210800170896,1.7677552700042725,6.510000000000001,"[0.5479999999999998, 0.10300000000000006]",5052393,"[5.479999999999999, 1.0300000000000007]",0.006964741706848144,1.7411854267120361,6.54,"[0.655, -0.0009999999999999898]",5053393,"[6.550000000000001, -0.009999999999999898]",0.0072342405319213866,1.8085601329803467,3.330000000000001,"[0.3340000000000001, -0.0009999999999999898]",5054393,"[3.3400000000000007, -0.009999999999999898]",0.007038885116577148,1.759721279144287,WelfareSolutionConcept,5.482499999999999,1.3125238093078535,0.007077222108840942,9.850736489400084e-05,1.7693055272102356,0.024626841223500194,COMPLETE
506,7.26,2025-06-12 22:49:57.731594,2025-06-12 22:50:00.081561,0 days 00:00:02.349967,13,0.9550688434331661,0.12524879523603397,0.970916283599344,0.0756701403536119,296,5061397,7.26,3.26918185483769,0.6262500000000001,0.21614737449249763,290.0,4,10.81,"[0.8790000000000001, 0.202]",5061397,"[8.790000000000001, 2.02]",0.00741918580285434,2.151563882827759,7.56,"[0.541, 0.21500000000000002]",5062397,"[5.41, 2.1500000000000004]",0.007379054201060328,2.139925718307495,8.700000000000001,"[0.768, 0.10200000000000002]",5063397,"[7.68, 1.0200000000000002]",0.007134538683398016,2.069016218185425,1.9700000000000002,"[0.317, -0.11999999999999997]",5064397,"[3.17, -1.1999999999999997]",0.007456984191105283,2.1625254154205322,WelfareSolutionConcept,6.262500000000001,2.1614737449249763,0.0073474407196044925,0.00012597005432799725,2.1307578086853027,0.0365313157551192,COMPLETE
507,5.1975,2025-06-12 22:50:00.097112,2025-06-12 22:50:02.234423,0 days 00:00:02.137311,12,0.8219475766272171,0.13412795044001527,0.9794434359140143,0.04472514978512326,274,5071400,5.1975,1.2189416515978113,0.46525,0.08864359818960414,270.0,4,3.2399999999999998,"[0.43400000000000005, -0.10999999999999999]",5071400,"[4.340000000000001, -1.0999999999999999]",0.007182076242234972,1.9391605854034424,6.59,"[0.5499999999999999, 0.10900000000000003]",5072400,"[5.499999999999999, 1.0900000000000003]",0.0067255028971919305,1.8158857822418213,5.5600000000000005,"[0.334, 0.22199999999999998]",5073400,"[3.3400000000000003, 2.2199999999999998]",0.006983978660018356,1.885674238204956,5.3999999999999995,"[0.5429999999999999, -0.0029999999999999914]",5074400,"[5.43, -0.029999999999999916]",0.006915798893681279,1.8672657012939453,WelfareSolutionConcept,4.6525,0.8864359818960416,0.006951839173281634,0.00016322458925951543,1.8769965767860413,0.04407063910006917,COMPLETE
508,7.035,2025-06-12 22:50:02.252883,2025-06-12 22:50:05.072297,0 days 00:00:02.819414,17,0.6630579284393661,0.04815654786612286,0.9931867571463269,0.055047161973681404,269,5081402,7.035,1.871743839311352,0.66825,0.19063233592441767,260.0,4,5.75,"[0.517, 0.05800000000000002]",5081402,"[5.17, 0.5800000000000002]",0.010083462641789363,2.6217002868652344,9.44,"[0.9880000000000001, -0.044000000000000004]",5082402,"[9.88, -0.44000000000000006]",0.009178637541257417,2.3864457607269287,8.2,"[0.639, 0.181]",5083402,"[6.390000000000001, 1.81]",0.010107037654289832,2.6278297901153564,4.749999999999999,"[0.5289999999999999, -0.054000000000000006]",5084402,"[5.289999999999999, -0.54]",0.010059067836174598,2.6153576374053955,WelfareSolutionConcept,6.6825,1.9063233592441764,0.009857051418377803,0.00039204948092082286,2.5628333687782288,0.1019328650394139,COMPLETE
509,6.355,2025-06-12 22:50:05.091653,2025-06-12 22:50:07.835251,0 days 00:00:02.743598,14,0.5151841126984436,0.14800495952885456,0.9760161542846253,0.0022174084717351537,290,5091405,6.355,2.082072285008376,0.6252500000000001,0.21341669920603684,290.0,4,3.0300000000000002,"[0.32, -0.01699999999999997]",5091405,"[3.2, -0.1699999999999997]",0.008820588835354509,2.5579707622528076,8.6,"[0.877, -0.01699999999999998]",5092405,"[8.77, -0.16999999999999982]",0.00878076799984636,2.5464227199554443,6.32,"[0.762, -0.12999999999999995]",5093405,"[7.62, -1.2999999999999994]",0.00868620543644346,2.5189995765686035,7.470000000000001,"[0.542, 0.20500000000000007]",5094405,"[5.42, 2.0500000000000007]",0.007636464053186877,2.2145745754241943,WelfareSolutionConcept,6.2524999999999995,2.134166992060368,0.008481006581207802,0.0004900335874359939,2.4594919085502625,0.1421097403564382,COMPLETE
510,5.289999999999999,2025-06-12 22:50:07.850499,2025-06-12 22:50:09.831168,0 days 00:00:01.980669,11,0.9315143361938083,0.12844010809405376,0.9486507111057626,0.04260025340542944,262,5101407,5.289999999999999,1.896008966223525,0.469,0.20570488569793383,260.0,4,3.4199999999999995,"[0.3349999999999999, 0.0070000000000000106]",5101407,"[3.349999999999999, 0.0700000000000001]",0.00672148007612962,1.7475848197937012,3.44,"[0.227, 0.11699999999999999]",5102407,"[2.27, 1.17]",0.006804995353405292,1.769298791885376,6.629999999999999,"[0.552, 0.11099999999999995]",5103407,"[5.5200000000000005, 1.1099999999999994]",0.006656804451575646,1.730769157409668,7.67,"[0.7620000000000001, 0.0050000000000000044]",5104407,"[7.620000000000001, 0.050000000000000044]",0.006911711509411151,1.7970449924468994,WelfareSolutionConcept,4.69,2.057048856979338,0.006773747847630428,9.541757753105843e-05,1.7611744403839111,0.024808570158075246,COMPLETE
511,4.8925,2025-06-12 22:50:12.344013,2025-06-12 22:50:14.326089,0 days 00:00:01.982076,12,0.6793242157113584,0.1201325919216768,0.973460017865686,0.048186740002940535,247,5111412,4.8925,2.9514011503013275,0.49200000000000005,0.16433350236637687,240.0,4,4.28,"[0.437, -0.008999999999999985]",5111412,"[4.37, -0.08999999999999986]",0.007381574312845866,1.7715778350830078,3.27,"[0.4370000000000001, -0.10999999999999999]",5112412,"[4.370000000000001, -1.0999999999999999]",0.0073668211698532104,1.7680370807647705,2.18,"[0.32800000000000007, -0.10999999999999999]",5113412,"[3.2800000000000007, -1.0999999999999999]",0.007497628529866536,1.7994308471679688,9.84,"[0.766, 0.21800000000000005]",5114412,"[7.66, 2.1800000000000006]",0.006944965322812398,1.6667916774749756,WelfareSolutionConcept,4.920000000000001,1.6433350236637687,0.007297747333844503,0.0002098843711788155,1.7514593601226807,0.050372249082915745,COMPLETE
512,5.615,2025-06-12 22:50:14.341485,2025-06-12 22:50:16.210883,0 days 00:00:01.869398,11,0.9578448496575981,0.11703372761489438,0.9359626769377672,0.06986653014715545,278,5121414,5.615,0.7819366982051683,0.5535,0.13676348196795812,270.0,4,5.650000000000001,"[0.665, -0.09999999999999999]",5121414,"[6.65, -0.9999999999999999]",0.0062464228382817025,1.6865341663360596,5.639999999999999,"[0.554, 0.01000000000000002]",5122414,"[5.540000000000001, 0.1000000000000002]",0.005938332169144242,1.6033496856689453,4.4799999999999995,"[0.32999999999999996, 0.11799999999999997]",5123414,"[3.3, 1.1799999999999997]",0.006126968948929398,1.6542816162109375,6.69,"[0.665, 0.004000000000000002]",5124414,"[6.65, 0.04000000000000002]",0.006255322032504612,1.6889369487762451,WelfareSolutionConcept,5.535,1.3676348196795813,0.006141761497214988,0.00012791823804020837,1.6582756042480469,0.03453792427085626,COMPLETE
