number,value,datetime_start,datetime_complete,duration,params_episode_length,params_epsilon_max,params_epsilon_min,params_gamma,params_learning_rate,params_num_episodes,user_attrs_base_seed,user_attrs_collective_reward_mean,user_attrs_collective_reward_std,user_attrs_individual_reward_agent0_mean,user_attrs_individual_reward_agent0_std,user_attrs_num_episodes_mean,user_attrs_num_parallel_runs,user_attrs_run_0_collective_reward,user_attrs_run_0_individual_rewards,user_attrs_run_0_seed,user_attrs_run_0_total_individual_rewards,user_attrs_run_0_training_time_per_episode,user_attrs_run_0_training_time_total,user_attrs_run_1_collective_reward,user_attrs_run_1_individual_rewards,user_attrs_run_1_seed,user_attrs_run_1_total_individual_rewards,user_attrs_run_1_training_time_per_episode,user_attrs_run_1_training_time_total,user_attrs_run_2_collective_reward,user_attrs_run_2_individual_rewards,user_attrs_run_2_seed,user_attrs_run_2_total_individual_rewards,user_attrs_run_2_training_time_per_episode,user_attrs_run_2_training_time_total,user_attrs_run_3_collective_reward,user_attrs_run_3_individual_rewards,user_attrs_run_3_seed,user_attrs_run_3_total_individual_rewards,user_attrs_run_3_training_time_per_episode,user_attrs_run_3_training_time_total,user_attrs_solution_concept,user_attrs_total_individual_reward_agent0_mean,user_attrs_total_individual_reward_agent0_std,user_attrs_training_time_per_episode_mean,user_attrs_training_time_per_episode_std,user_attrs_training_time_total_mean,user_attrs_training_time_total_std,state
341,4.512499999999999,2025-06-12 22:42:19.962274,2025-06-12 22:42:21.479727,0 days 00:00:01.517453,11,0.9812911205119712,0.07213840203184492,0.985766171351015,0.03323105651068043,180,3410940,4.512499999999999,3.1874470583838725,0.44325000000000003,0.2330122046159815,180.0,4,8.870000000000001,"[0.664, 0.22299999999999995]",3410940,"[6.640000000000001, 2.2299999999999995]",0.006474412812127008,1.1653943061828613,3.4699999999999993,"[0.33799999999999997, 0.009000000000000018]",3411940,"[3.38, 0.09000000000000019]",0.006532177660200331,1.1757919788360596,5.6,"[0.6600000000000001, -0.09999999999999999]",3412940,"[6.600000000000001, -0.9999999999999999]",0.006780114438798692,1.2204205989837646,0.11000000000000007,"[0.11099999999999999, -0.09999999999999999]",3413940,"[1.1099999999999999, -0.9999999999999999]",0.006789024670918783,1.2220244407653809,WelfareSolutionConcept,4.4325,2.330122046159815,0.006643932395511204,0.00014214721885430845,1.1959078311920166,0.02558649939377556,COMPLETE
342,6.557500000000001,2025-06-12 22:42:21.494896,2025-06-12 22:42:23.151183,0 days 00:00:01.656287,12,0.9738622235693842,0.07859986473818448,0.9766554290837804,0.01776333706059565,205,3420941,6.557500000000001,1.3460381681066853,0.41050000000000003,0.09124006795262703,200.0,4,6.480000000000001,"[0.32600000000000007, 0.322]",3420941,"[3.2600000000000007, 3.22]",0.006848516464233398,1.3697032928466797,5.51,"[0.442, 0.10900000000000007]",3421941,"[4.42, 1.0900000000000007]",0.006930129528045654,1.3860259056091309,8.780000000000001,"[0.546, 0.332]",3422941,"[5.460000000000001, 3.3200000000000003]",0.006933579444885254,1.3867158889770508,5.460000000000001,"[0.32800000000000007, 0.21800000000000005]",3423941,"[3.2800000000000007, 2.1800000000000006]",0.006846323013305664,1.3692646026611328,WelfareSolutionConcept,4.105,0.9124006795262704,0.006889637112617492,4.2242109307716964e-05,1.3779274225234985,0.008448421861543383,COMPLETE
343,2.4400000000000004,2025-06-12 22:42:23.170029,2025-06-12 22:42:25.008150,0 days 00:00:01.838121,14,0.6392160938407119,0.09232088248124781,0.9847952522334563,0.02580721781264135,198,3430943,2.4400000000000004,1.6801934412441923,0.20450000000000004,0.2100839118066874,190.0,4,0.7899999999999998,"[-0.016999999999999994, 0.09600000000000003]",3430943,"[-0.16999999999999993, 0.9600000000000003]",0.008385704693041349,1.5932838916778564,1.84,"[0.08800000000000002, 0.09600000000000003]",3431943,"[0.8800000000000002, 0.9600000000000003]",0.008726032156693308,1.6579461097717285,5.250000000000001,"[0.542, -0.016999999999999984]",3432943,"[5.42, -0.16999999999999985]",0.00865519548717298,1.6444871425628662,1.880000000000001,"[0.20500000000000007, -0.01699999999999998]",3433943,"[2.0500000000000007, -0.16999999999999982]",0.008593647103560599,1.6327929496765137,WelfareSolutionConcept,2.045,2.1008391180668737,0.008590144860117058,0.0001269891620122086,1.6321275234222412,0.02412794078231961,COMPLETE
344,7.057500000000001,2025-06-12 22:42:25.023313,2025-06-12 22:42:26.568608,0 days 00:00:01.545295,10,0.9984481181033479,0.08709897110588444,0.9813294459671622,0.02293738034902931,233,3440945,7.057500000000001,0.869263337545074,0.6352500000000001,0.17404794598041085,230.0,4,5.76,"[0.344, 0.23200000000000004]",3440945,"[3.4399999999999995, 2.3200000000000003]",0.0059155505636464,1.3605766296386719,6.7700000000000005,"[0.659, 0.018000000000000013]",3441945,"[6.59, 0.18000000000000013]",0.0058273595312367315,1.3402926921844482,7.840000000000002,"[0.7680000000000001, 0.01600000000000001]",3442945,"[7.6800000000000015, 0.16000000000000011]",0.005950112964795983,1.3685259819030762,7.860000000000001,"[0.77, 0.01600000000000001]",3443945,"[7.7, 0.16000000000000011]",0.005794055565543797,1.3326327800750732,WelfareSolutionConcept,6.3525,1.7404794598041087,0.005871769656305727,6.337621979964045e-05,1.3505070209503174,0.014576530553917317,COMPLETE
345,6.3549999999999995,2025-06-12 22:42:26.583953,2025-06-12 22:42:29.455397,0 days 00:00:02.871444,11,0.6072444430064328,0.0945455866134543,0.98865991735842,0.03757290957796602,402,3450946,6.3549999999999995,2.1389892472848007,0.54825,0.16848052558085166,400.0,4,4.469999999999999,"[0.33499999999999996, 0.11199999999999996]",3450946,"[3.3499999999999996, 1.1199999999999997]",0.006665443181991577,2.666177272796631,4.550000000000001,"[0.44499999999999995, 0.010000000000000007]",3451946,"[4.449999999999999, 0.10000000000000007]",0.006516616344451904,2.6066465377807617,9.729999999999999,"[0.6460000000000001, 0.3269999999999999]",3452946,"[6.460000000000001, 3.269999999999999]",0.006396743059158325,2.55869722366333,6.669999999999999,"[0.767, -0.09999999999999999]",3453946,"[7.67, -0.9999999999999999]",0.006746860146522522,2.698744058609009,WelfareSolutionConcept,5.4825,1.6848052558085167,0.0065814156830310815,0.00013484752812887806,2.632566273212433,0.05393901125155115,COMPLETE
346,6.370000000000001,2025-06-12 22:42:31.105159,2025-06-12 22:42:34.293414,0 days 00:00:03.188255,13,0.9877250565565362,0.08329106586313476,0.9926901711856977,0.04025345837200883,393,3460951,6.370000000000001,2.7607698201769733,0.59525,0.2719782849787828,390.0,4,3.0600000000000005,"[0.21100000000000002, 0.09500000000000003]",3460951,"[2.1100000000000003, 0.9500000000000003]",0.0076230813295413286,2.973001718521118,6.4,"[0.5429999999999999, 0.09700000000000006]",3461951,"[5.43, 0.9700000000000006]",0.007340908050537109,2.8629541397094727,5.3500000000000005,"[0.655, -0.11999999999999997]",3462951,"[6.550000000000001, -1.1999999999999997]",0.007706546172117575,3.0055530071258545,10.67,"[0.9719999999999999, 0.09500000000000006]",3463951,"[9.719999999999999, 0.9500000000000006]",0.006811595574403421,2.656522274017334,WelfareSolutionConcept,5.9525,2.7197828497878276,0.0073705327816498585,0.000349990783433525,2.874507784843445,0.13649640553907483,COMPLETE
347,6.2875000000000005,2025-06-12 22:42:34.308587,2025-06-12 22:42:37.983493,0 days 00:00:03.674906,12,0.5564163557218904,0.07489842466615439,0.9959185949643584,0.0445189826264338,380,3470954,6.2875000000000005,2.516936381794343,0.54575,0.2704878694137687,380.0,4,8.83,"[0.772, 0.11100000000000002]",3470954,"[7.720000000000001, 1.11]",0.008196507629595305,3.114672899246216,2.160000000000001,"[0.10500000000000007, 0.11100000000000003]",3471954,"[1.0500000000000007, 1.1100000000000003]",0.00919053742760106,3.4924042224884033,6.54,"[0.5429999999999999, 0.11100000000000003]",3472954,"[5.43, 1.1100000000000003]",0.008911120264153732,3.386225700378418,7.620000000000001,"[0.7629999999999999, -0.0009999999999999898]",3473954,"[7.629999999999999, -0.009999999999999898]",0.008955412789394981,3.4030568599700928,WelfareSolutionConcept,5.4575,2.704878694137687,0.00881339452768627,0.00037165364192326373,3.3490899205207825,0.1412283839308403,COMPLETE
348,3.977499999999999,2025-06-12 22:42:37.998883,2025-06-12 22:42:41.442871,0 days 00:00:03.443988,30,0.5894179948672769,0.06877522723971556,0.9796064172392303,0.028148118234027266,187,3480958,3.977499999999999,2.965074830421654,0.4427499999999999,0.24356557125341008,180.0,4,4.35,"[0.597, -0.1620000000000001]",3480958,"[5.97, -1.620000000000001]",0.0168236149681939,3.0282506942749023,6.819999999999999,"[0.7309999999999999, -0.04900000000000008]",3481958,"[7.309999999999999, -0.49000000000000077]",0.016387522220611572,2.949753999710083,-0.9300000000000013,"[0.09399999999999997, -0.18700000000000008]",3482958,"[0.9399999999999997, -1.8700000000000008]",0.018011413680182563,3.2420544624328613,5.67,"[0.34900000000000003, 0.21799999999999992]",3483958,"[3.49, 2.1799999999999993]",0.017015088929070367,3.062716007232666,WelfareSolutionConcept,4.427499999999999,2.435655712534101,0.017059409949514603,0.0005948335585534486,3.070693790912628,0.10707004053962069,COMPLETE
349,5.6375,2025-06-12 22:42:41.458322,2025-06-12 22:42:44.274058,0 days 00:00:02.815736,13,0.9665925465946261,0.07890128147631341,0.9341679969149459,0.03456630370867804,367,3490961,5.6375,1.4419843099007703,0.48874999999999996,0.22974265494243776,360.0,4,3.1399999999999997,"[0.32199999999999995, -0.007999999999999985]",3490961,"[3.2199999999999998, -0.07999999999999985]",0.007311599784427219,2.632175922393799,6.48,"[0.768, -0.11999999999999997]",3491961,"[7.68, -1.1999999999999997]",0.007173768017027113,2.5825564861297607,6.449999999999999,"[0.655, -0.009999999999999985]",3492961,"[6.550000000000001, -0.09999999999999984]",0.00708771546681722,2.551577568054199,6.48,"[0.20999999999999996, 0.438]",3493961,"[2.0999999999999996, 4.38]",0.007146478361553616,2.5727322101593018,WelfareSolutionConcept,4.887499999999999,2.2974265494243773,0.007179890407456292,8.215447057199009e-05,2.584760546684265,0.02957560940591647,COMPLETE
350,4.3375,2025-06-12 22:42:44.289029,2025-06-12 22:42:46.407029,0 days 00:00:02.118000,10,0.6481473762497395,0.08852513138354615,0.9285268335126639,0.04805882882959393,223,3500964,4.3375,1.565109820427947,0.41925000000000007,0.205420757227696,220.0,4,2.41,"[0.12399999999999997, 0.11700000000000002]",3500964,"[1.2399999999999998, 1.1700000000000002]",0.008672085675326261,1.9078588485717773,6.65,"[0.6530000000000001, 0.012000000000000005]",3501964,"[6.530000000000001, 0.12000000000000005]",0.008590480414303867,1.8899056911468506,4.720000000000001,"[0.562, -0.08999999999999998]",3502964,"[5.620000000000001, -0.8999999999999998]",0.008464225855740633,1.8621296882629395,3.57,"[0.3380000000000001, 0.019000000000000013]",3503964,"[3.380000000000001, 0.19000000000000014]",0.00849426876414906,1.868739128112793,WelfareSolutionConcept,4.192500000000001,2.05420757227696,0.008555265177379956,8.199978988328606e-05,1.88215833902359,0.01803995377432285,COMPLETE
351,5.0525,2025-06-12 22:42:48.133223,2025-06-12 22:42:49.674588,0 days 00:00:01.541365,11,0.9843923936026016,0.09737375846952005,0.9836403596054706,0.08648887838861784,178,3510968,5.0525,2.7149896408642156,0.5,0.19733600786475844,170.0,4,8.88,"[0.773, 0.11499999999999999]",3510968,"[7.73, 1.15]",0.006792720626382267,1.1547625064849854,4.56,"[0.556, -0.09999999999999999]",3511968,"[5.5600000000000005, -0.9999999999999999]",0.007445722467759076,1.265772819519043,1.2600000000000002,"[0.22599999999999998, -0.09999999999999999]",3512968,"[2.26, -0.9999999999999999]",0.0073240069782032685,1.2450811862945557,5.51,"[0.445, 0.10600000000000001]",3513968,"[4.45, 1.06]",0.007225583581363454,1.228349208831787,WelfareSolutionConcept,5.0,1.9733600786475844,0.007197008413427017,0.0002460957492794498,1.2234914302825928,0.04183627737750646,COMPLETE
352,6.2925,2025-06-12 22:42:49.689616,2025-06-12 22:42:52.016878,0 days 00:00:02.327262,12,0.9751224250454461,0.08561157445898887,0.9377860030308844,0.05371971252852938,284,3520969,6.2925,0.8876197102363149,0.575,0.15906288064787455,280.0,4,7.609999999999999,"[0.7619999999999999, -0.0009999999999999898]",3520969,"[7.619999999999999, -0.009999999999999898]",0.0077212427343641005,2.1619479656219482,5.5,"[0.332, 0.21800000000000005]",3521969,"[3.3200000000000003, 2.1800000000000006]",0.007694240127290998,2.1543872356414795,6.6,"[0.55, 0.11000000000000006]",3522969,"[5.5, 1.1000000000000005]",0.007642233371734619,2.1398253440856934,5.46,"[0.6559999999999999, -0.10999999999999999]",3523969,"[6.559999999999999, -1.0999999999999999]",0.007568717002868652,2.1192407608032227,WelfareSolutionConcept,5.749999999999999,1.5906288064787455,0.007656608309064592,5.814912554134427e-05,2.143850326538086,0.016281755151576437,COMPLETE
353,6.1499999999999995,2025-06-12 22:42:52.033065,2025-06-12 22:42:54.130265,0 days 00:00:02.097200,11,0.9587146060054597,0.08030038810788315,0.9814123013268037,0.06461670688342869,267,3530972,6.1499999999999995,2.35854828231266,0.57975,0.13959651679035553,260.0,4,2.38,"[0.33799999999999997, -0.09999999999999999]",3530972,"[3.38, -0.9999999999999999]",0.007311482612903301,1.9009854793548584,6.669999999999999,"[0.6600000000000001, 0.007000000000000016]",3531972,"[6.600000000000001, 0.07000000000000016]",0.006652665138244629,1.7296929359436035,8.889999999999999,"[0.664, 0.22499999999999995]",3532972,"[6.640000000000001, 2.2499999999999996]",0.007244208225837121,1.8834941387176514,6.659999999999999,"[0.657, 0.009000000000000018]",3533972,"[6.57, 0.09000000000000019]",0.007380675352536715,1.918975591659546,WelfareSolutionConcept,5.7975,1.3959651679035554,0.007147257832380441,0.00028960094489556326,1.8582870364189148,0.07529624567284644,COMPLETE
354,5.495,2025-06-12 22:42:54.145343,2025-06-12 22:42:58.110460,0 days 00:00:03.965117,14,0.5979800312739518,0.09194034326985996,0.990543602479786,0.04084820493696754,443,3540974,5.495,1.4466945081806313,0.42774999999999996,0.2377229216966677,440.0,4,7.41,"[0.762, -0.020999999999999974]",3540974,"[7.62, -0.20999999999999974]",0.00810342160138217,3.5655055046081543,4.12,"[0.20600000000000002, 0.20600000000000004]",3541974,"[2.06, 2.0600000000000005]",0.008609340407631614,3.78810977935791,4.070000000000001,"[0.20000000000000004, 0.20700000000000002]",3542974,"[2.0000000000000004, 2.0700000000000003]",0.008270147713747891,3.6388649940490723,6.379999999999999,"[0.543, 0.09500000000000001]",3543974,"[5.430000000000001, 0.9500000000000002]",0.008301150256937201,3.652506113052368,WelfareSolutionConcept,4.2775,2.377229216966677,0.008321014994924719,0.00018266124153443146,3.661246597766876,0.08037094627514983,COMPLETE
355,2.9724999999999993,2025-06-12 22:42:58.125371,2025-06-12 22:43:05.774977,0 days 00:00:07.649606,33,0.6282008872662348,0.07298389574005076,0.9757262061378711,0.09798143288086472,385,3550978,2.9724999999999993,1.4773519384357945,0.4602499999999999,0.20334745511070454,380.0,4,5.3199999999999985,"[0.7199999999999999, -0.18800000000000008]",3550978,"[7.199999999999998, -1.8800000000000008]",0.019329916803460374,7.345368385314941,2.6599999999999993,"[0.586, -0.3200000000000002]",3551978,"[5.859999999999999, -3.200000000000002]",0.019680793034402948,7.47870135307312,1.2299999999999986,"[0.2049999999999999, -0.0820000000000001]",3552978,"[2.049999999999999, -0.820000000000001]",0.01793226254613776,6.814259767532349,2.6799999999999993,"[0.32999999999999985, -0.06200000000000009]",3553978,"[3.2999999999999985, -0.6200000000000009]",0.01922132780677394,7.304104566574097,WelfareSolutionConcept,4.602499999999999,2.0334745511070453,0.019041075047693756,0.0006623112718270176,7.235608518123627,0.2516782832942668,COMPLETE
356,5.445,2025-06-12 22:43:07.612810,2025-06-12 22:43:09.555492,0 days 00:00:01.942682,12,0.9906223547905366,0.06428796491235893,0.986066060797728,0.07435999586492736,207,3560987,5.445,1.7630158819477488,0.5207499999999999,0.16394263478424392,200.0,4,4.3100000000000005,"[0.32999999999999996, 0.10100000000000002]",3560987,"[3.3, 1.0100000000000002]",0.008210642337799072,1.6421284675598145,7.68,"[0.7709999999999999, -0.0029999999999999914]",3561987,"[7.709999999999999, -0.029999999999999916]",0.008009833097457886,1.6019666194915771,6.56,"[0.549, 0.10700000000000003]",3562987,"[5.49, 1.0700000000000003]",0.008782020807266235,1.756404161453247,3.2300000000000004,"[0.43299999999999994, -0.10999999999999999]",3563987,"[4.329999999999999, -1.0999999999999999]",0.008780393600463867,1.7560787200927734,WelfareSolutionConcept,5.2075,1.6394263478424393,0.008445722460746766,0.00034291527775266864,1.689144492149353,0.06858305555053382,COMPLETE
357,3.3225000000000002,2025-06-12 22:43:09.572091,2025-06-12 22:43:12.469175,0 days 00:00:02.897084,10,0.5717023941611559,0.10308116399042222,0.9316162998026969,0.049687052764721976,417,3570989,3.3225000000000002,2.058693457025596,0.42224999999999996,0.20586934570255966,410.0,4,2.5000000000000004,"[0.34, -0.08999999999999998]",3570989,"[3.4000000000000004, -0.8999999999999998]",0.00624456870846632,2.5602731704711914,4.69,"[0.559, -0.08999999999999998]",3571989,"[5.590000000000001, -0.8999999999999998]",0.0065478906398866235,2.6846351623535156,5.72,"[0.662, -0.08999999999999998]",3572989,"[6.62, -0.8999999999999998]",0.006607215578963117,2.708958387374878,0.3800000000000003,"[0.12799999999999995, -0.08999999999999998]",3573989,"[1.2799999999999994, -0.8999999999999998]",0.0066386315880752195,2.72183895111084,WelfareSolutionConcept,4.2225,2.0586934570255964,0.00650957662884782,0.0001564334590070264,2.668926417827606,0.06413771819288075,COMPLETE
358,4.76,2025-06-12 22:43:12.484435,2025-06-12 22:43:14.318450,0 days 00:00:01.834015,15,0.9989716066234655,0.09952196278381968,0.9740570429760126,0.004838624683264486,199,3580992,4.76,0.4450842616853574,0.5052500000000001,0.12490071056643359,190.0,4,5.05,"[0.6450000000000001, -0.13999999999999996]",3580992,"[6.450000000000001, -1.3999999999999995]",0.00866649401815314,1.6466338634490967,4.989999999999999,"[0.534, -0.03499999999999999]",3581992,"[5.34, -0.34999999999999987]",0.008717033737584165,1.6562364101409912,3.9899999999999998,"[0.539, -0.13999999999999996]",3582992,"[5.390000000000001, -1.3999999999999995]",0.008551377999155145,1.6247618198394775,5.009999999999998,"[0.30299999999999994, 0.19799999999999998]",3583992,"[3.0299999999999994, 1.9799999999999998]",0.008690580568815533,1.6512103080749512,WelfareSolutionConcept,5.0525,1.249007105664336,0.008656371580926995,6.319863141583169e-05,1.6447106003761292,0.012007739969007974,COMPLETE
359,6.19,2025-06-12 22:43:14.333748,2025-06-12 22:43:17.964650,0 days 00:00:03.630902,13,0.5842751111888804,0.0830945922048989,0.9951403844349687,0.013383056401841493,431,3590994,6.19,0.9259049627256571,0.461,0.1644718820953904,430.0,4,5.34,"[0.654, -0.11999999999999997]",3590994,"[6.54, -1.1999999999999997]",0.007994936787804892,3.4378228187561035,7.6000000000000005,"[0.43400000000000005, 0.32599999999999996]",3591994,"[4.340000000000001, 3.26]",0.007398710694423941,3.181445598602295,5.38,"[0.546, -0.007999999999999985]",3592994,"[5.460000000000001, -0.07999999999999985]",0.008010823227638422,3.4446539878845215,6.44,"[0.21000000000000002, 0.434]",3593994,"[2.1, 4.34]",0.007841251617254213,3.3717381954193115,WelfareSolutionConcept,4.610000000000001,1.644718820953904,0.007811430581780367,0.000247315059412091,3.358915150165558,0.10634547554719902,COMPLETE
360,7.477499999999999,2025-06-12 22:43:17.983510,2025-06-12 22:43:20.007397,0 days 00:00:02.023887,11,0.6553706351488567,0.07773766387372336,0.9781988478200301,0.00288070328714537,248,3600998,7.477499999999999,2.0584627152319275,0.4172499999999999,0.16029406570425486,240.0,4,8.85,"[0.6609999999999998, 0.22399999999999992]",3600998,"[6.609999999999998, 2.2399999999999993]",0.007369499405225118,1.7686798572540283,9.84,"[0.44299999999999995, 0.5410000000000001]",3601998,"[4.43, 5.410000000000002]",0.007317159573237101,1.7561182975769043,6.7299999999999995,"[0.339, 0.33399999999999996]",3602998,"[3.39, 3.34]",0.007159952322642008,1.718388557434082,4.489999999999999,"[0.22599999999999998, 0.22299999999999995]",3603998,"[2.26, 2.2299999999999995]",0.0073065569003423056,1.7535736560821533,WelfareSolutionConcept,4.172499999999999,1.6029406570425484,0.007288292050361633,7.783421294143971e-05,1.749190092086792,0.018680211105945522,COMPLETE
361,5.1025,2025-06-12 22:43:21.792013,2025-06-12 22:43:23.556820,0 days 00:00:01.764807,10,0.6564989227428888,0.07676059745558425,0.9779924059472194,0.00334232591401461,245,3611001,5.1025,1.848003990796557,0.4945,0.17083544714139393,240.0,4,4.6,"[0.55, -0.08999999999999998]",3611001,"[5.5, -0.8999999999999998]",0.006535448630650838,1.5685076713562012,7.640000000000001,"[0.75, 0.014000000000000018]",3612001,"[7.5, 0.14000000000000018]",0.006263090173403422,1.5031416416168213,2.5199999999999996,"[0.34199999999999997, -0.08999999999999998]",3613001,"[3.42, -0.8999999999999998]",0.006566170851389567,1.575881004333496,5.65,"[0.336, 0.229]",3614001,"[3.3600000000000003, 2.29]",0.0061866114536921184,1.4847867488861084,WelfareSolutionConcept,4.945,1.7083544714139394,0.006387830277283986,0.00016556392051627535,1.5330792665481567,0.03973534092390608,COMPLETE
