number,value,datetime_start,datetime_complete,duration,params_episode_length,params_epsilon_max,params_epsilon_min,params_gamma,params_learning_rate,params_num_episodes,user_attrs_base_seed,user_attrs_collective_reward_mean,user_attrs_collective_reward_std,user_attrs_individual_reward_agent0_mean,user_attrs_individual_reward_agent0_std,user_attrs_num_episodes_mean,user_attrs_num_parallel_runs,user_attrs_run_0_collective_reward,user_attrs_run_0_individual_rewards,user_attrs_run_0_seed,user_attrs_run_0_total_individual_rewards,user_attrs_run_0_training_time_per_episode,user_attrs_run_0_training_time_total,user_attrs_run_1_collective_reward,user_attrs_run_1_individual_rewards,user_attrs_run_1_seed,user_attrs_run_1_total_individual_rewards,user_attrs_run_1_training_time_per_episode,user_attrs_run_1_training_time_total,user_attrs_run_2_collective_reward,user_attrs_run_2_individual_rewards,user_attrs_run_2_seed,user_attrs_run_2_total_individual_rewards,user_attrs_run_2_training_time_per_episode,user_attrs_run_2_training_time_total,user_attrs_run_3_collective_reward,user_attrs_run_3_individual_rewards,user_attrs_run_3_seed,user_attrs_run_3_total_individual_rewards,user_attrs_run_3_training_time_per_episode,user_attrs_run_3_training_time_total,user_attrs_run_4_collective_reward,user_attrs_run_4_individual_rewards,user_attrs_run_4_seed,user_attrs_run_4_total_individual_rewards,user_attrs_run_4_training_time_per_episode,user_attrs_run_4_training_time_total,user_attrs_run_5_collective_reward,user_attrs_run_5_individual_rewards,user_attrs_run_5_seed,user_attrs_run_5_total_individual_rewards,user_attrs_run_5_training_time_per_episode,user_attrs_run_5_training_time_total,user_attrs_total_individual_reward_agent0_mean,user_attrs_total_individual_reward_agent0_std,user_attrs_training_time_per_episode_mean,user_attrs_training_time_per_episode_std,user_attrs_training_time_total_mean,user_attrs_training_time_total_std,state
266,14.479999999999999,2025-06-13 16:44:53.948257,2025-06-13 16:44:57.427425,0 days 00:00:03.479168,38,0.8067064735621566,0.08369193473347081,0.9367908800451091,0.08474516992500818,462,2665894.0,14.479999999999999,1.6913012741673201,0.622,0.10113192703922272,460.0,6.0,15.62,"[0.7110000000000001, 0.851]",2665894.0,"[7.110000000000001, 8.51]",0.004513273031815239,2.0761055946350098,12.850000000000001,"[0.575, 0.7100000000000001]",2666894.0,"[5.75, 7.1000000000000005]",0.005260184018508248,2.419684648513794,15.639999999999999,"[0.713, 0.851]",2667894.0,"[7.13, 8.51]",0.004753277612769086,2.1865077018737793,12.919999999999998,"[0.445, 0.8469999999999999]",2668894.0,"[4.45, 8.469999999999999]",0.005282776770384415,2.430077314376831,17.05,"[0.717, 0.9880000000000001]",2669894.0,"[7.17, 9.88]",0.004605812093485957,2.11867356300354,12.799999999999999,"[0.571, 0.7089999999999999]",2670894.0,"[5.709999999999999, 7.089999999999998]",0.0054881743762804115,2.5245602130889893,6.22,1.0113192703922274,0.004983916317207226,0.00037362631096257416,2.2926015059153237,0.17186810304278413,COMPLETE
267,17.098333333333333,2025-06-13 16:44:57.571822,2025-06-13 16:45:00.919744,0 days 00:00:03.347922,37,0.7923653065123482,0.0302013608900953,0.9374508547905416,0.07987576540632683,473,2675897.0,17.098333333333333,0.9565984296221469,0.8901666666666667,0.10019550333667122,470.0,6.0,18.270000000000003,"[0.984, 0.8429999999999997]",2675897.0,"[9.84, 8.429999999999998]",0.004591027219244774,2.157782793045044,16.96,"[0.8520000000000001, 0.8440000000000001]",2676897.0,"[8.520000000000001, 8.440000000000001]",0.004130502457314349,1.9413361549377441,15.509999999999998,"[0.711, 0.8399999999999999]",2677897.0,"[7.109999999999999, 8.399999999999999]",0.0052838071863702,2.483389377593994,16.71,"[0.8389999999999999, 0.8320000000000001]",2678897.0,"[8.389999999999999, 8.32]",0.005233556666272752,2.4597716331481934,18.27,"[0.977, 0.85]",2679897.0,"[9.77, 8.5]",0.004067857722018627,1.9118931293487549,16.87,"[0.9780000000000001, 0.7089999999999999]",2680897.0,"[9.780000000000001, 7.089999999999998]",0.0043051709520055895,2.023430347442627,8.901666666666666,1.0019550333667122,0.004601987033871048,0.0004932157493814422,2.162933905919393,0.23181140220927784,COMPLETE
268,18.03,2025-06-13 16:45:01.001194,2025-06-13 16:45:04.642909,0 days 00:00:03.641715,37,0.8099750763125393,0.03044106752739165,0.9381858029185859,0.098705590384132,458,2685901.0,18.03,1.5986035572753279,0.9144999999999999,0.06933433492866287,450.0,6.0,19.55,"[0.986, 0.9690000000000001]",2685901.0,"[9.86, 9.690000000000001]",0.005126914448208279,2.3071115016937256,19.54,"[0.982, 0.9720000000000002]",2686901.0,"[9.82, 9.720000000000002]",0.006329971419440375,2.848487138748169,15.68,"[0.8539999999999999, 0.714]",2687901.0,"[8.54, 7.14]",0.00534203847249349,2.4039173126220703,16.94,"[0.844, 0.85]",2688901.0,"[8.44, 8.5]",0.005268980662027994,2.3710412979125977,16.830000000000002,"[0.8380000000000001, 0.845]",2689901.0,"[8.38, 8.45]",0.005525333086649577,2.4863998889923096,19.64,"[0.983, 0.9810000000000001]",2690901.0,"[9.83, 9.81]",0.004432347085740831,1.994556188583374,9.145,0.6933433492866288,0.005337597529093424,0.000561047279647438,2.401918888092041,0.25247127584134704,COMPLETE
269,14.761666666666665,2025-06-13 16:45:04.714750,2025-06-13 16:45:08.122000,0 days 00:00:03.407250,36,0.8000991782578696,0.026850551235632722,0.9378613306649419,0.09451121341951699,455,2695904.0,14.761666666666665,3.054605357307044,0.7819999999999999,0.12575107686748987,450.0,6.0,17.03,"[0.85, 0.853]",2695904.0,"[8.5, 8.53]",0.0048684491051567925,2.1908020973205566,8.999999999999998,"[0.5809999999999998, 0.3189999999999999]",2696904.0,"[5.809999999999999, 3.189999999999999]",0.005804900063408745,2.6122050285339355,18.32,"[0.853, 0.9790000000000001]",2697904.0,"[8.53, 9.790000000000001]",0.004710196918911404,2.119588613510132,15.72,"[0.72, 0.852]",2698904.0,"[7.199999999999999, 8.52]",0.004693598747253418,2.112119436264038,12.92,"[0.715, 0.577]",2699904.0,"[7.1499999999999995, 5.77]",0.004836575720045301,2.1764590740203857,15.579999999999998,"[0.9730000000000001, 0.585]",2700904.0,"[9.73, 5.85]",0.00539137946234809,2.4261207580566406,7.82,1.2575107686748985,0.005050850002853959,0.0004097577222350778,2.2728825012842813,0.18439097500578508,COMPLETE
270,14.681666666666667,2025-06-13 16:45:08.190873,2025-06-13 16:45:11.969040,0 days 00:00:03.778167,37,0.7945198584780877,0.029695085362496397,0.9418551976843397,0.08567112987144494,441,2705908.0,14.681666666666667,1.2977212934816005,0.7565,0.1670676010881025,440.0,6.0,16.95,"[0.711, 0.9840000000000002]",2705908.0,"[7.109999999999999, 9.840000000000002]",0.005350328575481068,2.35414457321167,12.849999999999998,"[0.4459999999999999, 0.8390000000000001]",2706908.0,"[4.459999999999999, 8.39]",0.005294063958254727,2.32938814163208,14.209999999999999,"[0.9800000000000001, 0.44099999999999984]",2707908.0,"[9.8, 4.409999999999998]",0.006311970949172974,2.7772672176361084,14.280000000000001,"[0.844, 0.584]",2708908.0,"[8.44, 5.84]",0.00573476715521379,2.5232975482940674,14.149999999999997,"[0.7070000000000001, 0.708]",2709908.0,"[7.07, 7.08]",0.005341101234609431,2.3500845432281494,15.650000000000004,"[0.851, 0.7140000000000001]",2710908.0,"[8.51, 7.140000000000001]",0.005154351754622026,2.2679147720336914,7.564999999999999,1.670676010881025,0.005531097271225669,0.000391182590270557,2.4336827993392944,0.17212033971904506,COMPLETE
271,13.788333333333334,2025-06-13 16:45:14.844205,2025-06-13 16:45:18.254151,0 days 00:00:03.409946,37,0.8277132600381739,0.03252655396010266,0.9402318156933843,0.07991463462957493,432,2715915.0,13.788333333333334,3.141827582085873,0.6691666666666666,0.2134786614368962,430.0,6.0,12.749999999999998,"[0.3099999999999999, 0.9649999999999999]",2715915.0,"[3.0999999999999988, 9.649999999999999]",0.005614646091017612,2.4142978191375732,16.930000000000003,"[0.8490000000000002, 0.8440000000000001]",2716915.0,"[8.490000000000002, 8.440000000000001]",0.005210366359976835,2.240457534790039,8.889999999999999,"[0.5819999999999999, 0.30699999999999994]",2717915.0,"[5.8199999999999985, 3.0699999999999994]",0.006040059134017589,2.5972254276275635,18.23,"[0.9790000000000003, 0.844]",2718915.0,"[9.790000000000003, 8.44]",0.004876940194950548,2.0970842838287354,11.7,"[0.586, 0.5839999999999999]",2719915.0,"[5.859999999999999, 5.839999999999998]",0.004994528238163438,2.1476471424102783,14.229999999999999,"[0.7089999999999999, 0.714]",2720915.0,"[7.089999999999998, 7.14]",0.0054955227430476695,2.363074779510498,6.691666666666666,2.134786614368962,0.005372010460195615,0.0003945741532696406,2.3099644978841147,0.16966688590594553,COMPLETE
272,14.52833333333333,2025-06-13 16:45:18.326089,2025-06-13 16:45:22.027280,0 days 00:00:03.701191,35,0.7848209749904888,0.029425941364740797,0.9370540682338523,0.09478704037712667,479,2725918.0,14.52833333333333,2.905428348606946,0.7578333333333332,0.19616864909788442,470.0,6.0,11.609999999999998,"[0.579, 0.582]",2725918.0,"[5.789999999999999, 5.819999999999999]",0.005038487657587579,2.368089199066162,12.940000000000001,"[0.709, 0.5850000000000001]",2726918.0,"[7.09, 5.8500000000000005]",0.006064101990233077,2.850127935409546,11.709999999999999,"[0.4549999999999999, 0.716]",2727918.0,"[4.549999999999999, 7.16]",0.004628085075540745,2.1751999855041504,16.98,"[0.9770000000000001, 0.7210000000000001]",2728918.0,"[9.770000000000001, 7.210000000000001]",0.004874084350910593,2.2908196449279785,19.589999999999996,"[0.9780000000000001, 0.9809999999999999]",2729918.0,"[9.780000000000001, 9.809999999999999]",0.004084228962025743,1.9195876121520996,14.34,"[0.8489999999999999, 0.585]",2730918.0,"[8.489999999999998, 5.85]",0.005079064977929947,2.387160539627075,7.578333333333333,1.9616864909788443,0.004961342169037947,0.0005949637390190375,2.3318308194478354,0.2796329573389475,COMPLETE
273,17.131666666666664,2025-06-13 16:45:22.098222,2025-06-13 16:45:25.680733,0 days 00:00:03.582511,38,0.8084768532209302,0.0784750915717102,0.93945062318016,0.07413471350188204,449,2735922.0,17.131666666666664,2.2103349419387914,0.8458333333333333,0.14028116607569088,440.0,6.0,19.69,"[0.9880000000000001, 0.9809999999999999]",2735922.0,"[9.88, 9.809999999999999]",0.004307986931367354,1.8955142498016357,18.2,"[0.9780000000000001, 0.8420000000000002]",2736922.0,"[9.780000000000001, 8.420000000000002]",0.005458270419727672,2.401638984680176,15.439999999999998,"[0.704, 0.8400000000000001]",2737922.0,"[7.039999999999999, 8.4]",0.006115281581878662,2.6907238960266113,19.78,"[0.992, 0.9860000000000001]",2738922.0,"[9.92, 9.860000000000001]",0.004732886769554832,2.082470178604126,14.049999999999999,"[0.7, 0.705]",2739922.0,"[7.0, 7.05]",0.006468586488203569,2.8461780548095703,15.63,"[0.7130000000000001, 0.85]",2740922.0,"[7.130000000000001, 8.5]",0.005350646647540006,2.3542845249176025,8.458333333333334,1.4028116607569088,0.005405609806378682,0.0007412466755511955,2.37846831480662,0.326148537242526,COMPLETE
274,16.938333333333336,2025-06-13 16:45:25.750775,2025-06-13 16:45:29.072684,0 days 00:00:03.321909,37,0.8091796272418151,0.09103475593437113,0.9404166193509118,0.07549892965215865,448,2745925.0,16.938333333333336,1.4556604075890176,0.8473333333333334,0.1310949613405828,440.0,6.0,16.889999999999997,"[0.8500000000000002, 0.8390000000000001]",2745925.0,"[8.500000000000002, 8.39]",0.005429065769368952,2.388788938522339,16.900000000000002,"[0.844, 0.8459999999999999]",2746925.0,"[8.44, 8.459999999999999]",0.005361012437126853,2.3588454723358154,19.44,"[0.9700000000000001, 0.974]",2747925.0,"[9.700000000000001, 9.74]",0.004954467578367754,2.1799657344818115,16.979999999999997,"[0.9860000000000001, 0.712]",2748925.0,"[9.860000000000001, 7.119999999999999]",0.004937962510369041,2.172703504562378,14.399999999999999,"[0.585, 0.8549999999999999]",2749925.0,"[5.85, 8.549999999999999]",0.005491944334723733,2.4164555072784424,17.02,"[0.849, 0.853]",2750925.0,"[8.49, 8.53]",0.0050704251636158335,2.230987071990967,8.473333333333334,1.310949613405828,0.0052074796322620276,0.0002269476485372137,2.291291038195292,0.0998569653563741,COMPLETE
275,15.211666666666668,2025-06-13 16:45:29.190720,2025-06-13 16:45:32.487114,0 days 00:00:03.296394,37,0.8110766011952347,0.09232323311303794,0.9369712756939115,0.07534995596223473,444,2755929.0,15.211666666666668,3.0624794783892932,0.7405,0.09059755331501325,440.0,6.0,8.94,"[0.588, 0.30599999999999994]",2755929.0,"[5.88, 3.0599999999999996]",0.005381347374482588,2.367792844772339,14.31,"[0.718, 0.7129999999999999]",2756929.0,"[7.18, 7.129999999999999]",0.005469102751124989,2.406405210494995,17.0,"[0.85, 0.85]",2757929.0,"[8.5, 8.5]",0.004999504306099632,2.199781894683838,17.09,"[0.719, 0.99]",2758929.0,"[7.1899999999999995, 9.9]",0.004698202826760032,2.067209243774414,15.689999999999998,"[0.716, 0.853]",2759929.0,"[7.16, 8.53]",0.004904717748815363,2.1580758094787598,18.240000000000002,"[0.852, 0.9719999999999999]",2760929.0,"[8.52, 9.719999999999999]",0.004917695847424594,2.1637861728668213,7.4049999999999985,0.9059755331501324,0.005061761809117867,0.00027371839091627596,2.2271751960118613,0.12043609200316152,COMPLETE
276,18.03166666666667,2025-06-13 16:45:35.286212,2025-06-13 16:45:38.479070,0 days 00:00:03.192858,36,0.8012785503897648,0.08094627220523427,0.9383697740126725,0.07239712973630638,450,2765935.0,18.03166666666667,2.4412115616817998,0.891,0.145175755551676,450.0,6.0,17.0,"[0.8560000000000001, 0.8439999999999998]",2765935.0,"[8.56, 8.439999999999998]",0.0048312531577216255,2.1740639209747314,12.989999999999998,"[0.5820000000000001, 0.717]",2766935.0,"[5.82, 7.17]",0.005216985808478462,2.3476436138153076,19.520000000000003,"[0.9809999999999999, 0.9710000000000001]",2767935.0,"[9.809999999999999, 9.71]",0.004379570219251844,1.97080659866333,19.509999999999998,"[0.967, 0.984]",2768935.0,"[9.67, 9.84]",0.004477807150946723,2.0150132179260254,19.740000000000002,"[0.984, 0.99]",2769935.0,"[9.84, 9.9]",0.0037219211790296765,1.6748645305633545,19.43,"[0.9760000000000002, 0.967]",2770935.0,"[9.760000000000002, 9.67]",0.004794680277506511,2.1576061248779297,8.910000000000002,1.4517575555167606,0.004570369632155807,0.00046571181459418177,2.0566663344701133,0.20957031656738173,COMPLETE
277,17.171666666666667,2025-06-13 16:45:38.552052,2025-06-13 16:45:41.712681,0 days 00:00:03.160629,36,0.7913797516964809,0.08675146399199743,0.9435958897722915,0.07003363003528466,449,2775938.0,17.171666666666667,2.082925960171306,0.8936666666666667,0.09789733851790298,440.0,6.0,16.92,"[0.851, 0.8409999999999999]",2775938.0,"[8.51, 8.409999999999998]",0.005025516314940019,2.2112271785736084,18.23,"[0.977, 0.8459999999999999]",2776938.0,"[9.77, 8.459999999999999]",0.004814820939844305,2.118521213531494,19.61,"[0.982, 0.9789999999999999]",2777938.0,"[9.82, 9.79]",0.004256537285718051,1.8728764057159424,18.31,"[0.8480000000000001, 0.983]",2778938.0,"[8.48, 9.83]",0.004491074518723922,1.9760727882385254,12.979999999999999,"[0.719, 0.579]",2779938.0,"[7.1899999999999995, 5.789999999999999]",0.005380755121057684,2.367532253265381,16.979999999999997,"[0.9850000000000001, 0.7129999999999999]",2780938.0,"[9.850000000000001, 7.129999999999999]",0.004707629030401056,2.071356773376465,8.936666666666666,0.97897338517903,0.0047793888684475065,0.0003617374594818925,2.102931102116903,0.15916448217203275,COMPLETE
278,14.941666666666668,2025-06-13 16:45:41.785555,2025-06-13 16:45:45.623717,0 days 00:00:03.838162,36,0.7920941607850162,0.08840508189040303,0.9448516722254953,0.09764258745022468,449,2785941.0,14.941666666666668,5.125262323909762,0.7154999999999999,0.254938391250383,440.0,6.0,18.259999999999998,"[0.9810000000000001, 0.845]",2785941.0,"[9.81, 8.45]",0.004786251891743053,2.1059508323669434,3.6499999999999977,"[0.1829999999999999, 0.18199999999999988]",2786941.0,"[1.8299999999999992, 1.819999999999999]",0.0063728370449759745,2.8040482997894287,16.96,"[0.714, 0.982]",2787941.0,"[7.14, 9.82]",0.004395180398767645,1.9338793754577637,15.68,"[0.716, 0.8520000000000001]",2788941.0,"[7.16, 8.520000000000001]",0.004878854209726507,2.146695852279663,16.889999999999997,"[0.849, 0.8400000000000001]",2789941.0,"[8.49, 8.4]",0.004535502195358277,1.9956209659576416,18.21,"[0.85, 0.9709999999999999]",2790941.0,"[8.5, 9.709999999999999]",0.004751414060592651,2.0906221866607666,7.155,2.5493839125038296,0.004953339966860684,0.000655151774528911,2.179469585418701,0.28826678079272083,COMPLETE
279,14.103333333333333,2025-06-13 16:45:45.711757,2025-06-13 16:45:49.225080,0 days 00:00:03.513323,35,0.8022815435173133,0.08810098652834547,0.9396417611493935,0.0806136405196777,437,2795945.0,14.103333333333333,1.6290658536583331,0.5870000000000001,0.11006058937391415,430.0,6.0,14.290000000000001,"[0.584, 0.845]",2795945.0,"[5.84, 8.45]",0.005450311926908271,2.3436341285705566,17.07,"[0.7260000000000001, 0.9809999999999999]",2796945.0,"[7.260000000000001, 9.809999999999999]",0.004939999691275663,2.124199867248535,14.41,"[0.7200000000000001, 0.7210000000000001]",2797945.0,"[7.200000000000001, 7.210000000000001]",0.005543594027674475,2.3837454319000244,12.920000000000002,"[0.45099999999999996, 0.841]",2798945.0,"[4.51, 8.41]",0.005891458378281704,2.533327102661133,11.740000000000002,"[0.5850000000000001, 0.5890000000000001]",2799945.0,"[5.8500000000000005, 5.890000000000001]",0.005486359152682992,2.3591344356536865,14.190000000000001,"[0.45599999999999996, 0.9630000000000001]",2800945.0,"[4.56, 9.63]",0.00556311662807021,2.3921401500701904,5.870000000000001,1.1006058937391414,0.005479139967482219,0.0002807039624673915,2.3560301860173545,0.12070270386097834,COMPLETE
280,15.835,2025-06-13 16:45:49.300812,2025-06-13 16:45:52.846785,0 days 00:00:03.545973,37,0.7916279155065072,0.08586286439028769,0.943328009200943,0.07503943454106447,454,2805949.0,15.835,3.256760916411684,0.801,0.17003136965473956,450.0,6.0,14.25,"[0.578, 0.8470000000000001]",2805949.0,"[5.779999999999999, 8.47]",0.004599046177334256,2.069570779800415,10.239999999999998,"[0.574, 0.4499999999999999]",2806949.0,"[5.739999999999999, 4.499999999999999]",0.005732069545321994,2.5794312953948975,19.700000000000003,"[0.9870000000000001, 0.983]",2807949.0,"[9.870000000000001, 9.83]",0.004247670703464084,1.911451816558838,15.43,"[0.829, 0.714]",2808949.0,"[8.29, 7.14]",0.005322214762369792,2.3949966430664062,15.72,"[0.852, 0.72]",2809949.0,"[8.52, 7.199999999999999]",0.004736400180392795,2.131380081176758,19.669999999999998,"[0.9860000000000001, 0.9810000000000002]",2810949.0,"[9.860000000000001, 9.810000000000002]",0.004718630048963759,2.1233835220336914,8.01,1.7003136965473957,0.004892671902974446,0.0004909259113127968,2.201702356338501,0.22091666009075855,COMPLETE
281,15.17,2025-06-13 16:45:55.473413,2025-06-13 16:45:59.104947,0 days 00:00:03.631534,36,0.7758159755587782,0.08043536003441872,0.9384414598780237,0.06827728404033122,446,2815955.0,15.17,2.01076270769742,0.737,0.14418968987644948,440.0,6.0,17.009999999999998,"[0.852, 0.8489999999999999]",2815955.0,"[8.52, 8.489999999999998]",0.005166801539334384,2.273392677307129,14.209999999999999,"[0.574, 0.8470000000000001]",2816955.0,"[5.739999999999999, 8.47]",0.005332018570466475,2.346088171005249,18.289999999999996,"[0.9810000000000001, 0.8480000000000001]",2817955.0,"[9.81, 8.48]",0.0048572626980868255,2.137195587158203,12.88,"[0.58, 0.708]",2818955.0,"[5.8, 7.08]",0.005671301213177768,2.4953725337982178,15.64,"[0.7159999999999999, 0.8479999999999999]",2819955.0,"[7.159999999999998, 8.479999999999999]",0.0043601372025229715,1.9184603691101074,12.99,"[0.719, 0.5799999999999998]",2820955.0,"[7.1899999999999995, 5.799999999999999]",0.005839125134728172,2.5692150592803955,7.37,1.4418968987644947,0.005204441059719432,0.000495287265258387,2.2899540662765503,0.2179263967136903,COMPLETE
282,16.77,2025-06-13 16:45:59.245300,2025-06-13 16:46:02.657344,0 days 00:00:03.412044,38,0.807034601020546,0.08439034831746381,0.9407379611482534,0.08309087738091879,455,2825959.0,16.77,1.817846711542715,0.8508333333333332,0.13490171319231728,450.0,6.0,15.74,"[0.8580000000000002, 0.716]",2825959.0,"[8.580000000000002, 7.16]",0.0046614159478081596,2.097637176513672,14.250000000000002,"[0.581, 0.844]",2826959.0,"[5.81, 8.44]",0.005459591017829047,2.4568159580230713,15.61,"[0.851, 0.71]",2827959.0,"[8.51, 7.1]",0.005437066819932726,2.4466800689697266,19.72,"[0.983, 0.9889999999999999]",2828959.0,"[9.83, 9.889999999999999]",0.004266563521491157,1.9199535846710205,17.01,"[0.9880000000000001, 0.7129999999999999]",2829959.0,"[9.88, 7.129999999999999]",0.00511901749504937,2.303557872772217,18.29,"[0.8439999999999998, 0.985]",2830959.0,"[8.439999999999998, 9.85]",0.004940800136990017,2.223360061645508,8.508333333333333,1.349017131923173,0.00498074248985008,0.00042234745074139435,2.2413341204325357,0.19005635283362746,COMPLETE
283,15.761666666666665,2025-06-13 16:46:02.796985,2025-06-13 16:46:06.359411,0 days 00:00:03.562426,38,0.7815229493913587,0.08691096711298234,0.9414154287608041,0.06790740625209966,445,2835963.0,15.761666666666665,2.7958863631334427,0.7776666666666666,0.14915279265087714,440.0,6.0,12.85,"[0.707, 0.578]",2835963.0,"[7.069999999999999, 5.779999999999999]",0.005439944158900868,2.393575429916382,14.239999999999998,"[0.5770000000000001, 0.8469999999999999]",2836963.0,"[5.7700000000000005, 8.469999999999999]",0.005558343909003518,2.445671319961548,19.58,"[0.985, 0.9730000000000001]",2837963.0,"[9.85, 9.73]",0.0045971734957261515,2.022756338119507,15.59,"[0.712, 0.8469999999999999]",2838963.0,"[7.119999999999999, 8.469999999999999]",0.00562394532290372,2.4745359420776367,12.9,"[0.715, 0.575]",2839963.0,"[7.1499999999999995, 5.75]",0.005168390274047851,2.2740917205810547,19.409999999999997,"[0.97, 0.9709999999999999]",2840963.0,"[9.7, 9.709999999999999]",0.00519384199922735,2.285290479660034,7.776666666666666,1.4915279265087715,0.00526360652663491,0.0003429954669142813,2.3159868717193604,0.1509180054422837,COMPLETE
