number,value,datetime_start,datetime_complete,duration,params_episode_length,params_epsilon_max,params_epsilon_min,params_gamma,params_learning_rate,params_num_episodes,user_attrs_base_seed,user_attrs_collective_reward_mean,user_attrs_collective_reward_std,user_attrs_individual_reward_agent0_mean,user_attrs_individual_reward_agent0_std,user_attrs_num_episodes_mean,user_attrs_num_parallel_runs,user_attrs_run_0_collective_reward,user_attrs_run_0_individual_rewards,user_attrs_run_0_seed,user_attrs_run_0_total_individual_rewards,user_attrs_run_0_training_time_per_episode,user_attrs_run_0_training_time_total,user_attrs_run_1_collective_reward,user_attrs_run_1_individual_rewards,user_attrs_run_1_seed,user_attrs_run_1_total_individual_rewards,user_attrs_run_1_training_time_per_episode,user_attrs_run_1_training_time_total,user_attrs_run_2_collective_reward,user_attrs_run_2_individual_rewards,user_attrs_run_2_seed,user_attrs_run_2_total_individual_rewards,user_attrs_run_2_training_time_per_episode,user_attrs_run_2_training_time_total,user_attrs_run_3_collective_reward,user_attrs_run_3_individual_rewards,user_attrs_run_3_seed,user_attrs_run_3_total_individual_rewards,user_attrs_run_3_training_time_per_episode,user_attrs_run_3_training_time_total,user_attrs_run_4_collective_reward,user_attrs_run_4_individual_rewards,user_attrs_run_4_seed,user_attrs_run_4_total_individual_rewards,user_attrs_run_4_training_time_per_episode,user_attrs_run_4_training_time_total,user_attrs_run_5_collective_reward,user_attrs_run_5_individual_rewards,user_attrs_run_5_seed,user_attrs_run_5_total_individual_rewards,user_attrs_run_5_training_time_per_episode,user_attrs_run_5_training_time_total,user_attrs_total_individual_reward_agent0_mean,user_attrs_total_individual_reward_agent0_std,user_attrs_training_time_per_episode_mean,user_attrs_training_time_per_episode_std,user_attrs_training_time_total_mean,user_attrs_training_time_total_std,state
481,15.784999999999997,2025-06-13 17:16:46.218978,2025-06-13 17:16:50.152480,0 days 00:00:03.933502,30,0.8056938870459502,0.15038267719467283,0.9538079731929192,0.045314188509376796,442,4817806.0,15.784999999999997,1.243097609468647,0.7713333333333333,0.09291513451651581,440.0,6.0,14.58,"[0.7340000000000001, 0.724]",4817806.0,"[7.340000000000001, 7.24]",0.005276356502012773,2.32159686088562,18.229999999999997,"[0.9790000000000001, 0.844]",4818806.0,"[9.790000000000001, 8.44]",0.007150139591910623,3.146061420440674,15.819999999999999,"[0.732, 0.8499999999999999]",4819806.0,"[7.32, 8.499999999999998]",0.0064318261363289575,2.830003499984741,14.429999999999998,"[0.7300000000000001, 0.713]",4820806.0,"[7.300000000000001, 7.13]",0.005367831208489158,2.3618457317352295,15.799999999999997,"[0.728, 0.852]",4821806.0,"[7.279999999999999, 8.52]",0.0048640868880532005,2.140198230743408,15.850000000000001,"[0.7249999999999999, 0.86]",4822806.0,"[7.249999999999998, 8.6]",0.0050764869559894905,2.233654260635376,7.713333333333334,0.9291513451651583,0.0056944545471307,0.0008180891336698572,2.5055600007375083,0.3599592188147371,COMPLETE
482,16.115,2025-06-13 17:16:50.234749,2025-06-13 17:16:53.671967,0 days 00:00:03.437218,22,0.9003992975364913,0.13162702441355334,0.9445828022153453,0.002307609113144635,409,4827810.0,16.115,1.7940619647418352,0.8073333333333333,0.11214078453245972,400.0,6.0,18.41,"[0.9800000000000001, 0.861]",4827810.0,"[9.8, 8.61]",0.004852955937385559,1.9411823749542236,14.92,"[0.751, 0.7410000000000001]",4828810.0,"[7.51, 7.410000000000001]",0.005146480798721313,2.0585923194885254,16.12,"[0.7450000000000001, 0.867]",4829810.0,"[7.450000000000001, 8.67]",0.004833638072013855,1.933455228805542,14.94,"[0.8699999999999999, 0.6239999999999999]",4830810.0,"[8.7, 6.239999999999998]",0.005281813144683838,2.112725257873535,18.52,"[0.867, 0.985]",4831810.0,"[8.67, 9.85]",0.006504093408584595,2.601637363433838,13.78,"[0.631, 0.7470000000000001]",4832810.0,"[6.3100000000000005, 7.470000000000001]",0.005291413068771362,2.116565227508545,8.073333333333336,1.121407845324597,0.005318399071693421,0.0005611185652502554,2.127359628677368,0.22444742610010215,COMPLETE
483,15.951666666666668,2025-06-13 17:16:53.758946,2025-06-13 17:16:57.253962,0 days 00:00:03.495016,27,0.8285134578286424,0.14474940952751925,0.9181963046817241,0.05083228093955899,452,4837813.0,15.951666666666668,3.128814560749094,0.7763333333333334,0.1701642996897084,450.0,6.0,18.459999999999997,"[0.857, 0.9890000000000001]",4837813.0,"[8.57, 9.89]",0.0048199780782063805,2.168990135192871,18.45,"[0.8660000000000002, 0.9790000000000001]",4838813.0,"[8.660000000000002, 9.790000000000001]",0.0047951783074273,2.157830238342285,19.68,"[0.9870000000000001, 0.9810000000000001]",4839813.0,"[9.870000000000001, 9.81]",0.00471054130130344,2.119743585586548,13.5,"[0.613, 0.737]",4840813.0,"[6.13, 7.37]",0.005372301207648383,2.4175355434417725,11.000000000000004,"[0.4880000000000001, 0.6119999999999999]",4841813.0,"[4.880000000000001, 6.119999999999999]",0.005698113971286349,2.5641512870788574,14.620000000000001,"[0.8469999999999999, 0.615]",4842813.0,"[8.469999999999999, 6.15]",0.00598073853386773,2.6913323402404785,7.7633333333333345,1.7016429968970839,0.00522947523328993,0.0004881960395339113,2.3532638549804688,0.2196882177902602,COMPLETE
484,16.838333333333335,2025-06-13 17:16:57.330043,2025-06-13 17:17:00.663911,0 days 00:00:03.333868,29,0.7917615628799999,0.13804573004078957,0.9220340236902846,0.059933601351828555,422,4847817.0,16.838333333333335,1.1176674619740687,0.8526666666666668,0.07028197176769836,420.0,6.0,14.579999999999998,"[0.861, 0.597]",4847817.0,"[8.61, 5.97]",0.005620905331202916,2.3607802391052246,16.959999999999997,"[0.9719999999999999, 0.724]",4848817.0,"[9.719999999999999, 7.24]",0.005932180086771647,2.491515636444092,16.95,"[0.8530000000000001, 0.842]",4849817.0,"[8.530000000000001, 8.42]",0.004900196052732922,2.058082342147827,17.12,"[0.729, 0.983]",4850817.0,"[7.29, 9.83]",0.004894891807011196,2.055854558944702,18.33,"[0.8539999999999999, 0.9789999999999999]",4851817.0,"[8.54, 9.79]",0.004609676769801549,1.9360642433166504,17.090000000000003,"[0.8470000000000001, 0.8620000000000001]",4852817.0,"[8.47, 8.620000000000001]",0.00433404388881865,1.820298433303833,8.526666666666666,0.7028197176769837,0.005048648989389813,0.0005563483809109925,2.1204325755437217,0.23366631998261694,COMPLETE
485,17.873333333333335,2025-06-13 17:17:00.773833,2025-06-13 17:17:04.195734,0 days 00:00:03.421901,35,0.7510951702977692,0.034112181243968434,0.9710697296193994,0.06976207542195978,437,4857820.0,17.873333333333335,1.4038360144815902,0.8728333333333333,0.0881389370381911,430.0,6.0,19.43,"[0.975, 0.968]",4857820.0,"[9.75, 9.68]",0.005082370514093443,2.1854193210601807,15.72,"[0.849, 0.723]",4858820.0,"[8.49, 7.2299999999999995]",0.0054948923199675806,2.3628036975860596,18.41,"[0.8520000000000001, 0.9890000000000001]",4859820.0,"[8.520000000000001, 9.89]",0.004553569194882415,1.9580347537994385,16.99,"[0.8560000000000001, 0.843]",4860820.0,"[8.56, 8.43]",0.0054091780684715094,2.325946569442749,17.07,"[0.7220000000000001, 0.985]",4861820.0,"[7.220000000000001, 9.85]",0.004951989373495412,2.1293554306030273,19.62,"[0.983, 0.9789999999999999]",4862820.0,"[9.83, 9.79]",0.0042544758597085645,1.8294246196746826,8.728333333333333,0.8813893703819111,0.004957745888436488,0.00044080027030040086,2.1318307320276895,0.18954411622917242,COMPLETE
486,15.903333333333336,2025-06-13 17:17:08.494734,2025-06-13 17:17:11.576569,0 days 00:00:03.081835,35,0.757625152017232,0.03401011779672751,0.9711289686824666,0.07064430738709114,446,4867828.0,15.903333333333336,1.2473527523875878,0.8300000000000001,0.12092697520955918,440.0,6.0,14.28,"[0.583, 0.845]",4867828.0,"[5.83, 8.45]",0.004897113279862838,2.1547298431396484,17.07,"[0.8540000000000001, 0.853]",4868828.0,"[8.540000000000001, 8.53]",0.004081312634728171,1.7957775592803955,17.03,"[0.8549999999999999, 0.8480000000000001]",4869828.0,"[8.549999999999999, 8.48]",0.004644010825590654,2.0433647632598877,17.080000000000002,"[0.9870000000000001, 0.7210000000000001]",4870828.0,"[9.870000000000001, 7.210000000000001]",0.004231547225605358,1.8618807792663574,15.68,"[0.8550000000000001, 0.713]",4871828.0,"[8.55, 7.13]",0.004540621692484075,1.9978735446929932,14.28,"[0.8460000000000001, 0.5820000000000001]",4872828.0,"[8.46, 5.82]",0.004971267960288308,2.1873579025268555,8.3,1.2092697520955917,0.004560978936426568,0.00032332571426180786,2.0068307320276895,0.14226331427519542,COMPLETE
487,15.903333333333336,2025-06-13 17:17:11.650547,2025-06-13 17:17:14.888322,0 days 00:00:03.237775,34,0.7706441404524769,0.0175701927870843,0.9759631310079812,0.07439010872973446,438,4877831.0,15.903333333333336,2.6707281570554677,0.7435,0.2045586712901705,430.0,6.0,11.67,"[0.45899999999999996, 0.708]",4877831.0,"[4.59, 7.08]",0.005612101111301156,2.413203477859497,17.15,"[0.857, 0.858]",4878831.0,"[8.57, 8.58]",0.004550598388494447,1.9567573070526123,16.930000000000003,"[0.8459999999999999, 0.8469999999999999]",4879831.0,"[8.459999999999999, 8.469999999999999]",0.004726235256638638,2.0322811603546143,19.490000000000002,"[0.9810000000000001, 0.9680000000000002]",4880831.0,"[9.81, 9.680000000000001]",0.004590696512266647,1.9739995002746582,13.079999999999998,"[0.46399999999999997, 0.8440000000000001]",4881831.0,"[4.64, 8.440000000000001]",0.005005835377892782,2.1525092124938965,17.1,"[0.8540000000000001, 0.8560000000000001]",4882831.0,"[8.540000000000001, 8.56]",0.004250657835672068,1.8277828693389893,7.435,2.0455867129017045,0.004789354080377623,0.0004309724602206383,2.059422254562378,0.1853181578948744,COMPLETE
488,15.521666666666668,2025-06-13 17:17:14.967268,2025-06-13 17:17:18.478311,0 days 00:00:03.511043,27,0.8208946126398914,0.027140478613269577,0.9689903563611502,0.0874398775418345,456,4887835.0,15.521666666666668,2.9980683596090487,0.7779999999999999,0.18362370943499284,450.0,6.0,14.770000000000001,"[0.6159999999999999, 0.861]",4887835.0,"[6.159999999999998, 8.61]",0.004920117590162489,2.21405291557312,14.710000000000003,"[0.7369999999999999, 0.734]",4888835.0,"[7.369999999999999, 7.34]",0.0060876772138807505,2.739454746246338,18.470000000000002,"[0.984, 0.8629999999999999]",4889835.0,"[9.84, 8.629999999999999]",0.005214065975613065,2.346329689025879,18.45,"[0.9880000000000001, 0.857]",4890835.0,"[9.88, 8.57]",0.004797645674811469,2.158940553665161,16.98,"[0.852, 0.8460000000000001]",4891835.0,"[8.52, 8.46]",0.005475365850660536,2.463914632797241,9.75,"[0.49099999999999994, 0.484]",4892835.0,"[4.909999999999999, 4.84]",0.0056543260150485565,2.5444467067718506,7.7799999999999985,1.8362370943499284,0.005358199720029477,0.00043978544488626877,2.411189874013265,0.19790345019882105,COMPLETE
489,15.673333333333332,2025-06-13 17:17:18.558311,2025-06-13 17:17:22.448328,0 days 00:00:03.890017,35,0.9985416403285287,0.03259792695697174,0.9731581437861482,0.06581144380124215,437,4897838.0,15.673333333333332,2.1262146855124695,0.7861666666666668,0.10092970601143926,430.0,6.0,18.32,"[0.9850000000000001, 0.8469999999999999]",4897838.0,"[9.850000000000001, 8.469999999999999]",0.005778579379236975,2.4847891330718994,16.95,"[0.851, 0.844]",4898838.0,"[8.51, 8.44]",0.0059122057848198465,2.542248487472534,11.759999999999998,"[0.721, 0.45499999999999996]",4899838.0,"[7.21, 4.55]",0.006946218290994333,2.9868738651275635,14.420000000000002,"[0.7200000000000001, 0.7220000000000001]",4900838.0,"[7.200000000000001, 7.220000000000001]",0.006280635124029115,2.7006731033325195,16.939999999999998,"[0.721, 0.9730000000000001]",4901838.0,"[7.21, 9.73]",0.006130304447440214,2.636030912399292,15.65,"[0.7190000000000001, 0.8459999999999999]",4902838.0,"[7.190000000000001, 8.459999999999999]",0.006074561629184457,2.6120615005493164,7.861666666666667,1.0092970601143927,0.006187084109284156,0.00037491242187536676,2.6604461669921875,0.16121234140640772,COMPLETE
490,15.436666666666667,2025-06-13 17:17:22.543578,2025-06-13 17:17:26.291857,0 days 00:00:03.748279,35,0.8403504962761166,0.030420154124040782,0.9672143239528407,0.07790830479511451,446,4907842.0,15.436666666666667,3.227055761664012,0.7601666666666667,0.18214958748847665,440.0,6.0,16.96,"[0.849, 0.8469999999999999]",4907842.0,"[8.49, 8.469999999999999]",0.005982818928631869,2.6324403285980225,18.360000000000003,"[0.9799999999999999, 0.8560000000000001]",4908842.0,"[9.799999999999999, 8.56]",0.0049028179862282495,2.1572399139404297,9.009999999999998,"[0.583, 0.31799999999999995]",4909842.0,"[5.83, 3.1799999999999997]",0.006032939390702681,2.6544933319091797,14.26,"[0.45099999999999996, 0.975]",4910842.0,"[4.51, 9.75]",0.0058145447210832075,2.5583996772766113,18.42,"[0.8559999999999999, 0.9860000000000001]",4911842.0,"[8.559999999999999, 9.860000000000001]",0.0048155221072110265,2.1188297271728516,15.61,"[0.842, 0.7190000000000001]",4912842.0,"[8.42, 7.190000000000001]",0.006236180392178622,2.7439193725585938,7.601666666666667,1.8214958748847667,0.005630803921005943,0.0005598387881321279,2.4775537252426147,0.2463290667781363,COMPLETE
491,16.82166666666667,2025-06-13 17:17:30.660997,2025-06-13 17:17:34.075800,0 days 00:00:03.414803,31,0.7528235709395976,0.03881340803495854,0.915905064180223,0.09983689975665921,494,4917850.0,16.82166666666667,1.1705898323305024,0.852,0.07408553615022753,490.0,6.0,17.04,"[0.8530000000000001, 0.851]",4917850.0,"[8.530000000000001, 8.51]",0.004887546811785016,2.394897937774658,14.38,"[0.722, 0.716]",4918850.0,"[7.22, 7.16]",0.00511395736616485,2.5058391094207764,17.040000000000003,"[0.8470000000000001, 0.857]",4919850.0,"[8.47, 8.57]",0.004649224086683623,2.2781198024749756,17.080000000000002,"[0.9780000000000001, 0.7299999999999999]",4920850.0,"[9.780000000000001, 7.299999999999999]",0.004934236954669563,2.417776107788086,17.16,"[0.8629999999999999, 0.8530000000000001]",4921850.0,"[8.629999999999999, 8.530000000000001]",0.005366279640976263,2.629477024078369,18.229999999999997,"[0.8489999999999999, 0.974]",4922850.0,"[8.489999999999998, 9.74]",0.004436687547333387,2.1739768981933594,8.519999999999998,0.7408553615022754,0.004897988734602118,0.00030056735946415496,2.4000144799550376,0.14727800613743597,COMPLETE
492,14.540000000000001,2025-06-13 17:17:34.157915,2025-06-13 17:17:37.716552,0 days 00:00:03.558637,29,0.7642218675317023,0.03563190672666708,0.9709390731607642,0.06970159897689375,458,4927854.0,14.540000000000001,2.913096863019377,0.7506666666666666,0.16887339110180216,450.0,6.0,17.03,"[0.983, 0.7199999999999998]",4927854.0,"[9.83, 7.1999999999999975]",0.0053891626993815105,2.4251232147216797,15.85,"[0.7289999999999999, 0.8559999999999999]",4928854.0,"[7.289999999999999, 8.559999999999999]",0.0048328314887152776,2.174774169921875,14.600000000000001,"[0.48199999999999993, 0.978]",4929854.0,"[4.819999999999999, 9.78]",0.005549600919087728,2.4973204135894775,15.89,"[0.8569999999999999, 0.732]",4930854.0,"[8.569999999999999, 7.32]",0.005475817256503635,2.4641177654266357,8.219999999999999,"[0.8530000000000001, -0.031000000000000073]",4931854.0,"[8.530000000000001, -0.3100000000000007]",0.0060601864920722115,2.727083921432495,15.649999999999999,"[0.5999999999999999, 0.9650000000000001]",4932854.0,"[5.999999999999998, 9.65]",0.00561240832010905,2.5255837440490723,7.506666666666667,1.6887339110180217,0.005486667862644903,0.0003618982009089485,2.469000538190206,0.16285419040902677,COMPLETE
493,16.323333333333334,2025-06-13 17:17:37.797678,2025-06-13 17:17:41.438388,0 days 00:00:03.640710,35,0.8867240395589345,0.026896422186691287,0.9106404542816111,0.08708563375649336,429,4937857.0,16.323333333333334,2.1192661203560275,0.7846666666666665,0.14881718837404367,420.0,6.0,16.99,"[0.8550000000000001, 0.844]",4937857.0,"[8.55, 8.44]",0.005699350152696882,2.3937270641326904,17.04,"[0.8540000000000001, 0.85]",4938857.0,"[8.540000000000001, 8.5]",0.0059994987079075406,2.519789457321167,13.04,"[0.5819999999999999, 0.722]",4939857.0,"[5.8199999999999985, 7.22]",0.006787389232998802,2.850703477859497,14.36,"[0.5879999999999999, 0.8480000000000001]",4940857.0,"[5.879999999999999, 8.48]",0.005779400893620082,2.4273483753204346,16.86,"[0.845, 0.841]",4941857.0,"[8.45, 8.41]",0.005387750126066662,2.262855052947998,19.65,"[0.9840000000000002, 0.9809999999999999]",4942857.0,"[9.840000000000002, 9.809999999999999]",0.005072442122868129,2.1304256916046143,7.846666666666668,1.4881718837404363,0.005787638539359682,0.0005359828255526243,2.430808186531067,0.22511278673210217,COMPLETE
494,14.656666666666666,2025-06-13 17:17:41.516379,2025-06-13 17:17:45.061076,0 days 00:00:03.544697,28,0.813529819354804,0.11518051201934527,0.9771598924290529,0.0015810393700219757,485,4947861.0,14.656666666666666,1.2688533756462521,0.7538333333333332,0.13357072616740875,480.0,6.0,13.400000000000002,"[0.61, 0.7300000000000001]",4947861.0,"[6.1, 7.300000000000001]",0.005290199319521586,2.5392956733703613,14.690000000000001,"[0.736, 0.733]",4948861.0,"[7.359999999999999, 7.33]",0.0057518213987350466,2.7608742713928223,13.41,"[0.7309999999999999, 0.61]",4949861.0,"[7.309999999999999, 6.1]",0.005335452159245809,2.5610170364379883,17.21,"[0.983, 0.738]",4950861.0,"[9.83, 7.38]",0.0057211235165596005,2.7461392879486084,14.65,"[0.858, 0.607]",4951861.0,"[8.58, 6.07]",0.0052330394585927325,2.5118589401245117,14.579999999999998,"[0.6049999999999999, 0.8530000000000001]",4952861.0,"[6.049999999999999, 8.530000000000001]",0.005521267155806224,2.6502082347869873,7.538333333333331,1.3357072616740877,0.0054754838347435,0.0002047420785174503,2.62823224067688,0.09827619768837614,COMPLETE
495,16.248333333333335,2025-06-13 17:17:45.147398,2025-06-13 17:17:49.103260,0 days 00:00:03.955862,36,0.8013872597389471,0.03576166537927282,0.9698149340692284,0.05890909948782113,451,4957865.0,16.248333333333335,1.2355756643047895,0.7583333333333333,0.09597163932931213,450.0,6.0,16.990000000000002,"[0.851, 0.8479999999999999]",4957865.0,"[8.51, 8.479999999999999]",0.0063092973497178816,2.839183807373047,14.38,"[0.5909999999999999, 0.8469999999999999]",4958865.0,"[5.909999999999998, 8.469999999999999]",0.006960683928595649,3.132307767868042,18.18,"[0.8370000000000001, 0.9810000000000001]",4959865.0,"[8.370000000000001, 9.81]",0.006135367817348904,2.760915517807007,16.85,"[0.8480000000000001, 0.837]",4960865.0,"[8.48, 8.37]",0.007024167908562555,3.1608755588531494,15.680000000000001,"[0.717, 0.8510000000000002]",4961865.0,"[7.17, 8.510000000000002]",0.006253205935160319,2.8139426708221436,15.41,"[0.7059999999999998, 0.835]",4962865.0,"[7.059999999999999, 8.35]",0.0068151818381415475,3.0668318271636963,7.583333333333333,0.9597163932931213,0.006582984129587809,0.0003594520169267819,2.962342858314514,0.1617534076170518,COMPLETE
496,14.901666666666669,2025-06-13 17:17:53.576999,2025-06-13 17:17:57.268050,0 days 00:00:03.691051,26,0.6855532052954378,0.1254022509012026,0.9650736381030913,0.0026961572837739573,438,4967873.0,14.901666666666669,3.325003341685872,0.7543333333333334,0.16003714846525127,430.0,6.0,12.21,"[0.6130000000000001, 0.608]",4967873.0,"[6.130000000000001, 6.08]",0.006070709228515625,2.6104049682617188,12.209999999999999,"[0.7290000000000001, 0.492]",4968873.0,"[7.290000000000001, 4.92]",0.005864185510679733,2.521599769592285,12.34,"[0.624, 0.61]",4969873.0,"[6.24, 6.1]",0.00543617703193842,2.3375561237335205,13.530000000000001,"[0.6130000000000001, 0.74]",4970873.0,"[6.130000000000001, 7.4]",0.005459991721219795,2.3477964401245117,19.56,"[0.97, 0.9860000000000001]",4971873.0,"[9.7, 9.860000000000001]",0.004655755397885345,2.0019748210906982,19.56,"[0.9770000000000001, 0.9790000000000001]",4972873.0,"[9.770000000000001, 9.790000000000001]",0.004628406014553336,1.9902145862579346,7.543333333333336,1.600371484652513,0.005352537484132042,0.0005486298092331157,2.3015911181767783,0.2359108179702396,COMPLETE
497,16.026666666666667,2025-06-13 17:17:57.404021,2025-06-13 17:18:01.019818,0 days 00:00:03.615797,23,0.7508329707602334,0.11036634315853079,0.9739587484973626,0.07467312131351238,383,4977877.0,16.026666666666667,3.1184166210149376,0.7826666666666667,0.18337999406211744,380.0,6.0,17.18,"[0.86, 0.858]",4977877.0,"[8.6, 8.58]",0.00507163687756187,1.9272220134735107,18.349999999999998,"[0.985, 0.85]",4978877.0,"[9.85, 8.5]",0.005944708146547017,2.258989095687866,15.96,"[0.737, 0.859]",4979877.0,"[7.37, 8.59]",0.005432523551740145,2.064358949661255,10.05,"[0.499, 0.5060000000000001]",4980877.0,"[4.99, 5.060000000000001]",0.00724961381209524,2.7548532485961914,14.799999999999999,"[0.619, 0.861]",4981877.0,"[6.1899999999999995, 8.61]",0.005315654528768439,2.019948720932007,19.82,"[0.9960000000000001, 0.9860000000000001]",4982877.0,"[9.96, 9.860000000000001]",0.0042592638417294154,1.6185202598571777,7.826666666666667,1.8337999406211742,0.005545566793073688,0.000913593028854747,2.1073153813680015,0.34716535096480394,COMPLETE
498,11.6,2025-06-13 17:18:01.109014,2025-06-13 17:18:05.912771,0 days 00:00:04.803757,34,0.7763440025177247,0.03825827715812604,0.9711737470809314,0.0004996449446310861,431,4987881.0,11.6,5.16471360935596,0.5271666666666667,0.2501835437345062,430.0,6.0,3.949999999999999,"[0.32999999999999996, 0.06499999999999992]",4987881.0,"[3.3, 0.6499999999999992]",0.008996029787285384,3.868292808532715,19.73,"[0.991, 0.982]",4988881.0,"[9.91, 9.82]",0.00714312098747076,3.0715420246124268,7.869999999999999,"[0.19799999999999993, 0.589]",4989881.0,"[1.9799999999999993, 5.89]",0.008399054061534792,3.611593246459961,14.430000000000001,"[0.593, 0.85]",4990881.0,"[5.93, 8.5]",0.008329364310863407,3.5816266536712646,9.22,"[0.45899999999999996, 0.46299999999999997]",4991881.0,"[4.59, 4.63]",0.009309042886246082,4.002888441085815,14.400000000000002,"[0.592, 0.8479999999999999]",4992881.0,"[5.92, 8.479999999999999]",0.008932312699251396,3.8408944606781006,5.271666666666666,2.5018354373450618,0.008518154122108637,0.0007030813198863339,3.662806272506714,0.3023249675511237,COMPLETE
