number,value,datetime_start,datetime_complete,duration,params_episode_length,params_epsilon_max,params_epsilon_min,params_gamma,params_learning_rate,params_num_episodes,user_attrs_base_seed,user_attrs_collective_reward_mean,user_attrs_collective_reward_std,user_attrs_individual_reward_agent0_mean,user_attrs_individual_reward_agent0_std,user_attrs_num_episodes_mean,user_attrs_num_parallel_runs,user_attrs_run_0_collective_reward,user_attrs_run_0_individual_rewards,user_attrs_run_0_seed,user_attrs_run_0_total_individual_rewards,user_attrs_run_0_training_time_per_episode,user_attrs_run_0_training_time_total,user_attrs_run_1_collective_reward,user_attrs_run_1_individual_rewards,user_attrs_run_1_seed,user_attrs_run_1_total_individual_rewards,user_attrs_run_1_training_time_per_episode,user_attrs_run_1_training_time_total,user_attrs_run_2_collective_reward,user_attrs_run_2_individual_rewards,user_attrs_run_2_seed,user_attrs_run_2_total_individual_rewards,user_attrs_run_2_training_time_per_episode,user_attrs_run_2_training_time_total,user_attrs_run_3_collective_reward,user_attrs_run_3_individual_rewards,user_attrs_run_3_seed,user_attrs_run_3_total_individual_rewards,user_attrs_run_3_training_time_per_episode,user_attrs_run_3_training_time_total,user_attrs_run_4_collective_reward,user_attrs_run_4_individual_rewards,user_attrs_run_4_seed,user_attrs_run_4_total_individual_rewards,user_attrs_run_4_training_time_per_episode,user_attrs_run_4_training_time_total,user_attrs_run_5_collective_reward,user_attrs_run_5_individual_rewards,user_attrs_run_5_seed,user_attrs_run_5_total_individual_rewards,user_attrs_run_5_training_time_per_episode,user_attrs_run_5_training_time_total,user_attrs_total_individual_reward_agent0_mean,user_attrs_total_individual_reward_agent0_std,user_attrs_training_time_per_episode_mean,user_attrs_training_time_per_episode_std,user_attrs_training_time_total_mean,user_attrs_training_time_total_std,state
499,15.113333333333332,2025-06-13 17:18:06.001216,2025-06-13 17:18:09.799599,0 days 00:00:03.798383,31,0.7889765162630166,0.02916162693981763,0.9668958128341444,0.050451180284822136,446,4997886.0,15.113333333333332,3.0109116375092935,0.7258333333333332,0.18220630858696663,440.0,6.0,9.389999999999999,"[0.3389999999999999, 0.6000000000000001]",4997886.0,"[3.3899999999999992, 6.000000000000001]",0.006455288691954179,2.840327024459839,18.360000000000003,"[0.8540000000000001, 0.9820000000000002]",4998886.0,"[8.540000000000001, 9.820000000000002]",0.006310183893550526,2.7764809131622314,13.239999999999998,"[0.7249999999999999, 0.599]",4999886.0,"[7.249999999999998, 5.99]",0.0065812804482199925,2.895763397216797,17.01,"[0.857, 0.8439999999999998]",5000886.0,"[8.57, 8.439999999999998]",0.005469794706864791,2.406709671020508,17.04,"[0.852, 0.852]",5001886.0,"[8.52, 8.52]",0.0052711318839680065,2.319298028945923,15.639999999999999,"[0.7279999999999999, 0.836]",5002886.0,"[7.2799999999999985, 8.36]",0.006147960099306973,2.7051024436950684,7.258333333333333,1.8220630858696663,0.006039273287310745,0.0004943671085621735,2.6572802464167276,0.2175215277673564,COMPLETE
500,15.623333333333335,2025-06-13 17:18:09.885237,2025-06-13 17:18:13.743458,0 days 00:00:03.858221,30,0.9376511396731958,0.1296025960918682,0.9723726873792309,0.06354577430872363,481,5007890.0,15.623333333333335,2.6737780178782398,0.7706666666666666,0.15981412814753132,480.0,6.0,18.330000000000002,"[0.9790000000000001, 0.8539999999999999]",5007890.0,"[9.790000000000001, 8.54]",0.005765074988206228,2.7672359943389893,14.58,"[0.73, 0.728]",5008890.0,"[7.3, 7.279999999999999]",0.0057041898369789125,2.738011121749878,10.74,"[0.46799999999999997, 0.6060000000000001]",5009890.0,"[4.68, 6.0600000000000005]",0.006325727701187134,3.036349296569824,17.14,"[0.732, 0.982]",5010890.0,"[7.32, 9.82]",0.006071768701076508,2.9144489765167236,14.620000000000001,"[0.8560000000000001, 0.6060000000000001]",5011890.0,"[8.56, 6.0600000000000005]",0.006472626328468322,3.106860637664795,18.33,"[0.8589999999999998, 0.9740000000000002]",5012890.0,"[8.589999999999998, 9.740000000000002]",0.005413212378819783,2.598341941833496,7.706666666666666,1.598141281475313,0.005958766655789482,0.00036774921757696405,2.860207994778951,0.17651962443694277,COMPLETE
501,16.741666666666664,2025-06-13 17:18:18.070097,2025-06-13 17:18:21.761563,0 days 00:00:03.691466,34,0.9165077900906661,0.12184181658649386,0.9399480750416899,0.08662976742585392,459,5017898.0,16.741666666666664,0.874974602806023,0.8931666666666667,0.09526352339111173,450.0,6.0,17.0,"[0.857, 0.843]",5017898.0,"[8.57, 8.43]",0.005511584811740452,2.480213165283203,15.709999999999999,"[0.982, 0.589]",5018898.0,"[9.82, 5.89]",0.00539139641655816,2.426128387451172,18.180000000000003,"[0.9730000000000001, 0.845]",5019898.0,"[9.73, 8.45]",0.005871411959330241,2.6421353816986084,15.61,"[0.72, 0.841]",5020898.0,"[7.199999999999999, 8.41]",0.0059595961040920685,2.6818182468414307,17.02,"[0.85, 0.852]",5021898.0,"[8.5, 8.52]",0.005520322587754992,2.484145164489746,16.93,"[0.977, 0.716]",5022898.0,"[9.77, 7.16]",0.005743295351664225,2.5844829082489014,8.931666666666667,0.9526352339111174,0.00566626787185669,0.00020609058407796045,2.5498205423355103,0.09274076283508222,COMPLETE
502,15.678333333333335,2025-06-13 17:18:21.891470,2025-06-13 17:18:25.367064,0 days 00:00:03.475594,28,0.8217102919076482,0.10531757386147068,0.91686470118427,0.013267415853335773,430,5027902.0,15.678333333333335,1.8054493131135576,0.7115,0.13252641246181834,430.0,6.0,15.89,"[0.732, 0.8569999999999999]",5027902.0,"[7.32, 8.569999999999999]",0.0049469448799310724,2.1271862983703613,18.299999999999997,"[0.8560000000000001, 0.974]",5028902.0,"[8.56, 9.74]",0.005108316000117812,2.196575880050659,13.430000000000003,"[0.6059999999999999, 0.7369999999999999]",5029902.0,"[6.059999999999999, 7.369999999999999]",0.00549098391865575,2.3611230850219727,15.95,"[0.736, 0.859]",5030902.0,"[7.359999999999999, 8.59]",0.004892566037732501,2.1038033962249756,17.14,"[0.8549999999999999, 0.859]",5031902.0,"[8.549999999999999, 8.59]",0.005066137535627498,2.178439140319824,13.360000000000001,"[0.484, 0.852]",5032902.0,"[4.84, 8.52]",0.006119718662528105,2.631479024887085,7.114999999999999,1.3252641246181835,0.00527077783909879,0.0004253184481900291,2.2664344708124795,0.18288693272171244,COMPLETE
503,14.604999999999999,2025-06-13 17:18:25.446755,2025-06-13 17:18:29.065002,0 days 00:00:03.618247,33,0.7646198853541065,0.10120709369401532,0.9694257163272325,0.07893683630413358,499,5037905.0,14.604999999999999,3.2539501635192063,0.8275,0.1347624453127305,490.0,6.0,16.86,"[0.968, 0.7179999999999997]",5037905.0,"[9.68, 7.179999999999998]",0.005262231826782227,2.578493595123291,14.420000000000002,"[0.8550000000000001, 0.587]",5038905.0,"[8.55, 5.869999999999999]",0.0050007343292236325,2.45035982131958,18.25,"[0.9780000000000001, 0.8470000000000001]",5039905.0,"[9.780000000000001, 8.47]",0.005054061753409249,2.4764902591705322,7.979999999999999,"[0.595, 0.20299999999999993]",5040905.0,"[5.949999999999999, 2.0299999999999994]",0.00544536357023278,2.6682281494140625,15.7,"[0.8480000000000001, 0.7219999999999999]",5041905.0,"[8.48, 7.219999999999999]",0.004905188813501475,2.4035425186157227,14.42,"[0.7209999999999999, 0.721]",5042905.0,"[7.209999999999999, 7.21]",0.0057461359062973335,2.8156065940856934,8.275,1.347624453127305,0.005235619366574449,0.00028943810202150186,2.5654534896214805,0.14182466999053592,COMPLETE
504,14.968333333333334,2025-06-13 17:18:29.142072,2025-06-13 17:18:32.914861,0 days 00:00:03.772789,35,0.8076003287177274,0.020922777316096795,0.9630657516535007,0.039104762678389096,439,5047909.0,14.968333333333334,2.4867208439138393,0.7595000000000001,0.16385435606049661,430.0,6.0,16.880000000000003,"[0.8460000000000001, 0.842]",5047909.0,"[8.46, 8.42]",0.005465473685153695,2.350153684616089,10.33,"[0.7140000000000001, 0.3189999999999999]",5048909.0,"[7.140000000000001, 3.189999999999999]",0.0061477694400521215,2.643540859222412,16.990000000000002,"[0.983, 0.716]",5049909.0,"[9.83, 7.16]",0.0056711884432060775,2.4386110305786133,15.709999999999999,"[0.716, 0.8550000000000001]",5050909.0,"[7.16, 8.55]",0.005230033120443654,2.2489142417907715,13.040000000000001,"[0.45499999999999996, 0.8489999999999999]",5051909.0,"[4.55, 8.489999999999998]",0.006499689124351324,2.7948663234710693,16.86,"[0.8430000000000002, 0.843]",5052909.0,"[8.430000000000001, 8.43]",0.0050504002460213596,2.1716721057891846,7.595,1.638543560604966,0.005677425676538038,0.0005059024894484941,2.4412930409113565,0.21753807046285248,COMPLETE
505,6.569999999999998,2025-06-13 17:18:33.023720,2025-06-13 17:18:35.316167,0 days 00:00:02.292447,32,0.8306982146867855,0.12820643218523395,0.9420295711145785,0.0001550508521996189,114,5057913.0,6.569999999999998,2.382176875604888,0.3816666666666666,0.17605365343806104,110.0,6.0,5.549999999999998,"[0.21199999999999997, 0.34299999999999997]",5057913.0,"[2.1199999999999997, 3.4299999999999997]",0.013454881581393156,1.480036973953247,10.569999999999999,"[0.7220000000000001, 0.3349999999999999]",5058913.0,"[7.220000000000001, 3.349999999999999]",0.013021174344149502,1.4323291778564453,6.799999999999999,"[0.469, 0.21099999999999994]",5059913.0,"[4.6899999999999995, 2.1099999999999994]",0.013406944274902344,1.4747638702392578,5.52,"[0.3419999999999999, 0.20999999999999996]",5060913.0,"[3.419999999999999, 2.0999999999999996]",0.012740388783541593,1.4014427661895752,2.889999999999999,"[0.2079999999999999, 0.08099999999999993]",5061913.0,"[2.079999999999999, 0.8099999999999994]",0.013630162585865368,1.4993178844451904,8.089999999999998,"[0.3369999999999999, 0.4719999999999998]",5062913.0,"[3.369999999999999, 4.719999999999998]",0.012435787374323064,1.367936611175537,3.8166666666666664,1.7605365343806105,0.01311488982402917,0.00042359768140158154,1.4426378806432087,0.04659574495417392,COMPLETE
506,14.709999999999999,2025-06-13 17:18:39.604698,2025-06-13 17:18:43.052583,0 days 00:00:03.447885,30,0.7786854003046032,0.032066347345681506,0.9452212357145615,0.06804659215241173,455,5067919.0,14.709999999999999,2.4842101360392195,0.7909999999999999,0.14270131977899395,450.0,6.0,13.169999999999998,"[0.849, 0.46799999999999997]",5067919.0,"[8.49, 4.68]",0.004952678150600858,2.2287051677703857,17.029999999999998,"[0.9810000000000001, 0.7220000000000001]",5068919.0,"[9.81, 7.220000000000001]",0.005339872572157118,2.402942657470703,11.849999999999998,"[0.595, 0.5899999999999999]",5069919.0,"[5.949999999999999, 5.899999999999999]",0.005811797247992622,2.6153087615966797,15.899999999999999,"[0.8690000000000001, 0.7209999999999999]",5070919.0,"[8.690000000000001, 7.209999999999999]",0.005303351084391276,2.386507987976074,12.05,"[0.6039999999999999, 0.601]",5071919.0,"[6.039999999999999, 6.01]",0.005769969092475043,2.5964860916137695,18.259999999999998,"[0.8480000000000001, 0.9780000000000001]",5072919.0,"[8.48, 9.780000000000001]",0.005147998068067762,2.316599130630493,7.909999999999999,1.4270131977899392,0.005387611035947446,0.00031147266208934063,2.424424966176351,0.1401626979402033,COMPLETE
507,13.87,2025-06-13 17:18:43.132644,2025-06-13 17:18:46.667276,0 days 00:00:03.534632,36,0.9714754882063652,0.1356223607170235,0.942912796078715,0.05565113123198006,374,5077923.0,13.87,2.538037299436976,0.6713333333333332,0.19831008267077319,370.0,6.0,16.950000000000003,"[0.8479999999999999, 0.8469999999999999]",5077923.0,"[8.479999999999999, 8.469999999999999]",0.0065589086429492845,2.4267961978912354,11.6,"[0.44799999999999995, 0.712]",5078923.0,"[4.4799999999999995, 7.119999999999999]",0.006768859399331583,2.5044779777526855,14.29,"[0.585, 0.844]",5079923.0,"[5.85, 8.44]",0.00726616704786146,2.6884818077087402,10.309999999999997,"[0.4509999999999998, 0.5799999999999998]",5080923.0,"[4.509999999999998, 5.799999999999999]",0.00701131111866719,2.5941851139068604,17.09,"[0.983, 0.726]",5081923.0,"[9.83, 7.26]",0.005687091157243059,2.1042237281799316,12.98,"[0.7129999999999999, 0.585]",5082923.0,"[7.129999999999999, 5.85]",0.006315837035308013,2.336859703063965,6.713333333333331,1.983100826707732,0.006601362400226764,0.0005094600699503168,2.442504088083903,0.18850022588161724,COMPLETE
508,17.533333333333335,2025-06-13 17:18:46.789134,2025-06-13 17:18:50.433166,0 days 00:00:03.644032,29,0.8476764654997062,0.13277217453917614,0.9390740081959739,0.044698485106919594,490,5087927.0,17.533333333333335,1.593587845781407,0.8559999999999999,0.1463773661920905,490.0,6.0,15.809999999999999,"[0.727, 0.8539999999999999]",5087927.0,"[7.27, 8.54]",0.005176784067737813,2.5366241931915283,19.68,"[0.9870000000000001, 0.9810000000000001]",5088927.0,"[9.870000000000001, 9.81]",0.004413178502296915,2.1624574661254883,15.859999999999998,"[0.6039999999999999, 0.982]",5089927.0,"[6.039999999999999, 9.82]",0.005194764721150301,2.5454347133636475,17.139999999999997,"[0.9800000000000001, 0.734]",5090927.0,"[9.8, 7.34]",0.005132089828958316,2.514724016189575,19.650000000000002,"[0.982, 0.983]",5091927.0,"[9.82, 9.83]",0.005217711779536033,2.5566787719726562,17.060000000000002,"[0.8559999999999999, 0.85]",5092927.0,"[8.559999999999999, 8.5]",0.005306799557744241,2.6003317832946777,8.56,1.4637736619209047,0.005073554742903936,0.000300015467004129,2.4860418240229287,0.14700757883202328,COMPLETE
509,16.50166666666667,2025-06-13 17:18:50.524727,2025-06-13 17:18:53.986571,0 days 00:00:03.461844,27,0.8525278782335457,0.13216007194895474,0.9395734995770126,0.03725553853452108,495,5097930.0,16.50166666666667,1.57699520889852,0.836,0.08521345746613818,490.0,6.0,14.750000000000002,"[0.735, 0.74]",5097930.0,"[7.35, 7.4]",0.00521103995186942,2.5534095764160156,18.47,"[0.8630000000000001, 0.984]",5098930.0,"[8.63, 9.84]",0.0044438318330414445,2.1774775981903076,17.099999999999998,"[0.857, 0.853]",5099930.0,"[8.57, 8.53]",0.004629367225024165,2.268389940261841,14.62,"[0.73, 0.732]",5100930.0,"[7.3, 7.32]",0.005146862536060567,2.5219626426696777,15.71,"[0.851, 0.72]",5101930.0,"[8.51, 7.199999999999999]",0.005388976116569675,2.6405982971191406,18.36,"[0.9800000000000001, 0.8559999999999999]",5102930.0,"[9.8, 8.559999999999999]",0.004462083018555933,2.1864206790924072,8.36,0.8521345746613816,0.0048803601135202004,0.00038025715710416345,2.3913764556248984,0.18632600698104004,COMPLETE
510,16.69666666666667,2025-06-13 17:18:54.064309,2025-06-13 17:18:57.423333,0 days 00:00:03.359024,28,0.8361240634843652,0.11806010370831449,0.9022592714993435,0.05134100473140161,487,5107934.0,16.69666666666667,2.526794192032444,0.835,0.08445511628472646,480.0,6.0,14.629999999999999,"[0.728, 0.7349999999999999]",5107934.0,"[7.279999999999999, 7.349999999999999]",0.0051280811429023744,2.4614789485931396,17.1,"[0.853, 0.857]",5108934.0,"[8.53, 8.57]",0.00491644541422526,2.359893798828125,18.38,"[0.8580000000000002, 0.9800000000000001]",5109934.0,"[8.580000000000002, 9.8]",0.0049453611175219216,2.3737733364105225,19.46,"[0.977, 0.969]",5110934.0,"[9.77, 9.69]",0.0048513675729433695,2.3286564350128174,12.18,"[0.736, 0.48199999999999993]",5111934.0,"[7.359999999999999, 4.819999999999999]",0.005288654565811157,2.5385541915893555,18.430000000000003,"[0.8579999999999999, 0.985]",5112934.0,"[8.579999999999998, 9.85]",0.0049708987275759375,2.38603138923645,8.35,0.8445511628472646,0.00501680142349667,0.00014772596773170074,2.408064683278402,0.07090846451121637,COMPLETE
511,16.688333333333333,2025-06-13 17:19:01.811767,2025-06-13 17:19:05.365983,0 days 00:00:03.554216,29,0.8179546370968955,0.12536439732669247,0.9283235778272821,0.042278411458247345,487,5117941.0,16.688333333333333,1.1607097924210956,0.8336666666666667,0.11610005263660406,480.0,6.0,18.28,"[0.849, 0.9789999999999999]",5117941.0,"[8.49, 9.79]",0.005147777001063029,2.470932960510254,17.21,"[0.86, 0.861]",5118941.0,"[8.6, 8.61]",0.004572737216949463,2.194913864135742,15.879999999999997,"[0.857, 0.7309999999999999]",5119941.0,"[8.57, 7.309999999999999]",0.0047017147143681845,2.2568230628967285,17.13,"[0.9890000000000001, 0.724]",5120941.0,"[9.89, 7.24]",0.00545108566681544,2.616521120071411,14.610000000000001,"[0.599, 0.8620000000000001]",5121941.0,"[5.99, 8.620000000000001]",0.005465351541837056,2.623368740081787,17.02,"[0.8480000000000001, 0.8540000000000001]",5122941.0,"[8.48, 8.540000000000001]",0.005771896243095398,2.770510196685791,8.336666666666666,1.1610005263660401,0.005185093730688095,0.000428886475074067,2.4888449907302856,0.20586550803555215,COMPLETE
512,15.003333333333332,2025-06-13 17:19:05.442427,2025-06-13 17:19:09.490170,0 days 00:00:04.047743,29,0.8503439319667305,0.12933791055824886,0.926436591362865,0.04463978794276614,478,5127945.0,15.003333333333332,2.589849845497268,0.7931666666666667,0.1560079235879455,470.0,6.0,14.67,"[0.736, 0.7310000000000001]",5127945.0,"[7.359999999999999, 7.3100000000000005]",0.005703138797841173,2.6804752349853516,15.810000000000002,"[0.8530000000000001, 0.728]",5128945.0,"[8.530000000000001, 7.279999999999999]",0.006155627331835159,2.8931448459625244,17.08,"[0.9800000000000001, 0.728]",5129945.0,"[9.8, 7.279999999999999]",0.006013605949726511,2.82639479637146,17.05,"[0.849, 0.8560000000000001]",5130945.0,"[8.49, 8.56]",0.006862833144816946,3.225531578063965,15.899999999999999,"[0.859, 0.731]",5131945.0,"[8.59, 7.31]",0.005809280720162899,2.7303619384765625,9.51,"[0.48199999999999993, 0.469]",5132945.0,"[4.819999999999999, 4.6899999999999995]",0.006877234134268253,3.232300043106079,7.931666666666666,1.5600792358794549,0.006236953346441823,0.0004701143189181147,2.931368072827657,0.22095372989151396,COMPLETE
513,14.085,2025-06-13 17:19:09.572319,2025-06-13 17:19:13.794576,0 days 00:00:04.222257,27,0.8268435687971663,0.1320534266474095,0.9393535360336356,0.002097835777948239,499,5137949.0,14.085,4.192766588622204,0.7561666666666668,0.1711854906883823,490.0,6.0,8.459999999999999,"[0.607, 0.23899999999999996]",5137949.0,"[6.07, 2.3899999999999997]",0.006693106281514071,3.2796220779418945,12.180000000000001,"[0.6020000000000001, 0.616]",5138949.0,"[6.020000000000001, 6.16]",0.006562352180480957,3.215552568435669,19.67,"[0.9860000000000001, 0.9810000000000001]",5139949.0,"[9.860000000000001, 9.81]",0.004999737350308165,2.449871301651001,12.190000000000001,"[0.6110000000000001, 0.608]",5140949.0,"[6.110000000000001, 6.08]",0.005948718226685816,2.91487193107605,19.75,"[0.992, 0.983]",5141949.0,"[9.92, 9.83]",0.004825852355178521,2.3646676540374756,12.260000000000002,"[0.7390000000000001, 0.487]",5142949.0,"[7.390000000000001, 4.87]",0.007007031538048569,3.433445453643799,7.561666666666667,1.7118549068838227,0.006006132988702683,0.0008358928370481524,2.943005164464315,0.4095874901535947,COMPLETE
514,15.621666666666664,2025-06-13 17:19:13.877301,2025-06-13 17:19:17.555259,0 days 00:00:03.677958,22,0.7998581996009788,0.03910655182951328,0.942982302244645,0.029865022771544774,492,5147954.0,15.621666666666664,3.1637236324025237,0.7426666666666667,0.19317579788599007,490.0,6.0,17.27,"[0.8639999999999999, 0.8629999999999999]",5147954.0,"[8.639999999999999, 8.629999999999999]",0.004750389955481704,2.327691078186035,13.7,"[0.6279999999999999, 0.742]",5148954.0,"[6.279999999999999, 7.42]",0.004688456593727579,2.2973437309265137,19.529999999999998,"[0.978, 0.9750000000000002]",5149954.0,"[9.78, 9.750000000000002]",0.004352800213560766,2.1328721046447754,14.89,"[0.75, 0.739]",5150954.0,"[7.5, 7.39]",0.005942970879223882,2.912055730819702,18.27,"[0.852, 0.9750000000000002]",5151954.0,"[8.52, 9.750000000000002]",0.004967290041398029,2.433972120285034,10.07,"[0.384, 0.623]",5152954.0,"[3.84, 6.23]",0.005486398813675861,2.688335418701172,7.426666666666667,1.9317579788599006,0.00503138441617797,0.0005321606851336562,2.4653783639272056,0.2607587357154916,COMPLETE
515,14.635,2025-06-13 17:19:17.640323,2025-06-13 17:19:21.537509,0 days 00:00:03.897186,28,0.8100657092810614,0.0915938098393624,0.940162754444939,0.034716307367295106,475,5157957.0,14.635,2.940299021074786,0.7121666666666666,0.13280991010546705,470.0,6.0,14.54,"[0.7289999999999999, 0.7249999999999999]",5157957.0,"[7.289999999999999, 7.249999999999998]",0.0055118504990922645,2.5905697345733643,14.629999999999999,"[0.6049999999999999, 0.8579999999999999]",5158957.0,"[6.049999999999999, 8.579999999999998]",0.00528934712105609,2.4859931468963623,17.17,"[0.7319999999999999, 0.985]",5159957.0,"[7.3199999999999985, 9.85]",0.004998417103544195,2.3492560386657715,15.86,"[0.861, 0.7249999999999999]",5160957.0,"[8.61, 7.249999999999998]",0.0064155137285273126,3.015291452407837,17.12,"[0.858, 0.8540000000000001]",5161957.0,"[8.58, 8.540000000000001]",0.004609466106333632,2.1664490699768066,8.489999999999997,"[0.4879999999999998, 0.36100000000000004]",5162957.0,"[4.879999999999998, 3.6100000000000003]",0.006680757948692809,3.13995623588562,7.121666666666665,1.3280991010546703,0.0055842254178743835,0.0007392498767836912,2.6245859464009604,0.3474474420883349,COMPLETE
