number,value,datetime_start,datetime_complete,duration,params_episode_length,params_epsilon_max,params_epsilon_min,params_gamma,params_learning_rate,params_num_episodes,user_attrs_base_seed,user_attrs_collective_reward_mean,user_attrs_collective_reward_std,user_attrs_individual_reward_agent0_mean,user_attrs_individual_reward_agent0_std,user_attrs_num_episodes_mean,user_attrs_num_parallel_runs,user_attrs_run_0_collective_reward,user_attrs_run_0_individual_rewards,user_attrs_run_0_seed,user_attrs_run_0_total_individual_rewards,user_attrs_run_0_training_time_per_episode,user_attrs_run_0_training_time_total,user_attrs_run_1_collective_reward,user_attrs_run_1_individual_rewards,user_attrs_run_1_seed,user_attrs_run_1_total_individual_rewards,user_attrs_run_1_training_time_per_episode,user_attrs_run_1_training_time_total,user_attrs_run_2_collective_reward,user_attrs_run_2_individual_rewards,user_attrs_run_2_seed,user_attrs_run_2_total_individual_rewards,user_attrs_run_2_training_time_per_episode,user_attrs_run_2_training_time_total,user_attrs_run_3_collective_reward,user_attrs_run_3_individual_rewards,user_attrs_run_3_seed,user_attrs_run_3_total_individual_rewards,user_attrs_run_3_training_time_per_episode,user_attrs_run_3_training_time_total,user_attrs_run_4_collective_reward,user_attrs_run_4_individual_rewards,user_attrs_run_4_seed,user_attrs_run_4_total_individual_rewards,user_attrs_run_4_training_time_per_episode,user_attrs_run_4_training_time_total,user_attrs_run_5_collective_reward,user_attrs_run_5_individual_rewards,user_attrs_run_5_seed,user_attrs_run_5_total_individual_rewards,user_attrs_run_5_training_time_per_episode,user_attrs_run_5_training_time_total,user_attrs_total_individual_reward_agent0_mean,user_attrs_total_individual_reward_agent0_std,user_attrs_training_time_per_episode_mean,user_attrs_training_time_per_episode_std,user_attrs_training_time_total_mean,user_attrs_training_time_total_std,state
552,16.048333333333332,2025-06-13 17:22:29.098799,2025-06-13 17:22:32.941091,0 days 00:00:03.842292,22,0.8456701928639059,0.11678203799004011,0.9442746012939283,0.0727797676673221,459,5528149.0,16.048333333333332,1.6626426421680505,0.7615,0.1273953819152536,450.0,6.0,19.59,"[0.9809999999999999, 0.978]",5528149.0,"[9.809999999999999, 9.78]",0.005299657185872396,2.384845733642578,14.85,"[0.625, 0.86]",5529149.0,"[6.25, 8.6]",0.0067497793833414714,3.037400722503662,14.939999999999998,"[0.746, 0.748]",5530149.0,"[7.46, 7.48]",0.005265597767300076,2.369518995285034,14.88,"[0.618, 0.8700000000000001]",5531149.0,"[6.18, 8.700000000000001]",0.005295110278659396,2.3827996253967285,16.09,"[0.7410000000000001, 0.868]",5532149.0,"[7.410000000000001, 8.68]",0.005417792532179091,2.438006639480591,15.94,"[0.8579999999999999, 0.736]",5533149.0,"[8.579999999999998, 7.359999999999999]",0.006813832918802897,3.0662248134613037,7.614999999999999,1.273953819152536,0.005806961677692554,0.0006912033144775367,2.6131327549616494,0.31104149151489147,COMPLETE
553,16.278333333333332,2025-06-13 17:22:33.023171,2025-06-13 17:22:37.195256,0 days 00:00:04.172085,45,0.9276407534853746,0.0410572289826004,0.9871904284949758,0.03634932031277196,441,5538153.0,16.278333333333332,2.1263616552432683,0.8130000000000001,0.09888208465979395,440.0,6.0,16.65,"[0.825, 0.8399999999999999]",5538153.0,"[8.25, 8.399999999999999]",0.006544354828921232,2.879516124725342,14.010000000000002,"[0.6980000000000002, 0.703]",5539153.0,"[6.980000000000002, 7.029999999999999]",0.006735486334020441,2.963613986968994,19.610000000000003,"[0.983, 0.9780000000000001]",5540153.0,"[9.83, 9.780000000000001]",0.005185037851333618,2.281416654586792,18.23,"[0.8400000000000001, 0.983]",5541153.0,"[8.4, 9.83]",0.007721640305085616,3.397521734237671,15.36,"[0.8409999999999999, 0.695]",5542153.0,"[8.409999999999998, 6.949999999999999]",0.007070453600449995,3.110999584197998,13.809999999999999,"[0.691, 0.6900000000000001]",5543153.0,"[6.909999999999999, 6.9]",0.007578648762269454,3.3346054553985596,8.129999999999999,0.9888208465979397,0.006805936947013393,0.0008372840638157138,2.9946122566858926,0.3684049880789141,COMPLETE
554,15.646666666666667,2025-06-13 17:22:37.281721,2025-06-13 17:22:41.487710,0 days 00:00:04.205989,28,0.6335866003515532,0.024052057968728446,0.9417237111032772,0.05658160156198822,500,5548157.0,15.646666666666667,2.21155802295325,0.7516666666666666,0.11075297838984839,500.0,6.0,18.37,"[0.858, 0.9789999999999999]",5548157.0,"[8.58, 9.79]",0.0049998598098754884,2.499929904937744,12.16,"[0.607, 0.609]",5549157.0,"[6.07, 6.09]",0.00537814474105835,2.689072370529175,17.099999999999998,"[0.852, 0.858]",5550157.0,"[8.52, 8.58]",0.0063298091888427735,3.1649045944213867,15.850000000000001,"[0.732, 0.8530000000000001]",5551157.0,"[7.32, 8.530000000000001]",0.006870010852813721,3.4350054264068604,17.099999999999998,"[0.8530000000000001, 0.857]",5552157.0,"[8.530000000000001, 8.57]",0.004919707775115967,2.4598538875579834,13.299999999999999,"[0.608, 0.7219999999999999]",5553157.0,"[6.08, 7.219999999999999]",0.00559024715423584,2.79512357711792,7.516666666666667,1.1075297838984839,0.005681296586990357,0.0007045299663614052,2.8406482934951782,0.35226498318070265,COMPLETE
555,17.396666666666665,2025-06-13 17:22:41.565236,2025-06-13 17:22:45.127092,0 days 00:00:03.561856,17,0.766598847211921,0.0315672015329161,0.971349686918292,0.09912730404708224,468,5558161.0,17.396666666666665,1.622083707937279,0.8890000000000001,0.07887754221999223,460.0,6.0,16.310000000000002,"[0.8720000000000001, 0.759]",5558161.0,"[8.72, 7.59]",0.0045304137727488645,2.0839903354644775,19.729999999999997,"[0.9869999999999999, 0.986]",5559161.0,"[9.87, 9.86]",0.004205516628597094,1.934537649154663,16.28,"[0.982, 0.6460000000000001]",5560161.0,"[9.82, 6.460000000000001]",0.006078254139941672,2.795996904373169,15.06,"[0.7550000000000001, 0.751]",5561161.0,"[7.550000000000001, 7.51]",0.005012016711027726,2.305527687072754,18.599999999999998,"[0.873, 0.9870000000000001]",5562161.0,"[8.73, 9.870000000000001]",0.005598692790321682,2.5753986835479736,18.400000000000002,"[0.865, 0.975]",5563161.0,"[8.65, 9.75]",0.004604001148887303,2.117840528488159,8.889999999999999,0.7887754221999226,0.005004815865254057,0.0006493073791641146,2.302215298016866,0.2986813944154927,COMPLETE
556,17.415000000000003,2025-06-13 17:22:49.658730,2025-06-13 17:22:54.383695,0 days 00:00:04.724965,50,0.7737688464735303,0.13421919594464735,0.9174099844681495,0.07916789424462385,480,5568169.0,17.415000000000003,1.6064012574696276,0.8593333333333333,0.09879552396518555,480.0,6.0,16.619999999999997,"[0.8300000000000001, 0.8320000000000001]",5568169.0,"[8.3, 8.32]",0.006534890830516815,3.1367475986480713,19.54,"[0.974, 0.9800000000000001]",5569169.0,"[9.74, 9.8]",0.006712072590986887,3.221794843673706,19.62,"[0.985, 0.977]",5570169.0,"[9.85, 9.77]",0.00492435743411382,2.363691568374634,16.799999999999997,"[0.8440000000000001, 0.836]",5571169.0,"[8.440000000000001, 8.36]",0.00489728848139445,2.350698471069336,15.31,"[0.693, 0.8379999999999999]",5572169.0,"[6.93, 8.379999999999999]",0.008116258680820465,3.8958041667938232,16.6,"[0.8300000000000001, 0.8299999999999998]",5573169.0,"[8.3, 8.299999999999999]",0.0064176415403683984,3.080467939376831,8.593333333333334,0.9879552396518556,0.006267084926366805,0.0011098877053747676,3.008200764656067,0.5327460985798884,COMPLETE
557,15.87,2025-06-13 17:22:54.473365,2025-06-13 17:22:58.060331,0 days 00:00:03.586966,23,0.808212576732609,0.12882953347413634,0.9592807476429837,0.0017699666063694056,430,5578174.0,15.87,1.4509307357692853,0.8834999999999998,0.0814509054584416,430.0,6.0,18.43,"[0.976, 0.867]",5578174.0,"[9.76, 8.67]",0.006167027562163597,2.6518218517303467,13.63,"[0.7450000000000001, 0.618]",5579174.0,"[7.450000000000001, 6.18]",0.00575554093649221,2.4748826026916504,16.11,"[0.8629999999999999, 0.748]",5580174.0,"[8.629999999999999, 7.48]",0.005647438071494879,2.428398370742798,16.09,"[0.9879999999999999, 0.6209999999999999]",5581174.0,"[9.879999999999999, 6.209999999999999]",0.005264000005500261,2.2635200023651123,14.91,"[0.866, 0.6249999999999999]",5582174.0,"[8.66, 6.249999999999999]",0.006450162377468375,2.7735698223114014,16.05,"[0.8629999999999999, 0.7420000000000001]",5583174.0,"[8.629999999999999, 7.420000000000001]",0.005652435990267022,2.4305474758148193,8.834999999999999,0.8145090545844161,0.005822767490564391,0.0003848447908211116,2.503790020942688,0.16548326005307804,COMPLETE
558,16.354999999999997,2025-06-13 17:22:58.146164,2025-06-13 17:23:02.174397,0 days 00:00:04.028233,33,0.8681609016138767,0.09600345601475348,0.9789160373336309,0.06466914206554897,445,5588178.0,16.354999999999997,0.9975428144529273,0.8286666666666666,0.050568984785362474,440.0,6.0,17.04,"[0.852, 0.852]",5588178.0,"[8.52, 8.52]",0.005439805442636663,2.393514394760132,16.95,"[0.8479999999999999, 0.8470000000000001]",5589178.0,"[8.479999999999999, 8.47]",0.00651071234182878,2.864713430404663,17.0,"[0.859, 0.841]",5590178.0,"[8.59, 8.41]",0.006708669120615179,2.9518144130706787,16.990000000000002,"[0.716, 0.9830000000000002]",5591178.0,"[7.16, 9.830000000000002]",0.0071912635456432,3.164155960083008,15.799999999999999,"[0.852, 0.728]",5592178.0,"[8.52, 7.279999999999999]",0.00656822377985174,2.8900184631347656,14.35,"[0.845, 0.5899999999999999]",5593178.0,"[8.45, 5.899999999999999]",0.007312785495411266,3.217625617980957,8.286666666666667,0.5056898478536246,0.00662190995433114,0.0006084978593583128,2.9136403799057007,0.2677390581176576,COMPLETE
559,14.19,2025-06-13 17:23:02.261285,2025-06-13 17:23:06.372361,0 days 00:00:04.111076,29,0.9483272927585606,0.13638314387187306,0.9387617547125636,0.04658747890705471,453,5598182.0,14.19,2.809068647553253,0.7301666666666667,0.16525779524394274,450.0,6.0,12.09,"[0.599, 0.61]",5598182.0,"[5.99, 6.1]",0.006919910642835829,3.113959789276123,9.56,"[0.477, 0.4789999999999999]",5599182.0,"[4.77, 4.789999999999999]",0.006686848004659017,3.0090816020965576,15.92,"[0.729, 0.8629999999999999]",5600182.0,"[7.29, 8.629999999999999]",0.007336281140645345,3.3013265132904053,14.610000000000001,"[0.859, 0.602]",5601182.0,"[8.59, 6.02]",0.006326601240370009,2.846970558166504,14.5,"[0.73, 0.72]",5602182.0,"[7.3, 7.199999999999999]",0.007109381357828776,3.199221611022949,18.459999999999997,"[0.9870000000000001, 0.859]",5603182.0,"[9.870000000000001, 8.59]",0.006651066144307455,2.9929797649383545,7.301666666666667,1.6525779524394273,0.0068383480884410715,0.00032862350452733235,3.0772566397984824,0.14788057703729957,COMPLETE
560,14.726666666666667,2025-06-13 17:23:06.483608,2025-06-13 17:23:09.961189,0 days 00:00:03.477581,36,0.7896918841792548,0.1266471271904463,0.9360715971423396,0.054219441917617434,461,5608186.0,14.726666666666667,2.1049201621175295,0.8246666666666668,0.11769971207365898,460.0,6.0,15.65,"[0.8480000000000001, 0.7169999999999999]",5608186.0,"[8.48, 7.169999999999998]",0.005406828030295994,2.4871408939361572,10.35,"[0.585, 0.4499999999999999]",5609186.0,"[5.85, 4.499999999999999]",0.005528350498365319,2.543041229248047,16.9,"[0.8439999999999998, 0.8459999999999999]",5610186.0,"[8.439999999999998, 8.459999999999999]",0.005366247114927872,2.4684736728668213,14.22,"[0.842, 0.5799999999999998]",5611186.0,"[8.42, 5.799999999999999]",0.0055571473163107165,2.5562877655029297,15.629999999999997,"[0.85, 0.7129999999999999]",5612186.0,"[8.5, 7.129999999999999]",0.0054947044538414995,2.52756404876709,15.61,"[0.9790000000000001, 0.582]",5613186.0,"[9.790000000000001, 5.819999999999999]",0.005825520080068837,2.679739236831665,8.246666666666666,1.17699712073659,0.005529799582301705,0.00014793224317668932,2.543707807858785,0.0680488318612771,COMPLETE
561,16.185,2025-06-13 17:23:14.612860,2025-06-13 17:23:18.395445,0 days 00:00:03.782585,32,0.8308669240454196,0.13104879789099247,0.967122912738524,0.08752163356458818,489,5618194.0,16.185,2.6184648810578555,0.8731666666666666,0.11478300784039815,480.0,6.0,15.709999999999999,"[0.9770000000000001, 0.5939999999999998]",5618194.0,"[9.770000000000001, 5.939999999999998]",0.005239456395308177,2.514939069747925,19.56,"[0.9799999999999999, 0.976]",5619194.0,"[9.799999999999999, 9.76]",0.005004309117794037,2.4020683765411377,13.190000000000001,"[0.8480000000000001, 0.4709999999999999]",5620194.0,"[8.48, 4.709999999999999]",0.006118462979793548,2.9368622303009033,19.609999999999996,"[0.984, 0.9770000000000001]",5621194.0,"[9.84, 9.770000000000001]",0.004717934628327688,2.26460862159729,15.799999999999997,"[0.7209999999999999, 0.859]",5622194.0,"[7.209999999999999, 8.59]",0.0046610280871391295,2.2372934818267822,13.239999999999998,"[0.7289999999999999, 0.595]",5623194.0,"[7.289999999999999, 5.949999999999999]",0.006192112962404887,2.9722142219543457,8.731666666666667,1.1478300784039812,0.0053222173617945776,0.000619269643505775,2.5546643336613974,0.297249428882772,COMPLETE
562,16.421666666666667,2025-06-13 17:23:18.472799,2025-06-13 17:23:21.792055,0 days 00:00:03.319256,31,0.8151687568563155,0.03441487043433712,0.9564952267845306,0.031275890363016014,437,5628198.0,16.421666666666667,2.710980245020035,0.8328333333333333,0.1871803200719088,430.0,6.0,18.45,"[0.991, 0.8540000000000001]",5628198.0,"[9.91, 8.540000000000001]",0.004910464619481286,2.111499786376953,15.709999999999999,"[0.7190000000000001, 0.852]",5629198.0,"[7.190000000000001, 8.52]",0.005634064452592717,2.422647714614868,18.18,"[0.977, 0.841]",5630198.0,"[9.77, 8.41]",0.00511155738386997,2.197969675064087,18.37,"[0.982, 0.8550000000000001]",5631198.0,"[9.82, 8.55]",0.0047449222830838935,2.040316581726074,17.07,"[0.8539999999999999, 0.853]",5632198.0,"[8.54, 8.53]",0.005318177578061126,2.286816358566284,10.75,"[0.4739999999999999, 0.601]",5633198.0,"[4.739999999999999, 6.01]",0.00583275695179784,2.5080854892730713,8.328333333333333,1.871803200719088,0.005258657211481138,0.0003831587572644574,2.2612226009368896,0.1647582656237167,COMPLETE
563,13.773333333333333,2025-06-13 17:23:21.876939,2025-06-13 17:23:25.747485,0 days 00:00:03.870546,34,0.9895713735718361,0.12360988457619627,0.9449657087615768,0.0009604279280163951,445,5638202.0,13.773333333333333,3.3546766693014636,0.7004999999999999,0.19026976463256934,440.0,6.0,13.099999999999998,"[0.8479999999999999, 0.462]",5638202.0,"[8.479999999999999, 4.62]",0.006628135659477927,2.916379690170288,11.88,"[0.592, 0.596]",5639202.0,"[5.92, 5.96]",0.006088442694057118,2.678914785385132,15.660000000000002,"[0.722, 0.844]",5640202.0,"[7.22, 8.44]",0.006010632623325695,2.6446783542633057,7.869999999999999,"[0.332, 0.45499999999999996]",5641202.0,"[3.3200000000000003, 4.55]",0.006490080464969981,2.855635404586792,18.37,"[0.8550000000000001, 0.982]",5642202.0,"[8.55, 9.82]",0.005802484534003518,2.553093194961548,15.760000000000002,"[0.8540000000000001, 0.7220000000000001]",5643202.0,"[8.540000000000001, 7.220000000000001]",0.0055403286760503595,2.437744617462158,7.004999999999999,1.9026976463256933,0.006093350775314099,0.0003743198973967749,2.681074341138204,0.164700754854581,COMPLETE
564,16.811666666666667,2025-06-13 17:23:25.828530,2025-06-13 17:23:29.235107,0 days 00:00:03.406577,33,0.7776672263556089,0.01559811881271857,0.9401116026188969,0.07397812604246519,475,5648206.0,16.811666666666667,1.1342459560822282,0.8533333333333332,0.1050026454693193,470.0,6.0,18.31,"[0.982, 0.849]",5648206.0,"[9.82, 8.49]",0.005037855594716174,2.3677921295166016,15.82,"[0.726, 0.8560000000000001]",5649206.0,"[7.26, 8.56]",0.005464048081255973,2.5681025981903076,16.85,"[0.9810000000000001, 0.704]",5650206.0,"[9.81, 7.039999999999999]",0.0052753935468957775,2.4794349670410156,15.82,"[0.861, 0.721]",5651206.0,"[8.61, 7.21]",0.004857982980444076,2.283252000808716,15.73,"[0.723, 0.85]",5652206.0,"[7.2299999999999995, 8.5]",0.005494849225308033,2.5825791358947754,18.34,"[0.8469999999999999, 0.9870000000000001]",5653206.0,"[8.469999999999999, 9.870000000000001]",0.0048972226203756125,2.301694631576538,8.533333333333333,1.050026454693193,0.005171225341499274,0.0002557063248485155,2.430475910504659,0.12018197267880226,COMPLETE
565,16.19333333333333,2025-06-13 17:23:29.315525,2025-06-13 17:23:32.739669,0 days 00:00:03.424144,24,0.9769194130573575,0.11950694715627856,0.9207692363292965,0.009485390727526013,425,5658209.0,16.19333333333333,1.888426740849524,0.8798333333333335,0.11060804170081356,420.0,6.0,18.48,"[0.9850000000000001, 0.8629999999999999]",5658209.0,"[9.850000000000001, 8.629999999999999]",0.005358510925656273,2.2505745887756348,18.23,"[0.9740000000000002, 0.8489999999999999]",5659209.0,"[9.740000000000002, 8.489999999999998]",0.005566950071425665,2.3381190299987793,14.81,"[0.86, 0.6209999999999999]",5660209.0,"[8.6, 6.209999999999999]",0.0059681069283258345,2.5066049098968506,14.79,"[0.7379999999999998, 0.741]",5661209.0,"[7.379999999999997, 7.41]",0.005794576236179897,2.4337220191955566,13.56,"[0.734, 0.6219999999999999]",5662209.0,"[7.34, 6.219999999999999]",0.005471466268811907,2.298015832901001,17.29,"[0.9880000000000001, 0.7409999999999999]",5663209.0,"[9.88, 7.409999999999998]",0.0051196472985403875,2.150251865386963,8.798333333333334,1.1060804170081358,0.005546542954823327,0.00027775456700479604,2.3295480410257974,0.1166569181420143,COMPLETE
566,14.545,2025-06-13 17:23:37.334893,2025-06-13 17:23:40.658913,0 days 00:00:03.324020,20,0.8027807368274794,0.11234692993072512,0.9419885379445979,0.06303202604970178,434,5668217.0,14.545,3.5991561510998658,0.6683333333333333,0.26572333147258426,430.0,6.0,13.709999999999999,"[0.627, 0.744]",5668217.0,"[6.27, 7.4399999999999995]",0.00518320826596992,2.2287795543670654,13.79,"[0.397, 0.982]",5669217.0,"[3.97, 9.82]",0.005290973463723826,2.275118589401245,14.939999999999998,"[0.9790000000000001, 0.515]",5670217.0,"[9.790000000000001, 5.15]",0.005005823734194733,2.1525042057037354,17.33,"[0.7489999999999999, 0.9840000000000002]",5671217.0,"[7.489999999999998, 9.840000000000002]",0.004677455924278082,2.011306047439575,7.95,"[0.281, 0.5139999999999999]",5672217.0,"[2.8100000000000005, 5.139999999999999]",0.00549528765123944,2.362973690032959,19.55,"[0.9770000000000001, 0.9780000000000001]",5673217.0,"[9.770000000000001, 9.780000000000001]",0.00461170562477999,1.9830334186553955,6.683333333333334,2.657233314725843,0.005044075777364331,0.00031799521913874253,2.1689525842666626,0.13673794422965924,COMPLETE
567,16.253333333333334,2025-06-13 17:23:40.743739,2025-06-13 17:23:44.435118,0 days 00:00:03.691379,29,0.8228410364887395,0.10036295555761333,0.9630118681415394,0.03891066869461778,485,5678220.0,16.253333333333334,1.3610616771068424,0.8346666666666667,0.13256277339015238,480.0,6.0,18.330000000000002,"[0.9790000000000001, 0.8539999999999999]",5678220.0,"[9.790000000000001, 8.54]",0.005130676925182343,2.4627249240875244,15.899999999999999,"[0.859, 0.731]",5679220.0,"[8.59, 7.31]",0.004863639175891876,2.3345468044281006,14.559999999999999,"[0.7280000000000001, 0.728]",5680220.0,"[7.280000000000001, 7.279999999999999]",0.005371420582135519,2.578281879425049,17.009999999999998,"[0.977, 0.724]",5681220.0,"[9.77, 7.24]",0.005771506329377492,2.7703230381011963,14.65,"[0.607, 0.858]",5682220.0,"[6.07, 8.58]",0.005563264588514963,2.6703670024871826,17.07,"[0.858, 0.849]",5683220.0,"[8.58, 8.49]",0.005268782873948415,2.5290157794952393,8.346666666666668,1.3256277339015234,0.005328215079175101,0.0002921205227999138,2.557543238004049,0.14021785094395864,COMPLETE
568,17.638333333333335,2025-06-13 17:23:44.525094,2025-06-13 17:23:48.082556,0 days 00:00:03.557462,35,0.841576554705434,0.03846372766488439,0.9737724150672884,0.06714122737143056,451,5688224.0,17.638333333333335,2.266924617675281,0.9133333333333334,0.06650229737050867,450.0,6.0,19.59,"[0.974, 0.985]",5688224.0,"[9.74, 9.85]",0.005300733248392741,2.3853299617767334,12.960000000000003,"[0.844, 0.45199999999999996]",5689224.0,"[8.44, 4.52]",0.005671238369411892,2.5520572662353516,19.62,"[0.9880000000000001, 0.9740000000000002]",5690224.0,"[9.88, 9.740000000000002]",0.004818871286180284,2.168492078781128,17.060000000000002,"[0.851, 0.8550000000000001]",5691224.0,"[8.51, 8.55]",0.0052521334754096136,2.363460063934326,18.32,"[0.8459999999999999, 0.986]",5692224.0,"[8.459999999999999, 9.86]",0.005082245402865939,2.287010431289673,18.28,"[0.9770000000000001, 0.851]",5693224.0,"[9.770000000000001, 8.51]",0.005448388523525662,2.451774835586548,9.133333333333335,0.6650229737050867,0.005262268384297689,0.0002684798805500714,2.36802077293396,0.12081594624753211,COMPLETE
569,17.133333333333333,2025-06-13 17:23:48.233042,2025-06-13 17:23:51.936376,0 days 00:00:03.703334,37,0.8389647631818087,0.030828197460949114,0.9746508775105314,0.08095153041670088,452,5698228.0,17.133333333333333,2.315971118607101,0.8236666666666667,0.23498486948926936,450.0,6.0,18.28,"[0.9840000000000002, 0.8440000000000001]",5698228.0,"[9.840000000000002, 8.440000000000001]",0.005249899758232965,2.362454891204834,19.51,"[0.9730000000000001, 0.978]",5699228.0,"[9.73, 9.78]",0.004768872790866428,2.1459927558898926,19.52,"[0.9770000000000001, 0.975]",5700228.0,"[9.770000000000001, 9.75]",0.005230645603603787,2.353790521621704,13.009999999999998,"[0.31499999999999984, 0.9860000000000001]",5701228.0,"[3.1499999999999986, 9.860000000000001]",0.005525850719875759,2.486632823944092,15.56,"[0.8480000000000001, 0.708]",5702228.0,"[8.48, 7.08]",0.005724592208862305,2.576066493988037,16.919999999999998,"[0.845, 0.8469999999999999]",5703228.0,"[8.45, 8.469999999999999]",0.004919517834981283,2.213783025741577,8.236666666666666,2.349848694892693,0.005236563152737087,0.0003269364226306003,2.3564534187316895,0.1471213901837702,COMPLETE
