number,value,datetime_start,datetime_complete,duration,params_episode_length,params_epsilon_max,params_epsilon_min,params_gamma,params_learning_rate,params_num_episodes,user_attrs_base_seed,user_attrs_collective_reward_mean,user_attrs_collective_reward_std,user_attrs_individual_reward_agent0_mean,user_attrs_individual_reward_agent0_std,user_attrs_num_episodes_mean,user_attrs_num_parallel_runs,user_attrs_run_0_collective_reward,user_attrs_run_0_individual_rewards,user_attrs_run_0_seed,user_attrs_run_0_total_individual_rewards,user_attrs_run_0_training_time_per_episode,user_attrs_run_0_training_time_total,user_attrs_run_1_collective_reward,user_attrs_run_1_individual_rewards,user_attrs_run_1_seed,user_attrs_run_1_total_individual_rewards,user_attrs_run_1_training_time_per_episode,user_attrs_run_1_training_time_total,user_attrs_run_2_collective_reward,user_attrs_run_2_individual_rewards,user_attrs_run_2_seed,user_attrs_run_2_total_individual_rewards,user_attrs_run_2_training_time_per_episode,user_attrs_run_2_training_time_total,user_attrs_run_3_collective_reward,user_attrs_run_3_individual_rewards,user_attrs_run_3_seed,user_attrs_run_3_total_individual_rewards,user_attrs_run_3_training_time_per_episode,user_attrs_run_3_training_time_total,user_attrs_run_4_collective_reward,user_attrs_run_4_individual_rewards,user_attrs_run_4_seed,user_attrs_run_4_total_individual_rewards,user_attrs_run_4_training_time_per_episode,user_attrs_run_4_training_time_total,user_attrs_run_5_collective_reward,user_attrs_run_5_individual_rewards,user_attrs_run_5_seed,user_attrs_run_5_total_individual_rewards,user_attrs_run_5_training_time_per_episode,user_attrs_run_5_training_time_total,user_attrs_total_individual_reward_agent0_mean,user_attrs_total_individual_reward_agent0_std,user_attrs_training_time_per_episode_mean,user_attrs_training_time_per_episode_std,user_attrs_training_time_total_mean,user_attrs_training_time_total_std,state
409,12.453333333333333,2025-06-13 16:54:49.431998,2025-06-13 16:54:53.849581,0 days 00:00:04.417583,33,0.7554827935485859,0.13399145668164056,0.9530449813949079,0.002533695531524137,407,4096489.0,12.453333333333333,1.8186044710772669,0.6769999999999999,0.12237510640104333,400.0,6.0,10.54,"[0.7230000000000001, 0.33099999999999996]",4096489.0,"[7.23, 3.3099999999999996]",0.006580373048782348,2.6321492195129395,15.770000000000001,"[0.853, 0.724]",4097489.0,"[8.53, 7.24]",0.005099565982818604,2.0398263931274414,13.080000000000002,"[0.72, 0.588]",4098489.0,"[7.199999999999999, 5.88]",0.005844046473503113,2.337618589401245,13.04,"[0.587, 0.717]",4099489.0,"[5.869999999999999, 7.17]",0.006428751349449158,2.571500539779663,10.43,"[0.7150000000000001, 0.32799999999999996]",4100489.0,"[7.15, 3.2799999999999994]",0.0068130320310592655,2.725212812423706,11.859999999999998,"[0.46399999999999986, 0.722]",4101489.0,"[4.639999999999999, 7.22]",0.00895488977432251,3.581955909729004,6.77,1.2237510640104332,0.006620109776655833,0.001186095932631564,2.648043910662333,0.47443837305262565,COMPLETE
410,16.185,2025-06-13 16:54:53.940889,2025-06-13 16:54:57.455590,0 days 00:00:03.514701,32,0.755604803614285,0.13214630038998507,0.9577106467271594,0.06350880839999445,428,4106494.0,16.185,2.7292230274078615,0.8331666666666666,0.13644219370202987,420.0,6.0,19.529999999999998,"[0.9800000000000001, 0.9729999999999999]",4106494.0,"[9.8, 9.729999999999999]",0.005014495622544061,2.106088161468506,16.939999999999998,"[0.8460000000000001, 0.8480000000000001]",4107494.0,"[8.46, 8.48]",0.005914761906578427,2.4842000007629395,11.919999999999998,"[0.5979999999999999, 0.594]",4108494.0,"[5.979999999999999, 5.9399999999999995]",0.00631509508405413,2.6523399353027344,17.099999999999998,"[0.857, 0.853]",4109494.0,"[8.57, 8.53]",0.004891432466961089,2.0544016361236572,18.419999999999998,"[0.9870000000000001, 0.8549999999999999]",4110494.0,"[9.870000000000001, 8.549999999999999]",0.005044269561767578,2.118593215942383,13.2,"[0.7310000000000001, 0.5889999999999999]",4111494.0,"[7.3100000000000005, 5.889999999999999]",0.005827737422216506,2.4476497173309326,8.331666666666669,1.3644219370202988,0.005501298677353632,0.0005412282803757806,2.3105454444885254,0.22731587775782788,COMPLETE
411,16.41,2025-06-13 17:11:33.047723,2025-06-13 17:11:36.666391,0 days 00:00:03.618668,31,0.7683560363641546,0.12689428412366666,0.9543767571099179,0.07718307124680054,432,4117493.0,16.41,1.626027880039781,0.8306666666666667,0.1357493605468876,430.0,6.0,14.439999999999998,"[0.976, 0.4680000000000001]",4117493.0,"[9.76, 4.680000000000001]",0.005979599509128304,2.571227788925171,18.359999999999996,"[0.8520000000000001, 0.984]",4118493.0,"[8.520000000000001, 9.84]",0.0048671983009160955,2.092895269393921,14.56,"[0.6000000000000001, 0.8559999999999999]",4119493.0,"[6.000000000000001, 8.559999999999999]",0.0063202303509379545,2.7176990509033203,17.06,"[0.86, 0.8459999999999999]",4120493.0,"[8.6, 8.459999999999999]",0.005607996984969738,2.4114387035369873,15.68,"[0.717, 0.851]",4121493.0,"[7.17, 8.51]",0.005630921208581259,2.4212961196899414,18.36,"[0.9790000000000001, 0.857]",4122493.0,"[9.790000000000001, 8.57]",0.005339877549992051,2.296147346496582,8.306666666666667,1.3574936054688762,0.005624303984087566,0.0004591596555982486,2.418450713157654,0.1974386519072469,COMPLETE
412,16.24,2025-06-13 17:11:36.755523,2025-06-13 17:11:39.980634,0 days 00:00:03.225111,29,0.7583209825192524,0.13380221991167707,0.946667998897702,0.056088764510313104,426,4127496.0,16.24,2.5322585439353023,0.7705000000000001,0.18874917218361517,420.0,6.0,17.07,"[0.852, 0.8550000000000001]",4127496.0,"[8.52, 8.55]",0.005219294911339169,2.192103862762451,19.69,"[0.986, 0.983]",4128496.0,"[9.86, 9.83]",0.004035907699948265,1.6950812339782715,11.939999999999998,"[0.473, 0.7209999999999999]",4129496.0,"[4.7299999999999995, 7.209999999999999]",0.005626698902675083,2.363213539123535,15.81,"[0.7290000000000001, 0.852]",4130496.0,"[7.290000000000001, 8.52]",0.004600927375611805,1.932389497756958,14.580000000000002,"[0.605, 0.853]",4131496.0,"[6.05, 8.53]",0.004715962069375175,1.9807040691375732,18.349999999999998,"[0.9780000000000001, 0.857]",4132496.0,"[9.780000000000001, 8.57]",0.00457535982131958,1.9216511249542236,7.704999999999999,1.8874917218361518,0.004795691796711513,0.0005066426207736059,2.0141905546188354,0.2127899007249145,COMPLETE
413,16.611666666666668,2025-06-13 17:11:40.112181,2025-06-13 17:11:43.291008,0 days 00:00:03.178827,32,0.7459843434719513,0.12216298734550196,0.9490651552478332,0.06885997018853214,434,4137500.0,16.611666666666668,1.7155506080815255,0.7871666666666667,0.06368258963187841,430.0,6.0,17.049999999999997,"[0.719, 0.9860000000000001]",4137500.0,"[7.1899999999999995, 9.860000000000001]",0.0047385115956151205,2.037559986114502,13.27,"[0.7299999999999999, 0.597]",4138500.0,"[7.299999999999999, 5.97]",0.005211865624716115,2.2411022186279297,18.23,"[0.8440000000000001, 0.9789999999999999]",4139500.0,"[8.440000000000001, 9.79]",0.00491532281387684,2.113588809967041,16.98,"[0.852, 0.8460000000000001]",4140500.0,"[8.52, 8.46]",0.0053051394085551415,2.281209945678711,15.819999999999999,"[0.7219999999999999, 0.86]",4141500.0,"[7.219999999999999, 8.6]",0.004263333941614905,1.8332335948944092,18.320000000000004,"[0.8559999999999999, 0.976]",4142500.0,"[8.559999999999999, 9.76]",0.004956648516100506,2.1313588619232178,7.871666666666667,0.6368258963187841,0.004898470316746438,0.00034064891171378735,2.1063422362009683,0.1464790320369286,COMPLETE
414,16.00166666666667,2025-06-13 17:11:43.429972,2025-06-13 17:11:46.609077,0 days 00:00:03.179105,31,0.7616465542994609,0.112659990223414,0.9018494585409543,0.09004066089897389,440,4147503.0,16.00166666666667,2.1599800667804527,0.8333333333333335,0.09090593428863097,440.0,6.0,15.84,"[0.8600000000000001, 0.724]",4147503.0,"[8.600000000000001, 7.24]",0.004755767367102883,2.0925376415252686,13.190000000000001,"[0.7180000000000001, 0.6010000000000001]",4148503.0,"[7.180000000000001, 6.010000000000001]",0.0051482460715553974,2.265228271484375,18.25,"[0.849, 0.976]",4149503.0,"[8.49, 9.76]",0.004476515271446922,1.9696667194366455,17.08,"[0.9860000000000001, 0.7220000000000001]",4150503.0,"[9.860000000000001, 7.220000000000001]",0.004873523928902366,2.144350528717041,18.45,"[0.86, 0.9850000000000001]",4151503.0,"[8.6, 9.850000000000001]",0.004291246695951982,1.888148546218872,13.199999999999998,"[0.727, 0.5929999999999999]",4152503.0,"[7.27, 5.929999999999999]",0.005475805022499778,2.4093542098999023,8.333333333333334,0.90905934288631,0.004836850726243221,0.0003959533824755259,2.1282143195470176,0.17421948828923142,COMPLETE
415,15.684999999999997,2025-06-13 17:11:46.687102,2025-06-13 17:11:50.032723,0 days 00:00:03.345621,33,0.7744700264601446,0.1418053690331323,0.9480975907317766,0.07732189394839005,414,4157506.0,15.684999999999997,1.9425563054902675,0.7853333333333333,0.16228233285097785,410.0,6.0,11.879999999999999,"[0.4629999999999999, 0.7249999999999999]",4157506.0,"[4.629999999999999, 7.249999999999998]",0.005266483237103718,2.1592581272125244,15.68,"[0.852, 0.716]",4158506.0,"[8.52, 7.16]",0.005792186318374261,2.3747963905334473,15.649999999999999,"[0.717, 0.8480000000000001]",4159506.0,"[7.17, 8.48]",0.005524663227360423,2.2651119232177734,17.04,"[0.8539999999999999, 0.85]",4160506.0,"[8.54, 8.5]",0.005522634924911871,2.264280319213867,18.199999999999996,"[0.975, 0.8450000000000001]",4161506.0,"[9.75, 8.450000000000001]",0.004998424576549995,2.049354076385498,15.659999999999998,"[0.851, 0.715]",4162506.0,"[8.51, 7.1499999999999995]",0.005535911932224181,2.269723892211914,7.853333333333333,1.6228233285097786,0.005440050702754075,0.000249107607488446,2.230420788129171,0.10213411907026282,COMPLETE
416,14.118333333333332,2025-06-13 17:11:53.918216,2025-06-13 17:11:57.064705,0 days 00:00:03.146489,30,0.7657195430620194,0.1374652870576248,0.9452724969573455,0.05376065013162682,393,4167514.0,14.118333333333332,1.4457456745761188,0.7273333333333335,0.07683242949576848,390.0,6.0,13.190000000000001,"[0.5939999999999999, 0.725]",4167514.0,"[5.939999999999999, 7.25]",0.006090180690471942,2.3751704692840576,13.32,"[0.729, 0.603]",4168514.0,"[7.29, 6.029999999999999]",0.00461269708780142,1.7989518642425537,14.549999999999997,"[0.729, 0.726]",4169514.0,"[7.29, 7.26]",0.005750000171172313,2.242500066757202,13.24,"[0.7300000000000001, 0.5939999999999999]",4170514.0,"[7.300000000000001, 5.939999999999999]",0.004943617184956868,1.9280107021331787,17.17,"[0.8600000000000001, 0.857]",4171514.0,"[8.600000000000001, 8.57]",0.004430254300435384,1.7277991771697998,13.239999999999998,"[0.722, 0.602]",4172514.0,"[7.22, 6.02]",0.005144692078614847,2.00642991065979,7.273333333333333,0.7683242949576848,0.005161906918908796,0.0005905420701509606,2.01314369837443,0.2303114073588746,COMPLETE
417,16.526666666666667,2025-06-13 17:11:57.138636,2025-06-13 17:12:00.435603,0 days 00:00:03.296967,29,0.7485149210393428,0.13179059953543096,0.9414650408322819,0.06481498924800957,429,4177517.0,16.526666666666667,2.418075451446644,0.879,0.08688689966464073,420.0,6.0,15.959999999999999,"[0.8640000000000001, 0.732]",4177517.0,"[8.64, 7.32]",0.004588651657104492,1.9272336959838867,18.39,"[0.9810000000000001, 0.8579999999999999]",4178517.0,"[9.81, 8.579999999999998]",0.004514801502227783,1.896216630935669,15.850000000000001,"[0.8550000000000001, 0.73]",4179517.0,"[8.55, 7.3]",0.0046698592957996185,1.9613409042358398,17.189999999999998,"[0.858, 0.861]",4180517.0,"[8.58, 8.61]",0.004507168701716832,1.8930108547210693,19.73,"[0.9860000000000001, 0.9870000000000001]",4181517.0,"[9.860000000000001, 9.870000000000001]",0.004242718787420364,1.7819418907165527,12.04,"[0.7299999999999999, 0.47400000000000003]",4182517.0,"[7.299999999999999, 4.74]",0.0055336078008015955,2.32411527633667,8.790000000000001,0.8688689966464072,0.004676134624178448,0.00040525301657254396,1.963976542154948,0.17020626696046842,COMPLETE
418,16.161666666666665,2025-06-13 17:12:00.505618,2025-06-13 17:12:03.598859,0 days 00:00:03.093241,33,0.7394840611255166,0.15083381324488676,0.9822242301360007,0.09922491301270096,422,4187520.0,16.161666666666665,3.471159348434213,0.8088333333333333,0.2786092943332812,420.0,6.0,18.259999999999998,"[0.8480000000000001, 0.9780000000000001]",4187520.0,"[8.48, 9.780000000000001]",0.005041859263465518,2.1175808906555176,19.610000000000003,"[0.984, 0.977]",4188520.0,"[9.84, 9.77]",0.004746703306833903,1.9936153888702393,17.02,"[0.849, 0.8530000000000001]",4189520.0,"[8.49, 8.530000000000001]",0.005078601837158203,2.1330127716064453,14.52,"[0.9890000000000001, 0.4629999999999999]",4190520.0,"[9.89, 4.629999999999999]",0.0053756004288083034,2.2577521800994873,18.32,"[0.982, 0.8499999999999999]",4191520.0,"[9.82, 8.499999999999998]",0.004731329282124838,1.9871582984924316,9.239999999999998,"[0.20099999999999998, 0.7229999999999999]",4192520.0,"[2.01, 7.229999999999999]",0.005273705437069847,2.214956283569336,8.088333333333333,2.786092943332812,0.005041299925910101,0.00024153324866929248,2.1173459688822427,0.1014439644411028,COMPLETE
419,15.148333333333335,2025-06-13 17:12:03.678338,2025-06-13 17:12:07.075980,0 days 00:00:03.397642,31,0.7766107194835228,0.12796716593200486,0.9510285924480203,0.0765541810655608,402,4197523.0,15.148333333333335,2.9451169567419373,0.7478333333333333,0.2719408125963361,400.0,6.0,14.479999999999999,"[0.983, 0.46499999999999997]",4197523.0,"[9.83, 4.6499999999999995]",0.00583926260471344,2.335705041885376,9.370000000000001,"[0.21399999999999988, 0.723]",4198523.0,"[2.139999999999999, 7.2299999999999995]",0.006026090979576111,2.4104363918304443,17.17,"[0.9880000000000001, 0.7290000000000001]",4199523.0,"[9.88, 7.290000000000001]",0.004935492873191834,1.9741971492767334,18.240000000000002,"[0.8479999999999999, 0.9760000000000002]",4200523.0,"[8.479999999999999, 9.760000000000002]",0.005243496298789978,2.097398519515991,17.17,"[0.859, 0.858]",4201523.0,"[8.59, 8.58]",0.004582034349441528,1.8328137397766113,14.46,"[0.595, 0.851]",4202523.0,"[5.949999999999999, 8.51]",0.005205902457237244,2.0823609828948975,7.478333333333334,2.719408125963361,0.005305379927158356,0.0004963576906571442,2.1221519708633423,0.19854307626285767,COMPLETE
420,17.224999999999998,2025-06-13 17:12:07.224104,2025-06-13 17:12:10.326032,0 days 00:00:03.101928,32,0.7730540896134701,0.12364172474175482,0.9454925949150585,0.058361344948829094,408,4207527.0,17.224999999999998,1.722621548686769,0.8513333333333332,0.07696030722969396,400.0,6.0,18.310000000000002,"[0.8539999999999999, 0.9770000000000001]",4207527.0,"[8.54, 9.770000000000001]",0.004660348892211914,1.8641395568847656,14.409999999999998,"[0.8469999999999999, 0.594]",4208527.0,"[8.469999999999999, 5.9399999999999995]",0.005442614555358887,2.1770458221435547,16.99,"[0.853, 0.8459999999999999]",4209527.0,"[8.53, 8.459999999999999]",0.004880785346031189,1.9523141384124756,15.799999999999999,"[0.723, 0.857]",4210527.0,"[7.2299999999999995, 8.57]",0.004876920580863952,1.950768232345581,19.58,"[0.9889999999999999, 0.9690000000000001]",4211527.0,"[9.889999999999999, 9.690000000000001]",0.004435778260231018,1.7743113040924072,18.26,"[0.8419999999999999, 0.984]",4212527.0,"[8.419999999999998, 9.84]",0.005082243680953979,2.032897472381592,8.513333333333334,0.7696030722969397,0.0048964485526084905,0.0003165975305011412,1.958579421043396,0.12663901220045645,COMPLETE
421,16.516666666666666,2025-06-13 17:12:14.086240,2025-06-13 17:12:17.458100,0 days 00:00:03.371860,33,0.7291275885693701,0.1347104729591677,0.9485243376623828,0.06830803202876605,436,4217534.0,16.516666666666666,2.1451625165059696,0.8503333333333333,0.10376040777783321,430.0,6.0,18.070000000000004,"[0.975, 0.8320000000000001]",4217534.0,"[9.75, 8.32]",0.005537951269815135,2.381319046020508,19.529999999999998,"[0.9810000000000001, 0.9720000000000001]",4218534.0,"[9.81, 9.72]",0.004445860552233319,1.9117200374603271,17.03,"[0.8539999999999999, 0.849]",4219534.0,"[8.54, 8.49]",0.005174505433370901,2.2250373363494873,13.139999999999999,"[0.726, 0.5879999999999999]",4220534.0,"[7.26, 5.879999999999999]",0.0053776657858560254,2.312396287918091,14.44,"[0.7219999999999999, 0.7219999999999999]",4221534.0,"[7.219999999999999, 7.219999999999999]",0.0054561698159506155,2.3461530208587646,16.89,"[0.844, 0.845]",4222534.0,"[8.44, 8.45]",0.004917043308879054,2.114328622817993,8.503333333333332,1.0376040777783322,0.005151532694350842,0.0003756650674008906,2.215159058570862,0.16153597898238295,COMPLETE
422,16.03,2025-06-13 17:12:17.550743,2025-06-13 17:12:20.804332,0 days 00:00:03.253589,30,0.754694817689473,0.14287075661920204,0.9439145814419736,0.08535778798592268,442,4227537.0,16.03,1.9679007427544037,0.8304999999999999,0.08780802924562195,440.0,6.0,17.0,"[0.85, 0.85]",4227537.0,"[8.5, 8.5]",0.0048498359593478115,2.133927822113037,17.0,"[0.8470000000000001, 0.853]",4228537.0,"[8.47, 8.53]",0.004568557847629894,2.0101654529571533,15.740000000000002,"[0.845, 0.729]",4229537.0,"[8.45, 7.29]",0.005202867226167159,2.28926157951355,18.44,"[0.986, 0.858]",4230537.0,"[9.86, 8.58]",0.004249387979507446,1.8697307109832764,12.1,"[0.727, 0.483]",4231537.0,"[7.27, 4.83]",0.005187423120845448,2.282466173171997,15.9,"[0.728, 0.8619999999999999]",4232537.0,"[7.279999999999999, 8.62]",0.004662207039919766,2.0513710975646973,8.305,0.8780802924562197,0.004786713195569588,0.00033900566149397486,2.1061538060506186,0.14916249105734888,COMPLETE
423,17.94333333333333,2025-06-13 17:12:20.880965,2025-06-13 17:12:23.859370,0 days 00:00:02.978405,29,0.7673491158866032,0.10356196357111659,0.9136487335386122,0.05327078323735387,415,4237541.0,17.94333333333333,1.4119922883012583,0.9193333333333332,0.09844231249259074,410.0,6.0,17.009999999999998,"[0.851, 0.85]",4237541.0,"[8.51, 8.5]",0.0048069389854989404,1.9708449840545654,17.209999999999997,"[0.9869999999999999, 0.7339999999999999]",4238541.0,"[9.87, 7.339999999999999]",0.005135357089158965,2.105496406555176,15.79,"[0.728, 0.851]",4239541.0,"[7.279999999999999, 8.51]",0.004302452831733517,1.7640056610107422,18.380000000000003,"[0.983, 0.8549999999999999]",4240541.0,"[9.83, 8.549999999999999]",0.004599418291231481,1.8857614994049072,19.669999999999998,"[0.984, 0.983]",4241541.0,"[9.84, 9.83]",0.003919237415965011,1.6068873405456543,19.6,"[0.983, 0.977]",4242541.0,"[9.83, 9.77]",0.004037062714739544,1.655195713043213,9.193333333333333,0.9844231249259076,0.004466744554721243,0.00042656762127872805,1.8313652674357097,0.17489272472427853,COMPLETE
424,15.61,2025-06-13 17:12:23.940056,2025-06-13 17:12:27.277703,0 days 00:00:03.337647,29,0.7825030222560043,0.11222215503105411,0.909137520559343,0.037682198951911244,412,4247544.0,15.61,2.267649296812303,0.7273333333333333,0.19425384309082683,410.0,6.0,19.59,"[0.9809999999999999, 0.978]",4247544.0,"[9.809999999999999, 9.78]",0.005002177633890292,2.0508928298950195,13.08,"[0.46799999999999986, 0.8400000000000001]",4248544.0,"[4.679999999999999, 8.4]",0.005955873466119534,2.441908121109009,13.290000000000001,"[0.598, 0.731]",4249544.0,"[5.9799999999999995, 7.31]",0.006042411269211187,2.477388620376587,14.69,"[0.606, 0.8629999999999999]",4250544.0,"[6.06, 8.629999999999999]",0.005011246262527093,2.0546109676361084,15.879999999999999,"[0.732, 0.8560000000000001]",4251544.0,"[7.32, 8.56]",0.005202849318341511,2.1331682205200195,17.13,"[0.9790000000000001, 0.734]",4252544.0,"[9.790000000000001, 7.34]",0.005650064421863091,2.316526412963867,7.2733333333333325,1.942538430908268,0.005477437061992119,0.00042749293706872233,2.2457491954167685,0.17527210419817613,COMPLETE
425,15.409999999999998,2025-06-13 17:12:27.354430,2025-06-13 17:12:30.305418,0 days 00:00:02.950988,28,0.8385543612431933,0.10344893592504495,0.9148804172568573,0.05001772600922456,399,4257547.0,15.409999999999998,2.570531721907616,0.8125,0.16858306557896025,390.0,6.0,18.34,"[0.9800000000000001, 0.8539999999999999]",4257547.0,"[9.8, 8.54]",0.004954413267282339,1.9322211742401123,18.32,"[0.974, 0.858]",4258547.0,"[9.74, 8.58]",0.0048970363078973235,1.909844160079956,14.69,"[0.607, 0.8620000000000001]",4259547.0,"[6.07, 8.620000000000001]",0.005190501457605606,2.0242955684661865,15.709999999999997,"[0.9730000000000001, 0.5979999999999999]",4260547.0,"[9.73, 5.979999999999999]",0.005612996297004895,2.189068555831909,10.79,"[0.607, 0.4719999999999998]",4261547.0,"[6.07, 4.719999999999998]",0.005567772571857159,2.171431303024292,14.610000000000001,"[0.7340000000000001, 0.727]",4262547.0,"[7.340000000000001, 7.27]",0.004451652062244904,1.7361443042755127,8.125000000000002,1.6858306557896021,0.0051123953273153715,0.00040249013117558616,1.9938341776529949,0.15697115115847857,COMPLETE
426,15.25333333333333,2025-06-13 17:12:34.104844,2025-06-13 17:12:36.992127,0 days 00:00:02.887283,29,0.743612411973895,0.09357499409563694,0.9052678991297801,0.0021009327706143295,416,4267554.0,15.25333333333333,2.3669999765291276,0.7314999999999999,0.17750187792433827,410.0,6.0,13.33,"[0.729, 0.6039999999999999]",4267554.0,"[7.29, 6.039999999999999]",0.005055377541518793,2.072704792022705,17.18,"[0.8610000000000001, 0.857]",4268554.0,"[8.610000000000001, 8.57]",0.004288340777885623,1.7582197189331055,17.07,"[0.8539999999999999, 0.853]",4269554.0,"[8.54, 8.53]",0.004552838860488519,1.866663932800293,17.13,"[0.8559999999999999, 0.857]",4270554.0,"[8.559999999999999, 8.57]",0.0046003364935153866,1.8861379623413086,10.899999999999999,"[0.35499999999999987, 0.7350000000000001]",4271554.0,"[3.549999999999999, 7.350000000000001]",0.004956173896789551,2.032031297683716,15.910000000000002,"[0.7339999999999999, 0.857]",4272554.0,"[7.339999999999999, 8.57]",0.004284605165807212,1.756688117980957,7.314999999999999,1.7750187792433822,0.004622945456000847,0.0002971809899819118,1.8954076369603474,0.12184420589258377,COMPLETE
