number,value,datetime_start,datetime_complete,duration,params_episode_length,params_epsilon_max,params_epsilon_min,params_gamma,params_learning_rate,params_num_episodes,user_attrs_base_seed,user_attrs_collective_reward_mean,user_attrs_collective_reward_std,user_attrs_individual_reward_agent0_mean,user_attrs_individual_reward_agent0_std,user_attrs_num_episodes_mean,user_attrs_num_parallel_runs,user_attrs_run_0_collective_reward,user_attrs_run_0_individual_rewards,user_attrs_run_0_seed,user_attrs_run_0_total_individual_rewards,user_attrs_run_0_training_time_per_episode,user_attrs_run_0_training_time_total,user_attrs_run_1_collective_reward,user_attrs_run_1_individual_rewards,user_attrs_run_1_seed,user_attrs_run_1_total_individual_rewards,user_attrs_run_1_training_time_per_episode,user_attrs_run_1_training_time_total,user_attrs_run_2_collective_reward,user_attrs_run_2_individual_rewards,user_attrs_run_2_seed,user_attrs_run_2_total_individual_rewards,user_attrs_run_2_training_time_per_episode,user_attrs_run_2_training_time_total,user_attrs_run_3_collective_reward,user_attrs_run_3_individual_rewards,user_attrs_run_3_seed,user_attrs_run_3_total_individual_rewards,user_attrs_run_3_training_time_per_episode,user_attrs_run_3_training_time_total,user_attrs_run_4_collective_reward,user_attrs_run_4_individual_rewards,user_attrs_run_4_seed,user_attrs_run_4_total_individual_rewards,user_attrs_run_4_training_time_per_episode,user_attrs_run_4_training_time_total,user_attrs_run_5_collective_reward,user_attrs_run_5_individual_rewards,user_attrs_run_5_seed,user_attrs_run_5_total_individual_rewards,user_attrs_run_5_training_time_per_episode,user_attrs_run_5_training_time_total,user_attrs_total_individual_reward_agent0_mean,user_attrs_total_individual_reward_agent0_std,user_attrs_training_time_per_episode_mean,user_attrs_training_time_per_episode_std,user_attrs_training_time_total_mean,user_attrs_training_time_total_std,state
193,15.079999999999998,2025-06-13 16:37:49.697447,2025-06-13 16:37:53.306964,0 days 00:00:03.609517,26,0.9511407537633184,0.07048230076056021,0.9779965130914386,0.06525471423750642,492,1935469.0,15.079999999999998,1.6700997974173073,0.7130000000000001,0.10967983710175115,490.0,6.0,13.45,"[0.6140000000000001, 0.7309999999999999]",1935469.0,"[6.140000000000001, 7.309999999999999]",0.005173140642594318,2.534838914871216,14.739999999999998,"[0.739, 0.735]",1936469.0,"[7.39, 7.35]",0.00509141951191182,2.494795560836792,13.46,"[0.609, 0.737]",1937469.0,"[6.09, 7.37]",0.005133196772361288,2.5152664184570312,14.559999999999999,"[0.608, 0.8479999999999999]",1938469.0,"[6.08, 8.479999999999999]",0.005023680414472307,2.4616034030914307,18.279999999999998,"[0.8470000000000001, 0.9810000000000001]",1939469.0,"[8.47, 9.81]",0.00489033047033816,2.3962619304656982,15.99,"[0.861, 0.738]",1940469.0,"[8.61, 7.38]",0.0042854751859392436,2.0998828411102295,7.13,1.0967983710175113,0.004932873832936189,0.00030336307545303696,2.417108178138733,0.1486479069719881,COMPLETE
194,16.328333333333333,2025-06-13 16:37:53.425116,2025-06-13 16:37:57.067483,0 days 00:00:03.642367,27,0.9616999307933448,0.08025197067697193,0.9676000176166853,0.045909248228542164,481,1945473.0,16.328333333333333,1.5363313083084935,0.8168333333333334,0.09075133913918601,480.0,6.0,14.68,"[0.7369999999999999, 0.7310000000000001]",1945473.0,"[7.369999999999999, 7.3100000000000005]",0.005669210851192474,2.7212212085723877,18.419999999999998,"[0.982, 0.8600000000000001]",1946473.0,"[9.82, 8.600000000000001]",0.00505571166674296,2.426741600036621,15.850000000000001,"[0.7390000000000001, 0.8459999999999999]",1947473.0,"[7.390000000000001, 8.459999999999999]",0.005134520928064982,2.4645700454711914,18.36,"[0.8530000000000001, 0.983]",1948473.0,"[8.530000000000001, 9.83]",0.005260367691516876,2.5249764919281006,14.73,"[0.8560000000000001, 0.6170000000000001]",1949473.0,"[8.56, 6.170000000000001]",0.005240305264790853,2.5153465270996094,15.93,"[0.7340000000000001, 0.859]",1950473.0,"[7.340000000000001, 8.59]",0.005234321455160776,2.512474298477173,8.168333333333335,0.9075133913918604,0.005265739642911487,0.00019398538853259188,2.5275550285975137,0.09311298649564408,COMPLETE
195,15.340000000000002,2025-06-13 16:37:57.149162,2025-06-13 16:38:00.657500,0 days 00:00:03.508338,25,0.9814280308207425,0.06612869564988236,0.9968737259997539,0.07333757760566871,458,1955477.0,15.340000000000002,2.0547019248543092,0.7368333333333332,0.11872996907081025,450.0,6.0,17.14,"[0.858, 0.8560000000000001]",1955477.0,"[8.58, 8.56]",0.005216502613491482,2.347426176071167,16.029999999999998,"[0.74, 0.8629999999999999]",1956477.0,"[7.4, 8.629999999999999]",0.004434692594740126,1.9956116676330566,11.099999999999998,"[0.49799999999999994, 0.6119999999999999]",1957477.0,"[4.9799999999999995, 6.119999999999999]",0.005812175538804796,2.615478992462158,14.73,"[0.733, 0.74]",1958477.0,"[7.33, 7.4]",0.005272361437479655,2.3725626468658447,17.01,"[0.85, 0.851]",1959477.0,"[8.5, 8.51]",0.005397356351216634,2.4288103580474854,16.03,"[0.742, 0.861]",1960477.0,"[7.42, 8.61]",0.004713767369588216,2.1211953163146973,7.368333333333333,1.1872996907081026,0.005141142650886817,0.00045102649658263524,2.3135141928990683,0.20296192346218583,COMPLETE
196,15.521666666666667,2025-06-13 16:38:02.503508,2025-06-13 16:38:06.075284,0 days 00:00:03.571776,27,0.9919144994677203,0.17459883795946357,0.9941017501121848,0.003981224728900987,500,1965482.0,15.521666666666667,2.620384301755925,0.8188333333333334,0.11540279700057345,500.0,6.0,18.42,"[0.86, 0.982]",1965482.0,"[8.6, 9.82]",0.004760200500488281,2.3801002502441406,18.32,"[0.9800000000000001, 0.8520000000000001]",1966482.0,"[9.8, 8.520000000000001]",0.005245759963989258,2.622879981994629,14.7,"[0.861, 0.609]",1967482.0,"[8.61, 6.09]",0.005360020637512207,2.6800103187561035,12.280000000000003,"[0.616, 0.612]",1968482.0,"[6.16, 6.12]",0.005414510726928711,2.7072553634643555,17.2,"[0.8630000000000001, 0.857]",1969482.0,"[8.63, 8.57]",0.00475129508972168,2.37564754486084,12.21,"[0.733, 0.488]",1970482.0,"[7.33, 4.88]",0.005493551254272461,2.7467756271362305,8.188333333333334,1.154027970005734,0.005170889695485434,0.0003026447331144718,2.5854448477427163,0.1513223665572359,COMPLETE
197,15.751666666666665,2025-06-13 16:38:06.165261,2025-06-13 16:38:09.537655,0 days 00:00:03.372394,24,0.971397492567826,0.056147291964782665,0.9648059362149354,0.05742077989467457,469,1975486.0,15.751666666666665,2.54317004718302,0.7759999999999999,0.13377593206552518,460.0,6.0,17.21,"[0.8589999999999998, 0.8620000000000001]",1975486.0,"[8.589999999999998, 8.620000000000001]",0.005031823075335958,2.314638614654541,14.6,"[0.6089999999999999, 0.851]",1976486.0,"[6.089999999999999, 8.51]",0.005472259936125382,2.517239570617676,14.790000000000001,"[0.736, 0.743]",1977486.0,"[7.359999999999999, 7.43]",0.004977903158768364,2.2898354530334473,11.19,"[0.618, 0.501]",1978486.0,"[6.18, 5.01]",0.005244884801947553,2.412647008895874,18.279999999999998,"[0.9730000000000001, 0.8549999999999999]",1979486.0,"[9.73, 8.549999999999999]",0.004556491582289986,2.0959861278533936,18.439999999999998,"[0.861, 0.983]",1980486.0,"[8.61, 9.83]",0.004671133082845937,2.148721218109131,7.759999999999999,1.3377593206552516,0.0049924159395521965,0.0003133174774226876,2.2965113321940103,0.14412603961443632,COMPLETE
198,15.896666666666667,2025-06-13 16:38:09.658533,2025-06-13 16:38:13.145984,0 days 00:00:03.487451,30,0.933827587513242,0.06202929711294318,0.9725848764362669,0.004994179618351209,431,1985489.0,15.896666666666667,2.9092648937871273,0.816,0.20258742968572033,430.0,6.0,15.909999999999998,"[0.9880000000000001, 0.603]",1985489.0,"[9.88, 6.029999999999999]",0.004896974563598633,2.105699062347412,19.7,"[0.9870000000000001, 0.983]",1986489.0,"[9.870000000000001, 9.83]",0.004897600550984227,2.1059682369232178,17.18,"[0.8579999999999999, 0.86]",1987489.0,"[8.579999999999998, 8.6]",0.004734131347301394,2.0356764793395996,12.099999999999998,"[0.605, 0.605]",1988489.0,"[6.05, 6.05]",0.005326461237530376,2.2903783321380615,18.36,"[0.9800000000000001, 0.8559999999999999]",1989489.0,"[9.8, 8.559999999999999]",0.004968414750210075,2.136418342590332,12.129999999999999,"[0.47800000000000004, 0.7350000000000001]",1990489.0,"[4.78, 7.350000000000001]",0.005738251153812852,2.4674479961395264,8.159999999999998,2.025874296857203,0.00509363893390626,0.00033955015885083324,2.1902647415796914,0.1460065683058583,COMPLETE
199,14.716666666666669,2025-06-13 16:38:13.251252,2025-06-13 16:38:16.922646,0 days 00:00:03.671394,26,0.9566861559377562,0.06850097172671485,0.992066957009495,0.00256791536182133,486,1995493.0,14.716666666666669,2.451962932473129,0.7163333333333334,0.19372546439628316,480.0,6.0,18.470000000000002,"[0.9860000000000001, 0.861]",1995493.0,"[9.860000000000001, 8.61]",0.004175617297490438,2.00429630279541,11.13,"[0.368, 0.745]",1996493.0,"[3.6799999999999997, 7.45]",0.005823729932308197,2.7953903675079346,14.65,"[0.611, 0.8539999999999999]",1997493.0,"[6.109999999999999, 8.54]",0.004910090068976084,2.3568432331085205,15.99,"[0.74, 0.859]",1998493.0,"[7.4, 8.59]",0.0046744321783383684,2.243727445602417,12.219999999999999,"[0.739, 0.483]",1999493.0,"[7.39, 4.83]",0.005200279752413431,2.4961342811584473,15.840000000000002,"[0.8540000000000001, 0.7300000000000001]",2000493.0,"[8.540000000000001, 7.300000000000001]",0.00528147021929423,2.5351057052612305,7.163333333333333,1.9372546439628315,0.005010936574803459,0.000514916798350536,2.40524955590566,0.24716006320825723,COMPLETE
200,13.618333333333332,2025-06-13 16:38:17.003142,2025-06-13 16:38:20.410965,0 days 00:00:03.407823,28,0.981763055192559,0.07436154266240685,0.9899598000700403,0.002074300094417476,477,2005497.0,13.618333333333332,2.052181089042149,0.6481666666666666,0.23430849797269884,470.0,6.0,15.829999999999998,"[0.852, 0.7309999999999999]",2005497.0,"[8.52, 7.309999999999999]",0.005050907743738052,2.3739266395568848,10.93,"[0.48, 0.6129999999999999]",2006497.0,"[4.8, 6.129999999999999]",0.00512820913436565,2.4102582931518555,13.419999999999998,"[0.861, 0.48099999999999987]",2007497.0,"[8.61, 4.809999999999999]",0.005499580058645695,2.5848026275634766,15.909999999999998,"[0.853, 0.738]",2008497.0,"[8.53, 7.38]",0.004360175640025037,2.0492825508117676,11.0,"[0.23499999999999996, 0.8649999999999999]",2009497.0,"[2.3499999999999996, 8.649999999999999]",0.005574361314164831,2.6199498176574707,14.62,"[0.6079999999999999, 0.8539999999999999]",2010497.0,"[6.079999999999998, 8.54]",0.005182045064073928,2.435561180114746,6.4816666666666665,2.343084979726988,0.0051325464925022,0.00039488490214156384,2.4122968514760337,0.18559590400653497,COMPLETE
201,16.89833333333333,2025-06-13 16:38:22.290689,2025-06-13 16:38:25.870791,0 days 00:00:03.580102,29,0.9476677113832701,0.0471880403642791,0.9755757593673436,0.05226495195675996,487,2015502.0,16.89833333333333,1.9862814223792375,0.8756666666666666,0.08699744568408638,480.0,6.0,17.179999999999996,"[0.853, 0.865]",2015502.0,"[8.53, 8.65]",0.004400754968325297,2.1123623847961426,18.4,"[0.8529999999999998, 0.9870000000000001]",2016502.0,"[8.529999999999998, 9.870000000000001]",0.004871302843093872,2.3382253646850586,13.34,"[0.729, 0.605]",2017502.0,"[7.29, 6.05]",0.005476472278436025,2.628706693649292,15.85,"[0.8560000000000001, 0.7289999999999999]",2018502.0,"[8.56, 7.289999999999999]",0.0049818088610967,2.391268253326416,19.65,"[0.9880000000000001, 0.9770000000000001]",2019502.0,"[9.88, 9.770000000000001]",0.0058728148539861046,2.81895112991333,16.970000000000002,"[0.975, 0.7219999999999999]",2020502.0,"[9.75, 7.219999999999999]",0.0050120736161867775,2.4057953357696533,8.756666666666666,0.8699744568408638,0.005102537903520796,0.0004658114295561961,2.449218193689982,0.2235894861869741,COMPLETE
202,15.613333333333332,2025-06-13 16:38:25.948890,2025-06-13 16:38:30.060981,0 days 00:00:04.112091,29,0.948585847497797,0.04556071490321224,0.9759200006737411,0.05027338596924705,490,2025506.0,15.613333333333332,1.535064240421952,0.8328333333333333,0.1336555481660061,490.0,6.0,16.950000000000003,"[0.9690000000000001, 0.7259999999999999]",2025506.0,"[9.690000000000001, 7.259999999999999]",0.005132235312948421,2.5147953033447266,17.119999999999997,"[0.8560000000000001, 0.8560000000000001]",2026506.0,"[8.56, 8.56]",0.005828896347357303,2.856159210205078,17.189999999999998,"[0.859, 0.86]",2027506.0,"[8.59, 8.6]",0.005961097503195003,2.9209377765655518,14.569999999999997,"[0.736, 0.7209999999999999]",2028506.0,"[7.359999999999999, 7.209999999999999]",0.005442124483536701,2.6666409969329834,13.289999999999997,"[0.5959999999999999, 0.733]",2029506.0,"[5.959999999999999, 7.33]",0.00684993704971002,3.35646915435791,14.559999999999999,"[0.9810000000000001, 0.4749999999999998]",2030506.0,"[9.81, 4.749999999999998]",0.005575199516452089,2.7318477630615234,8.328333333333335,1.3365554816600609,0.005798248368866589,0.0005406256596867829,2.841141700744629,0.26490657324652367,COMPLETE
203,15.584999999999999,2025-06-13 16:38:30.135147,2025-06-13 16:38:34.270986,0 days 00:00:04.135839,30,0.9666812806985746,0.052883580109551895,0.9733550645003761,0.03329995476187102,494,2035510.0,15.584999999999999,1.98075532730993,0.8115,0.09461633051434622,490.0,6.0,14.57,"[0.8550000000000001, 0.602]",2035510.0,"[8.55, 6.02]",0.006203239304678781,3.0395872592926025,18.26,"[0.85, 0.9760000000000002]",2036510.0,"[8.5, 9.760000000000002]",0.0068993475972389685,3.3806803226470947,18.369999999999997,"[0.853, 0.9840000000000002]",2037510.0,"[8.53, 9.840000000000002]",0.005070746188261071,2.484665632247925,14.61,"[0.858, 0.603]",2038510.0,"[8.58, 6.029999999999999]",0.005852522655409209,2.8677361011505127,14.409999999999998,"[0.8530000000000001, 0.5879999999999999]",2039510.0,"[8.530000000000001, 5.879999999999999]",0.00594256508107088,2.9118568897247314,13.289999999999997,"[0.6, 0.7290000000000001]",2040510.0,"[6.0, 7.290000000000001]",0.006320962613942672,3.097271680831909,8.115,0.9461633051434621,0.0060482305734335965,0.0005519289159550057,2.9636329809824624,0.2704451688179527,COMPLETE
204,17.19333333333333,2025-06-13 16:38:34.348554,2025-06-13 16:38:38.007779,0 days 00:00:03.659225,23,0.8734036046459487,0.041218833668566254,0.9319341504537079,0.040615508901885554,482,2045514.0,17.19333333333333,1.7896616688326559,0.8426666666666666,0.10506135773389222,480.0,6.0,16.03,"[0.7470000000000001, 0.8560000000000001]",2045514.0,"[7.470000000000001, 8.56]",0.006040198107560475,2.8992950916290283,15.989999999999998,"[0.744, 0.8549999999999999]",2046514.0,"[7.4399999999999995, 8.549999999999999]",0.0052942608793576556,2.541245222091675,19.5,"[0.9759999999999998, 0.9739999999999999]",2047514.0,"[9.759999999999998, 9.739999999999998]",0.005382859210173289,2.5837724208831787,17.25,"[0.8630000000000001, 0.8619999999999999]",2048514.0,"[8.63, 8.62]",0.004982198278109233,2.3914551734924316,19.549999999999997,"[0.982, 0.9729999999999999]",2049514.0,"[9.82, 9.729999999999999]",0.005702583988507589,2.7372403144836426,14.84,"[0.744, 0.74]",2050514.0,"[7.4399999999999995, 7.4]",0.005188120901584626,2.49029803276062,8.426666666666666,1.0506135773389227,0.005431703560882145,0.000347923744485251,2.607217709223429,0.16700339735292055,COMPLETE
205,16.276666666666667,2025-06-13 16:38:38.082171,2025-06-13 16:38:41.907648,0 days 00:00:03.825477,23,0.8801423605249324,0.036030315303965665,0.9323087688434777,0.040779016616555516,475,2055518.0,16.276666666666667,1.599715252439911,0.8041666666666667,0.13382752166709047,470.0,6.0,13.740000000000002,"[0.624, 0.7500000000000001]",2055518.0,"[6.24, 7.500000000000001]",0.005245946823282444,2.465595006942749,14.88,"[0.747, 0.7410000000000001]",2056518.0,"[7.47, 7.410000000000001]",0.006524200642362554,3.0663743019104004,17.29,"[0.7469999999999999, 0.982]",2057518.0,"[7.469999999999999, 9.82]",0.005196043278308625,2.4421403408050537,18.490000000000002,"[0.9870000000000001, 0.8619999999999999]",2058518.0,"[9.870000000000001, 8.62]",0.005027568086664727,2.362957000732422,17.26,"[0.9800000000000001, 0.746]",2059518.0,"[9.8, 7.46]",0.006154550897314193,2.892638921737671,16.0,"[0.74, 0.86]",2060518.0,"[7.4, 8.6]",0.005551362544932264,2.609140396118164,8.041666666666666,1.3382752166709047,0.005616612045477468,0.0005444563568535198,2.63980766137441,0.25589448772115436,COMPLETE
206,15.146666666666667,2025-06-13 16:38:43.606247,2025-06-13 16:38:47.216564,0 days 00:00:03.610317,21,0.8746471495667432,0.03132932624632424,0.9389686559024143,0.037765545853785915,465,2065523.0,15.146666666666667,2.6164267405927664,0.806,0.13361511890501018,460.0,6.0,18.529999999999998,"[0.9870000000000001, 0.8660000000000002]",2065523.0,"[9.870000000000001, 8.660000000000002]",0.0049771619879681135,2.289494514465332,14.959999999999997,"[0.75, 0.746]",2066523.0,"[7.5, 7.46]",0.005422688567120096,2.494436740875244,11.379999999999999,"[0.6239999999999999, 0.514]",2067523.0,"[6.239999999999998, 5.140000000000001]",0.0061962874039359715,2.850292205810547,13.749999999999998,"[0.7510000000000001, 0.6239999999999999]",2068523.0,"[7.510000000000002, 6.239999999999998]",0.00576876453731371,2.6536316871643066,13.729999999999999,"[0.7420000000000001, 0.631]",2069523.0,"[7.420000000000001, 6.3100000000000005]",0.005517222570336384,2.5379223823547363,18.529999999999998,"[0.982, 0.8709999999999999]",2070523.0,"[9.82, 8.709999999999999]",0.0047046599180802055,2.1641435623168945,8.06,1.3361511890501019,0.005431130830792413,0.0004900326278099355,2.4983201821645102,0.22541500879257034,COMPLETE
207,15.301666666666668,2025-06-13 16:38:47.293145,2025-06-13 16:38:50.745206,0 days 00:00:03.452061,22,0.8519419298489818,0.03922677221096854,0.9247322141506061,0.02323286595519771,483,2075527.0,15.301666666666668,2.131974176412297,0.8035,0.11345006243571072,480.0,6.0,18.419999999999998,"[0.9809999999999999, 0.861]",2075527.0,"[9.809999999999999, 8.61]",0.005655081570148468,2.7144391536712646,13.709999999999999,"[0.6219999999999999, 0.749]",2076527.0,"[6.219999999999999, 7.49]",0.005043114721775055,2.4206950664520264,12.5,"[0.8619999999999999, 0.388]",2077527.0,"[8.62, 3.88]",0.00558246523141861,2.6795833110809326,13.719999999999997,"[0.86, 0.5119999999999999]",2078527.0,"[8.6, 5.119999999999999]",0.005561162531375885,2.669358015060425,17.270000000000003,"[0.747, 0.9800000000000001]",2079527.0,"[7.47, 9.8]",0.004849202930927277,2.3276174068450928,16.189999999999998,"[0.7490000000000001, 0.8700000000000001]",2080527.0,"[7.490000000000001, 8.700000000000001]",0.004673165082931518,2.243119239807129,8.035,1.1345006243571074,0.005227365344762803,0.000388276253517837,2.509135365486145,0.18637260168856176,COMPLETE
208,15.12333333333333,2025-06-13 16:38:50.816108,2025-06-13 16:38:54.060294,0 days 00:00:03.244186,20,0.8649190130141909,0.04243494826790989,0.978297165163255,0.06141071511101826,455,2085530.0,15.12333333333333,2.070810362045631,0.7871666666666667,0.11105316544590506,450.0,6.0,17.169999999999998,"[0.7429999999999999, 0.974]",2085530.0,"[7.429999999999999, 9.74]",0.004634689754909939,2.0856103897094727,13.759999999999998,"[0.7409999999999999, 0.635]",2086530.0,"[7.409999999999998, 6.35]",0.004617176585727268,2.0777294635772705,12.569999999999997,"[0.75, 0.507]",2087530.0,"[7.5, 5.07]",0.005323239962259928,2.3954579830169678,13.779999999999996,"[0.6349999999999999, 0.7429999999999999]",2088530.0,"[6.349999999999999, 7.429999999999999]",0.00522271368238661,2.3502211570739746,18.49,"[0.8709999999999999, 0.9780000000000001]",2089530.0,"[8.709999999999999, 9.780000000000001]",0.004525472852918837,2.0364627838134766,14.969999999999999,"[0.983, 0.514]",2090530.0,"[9.83, 5.140000000000001]",0.004765059153238932,2.1442766189575195,7.871666666666665,1.1105316544590509,0.0048480586652402515,0.00030982441230196535,2.1816263993581138,0.13942098553588442,COMPLETE
209,14.683333333333332,2025-06-13 16:38:54.170918,2025-06-13 16:38:58.172577,0 days 00:00:04.001659,38,0.8886298371413355,0.19990284641797001,0.9305293680853913,0.04654015912495983,500,2095534.0,14.683333333333332,2.9878792181449074,0.8010000000000002,0.1699019324983288,500.0,6.0,14.27,"[0.8460000000000001, 0.5809999999999998]",2095534.0,"[8.46, 5.809999999999999]",0.005606000900268555,2.8030004501342773,14.169999999999998,"[0.8370000000000001, 0.58]",2096534.0,"[8.370000000000001, 5.8]",0.005613920688629151,2.806960344314575,16.87,"[0.8480000000000001, 0.8390000000000001]",2097534.0,"[8.48, 8.39]",0.004851301193237304,2.4256505966186523,18.31,"[0.85, 0.9810000000000001]",2098534.0,"[8.5, 9.81]",0.005053084850311279,2.5265424251556396,8.829999999999998,"[0.43899999999999995, 0.44399999999999995]",2099534.0,"[4.39, 4.4399999999999995]",0.006330900669097901,3.16545033454895,15.649999999999999,"[0.986, 0.579]",2100534.0,"[9.86, 5.789999999999999]",0.005825826644897461,2.9129133224487305,8.01,1.6990193249832877,0.005546839157740274,0.00048787855239422137,2.7734195788701377,0.24393927619711056,COMPLETE
210,15.448333333333332,2025-06-13 16:38:58.244087,2025-06-13 16:39:01.394250,0 days 00:00:03.150163,34,0.6790588501391496,0.18774810786400953,0.933510373937967,0.07978636014049371,317,2105538.0,15.448333333333332,1.5604424230184075,0.7413333333333333,0.11604979774026132,310.0,6.0,16.990000000000002,"[0.8550000000000001, 0.844]",2105538.0,"[8.55, 8.44]",0.005578131829538653,1.7292208671569824,14.36,"[0.718, 0.718]",2106538.0,"[7.18, 7.18]",0.005920166354025564,1.8352515697479248,14.41,"[0.589, 0.852]",2107538.0,"[5.89, 8.52]",0.006660581404162992,2.0647802352905273,16.91,"[0.844, 0.8469999999999999]",2108538.0,"[8.44, 8.469999999999999]",0.005489550867388325,1.7017607688903809,16.94,"[0.849, 0.845]",2109538.0,"[8.49, 8.45]",0.004983558193329842,1.544903039932251,13.079999999999998,"[0.593, 0.715]",2110538.0,"[5.93, 7.1499999999999995]",0.006646044023575322,2.0602736473083496,7.413333333333334,1.1604979774026132,0.00587967211200345,0.0006116816023272729,1.8226983547210693,0.18962129672145456,COMPLETE
