number,value,datetime_start,datetime_complete,duration,params_episode_length,params_epsilon_max,params_epsilon_min,params_gamma,params_learning_rate,params_num_episodes,user_attrs_base_seed,user_attrs_collective_reward_mean,user_attrs_collective_reward_std,user_attrs_individual_reward_agent0_mean,user_attrs_individual_reward_agent0_std,user_attrs_num_episodes_mean,user_attrs_num_parallel_runs,user_attrs_run_0_collective_reward,user_attrs_run_0_individual_rewards,user_attrs_run_0_seed,user_attrs_run_0_total_individual_rewards,user_attrs_run_0_training_time_per_episode,user_attrs_run_0_training_time_total,user_attrs_run_1_collective_reward,user_attrs_run_1_individual_rewards,user_attrs_run_1_seed,user_attrs_run_1_total_individual_rewards,user_attrs_run_1_training_time_per_episode,user_attrs_run_1_training_time_total,user_attrs_run_2_collective_reward,user_attrs_run_2_individual_rewards,user_attrs_run_2_seed,user_attrs_run_2_total_individual_rewards,user_attrs_run_2_training_time_per_episode,user_attrs_run_2_training_time_total,user_attrs_run_3_collective_reward,user_attrs_run_3_individual_rewards,user_attrs_run_3_seed,user_attrs_run_3_total_individual_rewards,user_attrs_run_3_training_time_per_episode,user_attrs_run_3_training_time_total,user_attrs_run_4_collective_reward,user_attrs_run_4_individual_rewards,user_attrs_run_4_seed,user_attrs_run_4_total_individual_rewards,user_attrs_run_4_training_time_per_episode,user_attrs_run_4_training_time_total,user_attrs_run_5_collective_reward,user_attrs_run_5_individual_rewards,user_attrs_run_5_seed,user_attrs_run_5_total_individual_rewards,user_attrs_run_5_training_time_per_episode,user_attrs_run_5_training_time_total,user_attrs_total_individual_reward_agent0_mean,user_attrs_total_individual_reward_agent0_std,user_attrs_training_time_per_episode_mean,user_attrs_training_time_per_episode_std,user_attrs_training_time_total_mean,user_attrs_training_time_total_std,state
70,14.74833333333333,2025-06-13 16:28:42.553232,2025-06-13 16:28:46.524581,0 days 00:00:03.971349,43,0.9728785479718767,0.06715933278169486,0.9445051457530791,0.005227329799036814,490,704922.0,14.74833333333333,2.902110821836792,0.6543333333333332,0.15335651998601896,490.0,6.0,15.499999999999998,"[0.708, 0.842]",704922.0,"[7.08, 8.42]",0.004889393339351732,2.3958027362823486,18.249999999999996,"[0.8389999999999999, 0.986]",705922.0,"[8.389999999999999, 9.86]",0.004336249585054359,2.1247622966766357,18.259999999999998,"[0.8380000000000001, 0.9880000000000001]",706922.0,"[8.38, 9.88]",0.004329403565854442,2.1214077472686768,14.03,"[0.5599999999999998, 0.8430000000000002]",707922.0,"[5.599999999999998, 8.430000000000001]",0.00526466077687789,2.579683780670166,11.349999999999998,"[0.42799999999999994, 0.7070000000000001]",708922.0,"[4.279999999999999, 7.07]",0.005799673528087383,2.8418400287628174,11.099999999999998,"[0.5529999999999999, 0.5569999999999999]",709922.0,"[5.529999999999999, 5.569999999999999]",0.006481511738835549,3.175940752029419,6.543333333333333,1.5335651998601898,0.005183482089010226,0.0007751240839302799,2.5399062236150107,0.3798108011258371,COMPLETE
71,16.373333333333335,2025-06-13 16:28:47.325838,2025-06-13 16:28:50.293308,0 days 00:00:02.967470,41,0.9371441577064819,0.04104701636194187,0.9832160314984603,0.06451159576974812,331,714927.0,16.373333333333335,1.738262222898363,0.8636666666666666,0.12543878542495893,330.0,6.0,16.849999999999998,"[0.982, 0.703]",714927.0,"[9.82, 7.029999999999999]",0.006368113286567457,2.1014773845672607,19.6,"[0.982, 0.9780000000000001]",715927.0,"[9.82, 9.780000000000001]",0.0052455302440758906,1.731024980545044,15.45,"[0.9789999999999999, 0.5659999999999998]",716927.0,"[9.79, 5.659999999999998]",0.0064563021515354965,2.130579710006714,16.86,"[0.835, 0.851]",717927.0,"[8.35, 8.51]",0.0056254321878606624,1.8563926219940186,15.469999999999999,"[0.704, 0.843]",718927.0,"[7.039999999999999, 8.43]",0.00592068253141461,1.9538252353668213,14.009999999999998,"[0.7, 0.7009999999999998]",719927.0,"[7.0, 7.009999999999998]",0.0057175202803178265,1.8867816925048828,8.636666666666667,1.2543878542495897,0.005888930113628658,0.00042136912532080256,1.9433469374974568,0.1390518113558648,COMPLETE
72,15.076666666666666,2025-06-13 16:28:50.359789,2025-06-13 16:28:52.917641,0 days 00:00:02.557852,23,0.9794848518914028,0.04571901964451906,0.9745094027785808,0.0018380501447675822,301,724930.0,15.076666666666666,2.569154638311123,0.7028333333333333,0.25878782600595585,300.0,6.0,16.18,"[0.751, 0.8670000000000002]",724930.0,"[7.51, 8.670000000000002]",0.005375313758850098,1.6125941276550293,10.03,"[0.13599999999999995, 0.867]",725930.0,"[1.3599999999999994, 8.67]",0.005958851178487142,1.7876553535461426,13.620000000000001,"[0.742, 0.6200000000000001]",726930.0,"[7.42, 6.200000000000001]",0.005630819797515869,1.6892459392547607,17.3,"[0.8619999999999999, 0.868]",727930.0,"[8.62, 8.68]",0.00531584103902181,1.594752311706543,17.299999999999997,"[0.867, 0.8629999999999999]",728930.0,"[8.67, 8.629999999999999]",0.005107592741648356,1.5322778224945068,16.03,"[0.859, 0.744]",729930.0,"[8.59, 7.4399999999999995]",0.0051892828941345216,1.5567848682403564,7.028333333333333,2.5878782600595587,0.005429616901609632,0.0002880755971708625,1.6288850704828899,0.08642267915125874,COMPLETE
73,16.591666666666665,2025-06-13 16:28:52.986280,2025-06-13 16:28:56.708087,0 days 00:00:03.721807,46,0.9116502198039205,0.02498765420034902,0.9882188138395773,0.007198956159209548,462,734933.0,16.591666666666665,2.2561576235321454,0.8176666666666667,0.15301924352475701,460.0,6.0,15.389999999999999,"[0.697, 0.842]",734933.0,"[6.97, 8.42]",0.006378386849942415,2.9340579509735107,12.52,"[0.554, 0.698]",735933.0,"[5.540000000000001, 6.9799999999999995]",0.006095329056615415,2.803851366043091,18.339999999999996,"[0.8460000000000001, 0.9880000000000001]",736933.0,"[8.46, 9.88]",0.0042691401813341225,1.9638044834136963,19.65,"[0.9860000000000001, 0.9790000000000001]",737933.0,"[9.860000000000001, 9.790000000000001]",0.004449855762979259,2.046933650970459,16.83,"[0.9810000000000001, 0.7020000000000001]",738933.0,"[9.81, 7.0200000000000005]",0.004833465555439825,2.2233941555023193,16.819999999999997,"[0.842, 0.8399999999999999]",739933.0,"[8.42, 8.399999999999999]",0.00583497026692266,2.684086322784424,8.176666666666668,1.5301924352475702,0.005310191278872283,0.0008250361706582903,2.44268798828125,0.37951663850281353,COMPLETE
74,15.588333333333333,2025-06-13 16:28:56.799769,2025-06-13 16:29:00.744781,0 days 00:00:03.945012,46,0.9138247978508756,0.028240869539761116,0.99637331894202,0.007495955479479452,500,744936.0,15.588333333333333,1.4825363027220924,0.8141666666666666,0.15367001080959888,500.0,6.0,15.42,"[0.841, 0.701]",744936.0,"[8.41, 7.01]",0.005366251945495605,2.6831259727478027,18.04,"[0.976, 0.828]",745936.0,"[9.76, 8.28]",0.005461713790893555,2.7308568954467773,13.969999999999997,"[0.5559999999999998, 0.841]",746936.0,"[5.559999999999999, 8.41]",0.005992955207824707,2.9964776039123535,16.77,"[0.8390000000000001, 0.8379999999999999]",747936.0,"[8.39, 8.379999999999999]",0.004610535144805908,2.305267572402954,15.510000000000002,"[0.9890000000000001, 0.5619999999999999]",748936.0,"[9.89, 5.619999999999999]",0.005315372467041016,2.657686233520508,13.819999999999997,"[0.6839999999999999, 0.6980000000000001]",749936.0,"[6.84, 6.98]",0.006080214023590088,3.040107011795044,8.141666666666667,1.5367001080959888,0.005471173763275146,0.00048635667107470553,2.7355868816375732,0.24317833553735277,COMPLETE
75,14.246666666666664,2025-06-13 16:29:00.816902,2025-06-13 16:29:04.194673,0 days 00:00:03.377771,50,0.9036604979149802,0.01662267783477828,0.9883525009573176,0.004097525132229115,430,754940.0,14.246666666666664,1.8245608299594234,0.6888333333333333,0.17048207791110745,430.0,6.0,12.29,"[0.5399999999999998, 0.6889999999999998]",754940.0,"[5.399999999999999, 6.889999999999999]",0.005469515157300373,2.35189151763916,13.85,"[0.5429999999999999, 0.842]",755940.0,"[5.43, 8.42]",0.00503616776577262,2.1655521392822266,16.599999999999998,"[0.8320000000000001, 0.8280000000000001]",756940.0,"[8.32, 8.280000000000001]",0.005131557375885719,2.2065696716308594,13.75,"[0.692, 0.6829999999999999]",757940.0,"[6.92, 6.829999999999999]",0.0059147213780602744,2.543330192565918,16.74,"[0.986, 0.688]",758940.0,"[9.86, 6.879999999999999]",0.005762002079985862,2.477660894393921,12.25,"[0.5399999999999998, 0.6849999999999998]",759940.0,"[5.399999999999999, 6.849999999999998]",0.005679338477378668,2.442115545272827,6.888333333333333,1.7048207791110743,0.005498883705730587,0.0003226487663428184,2.364519993464152,0.13873896952741194,COMPLETE
76,15.01333333333333,2025-06-13 16:29:04.955379,2025-06-13 16:29:07.973166,0 days 00:00:03.017787,20,0.8511439484192792,0.024289872135797294,0.9195222509337834,0.0026827333600291793,463,764945.0,15.01333333333333,2.0065448468006433,0.8096666666666666,0.14810319225308952,460.0,6.0,13.850000000000003,"[0.6289999999999998, 0.756]",764945.0,"[6.289999999999997, 7.5600000000000005]",0.004344079805457074,1.998276710510254,17.349999999999998,"[0.9870000000000001, 0.748]",765945.0,"[9.870000000000001, 7.48]",0.004133858888045601,1.9015750885009766,12.670000000000002,"[0.869, 0.39799999999999996]",766945.0,"[8.69, 3.9799999999999995]",0.004722272831460704,2.172245502471924,12.739999999999998,"[0.7539999999999999, 0.5199999999999999]",767945.0,"[7.539999999999999, 5.199999999999999]",0.00418132906374724,1.9234113693237305,16.119999999999997,"[0.635, 0.977]",768945.0,"[6.35, 9.77]",0.004278489817743716,1.9681053161621094,17.349999999999998,"[0.9840000000000002, 0.751]",769945.0,"[9.840000000000002, 7.51]",0.004251362448153289,1.9556267261505127,8.096666666666666,1.481031922530895,0.004318565475767938,0.00019265827764850248,1.9865401188532512,0.0886228077183112,COMPLETE
77,10.516666666666666,2025-06-13 16:29:08.039888,2025-06-13 16:29:11.850429,0 days 00:00:03.810541,43,0.8875899708624234,0.03349744396451912,0.99174596404169,0.00013297563552777206,475,774948.0,10.516666666666666,2.055266946706004,0.6071666666666665,0.10506096113950016,470.0,6.0,11.239999999999998,"[0.702, 0.4219999999999999]",774948.0,"[7.02, 4.219999999999999]",0.006055393117539426,2.8460347652435303,13.869999999999997,"[0.689, 0.6979999999999998]",775948.0,"[6.89, 6.979999999999999]",0.006136601021949281,2.884202480316162,7.009999999999999,"[0.5589999999999999, 0.14199999999999985]",776948.0,"[5.59, 1.4199999999999986]",0.006227447631511282,2.9269003868103027,9.91,"[0.714, 0.2769999999999999]",777948.0,"[7.14, 2.769999999999999]",0.006291566503808853,2.957036256790161,11.209999999999997,"[0.5569999999999999, 0.5639999999999998]",778948.0,"[5.569999999999999, 5.639999999999999]",0.0048897022896624625,2.2981600761413574,9.86,"[0.4219999999999999, 0.564]",779948.0,"[4.219999999999999, 5.64]",0.005316978312553244,2.4989798069000244,6.071666666666666,1.0506096113950014,0.005819614812837426,0.0005263899733893532,2.73521896203359,0.24740328749299603,COMPLETE
78,13.839999999999998,2025-06-13 16:29:11.936728,2025-06-13 16:29:15.480322,0 days 00:00:03.543594,48,0.8688995278616476,0.05020101512162897,0.9859608792820092,0.001264137952012177,449,784952.0,13.839999999999998,2.980531272553044,0.7404999999999999,0.1319036896122824,440.0,6.0,18.09,"[0.975, 0.834]",784952.0,"[9.75, 8.34]",0.004407015171918002,1.939086675643921,13.889999999999999,"[0.697, 0.692]",785952.0,"[6.97, 6.92]",0.004821810939095237,2.1215968132019043,13.75,"[0.8299999999999998, 0.5449999999999999]",786952.0,"[8.299999999999999, 5.449999999999999]",0.006011755899949507,2.645172595977783,15.309999999999999,"[0.691, 0.8400000000000001]",787952.0,"[6.909999999999999, 8.4]",0.0042884810404344035,1.8869316577911377,13.91,"[0.6969999999999998, 0.694]",788952.0,"[6.969999999999999, 6.9399999999999995]",0.005720735679973256,2.5171236991882324,8.089999999999998,"[0.5529999999999999, 0.2559999999999999]",789952.0,"[5.529999999999999, 2.5599999999999987]",0.006159253012050282,2.710071325302124,7.4049999999999985,1.319036896122824,0.005234841957236781,0.0007578164438840993,2.3033304611841836,0.33343923530900366,COMPLETE
79,14.71,2025-06-13 16:29:15.560446,2025-06-13 16:29:19.397479,0 days 00:00:03.837033,44,0.6766488134173192,0.038418474131295184,0.9669585016913723,0.006864241338662939,486,794955.0,14.71,2.8420649769724373,0.7246666666666667,0.12099265358782003,480.0,6.0,12.66,"[0.708, 0.5579999999999998]",794955.0,"[7.08, 5.579999999999998]",0.004783114294211069,2.2958948612213135,15.389999999999999,"[0.6979999999999998, 0.8409999999999999]",795955.0,"[6.979999999999999, 8.409999999999998]",0.0040288517872492475,1.9338488578796387,19.480000000000004,"[0.9719999999999999, 0.976]",796955.0,"[9.719999999999999, 9.76]",0.004178075989087423,2.005476474761963,11.219999999999999,"[0.6990000000000001, 0.42299999999999993]",797955.0,"[6.99, 4.2299999999999995]",0.006104158361752828,2.9299960136413574,16.860000000000003,"[0.703, 0.9830000000000002]",798955.0,"[7.029999999999999, 9.830000000000002]",0.004470121363798777,2.145658254623413,12.650000000000002,"[0.5679999999999998, 0.6969999999999998]",799955.0,"[5.679999999999998, 6.969999999999999]",0.005641934275627136,2.7081284523010254,7.246666666666666,1.2099265358782008,0.004867709345287747,0.000760782394143257,2.3365004857381186,0.3651755491887633,COMPLETE
80,14.530000000000003,2025-06-13 16:29:19.483250,2025-06-13 16:29:22.498747,0 days 00:00:03.015497,26,0.6145656508101975,0.05430174629130898,0.9966536358322682,0.003699084209589126,403,804959.0,14.530000000000003,2.5053476139383672,0.7571666666666665,0.08559676136137134,400.0,6.0,18.410000000000004,"[0.8579999999999999, 0.983]",804959.0,"[8.579999999999998, 9.83]",0.003598509430885315,1.439403772354126,15.999999999999998,"[0.8640000000000001, 0.736]",805959.0,"[8.64, 7.359999999999999]",0.004152171611785889,1.6608686447143555,11.05,"[0.7380000000000001, 0.367]",806959.0,"[7.380000000000001, 3.67]",0.004965534806251526,1.9862139225006104,15.96,"[0.736, 0.86]",807959.0,"[7.359999999999999, 8.6]",0.004274337291717529,1.7097349166870117,13.530000000000003,"[0.735, 0.618]",808959.0,"[7.35, 6.18]",0.004344404339790344,1.7377617359161377,12.229999999999999,"[0.612, 0.611]",809959.0,"[6.12, 6.109999999999999]",0.004432651996612549,1.7730607986450195,7.571666666666666,0.8559676136137133,0.004294601579507192,0.00040351184282126575,1.7178406318028767,0.1614047371285063,COMPLETE
81,15.299999999999999,2025-06-13 16:29:23.321997,2025-06-13 16:29:26.108665,0 days 00:00:02.786668,40,0.9616512909439555,0.04644663958157637,0.9798653541763782,0.06232827082664143,284,814963.0,15.299999999999999,1.414178206592083,0.7549999999999999,0.18751977673479317,280.0,6.0,16.96,"[0.9869999999999999, 0.709]",814963.0,"[9.87, 7.09]",0.006799077136175973,1.9037415981292725,16.79,"[0.8459999999999999, 0.833]",815963.0,"[8.459999999999999, 8.33]",0.006383434363773891,1.7873616218566895,15.4,"[0.8379999999999999, 0.702]",816963.0,"[8.379999999999999, 7.02]",0.007266879933221,2.03472638130188,15.499999999999998,"[0.8470000000000001, 0.7029999999999998]",817963.0,"[8.47, 7.0299999999999985]",0.007088545390537807,1.984792709350586,14.290000000000001,"[0.575, 0.8539999999999999]",818963.0,"[5.75, 8.54]",0.006700699669974191,1.8761959075927734,12.86,"[0.43699999999999983, 0.8489999999999999]",819963.0,"[4.369999999999998, 8.489999999999998]",0.0066019458430153985,1.8485448360443115,7.55,1.8751977673479316,0.006806763722783043,0.0002954021587525393,1.9058938423792522,0.08271260445071096,COMPLETE
82,14.26,2025-06-13 16:29:26.176846,2025-06-13 16:29:29.536723,0 days 00:00:03.359877,38,0.9448982160961444,0.062317668263096246,0.9887961535782763,0.04998047898053823,459,824966.0,14.26,1.337709485152388,0.7353333333333333,0.09266726618511102,450.0,6.0,12.869999999999997,"[0.7070000000000001, 0.58]",824966.0,"[7.07, 5.8]",0.005232658386230469,2.354696273803711,14.23,"[0.715, 0.708]",825966.0,"[7.1499999999999995, 7.08]",0.00506705125172933,2.2801730632781982,13.01,"[0.719, 0.5820000000000001]",826966.0,"[7.1899999999999995, 5.82]",0.0051504023869832355,2.317681074142456,16.95,"[0.851, 0.8440000000000001]",827966.0,"[8.51, 8.440000000000001]",0.004934462971157498,2.220508337020874,14.299999999999999,"[0.577, 0.853]",828966.0,"[5.77, 8.53]",0.005180990960862901,2.3314459323883057,14.2,"[0.843, 0.577]",829966.0,"[8.43, 5.77]",0.0057511880662706166,2.5880346298217773,7.353333333333333,0.9266726618511103,0.005219459003872342,0.0002561280564285554,2.3487565517425537,0.11525762539284991,COMPLETE
83,16.10166666666667,2025-06-13 16:29:29.599933,2025-06-13 16:29:33.461157,0 days 00:00:03.861224,44,0.8330873940301852,0.017235527272824524,0.9766397216124996,0.08383404722582563,492,834969.0,16.10166666666667,1.3431482502770207,0.8896666666666667,0.10552198296510966,490.0,6.0,15.38,"[0.7, 0.8379999999999999]",834969.0,"[7.0, 8.379999999999999]",0.00460564846895179,2.256767749786377,16.83,"[0.843, 0.8400000000000001]",835969.0,"[8.43, 8.4]",0.0049814088003976,2.440890312194824,16.709999999999997,"[0.8440000000000001, 0.827]",836969.0,"[8.440000000000001, 8.27]",0.004834765317488689,2.369035005569458,15.32,"[0.9790000000000001, 0.5529999999999999]",837969.0,"[9.790000000000001, 5.529999999999999]",0.005637021940581652,2.7621407508850098,18.28,"[0.982, 0.8459999999999999]",838969.0,"[9.82, 8.459999999999999]",0.004734836305890764,2.3200697898864746,14.09,"[0.99, 0.41899999999999993]",839969.0,"[9.9, 4.1899999999999995]",0.00606045236392897,2.9696216583251953,8.896666666666667,1.0552198296510966,0.005142355532873244,0.0005263456770077051,2.5197542111078897,0.2579093817337755,COMPLETE
84,17.073333333333334,2025-06-13 16:29:33.544687,2025-06-13 16:29:37.411443,0 days 00:00:03.866756,42,0.9886819676052223,0.05590072432367724,0.969927172134521,0.04072562310642683,473,844973.0,17.073333333333334,1.283337662330361,0.819,0.09754315284358345,470.0,6.0,16.79,"[0.842, 0.837]",844973.0,"[8.42, 8.37]",0.0047879680674126806,2.25034499168396,19.71,"[0.9860000000000001, 0.9850000000000001]",845973.0,"[9.860000000000001, 9.850000000000001]",0.004604056540955888,2.1639065742492676,16.759999999999998,"[0.703, 0.9730000000000001]",846973.0,"[7.029999999999999, 9.73]",0.006081191529618933,2.8581600189208984,15.440000000000001,"[0.6999999999999998, 0.844]",847973.0,"[6.999999999999998, 8.44]",0.005406490792619421,2.541050672531128,16.89,"[0.8460000000000001, 0.843]",848973.0,"[8.46, 8.43]",0.005213854160714656,2.4505114555358887,16.85,"[0.8370000000000001, 0.8480000000000001]",849973.0,"[8.370000000000001, 8.48]",0.006181582998722158,2.905344009399414,8.19,0.9754315284358346,0.005379190681673956,0.0005937307467635872,2.5282196203867593,0.27905345097888595,COMPLETE
85,13.656666666666666,2025-06-13 16:29:37.503145,2025-06-13 16:29:41.395201,0 days 00:00:03.892056,46,0.9278040580352372,0.08513742855095884,0.963150864706009,0.03637143886139859,472,854977.0,13.656666666666666,2.552525982020338,0.6466666666666666,0.16092510335211502,470.0,6.0,18.18,"[0.841, 0.9770000000000001]",854977.0,"[8.41, 9.770000000000001]",0.004973973111903414,2.3377673625946045,13.89,"[0.8400000000000001, 0.549]",855977.0,"[8.4, 5.49]",0.005954861133656603,2.7987847328186035,13.91,"[0.693, 0.698]",856977.0,"[6.93, 6.9799999999999995]",0.006164024738555259,2.8970916271209717,13.889999999999997,"[0.5509999999999998, 0.8380000000000001]",857977.0,"[5.509999999999998, 8.38]",0.005788637729401284,2.7206597328186035,12.57,"[0.554, 0.7030000000000001]",858977.0,"[5.540000000000001, 7.030000000000001]",0.005431447130568484,2.5527801513671875,9.499999999999998,"[0.4009999999999999, 0.5489999999999998]",859977.0,"[4.009999999999999, 5.489999999999998]",0.006518885937142879,3.0638763904571533,6.466666666666666,1.6092510335211503,0.005805304963537987,0.000498565417708396,2.728493332862854,0.2343257463229462,COMPLETE
86,15.415000000000001,2025-06-13 16:29:42.265514,2025-06-13 16:29:45.174420,0 days 00:00:02.908906,17,0.9684596691634466,0.04320756569329064,0.954628546684483,0.016467766967870792,442,864982.0,15.415000000000001,3.7454984092018164,0.7706666666666667,0.2291809086483621,440.0,6.0,8.25,"[0.3, 0.525]",864982.0,"[3.0, 5.25]",0.004782108827070757,2.104127883911133,17.36,"[0.866, 0.8699999999999999]",865982.0,"[8.66, 8.7]",0.003845412622798573,1.691981554031372,18.380000000000003,"[0.9720000000000001, 0.866]",866982.0,"[9.72, 8.66]",0.0042595353993502534,1.8741955757141113,13.819999999999999,"[0.7529999999999999, 0.6289999999999999]",867982.0,"[7.529999999999999, 6.289999999999999]",0.004832838340239091,2.1264488697052,19.61,"[0.9790000000000001, 0.982]",868982.0,"[9.790000000000001, 9.82]",0.0038654029369354246,1.700777292251587,15.07,"[0.7540000000000001, 0.7529999999999999]",869982.0,"[7.540000000000001, 7.529999999999999]",0.004100365530360829,1.8041608333587646,7.706666666666667,2.2918090864836214,0.004280943942792489,0.0003981587652724304,1.8836153348286946,0.17518985671986936,COMPLETE
