number,value,datetime_start,datetime_complete,duration,params_episode_length,params_epsilon_max,params_epsilon_min,params_gamma,params_learning_rate,params_num_episodes,user_attrs_base_seed,user_attrs_collective_reward_mean,user_attrs_collective_reward_std,user_attrs_individual_reward_agent0_mean,user_attrs_individual_reward_agent0_std,user_attrs_num_episodes_mean,user_attrs_num_parallel_runs,user_attrs_run_0_collective_reward,user_attrs_run_0_individual_rewards,user_attrs_run_0_seed,user_attrs_run_0_total_individual_rewards,user_attrs_run_0_training_time_per_episode,user_attrs_run_0_training_time_total,user_attrs_run_1_collective_reward,user_attrs_run_1_individual_rewards,user_attrs_run_1_seed,user_attrs_run_1_total_individual_rewards,user_attrs_run_1_training_time_per_episode,user_attrs_run_1_training_time_total,user_attrs_run_2_collective_reward,user_attrs_run_2_individual_rewards,user_attrs_run_2_seed,user_attrs_run_2_total_individual_rewards,user_attrs_run_2_training_time_per_episode,user_attrs_run_2_training_time_total,user_attrs_run_3_collective_reward,user_attrs_run_3_individual_rewards,user_attrs_run_3_seed,user_attrs_run_3_total_individual_rewards,user_attrs_run_3_training_time_per_episode,user_attrs_run_3_training_time_total,user_attrs_run_4_collective_reward,user_attrs_run_4_individual_rewards,user_attrs_run_4_seed,user_attrs_run_4_total_individual_rewards,user_attrs_run_4_training_time_per_episode,user_attrs_run_4_training_time_total,user_attrs_run_5_collective_reward,user_attrs_run_5_individual_rewards,user_attrs_run_5_seed,user_attrs_run_5_total_individual_rewards,user_attrs_run_5_training_time_per_episode,user_attrs_run_5_training_time_total,user_attrs_total_individual_reward_agent0_mean,user_attrs_total_individual_reward_agent0_std,user_attrs_training_time_per_episode_mean,user_attrs_training_time_per_episode_std,user_attrs_training_time_total_mean,user_attrs_training_time_total_std,state
570,15.88,2025-06-13 17:23:52.070992,2025-06-13 17:23:55.998523,0 days 00:00:03.927531,36,0.8172418375501909,0.04224635930635403,0.9728084937231866,0.07173046773710519,457,5708232.0,15.88,2.3307438011644837,0.8291666666666667,0.19478314152467674,450.0,6.0,15.77,"[0.9870000000000001, 0.59]",5708232.0,"[9.870000000000001, 5.8999999999999995]",0.0052709759606255424,2.371939182281494,18.27,"[0.9840000000000002, 0.843]",5709232.0,"[9.840000000000002, 8.43]",0.005183078447977702,2.332385301589966,16.990000000000002,"[0.851, 0.8480000000000001]",5710232.0,"[8.51, 8.48]",0.005267824596828885,2.370521068572998,18.249999999999996,"[0.984, 0.841]",5711232.0,"[9.84, 8.41]",0.00528218322330051,2.3769824504852295,11.69,"[0.716, 0.45299999999999996]",5712232.0,"[7.16, 4.529999999999999]",0.005691502888997396,2.561176300048828,14.309999999999999,"[0.45299999999999996, 0.9780000000000001]",5713232.0,"[4.529999999999999, 9.780000000000001]",0.006372341050042046,2.867553472518921,8.291666666666666,1.9478314152467673,0.005511317694628679,0.00041855397294526646,2.4800929625829062,0.18834928782536997,COMPLETE
571,14.79,2025-06-13 17:24:00.878097,2025-06-13 17:24:04.437310,0 days 00:00:03.559213,35,0.8549080375619601,0.03809810937499486,0.9770631279196689,0.09061062058123394,467,5718241.0,14.79,2.40065268902716,0.7633333333333333,0.1264590403604618,460.0,6.0,17.01,"[0.8540000000000001, 0.8469999999999999]",5718241.0,"[8.540000000000001, 8.469999999999999]",0.005503608351168425,2.5316598415374756,13.01,"[0.7180000000000001, 0.583]",5719241.0,"[7.180000000000001, 5.83]",0.0058157407719156015,2.6752407550811768,11.7,"[0.586, 0.584]",5720241.0,"[5.859999999999999, 5.84]",0.005723135885985001,2.6326425075531006,13.02,"[0.717, 0.585]",5721241.0,"[7.17, 5.85]",0.005484369526738706,2.5228099822998047,15.579999999999998,"[0.7179999999999999, 0.8400000000000001]",5722241.0,"[7.179999999999999, 8.4]",0.005491235981816831,2.525968551635742,18.419999999999998,"[0.9870000000000001, 0.8550000000000001]",5723241.0,"[9.870000000000001, 8.55]",0.004603885049405306,2.1177871227264404,7.633333333333333,1.264590403604618,0.0054369959278383105,0.0003934931012942525,2.5010181268056235,0.18100682659535622,COMPLETE
572,16.536666666666665,2025-06-13 17:24:04.512791,2025-06-13 17:24:08.290488,0 days 00:00:03.777697,34,0.8333198526885073,0.03673508797730879,0.9747358075277371,0.06634299037492593,449,5728244.0,16.536666666666665,2.6128315844862433,0.8063333333333333,0.1669028326768469,440.0,6.0,18.34,"[0.8540000000000001, 0.9800000000000001]",5728244.0,"[8.540000000000001, 9.8]",0.0051832984794269905,2.280651330947876,14.229999999999999,"[0.5770000000000001, 0.8460000000000001]",5729244.0,"[5.7700000000000005, 8.46]",0.00558461763642051,2.4572317600250244,18.330000000000002,"[0.85, 0.983]",5730244.0,"[8.5, 9.83]",0.005386257171630859,2.369953155517578,11.74,"[0.589, 0.5849999999999999]",5731244.0,"[5.89, 5.849999999999999]",0.0062888145446777345,2.767078399658203,18.200000000000003,"[0.985, 0.835]",5732244.0,"[9.85, 8.35]",0.005286918986927379,2.326244354248047,18.38,"[0.983, 0.8550000000000001]",5733244.0,"[9.83, 8.55]",0.004921244491230358,2.1653475761413574,8.063333333333334,1.6690283267684691,0.0054418585517189725,0.0004287004982971159,2.3944177627563477,0.18862821925073092,COMPLETE
573,16.10833333333333,2025-06-13 17:24:08.432162,2025-06-13 17:24:11.717765,0 days 00:00:03.285603,36,0.8453851329599902,0.040286136848016255,0.9708605031598556,0.07987260105551822,459,5738248.0,16.10833333333333,2.2440916251842804,0.8474999999999998,0.10823854827802035,450.0,6.0,13.059999999999999,"[0.7209999999999999, 0.5849999999999999]",5738248.0,"[7.209999999999999, 5.849999999999999]",0.005190740161471897,2.3358330726623535,18.32,"[0.845, 0.9870000000000001]",5739248.0,"[8.45, 9.870000000000001]",0.004855800734625922,2.185110330581665,13.0,"[0.71, 0.59]",5740248.0,"[7.1, 5.8999999999999995]",0.005443087153964572,2.4493892192840576,16.94,"[0.9810000000000001, 0.713]",5741248.0,"[9.81, 7.13]",0.005318727493286133,2.3934273719787598,17.02,"[0.9799999999999999, 0.722]",5742248.0,"[9.799999999999999, 7.22]",0.004703680674235026,2.1166563034057617,18.310000000000002,"[0.8480000000000001, 0.983]",5743248.0,"[8.48, 9.83]",0.005078033341301812,2.2851150035858154,8.475,1.0823854827802033,0.005098344926480894,0.0002552621776745674,2.2942552169164023,0.11486797995355541,COMPLETE
574,14.341666666666663,2025-06-13 17:24:11.801171,2025-06-13 17:24:15.109614,0 days 00:00:03.308443,35,0.8405633596618179,0.0353345368517162,0.9741036735894699,0.002093906061854185,443,5748251.0,14.341666666666663,2.0148731694299995,0.7388333333333333,0.0925660424897933,440.0,6.0,14.339999999999998,"[0.85, 0.5839999999999999]",5748251.0,"[8.5, 5.839999999999998]",0.005089476975527677,2.2393698692321777,11.729999999999999,"[0.7169999999999999, 0.45599999999999996]",5749251.0,"[7.169999999999998, 4.56]",0.005659761212088845,2.490294933319092,15.55,"[0.7070000000000001, 0.8480000000000001]",5750251.0,"[7.07, 8.48]",0.005167819695039229,2.2738406658172607,11.699999999999998,"[0.586, 0.5839999999999999]",5751251.0,"[5.859999999999999, 5.839999999999998]",0.005639386177062988,2.481329917907715,17.04,"[0.8559999999999999, 0.8480000000000001]",5752251.0,"[8.559999999999999, 8.48]",0.004720833084800027,2.0771665573120117,15.69,"[0.717, 0.852]",5753251.0,"[7.17, 8.52]",0.0050247604196721855,2.2108945846557617,7.388333333333333,0.9256604248979331,0.005217006260698491,0.0003357246047530042,2.2954827547073364,0.14771882609132192,COMPLETE
575,17.161666666666665,2025-06-13 17:24:15.193818,2025-06-13 17:24:18.727579,0 days 00:00:03.533761,26,0.8592571252164609,0.04381228182238019,0.9707404396583569,0.06924701744377255,471,5758255.0,17.161666666666665,1.9986780353245701,0.8580000000000001,0.12374166638606413,470.0,6.0,18.43,"[0.8600000000000001, 0.9830000000000002]",5758255.0,"[8.600000000000001, 9.830000000000002]",0.005016074789331314,2.3575551509857178,18.379999999999995,"[0.985, 0.8530000000000001]",5759255.0,"[9.85, 8.530000000000001]",0.004669318807886002,2.194579839706421,15.8,"[0.851, 0.7289999999999999]",5760255.0,"[8.51, 7.289999999999999]",0.005229365064742717,2.457801580429077,13.580000000000004,"[0.6140000000000001, 0.744]",5761255.0,"[6.140000000000001, 7.4399999999999995]",0.005716417190876413,2.686716079711914,19.650000000000002,"[0.985, 0.9800000000000001]",5762255.0,"[9.85, 9.8]",0.0044603383287470395,2.0963590145111084,17.13,"[0.8530000000000001, 0.8600000000000001]",5763255.0,"[8.530000000000001, 8.600000000000001]",0.004516182554529068,2.122605800628662,8.58,1.2374166638606412,0.004934616122685426,0.00044255585437755684,2.31926957766215,0.20800125155745172,COMPLETE
576,17.03,2025-06-13 17:24:23.457685,2025-06-13 17:24:26.866526,0 days 00:00:03.408841,35,0.8335102361195035,0.03230045166552065,0.9722021277078007,0.09994199950451392,462,5768263.0,17.03,1.277471460868435,0.8308333333333331,0.08730295273102484,460.0,6.0,18.25,"[0.977, 0.8480000000000001]",5768263.0,"[9.77, 8.48]",0.00467971718829611,2.152669906616211,18.37,"[0.8559999999999999, 0.9810000000000001]",5769263.0,"[8.559999999999999, 9.81]",0.004919814545175304,2.2631146907806396,16.98,"[0.8539999999999999, 0.844]",5770263.0,"[8.54, 8.44]",0.004792963940164317,2.204763412475586,14.48,"[0.7229999999999999, 0.725]",5771263.0,"[7.229999999999999, 7.25]",0.005093821235325025,2.3431577682495117,17.08,"[0.725, 0.9829999999999999]",5772263.0,"[7.25, 9.829999999999998]",0.005143590077109959,2.366051435470581,17.02,"[0.85, 0.852]",5773263.0,"[8.5, 8.52]",0.004530024528503418,2.0838112831115723,8.308333333333332,0.8730295273102483,0.004859988585762356,0.00021777397237369682,2.2355947494506836,0.10017602729190049,COMPLETE
577,16.008333333333333,2025-06-13 17:24:27.006357,2025-06-13 17:24:30.609938,0 days 00:00:03.603581,37,0.8222946498860557,0.02507104246151296,0.9767893180914772,0.08625125125649943,494,5778267.0,16.008333333333333,2.687603744767612,0.8006666666666665,0.09648776548811203,490.0,6.0,18.259999999999998,"[0.8460000000000001, 0.9799999999999999]",5778267.0,"[8.46, 9.799999999999999]",0.005061885775352011,2.4803240299224854,12.999999999999996,"[0.717, 0.583]",5779267.0,"[7.17, 5.83]",0.0057117082634750675,2.798737049102783,19.38,"[0.9720000000000001, 0.966]",5780267.0,"[9.72, 9.66]",0.005056817190987723,2.4778404235839844,18.27,"[0.844, 0.9830000000000002]",5781267.0,"[8.44, 9.830000000000002]",0.005017841105558435,2.458742141723633,12.919999999999998,"[0.716, 0.5759999999999998]",5782267.0,"[7.16, 5.759999999999998]",0.005431458414817343,2.661414623260498,14.219999999999999,"[0.7089999999999999, 0.7130000000000001]",5783267.0,"[7.089999999999998, 7.130000000000001]",0.005346973088322854,2.6200168132781982,8.006666666666666,0.96487765488112,0.005271113973085572,0.00025147397779638666,2.58284584681193,0.12322224912022953,COMPLETE
578,14.6,2025-06-13 17:24:30.719682,2025-06-13 17:24:34.792409,0 days 00:00:04.072727,46,0.8479278735747923,0.027176920514825398,0.93631413108311,0.011675647342072559,451,5788270.0,14.6,1.0625441167311613,0.8136666666666666,0.05199893161295615,450.0,6.0,13.949999999999998,"[0.698, 0.6969999999999998]",5788270.0,"[6.9799999999999995, 6.969999999999999]",0.006004335085550944,2.701950788497925,16.630000000000003,"[0.829, 0.834]",5789270.0,"[8.29, 8.34]",0.00584051767985026,2.628232955932617,15.4,"[0.841, 0.6990000000000001]",5790270.0,"[8.41, 6.99]",0.005174258550008138,2.328416347503662,13.919999999999998,"[0.8450000000000001, 0.5469999999999999]",5791270.0,"[8.450000000000001, 5.469999999999999]",0.005357502831353082,2.4108762741088867,13.809999999999997,"[0.8319999999999999, 0.549]",5792270.0,"[8.319999999999999, 5.49]",0.006634452607896593,2.985503673553467,13.889999999999999,"[0.8370000000000001, 0.5519999999999998]",5793270.0,"[8.370000000000001, 5.519999999999998]",0.0058967632717556425,2.653543472290039,8.136666666666668,0.5199893161295617,0.005817971671069111,0.00047160842088293987,2.6180872519810996,0.21222378939732292,COMPLETE
579,15.231666666666664,2025-06-13 17:24:34.934321,2025-06-13 17:24:38.575716,0 days 00:00:03.641395,28,0.9633187183504085,0.17075660209088675,0.9033633157519221,0.06234307894135935,439,5798275.0,15.231666666666664,2.8337455582477573,0.7505000000000001,0.13147211364645614,430.0,6.0,16.95,"[0.8469999999999999, 0.8480000000000001]",5798275.0,"[8.469999999999999, 8.48]",0.006039320036422375,2.596907615661621,14.57,"[0.729, 0.728]",5799275.0,"[7.29, 7.279999999999999]",0.005382352651551713,2.3144116401672363,17.14,"[0.8550000000000001, 0.859]",5800275.0,"[8.55, 8.59]",0.0050868550012278,2.187347650527954,9.669999999999998,"[0.4819999999999999, 0.485]",5801275.0,"[4.8199999999999985, 4.85]",0.0063586196234059885,2.734206438064575,14.68,"[0.736, 0.732]",5802275.0,"[7.359999999999999, 7.32]",0.005614359434260878,2.4141745567321777,18.380000000000003,"[0.8540000000000001, 0.984]",5803275.0,"[8.540000000000001, 9.84]",0.005284119206805562,2.2721712589263916,7.504999999999999,1.3147211364645615,0.0056276043256123865,0.00044245693982138785,2.419869860013326,0.19025648412319685,COMPLETE
580,16.069999999999997,2025-06-13 17:24:38.655361,2025-06-13 17:24:41.897454,0 days 00:00:03.242093,36,0.8263784697301346,0.08588944629768314,0.9675163640526008,0.04911110911573899,354,5808278.0,16.069999999999997,2.3451083841335216,0.717,0.20231905496022862,350.0,6.0,11.7,"[0.3189999999999999, 0.851]",5808278.0,"[3.189999999999999, 8.51]",0.006408250672476632,2.2428877353668213,16.94,"[0.851, 0.843]",5809278.0,"[8.51, 8.43]",0.006209497451782227,2.1733241081237793,17.049999999999997,"[0.853, 0.8520000000000001]",5810278.0,"[8.53, 8.520000000000001]",0.0051184449877057754,1.7914557456970215,18.16,"[0.8419999999999999, 0.974]",5811278.0,"[8.419999999999998, 9.74]",0.006306850569588797,2.207397699356079,18.250000000000004,"[0.851, 0.974]",5812278.0,"[8.51, 9.74]",0.005375189781188965,1.8813164234161377,14.319999999999999,"[0.586, 0.8460000000000001]",5813278.0,"[5.859999999999999, 8.46]",0.007042986324855259,2.465045213699341,7.169999999999999,2.023190549602286,0.00607686996459961,0.0006486664063368026,2.1269044876098633,0.2270332422178809,COMPLETE
581,15.475000000000001,2025-06-13 17:24:46.607060,2025-06-13 17:24:50.209324,0 days 00:00:03.602264,27,0.808424764988478,0.04018429717893375,0.9730505179194195,0.07818490729441104,473,5818286.0,15.475000000000001,1.3382420060163507,0.7936666666666667,0.09258989625703704,470.0,6.0,16.95,"[0.851, 0.8440000000000001]",5818286.0,"[8.51, 8.440000000000001]",0.005265173506229482,2.4746315479278564,13.370000000000001,"[0.7270000000000001, 0.61]",5819286.0,"[7.270000000000001, 6.1]",0.005471648053920015,2.5716745853424072,14.74,"[0.735, 0.7390000000000001]",5820286.0,"[7.35, 7.390000000000001]",0.004948029619582156,2.3255739212036133,14.7,"[0.7370000000000001, 0.7329999999999999]",5821286.0,"[7.370000000000001, 7.329999999999998]",0.005069568309378117,2.382697105407715,15.95,"[0.7350000000000001, 0.86]",5822286.0,"[7.350000000000001, 8.6]",0.004755274792934986,2.2349791526794434,17.14,"[0.977, 0.7370000000000001]",5823286.0,"[9.77, 7.370000000000001]",0.005121293981024559,2.407008171081543,7.936666666666667,0.9258989625703703,0.005105164710511552,0.00022677246454945663,2.3994274139404297,0.1065830583382447,COMPLETE
582,16.253333333333334,2025-06-13 17:24:50.354891,2025-06-13 17:24:54.506975,0 days 00:00:04.152084,47,0.8648435459627382,0.10592862597808411,0.9696680088349148,0.023205586619051935,480,5828290.0,16.253333333333334,2.5144824959069063,0.7651666666666667,0.13504001464586543,480.0,6.0,12.419999999999998,"[0.5509999999999999, 0.691]",5828290.0,"[5.51, 6.909999999999999]",0.006843701998392741,3.2849769592285156,15.360000000000001,"[0.694, 0.842]",5829290.0,"[6.9399999999999995, 8.42]",0.0057978009184201556,2.782944440841675,14.0,"[0.6970000000000001, 0.7030000000000001]",5830290.0,"[6.970000000000001, 7.030000000000001]",0.006200839579105377,2.976402997970581,19.44,"[0.9729999999999999, 0.9709999999999999]",5831290.0,"[9.729999999999999, 9.709999999999999]",0.00545759250720342,2.6196444034576416,18.240000000000002,"[0.842, 0.982]",5832290.0,"[8.42, 9.82]",0.0052209973335266115,2.5060787200927734,18.06,"[0.834, 0.9719999999999999]",5833290.0,"[8.34, 9.719999999999999]",0.0053898250063260395,2.587116003036499,7.651666666666666,1.3504001464586544,0.005818459557162391,0.0005580736269263447,2.7928605874379477,0.26787534092464543,COMPLETE
583,15.418333333333331,2025-06-13 17:24:54.590039,2025-06-13 17:24:58.275445,0 days 00:00:03.685406,34,0.8376182239682882,0.03817345714216928,0.9108395782911825,0.06913446006519433,441,5838294.0,15.418333333333331,0.8999521592223038,0.8244999999999999,0.08793700396685492,440.0,6.0,15.659999999999997,"[0.8479999999999999, 0.718]",5838294.0,"[8.479999999999999, 7.18]",0.005162096023559571,2.271322250366211,16.869999999999997,"[0.843, 0.844]",5839294.0,"[8.43, 8.44]",0.005710762739181518,2.512735605239868,14.33,"[0.718, 0.715]",5840294.0,"[7.18, 7.1499999999999995]",0.005566980080171065,2.4494712352752686,15.61,"[0.8480000000000001, 0.7129999999999999]",5841294.0,"[8.48, 7.129999999999999]",0.0057284718210046945,2.5205276012420654,14.260000000000002,"[0.9729999999999999, 0.45299999999999996]",5842294.0,"[9.729999999999999, 4.529999999999999]",0.0064619925889101894,2.8432767391204834,15.780000000000001,"[0.7170000000000001, 0.861]",5843294.0,"[7.170000000000001, 8.61]",0.00521501898765564,2.2946083545684814,8.245,0.8793700396685492,0.005640887040080447,0.00042872576778823,2.4819902976353965,0.18863933782682127,COMPLETE
584,17.645,2025-06-13 17:24:58.366373,2025-06-13 17:25:02.164965,0 days 00:00:03.798592,35,0.9055777499083582,0.032170936851055085,0.9687893447026943,0.05710790347977598,452,5848298.0,17.645,1.2916881718639883,0.8688333333333333,0.09373796219011565,450.0,6.0,16.91,"[0.8400000000000001, 0.851]",5848298.0,"[8.4, 8.51]",0.005755965974595811,2.5901846885681152,16.950000000000003,"[0.8489999999999999, 0.8459999999999999]",5849298.0,"[8.489999999999998, 8.459999999999999]",0.0057988595962524415,2.6094868183135986,18.41,"[0.9869999999999999, 0.8539999999999999]",5850298.0,"[9.87, 8.54]",0.004669830534193251,2.101423740386963,15.65,"[0.7129999999999999, 0.852]",5851298.0,"[7.129999999999999, 8.52]",0.005557394557529026,2.5008275508880615,18.31,"[0.843, 0.9879999999999999]",5852298.0,"[8.43, 9.879999999999999]",0.005284163686964247,2.377873659133911,19.64,"[0.9809999999999999, 0.983]",5853298.0,"[9.809999999999999, 9.83]",0.004717195828755696,2.1227381229400635,8.688333333333333,0.9373796219011566,0.005297235029715079,0.0004582570241522491,2.3837557633717856,0.20621566086851212,COMPLETE
585,17.408333333333335,2025-06-13 17:25:02.306005,2025-06-13 17:25:05.854998,0 days 00:00:03.548993,35,0.9205485520365968,0.028259377628644288,0.9390319182437357,0.0580948630397028,462,5858302.0,17.408333333333335,1.2514979912977184,0.8298333333333333,0.1403904278155111,460.0,6.0,18.29,"[0.984, 0.8450000000000001]",5858302.0,"[9.84, 8.450000000000001]",0.004952299076577892,2.27805757522583,17.07,"[0.724, 0.9830000000000002]",5859302.0,"[7.24, 9.830000000000002]",0.005269765335580577,2.4240920543670654,16.93,"[0.852, 0.841]",5860302.0,"[8.52, 8.41]",0.005546057224273681,2.5511863231658936,15.639999999999997,"[0.586, 0.978]",5861302.0,"[5.859999999999999, 9.78]",0.005783846067345661,2.660569190979004,16.900000000000002,"[0.852, 0.8379999999999999]",5862302.0,"[8.52, 8.379999999999999]",0.005577747718147609,2.5657639503479004,19.62,"[0.9810000000000001, 0.9810000000000001]",5863302.0,"[9.81, 9.81]",0.00497819185256958,2.289968252182007,8.298333333333334,1.4039042781551108,0.0053513178790825,0.00031127811037503594,2.46160622437795,0.1431879307725166,COMPLETE
586,17.005,2025-06-13 17:25:10.637610,2025-06-13 17:25:13.781784,0 days 00:00:03.144174,35,0.9003403781347641,0.03280447618389277,0.974998502786016,0.0636340844026,452,5868310.0,17.005,1.4750790939245708,0.8276666666666667,0.08854314704644783,450.0,6.0,14.41,"[0.7210000000000001, 0.72]",5868310.0,"[7.210000000000001, 7.199999999999999]",0.004975255330403646,2.2388648986816406,18.22,"[0.9809999999999999, 0.841]",5869310.0,"[9.809999999999999, 8.41]",0.0047995169957478845,2.159782648086548,15.730000000000002,"[0.8540000000000001, 0.7190000000000001]",5870310.0,"[8.540000000000001, 7.190000000000001]",0.0051703903410169815,2.3266756534576416,18.310000000000002,"[0.843, 0.9880000000000001]",5871310.0,"[8.43, 9.88]",0.005193461312188043,2.337057590484619,18.23,"[0.844, 0.9790000000000001]",5872310.0,"[8.44, 9.790000000000001]",0.005024035241868761,2.2608158588409424,17.13,"[0.7229999999999999, 0.99]",5873310.0,"[7.229999999999999, 9.9]",0.005222483740912543,2.3501176834106445,8.276666666666666,0.8854314704644785,0.0050641904936896435,0.00014867193875229553,2.2788857221603394,0.06690237243853304,COMPLETE
587,13.955,2025-06-13 17:25:13.867535,2025-06-13 17:25:17.541135,0 days 00:00:03.673600,36,0.890429444678687,0.02151054516292035,0.9797121935969066,0.0003500003741725052,459,5878314.0,13.955,1.461514625311701,0.6539999999999999,0.12726743495490117,450.0,6.0,13.079999999999997,"[0.724, 0.584]",5878314.0,"[7.24, 5.84]",0.005658230251736111,2.54620361328125,14.410000000000002,"[0.7209999999999999, 0.72]",5879314.0,"[7.209999999999999, 7.199999999999999]",0.00519700633154975,2.3386528491973877,15.760000000000002,"[0.586, 0.99]",5880314.0,"[5.859999999999999, 9.9]",0.005410449239942762,2.434702157974243,12.990000000000002,"[0.585, 0.714]",5881314.0,"[5.85, 7.14]",0.005895152621799045,2.6528186798095703,15.690000000000001,"[0.852, 0.7169999999999999]",5882314.0,"[8.52, 7.169999999999998]",0.005517013867696126,2.482656240463257,11.8,"[0.45599999999999996, 0.724]",5883314.0,"[4.56, 7.24]",0.005691547923617893,2.5611965656280518,6.539999999999999,1.2726743495490116,0.005561566706056949,0.00022182734720009654,2.5027050177256265,0.09982230624004335,COMPLETE
