number,value,datetime_start,datetime_complete,duration,params_episode_length,params_epsilon_max,params_epsilon_min,params_gamma,params_learning_rate,params_num_episodes,user_attrs_base_seed,user_attrs_collective_reward_mean,user_attrs_collective_reward_std,user_attrs_individual_reward_agent0_mean,user_attrs_individual_reward_agent0_std,user_attrs_num_episodes_mean,user_attrs_num_parallel_runs,user_attrs_run_0_collective_reward,user_attrs_run_0_individual_rewards,user_attrs_run_0_seed,user_attrs_run_0_total_individual_rewards,user_attrs_run_0_training_time_per_episode,user_attrs_run_0_training_time_total,user_attrs_run_1_collective_reward,user_attrs_run_1_individual_rewards,user_attrs_run_1_seed,user_attrs_run_1_total_individual_rewards,user_attrs_run_1_training_time_per_episode,user_attrs_run_1_training_time_total,user_attrs_run_2_collective_reward,user_attrs_run_2_individual_rewards,user_attrs_run_2_seed,user_attrs_run_2_total_individual_rewards,user_attrs_run_2_training_time_per_episode,user_attrs_run_2_training_time_total,user_attrs_run_3_collective_reward,user_attrs_run_3_individual_rewards,user_attrs_run_3_seed,user_attrs_run_3_total_individual_rewards,user_attrs_run_3_training_time_per_episode,user_attrs_run_3_training_time_total,user_attrs_run_4_collective_reward,user_attrs_run_4_individual_rewards,user_attrs_run_4_seed,user_attrs_run_4_total_individual_rewards,user_attrs_run_4_training_time_per_episode,user_attrs_run_4_training_time_total,user_attrs_run_5_collective_reward,user_attrs_run_5_individual_rewards,user_attrs_run_5_seed,user_attrs_run_5_total_individual_rewards,user_attrs_run_5_training_time_per_episode,user_attrs_run_5_training_time_total,user_attrs_total_individual_reward_agent0_mean,user_attrs_total_individual_reward_agent0_std,user_attrs_training_time_per_episode_mean,user_attrs_training_time_per_episode_std,user_attrs_training_time_total_mean,user_attrs_training_time_total_std,state
588,16.073333333333334,2025-06-13 17:25:17.618142,2025-06-13 17:25:21.291143,0 days 00:00:03.673001,34,0.9354066497615505,0.033322333901086944,0.9415879381003786,0.07820232432634859,465,5888317.0,16.073333333333334,1.978515155924317,0.7616666666666667,0.12706516263537998,460.0,6.0,15.63,"[0.719, 0.8440000000000001]",5888317.0,"[7.1899999999999995, 8.440000000000001]",0.006040086953536324,2.778439998626709,12.979999999999999,"[0.5820000000000001, 0.716]",5889317.0,"[5.82, 7.16]",0.006236240656479545,2.868670701980591,15.65,"[0.8480000000000001, 0.717]",5890317.0,"[8.48, 7.17]",0.005457043129464855,2.510239839553833,15.66,"[0.719, 0.8470000000000001]",5891317.0,"[7.1899999999999995, 8.47]",0.00534687560537587,2.4595627784729004,19.64,"[0.9880000000000001, 0.976]",5892317.0,"[9.88, 9.76]",0.00451247847598532,2.075740098953247,16.880000000000003,"[0.714, 0.9739999999999999]",5893317.0,"[7.14, 9.739999999999998]",0.005624540992405103,2.5872888565063477,7.616666666666667,1.2706516263537997,0.005536210968874504,0.0005540575193018172,2.5466570456822715,0.25486645887883597,COMPLETE
589,15.688333333333333,2025-06-13 17:25:21.371643,2025-06-13 17:25:25.182788,0 days 00:00:03.811145,36,0.8736214567574256,0.03662067134176017,0.9824798768492514,0.05334625190274977,451,5898321.0,15.688333333333333,4.845738391159345,0.7391666666666664,0.25801641851289664,450.0,6.0,18.27,"[0.9789999999999999, 0.8479999999999999]",5898321.0,"[9.79, 8.479999999999999]",0.005065847502814399,2.2796313762664795,18.41,"[0.8539999999999999, 0.9870000000000001]",5899321.0,"[8.54, 9.870000000000001]",0.004673176341586643,2.1029293537139893,5.079999999999998,"[0.1879999999999999, 0.31999999999999995]",5900321.0,"[1.879999999999999, 3.1999999999999993]",0.00667230765024821,3.0025384426116943,18.34,"[0.8470000000000001, 0.9870000000000001]",5901321.0,"[8.47, 9.870000000000001]",0.004696974754333496,2.1136386394500732,18.38,"[0.852, 0.986]",5902321.0,"[8.52, 9.86]",0.004681430922614203,2.1066439151763916,15.650000000000002,"[0.7149999999999999, 0.85]",5903321.0,"[7.149999999999999, 8.5]",0.005292026731703017,2.3814120292663574,7.391666666666667,2.5801641851289663,0.005180293983883329,0.0007060827523815192,2.3311322927474976,0.31773723857168357,COMPLETE
590,15.42,2025-06-13 17:25:25.274544,2025-06-13 17:25:29.061264,0 days 00:00:03.786720,37,0.9476215227140941,0.029021629659348094,0.9716844502407228,0.08993221844008116,480,5908325.0,15.42,2.6435834265884877,0.7598333333333334,0.14844911211889716,480.0,6.0,11.6,"[0.581, 0.5789999999999998]",5908325.0,"[5.81, 5.789999999999998]",0.0059755350152651465,2.8682568073272705,12.889999999999999,"[0.707, 0.5819999999999999]",5909325.0,"[7.069999999999999, 5.8199999999999985]",0.006122751037279764,2.938920497894287,16.97,"[0.85, 0.8469999999999999]",5910325.0,"[8.5, 8.469999999999999]",0.005625506738821665,2.7002432346343994,18.39,"[0.849, 0.99]",5911325.0,"[8.49, 9.9]",0.004915077984333038,2.3592374324798584,18.339999999999996,"[0.9860000000000001, 0.8480000000000001]",5912325.0,"[9.860000000000001, 8.48]",0.005383506417274475,2.584083080291748,14.33,"[0.586, 0.8470000000000001]",5913325.0,"[5.859999999999999, 8.47]",0.005799306929111481,2.7836673259735107,7.598333333333333,1.4844911211889718,0.005636947353680928,0.00040051342832813047,2.7057347297668457,0.19224644559750265,COMPLETE
591,17.173333333333332,2025-06-13 17:25:33.868292,2025-06-13 17:25:37.516180,0 days 00:00:03.647888,35,0.9076601394775604,0.030148131030670315,0.9762654078198159,0.07101227066590164,491,5918334.0,17.173333333333332,2.756360321551271,0.9144999999999999,0.10037886563747703,490.0,6.0,19.58,"[0.975, 0.983]",5918334.0,"[9.75, 9.83]",0.005123188544292839,2.510362386703491,18.32,"[0.853, 0.9789999999999999]",5919334.0,"[8.53, 9.79]",0.005324621103247817,2.6090643405914307,11.669999999999998,"[0.716, 0.45099999999999996]",5920334.0,"[7.16, 4.51]",0.0056304936506310285,2.758941888809204,19.42,"[0.969, 0.9730000000000001]",5921334.0,"[9.69, 9.73]",0.005417045768426389,2.6543524265289307,15.780000000000001,"[0.9950000000000001, 0.583]",5922334.0,"[9.950000000000001, 5.83]",0.00516603236295739,2.531355857849121,18.27,"[0.9789999999999999, 0.8479999999999999]",5923334.0,"[9.79, 8.479999999999999]",0.005111226743581344,2.5045011043548584,9.145000000000001,1.0037886563747702,0.005295434695522801,0.00018630256425692778,2.594763000806173,0.09128825648589467,COMPLETE
592,14.985000000000001,2025-06-13 17:25:37.598603,2025-06-13 17:25:41.332996,0 days 00:00:03.734393,35,0.916184339251116,0.043394349586229154,0.9697053636781581,0.059897103000750025,500,5928337.0,14.985000000000001,0.6418657699758311,0.6965,0.093049717893178,500.0,6.0,15.64,"[0.584, 0.9800000000000001]",5928337.0,"[5.84, 9.8]",0.005742661952972412,2.871330976486206,14.420000000000002,"[0.8540000000000001, 0.5879999999999999]",5929337.0,"[8.540000000000001, 5.879999999999999]",0.0054987802505493165,2.749390125274658,15.580000000000002,"[0.583, 0.975]",5930337.0,"[5.83, 9.75]",0.005663537979125976,2.8317689895629883,14.4,"[0.724, 0.716]",5931337.0,"[7.24, 7.16]",0.00550394344329834,2.75197172164917,14.220000000000002,"[0.715, 0.7070000000000001]",5932337.0,"[7.1499999999999995, 7.07]",0.005678738594055176,2.839369297027588,15.650000000000002,"[0.719, 0.8460000000000001]",5933337.0,"[7.1899999999999995, 8.46]",0.0054623885154724125,2.731194257736206,6.965,0.9304971789317797,0.005591675122578938,0.00010691326137323679,2.7958375612894693,0.05345663068661842,COMPLETE
593,13.106666666666664,2025-06-13 17:25:41.426063,2025-06-13 17:25:45.372068,0 days 00:00:03.946005,38,0.8824493007664357,0.036334845667461306,0.9458897008806723,0.015436926013318551,468,5938341.0,13.106666666666664,2.5870360560988632,0.6225,0.2402177831330007,460.0,6.0,11.599999999999998,"[0.44799999999999995, 0.712]",5938341.0,"[4.4799999999999995, 7.119999999999999]",0.006061709963757059,2.788386583328247,14.189999999999998,"[0.4379999999999999, 0.9810000000000001]",5939341.0,"[4.379999999999999, 9.81]",0.0061598487522291105,2.8335304260253906,11.45,"[0.8460000000000001, 0.29899999999999993]",5940341.0,"[8.46, 2.9899999999999993]",0.006737514164136804,3.0992565155029297,10.26,"[0.31099999999999994, 0.715]",5941341.0,"[3.1099999999999994, 7.1499999999999995]",0.006047572778618854,2.781883478164673,12.95,"[0.7139999999999999, 0.581]",5942341.0,"[7.139999999999999, 5.81]",0.005232041815052862,2.4067392349243164,18.19,"[0.978, 0.841]",5943341.0,"[9.78, 8.41]",0.005220783275106678,2.4015603065490723,6.2250000000000005,2.4021778313300066,0.005909911791483562,0.0005360026774004332,2.718559424082438,0.2465612316041992,COMPLETE
594,17.41666666666667,2025-06-13 17:25:45.461372,2025-06-13 17:25:49.012007,0 days 00:00:03.550635,34,0.9762426559181955,0.025871390351204976,0.9336758471848703,0.07663068271818904,458,5948345.0,17.41666666666667,2.2319772002021496,0.9158333333333334,0.06493950176039927,450.0,6.0,15.719999999999999,"[0.8560000000000001, 0.716]",5948345.0,"[8.56, 7.16]",0.005391204622056749,2.426042079925537,19.570000000000004,"[0.983, 0.974]",5949345.0,"[9.83, 9.74]",0.005029138988918728,2.2631125450134277,15.59,"[0.8459999999999999, 0.713]",5950345.0,"[8.459999999999999, 7.13]",0.005637373924255371,2.536818265914917,19.660000000000004,"[0.9830000000000002, 0.983]",5951345.0,"[9.830000000000002, 9.83]",0.0048705169889662,2.19173264503479,14.370000000000001,"[0.851, 0.586]",5952345.0,"[8.51, 5.859999999999999]",0.00600475894080268,2.702141523361206,19.59,"[0.9760000000000002, 0.983]",5953345.0,"[9.760000000000002, 9.83]",0.005173921585083008,2.3282647132873535,9.158333333333333,0.6493950176039925,0.005351152508347123,0.00038228310814340506,2.408018628756205,0.1720273986645322,COMPLETE
595,14.935,2025-06-13 17:25:49.131799,2025-06-13 17:25:52.728113,0 days 00:00:03.596314,25,0.8559178126997079,0.039849342718877426,0.9892850272582621,0.05075904046443982,446,5958349.0,14.935,2.332171734671356,0.7368333333333333,0.18446536862571858,440.0,6.0,19.51,"[0.9710000000000001, 0.9800000000000001]",5958349.0,"[9.71, 9.8]",0.0049343656409870495,2.1711208820343018,12.32,"[0.37299999999999994, 0.859]",5959349.0,"[3.7299999999999995, 8.59]",0.005657322298396717,2.4892218112945557,13.6,"[0.867, 0.4929999999999999]",5960349.0,"[8.67, 4.929999999999999]",0.005610665408047763,2.4686927795410156,14.71,"[0.7389999999999999, 0.732]",5961349.0,"[7.389999999999999, 7.32]",0.0052822313525459985,2.3241817951202393,13.520000000000001,"[0.7369999999999999, 0.615]",5962349.0,"[7.369999999999999, 6.15]",0.005457146059383046,2.40114426612854,15.950000000000001,"[0.7340000000000001, 0.861]",5963349.0,"[7.340000000000001, 8.61]",0.005076300014149059,2.233572006225586,7.368333333333333,1.8446536862571856,0.005336338462251605,0.000266148484443244,2.3479889233907065,0.11710533315502737,COMPLETE
596,15.518333333333333,2025-06-13 17:25:57.764692,2025-06-13 17:26:01.468838,0 days 00:00:03.704146,33,0.9858736215551084,0.18424772196768507,0.9300079499543399,0.06598894753669639,475,5968357.0,15.518333333333333,4.203246430505302,0.7666666666666667,0.1831034922902589,470.0,6.0,10.479999999999999,"[0.586, 0.4619999999999999]",5968357.0,"[5.859999999999999, 4.619999999999999]",0.00609568585740759,2.8649723529815674,18.33,"[0.853, 0.9800000000000001]",5969357.0,"[8.53, 9.8]",0.005081791066108866,2.388441801071167,15.719999999999999,"[0.591, 0.9810000000000001]",5970357.0,"[5.91, 9.81]",0.005648046351493673,2.6545817852020264,19.52,"[0.9850000000000001, 0.967]",5971357.0,"[9.850000000000001, 9.67]",0.005636790965465789,2.649291753768921,19.76,"[0.994, 0.982]",5972357.0,"[9.94, 9.82]",0.00480352817697728,2.2576582431793213,9.299999999999999,"[0.591, 0.33899999999999986]",5973357.0,"[5.91, 3.389999999999999]",0.005960632385091579,2.801497220993042,7.666666666666667,1.8310349229025888,0.005537745800424129,0.00045808961373789884,2.602740526199341,0.21530211845681252,COMPLETE
597,15.228333333333332,2025-06-13 17:26:01.567651,2025-06-13 17:26:06.247719,0 days 00:00:04.680068,34,0.8867767527290469,0.09129075436085171,0.9372442366073436,0.0847529817057419,486,5978361.0,15.228333333333332,2.1880464396859183,0.7186666666666667,0.2490519802950559,480.0,6.0,18.29,"[0.9790000000000001, 0.85]",5978361.0,"[9.790000000000001, 8.5]",0.006415017942587534,3.0792086124420166,11.85,"[0.4629999999999999, 0.722]",5979361.0,"[4.629999999999999, 7.22]",0.0076981102426846824,3.6950929164886475,13.069999999999999,"[0.32399999999999995, 0.983]",5980361.0,"[3.2399999999999993, 9.83]",0.007419511179129283,3.5613653659820557,15.649999999999999,"[0.843, 0.722]",5981361.0,"[8.43, 7.22]",0.007102407515048981,3.4091556072235107,16.96,"[0.7240000000000001, 0.9720000000000001]",5982361.0,"[7.240000000000001, 9.72]",0.007810331384340922,3.7489590644836426,15.550000000000002,"[0.9790000000000001, 0.5759999999999998]",5983361.0,"[9.790000000000001, 5.759999999999998]",0.007038678228855133,3.378565549850464,7.1866666666666665,2.4905198029505593,0.007247342748774424,0.00046674425413286346,3.4787245194117227,0.22403724198377442,COMPLETE
598,18.246666666666666,2025-06-13 17:26:06.368660,2025-06-13 17:26:10.086520,0 days 00:00:03.717860,37,0.9558765783977174,0.1957429125849433,0.9440732091635642,0.05587515349015916,443,5988366.0,18.246666666666666,1.064341215128976,0.8903333333333334,0.09750840419619677,440.0,6.0,18.25,"[0.851, 0.974]",5988366.0,"[8.51, 9.74]",0.005689916285601529,2.503563165664673,18.349999999999998,"[0.853, 0.9820000000000002]",5989366.0,"[8.53, 9.820000000000002]",0.0055548044768246735,2.4441139698028564,17.009999999999998,"[0.7110000000000001, 0.99]",5990366.0,"[7.110000000000001, 9.9]",0.006091214851899581,2.6801345348358154,19.46,"[0.968, 0.9780000000000001]",5991366.0,"[9.68, 9.780000000000001]",0.0055729795585979115,2.452111005783081,16.83,"[0.977, 0.7059999999999998]",5992366.0,"[9.77, 7.059999999999999]",0.006537918611006303,2.8766841888427734,19.580000000000002,"[0.982, 0.976]",5993366.0,"[9.82, 9.76]",0.005740534717386419,2.5258352756500244,8.903333333333332,0.9750840419619676,0.005864561416886069,0.00034919778935584234,2.5804070234298706,0.15364702731657065,COMPLETE
599,14.87,2025-06-13 17:26:10.169596,2025-06-13 17:26:13.927373,0 days 00:00:03.757777,37,0.9504660298283185,0.03300084765873329,0.9446799504120805,0.060160201527146344,448,5998370.0,14.87,3.366353120712879,0.6869999999999999,0.16201131647717293,440.0,6.0,18.28,"[0.849, 0.9789999999999999]",5998370.0,"[8.49, 9.79]",0.005644829164851796,2.48372483253479,8.799999999999999,"[0.44399999999999995, 0.43599999999999983]",5999370.0,"[4.4399999999999995, 4.3599999999999985]",0.006325546177950773,2.78324031829834,18.21,"[0.8390000000000001, 0.982]",6000370.0,"[8.39, 9.82]",0.005702893842350353,2.5092732906341553,16.9,"[0.841, 0.849]",6001370.0,"[8.41, 8.49]",0.0064407169818878176,2.8339154720306396,12.979999999999999,"[0.5799999999999998, 0.7179999999999999]",6002370.0,"[5.799999999999999, 7.179999999999999]",0.0059938799251209604,2.6373071670532227,14.049999999999997,"[0.5689999999999998, 0.836]",6003370.0,"[5.689999999999999, 8.36]",0.006652078845284202,2.926914691925049,6.87,1.6201131647717293,0.006126657489574317,0.00037497149246041943,2.6957292954126992,0.16498745668258463,COMPLETE
600,17.53333333333333,2025-06-13 17:26:14.010354,2025-06-13 17:26:17.682143,0 days 00:00:03.671789,38,0.9577724880721459,0.15414318612964,0.9459195588084333,0.0691349876084976,457,6008374.0,17.53333333333333,2.1466226703565963,0.9081666666666668,0.10050939701783558,450.0,6.0,18.19,"[0.9710000000000001, 0.8479999999999999]",6008374.0,"[9.71, 8.479999999999999]",0.005902923478020562,2.656315565109253,18.239999999999995,"[0.976, 0.8480000000000001]",6009374.0,"[9.76, 8.48]",0.005754134390089247,2.589360475540161,19.54,"[0.9720000000000002, 0.982]",6010374.0,"[9.720000000000002, 9.82]",0.005646337403191461,2.5408518314361572,18.209999999999997,"[0.844, 0.9770000000000001]",6011374.0,"[8.44, 9.770000000000001]",0.006073219511244032,2.7329487800598145,12.860000000000001,"[0.71, 0.576]",6012374.0,"[7.1, 5.76]",0.006112617916531033,2.750678062438965,18.16,"[0.976, 0.8400000000000001]",6013374.0,"[9.76, 8.4]",0.005670183499654134,2.5515825748443604,9.081666666666667,1.0050939701783559,0.005859902699788411,0.0001843955333557527,2.636956214904785,0.08297799001008868,COMPLETE
