number,value,datetime_start,datetime_complete,duration,params_episode_length,params_epsilon_max,params_epsilon_min,params_gamma,params_learning_rate,params_num_episodes,user_attrs_base_seed,user_attrs_collective_reward_mean,user_attrs_collective_reward_std,user_attrs_individual_reward_agent0_mean,user_attrs_individual_reward_agent0_std,user_attrs_num_episodes_mean,user_attrs_num_parallel_runs,user_attrs_run_0_collective_reward,user_attrs_run_0_individual_rewards,user_attrs_run_0_seed,user_attrs_run_0_total_individual_rewards,user_attrs_run_0_training_time_per_episode,user_attrs_run_0_training_time_total,user_attrs_run_1_collective_reward,user_attrs_run_1_individual_rewards,user_attrs_run_1_seed,user_attrs_run_1_total_individual_rewards,user_attrs_run_1_training_time_per_episode,user_attrs_run_1_training_time_total,user_attrs_run_2_collective_reward,user_attrs_run_2_individual_rewards,user_attrs_run_2_seed,user_attrs_run_2_total_individual_rewards,user_attrs_run_2_training_time_per_episode,user_attrs_run_2_training_time_total,user_attrs_run_3_collective_reward,user_attrs_run_3_individual_rewards,user_attrs_run_3_seed,user_attrs_run_3_total_individual_rewards,user_attrs_run_3_training_time_per_episode,user_attrs_run_3_training_time_total,user_attrs_run_4_collective_reward,user_attrs_run_4_individual_rewards,user_attrs_run_4_seed,user_attrs_run_4_total_individual_rewards,user_attrs_run_4_training_time_per_episode,user_attrs_run_4_training_time_total,user_attrs_run_5_collective_reward,user_attrs_run_5_individual_rewards,user_attrs_run_5_seed,user_attrs_run_5_total_individual_rewards,user_attrs_run_5_training_time_per_episode,user_attrs_run_5_training_time_total,user_attrs_total_individual_reward_agent0_mean,user_attrs_total_individual_reward_agent0_std,user_attrs_training_time_per_episode_mean,user_attrs_training_time_per_episode_std,user_attrs_training_time_total_mean,user_attrs_training_time_total_std,state
302,14.409999999999998,2025-06-13 16:47:22.955152,2025-06-13 16:47:26.505834,0 days 00:00:03.550682,33,0.7714477967799928,0.07896470118170038,0.9383969380286292,0.08762667640821802,463,3026043.0,14.409999999999998,2.6827721980568286,0.7428333333333335,0.1409058984649764,460.0,6.0,14.52,"[0.8560000000000001, 0.5959999999999999]",3026043.0,"[8.56, 5.959999999999999]",0.005200381382651951,2.3921754360198975,10.45,"[0.45699999999999996, 0.5879999999999999]",3027043.0,"[4.569999999999999, 5.879999999999999]",0.005840904816337254,2.6868162155151367,18.14,"[0.8510000000000002, 0.9630000000000001]",3028043.0,"[8.510000000000002, 9.63]",0.004816033529198688,2.2153754234313965,17.06,"[0.852, 0.8540000000000001]",3029043.0,"[8.52, 8.540000000000001]",0.0048437693844670835,2.2281339168548584,11.85,"[0.7219999999999999, 0.4629999999999999]",3030043.0,"[7.219999999999999, 4.629999999999999]",0.0058002575584079905,2.668118476867676,14.44,"[0.719, 0.725]",3031043.0,"[7.1899999999999995, 7.25]",0.005133907691292141,2.3615975379943848,7.428333333333332,1.4090589846497639,0.005272542393725851,0.000411945094960277,2.4253695011138916,0.18949474368172747,COMPLETE
303,16.061666666666667,2025-06-13 16:47:26.585459,2025-06-13 16:47:28.944013,0 days 00:00:02.358554,35,0.7500585547354774,0.0763761489200231,0.9358079152489215,0.07236944145179923,158,3036046.0,16.061666666666667,2.374239644368042,0.7818333333333333,0.1815226493367211,150.0,6.0,13.020000000000003,"[0.4580000000000001, 0.844]",3036046.0,"[4.580000000000001, 8.44]",0.009413595199584962,1.4120392799377441,17.02,"[0.7139999999999999, 0.9880000000000001]",3037046.0,"[7.139999999999999, 9.88]",0.008415775299072266,1.2623662948608398,19.57,"[0.9799999999999999, 0.9770000000000001]",3038046.0,"[9.799999999999999, 9.770000000000001]",0.007916816075642904,1.1875224113464355,16.919999999999998,"[0.9790000000000001, 0.713]",3039046.0,"[9.790000000000001, 7.13]",0.009094443321228027,1.364166498184204,16.919999999999998,"[0.851, 0.841]",3040046.0,"[8.51, 8.41]",0.008466335932413737,1.2699503898620605,12.919999999999998,"[0.709, 0.5830000000000001]",3041046.0,"[7.09, 5.830000000000001]",0.00911034901936849,1.3665523529052734,7.8183333333333325,1.815226493367211,0.008736219141218398,0.0005121976570874096,1.3104328711827595,0.0768296485631114,COMPLETE
304,13.37833333333333,2025-06-13 16:47:29.018727,2025-06-13 16:47:32.576393,0 days 00:00:03.557666,33,0.7936402638484553,0.08217249051121656,0.9333405505503559,0.0011009093779198375,475,3046049.0,13.37833333333333,2.963125695762651,0.615,0.11644455046644882,470.0,6.0,9.229999999999999,"[0.46399999999999986, 0.4589999999999999]",3046049.0,"[4.639999999999999, 4.589999999999999]",0.005400454237105999,2.5382134914398193,15.76,"[0.722, 0.8540000000000001]",3047049.0,"[7.22, 8.540000000000001]",0.0042721910679594,2.007929801940918,9.249999999999998,"[0.46499999999999986, 0.45999999999999985]",3048049.0,"[4.649999999999999, 4.599999999999999]",0.004691795592612408,2.205143928527832,15.75,"[0.724, 0.851]",3049049.0,"[7.24, 8.51]",0.004703421288348259,2.2106080055236816,14.46,"[0.5900000000000001, 0.8559999999999999]",3050049.0,"[5.9, 8.559999999999999]",0.005290705092409823,2.486631393432617,15.819999999999999,"[0.725, 0.8569999999999999]",3051049.0,"[7.25, 8.569999999999999]",0.004530242148866045,2.129213809967041,6.1499999999999995,1.1644455046644884,0.004814801571216988,0.00040257700460599017,2.262956738471985,0.1892111921648154,COMPLETE
305,16.28,2025-06-13 16:47:32.714239,2025-06-13 16:47:36.332783,0 days 00:00:03.618544,38,0.7779239448100328,0.08703903960815275,0.9675094512636532,0.08522432149339473,454,3056052.0,16.28,3.178484964046026,0.8716666666666667,0.1431778226154068,450.0,6.0,16.990000000000002,"[0.8550000000000001, 0.844]",3056052.0,"[8.55, 8.44]",0.005033774375915527,2.2651984691619873,18.32,"[0.9870000000000001, 0.8450000000000001]",3057052.0,"[9.870000000000001, 8.450000000000001]",0.004346530702379015,1.9559388160705566,19.630000000000003,"[0.9799999999999999, 0.9829999999999999]",3058052.0,"[9.799999999999999, 9.829999999999998]",0.00415721681382921,1.8707475662231445,14.3,"[0.853, 0.5770000000000001]",3059052.0,"[8.53, 5.7700000000000005]",0.005695981449551053,2.5631916522979736,18.24,"[0.977, 0.8469999999999999]",3060052.0,"[9.77, 8.469999999999999]",0.005138744778103299,2.3124351501464844,10.2,"[0.578, 0.442]",3061052.0,"[5.779999999999999, 4.42]",0.005713944435119629,2.571274995803833,8.716666666666667,1.431778226154068,0.005014365425816289,0.0005986881611140923,2.25646444161733,0.2694096725013415,COMPLETE
306,16.601666666666667,2025-06-13 16:47:39.329233,2025-06-13 16:47:42.515203,0 days 00:00:03.185970,32,0.8094251240185356,0.07382131470387782,0.9523373141032513,0.07336715818498989,468,3066059.0,16.601666666666667,1.8558862812383967,0.7881666666666666,0.12146112775516107,460.0,6.0,17.04,"[0.8559999999999999, 0.8479999999999999]",3066059.0,"[8.559999999999999, 8.479999999999999]",0.004723351934681768,2.1727418899536133,13.21,"[0.594, 0.727]",3067059.0,"[5.9399999999999995, 7.27]",0.004819432548854662,2.2169389724731445,17.04,"[0.852, 0.852]",3068059.0,"[8.52, 8.52]",0.004325183578159498,1.9895844459533691,17.16,"[0.727, 0.9890000000000002]",3069059.0,"[7.27, 9.890000000000002]",0.004565913780875828,2.100320339202881,19.389999999999997,"[0.974, 0.9650000000000001]",3070059.0,"[9.74, 9.65]",0.004708002442898957,2.1656811237335205,15.77,"[0.7259999999999998, 0.851]",3071059.0,"[7.259999999999998, 8.51]",0.004760523464368737,2.189840793609619,7.881666666666665,1.214611277551611,0.004650401291639908,0.00016443988183388044,2.139184594154358,0.07564234564358509,COMPLETE
307,14.079999999999998,2025-06-13 16:47:42.640089,2025-06-13 16:47:46.447107,0 days 00:00:03.807018,36,0.7980078410726171,0.07787871313956982,0.937344754518393,0.06509258086161758,476,3076062.0,14.079999999999998,2.2922187213847347,0.6716666666666665,0.16148752961830284,470.0,6.0,18.17,"[0.9730000000000001, 0.844]",3076062.0,"[9.73, 8.44]",0.004421653138830307,2.078176975250244,15.599999999999998,"[0.7139999999999997, 0.8459999999999999]",3077062.0,"[7.139999999999997, 8.459999999999999]",0.005662240373327377,2.661252975463867,12.889999999999999,"[0.583, 0.7059999999999998]",3078062.0,"[5.83, 7.059999999999999]",0.005808595393566375,2.7300398349761963,11.73,"[0.5900000000000001, 0.583]",3079062.0,"[5.9, 5.83]",0.005592429384272149,2.62844181060791,11.739999999999998,"[0.4539999999999999, 0.72]",3080062.0,"[4.539999999999999, 7.199999999999999]",0.005437935666835055,2.5558297634124756,14.350000000000001,"[0.716, 0.7190000000000001]",3081062.0,"[7.16, 7.190000000000001]",0.00553510290511111,2.6014983654022217,6.716666666666666,1.6148752961830282,0.005409659476990396,0.00045626087832726546,2.542539954185486,0.2144426128138148,COMPLETE
308,15.361666666666665,2025-06-13 16:47:46.539956,2025-06-13 16:47:50.370991,0 days 00:00:03.831035,35,0.829863659976816,0.03225512693256503,0.9437868016708412,0.08744144260737668,460,3086066.0,15.361666666666665,2.284122126526706,0.7568333333333332,0.14576284010527363,460.0,6.0,14.25,"[0.578, 0.8470000000000001]",3086066.0,"[5.779999999999999, 8.47]",0.005644816937653915,2.596615791320801,13.100000000000001,"[0.8540000000000001, 0.45599999999999985]",3087066.0,"[8.540000000000001, 4.559999999999999]",0.005907588938008184,2.7174909114837646,15.479999999999999,"[0.8460000000000001, 0.7020000000000001]",3088066.0,"[8.46, 7.0200000000000005]",0.0049224501070768934,2.264327049255371,12.980000000000002,"[0.582, 0.716]",3089066.0,"[5.819999999999999, 7.16]",0.005515042595241381,2.536919593811035,16.88,"[0.711, 0.977]",3090066.0,"[7.109999999999999, 9.77]",0.004883910780367644,2.246598958969116,19.479999999999997,"[0.97, 0.978]",3091066.0,"[9.7, 9.78]",0.004581907521123471,2.107677459716797,7.5683333333333325,1.4576284010527363,0.005242619479911915,0.000473617669275046,2.411604960759481,0.21786412786652107,COMPLETE
309,16.099999999999998,2025-06-13 16:47:50.518548,2025-06-13 16:47:54.409105,0 days 00:00:03.890557,34,0.7772000523356394,0.03563622703908711,0.930391356999376,0.07618870027634711,478,3096070.0,16.099999999999998,4.098410260901984,0.7651666666666669,0.2387169988826845,470.0,6.0,7.679999999999999,"[0.32099999999999995, 0.44699999999999995]",3096070.0,"[3.2099999999999995, 4.47]",0.00645718422341854,3.034876585006714,18.330000000000002,"[0.859, 0.974]",3097070.0,"[8.59, 9.74]",0.005519388584380454,2.5941126346588135,19.630000000000003,"[0.9860000000000001, 0.977]",3098070.0,"[9.860000000000001, 9.77]",0.005459510011875883,2.565969705581665,15.739999999999998,"[0.8590000000000002, 0.715]",3099070.0,"[8.590000000000002, 7.1499999999999995]",0.00499399519981222,2.347177743911743,19.579999999999995,"[0.9800000000000001, 0.978]",3100070.0,"[9.8, 9.78]",0.004195676458642838,1.9719679355621338,15.64,"[0.5859999999999999, 0.9780000000000001]",3101070.0,"[5.8599999999999985, 9.780000000000001]",0.0045083005377586855,2.118901252746582,7.651666666666666,2.387169988826845,0.005189009169314769,0.00073922186509909,2.438834309577942,0.34743427659657233,COMPLETE
310,15.115,2025-06-13 16:47:54.493221,2025-06-13 16:47:58.057339,0 days 00:00:03.564118,32,0.8164153824840704,0.08577108073610376,0.939069695272833,0.09848613978529198,464,3106074.0,15.115,2.0198741709984476,0.7858333333333333,0.16038019065818435,460.0,6.0,17.05,"[0.9840000000000002, 0.7209999999999999]",3106074.0,"[9.840000000000002, 7.209999999999999]",0.005418287671130636,2.4924123287200928,12.0,"[0.597, 0.603]",3107074.0,"[5.97, 6.029999999999999]",0.005893295744191045,2.710916042327881,17.009999999999998,"[0.9719999999999999, 0.7289999999999999]",3108074.0,"[9.719999999999999, 7.289999999999999]",0.005681035311325737,2.613276243209839,16.939999999999998,"[0.8469999999999999, 0.8470000000000001]",3109074.0,"[8.469999999999999, 8.47]",0.005325488940529201,2.4497249126434326,14.51,"[0.594, 0.857]",3110074.0,"[5.9399999999999995, 8.57]",0.00561785075975501,2.5842113494873047,13.179999999999998,"[0.721, 0.5969999999999999]",3111074.0,"[7.21, 5.969999999999999]",0.005390893894693126,2.479811191558838,7.858333333333333,1.6038019065818434,0.005554475386937458,0.00019688146942201156,2.5550586779912314,0.09056547593412527,COMPLETE
311,15.496666666666668,2025-06-13 16:48:01.059648,2025-06-13 16:48:04.705291,0 days 00:00:03.645643,48,0.8571545523896933,0.08070077855792031,0.9409875607834345,0.06478101003441043,456,3116081.0,15.496666666666668,3.2755796772819044,0.7651666666666666,0.18410723022799036,450.0,6.0,13.889999999999999,"[0.694, 0.695]",3116081.0,"[6.9399999999999995, 6.949999999999999]",0.005587084558275011,2.514188051223755,9.459999999999999,"[0.5479999999999998, 0.3979999999999999]",3117081.0,"[5.479999999999999, 3.979999999999999]",0.005982167455885146,2.6919753551483154,19.6,"[0.982, 0.9780000000000001]",3118081.0,"[9.82, 9.780000000000001]",0.004959001541137696,2.231550693511963,15.3,"[0.5449999999999999, 0.9850000000000001]",3119081.0,"[5.449999999999999, 9.850000000000001]",0.005926125844319661,2.6667566299438477,16.5,"[0.8300000000000001, 0.82]",3120081.0,"[8.3, 8.2]",0.005976089371575249,2.6892402172088623,18.23,"[0.992, 0.8310000000000001]",3121081.0,"[9.92, 8.31]",0.00455793645646837,2.0510714054107666,7.651666666666666,1.8410723022799036,0.005498067537943522,0.0005520347432927763,2.474130392074585,0.24841563448174936,COMPLETE
312,16.591666666666665,2025-06-13 16:48:04.777206,2025-06-13 16:48:08.265809,0 days 00:00:03.488603,34,0.7955506528554435,0.07403417608652202,0.9349110450015687,0.07957560130212088,471,3126084.0,16.591666666666665,3.4383737273439148,0.7885,0.2725978417620604,470.0,6.0,18.41,"[0.99, 0.8510000000000002]",3126084.0,"[9.9, 8.510000000000002]",0.004404749261572006,2.0702321529388428,9.16,"[0.19299999999999992, 0.7230000000000001]",3127084.0,"[1.9299999999999993, 7.23]",0.005574524148981622,2.6200263500213623,18.29,"[0.8539999999999999, 0.975]",3128084.0,"[8.54, 9.75]",0.004764568044784221,2.239346981048584,17.009999999999998,"[0.861, 0.8400000000000001]",3129084.0,"[8.61, 8.4]",0.0048654977311479285,2.2867839336395264,19.61,"[0.9809999999999999, 0.9800000000000001]",3130084.0,"[9.809999999999999, 9.8]",0.004663365445238479,2.191781759262085,17.07,"[0.852, 0.8549999999999999]",3131084.0,"[8.52, 8.549999999999999]",0.004324806497452107,2.0326590538024902,7.884999999999998,2.7259784176206043,0.0047662518548627275,0.0004081054648079944,2.240138371785482,0.19180956845975736,COMPLETE
313,16.251666666666665,2025-06-13 16:48:08.341630,2025-06-13 16:48:11.778545,0 days 00:00:03.436915,36,0.6541082538982058,0.02828751174559948,0.9378389998034173,0.06082125931285527,441,3136088.0,16.251666666666665,2.848282620964586,0.8475000000000001,0.186610780324539,440.0,6.0,18.26,"[0.9810000000000001, 0.8450000000000001]",3136088.0,"[9.81, 8.450000000000001]",0.004759620536457409,2.0942330360412598,16.959999999999997,"[0.8550000000000001, 0.841]",3137088.0,"[8.55, 8.41]",0.004932233962145718,2.170182943344116,15.61,"[0.8469999999999999, 0.7139999999999999]",3138088.0,"[8.469999999999999, 7.139999999999999]",0.0048212268135764385,2.121339797973633,18.21,"[0.9719999999999999, 0.849]",3139088.0,"[9.719999999999999, 8.49]",0.004792033542286266,2.108494758605957,10.249999999999998,"[0.4499999999999999, 0.575]",3140088.0,"[4.499999999999999, 5.75]",0.005563986843282526,2.4481542110443115,18.22,"[0.9800000000000001, 0.842]",3141088.0,"[9.8, 8.42]",0.004301354018124667,1.8925957679748535,8.475,1.8661078032453897,0.004861742619312171,0.0003717259675253409,2.139166752497355,0.16355942571114995,COMPLETE
314,14.541666666666666,2025-06-13 16:48:11.859425,2025-06-13 16:48:14.654356,0 days 00:00:02.794931,43,0.8203149861273074,0.0834816614829863,0.9661632595098744,0.07106449960946946,203,3146092.0,14.541666666666666,2.8825591446182375,0.6798333333333333,0.15023916119160002,200.0,6.0,12.71,"[0.565, 0.7060000000000001]",3146092.0,"[5.6499999999999995, 7.0600000000000005]",0.008115410804748535,1.623082160949707,11.26,"[0.5619999999999999, 0.5640000000000001]",3147092.0,"[5.619999999999999, 5.640000000000001]",0.00828161358833313,1.656322717666626,16.83,"[0.702, 0.9810000000000001]",3148092.0,"[7.02, 9.81]",0.007484039068222046,1.4968078136444092,19.71,"[0.9870000000000001, 0.984]",3149092.0,"[9.870000000000001, 9.84]",0.0066515648365020755,1.330312967300415,12.649999999999999,"[0.698, 0.567]",3150092.0,"[6.9799999999999995, 5.67]",0.009299074411392211,1.8598148822784424,14.09,"[0.5649999999999998, 0.8440000000000001]",3151092.0,"[5.649999999999999, 8.440000000000001]",0.0077974176406860355,1.559483528137207,6.798333333333333,1.5023916119160003,0.00793818672498067,0.0008044488375168178,1.5876373449961345,0.16088976750336362,COMPLETE
315,15.093333333333334,2025-06-13 16:48:14.747314,2025-06-13 16:48:19.072471,0 days 00:00:04.325157,40,0.8318052743673664,0.024674274077315154,0.9466834724789185,0.016976371445437354,482,3156094.0,15.093333333333334,3.2209867363209614,0.8016666666666666,0.10062747581495267,480.0,6.0,15.45,"[0.841, 0.704]",3156094.0,"[8.41, 7.039999999999999]",0.004719094932079315,2.2651655673980713,11.42,"[0.708, 0.434]",3157094.0,"[7.08, 4.34]",0.006039037803808848,2.898738145828247,10.149999999999999,"[0.716, 0.2989999999999999]",3158094.0,"[7.16, 2.989999999999999]",0.0073287720481554665,3.517810583114624,16.87,"[0.709, 0.9780000000000001]",3159094.0,"[7.09, 9.780000000000001]",0.005535008509953817,2.656804084777832,18.24,"[0.9789999999999999, 0.845]",3160094.0,"[9.79, 8.45]",0.005419633785883586,2.601424217224121,18.43,"[0.857, 0.986]",3161094.0,"[8.57, 9.86]",0.0042656143506368,2.047494888305664,8.016666666666667,1.0062747581495268,0.005551193571752972,0.0009798341056794135,2.6645729144414267,0.4703203707261185,COMPLETE
316,15.516666666666666,2025-06-13 16:48:22.195470,2025-06-13 16:48:26.048747,0 days 00:00:03.853277,37,0.7880798303939194,0.036658447712527735,0.9619235561454439,0.085384251067247,470,3166102.0,15.516666666666666,2.953617367831446,0.7525,0.1299868583101128,470.0,6.0,19.590000000000003,"[0.982, 0.977]",3166102.0,"[9.82, 9.77]",0.0047088105627830995,2.2131409645080566,18.269999999999996,"[0.842, 0.9850000000000001]",3167102.0,"[8.42, 9.850000000000001]",0.005127320898340103,2.4098408222198486,14.219999999999999,"[0.71, 0.712]",3168102.0,"[7.1, 7.119999999999999]",0.005389988168757013,2.533294439315796,12.729999999999997,"[0.702, 0.571]",3169102.0,"[7.02, 5.709999999999999]",0.005888247997202772,2.7674765586853027,11.409999999999998,"[0.5659999999999998, 0.575]",3170102.0,"[5.659999999999998, 5.75]",0.0065267507066117956,3.067572832107544,16.88,"[0.713, 0.975]",3171102.0,"[7.13, 9.75]",0.005936661679693993,2.7902309894561768,7.5249999999999995,1.2998685831011283,0.005596296668898129,0.000593992381280934,2.6302594343821206,0.27917641920203906,COMPLETE
317,15.909999999999998,2025-06-13 16:48:26.124561,2025-06-13 16:48:29.821201,0 days 00:00:03.696640,34,0.5735868732237412,0.08966167863849178,0.9686843638356043,0.07744931250982884,456,3176106.0,15.909999999999998,2.714516531539271,0.8075000000000001,0.12236114579391615,450.0,6.0,18.199999999999996,"[0.8499999999999999, 0.97]",3176106.0,"[8.499999999999998, 9.7]",0.0046903483072916665,2.11065673828125,18.33,"[0.8470000000000001, 0.986]",3177106.0,"[8.47, 9.86]",0.004158231417338053,1.871204137802124,10.56,"[0.725, 0.33099999999999996]",3178106.0,"[7.25, 3.3099999999999996]",0.0060871558719211155,2.739220142364502,16.98,"[0.8540000000000001, 0.8440000000000001]",3179106.0,"[8.540000000000001, 8.440000000000001]",0.004670464727613661,2.1017091274261475,16.97,"[0.9800000000000001, 0.7169999999999999]",3180106.0,"[9.8, 7.169999999999998]",0.004199947781032986,1.8899765014648438,14.420000000000002,"[0.5890000000000001, 0.853]",3181106.0,"[5.890000000000001, 8.53]",0.004743030336168077,2.1343636512756348,8.075000000000001,1.2236114579391613,0.004758196406894261,0.0006390439471747352,2.141188383102417,0.28756977622863084,COMPLETE
318,17.666666666666668,2025-06-13 16:48:29.955673,2025-06-13 16:48:33.384782,0 days 00:00:03.429109,35,0.8130343794413291,0.12902146768717787,0.9359216800995616,0.06607510183232172,479,3186110.0,17.666666666666668,1.9338102859955577,0.8941666666666667,0.0978798867092838,470.0,6.0,15.71,"[0.849, 0.7219999999999999]",3186110.0,"[8.49, 7.219999999999999]",0.004867838798685277,2.28788423538208,18.27,"[0.8480000000000001, 0.9790000000000001]",3187110.0,"[8.48, 9.790000000000001]",0.00501406192779541,2.3566091060638428,19.6,"[0.982, 0.978]",3188110.0,"[9.82, 9.78]",0.0043964923696315035,2.0663514137268066,14.450000000000001,"[0.7209999999999999, 0.724]",3189110.0,"[7.209999999999999, 7.24]",0.004749003369757469,2.2320315837860107,18.4,"[0.984, 0.8560000000000001]",3190110.0,"[9.84, 8.56]",0.004185658820131992,1.9672596454620361,19.57,"[0.9810000000000001, 0.9760000000000002]",3191110.0,"[9.81, 9.760000000000002]",0.004090608434474214,1.9225859642028809,8.941666666666668,0.9787988670928378,0.004550610620079311,0.00034720905739377166,2.1387869914372764,0.16318825697507267,COMPLETE
