number,value,datetime_start,datetime_complete,duration,params_episode_length,params_epsilon_max,params_epsilon_min,params_gamma,params_learning_rate,params_num_episodes,user_attrs_base_seed,user_attrs_collective_reward_mean,user_attrs_collective_reward_std,user_attrs_individual_reward_agent0_mean,user_attrs_individual_reward_agent0_std,user_attrs_num_episodes_mean,user_attrs_num_parallel_runs,user_attrs_run_0_collective_reward,user_attrs_run_0_individual_rewards,user_attrs_run_0_seed,user_attrs_run_0_total_individual_rewards,user_attrs_run_0_training_time_per_episode,user_attrs_run_0_training_time_total,user_attrs_run_1_collective_reward,user_attrs_run_1_individual_rewards,user_attrs_run_1_seed,user_attrs_run_1_total_individual_rewards,user_attrs_run_1_training_time_per_episode,user_attrs_run_1_training_time_total,user_attrs_run_2_collective_reward,user_attrs_run_2_individual_rewards,user_attrs_run_2_seed,user_attrs_run_2_total_individual_rewards,user_attrs_run_2_training_time_per_episode,user_attrs_run_2_training_time_total,user_attrs_run_3_collective_reward,user_attrs_run_3_individual_rewards,user_attrs_run_3_seed,user_attrs_run_3_total_individual_rewards,user_attrs_run_3_training_time_per_episode,user_attrs_run_3_training_time_total,user_attrs_run_4_collective_reward,user_attrs_run_4_individual_rewards,user_attrs_run_4_seed,user_attrs_run_4_total_individual_rewards,user_attrs_run_4_training_time_per_episode,user_attrs_run_4_training_time_total,user_attrs_run_5_collective_reward,user_attrs_run_5_individual_rewards,user_attrs_run_5_seed,user_attrs_run_5_total_individual_rewards,user_attrs_run_5_training_time_per_episode,user_attrs_run_5_training_time_total,user_attrs_total_individual_reward_agent0_mean,user_attrs_total_individual_reward_agent0_std,user_attrs_training_time_per_episode_mean,user_attrs_training_time_per_episode_std,user_attrs_training_time_total_mean,user_attrs_training_time_total_std,state
534,16.086666666666666,2025-06-13 17:21:00.126888,2025-06-13 17:21:03.557896,0 days 00:00:03.431008,21,0.9826804408074358,0.13121811859561017,0.9427517230152349,0.056995795480624556,481,5348060.0,16.086666666666666,1.5059400902942839,0.8238333333333333,0.052416335452053736,480.0,6.0,18.31,"[0.8530000000000001, 0.9780000000000001]",5348060.0,"[8.530000000000001, 9.780000000000001]",0.005046310524145762,2.422229051589966,15.979999999999999,"[0.861, 0.737]",5349060.0,"[8.61, 7.37]",0.005021605889002482,2.4103708267211914,15.0,"[0.751, 0.749]",5350060.0,"[7.51, 7.49]",0.0047178452213605246,2.2645657062530518,17.38,"[0.869, 0.8690000000000001]",5351060.0,"[8.69, 8.690000000000001]",0.004874601463476817,2.339808702468872,16.17,"[0.7489999999999999, 0.868]",5352060.0,"[7.489999999999998, 8.68]",0.0047685171167055765,2.2888882160186768,13.679999999999998,"[0.86, 0.5079999999999999]",5353060.0,"[8.6, 5.079999999999999]",0.005191418528556824,2.4918808937072754,8.238333333333333,0.5241633545205374,0.004936716457207997,0.0001654005888546584,2.369623899459839,0.079392282650236,COMPLETE
535,16.006666666666664,2025-06-13 17:21:03.651446,2025-06-13 17:21:07.612826,0 days 00:00:03.961380,48,0.8929952002733165,0.16243675614579173,0.9371395383939473,0.04645478235894905,464,5358063.0,16.006666666666664,2.2122587752993303,0.8140000000000001,0.13113606165607794,460.0,6.0,13.789999999999997,"[0.843, 0.5359999999999999]",5358063.0,"[8.43, 5.359999999999999]",0.006414585528166397,2.950709342956543,18.24,"[0.8370000000000001, 0.9870000000000001]",5359063.0,"[8.370000000000001, 9.870000000000001]",0.00535782471947048,2.464599370956421,12.33,"[0.5469999999999999, 0.6859999999999999]",5360063.0,"[5.469999999999999, 6.859999999999999]",0.006752465082251508,3.1061339378356934,16.73,"[0.8379999999999999, 0.835]",5361063.0,"[8.379999999999999, 8.35]",0.0053756034892538315,2.4727776050567627,16.73,"[0.833, 0.8400000000000001]",5362063.0,"[8.33, 8.4]",0.005815424608147663,2.675095319747925,18.220000000000002,"[0.9860000000000001, 0.836]",5363063.0,"[9.860000000000001, 8.36]",0.00565351040466972,2.6006147861480713,8.139999999999999,1.3113606165607796,0.0058949023053266,0.000520927844671336,2.711655060450236,0.23962680854881455,COMPLETE
536,15.668333333333335,2025-06-13 17:21:12.019524,2025-06-13 17:21:15.559916,0 days 00:00:03.540392,35,0.8155923978664618,0.03366915189533047,0.9648957354502273,0.026518633463310955,440,5368072.0,15.668333333333335,1.4804550726794181,0.7613333333333334,0.09518695055287547,440.0,6.0,13.120000000000001,"[0.591, 0.7210000000000001]",5368072.0,"[5.91, 7.210000000000001]",0.006216597557067871,2.7353029251098633,16.97,"[0.7200000000000001, 0.977]",5369072.0,"[7.200000000000001, 9.77]",0.005719482898712158,2.5165724754333496,16.86,"[0.8389999999999999, 0.8470000000000001]",5370072.0,"[8.389999999999999, 8.47]",0.005401575565338134,2.3766932487487793,17.04,"[0.8480000000000001, 0.8560000000000001]",5371072.0,"[8.48, 8.56]",0.005365886471488259,2.360990047454834,14.379999999999999,"[0.718, 0.72]",5372072.0,"[7.18, 7.199999999999999]",0.00618920542977073,2.723250389099121,15.64,"[0.8520000000000001, 0.712]",5373072.0,"[8.520000000000001, 7.119999999999999]",0.005566657673228871,2.449329376220703,7.613333333333333,0.9518695055287545,0.005743234265934337,0.0003449223416387031,2.5270230770111084,0.1517658303210294,COMPLETE
537,16.985,2025-06-13 17:21:15.650047,2025-06-13 17:21:19.537341,0 days 00:00:03.887294,46,0.8062977092059853,0.0979400503320067,0.9709440616125801,0.038586472596505064,472,5378075.0,16.985,1.5441799333842767,0.7895,0.13793084015790907,470.0,6.0,15.239999999999998,"[0.6859999999999999, 0.8379999999999999]",5378075.0,"[6.859999999999999, 8.379999999999999]",0.006472209159364092,3.041938304901123,15.299999999999997,"[0.6930000000000002, 0.8370000000000001]",5379075.0,"[6.9300000000000015, 8.370000000000001]",0.0063420569643061215,2.980766773223877,19.61,"[0.9879999999999999, 0.9730000000000001]",5380075.0,"[9.879999999999999, 9.73]",0.005558058048816437,2.6122872829437256,18.19,"[0.9810000000000001, 0.8379999999999999]",5381075.0,"[9.81, 8.379999999999999]",0.00548914594853178,2.5798985958099365,16.79,"[0.6950000000000001, 0.984]",5382075.0,"[6.950000000000001, 9.84]",0.005973367995404183,2.807482957839966,16.78,"[0.694, 0.984]",5383075.0,"[6.9399999999999995, 9.84]",0.005949595633973467,2.7963099479675293,7.8950000000000005,1.3793084015790906,0.0059640722917326805,0.00036326621771330214,2.8031139771143594,0.17073512232525193,COMPLETE
538,16.296666666666667,2025-06-13 17:21:19.628100,2025-06-13 17:21:23.571259,0 days 00:00:03.943159,44,0.8665520629833708,0.10851747105687706,0.9445099575036254,0.06750756217740754,488,5388079.0,16.296666666666667,2.6793262005379064,0.7916666666666666,0.19552038825202409,480.0,6.0,13.94,"[0.7, 0.6939999999999998]",5388079.0,"[7.0, 6.939999999999999]",0.006410486996173859,3.077033758163452,19.73,"[0.9940000000000001, 0.9790000000000001]",5389079.0,"[9.940000000000001, 9.790000000000001]",0.005585081875324249,2.6808393001556396,16.71,"[0.836, 0.835]",5390079.0,"[8.36, 8.35]",0.006258093814055125,3.00388503074646,19.55,"[0.9730000000000001, 0.982]",5391079.0,"[9.73, 9.82]",0.0053025826811790465,2.5452396869659424,15.289999999999997,"[0.834, 0.695]",5392079.0,"[8.34, 6.949999999999999]",0.006003466745217641,2.8816640377044678,12.559999999999999,"[0.413, 0.843]",5393079.0,"[4.13, 8.43]",0.006219809254010518,2.985508441925049,7.916666666666668,1.955203882520241,0.005963253560993406,0.00039452213276534116,2.862361709276835,0.18937062372736374,COMPLETE
539,15.405000000000001,2025-06-13 17:21:23.686170,2025-06-13 17:21:27.350436,0 days 00:00:03.664266,24,0.9934146246497152,0.1225712473742045,0.9392474060194632,0.05773971757737936,445,5398083.0,15.405000000000001,2.0794770977339487,0.8005,0.13532029904391038,440.0,6.0,16.01,"[0.984, 0.6169999999999998]",5398083.0,"[9.84, 6.169999999999998]",0.005898277867924084,2.5952422618865967,17.26,"[0.737, 0.9889999999999999]",5399083.0,"[7.37, 9.889999999999999]",0.00528181791305542,2.3239998817443848,17.23,"[0.746, 0.9770000000000001]",5400083.0,"[7.46, 9.770000000000001]",0.005552894960750233,2.4432737827301025,11.169999999999996,"[0.619, 0.4979999999999999]",5401083.0,"[6.1899999999999995, 4.979999999999999]",0.005594500628384677,2.461580276489258,14.720000000000002,"[0.9799999999999999, 0.492]",5402083.0,"[9.799999999999999, 4.92]",0.00576800595630299,2.5379226207733154,16.04,"[0.7369999999999999, 0.867]",5403083.0,"[7.369999999999999, 8.67]",0.005451490662314675,2.398655891418457,8.004999999999999,1.3532029904391036,0.005591164664788681,0.00020094414671738538,2.460112452507019,0.0884154245556495,COMPLETE
540,14.82333333333333,2025-06-13 17:21:27.461577,2025-06-13 17:21:31.415308,0 days 00:00:03.953731,33,0.6669425219552297,0.12879182302882825,0.9748867330385411,0.05012696617891852,454,5408087.0,14.82333333333333,1.9741890036727034,0.7210000000000001,0.10721473779289865,450.0,6.0,14.43,"[0.72, 0.7229999999999999]",5408087.0,"[7.199999999999999, 7.229999999999999]",0.005717834896511502,2.573025703430176,18.299999999999997,"[0.849, 0.9810000000000001]",5409087.0,"[8.49, 9.81]",0.005698543654547797,2.564344644546509,14.369999999999997,"[0.5929999999999999, 0.844]",5410087.0,"[5.929999999999999, 8.44]",0.005756353272332085,2.5903589725494385,14.399999999999999,"[0.725, 0.7150000000000001]",5411087.0,"[7.25, 7.15]",0.005355142487419976,2.4098141193389893,15.76,"[0.8540000000000001, 0.722]",5412087.0,"[8.540000000000001, 7.22]",0.005282644695705838,2.377190113067627,11.679999999999998,"[0.585, 0.5829999999999999]",5413087.0,"[5.85, 5.829999999999998]",0.006495720545450847,2.923074245452881,7.21,1.0721473779289867,0.005717706591994675,0.00039325523854017466,2.5729679663976035,0.17696485734307857,COMPLETE
541,15.988333333333335,2025-06-13 17:21:36.142780,2025-06-13 17:21:40.209181,0 days 00:00:04.066401,47,0.8254985031635901,0.1342883765201844,0.9409100048016884,0.06630758973362427,434,5418096.0,15.988333333333335,2.36592065707106,0.8831666666666665,0.07151553832715114,430.0,6.0,16.709999999999997,"[0.8370000000000001, 0.834]",5418096.0,"[8.370000000000001, 8.34]",0.007122335877529411,3.0626044273376465,13.820000000000002,"[0.837, 0.5449999999999999]",5419096.0,"[8.37, 5.449999999999999]",0.007495523053546284,3.2230749130249023,12.369999999999997,"[0.833, 0.4039999999999998]",5420096.0,"[8.33, 4.039999999999998]",0.00601687375889268,2.5872557163238525,16.52,"[0.8240000000000001, 0.828]",5421096.0,"[8.24, 8.28]",0.006305874225705169,2.7115259170532227,16.72,"[0.9780000000000001, 0.6939999999999997]",5422096.0,"[9.780000000000001, 6.939999999999998]",0.006644428053567576,2.8571040630340576,19.79,"[0.99, 0.9890000000000001]",5423096.0,"[9.9, 9.89]",0.005308002649351608,2.2824411392211914,8.831666666666667,0.7151553832715115,0.0064821729364321215,0.0007175507179672458,2.787334362665812,0.3085468087259157,COMPLETE
542,16.13,2025-06-13 17:21:40.292267,2025-06-13 17:21:44.500955,0 days 00:00:04.208688,34,0.7902535365161673,0.038901518254015735,0.9374938077976572,0.0032047209416507095,465,5428100.0,16.13,2.08072903890279,0.7853333333333333,0.12604981378627877,460.0,6.0,16.919999999999998,"[0.85, 0.842]",5428100.0,"[8.5, 8.42]",0.006123077869415283,2.8166158199310303,13.030000000000001,"[0.586, 0.717]",5429100.0,"[5.859999999999999, 7.17]",0.006020069122314453,2.7692317962646484,15.719999999999999,"[0.719, 0.8530000000000001]",5430100.0,"[7.1899999999999995, 8.530000000000001]",0.007429931993069856,3.417768716812134,14.489999999999998,"[0.724, 0.725]",5431100.0,"[7.24, 7.25]",0.005480270800383194,2.5209245681762695,19.609999999999996,"[0.983, 0.9780000000000001]",5432100.0,"[9.83, 9.780000000000001]",0.0052654556606126866,2.422109603881836,17.009999999999998,"[0.85, 0.851]",5433100.0,"[8.5, 8.51]",0.006133868901625924,2.821579694747925,7.853333333333333,1.260498137862788,0.006075445724570233,0.0006896495248267106,2.794705033302307,0.3172387814202868,COMPLETE
543,15.775,2025-06-13 17:21:44.582056,2025-06-13 17:21:48.913258,0 days 00:00:04.331202,25,0.9603405395082791,0.028732867423943778,0.9769288280705063,0.0024175041057877553,474,5438104.0,15.775,2.5241219595468567,0.6980000000000001,0.1796830542928298,470.0,6.0,19.59,"[0.9790000000000001, 0.9800000000000001]",5438104.0,"[9.790000000000001, 9.8]",0.005048295792112959,2.372699022293091,12.39,"[0.496, 0.743]",5439104.0,"[4.96, 7.43]",0.007586278306676986,3.5655508041381836,14.75,"[0.617, 0.858]",5440104.0,"[6.17, 8.58]",0.006940161420943889,3.261875867843628,18.31,"[0.8560000000000001, 0.975]",5441104.0,"[8.56, 9.75]",0.005400117407453821,2.538055181503296,15.999999999999998,"[0.743, 0.8569999999999999]",5442104.0,"[7.43, 8.569999999999999]",0.005074867796390614,2.385187864303589,13.61,"[0.4969999999999999, 0.8640000000000001]",5443104.0,"[4.969999999999999, 8.64]",0.005193278637338192,2.44084095954895,6.98,1.7968305429282978,0.00587383322681941,0.0010063914919997033,2.760701616605123,0.4730040012398605,COMPLETE
544,13.93833333333333,2025-06-13 17:21:48.993302,2025-06-13 17:21:53.681775,0 days 00:00:04.688473,46,0.8327167124294302,0.13108210951128932,0.9726072733903997,0.06962304882914186,483,5448109.0,13.93833333333333,3.0668518965798723,0.7208333333333332,0.17282786876607095,480.0,6.0,15.349999999999998,"[0.8390000000000001, 0.696]",5448109.0,"[8.39, 6.959999999999999]",0.007885030408700307,3.7848145961761475,9.679999999999998,"[0.5559999999999999, 0.4119999999999999]",5449109.0,"[5.56, 4.119999999999999]",0.006505134701728821,3.122464656829834,18.2,"[0.982, 0.8379999999999999]",5450109.0,"[9.82, 8.379999999999999]",0.005633164942264557,2.7039191722869873,16.77,"[0.8400000000000001, 0.837]",5451109.0,"[8.4, 8.37]",0.004880844553311666,2.3428053855895996,12.559999999999999,"[0.5519999999999999, 0.704]",5452109.0,"[5.52, 7.039999999999999]",0.005617181956768036,2.6962473392486572,11.069999999999997,"[0.5559999999999998, 0.5509999999999999]",5453109.0,"[5.559999999999999, 5.51]",0.008114523192246755,3.8949711322784424,7.208333333333333,1.7282786876607095,0.006439313292503357,0.0012010660926168855,3.0908703804016113,0.5765117244561051,COMPLETE
545,16.479999999999997,2025-06-13 17:21:53.763839,2025-06-13 17:21:56.535382,0 days 00:00:02.771543,36,0.8130713260278457,0.12069679548597685,0.9432109473730749,0.056044427626250705,174,5458113.0,16.479999999999997,1.626827177873134,0.827,0.12103580737396133,170.0,6.0,17.04,"[0.99, 0.7139999999999999]",5458113.0,"[9.9, 7.139999999999999]",0.00920261495253619,1.5644445419311523,14.26,"[0.583, 0.843]",5459113.0,"[5.83, 8.43]",0.010020205553840188,1.703434944152832,18.39,"[0.853, 0.986]",5460113.0,"[8.53, 9.86]",0.011528124528772691,1.9597811698913574,14.33,"[0.851, 0.582]",5461113.0,"[8.51, 5.819999999999999]",0.01076374474693747,1.8298366069793701,16.9,"[0.8480000000000001, 0.842]",5462113.0,"[8.48, 8.42]",0.011759401770199046,1.999098300933838,17.959999999999997,"[0.8370000000000001, 0.959]",5463113.0,"[8.370000000000001, 9.59]",0.009971904754638671,1.6952238082885742,8.270000000000001,1.2103580737396131,0.010540999384487377,0.0009032260440529567,1.791969895362854,0.15354842748900263,COMPLETE
546,16.433333333333334,2025-06-13 17:22:00.962306,2025-06-13 17:22:04.143773,0 days 00:00:03.181467,32,0.9820857187032342,0.18868300187888748,0.9619840377346237,0.04340839717265893,278,5468121.0,16.433333333333334,2.487613760659444,0.8123333333333332,0.18055162388881715,270.0,6.0,18.369999999999997,"[0.9850000000000001, 0.852]",5468121.0,"[9.850000000000001, 8.52]",0.00898122610869231,2.424931049346924,18.49,"[0.993, 0.8559999999999999]",5469121.0,"[9.93, 8.559999999999999]",0.008876163871199997,2.396564245223999,14.459999999999999,"[0.722, 0.724]",5470121.0,"[7.22, 7.24]",0.007326677993491844,1.9782030582427979,11.84,"[0.4640000000000001, 0.72]",5471121.0,"[4.640000000000001, 7.199999999999999]",0.008944361298172563,2.414977550506592,17.07,"[0.8559999999999999, 0.851]",5472121.0,"[8.559999999999999, 8.51]",0.007631474954110605,2.0604982376098633,18.37,"[0.8539999999999999, 0.983]",5473121.0,"[8.54, 9.83]",0.006813071392200611,1.839529275894165,8.123333333333333,1.8055162388881714,0.008095495936311321,0.0008723093848952979,2.1857839028040567,0.23552353392173037,COMPLETE
547,13.463333333333336,2025-06-13 17:22:04.221996,2025-06-13 17:22:07.133064,0 days 00:00:02.911068,35,0.7840898664256314,0.03604090626056285,0.9688506948206743,0.002829712069656249,191,5478124.0,13.463333333333336,2.764680009613329,0.6751666666666667,0.12279171615200908,190.0,6.0,16.89,"[0.8460000000000001, 0.843]",5478124.0,"[8.46, 8.43]",0.00883638482344778,1.6789131164550781,13.080000000000002,"[0.725, 0.583]",5479124.0,"[7.25, 5.83]",0.011327501347190455,2.1522252559661865,9.15,"[0.4579999999999999, 0.45699999999999996]",5480124.0,"[4.579999999999999, 4.569999999999999]",0.00953803438889353,1.8122265338897705,13.010000000000002,"[0.721, 0.58]",5481124.0,"[7.21, 5.8]",0.008877532105696829,1.6867311000823975,11.709999999999999,"[0.586, 0.585]",5482124.0,"[5.859999999999999, 5.85]",0.011307764053344726,2.148475170135498,16.94,"[0.7150000000000001, 0.9790000000000001]",5483124.0,"[7.15, 9.790000000000001]",0.00850288240533126,1.6155476570129395,6.751666666666666,1.2279171615200908,0.00973168318731743,0.0011625583100186158,1.8490198055903118,0.220886078903537,COMPLETE
548,15.704999999999998,2025-06-13 17:22:07.220319,2025-06-13 17:22:11.652950,0 days 00:00:04.432631,27,0.9698706793041892,0.10536891318161773,0.966059022237555,0.07505149803887606,492,5488127.0,15.704999999999998,3.0591815354219616,0.7931666666666666,0.15508537075502066,490.0,6.0,14.740000000000002,"[0.8630000000000001, 0.611]",5488127.0,"[8.63, 6.109999999999999]",0.0066776898442482465,3.2720680236816406,15.86,"[0.7289999999999999, 0.857]",5489127.0,"[7.289999999999999, 8.57]",0.005787512234279087,2.835880994796753,17.15,"[0.8520000000000001, 0.8630000000000001]",5490127.0,"[8.520000000000001, 8.63]",0.0072951929909842355,3.5746445655822754,9.719999999999999,"[0.48500000000000004, 0.487]",5491127.0,"[4.8500000000000005, 4.87]",0.007376521947432537,3.6144957542419434,19.6,"[0.975, 0.985]",5492127.0,"[9.75, 9.85]",0.005537852462457151,2.713547706604004,17.16,"[0.8549999999999999, 0.8610000000000001]",5493127.0,"[8.549999999999999, 8.610000000000001]",0.005476745294064891,2.683605194091797,7.9316666666666675,1.5508537075502067,0.006358585795577691,0.0007950498232014638,3.115707039833069,0.38957441336871723,COMPLETE
549,16.12,2025-06-13 17:22:11.731760,2025-06-13 17:22:16.143338,0 days 00:00:04.411578,34,0.8004954324756842,0.0909021529406353,0.9400968019567505,0.060852552330598914,435,5498131.0,16.12,3.138895771870527,0.8718333333333335,0.08980982994948583,430.0,6.0,19.540000000000003,"[0.9810000000000001, 0.9730000000000001]",5498131.0,"[9.81, 9.73]",0.006486546716024709,2.789215087890625,18.31,"[0.8510000000000002, 0.9800000000000001]",5499131.0,"[8.510000000000002, 9.8]",0.005501411127489667,2.3656067848205566,11.81,"[0.9830000000000002, 0.1979999999999999]",5500131.0,"[9.830000000000002, 1.979999999999999]",0.00607161189234534,2.610793113708496,17.04,"[0.8480000000000001, 0.8559999999999999]",5501131.0,"[8.48, 8.559999999999999]",0.005999196407406829,2.5796544551849365,18.23,"[0.8459999999999999, 0.977]",5502131.0,"[8.459999999999999, 9.77]",0.005767805077308832,2.480156183242798,11.79,"[0.7220000000000001, 0.45699999999999996]",5503131.0,"[7.220000000000001, 4.569999999999999]",0.00845585867416027,3.636019229888916,8.718333333333334,0.8980982994948582,0.006380404982455942,0.0009753081636983474,2.7435741424560547,0.4193825103902895,COMPLETE
550,15.704999999999998,2025-06-13 17:22:16.227234,2025-06-13 17:22:19.353171,0 days 00:00:03.125937,26,0.8231160895650189,0.194385587278153,0.943514720340583,0.04910373361261386,261,5508136.0,15.704999999999998,2.667206716148312,0.7753333333333333,0.18283021875195815,260.0,6.0,18.33,"[0.969, 0.8640000000000001]",5508136.0,"[9.69, 8.64]",0.006813355592580942,1.771472454071045,18.43,"[0.9869999999999999, 0.8560000000000001]",5509136.0,"[9.87, 8.56]",0.008639835394345798,2.2463572025299072,18.269999999999996,"[0.857, 0.9700000000000001]",5510136.0,"[8.57, 9.700000000000001]",0.009262655331538274,2.408290386199951,12.290000000000001,"[0.742, 0.487]",5511136.0,"[7.42, 4.87]",0.0077020204984224756,2.0025253295898438,13.48,"[0.61, 0.738]",5512136.0,"[6.1, 7.38]",0.0074878124090341424,1.946831226348877,13.43,"[0.487, 0.8559999999999999]",5513136.0,"[4.87, 8.559999999999999]",0.007554199145390437,1.9640917778015137,7.753333333333333,1.8283021875195817,0.007909979728552013,0.000807574267567138,2.056594729423523,0.20996930956745583,COMPLETE
551,16.351666666666667,2025-06-13 17:22:23.926926,2025-06-13 17:22:29.017839,0 days 00:00:05.090913,49,0.9995564031343809,0.12635274012524092,0.9374197716382265,0.08991551158973828,450,5518144.0,16.351666666666667,2.716980043275172,0.8315,0.11785973301627095,450.0,6.0,18.1,"[0.8389999999999999, 0.9710000000000001]",5518144.0,"[8.389999999999999, 9.71]",0.0067542971505059135,3.039433717727661,18.099999999999998,"[0.835, 0.975]",5519144.0,"[8.35, 9.75]",0.008676640722486709,3.9044883251190186,17.96,"[0.974, 0.8219999999999998]",5520144.0,"[9.74, 8.219999999999999]",0.007025812996758355,3.1616158485412598,18.029999999999998,"[0.9720000000000001, 0.8310000000000001]",5521144.0,"[9.72, 8.31]",0.0069387695524427626,3.122446298599243,15.170000000000002,"[0.682, 0.835]",5522144.0,"[6.82, 8.35]",0.009441203541225858,4.248541593551636,10.75,"[0.6869999999999999, 0.3879999999999999]",5523144.0,"[6.869999999999999, 3.879999999999999]",0.008219914966159397,3.6989617347717285,8.315,1.1785973301627097,0.007842773154929832,0.00100515149698864,3.5292479197184243,0.4523181736448879,COMPLETE
