number,value,datetime_start,datetime_complete,duration,params_episode_length,params_epsilon_max,params_epsilon_min,params_gamma,params_learning_rate,params_num_episodes,user_attrs_base_seed,user_attrs_collective_reward_mean,user_attrs_collective_reward_std,user_attrs_individual_reward_agent0_mean,user_attrs_individual_reward_agent0_std,user_attrs_num_episodes_mean,user_attrs_num_parallel_runs,user_attrs_run_0_collective_reward,user_attrs_run_0_individual_rewards,user_attrs_run_0_seed,user_attrs_run_0_total_individual_rewards,user_attrs_run_0_training_time_per_episode,user_attrs_run_0_training_time_total,user_attrs_run_1_collective_reward,user_attrs_run_1_individual_rewards,user_attrs_run_1_seed,user_attrs_run_1_total_individual_rewards,user_attrs_run_1_training_time_per_episode,user_attrs_run_1_training_time_total,user_attrs_run_2_collective_reward,user_attrs_run_2_individual_rewards,user_attrs_run_2_seed,user_attrs_run_2_total_individual_rewards,user_attrs_run_2_training_time_per_episode,user_attrs_run_2_training_time_total,user_attrs_run_3_collective_reward,user_attrs_run_3_individual_rewards,user_attrs_run_3_seed,user_attrs_run_3_total_individual_rewards,user_attrs_run_3_training_time_per_episode,user_attrs_run_3_training_time_total,user_attrs_run_4_collective_reward,user_attrs_run_4_individual_rewards,user_attrs_run_4_seed,user_attrs_run_4_total_individual_rewards,user_attrs_run_4_training_time_per_episode,user_attrs_run_4_training_time_total,user_attrs_run_5_collective_reward,user_attrs_run_5_individual_rewards,user_attrs_run_5_seed,user_attrs_run_5_total_individual_rewards,user_attrs_run_5_training_time_per_episode,user_attrs_run_5_training_time_total,user_attrs_total_individual_reward_agent0_mean,user_attrs_total_individual_reward_agent0_std,user_attrs_training_time_per_episode_mean,user_attrs_training_time_per_episode_std,user_attrs_training_time_total_mean,user_attrs_training_time_total_std,state
284,17.39333333333333,2025-06-13 16:46:06.486872,2025-06-13 16:46:09.849327,0 days 00:00:03.362455,34,0.8124705129234483,0.09407767407025076,0.9354232039523879,0.087513779757084,460,2845966.0,17.39333333333333,1.6204491832685024,0.8273333333333333,0.08819611984410407,460.0,6.0,16.939999999999998,"[0.722, 0.9720000000000001]",2845966.0,"[7.22, 9.72]",0.005340861237567404,2.456796169281006,18.29,"[0.8539999999999999, 0.975]",2846966.0,"[8.54, 9.75]",0.005556211782538373,2.5558574199676514,19.51,"[0.9730000000000002, 0.9780000000000001]",2847966.0,"[9.730000000000002, 9.780000000000001]",0.004294274164282757,1.9753661155700684,14.36,"[0.715, 0.7209999999999999]",2848966.0,"[7.1499999999999995, 7.209999999999999]",0.0044396333072496495,2.042231321334839,18.319999999999997,"[0.85, 0.982]",2849966.0,"[8.5, 9.82]",0.004886038407035496,2.247577667236328,16.939999999999998,"[0.85, 0.8439999999999998]",2850966.0,"[8.5, 8.439999999999998]",0.004608418112215788,2.1198723316192627,8.273333333333333,0.8819611984410407,0.0048542395018149114,0.000461241910205105,2.2329501708348594,0.21217127869434832,COMPLETE
285,14.715000000000002,2025-06-13 16:46:09.920018,2025-06-13 16:46:13.318752,0 days 00:00:03.398734,36,0.8096024068324463,0.09133715028327193,0.9342646203799877,0.09892190223503175,437,2855970.0,14.715000000000002,2.2090627726104426,0.7783333333333333,0.10017595630799944,430.0,6.0,14.39,"[0.719, 0.72]",2855970.0,"[7.1899999999999995, 7.199999999999999]",0.00507770582687023,2.183413505554199,18.310000000000002,"[0.8459999999999999, 0.9850000000000001]",2856970.0,"[8.459999999999999, 9.850000000000001]",0.005384108077648074,2.315166473388672,14.18,"[0.8469999999999999, 0.5709999999999997]",2857970.0,"[8.469999999999999, 5.709999999999997]",0.0052940790043320765,2.276453971862793,13.02,"[0.8489999999999999, 0.45299999999999996]",2858970.0,"[8.489999999999998, 4.529999999999999]",0.0047122910965320675,2.026285171508789,11.69,"[0.579, 0.59]",2859970.0,"[5.789999999999999, 5.8999999999999995]",0.005841745886691781,2.511950731277466,16.7,"[0.8299999999999998, 0.8399999999999999]",2860970.0,"[8.299999999999999, 8.399999999999999]",0.005154956773270008,2.2166314125061035,7.783333333333332,1.0017595630799947,0.005244147777557373,0.00034101197447091445,2.2549835443496704,0.14663514902249314,COMPLETE
286,15.996666666666664,2025-06-13 16:46:16.148387,2025-06-13 16:46:19.396767,0 days 00:00:03.248380,33,0.7925929120134069,0.09456331503432307,0.9386542503950954,0.08949752896899987,458,2865976.0,15.996666666666664,2.647266934448098,0.8096666666666666,0.12226564885072543,450.0,6.0,14.5,"[0.722, 0.7280000000000001]",2865976.0,"[7.22, 7.280000000000001]",0.004832958645290798,2.1748313903808594,14.589999999999998,"[0.7300000000000001, 0.7289999999999999]",2866976.0,"[7.300000000000001, 7.289999999999999]",0.004442940288119846,1.9993231296539307,19.62,"[0.9810000000000001, 0.9810000000000001]",2867976.0,"[9.81, 9.81]",0.004543992148505317,2.0447964668273926,14.469999999999999,"[0.723, 0.724]",2868976.0,"[7.2299999999999995, 7.24]",0.004834952884250217,2.1757287979125977,19.720000000000002,"[0.984, 0.9880000000000001]",2869976.0,"[9.84, 9.88]",0.0039038398530748157,1.756727933883667,13.079999999999998,"[0.718, 0.5900000000000001]",2870976.0,"[7.18, 5.9]",0.004919419818454319,2.2137389183044434,8.096666666666666,1.2226564885072542,0.004579683939615885,0.00034676330483709045,2.0608577728271484,0.15604348717669073,COMPLETE
287,15.9,2025-06-13 16:46:19.537550,2025-06-13 16:46:22.808984,0 days 00:00:03.271434,34,0.8245561684138973,0.07992428046390951,0.9355879416030696,0.07912645764392487,459,2875979.0,15.9,2.9085678033469775,0.7166666666666667,0.16505924862168603,450.0,6.0,17.02,"[0.72, 0.982]",2875979.0,"[7.199999999999999, 9.82]",0.00532999144660102,2.398496150970459,19.459999999999997,"[0.9700000000000001, 0.976]",2876979.0,"[9.700000000000001, 9.76]",0.004392559263441298,1.976651668548584,15.810000000000002,"[0.725, 0.8559999999999999]",2877979.0,"[7.25, 8.559999999999999]",0.005007636282179091,2.253436326980591,10.52,"[0.46099999999999997, 0.591]",2878979.0,"[4.609999999999999, 5.91]",0.004457655482821995,2.0059449672698975,18.24,"[0.842, 0.982]",2879979.0,"[8.42, 9.82]",0.004563208156161838,2.053443670272827,14.350000000000001,"[0.5820000000000001, 0.8529999999999998]",2880979.0,"[5.82, 8.529999999999998]",0.005157555474175347,2.3208999633789062,7.166666666666667,1.6505924862168604,0.004818101017563432,0.0003626664893068148,2.168145457903544,0.16319992018806667,COMPLETE
288,16.52,2025-06-13 16:46:22.882569,2025-06-13 16:46:26.470417,0 days 00:00:03.587848,35,0.7709267278124923,0.09518278789645465,0.9430864864412056,0.09965198747259237,448,2885983.0,16.52,2.443562972382746,0.8261666666666668,0.12001446672056756,440.0,6.0,18.37,"[0.984, 0.8530000000000001]",2885983.0,"[9.84, 8.530000000000001]",0.004556041955947876,2.0046584606170654,14.14,"[0.7120000000000001, 0.702]",2886983.0,"[7.120000000000001, 7.02]",0.006243580037897284,2.7471752166748047,18.299999999999997,"[0.8450000000000001, 0.985]",2887983.0,"[8.450000000000001, 9.85]",0.005011749267578125,2.205169677734375,15.629999999999997,"[0.716, 0.8470000000000001]",2888983.0,"[7.16, 8.47]",0.005467957258224488,2.4059011936187744,12.969999999999999,"[0.718, 0.579]",2889983.0,"[7.18, 5.789999999999999]",0.005830993435599587,2.5656371116638184,19.71,"[0.982, 0.9890000000000001]",2890983.0,"[9.82, 9.89]",0.004265936396338723,1.877012014389038,8.261666666666668,1.2001446672056757,0.005229376391931013,0.0006923908320121478,2.300925612449646,0.30465196608534495,COMPLETE
289,14.891666666666666,2025-06-13 16:46:26.557075,2025-06-13 16:46:30.121163,0 days 00:00:03.564088,37,0.8029467513448573,0.09925977471802448,0.956415219555729,0.08504567694634545,461,2895986.0,14.891666666666666,3.1243794939511154,0.7788333333333334,0.12561504244671054,460.0,6.0,18.200000000000003,"[0.978, 0.842]",2895986.0,"[9.78, 8.42]",0.004447159041529116,2.0456931591033936,16.88,"[0.843, 0.845]",2896986.0,"[8.43, 8.45]",0.004301348458165708,1.9786202907562256,12.870000000000001,"[0.713, 0.574]",2897986.0,"[7.13, 5.739999999999999]",0.005448394754658575,2.5062615871429443,8.959999999999997,"[0.585, 0.3109999999999998]",2898986.0,"[5.85, 3.1099999999999977]",0.005747182991193689,2.6437041759490967,16.88,"[0.844, 0.844]",2899986.0,"[8.44, 8.44]",0.004911866913671079,2.2594587802886963,15.56,"[0.71, 0.8459999999999999]",2900986.0,"[7.1, 8.459999999999999]",0.0055655603823454485,2.5601577758789062,7.788333333333333,1.2561504244671051,0.005070252090260603,0.0005554429509369975,2.332315961519877,0.2555037574310188,COMPLETE
290,15.865,2025-06-13 16:46:30.229350,2025-06-13 16:46:33.979057,0 days 00:00:03.749707,36,0.8139779083943756,0.08233685941832052,0.9411682829808751,0.07003554645695943,451,2905990.0,15.865,2.0871651428033515,0.8485,0.1320577525176012,450.0,6.0,14.31,"[0.5839999999999999, 0.8469999999999999]",2905990.0,"[5.839999999999998, 8.469999999999999]",0.00504991266462538,2.272460699081421,17.07,"[0.8550000000000001, 0.852]",2906990.0,"[8.55, 8.52]",0.004192591243320041,1.8866660594940186,12.989999999999998,"[0.9829999999999999, 0.31599999999999995]",2907990.0,"[9.829999999999998, 3.1599999999999993]",0.005971370273166233,2.6871166229248047,15.589999999999998,"[0.8430000000000002, 0.716]",2908990.0,"[8.430000000000001, 7.16]",0.004993088510301378,2.24688982963562,19.59,"[0.977, 0.982]",2909990.0,"[9.77, 9.82]",0.0044063594606187605,1.9828617572784424,15.64,"[0.849, 0.715]",2910990.0,"[8.49, 7.1499999999999995]",0.005355049239264594,2.4097721576690674,8.485000000000001,1.3205775251760121,0.004994728565216064,0.0005882616304113767,2.247627854347229,0.26471773368511947,COMPLETE
291,15.691666666666665,2025-06-13 16:46:36.790910,2025-06-13 16:46:40.207775,0 days 00:00:03.416865,35,0.8032831425835177,0.09179244114715679,0.939262798830676,0.07586415184016664,427,2915996.0,15.691666666666665,2.030060891259723,0.8716666666666667,0.09310328792380114,420.0,6.0,15.64,"[0.7140000000000001, 0.8500000000000002]",2915996.0,"[7.140000000000001, 8.500000000000002]",0.004903872240157354,2.059626340866089,17.119999999999997,"[0.991, 0.7210000000000001]",2916996.0,"[9.91, 7.210000000000001]",0.0047515477452959335,1.995650053024292,17.02,"[0.8550000000000001, 0.8470000000000001]",2917996.0,"[8.55, 8.47]",0.0045052874655950636,1.8922207355499268,13.05,"[0.978, 0.32699999999999996]",2918996.0,"[9.78, 3.2699999999999996]",0.006064539296286447,2.5471065044403076,13.02,"[0.8440000000000001, 0.45799999999999985]",2919996.0,"[8.440000000000001, 4.579999999999998]",0.006024620078858875,2.5303404331207275,18.3,"[0.8480000000000001, 0.982]",2920996.0,"[8.48, 9.82]",0.004858308746701195,2.040489673614502,8.716666666666669,0.9310328792380115,0.005184695928815811,0.0006210475927348669,2.1775722901026406,0.2608399889486442,COMPLETE
292,17.36833333333333,2025-06-13 16:46:40.354787,2025-06-13 16:46:43.962425,0 days 00:00:03.607638,37,0.8253279822897012,0.07915616278745592,0.9350503328737222,0.06665520841204271,466,2926000.0,17.36833333333333,0.6636117506159424,0.8228333333333334,0.09541037097134093,460.0,6.0,16.849999999999998,"[0.707, 0.978]",2926000.0,"[7.069999999999999, 9.78]",0.00518442444179369,2.3848352432250977,16.899999999999995,"[0.711, 0.9789999999999999]",2927000.0,"[7.109999999999999, 9.79]",0.005356674608976945,2.4640703201293945,18.259999999999998,"[0.844, 0.982]",2928000.0,"[8.44, 9.82]",0.004651134428770646,2.139521837234497,18.349999999999998,"[0.9880000000000001, 0.8469999999999999]",2929000.0,"[9.88, 8.469999999999999]",0.004587391666744066,2.1102001667022705,16.959999999999997,"[0.851, 0.845]",2930000.0,"[8.51, 8.45]",0.004632818698883057,2.131096601486206,16.89,"[0.836, 0.8530000000000001]",2931000.0,"[8.36, 8.530000000000001]",0.004829492257988971,2.2215664386749268,8.228333333333333,0.9541037097134094,0.004873656017192896,0.0002947598346980849,2.241881767908732,0.13558952396111906,COMPLETE
293,16.171666666666667,2025-06-13 16:46:44.038479,2025-06-13 16:46:47.869167,0 days 00:00:03.830688,36,0.8258945480038684,0.07777901121340211,0.9351701267963454,0.0636724254598416,467,2936004.0,16.171666666666667,2.4766066614534403,0.8168333333333333,0.17586682145558014,460.0,6.0,15.5,"[0.9770000000000001, 0.5729999999999998]",2936004.0,"[9.770000000000001, 5.729999999999999]",0.00616633995719578,2.8365163803100586,15.57,"[0.5739999999999998, 0.983]",2937004.0,"[5.739999999999998, 9.83]",0.006006515544393788,2.7629971504211426,11.5,"[0.577, 0.573]",2938004.0,"[5.77, 5.7299999999999995]",0.006197889473127282,2.85102915763855,17.029999999999998,"[0.8480000000000001, 0.8550000000000001]",2939004.0,"[8.48, 8.55]",0.00493919331094493,2.272028923034668,19.21,"[0.959, 0.9620000000000001]",2940004.0,"[9.59, 9.620000000000001]",0.005457278438236402,2.510348081588745,18.22,"[0.966, 0.8560000000000001]",2941004.0,"[9.66, 8.56]",0.006249441271242888,2.8747429847717285,8.168333333333335,1.7586682145558017,0.005836109665856845,0.0004809348362731122,2.684610446294149,0.22123002468563152,COMPLETE
294,12.963333333333333,2025-06-13 16:46:48.005260,2025-06-13 16:46:51.559763,0 days 00:00:03.554503,37,0.8422605283557533,0.07701929519743851,0.9332859170823301,0.00041573946867188427,463,2946008.0,12.963333333333333,1.3369201754613307,0.5823333333333333,0.10943745042514266,460.0,6.0,11.639999999999999,"[0.585, 0.579]",2946008.0,"[5.85, 5.789999999999999]",0.005034718824469525,2.3159706592559814,14.32,"[0.583, 0.849]",2947008.0,"[5.83, 8.49]",0.00525973776112432,2.4194793701171875,11.620000000000001,"[0.4469999999999999, 0.715]",2948008.0,"[4.469999999999999, 7.1499999999999995]",0.005257844924926758,2.4186086654663086,14.329999999999998,"[0.719, 0.714]",2949008.0,"[7.1899999999999995, 7.14]",0.004628782686979875,2.129240036010742,11.62,"[0.44799999999999995, 0.714]",2950008.0,"[4.4799999999999995, 7.14]",0.004876840114593506,2.2433464527130127,14.25,"[0.712, 0.7129999999999999]",2951008.0,"[7.119999999999999, 7.129999999999999]",0.005039222862409509,2.318042516708374,5.823333333333333,1.0943745042514266,0.005016191195750581,0.0002191229721384476,2.3074479500452676,0.10079656718368597,COMPLETE
295,15.584999999999999,2025-06-13 16:46:51.698732,2025-06-13 16:46:55.218949,0 days 00:00:03.520217,38,0.7943744329996016,0.022890208091110434,0.9363680529789359,0.06192346395735255,466,2956011.0,15.584999999999999,1.3306232875360822,0.8028333333333334,0.10313327407884533,460.0,6.0,15.469999999999999,"[0.7080000000000001, 0.8389999999999999]",2956011.0,"[7.080000000000001, 8.389999999999999]",0.005353867489358653,2.4627790451049805,15.559999999999999,"[0.706, 0.85]",2957011.0,"[7.06, 8.5]",0.0045529629873192826,2.09436297416687,15.67,"[0.8550000000000001, 0.712]",2958011.0,"[8.55, 7.119999999999999]",0.0050850230714549185,2.3391106128692627,14.190000000000001,"[0.843, 0.5759999999999998]",2959011.0,"[8.43, 5.759999999999998]",0.005707955878713857,2.625659704208374,14.36,"[0.718, 0.7180000000000001]",2960011.0,"[7.18, 7.180000000000001]",0.005252399651900582,2.4161038398742676,18.259999999999998,"[0.9870000000000001, 0.8389999999999999]",2961011.0,"[9.870000000000001, 8.389999999999999]",0.004755066788714865,2.187330722808838,8.028333333333334,1.0313327407884532,0.005117879311243693,0.0003816235950451031,2.3542244831720986,0.17554685372074733,COMPLETE
296,15.14,2025-06-13 16:46:58.127722,2025-06-13 16:47:01.311445,0 days 00:00:03.183723,38,0.8222973620472757,0.08281886768892038,0.9335300311961391,0.05319040968498362,457,2966018.0,15.14,2.148138729225838,0.7801666666666667,0.10385794250909373,450.0,6.0,18.31,"[0.853, 0.978]",2966018.0,"[8.53, 9.78]",0.004925510618421766,2.216479778289795,16.859999999999996,"[0.8399999999999999, 0.8459999999999999]",2967018.0,"[8.399999999999999, 8.459999999999999]",0.004809941715664334,2.16447377204895,14.280000000000001,"[0.852, 0.576]",2968018.0,"[8.52, 5.76]",0.004955064455668131,2.229779005050659,15.630000000000003,"[0.849, 0.7139999999999999]",2969018.0,"[8.49, 7.139999999999999]",0.0053149811426798504,2.3917415142059326,11.559999999999999,"[0.578, 0.578]",2970018.0,"[5.779999999999999, 5.779999999999999]",0.005418695343865289,2.43841290473938,14.200000000000001,"[0.709, 0.7110000000000001]",2971018.0,"[7.09, 7.110000000000001]",0.004970200856526693,2.2365903854370117,7.801666666666667,1.0385794250909375,0.00506573235547101,0.00022104768240979207,2.2795795599619546,0.09947145708440637,COMPLETE
297,17.171666666666667,2025-06-13 16:47:01.380369,2025-06-13 16:47:04.751590,0 days 00:00:03.371221,34,0.7828879165515259,0.07717305558424578,0.9373232943848573,0.08509490788685947,469,2976021.0,17.171666666666667,2.030036261307227,0.8491666666666666,0.10312034501278376,460.0,6.0,18.169999999999998,"[0.978, 0.8389999999999999]",2976021.0,"[9.78, 8.389999999999999]",0.005068861919900645,2.331676483154297,18.36,"[0.8470000000000001, 0.9890000000000001]",2977021.0,"[8.47, 9.89]",0.004350545095360797,2.001250743865967,17.05,"[0.727, 0.9780000000000001]",2978021.0,"[7.27, 9.780000000000001]",0.004627700992252516,2.1287424564361572,19.479999999999997,"[0.976, 0.9720000000000001]",2979021.0,"[9.76, 9.72]",0.004522026621777079,2.080132246017456,13.059999999999997,"[0.722, 0.584]",2980021.0,"[7.22, 5.84]",0.0050509167754131815,2.3234217166900635,16.91,"[0.8450000000000001, 0.8459999999999999]",2981021.0,"[8.450000000000001, 8.459999999999999]",0.005131134261255679,2.3603217601776123,8.491666666666667,1.0312034501278375,0.0047918642776599825,0.0003037171320053845,2.2042575677235923,0.13970988072247686,COMPLETE
298,17.4,2025-06-13 16:47:04.890081,2025-06-13 16:47:08.117323,0 days 00:00:03.227242,33,0.7795425356497246,0.07827249361327812,0.9378156542358373,0.0848484798900683,471,2986025.0,17.4,2.2118468904213673,0.8483333333333335,0.13010722074077558,470.0,6.0,13.069999999999999,"[0.589, 0.718]",2986025.0,"[5.89, 7.18]",0.004616540543576505,2.169774055480957,16.979999999999997,"[0.8469999999999999, 0.851]",2987025.0,"[8.469999999999999, 8.51]",0.004738414541203925,2.2270548343658447,19.43,"[0.9700000000000001, 0.9730000000000001]",2988025.0,"[9.700000000000001, 9.73]",0.0044606234164948156,2.0964930057525635,16.949999999999996,"[0.8469999999999999, 0.8479999999999999]",2989025.0,"[8.469999999999999, 8.479999999999999]",0.00449155848077003,2.111032485961914,19.720000000000002,"[0.9880000000000001, 0.9840000000000002]",2990025.0,"[9.88, 9.840000000000002]",0.003857531953365245,1.813040018081665,18.25,"[0.849, 0.9759999999999998]",2991025.0,"[8.49, 9.759999999999998]",0.004948009328639254,2.325564384460449,8.483333333333334,1.3010722074077556,0.004518779710674963,0.0003374923334008979,2.1238264640172324,0.158621396698422,COMPLETE
299,16.77333333333333,2025-06-13 16:47:08.220252,2025-06-13 16:47:12.386659,0 days 00:00:04.166407,33,0.7629470813319629,0.07577103568007001,0.9380326052850436,0.08832012957974882,470,2996028.0,16.77333333333333,2.6097999071874365,0.8304999999999999,0.13661716583211644,470.0,6.0,19.45,"[0.977, 0.9680000000000002]",2996028.0,"[9.77, 9.680000000000001]",0.005961368946318931,2.8018434047698975,11.82,"[0.595, 0.5869999999999999]",2997028.0,"[5.949999999999999, 5.869999999999998]",0.0070609985513890045,3.318669319152832,17.2,"[0.728, 0.992]",2998028.0,"[7.279999999999999, 9.92]",0.005967461301925335,2.8047068119049072,19.549999999999997,"[0.9850000000000001, 0.97]",2999028.0,"[9.850000000000001, 9.7]",0.006770327243399113,3.182053804397583,16.96,"[0.8480000000000001, 0.8480000000000001]",3000028.0,"[8.48, 8.48]",0.005719657654457904,2.688239097595215,15.659999999999998,"[0.85, 0.716]",3001028.0,"[8.5, 7.16]",0.006813140118375738,3.2021758556365967,8.305,1.3661716583211647,0.006382158969311003,0.0005140020961404088,2.999614715576172,0.24158098518599216,COMPLETE
300,16.111666666666665,2025-06-13 16:47:12.471849,2025-06-13 16:47:16.391417,0 days 00:00:03.919568,34,0.7848509375722007,0.0803307694263547,0.934883727502835,0.08294121075974549,470,3006032.0,16.111666666666665,1.6051938269948027,0.7823333333333333,0.09849816693161807,470.0,6.0,13.04,"[0.5879999999999999, 0.716]",3006032.0,"[5.879999999999999, 7.16]",0.006350100294072577,2.9845471382141113,16.99,"[0.849, 0.85]",3007032.0,"[8.49, 8.5]",0.0048614121497945586,2.2848637104034424,16.85,"[0.841, 0.8440000000000001]",3008032.0,"[8.41, 8.440000000000001]",0.00573822741812848,2.6969668865203857,15.800000000000002,"[0.8530000000000001, 0.727]",3009032.0,"[8.530000000000001, 7.27]",0.005979557240262945,2.810391902923584,15.760000000000002,"[0.72, 0.8560000000000001]",3010032.0,"[7.199999999999999, 8.56]",0.004984844491836873,2.34287691116333,18.229999999999997,"[0.843, 0.9800000000000001]",3011032.0,"[8.43, 9.8]",0.005531886283387529,2.5999865531921387,7.823333333333334,0.9849816693161807,0.005574337979580494,0.0005244739464866174,2.619938850402832,0.24650275484871023,COMPLETE
301,15.413333333333336,2025-06-13 16:47:19.217400,2025-06-13 16:47:22.870055,0 days 00:00:03.652655,34,0.7847669442861598,0.08498734713357448,0.936794836128134,0.09991402985549246,474,3016039.0,15.413333333333336,3.1325903374399635,0.7618333333333333,0.1641619288656444,470.0,6.0,15.629999999999999,"[0.714, 0.849]",3016039.0,"[7.14, 8.49]",0.005308487567495792,2.4949891567230225,18.15,"[0.851, 0.9640000000000001]",3017039.0,"[8.51, 9.64]",0.004916753667466184,2.3108742237091064,14.370000000000001,"[0.718, 0.7190000000000001]",3018039.0,"[7.18, 7.190000000000001]",0.005307638898808906,2.4945902824401855,9.11,"[0.45699999999999996, 0.4539999999999999]",3019039.0,"[4.569999999999999, 4.539999999999999]",0.0057402027414200155,2.6978952884674072,16.95,"[0.8469999999999999, 0.8480000000000001]",3020039.0,"[8.469999999999999, 8.48]",0.0047130767335283,2.215146064758301,18.270000000000003,"[0.984, 0.843]",3021039.0,"[9.84, 8.43]",0.005264746381881389,2.474430799484253,7.618333333333332,1.6416192886564438,0.005208484331766765,0.00032564234717824374,2.4479876359303794,0.15305190317377457,COMPLETE
