number,value,datetime_start,datetime_complete,duration,params_episode_length,params_epsilon_max,params_epsilon_min,params_gamma,params_learning_rate,params_num_episodes,user_attrs_base_seed,user_attrs_collective_reward_mean,user_attrs_collective_reward_std,user_attrs_individual_reward_agent0_mean,user_attrs_individual_reward_agent0_std,user_attrs_num_episodes_mean,user_attrs_num_parallel_runs,user_attrs_run_0_collective_reward,user_attrs_run_0_individual_rewards,user_attrs_run_0_seed,user_attrs_run_0_total_individual_rewards,user_attrs_run_0_training_time_per_episode,user_attrs_run_0_training_time_total,user_attrs_run_1_collective_reward,user_attrs_run_1_individual_rewards,user_attrs_run_1_seed,user_attrs_run_1_total_individual_rewards,user_attrs_run_1_training_time_per_episode,user_attrs_run_1_training_time_total,user_attrs_run_2_collective_reward,user_attrs_run_2_individual_rewards,user_attrs_run_2_seed,user_attrs_run_2_total_individual_rewards,user_attrs_run_2_training_time_per_episode,user_attrs_run_2_training_time_total,user_attrs_run_3_collective_reward,user_attrs_run_3_individual_rewards,user_attrs_run_3_seed,user_attrs_run_3_total_individual_rewards,user_attrs_run_3_training_time_per_episode,user_attrs_run_3_training_time_total,user_attrs_run_4_collective_reward,user_attrs_run_4_individual_rewards,user_attrs_run_4_seed,user_attrs_run_4_total_individual_rewards,user_attrs_run_4_training_time_per_episode,user_attrs_run_4_training_time_total,user_attrs_run_5_collective_reward,user_attrs_run_5_individual_rewards,user_attrs_run_5_seed,user_attrs_run_5_total_individual_rewards,user_attrs_run_5_training_time_per_episode,user_attrs_run_5_training_time_total,user_attrs_total_individual_reward_agent0_mean,user_attrs_total_individual_reward_agent0_std,user_attrs_training_time_per_episode_mean,user_attrs_training_time_per_episode_std,user_attrs_training_time_total_mean,user_attrs_training_time_total_std,state
463,15.448333333333336,2025-06-13 17:15:18.899182,2025-06-13 17:15:23.184273,0 days 00:00:04.285091,28,0.7708039279727836,0.1326714848544836,0.9793879209918821,0.09965082463818663,492,4637719.0,15.448333333333336,2.3261514472526414,0.7911666666666667,0.11881837212971559,490.0,6.0,14.66,"[0.7289999999999999, 0.737]",4637719.0,"[7.289999999999999, 7.37]",0.007141741927789182,3.499453544616699,10.91,"[0.6039999999999999, 0.487]",4638719.0,"[6.039999999999999, 4.87]",0.0050461243609992825,2.4726009368896484,18.32,"[0.9780000000000001, 0.8540000000000001]",4639719.0,"[9.780000000000001, 8.540000000000001]",0.004771132858432069,2.337855100631714,15.850000000000001,"[0.8510000000000002, 0.734]",4640719.0,"[8.510000000000002, 7.34]",0.005279503063279755,2.58695650100708,17.080000000000002,"[0.853, 0.8550000000000001]",4641719.0,"[8.53, 8.55]",0.004458680931402712,2.184753656387329,15.870000000000001,"[0.732, 0.8550000000000001]",4642719.0,"[7.32, 8.55]",0.004163080818799078,2.039909601211548,7.911666666666666,1.1881837212971558,0.005143377326783679,0.0009652120471408696,2.520254890124003,0.4729539030990261,COMPLETE
464,17.078333333333333,2025-06-13 17:15:23.261044,2025-06-13 17:15:26.202204,0 days 00:00:02.941160,21,0.7571786617068885,0.11117415313561996,0.9437862631331471,0.04611721274887006,437,4647723.0,17.078333333333333,1.583355263006029,0.8868333333333331,0.10552632636245597,430.0,6.0,16.1,"[0.9870000000000001, 0.623]",4647723.0,"[9.870000000000001, 6.23]",0.004733884057333303,2.0355701446533203,17.200000000000003,"[0.8639999999999999, 0.8560000000000001]",4648723.0,"[8.639999999999999, 8.56]",0.004439027919325718,1.9087820053100586,16.060000000000002,"[0.7489999999999999, 0.857]",4649723.0,"[7.489999999999998, 8.57]",0.005049718812454578,2.1713790893554688,18.540000000000003,"[0.986, 0.868]",4650723.0,"[9.86, 8.68]",0.004984639966210654,2.143395185470581,19.610000000000003,"[0.983, 0.9780000000000001]",4651723.0,"[9.83, 9.780000000000001]",0.004144704619119334,1.7822229862213135,14.96,"[0.7519999999999999, 0.744]",4652723.0,"[7.519999999999999, 7.4399999999999995]",0.004681025549422863,2.012840986251831,8.868333333333332,1.0552632636245598,0.0046721668206444085,0.00031001144842992986,2.0090317328770957,0.13330492282486986,COMPLETE
465,15.921666666666665,2025-06-13 17:15:26.279350,2025-06-13 17:15:30.437615,0 days 00:00:04.158265,32,0.7380383985395177,0.12754415037882008,0.9477653547960893,0.06881609551233162,406,4657726.0,15.921666666666665,1.6871614886811777,0.7636666666666666,0.1575157840415437,400.0,6.0,18.199999999999996,"[0.975, 0.845]",4657726.0,"[9.75, 8.45]",0.004977684617042542,1.9910738468170166,14.45,"[0.8469999999999999, 0.5979999999999999]",4658726.0,"[8.469999999999999, 5.979999999999999]",0.004686197638511658,1.874479055404663,15.739999999999998,"[0.724, 0.85]",4659726.0,"[7.24, 8.5]",0.006924496293067932,2.769798517227173,13.19,"[0.46799999999999986, 0.851]",4660726.0,"[4.679999999999999, 8.51]",0.005398896336555481,2.1595585346221924,16.91,"[0.845, 0.8459999999999999]",4661726.0,"[8.45, 8.459999999999999]",0.006054192781448364,2.4216771125793457,17.040000000000003,"[0.7229999999999999, 0.9810000000000001]",4662726.0,"[7.229999999999999, 9.81]",0.008337293863296508,3.3349175453186035,7.636666666666667,1.575157840415437,0.0060631269216537475,0.0012536077143539446,2.425250768661499,0.5014430857415779,COMPLETE
466,13.786666666666667,2025-06-13 17:15:34.342990,2025-06-13 17:15:37.732545,0 days 00:00:03.389555,34,0.6984139500348451,0.02380652329632007,0.9405389945918631,0.0018864579875914947,444,4667734.0,13.786666666666667,1.971079794314668,0.6786666666666666,0.09894892060497118,440.0,6.0,11.700000000000001,"[0.5880000000000001, 0.5820000000000001]",4667734.0,"[5.880000000000001, 5.82]",0.0060611838644201105,2.6669209003448486,15.75,"[0.853, 0.7220000000000001]",4668734.0,"[8.53, 7.220000000000001]",0.005309613184495405,2.3362298011779785,15.810000000000002,"[0.7270000000000001, 0.8540000000000001]",4669734.0,"[7.270000000000001, 8.540000000000001]",0.0048074240034276785,2.1152665615081787,11.870000000000001,"[0.724, 0.4629999999999999]",4670734.0,"[7.24, 4.629999999999999]",0.004832797158848156,2.1264307498931885,11.88,"[0.593, 0.595]",4671734.0,"[5.93, 5.949999999999999]",0.005683581395582719,2.5007758140563965,15.709999999999999,"[0.587, 0.9840000000000002]",4672734.0,"[5.869999999999999, 9.840000000000002]",0.005040438608689741,2.2177929878234863,6.786666666666666,0.9894892060497118,0.005289173035910636,0.0004572027923392778,2.3272361358006797,0.2011692286292822,COMPLETE
467,14.25,2025-06-13 17:15:37.808606,2025-06-13 17:15:42.287378,0 days 00:00:04.478772,49,0.7272965585826838,0.14144158470211393,0.9742134524852035,0.0853042321550064,483,4677737.0,14.25,4.671345273758585,0.6156666666666667,0.4201161215135116,480.0,6.0,16.68,"[0.837, 0.8310000000000001]",4677737.0,"[8.37, 8.31]",0.007022866110006968,3.3709757328033447,19.61,"[0.9760000000000002, 0.985]",4678737.0,"[9.760000000000002, 9.85]",0.005250365535418192,2.5201754570007324,16.72,"[0.984, 0.688]",4679737.0,"[9.84, 6.879999999999999]",0.006087517241636912,2.9220082759857178,16.64,"[0.836, 0.828]",4680737.0,"[8.36, 8.28]",0.0046382308006286625,2.226350784301758,6.429999999999998,"[-0.04400000000000019, 0.6869999999999999]",4681737.0,"[-0.44000000000000195, 6.869999999999999]",0.0059244682391484576,2.8437447547912598,9.419999999999998,"[0.10499999999999984, 0.837]",4682737.0,"[1.0499999999999985, 8.37]",0.007710455854733785,3.701018810272217,6.156666666666665,4.201161215135117,0.0061056506302621626,0.0010275110277811696,2.9307123025258384,0.4932052933349614,COMPLETE
468,15.37833333333333,2025-06-13 17:15:42.364789,2025-06-13 17:15:46.148684,0 days 00:00:03.783895,30,0.8328801782445576,0.12967998758883834,0.9501417667233257,0.056181261856975015,426,4687742.0,15.37833333333333,3.7058081289900713,0.7706666666666667,0.11792605969655544,420.0,6.0,17.189999999999998,"[0.7380000000000001, 0.9810000000000001]",4687742.0,"[7.380000000000001, 9.81]",0.005414822555723645,2.2742254734039307,17.02,"[0.7270000000000001, 0.975]",4688742.0,"[7.270000000000001, 9.75]",0.005711686043512253,2.3989081382751465,13.259999999999998,"[0.728, 0.5980000000000001]",4689742.0,"[7.279999999999999, 5.98]",0.007070385842096238,2.96956205368042,17.1,"[0.8539999999999999, 0.8560000000000001]",4690742.0,"[8.54, 8.56]",0.007057191644396101,2.9640204906463623,8.179999999999998,"[0.5999999999999999, 0.21799999999999997]",4691742.0,"[5.999999999999998, 2.1799999999999997]",0.007189580372401646,3.0196237564086914,19.52,"[0.977, 0.9750000000000002]",4692742.0,"[9.77, 9.750000000000002]",0.005400013923645019,2.268005847930908,7.706666666666666,1.1792605969655545,0.00630728006362915,0.0008059669277681212,2.649057626724243,0.33850610966261097,COMPLETE
469,16.105,2025-06-13 17:15:46.226364,2025-06-13 17:15:50.319573,0 days 00:00:04.093209,33,0.7767755040785613,0.13473549628450066,0.9055869702874755,0.07782563808536296,493,4697746.0,16.105,3.139313884699437,0.8281666666666666,0.13929036418774832,490.0,6.0,16.849999999999998,"[0.975, 0.71]",4697746.0,"[9.75, 7.1]",0.0053388133340952345,2.616018533706665,18.18,"[0.842, 0.9760000000000002]",4698746.0,"[8.42, 9.760000000000002]",0.005212013088926977,2.5538864135742188,18.459999999999997,"[0.99, 0.8560000000000001]",4699746.0,"[9.9, 8.56]",0.004554461946292799,2.2316863536834717,9.229999999999999,"[0.591, 0.33199999999999996]",4700746.0,"[5.91, 3.3199999999999994]",0.005286892092957789,2.5905771255493164,17.040000000000003,"[0.72, 0.984]",4701746.0,"[7.199999999999999, 9.84]",0.005633626665387835,2.760477066040039,16.87,"[0.851, 0.8360000000000001]",4702746.0,"[8.51, 8.360000000000001]",0.006779995256540727,3.322197675704956,8.281666666666668,1.3929036418774832,0.005467633730700226,0.0006706133117535407,2.6791405280431113,0.3286005227592349,COMPLETE
470,14.571666666666667,2025-06-13 17:15:50.394588,2025-06-13 17:15:53.936072,0 days 00:00:03.541484,20,0.7516341823136752,0.1383971160443277,0.9682140153888632,0.06303858822593808,415,4707750.0,14.571666666666667,1.0975794074031988,0.7281666666666666,0.12302359755573543,410.0,6.0,12.67,"[0.75, 0.517]",4707750.0,"[7.5, 5.17]",0.005284686204863757,2.1667213439941406,14.899999999999999,"[0.857, 0.6329999999999998]",4708750.0,"[8.57, 6.329999999999998]",0.005034697346571015,2.064225912094116,14.99,"[0.753, 0.7460000000000001]",4709750.0,"[7.53, 7.460000000000001]",0.0049005502607764265,2.009225606918335,15.010000000000002,"[0.519, 0.982]",4710750.0,"[5.19, 9.82]",0.004818811649229468,1.975712776184082,13.73,"[0.625, 0.7479999999999999]",4711750.0,"[6.25, 7.479999999999999]",0.006451014774601634,2.64491605758667,16.130000000000003,"[0.865, 0.748]",4712750.0,"[8.65, 7.48]",0.005108827497900986,2.0946192741394043,7.281666666666667,1.2302359755573544,0.005266431288990548,0.0005502034654074211,2.1592368284861245,0.2255834208170426,COMPLETE
471,15.780000000000001,2025-06-13 17:15:58.007466,2025-06-13 17:16:02.479625,0 days 00:00:04.472159,31,0.7854441869314566,0.1067331951646078,0.9572008723366677,0.04172691553161762,433,4717758.0,15.780000000000001,2.4337625192282015,0.7698333333333335,0.1598931066542756,430.0,6.0,19.61,"[0.9870000000000001, 0.974]",4717758.0,"[9.870000000000001, 9.74]",0.004576440744621809,1.967869520187378,14.509999999999998,"[0.6010000000000001, 0.8499999999999999]",4718758.0,"[6.010000000000001, 8.499999999999998]",0.005568140052085699,2.3943002223968506,17.03,"[0.982, 0.7210000000000001]",4719758.0,"[9.82, 7.210000000000001]",0.005485715422519417,2.3588576316833496,17.02,"[0.7219999999999999, 0.9800000000000001]",4720758.0,"[7.219999999999999, 9.8]",0.006199096524438193,2.665611505508423,11.95,"[0.726, 0.46900000000000003]",4721758.0,"[7.26, 4.69]",0.005064064402912938,2.1775476932525635,14.559999999999999,"[0.601, 0.8550000000000001]",4722758.0,"[6.01, 8.55]",0.0069422394730323965,2.9851629734039307,7.698333333333333,1.5989310665427563,0.0056392827699350756,0.0007637889288392022,2.4248915910720825,0.32842923940085694,COMPLETE
472,17.535,2025-06-13 17:16:02.554550,2025-06-13 17:16:06.370859,0 days 00:00:03.816309,31,0.7618099793254692,0.12671325617518187,0.9217163751399212,0.051980627872477245,449,4727762.0,17.535,1.9110620956246644,0.8561666666666667,0.14801398207226543,440.0,6.0,15.86,"[0.736, 0.85]",4727762.0,"[7.359999999999999, 8.5]",0.005173696171153676,2.276426315307617,19.65,"[0.984, 0.9810000000000001]",4728762.0,"[9.84, 9.81]",0.004344311627474698,1.9114971160888672,19.73,"[0.9880000000000002, 0.985]",4729762.0,"[9.880000000000003, 9.85]",0.004431060227480801,1.9496665000915527,18.34,"[0.9810000000000002, 0.8530000000000001]",4730762.0,"[9.810000000000002, 8.530000000000001]",0.00532502911307595,2.343012809753418,14.54,"[0.596, 0.858]",4731762.0,"[5.96, 8.58]",0.006601203029805964,2.904529333114624,17.09,"[0.852, 0.857]",4732762.0,"[8.52, 8.57]",0.004412351955067027,1.9414348602294922,8.561666666666667,1.4801398207226544,0.005047942020676353,0.0007942317812550708,2.221094489097595,0.34946198375223103,COMPLETE
473,16.64,2025-06-13 17:16:06.470281,2025-06-13 17:16:10.310656,0 days 00:00:03.840375,30,0.7441884377512966,0.12467881720174813,0.9119042584187944,0.04853077248572389,440,4737766.0,16.64,1.4607418206742304,0.8319999999999999,0.116689045472715,440.0,6.0,15.67,"[0.8469999999999999, 0.72]",4737766.0,"[8.469999999999999, 7.199999999999999]",0.006084780801426281,2.6773035526275635,18.49,"[0.9880000000000001, 0.861]",4738766.0,"[9.88, 8.61]",0.004186257449063388,1.8419532775878906,15.74,"[0.8530000000000001, 0.721]",4739766.0,"[8.530000000000001, 7.21]",0.005740835991772738,2.525967836380005,14.52,"[0.5959999999999999, 0.8560000000000001]",4740766.0,"[5.959999999999999, 8.56]",0.005585191466591575,2.457484245300293,17.06,"[0.858, 0.8480000000000001]",4741766.0,"[8.58, 8.48]",0.004763670401139693,2.096014976501465,18.36,"[0.85, 0.986]",4742766.0,"[8.5, 9.86]",0.005602291497317227,2.46500825881958,8.32,1.16689045472715,0.00532717126788515,0.0006463453464784397,2.3439553578694663,0.2843919524505134,COMPLETE
474,14.964999999999998,2025-06-13 17:16:10.397680,2025-06-13 17:16:13.894886,0 days 00:00:03.497206,31,0.756773335092717,0.12550983809375113,0.9082101303232216,0.04368114169654199,449,4747770.0,14.964999999999998,2.255901519718152,0.6833333333333332,0.15677762028498274,440.0,6.0,10.739999999999998,"[0.472, 0.6020000000000001]",4747770.0,"[4.72, 6.020000000000001]",0.005336081981658936,2.3478760719299316,14.639999999999999,"[0.732, 0.732]",4748770.0,"[7.32, 7.32]",0.005384341695091941,2.369110345840454,18.31,"[0.976, 0.8549999999999999]",4749770.0,"[9.76, 8.549999999999999]",0.005057603120803833,2.2253453731536865,15.739999999999998,"[0.718, 0.8560000000000001]",4750770.0,"[7.18, 8.56]",0.005171317403966731,2.2753796577453613,14.590000000000002,"[0.6049999999999999, 0.8539999999999999]",4751770.0,"[6.049999999999999, 8.54]",0.005444402586330067,2.3955371379852295,15.769999999999998,"[0.5969999999999999, 0.9800000000000001]",4752770.0,"[5.969999999999999, 9.8]",0.006050293012098832,2.6621289253234863,6.833333333333332,1.5677762028498272,0.00540733996665839,0.00031580357523496727,2.3792295853296914,0.13895357310338569,COMPLETE
475,17.088333333333335,2025-06-13 17:16:14.075402,2025-06-13 17:16:17.644511,0 days 00:00:03.569109,29,0.7635693991144822,0.1294410751859852,0.9463344991138519,0.052846110658451705,443,4757774.0,17.088333333333335,1.7408466969329106,0.8973333333333334,0.05900188320911646,440.0,6.0,18.330000000000002,"[0.982, 0.851]",4757774.0,"[9.82, 8.51]",0.005229270458221436,2.3008790016174316,18.349999999999998,"[0.852, 0.983]",4758774.0,"[8.52, 9.83]",0.005534464662725275,2.435164451599121,18.290000000000003,"[0.9789999999999999, 0.85]",4759774.0,"[9.79, 8.5]",0.005092543905431574,2.2407193183898926,13.399999999999999,"[0.8559999999999999, 0.4839999999999999]",4760774.0,"[8.559999999999999, 4.839999999999999]",0.0058505643497813835,2.5742483139038086,17.109999999999996,"[0.8649999999999999, 0.8460000000000001]",4761774.0,"[8.649999999999999, 8.46]",0.005243470452048562,2.307126998901367,17.049999999999997,"[0.8500000000000002, 0.8549999999999999]",4762774.0,"[8.500000000000002, 8.549999999999999]",0.005081170255487616,2.235714912414551,8.973333333333333,0.5900188320911649,0.005338580680615975,0.0002733394452401209,2.348975499471029,0.1202693559056532,COMPLETE
476,15.613333333333332,2025-06-13 17:16:21.921790,2025-06-13 17:16:25.404964,0 days 00:00:03.483174,18,0.7190244121567695,0.13503809612025958,0.9206113403936237,0.0338517482991726,432,4767782.0,15.613333333333332,3.079684327257513,0.7895,0.18272269517860482,430.0,6.0,16.139999999999997,"[0.866, 0.748]",4767782.0,"[8.66, 7.48]",0.0060076491777286975,2.58328914642334,9.309999999999999,"[0.406, 0.525]",4768782.0,"[4.0600000000000005, 5.25]",0.0062507202458936114,2.687809705734253,16.18,"[0.7530000000000001, 0.865]",4769782.0,"[7.530000000000001, 8.65]",0.005077322693758233,2.18324875831604,18.44,"[0.9710000000000001, 0.873]",4770782.0,"[9.71, 8.73]",0.004353477234064146,1.871995210647583,15.11,"[0.8720000000000001, 0.639]",4771782.0,"[8.72, 6.390000000000001]",0.005604409617046977,2.4098961353302,18.5,"[0.869, 0.9810000000000001]",4772782.0,"[8.69, 9.81]",0.005437225519224655,2.3380069732666016,7.895,1.8272269517860482,0.005455134081286054,0.0006214530597532979,2.345707654953003,0.26722481569391804,COMPLETE
477,16.705,2025-06-13 17:16:25.484427,2025-06-13 17:16:29.551921,0 days 00:00:04.067494,28,0.7342840810771636,0.13282706898454985,0.9233645822139648,0.054742955199843076,450,4777785.0,16.705,0.9193793196136905,0.7726666666666665,0.09206278051175487,450.0,6.0,15.940000000000001,"[0.607, 0.9870000000000001]",4777785.0,"[6.07, 9.870000000000001]",0.007332392268710667,3.2995765209198,17.0,"[0.853, 0.8469999999999999]",4778785.0,"[8.53, 8.469999999999999]",0.006839981079101562,3.077991485595703,18.36,"[0.8559999999999999, 0.9800000000000001]",4779785.0,"[8.559999999999999, 9.8]",0.005041515562269423,2.2686820030212402,15.91,"[0.7309999999999999, 0.86]",4780785.0,"[7.309999999999999, 8.6]",0.006362202432420519,2.8629910945892334,17.2,"[0.7339999999999999, 0.9860000000000001]",4781785.0,"[7.339999999999999, 9.860000000000001]",0.00508882310655382,2.2899703979492188,15.82,"[0.8549999999999999, 0.727]",4782785.0,"[8.549999999999999, 7.27]",0.007149438858032226,3.217247486114502,7.726666666666666,0.9206278051175485,0.006302392217848035,0.0009249799177465024,2.836076498031616,0.4162409629859261,COMPLETE
478,14.299999999999999,2025-06-13 17:16:29.632994,2025-06-13 17:16:33.221924,0 days 00:00:03.588930,31,0.7703995759970018,0.11959617525983204,0.9132027895735025,0.038796859970038115,426,4787789.0,14.299999999999999,3.0907819938218446,0.7494999999999999,0.2148214374777341,420.0,6.0,15.830000000000002,"[0.8560000000000001, 0.7270000000000001]",4787789.0,"[8.56, 7.270000000000001]",0.005279386043548584,2.2173421382904053,13.25,"[0.85, 0.475]",4788789.0,"[8.5, 4.75]",0.006128284477052235,2.5738794803619385,18.38,"[0.991, 0.8469999999999999]",4789789.0,"[9.91, 8.469999999999999]",0.006773073332650321,2.8446907997131348,9.409999999999998,"[0.34699999999999986, 0.594]",4790789.0,"[3.469999999999999, 5.9399999999999995]",0.006173302446092878,2.592787027359009,17.04,"[0.8569999999999999, 0.8470000000000001]",4791789.0,"[8.569999999999999, 8.47]",0.005149720963977632,2.1628828048706055,11.889999999999999,"[0.5959999999999999, 0.5929999999999999]",4792789.0,"[5.959999999999999, 5.929999999999999]",0.0063645885104224795,2.6731271743774414,7.495,2.148214374777341,0.005978059295624022,0.000579716647846472,2.510784904162089,0.24348099209551824,COMPLETE
479,15.566666666666665,2025-06-13 17:16:33.296909,2025-06-13 17:16:37.671319,0 days 00:00:04.374410,30,0.7450797361770819,0.12254918857893053,0.9426988888807187,0.06002096467001167,435,4797793.0,15.566666666666665,2.484429288365617,0.8104999999999999,0.11975356640479094,430.0,6.0,15.81,"[0.733, 0.8480000000000001]",4797793.0,"[7.33, 8.48]",0.00711698476658311,3.0603034496307373,15.799999999999999,"[0.853, 0.727]",4798793.0,"[8.53, 7.27]",0.006340022419774255,2.7262096405029297,11.95,"[0.8539999999999999, 0.34099999999999997]",4799793.0,"[8.54, 3.4099999999999997]",0.008373473965844442,3.6005938053131104,16.98,"[0.8460000000000001, 0.852]",4800793.0,"[8.46, 8.52]",0.007141744258791901,3.0709500312805176,19.619999999999997,"[0.9810000000000001, 0.9810000000000001]",4801793.0,"[9.81, 9.81]",0.005834215740824855,2.5087127685546875,13.24,"[0.596, 0.728]",4802793.0,"[5.96, 7.279999999999999]",0.007177964476651924,3.086524724960327,8.105,1.1975356640479091,0.006997400938078414,0.0007901963653547728,3.0088824033737183,0.33978443710255235,COMPLETE
480,17.033333333333328,2025-06-13 17:16:37.750525,2025-06-13 17:16:41.981266,0 days 00:00:04.230741,32,0.7632938799680035,0.12701043673224563,0.9071622285268552,0.06834542884522644,417,4807797.0,17.033333333333328,1.9637945128981518,0.8291666666666665,0.0912531582406269,410.0,6.0,17.16,"[0.858, 0.858]",4807797.0,"[8.58, 8.58]",0.007675081346093154,3.1467833518981934,18.159999999999997,"[0.8379999999999999, 0.978]",4808797.0,"[8.379999999999999, 9.78]",0.008442180912669113,3.461294174194336,17.02,"[0.849, 0.853]",4809797.0,"[8.49, 8.53]",0.00751977141310529,3.083106279373169,17.099999999999998,"[0.7249999999999999, 0.985]",4810797.0,"[7.249999999999998, 9.85]",0.007896436133035799,3.2375388145446777,19.619999999999997,"[0.9879999999999999, 0.974]",4811797.0,"[9.879999999999999, 9.74]",0.005577493876945682,2.2867724895477295,13.139999999999997,"[0.7169999999999999, 0.5969999999999999]",4812797.0,"[7.169999999999998, 5.969999999999999]",0.006294879680726586,2.5809006690979004,8.291666666666666,0.9125315824062692,0.007234307227095939,0.0009832513874866598,2.9660659631093345,0.4031330688695306,COMPLETE
