number,value,datetime_start,datetime_complete,duration,params_episode_length,params_epsilon_max,params_epsilon_min,params_gamma,params_learning_rate,params_num_episodes,user_attrs_base_seed,user_attrs_collective_reward_mean,user_attrs_collective_reward_std,user_attrs_individual_reward_agent0_mean,user_attrs_individual_reward_agent0_std,user_attrs_num_episodes_mean,user_attrs_num_parallel_runs,user_attrs_run_0_collective_reward,user_attrs_run_0_individual_rewards,user_attrs_run_0_seed,user_attrs_run_0_total_individual_rewards,user_attrs_run_0_training_time_per_episode,user_attrs_run_0_training_time_total,user_attrs_run_1_collective_reward,user_attrs_run_1_individual_rewards,user_attrs_run_1_seed,user_attrs_run_1_total_individual_rewards,user_attrs_run_1_training_time_per_episode,user_attrs_run_1_training_time_total,user_attrs_run_2_collective_reward,user_attrs_run_2_individual_rewards,user_attrs_run_2_seed,user_attrs_run_2_total_individual_rewards,user_attrs_run_2_training_time_per_episode,user_attrs_run_2_training_time_total,user_attrs_run_3_collective_reward,user_attrs_run_3_individual_rewards,user_attrs_run_3_seed,user_attrs_run_3_total_individual_rewards,user_attrs_run_3_training_time_per_episode,user_attrs_run_3_training_time_total,user_attrs_run_4_collective_reward,user_attrs_run_4_individual_rewards,user_attrs_run_4_seed,user_attrs_run_4_total_individual_rewards,user_attrs_run_4_training_time_per_episode,user_attrs_run_4_training_time_total,user_attrs_run_5_collective_reward,user_attrs_run_5_individual_rewards,user_attrs_run_5_seed,user_attrs_run_5_total_individual_rewards,user_attrs_run_5_training_time_per_episode,user_attrs_run_5_training_time_total,user_attrs_total_individual_reward_agent0_mean,user_attrs_total_individual_reward_agent0_std,user_attrs_training_time_per_episode_mean,user_attrs_training_time_per_episode_std,user_attrs_training_time_total_mean,user_attrs_training_time_total_std,state
319,16.495,2025-06-13 16:48:33.517946,2025-06-13 16:48:37.182650,0 days 00:00:03.664704,35,0.8143311005117086,0.12729839037953014,0.9330564849585239,0.059529030945278276,466,3196113.0,16.495,2.4976772543038197,0.8464999999999999,0.13292447730447043,460.0,6.0,16.92,"[0.9789999999999999, 0.7130000000000001]",3196113.0,"[9.79, 7.130000000000001]",0.005236396582230278,2.4087424278259277,18.32,"[0.843, 0.9889999999999999]",3197113.0,"[8.43, 9.889999999999999]",0.004952695058739703,2.2782397270202637,16.78,"[0.8379999999999999, 0.8400000000000001]",3198113.0,"[8.379999999999999, 8.4]",0.005658539481784987,2.6029281616210938,19.68,"[0.9860000000000001, 0.9820000000000002]",3199113.0,"[9.860000000000001, 9.820000000000002]",0.0042094261749931,1.9363360404968262,15.55,"[0.849, 0.7060000000000001]",3200113.0,"[8.49, 7.0600000000000005]",0.004686670199684475,2.1558682918548584,11.719999999999999,"[0.5839999999999999, 0.588]",3201113.0,"[5.839999999999998, 5.88]",0.005077070775239364,2.3354525566101074,8.465,1.3292447730447048,0.0049701330454453175,0.00045010472517126684,2.286261200904846,0.20704817357878272,COMPLETE
320,15.641666666666666,2025-06-13 16:48:37.291779,2025-06-13 16:48:40.265577,0 days 00:00:02.973798,12,0.798763715134917,0.1089119142428939,0.9277213523452283,0.06541852623486039,478,3206117.0,15.641666666666666,1.7599944760014308,0.7811666666666666,0.11482220555662953,470.0,6.0,16.4,"[0.7620000000000001, 0.8780000000000001]",3206117.0,"[7.620000000000001, 8.780000000000001]",0.0039061292688897316,1.8358807563781738,16.33,"[0.866, 0.767]",3207117.0,"[8.66, 7.67]",0.003951671782960283,1.857285737991333,11.990000000000004,"[0.5469999999999999, 0.652]",3208117.0,"[5.469999999999999, 6.5200000000000005]",0.00408946859075668,1.9220502376556396,15.27,"[0.876, 0.6509999999999999]",3209117.0,"[8.76, 6.509999999999999]",0.004224096967818889,1.985325574874878,17.540000000000003,"[0.768, 0.9860000000000001]",3210117.0,"[7.68, 9.860000000000001]",0.0036842488228006564,1.7315969467163086,16.319999999999997,"[0.8679999999999998, 0.7639999999999999]",3211117.0,"[8.679999999999998, 7.639999999999999]",0.004135359601771578,1.9436190128326416,7.8116666666666665,1.1482220555662954,0.003998495839166303,0.0001767195816044309,1.8792930444081624,0.08305820335408247,COMPLETE
321,17.196666666666665,2025-06-13 16:48:43.353304,2025-06-13 16:48:46.784643,0 days 00:00:03.431339,35,0.8113682818240049,0.17984143071275577,0.9351288038200753,0.06940651211048175,450,3216123.0,17.196666666666665,1.7799781521755325,0.8716666666666666,0.1420207340105271,450.0,6.0,15.64,"[0.581, 0.983]",3216123.0,"[5.81, 9.83]",0.005453557968139649,2.454101085662842,16.92,"[0.9739999999999999, 0.718]",3217123.0,"[9.739999999999998, 7.18]",0.005746127234564887,2.585757255554199,18.35,"[0.861, 0.974]",3218123.0,"[8.61, 9.74]",0.004640721215142144,2.088324546813965,18.389999999999997,"[0.9889999999999999, 0.85]",3219123.0,"[9.889999999999999, 8.5]",0.0045334243774414066,2.040040969848633,19.55,"[0.9790000000000001, 0.9760000000000002]",3220123.0,"[9.790000000000001, 9.760000000000002]",0.005133280224270291,2.309976100921631,14.329999999999998,"[0.8460000000000001, 0.587]",3221123.0,"[8.46, 5.869999999999999]",0.00529600461324056,2.383202075958252,8.716666666666667,1.4202073401052708,0.005133852605466489,0.0004295497578351692,2.3102336724599204,0.1932973910258262,COMPLETE
322,13.466666666666667,2025-06-13 16:48:46.859038,2025-06-13 16:48:50.804703,0 days 00:00:03.945665,35,0.8074630541944553,0.17325366636954412,0.9341722778814824,0.05715119813620486,448,3226127.0,13.466666666666667,3.6705842707788214,0.6511666666666668,0.178868123363431,440.0,6.0,9.11,"[0.45899999999999996, 0.45199999999999985]",3226127.0,"[4.59, 4.519999999999999]",0.006625790487636219,2.9153478145599365,19.490000000000002,"[0.9720000000000001, 0.977]",3227127.0,"[9.72, 9.77]",0.005306373942982067,2.3348045349121094,9.04,"[0.584, 0.31999999999999995]",3228127.0,"[5.84, 3.1999999999999993]",0.0061668027531016955,2.713393211364746,15.739999999999998,"[0.7230000000000001, 0.8510000000000002]",3229127.0,"[7.23, 8.510000000000002]",0.005327406254681674,2.3440587520599365,13.12,"[0.4549999999999999, 0.857]",3230127.0,"[4.549999999999999, 8.57]",0.005852055549621582,2.574904441833496,14.3,"[0.7139999999999999, 0.716]",3231127.0,"[7.139999999999999, 7.16]",0.005791053988716819,2.5480637550354004,6.511666666666667,1.78868123363431,0.005844913829456676,0.00046082752021771035,2.5717620849609375,0.20276410889579266,COMPLETE
323,16.541666666666664,2025-06-13 16:48:50.900466,2025-06-13 16:48:54.323214,0 days 00:00:03.422748,34,0.8424806842184915,0.16644569504767645,0.9590906623479137,0.07100853800223646,436,3236131.0,16.541666666666664,1.7963427351767314,0.8050000000000002,0.18109297796067814,430.0,6.0,18.16,"[0.842, 0.974]",3236131.0,"[8.42, 9.74]",0.005278322308562523,2.2696785926818848,15.73,"[0.9830000000000002, 0.5900000000000001]",3237131.0,"[9.830000000000002, 5.9]",0.005394907884819563,2.319810390472412,18.349999999999998,"[0.982, 0.8530000000000001]",3238131.0,"[9.82, 8.530000000000001]",0.00477631036625352,2.0538134574890137,13.02,"[0.45600000000000007, 0.8460000000000001]",3239131.0,"[4.5600000000000005, 8.46]",0.006069436184195585,2.6098575592041016,16.99,"[0.853, 0.8460000000000001]",3240131.0,"[8.53, 8.46]",0.005033925522205441,2.16458797454834,17.0,"[0.7140000000000001, 0.986]",3241131.0,"[7.140000000000001, 9.86]",0.004945902491724768,2.1267380714416504,8.05,1.8109297796067818,0.005249800792960234,0.00041968663185083967,2.2574143409729004,0.18046525169586103,COMPLETE
324,14.09666666666667,2025-06-13 16:48:54.397302,2025-06-13 16:48:57.875955,0 days 00:00:03.478653,35,0.8233268383112631,0.1806098526034502,0.9309021717390409,0.09990303977282824,452,3246134.0,14.09666666666667,3.729162849160058,0.7155,0.22962124611339155,450.0,6.0,11.67,"[0.4509999999999999, 0.716]",3246134.0,"[4.509999999999999, 7.16]",0.005699239306979709,2.564657688140869,7.669999999999999,"[0.44799999999999984, 0.3189999999999999]",3247134.0,"[4.479999999999999, 3.189999999999999]",0.005880324045817057,2.646145820617676,17.020000000000003,"[0.8520000000000001, 0.85]",3248134.0,"[8.520000000000001, 8.5]",0.005059262911478678,2.2766683101654053,12.889999999999999,"[0.5840000000000001, 0.7049999999999998]",3249134.0,"[5.840000000000001, 7.049999999999999]",0.005839968787299262,2.627985954284668,17.040000000000003,"[0.9840000000000002, 0.72]",3250134.0,"[9.840000000000002, 7.199999999999999]",0.0047543711132473415,2.1394670009613037,18.29,"[0.9740000000000002, 0.8550000000000001]",3251134.0,"[9.740000000000002, 8.55]",0.004914345211452908,2.2114553451538086,7.155,2.296212461133915,0.0053579185627124935,0.000460434902743489,2.4110633532206216,0.20719570623457004,COMPLETE
325,15.62333333333333,2025-06-13 16:48:57.961248,2025-06-13 16:49:01.256269,0 days 00:00:03.295021,36,0.8024478401944124,0.10445956065665292,0.9363212598209509,0.0016838994749277531,442,3256138.0,15.62333333333333,2.8643188059680478,0.8486666666666666,0.15071127658171068,440.0,6.0,19.599999999999998,"[0.982, 0.9780000000000001]",3256138.0,"[9.82, 9.780000000000001]",0.0044786767526106405,1.9706177711486816,14.31,"[0.719, 0.712]",3257138.0,"[7.1899999999999995, 7.119999999999999]",0.004825052348050204,2.12302303314209,16.909999999999997,"[0.978, 0.7129999999999999]",3258138.0,"[9.78, 7.129999999999999]",0.0048875570297241214,2.1505250930786133,17.04,"[0.852, 0.852]",3259138.0,"[8.52, 8.52]",0.0047994234345176,2.111746311187744,10.329999999999997,"[0.5859999999999999, 0.4469999999999999]",3260138.0,"[5.8599999999999985, 4.469999999999999]",0.005167727578770031,2.2738001346588135,15.55,"[0.975, 0.58]",3261138.0,"[9.75, 5.8]",0.005354753949425437,2.3560917377471924,8.486666666666666,1.507112765817107,0.004918865182183006,0.0002798049149902878,2.1643006801605225,0.12311416259572668,COMPLETE
326,15.036666666666664,2025-06-13 16:49:04.342665,2025-06-13 16:49:07.734670,0 days 00:00:03.392005,33,0.8129672137276549,0.18533805125876524,0.9340994818858364,0.02054573010140018,461,3266144.0,15.036666666666664,2.5580504729622153,0.7843333333333332,0.17904065335994385,460.0,6.0,19.559999999999995,"[0.976, 0.9800000000000001]",3266144.0,"[9.76, 9.8]",0.004295026219409445,1.9757120609283447,14.419999999999998,"[0.8500000000000002, 0.5919999999999999]",3267144.0,"[8.500000000000002, 5.919999999999998]",0.005429039830746858,2.4973583221435547,13.1,"[0.4619999999999999, 0.8479999999999999]",3268144.0,"[4.619999999999999, 8.479999999999999]",0.0051052103871884556,2.3483967781066895,14.290000000000001,"[0.714, 0.715]",3269144.0,"[7.14, 7.1499999999999995]",0.0055468522984048595,2.5515520572662354,17.009999999999994,"[0.9810000000000001, 0.72]",3270144.0,"[9.81, 7.199999999999999]",0.005160386147706405,2.3737776279449463,11.839999999999998,"[0.723, 0.46099999999999985]",3271144.0,"[7.2299999999999995, 4.6099999999999985]",0.005086613219717274,2.3398420810699463,7.843333333333334,1.7904065335994386,0.005103854683862216,0.00039993554971928975,2.3477731545766196,0.18397035287087332,COMPLETE
327,13.955,2025-06-13 16:49:07.831966,2025-06-13 16:49:11.614502,0 days 00:00:03.782536,34,0.836623403962186,0.17725964781353845,0.9363449594762151,0.06687835371055051,454,3276148.0,13.955,3.4059885985324936,0.7174999999999999,0.20113407634378286,450.0,6.0,10.509999999999998,"[0.45899999999999996, 0.592]",3276148.0,"[4.59, 5.92]",0.005316687689887153,2.3925094604492188,8.969999999999999,"[0.44799999999999995, 0.449]",3277148.0,"[4.4799999999999995, 4.49]",0.006257531378004286,2.8158891201019287,13.15,"[0.723, 0.592]",3278148.0,"[7.2299999999999995, 5.92]",0.005386663542853462,2.4239985942840576,15.64,"[0.845, 0.719]",3279148.0,"[8.45, 7.1899999999999995]",0.005302045610215929,2.385920524597168,18.400000000000002,"[0.982, 0.858]",3280148.0,"[9.82, 8.58]",0.004725294642978244,2.12638258934021,17.06,"[0.8480000000000001, 0.858]",3281148.0,"[8.48, 8.58]",0.004392756356133355,1.9767403602600098,7.175,2.0113407634378286,0.005230163203345405,0.0005843477533058699,2.353573441505432,0.2629564889876414,COMPLETE
328,14.61833333333333,2025-06-13 16:49:11.687804,2025-06-13 16:49:15.516094,0 days 00:00:03.828290,37,0.7534664477681837,0.11421693913691425,0.9702298371942947,0.0874896554495067,466,3286151.0,14.61833333333333,4.212225922504896,0.7098333333333334,0.22789136056950962,460.0,6.0,11.559999999999999,"[0.578, 0.578]",3286151.0,"[5.779999999999999, 5.779999999999999]",0.006530148568360702,3.003868341445923,7.5699999999999985,"[0.31399999999999995, 0.44299999999999995]",3287151.0,"[3.1399999999999997, 4.43]",0.0066001197566156805,3.036055088043213,19.339999999999996,"[0.9670000000000002, 0.9670000000000002]",3288151.0,"[9.670000000000002, 9.670000000000002]",0.005059744482455046,2.3274824619293213,15.600000000000001,"[0.715, 0.8450000000000001]",3289151.0,"[7.1499999999999995, 8.450000000000001]",0.004753934300464132,2.186809778213501,19.509999999999998,"[0.9770000000000001, 0.9739999999999999]",3290151.0,"[9.770000000000001, 9.739999999999998]",0.004542526473169741,2.089562177658081,14.129999999999999,"[0.708, 0.705]",3291151.0,"[7.08, 7.05]",0.004932892322540283,2.2691304683685303,7.098333333333333,2.278913605695096,0.005403227650600931,0.0008370668877405299,2.4854847192764282,0.3850507683606437,COMPLETE
329,16.935,2025-06-13 16:49:15.594816,2025-06-13 16:49:18.519325,0 days 00:00:02.924509,36,0.769384459808015,0.17891436122486104,0.9356125286002086,0.05756268976165546,289,3296155.0,16.935,2.674713380283328,0.8483333333333333,0.15286777147442024,280.0,6.0,17.049999999999997,"[0.719, 0.986]",3296155.0,"[7.1899999999999995, 9.86]",0.005653763668877738,1.5830538272857666,16.9,"[0.8470000000000001, 0.8430000000000002]",3297155.0,"[8.47, 8.430000000000001]",0.006397949797766549,1.7914259433746338,19.529999999999994,"[0.9809999999999999, 0.9720000000000001]",3298155.0,"[9.809999999999999, 9.72]",0.005342296191624233,1.4958429336547852,19.55,"[0.978, 0.977]",3299155.0,"[9.78, 9.77]",0.005648712600980486,1.5816395282745361,11.519999999999998,"[0.5819999999999999, 0.5699999999999998]",3300155.0,"[5.8199999999999985, 5.699999999999998]",0.007268645933696202,2.0352208614349365,17.060000000000002,"[0.9830000000000002, 0.7230000000000001]",3301155.0,"[9.830000000000002, 7.23]",0.006104959760393415,1.7093887329101562,8.483333333333334,1.5286777147442023,0.006069387992223104,0.000635847422787175,1.699428637822469,0.178037278380409,COMPLETE
330,14.37666666666667,2025-06-13 16:49:18.664112,2025-06-13 16:49:22.124931,0 days 00:00:03.460819,35,0.7868115961398232,0.12117874132690903,0.9398704004208742,0.07130600953382393,339,3306158.0,14.37666666666667,2.8283898049754193,0.7168333333333333,0.17030307950500742,330.0,6.0,15.63,"[0.7140000000000001, 0.849]",3306158.0,"[7.140000000000001, 8.49]",0.007151088570103501,2.3598592281341553,17.1,"[0.9829999999999999, 0.727]",3307158.0,"[9.829999999999998, 7.27]",0.0048476356448549215,1.599719762802124,17.01,"[0.85, 0.8510000000000002]",3308158.0,"[8.5, 8.510000000000002]",0.006041143157265403,1.993577241897583,15.589999999999998,"[0.714, 0.845]",3309158.0,"[7.14, 8.45]",0.005676651723457105,1.8732950687408447,10.43,"[0.583, 0.4600000000000001]",3310158.0,"[5.83, 4.6000000000000005]",0.005926368453285911,1.9557015895843506,10.5,"[0.457, 0.593]",3311158.0,"[4.57, 5.93]",0.005924154050422437,1.9549708366394043,7.168333333333333,1.703030795050074,0.005927840266564879,0.0006756635529274347,1.9561872879664104,0.22296897246605346,COMPLETE
331,13.618333333333332,2025-06-13 16:49:25.331262,2025-06-13 16:49:28.978381,0 days 00:00:03.647119,32,0.8157354378406199,0.0328901064687444,0.9320928594678531,0.00077121197725464,448,3316165.0,13.618333333333332,2.3337338941895003,0.7454999999999998,0.08920528758618147,440.0,6.0,15.79,"[0.859, 0.72]",3316165.0,"[8.59, 7.199999999999999]",0.005629210580479015,2.4768526554107666,11.879999999999999,"[0.5959999999999999, 0.592]",3317165.0,"[5.959999999999999, 5.92]",0.00527221452106129,2.3197743892669678,15.75,"[0.85, 0.7249999999999999]",3318165.0,"[8.5, 7.249999999999998]",0.004874952272935347,2.1449790000915527,14.54,"[0.727, 0.727]",3319165.0,"[7.27, 7.27]",0.005130514773455533,2.2574265003204346,9.28,"[0.7209999999999999, 0.20699999999999993]",3320165.0,"[7.209999999999999, 2.0699999999999994]",0.006234968250448053,2.7433860301971436,14.47,"[0.7199999999999999, 0.727]",3321165.0,"[7.199999999999998, 7.27]",0.005125872113487937,2.2553837299346924,7.454999999999998,0.8920528758618146,0.005377955418644529,0.0004447033314225018,2.366300384203593,0.19566946582590083,COMPLETE
332,14.713333333333333,2025-06-13 16:49:29.054166,2025-06-13 16:49:32.207014,0 days 00:00:03.152848,16,0.8011823906238852,0.1408786849358149,0.9636175161224686,0.07850835810898506,473,3326169.0,14.713333333333333,2.7070135245732008,0.7939999999999999,0.10551461194229605,470.0,6.0,9.51,"[0.647, 0.304]",3326169.0,"[6.470000000000001, 3.04]",0.004375716473193879,2.056586742401123,18.45,"[0.9789999999999999, 0.8659999999999999]",3327169.0,"[9.79, 8.659999999999998]",0.004169676658955027,1.9597480297088623,16.21,"[0.873, 0.748]",3328169.0,"[8.73, 7.48]",0.004134314618212112,1.9431278705596924,14.969999999999999,"[0.7459999999999999, 0.7509999999999999]",3329169.0,"[7.459999999999999, 7.509999999999999]",0.004412624683785946,2.0739336013793945,14.03,"[0.764, 0.639]",3330169.0,"[7.640000000000001, 6.390000000000001]",0.0043988268426124084,2.067448616027832,15.110000000000001,"[0.755, 0.756]",3331169.0,"[7.55, 7.5600000000000005]",0.00433075580191105,2.0354552268981934,7.939999999999999,1.0551461194229605,0.004303652513111737,0.00011066898220208124,2.022716681162516,0.052014421634978256,COMPLETE
333,16.558333333333337,2025-06-13 16:49:32.344222,2025-06-13 16:49:35.639704,0 days 00:00:03.295482,18,0.8276797513265697,0.15947558554375726,0.9421847308081654,0.05185836840576212,461,3336172.0,16.558333333333337,2.131935088651205,0.8451666666666666,0.1399731124974444,460.0,6.0,17.37,"[0.754, 0.983]",3336172.0,"[7.54, 9.83]",0.004255585048509681,1.9575691223144531,16.11,"[0.753, 0.858]",3337172.0,"[7.53, 8.58]",0.004844835530156674,2.2286243438720703,19.73,"[0.985, 0.9880000000000001]",3338172.0,"[9.85, 9.88]",0.00405894310578056,1.8671138286590576,17.43,"[0.9810000000000001, 0.7620000000000001]",3339172.0,"[9.81, 7.620000000000001]",0.004216850322225819,1.939751148223877,12.64,"[0.628, 0.636]",3340172.0,"[6.28, 6.36]",0.004938450066939644,2.2716870307922363,16.07,"[0.97, 0.637]",3341172.0,"[9.7, 6.37]",0.004628800827523936,2.1292483806610107,8.451666666666668,1.3997311249744437,0.00449057748352272,0.00033207693556418813,2.0656656424204507,0.15275539035952657,COMPLETE
334,8.385,2025-06-13 16:49:35.787908,2025-06-13 16:49:40.051490,0 days 00:00:04.263582,36,0.8090751207096872,0.11943977035318307,0.9290741570739798,0.00010682891837198499,484,3346176.0,8.385,4.092337351685464,0.40866666666666657,0.12615951102561482,480.0,6.0,11.77,"[0.45699999999999996, 0.72]",3346176.0,"[4.569999999999999, 7.199999999999999]",0.005139499406019847,2.4669597148895264,5.059999999999999,"[0.32099999999999995, 0.18499999999999991]",3347176.0,"[3.2099999999999995, 1.8499999999999992]",0.005703817804654439,2.737832546234131,9.1,"[0.4579999999999999, 0.45199999999999996]",3348176.0,"[4.579999999999999, 4.52]",0.005049393077691396,2.42370867729187,11.74,"[0.45299999999999996, 0.7210000000000001]",3349176.0,"[4.529999999999999, 7.210000000000001]",0.005506649613380432,2.6431918144226074,0.9499999999999983,"[0.18199999999999994, -0.0870000000000001]",3350176.0,"[1.8199999999999994, -0.870000000000001]",0.007089781264464061,3.403095006942749,11.69,"[0.581, 0.588]",3351176.0,"[5.81, 5.88]",0.005663500726222992,2.718480348587036,4.086666666666667,1.261595110256148,0.005692106982072194,0.0006717265803504448,2.7322113513946533,0.32242875856821346,COMPLETE
335,15.613333333333332,2025-06-13 16:49:40.127268,2025-06-13 16:49:42.295660,0 days 00:00:02.168392,37,0.719258251990621,0.08123940242495382,0.9377556775854359,0.06431881517293538,138,3356180.0,15.613333333333332,2.5298265201831973,0.8025000000000001,0.14625747844127493,130.0,6.0,16.950000000000003,"[0.8460000000000001, 0.849]",3356180.0,"[8.46, 8.49]",0.008883813711313101,1.1548957824707031,15.599999999999998,"[0.718, 0.842]",3357180.0,"[7.18, 8.42]",0.00879211058983436,1.1429743766784668,13.0,"[0.7139999999999999, 0.586]",3358180.0,"[7.139999999999999, 5.859999999999999]",0.009703625165499174,1.2614712715148926,11.629999999999999,"[0.58, 0.583]",3359180.0,"[5.8, 5.83]",0.010428630388700046,1.3557219505310059,18.17,"[0.975, 0.8419999999999999]",3360180.0,"[9.75, 8.419999999999998]",0.008992618780869705,1.1690404415130615,18.33,"[0.982, 0.851]",3361180.0,"[9.82, 8.51]",0.008743533721336951,1.1366593837738037,8.025,1.4625747844127495,0.00925738872625889,0.0006138846413937661,1.2034605344136555,0.07980500338118958,COMPLETE
336,16.57,2025-06-13 16:49:45.518904,2025-06-13 16:49:48.918962,0 days 00:00:03.400058,33,0.9116923147865459,0.07664493903869854,0.9726186592041016,0.08741450827809494,443,3366185.0,16.57,2.0196946964000935,0.8936666666666665,0.13960380446901238,440.0,6.0,13.25,"[0.5989999999999999, 0.726]",3366185.0,"[5.989999999999998, 7.26]",0.0051058525388891045,2.246575117111206,14.4,"[0.852, 0.5879999999999999]",3367185.0,"[8.52, 5.879999999999999]",0.005561734871430831,2.4471633434295654,18.13,"[0.97, 0.843]",3368185.0,"[9.7, 8.43]",0.005310975963419134,2.336829423904419,18.310000000000002,"[0.9790000000000001, 0.852]",3369185.0,"[9.790000000000001, 8.52]",0.00485503077507019,2.136213541030884,17.0,"[0.9790000000000001, 0.721]",3370185.0,"[9.790000000000001, 7.21]",0.005137178572741422,2.2603585720062256,18.33,"[0.983, 0.85]",3371185.0,"[9.83, 8.5]",0.005052074519070712,2.2229127883911133,8.936666666666666,1.3960380446901237,0.0051704745401035665,0.00022046664720790774,2.275008797645569,0.09700532477147931,COMPLETE
