number,value,datetime_start,datetime_complete,duration,params_episode_length,params_epsilon_max,params_epsilon_min,params_gamma,params_learning_rate,params_num_episodes,user_attrs_base_seed,user_attrs_collective_reward_mean,user_attrs_collective_reward_std,user_attrs_individual_reward_agent0_mean,user_attrs_individual_reward_agent0_std,user_attrs_num_episodes_mean,user_attrs_num_parallel_runs,user_attrs_run_0_collective_reward,user_attrs_run_0_individual_rewards,user_attrs_run_0_seed,user_attrs_run_0_total_individual_rewards,user_attrs_run_0_training_time_per_episode,user_attrs_run_0_training_time_total,user_attrs_run_1_collective_reward,user_attrs_run_1_individual_rewards,user_attrs_run_1_seed,user_attrs_run_1_total_individual_rewards,user_attrs_run_1_training_time_per_episode,user_attrs_run_1_training_time_total,user_attrs_run_2_collective_reward,user_attrs_run_2_individual_rewards,user_attrs_run_2_seed,user_attrs_run_2_total_individual_rewards,user_attrs_run_2_training_time_per_episode,user_attrs_run_2_training_time_total,user_attrs_run_3_collective_reward,user_attrs_run_3_individual_rewards,user_attrs_run_3_seed,user_attrs_run_3_total_individual_rewards,user_attrs_run_3_training_time_per_episode,user_attrs_run_3_training_time_total,user_attrs_run_4_collective_reward,user_attrs_run_4_individual_rewards,user_attrs_run_4_seed,user_attrs_run_4_total_individual_rewards,user_attrs_run_4_training_time_per_episode,user_attrs_run_4_training_time_total,user_attrs_run_5_collective_reward,user_attrs_run_5_individual_rewards,user_attrs_run_5_seed,user_attrs_run_5_total_individual_rewards,user_attrs_run_5_training_time_per_episode,user_attrs_run_5_training_time_total,user_attrs_total_individual_reward_agent0_mean,user_attrs_total_individual_reward_agent0_std,user_attrs_training_time_per_episode_mean,user_attrs_training_time_per_episode_std,user_attrs_training_time_total_mean,user_attrs_training_time_total_std,state
373,15.518333333333333,2025-06-13 16:52:23.775088,2025-06-13 16:52:26.814020,0 days 00:00:03.038932,32,0.7507907792367259,0.1353553406632575,0.9447211183956802,0.0646732006223257,434,3736343.0,15.518333333333333,3.113954702446535,0.7678333333333334,0.23014156271497094,430.0,6.0,19.68,"[0.9800000000000001, 0.9880000000000001]",3736343.0,"[9.8, 9.88]",0.00429105703220811,1.8451545238494873,10.61,"[0.34199999999999997, 0.719]",3737343.0,"[3.42, 7.1899999999999995]",0.005172226040862328,2.224057197570801,14.35,"[0.8509999999999998, 0.5839999999999999]",3738343.0,"[8.509999999999998, 5.839999999999998]",0.005112926350083462,2.1985583305358887,13.19,"[0.5969999999999999, 0.7219999999999999]",3739343.0,"[5.969999999999999, 7.219999999999999]",0.00515174200368482,2.2152490615844727,16.939999999999998,"[0.8479999999999999, 0.8460000000000001]",3740343.0,"[8.479999999999999, 8.46]",0.0049086188161095905,2.110706090927124,18.34,"[0.9890000000000001, 0.845]",3741343.0,"[9.89, 8.45]",0.005001587645952091,2.1506826877593994,7.678333333333332,2.3014156271497095,0.0049396929814834005,0.00030402065704292035,2.1240679820378623,0.1307288825284558,COMPLETE
374,16.4,2025-06-13 16:52:26.887951,2025-06-13 16:52:30.168611,0 days 00:00:03.280660,33,0.7596576995780481,0.1311677284549499,0.9478592964308519,0.06803122917292134,440,3746347.0,16.4,2.559329339234532,0.8538333333333332,0.10504033616769423,440.0,6.0,16.86,"[0.844, 0.8419999999999999]",3746347.0,"[8.44, 8.419999999999998]",0.004801707376133312,2.1127512454986572,14.540000000000001,"[0.7300000000000001, 0.724]",3747347.0,"[7.300000000000001, 7.24]",0.005434743382714011,2.391287088394165,18.31,"[0.982, 0.849]",3748347.0,"[9.82, 8.49]",0.004426176439632069,1.9475176334381104,11.879999999999999,"[0.726, 0.4619999999999999]",3749347.0,"[7.26, 4.619999999999999]",0.004629346457394687,2.036912441253662,17.08,"[0.8530000000000001, 0.8549999999999999]",3750347.0,"[8.530000000000001, 8.549999999999999]",0.004665620218623768,2.052872896194458,19.73,"[0.9879999999999999, 0.9850000000000001]",3751347.0,"[9.879999999999999, 9.850000000000001]",0.003883020444349809,1.708528995513916,8.538333333333334,1.0504033616769424,0.0046401023864746085,0.00046138825176107376,2.041645050048828,0.2030108307748725,COMPLETE
375,18.549999999999997,2025-06-13 16:52:30.245483,2025-06-13 16:52:33.165162,0 days 00:00:02.919679,33,0.7737027351921437,0.12855151875241264,0.9463230646079442,0.056062569848230465,433,3756350.0,18.549999999999997,0.4946042188794322,0.9583333333333334,0.052123784291711675,430.0,6.0,18.37,"[0.982, 0.8549999999999999]",3756350.0,"[9.82, 8.549999999999999]",0.0049604027770286385,2.1329731941223145,19.65,"[0.985, 0.9800000000000001]",3757350.0,"[9.85, 9.8]",0.0042027872662211575,1.8071985244750977,18.349999999999998,"[0.982, 0.8530000000000001]",3758350.0,"[9.82, 8.530000000000001]",0.004755047310230344,2.044670343399048,18.22,"[0.842, 0.9800000000000001]",3759350.0,"[8.42, 9.8]",0.004662726646245912,2.004972457885742,18.369999999999997,"[0.984, 0.8530000000000001]",3760350.0,"[9.84, 8.530000000000001]",0.004124432386353958,1.7735059261322021,18.34,"[0.975, 0.859]",3761350.0,"[9.75, 8.59]",0.004913809133130451,2.1129379272460938,9.583333333333334,0.5212378429171168,0.00460320091986841,0.0003266551877188933,1.9793763955434163,0.14046173071912404,COMPLETE
376,15.283333333333331,2025-06-13 16:52:36.482733,2025-06-13 16:52:39.453473,0 days 00:00:02.970740,33,0.7543168955004212,0.13141603069351704,0.946685218521429,0.05562251624673467,418,3766356.0,15.283333333333331,2.9901876566901655,0.7624999999999998,0.17984877907101104,410.0,6.0,9.169999999999998,"[0.4549999999999999, 0.4619999999999999]",3766356.0,"[4.549999999999999, 4.619999999999999]",0.005252864302658453,2.153674364089966,18.33,"[0.9800000000000001, 0.853]",3767356.0,"[9.8, 8.53]",0.004114257998582793,1.6868457794189453,17.06,"[0.851, 0.8550000000000001]",3768356.0,"[8.51, 8.55]",0.004802707346474252,1.9691100120544434,14.46,"[0.591, 0.8549999999999999]",3769356.0,"[5.91, 8.549999999999999]",0.0046752720344357375,1.9168615341186523,15.659999999999998,"[0.8479999999999999, 0.7179999999999999]",3770356.0,"[8.479999999999999, 7.179999999999999]",0.005071646992753192,2.0793752670288086,17.02,"[0.85, 0.852]",3771356.0,"[8.5, 8.52]",0.004419628585257181,1.8120477199554443,7.625,1.7984877907101107,0.0047227295433602675,0.0003815631719777135,1.93631911277771,0.1564409005108625,COMPLETE
377,15.334999999999999,2025-06-13 16:52:39.530363,2025-06-13 16:52:42.744565,0 days 00:00:03.214202,31,0.7676762227796832,0.14143694734972034,0.9456944429619732,0.056399107910403534,425,3776359.0,15.334999999999999,1.3770590643348126,0.7881666666666668,0.06384203596029468,420.0,6.0,14.469999999999997,"[0.8510000000000002, 0.5959999999999999]",3776359.0,"[8.510000000000002, 5.959999999999999]",0.0055048630351112,2.312042474746704,16.98,"[0.724, 0.974]",3777359.0,"[7.24, 9.74]",0.005132209687005906,2.1555280685424805,13.249999999999998,"[0.724, 0.601]",3778359.0,"[7.24, 6.01]",0.005120130947657994,2.1504549980163574,15.84,"[0.8539999999999999, 0.7300000000000001]",3779359.0,"[8.54, 7.300000000000001]",0.004587226254599435,1.9266350269317627,14.51,"[0.7250000000000001, 0.726]",3780359.0,"[7.250000000000001, 7.26]",0.005344662779853458,2.244758367538452,16.96,"[0.8510000000000002, 0.845]",3781359.0,"[8.510000000000002, 8.45]",0.00517209597996303,2.1722803115844727,7.881666666666668,0.6384203596029467,0.00514353144736517,0.00028342591473975905,2.1602832078933716,0.11903888419069882,COMPLETE
378,15.743333333333332,2025-06-13 16:52:42.820493,2025-06-13 16:52:46.172326,0 days 00:00:03.351833,34,0.7753857013921183,0.13463415276518842,0.948613473328151,0.047418778937255386,434,3786362.0,15.743333333333332,2.11038437783789,0.7468333333333333,0.13970614000664242,430.0,6.0,11.790000000000001,"[0.4619999999999999, 0.717]",3786362.0,"[4.619999999999999, 7.17]",0.0058686223140982695,2.523507595062256,17.07,"[0.8580000000000002, 0.8489999999999999]",3787362.0,"[8.580000000000002, 8.489999999999998]",0.004862031825753146,2.0906736850738525,15.9,"[0.733, 0.857]",3788362.0,"[7.33, 8.57]",0.004311246095701706,1.8538358211517334,16.97,"[0.721, 0.976]",3789362.0,"[7.21, 9.76]",0.004792994122172511,2.0609874725341797,18.24,"[0.852, 0.9720000000000001]",3790362.0,"[8.52, 9.72]",0.0047266167263652,2.032445192337036,14.489999999999998,"[0.8550000000000001, 0.5940000000000001]",3791362.0,"[8.55, 5.940000000000001]",0.0047083754872166836,2.024601459503174,7.468333333333334,1.3970614000664243,0.0048783144285512526,0.00047639484967168673,2.0976752042770386,0.20484978535882528,COMPLETE
379,15.733333333333333,2025-06-13 16:52:46.246754,2025-06-13 16:52:49.393964,0 days 00:00:03.147210,33,0.7780797866033301,0.12487592832346645,0.9435356377046992,0.0641505655359795,416,3796366.0,15.733333333333333,2.0934952166704903,0.8538333333333333,0.12789242441295035,410.0,6.0,14.459999999999999,"[0.721, 0.7249999999999999]",3796366.0,"[7.21, 7.249999999999998]",0.005234478159648616,2.1461360454559326,17.029999999999998,"[0.728, 0.975]",3797366.0,"[7.279999999999999, 9.75]",0.004898837717568002,2.008523464202881,18.36,"[0.983, 0.853]",3798366.0,"[9.83, 8.53]",0.0044152178415438025,1.810239315032959,15.579999999999998,"[0.976, 0.582]",3799366.0,"[9.76, 5.819999999999999]",0.005759021131003775,2.361198663711548,17.03,"[0.986, 0.7170000000000001]",3800366.0,"[9.86, 7.170000000000001]",0.004650321820887124,1.9066319465637207,11.94,"[0.729, 0.46499999999999997]",3801366.0,"[7.29, 4.6499999999999995]",0.005012123177691204,2.0549705028533936,8.538333333333332,1.2789242441295037,0.004994999974723754,0.0004292568896295169,2.0479499896367392,0.1759953247481019,COMPLETE
380,16.615,2025-06-13 16:52:49.467193,2025-06-13 16:52:52.777544,0 days 00:00:03.310351,32,0.7458348651142285,0.1365195208907121,0.9513906442340905,0.05276034643701556,443,3806369.0,16.615,0.9201041607702186,0.8935000000000001,0.06227559714687606,440.0,6.0,18.250000000000004,"[0.8530000000000001, 0.9720000000000001]",3806369.0,"[8.530000000000001, 9.72]",0.0045897104523398655,2.019472599029541,15.729999999999999,"[0.9739999999999999, 0.599]",3807369.0,"[9.739999999999998, 5.99]",0.004949967969547619,2.177985906600952,17.09,"[0.851, 0.858]",3808369.0,"[8.51, 8.58]",0.00451569990678267,1.986907958984375,15.810000000000002,"[0.857, 0.724]",3809369.0,"[8.57, 7.24]",0.004683954065496271,2.0609397888183594,15.829999999999998,"[0.9880000000000001, 0.595]",3810369.0,"[9.88, 5.949999999999999]",0.0046283380551771685,2.036468744277954,16.979999999999997,"[0.8380000000000001, 0.86]",3811369.0,"[8.38, 8.6]",0.005284360322085293,2.3251185417175293,8.935,0.6227559714687605,0.004775338461904814,0.0002650248050677426,2.1011489232381186,0.11661091422980678,COMPLETE
381,16.976666666666667,2025-06-13 16:52:56.318813,2025-06-13 16:52:59.582473,0 days 00:00:03.263660,34,0.7803793326860242,0.13032902077862923,0.9472255102599144,0.07072994997609586,425,3816376.0,16.976666666666667,2.7568923728639754,0.8286666666666668,0.2465885011286798,420.0,6.0,18.290000000000003,"[0.9850000000000001, 0.844]",3816376.0,"[9.850000000000001, 8.44]",0.0046664351508730936,1.9599027633666992,11.699999999999998,"[0.324, 0.8459999999999999]",3817376.0,"[3.24, 8.459999999999999]",0.005488559177943639,2.305194854736328,17.03,"[0.9860000000000001, 0.717]",3818376.0,"[9.860000000000001, 7.17]",0.005248381410326276,2.204320192337036,19.650000000000002,"[0.9800000000000001, 0.985]",3819376.0,"[9.8, 9.85]",0.004308309441521054,1.8094899654388428,15.580000000000002,"[0.712, 0.8460000000000001]",3820376.0,"[7.119999999999999, 8.46]",0.005340519973209926,2.243018388748169,19.61,"[0.9850000000000001, 0.976]",3821376.0,"[9.850000000000001, 9.76]",0.004429619085221064,1.8604400157928467,8.286666666666667,2.465885011286798,0.004913637373182508,0.00046307341981674413,2.063727696736654,0.19449083632303255,COMPLETE
382,14.243333333333332,2025-06-13 16:52:59.657327,2025-06-13 16:53:03.318309,0 days 00:00:03.660982,33,0.7608194923255306,0.12505701772257893,0.9424937821025009,0.00224024564772505,441,3826379.0,14.243333333333332,2.743511537346902,0.6808333333333332,0.12373279902901883,440.0,6.0,17.150000000000002,"[0.7310000000000001, 0.9840000000000002]",3826379.0,"[7.3100000000000005, 9.840000000000002]",0.0048695808107202705,2.142615556716919,11.85,"[0.5919999999999999, 0.593]",3827379.0,"[5.919999999999998, 5.93]",0.006577280976555564,2.8940036296844482,18.32,"[0.852, 0.9800000000000001]",3828379.0,"[8.52, 9.8]",0.004768392172726718,2.098092555999756,14.399999999999999,"[0.46099999999999997, 0.9789999999999999]",3829379.0,"[4.609999999999999, 9.79]",0.005476239052685824,2.4095451831817627,10.629999999999999,"[0.7270000000000001, 0.33599999999999997]",3830379.0,"[7.270000000000001, 3.3599999999999994]",0.005097519267689098,2.242908477783203,13.11,"[0.722, 0.5890000000000001]",3831379.0,"[7.22, 5.890000000000001]",0.005113056031140414,2.2497446537017822,6.808333333333334,1.2373279902901884,0.005317011385252981,0.0006061606811676192,2.339485009511312,0.2667106997137525,COMPLETE
383,17.656666666666666,2025-06-13 16:53:03.393044,2025-06-13 16:53:06.674000,0 days 00:00:03.280956,31,0.7716478418570074,0.12861088725744318,0.9443434930035731,0.0892528913755367,433,3836383.0,17.656666666666666,1.5642534605647802,0.8935000000000001,0.13724036092442587,430.0,6.0,19.54,"[0.9820000000000002, 0.9719999999999999]",3836383.0,"[9.820000000000002, 9.719999999999999]",0.005622636994650198,2.417733907699585,17.02,"[0.9800000000000001, 0.7220000000000001]",3837383.0,"[9.8, 7.220000000000001]",0.005406930834748024,2.3249802589416504,19.53,"[0.9730000000000001, 0.9800000000000001]",3838383.0,"[9.73, 9.8]",0.004666925031085347,2.006777763366699,15.909999999999998,"[0.605, 0.9860000000000001]",3839383.0,"[6.05, 9.860000000000001]",0.005194513742313829,2.2336409091949463,18.24,"[0.9720000000000001, 0.852]",3840383.0,"[9.72, 8.52]",0.005193207984746888,2.233079433441162,15.7,"[0.8489999999999999, 0.721]",3841383.0,"[8.489999999999998, 7.21]",0.005871252126471941,2.5246384143829346,8.935,1.3724036092442586,0.0053259111190027035,0.00037884590327212745,2.290141781171163,0.16290373840701475,COMPLETE
384,17.276666666666667,2025-06-13 16:53:06.755007,2025-06-13 16:53:09.851693,0 days 00:00:03.096686,32,0.7670972663618787,0.1260550649516176,0.9449697513352153,0.06026593521286324,430,3846386.0,17.276666666666667,0.4652478431498156,0.8534999999999999,0.1033920532084873,430.0,6.0,17.14,"[0.728, 0.986]",3846386.0,"[7.279999999999999, 9.86]",0.0050963751105375064,2.191441297531128,18.31,"[0.984, 0.8470000000000001]",3847386.0,"[9.84, 8.47]",0.0048576160918834595,2.0887749195098877,17.009999999999998,"[0.85, 0.851]",3848386.0,"[8.5, 8.51]",0.0050064524938893875,2.1527745723724365,17.099999999999998,"[0.724, 0.9860000000000001]",3849386.0,"[7.24, 9.860000000000001]",0.005106903231421182,2.1959683895111084,16.99,"[0.974, 0.7250000000000001]",3850386.0,"[9.74, 7.250000000000001]",0.0048777142236399096,2.097417116165161,17.110000000000003,"[0.861, 0.85]",3851386.0,"[8.61, 8.5]",0.004799799031989519,2.063913583755493,8.535,1.033920532084873,0.004957476697226828,0.00011917502940858989,2.1317149798075357,0.0512452626456937,COMPLETE
385,14.056666666666665,2025-06-13 16:53:09.975707,2025-06-13 16:53:13.214181,0 days 00:00:03.238474,32,0.7611355181407209,0.13019617471613815,0.9495256452083182,0.04499198660874827,413,3856390.0,14.056666666666665,1.7497301379228622,0.6811666666666666,0.0951935163525099,410.0,6.0,14.54,"[0.727, 0.727]",3856390.0,"[7.27, 7.27]",0.005369160814983088,2.2013559341430664,15.68,"[0.8480000000000001, 0.72]",3857390.0,"[8.48, 7.199999999999999]",0.005498826794508027,2.254518985748291,14.489999999999998,"[0.727, 0.7219999999999999]",3858390.0,"[7.27, 7.219999999999999]",0.0057265793404928066,2.347897529602051,13.16,"[0.59, 0.726]",3859390.0,"[5.8999999999999995, 7.26]",0.005985478657047923,2.4540462493896484,15.800000000000002,"[0.6009999999999999, 0.9790000000000001]",3860390.0,"[6.009999999999999, 9.790000000000001]",0.005736363806375643,2.3519091606140137,10.669999999999998,"[0.5939999999999998, 0.473]",3861390.0,"[5.939999999999998, 4.7299999999999995]",0.005538996836034263,2.270988702774048,6.8116666666666665,0.9519351635250989,0.005642567708240291,0.00019982629386626347,2.3134527603785195,0.08192878048516802,COMPLETE
386,15.321666666666665,2025-06-13 16:53:16.673125,2025-06-13 16:53:19.850433,0 days 00:00:03.177308,32,0.7432705491381112,0.11826986259190633,0.9455205734523151,0.05816000503575344,430,3866396.0,15.321666666666665,1.4123552039845446,0.7666666666666666,0.05788686283509315,430.0,6.0,13.139999999999997,"[0.728, 0.5859999999999999]",3866396.0,"[7.279999999999999, 5.8599999999999985]",0.0052840465723082075,2.2721400260925293,15.709999999999999,"[0.8489999999999999, 0.7219999999999999]",3867396.0,"[8.489999999999998, 7.219999999999999]",0.0046033132907956145,1.9794247150421143,17.04,"[0.727, 0.9770000000000001]",3868396.0,"[7.27, 9.770000000000001]",0.004998331846192826,2.149282693862915,17.0,"[0.8480000000000001, 0.852]",3869396.0,"[8.48, 8.52]",0.004464391220447629,1.9196882247924805,14.479999999999997,"[0.723, 0.7249999999999999]",3870396.0,"[7.2299999999999995, 7.249999999999998]",0.005052346406981003,2.172508955001831,14.56,"[0.725, 0.7309999999999999]",3871396.0,"[7.25, 7.309999999999999]",0.004838488822759584,2.080550193786621,7.666666666666667,0.5788686283509314,0.004873486359914144,0.0002761986446686865,2.095599134763082,0.11876541720753515,COMPLETE
387,15.983333333333333,2025-06-13 16:53:19.921993,2025-06-13 16:53:23.277143,0 days 00:00:03.355150,30,0.7588535869375268,0.1276556907197858,0.9455369230656243,0.05178398554801285,439,3876400.0,15.983333333333333,2.896024094436294,0.8113333333333334,0.1752471270964393,430.0,6.0,16.919999999999998,"[0.8470000000000001, 0.845]",3876400.0,"[8.47, 8.45]",0.004662014717279479,2.004666328430176,15.689999999999998,"[0.849, 0.7200000000000001]",3877400.0,"[8.49, 7.200000000000001]",0.004798267054003338,2.0632548332214355,10.699999999999998,"[0.472, 0.598]",3878400.0,"[4.72, 5.9799999999999995]",0.005880668551422829,2.5286874771118164,18.369999999999997,"[0.983, 0.8539999999999999]",3879400.0,"[9.83, 8.54]",0.004454736931379451,1.915536880493164,19.68,"[0.986, 0.982]",3880400.0,"[9.86, 9.82]",0.00400097647378611,1.7204198837280273,14.540000000000001,"[0.7310000000000001, 0.7230000000000001]",3881400.0,"[7.3100000000000005, 7.23]",0.005308012075202409,2.282445192337036,8.113333333333333,1.7524712709643933,0.00485077930051227,0.0006037573582392913,2.085835099220276,0.25961566404289527,COMPLETE
388,17.446666666666665,2025-06-13 16:53:23.355292,2025-06-13 16:53:26.459613,0 days 00:00:03.104321,31,0.7333896207485073,0.1370756219221861,0.9483033172980343,0.06031310496283612,427,3886403.0,17.446666666666665,1.1596647024990543,0.8928333333333334,0.0990141684586381,420.0,6.0,17.01,"[0.85, 0.851]",3886403.0,"[8.5, 8.51]",0.004721647217160179,1.9830918312072754,19.509999999999998,"[0.9720000000000001, 0.9790000000000001]",3887403.0,"[9.72, 9.790000000000001]",0.0047204187938145225,1.9825758934020996,18.27,"[0.9850000000000001, 0.8420000000000002]",3888403.0,"[9.850000000000001, 8.420000000000002]",0.0050490106855119975,2.120584487915039,17.08,"[0.849, 0.859]",3889403.0,"[8.49, 8.59]",0.0045476555824279785,1.910015344619751,15.840000000000002,"[0.986, 0.598]",3890403.0,"[9.86, 5.9799999999999995]",0.005072044190906343,2.130258560180664,16.97,"[0.715, 0.9820000000000002]",3891403.0,"[7.1499999999999995, 9.820000000000002]",0.0052015645163399835,2.184657096862793,8.928333333333333,0.9901416845863809,0.004885390164360168,0.00023440334721305727,2.0518638690312705,0.09844940582948401,COMPLETE
389,15.793333333333331,2025-06-13 16:53:26.594862,2025-06-13 16:53:29.745212,0 days 00:00:03.150350,31,0.6696443529789255,0.13294872065874708,0.9492689045007867,0.048643022955059054,427,3896406.0,15.793333333333331,3.869623869174999,0.789,0.17711201728473053,420.0,6.0,18.4,"[0.9830000000000002, 0.857]",3896406.0,"[9.830000000000002, 8.57]",0.004601885023571196,1.9327917098999023,15.86,"[0.728, 0.858]",3897406.0,"[7.279999999999999, 8.58]",0.004909047626313709,2.061800003051758,8.049999999999999,"[0.471, 0.3339999999999999]",3898406.0,"[4.71, 3.339999999999999]",0.005352009478069487,2.2478439807891846,19.63,"[0.982, 0.9810000000000001]",3899406.0,"[9.82, 9.81]",0.004655789193652925,1.9554314613342285,18.36,"[0.85, 0.986]",3900406.0,"[8.5, 9.86]",0.004530274868011474,1.9027154445648193,14.459999999999999,"[0.72, 0.7260000000000001]",3901406.0,"[7.199999999999999, 7.260000000000001]",0.004901925155094692,2.0588085651397705,7.890000000000001,1.7711201728473052,0.004825155224118914,0.0002756797119546307,2.026565194129944,0.11578547902094485,COMPLETE
390,16.808333333333334,2025-06-13 16:53:29.831999,2025-06-13 16:53:33.215143,0 days 00:00:03.383144,31,0.7659580581037796,0.1359337422389862,0.9462160405745181,0.059722880036165715,421,3906410.0,16.808333333333334,2.5471580023408227,0.9115000000000001,0.09879735151645852,420.0,6.0,18.32,"[0.9780000000000001, 0.8539999999999999]",3906410.0,"[9.780000000000001, 8.54]",0.004605351175580706,1.9342474937438965,11.879999999999999,"[0.7190000000000001, 0.469]",3907410.0,"[7.190000000000001, 4.6899999999999995]",0.005836038362412225,2.4511361122131348,17.060000000000002,"[0.976, 0.73]",3908410.0,"[9.76, 7.3]",0.004876963865189325,2.0483248233795166,18.31,"[0.9710000000000001, 0.86]",3909410.0,"[9.71, 8.6]",0.004830999601454962,2.029019832611084,19.72,"[0.9810000000000001, 0.991]",3910410.0,"[9.81, 9.91]",0.004249607949029832,1.7848353385925293,15.559999999999999,"[0.844, 0.7120000000000001]",3911410.0,"[8.44, 7.120000000000001]",0.005274312269119989,2.2152111530303955,9.115,0.9879735151645851,0.004945545537131173,0.0005031485173731768,2.0771291255950928,0.21132237729673436,COMPLETE
