number,value,datetime_start,datetime_complete,duration,params_episode_length,params_epsilon_max,params_epsilon_min,params_gamma,params_learning_rate,params_num_episodes,user_attrs_base_seed,user_attrs_collective_reward_mean,user_attrs_collective_reward_std,user_attrs_individual_reward_agent0_mean,user_attrs_individual_reward_agent0_std,user_attrs_num_episodes_mean,user_attrs_num_parallel_runs,user_attrs_run_0_collective_reward,user_attrs_run_0_individual_rewards,user_attrs_run_0_seed,user_attrs_run_0_total_individual_rewards,user_attrs_run_0_training_time_per_episode,user_attrs_run_0_training_time_total,user_attrs_run_1_collective_reward,user_attrs_run_1_individual_rewards,user_attrs_run_1_seed,user_attrs_run_1_total_individual_rewards,user_attrs_run_1_training_time_per_episode,user_attrs_run_1_training_time_total,user_attrs_run_2_collective_reward,user_attrs_run_2_individual_rewards,user_attrs_run_2_seed,user_attrs_run_2_total_individual_rewards,user_attrs_run_2_training_time_per_episode,user_attrs_run_2_training_time_total,user_attrs_run_3_collective_reward,user_attrs_run_3_individual_rewards,user_attrs_run_3_seed,user_attrs_run_3_total_individual_rewards,user_attrs_run_3_training_time_per_episode,user_attrs_run_3_training_time_total,user_attrs_run_4_collective_reward,user_attrs_run_4_individual_rewards,user_attrs_run_4_seed,user_attrs_run_4_total_individual_rewards,user_attrs_run_4_training_time_per_episode,user_attrs_run_4_training_time_total,user_attrs_run_5_collective_reward,user_attrs_run_5_individual_rewards,user_attrs_run_5_seed,user_attrs_run_5_total_individual_rewards,user_attrs_run_5_training_time_per_episode,user_attrs_run_5_training_time_total,user_attrs_total_individual_reward_agent0_mean,user_attrs_total_individual_reward_agent0_std,user_attrs_training_time_per_episode_mean,user_attrs_training_time_per_episode_std,user_attrs_training_time_total_mean,user_attrs_training_time_total_std,state
211,15.795,2025-06-13 16:39:03.088802,2025-06-13 16:39:06.192588,0 days 00:00:03.103786,24,0.9744851276755275,0.04766487428334431,0.9696100859932166,0.05173053281657489,486,2115543.0,15.795,1.7520250188472386,0.7593333333333332,0.12805684501640494,480.0,6.0,16.169999999999998,"[0.8649999999999999, 0.752]",2115543.0,"[8.649999999999999, 7.52]",0.004191108544667562,2.0117321014404297,12.399999999999999,"[0.502, 0.7379999999999999]",2116543.0,"[5.02, 7.379999999999999]",0.004999178647994995,2.3996057510375977,14.719999999999999,"[0.735, 0.737]",2117543.0,"[7.35, 7.37]",0.004487253725528717,2.153881788253784,17.22,"[0.86, 0.8619999999999999]",2118543.0,"[8.6, 8.62]",0.004452394445737203,2.1371493339538574,17.119999999999997,"[0.736, 0.9760000000000002]",2119543.0,"[7.359999999999999, 9.760000000000002]",0.004508089522520701,2.1638829708099365,17.14,"[0.858, 0.8560000000000001]",2120543.0,"[8.58, 8.56]",0.004687231779098511,2.249871253967285,7.593333333333333,1.2805684501640493,0.004554209444257948,0.00024647893976955423,2.186020533243815,0.11830989108938603,COMPLETE
212,16.62666666666667,2025-06-13 16:39:06.268273,2025-06-13 16:39:09.429218,0 days 00:00:03.160945,25,0.9995780444475393,0.056401955265940044,0.9955566592954891,0.06918455429588505,493,2125546.0,16.62666666666667,3.0209637902865087,0.8624999999999999,0.09800127550190356,490.0,6.0,19.71,"[0.984, 0.9870000000000001]",2125546.0,"[9.84, 9.870000000000001]",0.00410890092655104,2.0133614540100098,14.829999999999998,"[0.7409999999999999, 0.742]",2126546.0,"[7.409999999999998, 7.42]",0.004609718128126495,2.2587618827819824,18.400000000000002,"[0.859, 0.9810000000000001]",2127546.0,"[8.59, 9.81]",0.004377764098498286,2.14510440826416,11.169999999999998,"[0.745, 0.3719999999999999]",2128546.0,"[7.45, 3.719999999999999]",0.004801698606841418,2.352832317352295,16.06,"[0.8640000000000001, 0.742]",2129546.0,"[8.64, 7.42]",0.004574641402886838,2.241574287414551,19.59,"[0.982, 0.977]",2130546.0,"[9.82, 9.77]",0.004448410442897252,2.1797211170196533,8.625,0.9800127550190357,0.004486855600966889,0.00021531232661319743,2.1985592444737754,0.10550304004046672,COMPLETE
213,15.33,2025-06-13 16:39:09.499973,2025-06-13 16:39:12.770134,0 days 00:00:03.270161,27,0.9006087487344834,0.050889279272486376,0.9745506506282136,0.003572387850354758,476,2135549.0,15.33,2.77008423457964,0.7753333333333333,0.13774694995615047,470.0,6.0,17.270000000000003,"[0.866, 0.8610000000000001]",2135549.0,"[8.66, 8.610000000000001]",0.00427001638615385,2.0069077014923096,15.970000000000002,"[0.8559999999999999, 0.741]",2136549.0,"[8.559999999999999, 7.41]",0.004759546036415912,2.2369866371154785,12.209999999999999,"[0.733, 0.4879999999999999]",2137549.0,"[7.33, 4.879999999999999]",0.00537136767772918,2.524542808532715,10.95,"[0.485, 0.6100000000000001]",2138549.0,"[4.85, 6.100000000000001]",0.0053769923271016875,2.527186393737793,17.139999999999997,"[0.8530000000000001, 0.861]",2139549.0,"[8.530000000000001, 8.61]",0.004886006294412816,2.2964229583740234,18.44,"[0.859, 0.9850000000000001]",2140549.0,"[8.59, 9.850000000000001]",0.004388073150147783,2.062394380569458,7.753333333333333,1.3774694995615049,0.004842000311993538,0.0004298055719092476,2.275740146636963,0.20200861879734636,COMPLETE
214,16.143333333333334,2025-06-13 16:39:12.856189,2025-06-13 16:39:16.246269,0 days 00:00:03.390080,26,0.9881521193641716,0.06042406513394797,0.9969001268694663,0.04185066279557906,484,2145553.0,16.143333333333334,1.6381968407028786,0.7749999999999999,0.1525144801868553,480.0,6.0,18.380000000000003,"[0.9730000000000001, 0.865]",2145553.0,"[9.73, 8.65]",0.004708444078763326,2.2600531578063965,13.52,"[0.48599999999999993, 0.866]",2146553.0,"[4.859999999999999, 8.66]",0.005106710890928904,2.451221227645874,17.14,"[0.86, 0.8539999999999999]",2147553.0,"[8.6, 8.54]",0.00477916697661082,2.2940001487731934,15.95,"[0.738, 0.857]",2148553.0,"[7.38, 8.57]",0.004747020701567332,2.2785699367523193,14.689999999999998,"[0.857, 0.6119999999999999]",2149553.0,"[8.57, 6.119999999999999]",0.005092648168404897,2.4444711208343506,17.18,"[0.736, 0.982]",2150553.0,"[7.359999999999999, 9.82]",0.0046264986197153725,2.220719337463379,7.75,1.525144801868553,0.004843414905998441,0.0001871414052297266,2.324839154879252,0.0898278745102688,COMPLETE
215,14.445,2025-06-13 16:39:16.315794,2025-06-13 16:39:19.504976,0 days 00:00:03.189182,23,0.9606237981089142,0.06476360450444137,0.9949456064841206,0.030309777229546916,493,2155556.0,14.445,1.123769697639749,0.6826666666666669,0.11563832505801108,490.0,6.0,16.13,"[0.8680000000000001, 0.745]",2155556.0,"[8.680000000000001, 7.45]",0.004507719254007145,2.208782434463501,14.72,"[0.736, 0.736]",2156556.0,"[7.359999999999999, 7.359999999999999]",0.0048155083948252155,2.3595991134643555,14.739999999999998,"[0.623, 0.8510000000000002]",2157556.0,"[6.23, 8.510000000000002]",0.004761324610028948,2.3330490589141846,12.5,"[0.5029999999999999, 0.7470000000000001]",2158556.0,"[5.029999999999999, 7.470000000000001]",0.004816473260217783,2.360071897506714,13.679999999999998,"[0.623, 0.7449999999999999]",2159556.0,"[6.23, 7.449999999999999]",0.004652443224070024,2.2796971797943115,14.9,"[0.743, 0.7470000000000001]",2160556.0,"[7.43, 7.470000000000001]",0.004340223390228894,2.126709461212158,6.826666666666667,1.1563832505801108,0.004648948688896335,0.00017497820834723685,2.277984857559204,0.08573932209014602,COMPLETE
216,14.318333333333333,2025-06-13 16:39:21.265975,2025-06-13 16:39:23.875775,0 days 00:00:02.609800,29,0.8442566808952923,0.04825771767969424,0.9663998720478978,0.05988857838280094,274,2165561.0,14.318333333333333,3.675465578973937,0.6228333333333332,0.26632650178973094,270.0,6.0,12.04,"[0.598, 0.606]",2165561.0,"[5.9799999999999995, 6.06]",0.005999352313854076,1.6198251247406006,18.41,"[0.982, 0.859]",2166561.0,"[9.82, 8.59]",0.005369957288106283,1.4498884677886963,9.54,"[0.22499999999999992, 0.7289999999999999]",2167561.0,"[2.249999999999999, 7.289999999999999]",0.006443170264915183,1.7396559715270996,10.649999999999999,"[0.35199999999999987, 0.7130000000000001]",2168561.0,"[3.5199999999999987, 7.130000000000001]",0.006882933334068015,1.8583920001983643,16.99,"[0.7249999999999999, 0.9739999999999999]",2169561.0,"[7.249999999999998, 9.739999999999998]",0.006330233150058323,1.709162950515747,18.279999999999998,"[0.8550000000000001, 0.9730000000000001]",2170561.0,"[8.55, 9.73]",0.0060849357534337924,1.642932653427124,6.228333333333334,2.66326501789731,0.006185097017405946,0.0004625343185311652,1.6699761946996052,0.12488426600341464,COMPLETE
217,13.501666666666665,2025-06-13 16:39:23.946186,2025-06-13 16:39:26.757449,0 days 00:00:02.811263,40,0.9435379600745512,0.04080530954318135,0.9101445753234606,0.09045984582295166,304,2175564.0,13.501666666666665,4.244959429200185,0.7071666666666666,0.22598334501069373,300.0,6.0,16.97,"[0.851, 0.8459999999999999]",2175564.0,"[8.51, 8.459999999999999]",0.006117386023203532,1.8352158069610596,19.630000000000003,"[0.9800000000000001, 0.983]",2176564.0,"[9.8, 9.83]",0.005618627866109212,1.6855883598327637,7.329999999999999,"[0.2919999999999999, 0.44099999999999995]",2177564.0,"[2.919999999999999, 4.409999999999999]",0.0068045274416605635,2.041358232498169,11.45,"[0.567, 0.5780000000000001]",2178564.0,"[5.67, 5.780000000000001]",0.006238830089569092,1.8716490268707275,10.049999999999999,"[0.7069999999999999, 0.29799999999999993]",2179564.0,"[7.0699999999999985, 2.9799999999999995]",0.005954496860504151,1.7863490581512451,15.58,"[0.8459999999999999, 0.7120000000000001]",2180564.0,"[8.459999999999999, 7.120000000000001]",0.005739250183105469,1.7217750549316406,7.071666666666666,2.259833450106937,0.00607885307735867,0.0003864976401138264,1.8236559232076008,0.11594929203414787,COMPLETE
218,16.183333333333334,2025-06-13 16:39:26.828963,2025-06-13 16:39:29.736705,0 days 00:00:02.907742,25,0.7372003744298042,0.07065370466899343,0.9974320415265804,0.004486201701092089,448,2185566.0,16.183333333333334,1.3037723045924168,0.8203333333333335,0.09119332334234906,440.0,6.0,18.389999999999997,"[0.982, 0.857]",2185566.0,"[9.82, 8.57]",0.003885691816156561,1.7097043991088867,14.749999999999998,"[0.742, 0.733]",2186566.0,"[7.42, 7.33]",0.004679375886917114,2.0589253902435303,14.729999999999999,"[0.736, 0.7369999999999999]",2187566.0,"[7.359999999999999, 7.369999999999999]",0.004209555279124867,1.8522043228149414,17.23,"[0.7369999999999999, 0.9860000000000001]",2188566.0,"[7.369999999999999, 9.860000000000001]",0.004782111536372792,2.1041290760040283,16.01,"[0.8600000000000001, 0.741]",2189566.0,"[8.600000000000001, 7.41]",0.004980656775561246,2.1914889812469482,15.99,"[0.865, 0.734]",2190566.0,"[8.65, 7.34]",0.004187931255860762,1.8426897525787354,8.203333333333333,0.9119332334234909,0.00445422042499889,0.0003849975169662481,1.9598569869995117,0.16939890746514916,COMPLETE
219,16.34166666666667,2025-06-13 16:39:29.800354,2025-06-13 16:39:32.668700,0 days 00:00:02.868346,19,0.7851665962860936,0.05800146149985187,0.9255873622971268,0.0028810646104848094,471,2195570.0,16.34166666666667,1.5402101227502103,0.787,0.15973937106006983,470.0,6.0,15.060000000000002,"[0.868, 0.6380000000000001]",2195570.0,"[8.68, 6.380000000000001]",0.004087870171729555,1.9212989807128906,17.26,"[0.8639999999999999, 0.8619999999999999]",2196570.0,"[8.639999999999999, 8.62]",0.0040283203125,1.893310546875,13.790000000000003,"[0.512, 0.8670000000000002]",2197570.0,"[5.12, 8.670000000000002]",0.0042257658978726,1.986109972000122,17.25,"[0.865, 0.86]",2198570.0,"[8.65, 8.6]",0.0038583831584199945,1.8134400844573975,16.25,"[0.636, 0.9890000000000001]",2199570.0,"[6.36, 9.89]",0.003980966831775422,1.8710544109344482,18.439999999999998,"[0.9770000000000001, 0.867]",2200570.0,"[9.770000000000001, 8.67]",0.003919633398664759,1.8422276973724365,7.870000000000001,1.5973937106006981,0.004016823295160388,0.00011879372190462356,1.8879069487253826,0.05583304929517306,COMPLETE
220,16.738333333333333,2025-06-13 16:39:32.736104,2025-06-13 16:39:36.245706,0 days 00:00:03.509602,27,0.9778510305634933,0.053964465437279154,0.9380081427904877,0.07739005540582228,500,2205572.0,16.738333333333333,2.8386347461803227,0.8368333333333334,0.11103065142362971,500.0,6.0,15.919999999999998,"[0.7320000000000001, 0.86]",2205572.0,"[7.320000000000001, 8.6]",0.00486812973022461,2.4340648651123047,10.929999999999998,"[0.735, 0.358]",2206572.0,"[7.35, 3.58]",0.004664382457733154,2.332191228866577,18.45,"[0.9840000000000002, 0.861]",2207572.0,"[9.840000000000002, 8.61]",0.004438244342803955,2.2191221714019775,18.44,"[0.8560000000000001, 0.9880000000000001]",2208572.0,"[8.56, 9.88]",0.0045027976036071775,2.251398801803589,17.13,"[0.735, 0.978]",2209572.0,"[7.35, 9.78]",0.005072126388549805,2.5360631942749023,19.56,"[0.9790000000000001, 0.977]",2210572.0,"[9.790000000000001, 9.77]",0.004055745124816894,2.0278725624084473,8.368333333333334,1.1103065142362971,0.004600237607955932,0.00032423453671016455,2.3001188039779663,0.16211726835508217,COMPLETE
221,17.043333333333333,2025-06-13 16:39:38.070887,2025-06-13 16:39:41.441073,0 days 00:00:03.370186,27,0.9752152867324003,0.05232634499523176,0.9387013745073447,0.08108461826712138,499,2215578.0,17.043333333333333,1.002025725994874,0.9154999999999999,0.061263773961452946,490.0,6.0,15.78,"[0.9709999999999999, 0.607]",2215578.0,"[9.709999999999999, 6.07]",0.0052206550325666155,2.5581209659576416,17.15,"[0.982, 0.7330000000000001]",2216578.0,"[9.82, 7.330000000000001]",0.00475361882423868,2.329273223876953,18.189999999999998,"[0.857, 0.962]",2217578.0,"[8.57, 9.62]",0.00462895899402852,2.2681899070739746,17.009999999999998,"[0.853, 0.8480000000000001]",2218578.0,"[8.53, 8.48]",0.004916626579907476,2.409147024154663,18.31,"[0.9770000000000001, 0.8539999999999999]",2219578.0,"[9.770000000000001, 8.54]",0.0049480652322574535,2.4245519638061523,15.82,"[0.853, 0.7289999999999999]",2220578.0,"[8.53, 7.289999999999999]",0.004977543986573511,2.4389965534210205,9.155000000000001,0.6126377396145298,0.004907578108262043,0.0001852770621986181,2.404713273048401,0.09078576047732295,COMPLETE
222,13.84666666666667,2025-06-13 16:39:41.509643,2025-06-13 16:39:44.909868,0 days 00:00:03.400225,27,0.9809186506332305,0.06247396864114324,0.9456125206430481,0.08149840177111872,497,2225581.0,13.84666666666667,2.2088357918948054,0.673,0.12031070886112621,490.0,6.0,13.47,"[0.6140000000000001, 0.7329999999999999]",2225581.0,"[6.140000000000001, 7.329999999999998]",0.004600408612465372,2.2542002201080322,9.770000000000003,"[0.6120000000000001, 0.3649999999999999]",2226581.0,"[6.120000000000001, 3.6499999999999986]",0.005005007374043367,2.45245361328125,13.39,"[0.48199999999999993, 0.857]",2227581.0,"[4.819999999999999, 8.57]",0.005362299996979383,2.6275269985198975,14.659999999999998,"[0.733, 0.7329999999999999]",2228581.0,"[7.33, 7.329999999999998]",0.005311679353519362,2.6027228832244873,17.17,"[0.8620000000000001, 0.8550000000000001]",2229581.0,"[8.620000000000001, 8.55]",0.00434907747774708,2.1310479640960693,14.620000000000001,"[0.735, 0.727]",2230581.0,"[7.35, 7.27]",0.005149463244846889,2.5232369899749756,6.73,1.203107088611262,0.004962989343266909,0.00037101759106398694,2.431864778200785,0.1817986196213536,COMPLETE
223,13.715000000000002,2025-06-13 16:39:44.981886,2025-06-13 16:39:48.726524,0 days 00:00:03.744638,28,0.9720579733743784,0.05420772800135059,0.9421469332677543,0.0902218016190012,500,2235585.0,13.715000000000002,3.8689824243591495,0.7053333333333334,0.2917948289847204,500.0,6.0,14.57,"[0.7270000000000001, 0.7299999999999999]",2235585.0,"[7.270000000000001, 7.299999999999999]",0.005598236560821533,2.7991182804107666,18.34,"[0.977, 0.857]",2236585.0,"[9.77, 8.57]",0.004944557189941406,2.472278594970703,5.779999999999999,"[0.10200000000000001, 0.476]",2237585.0,"[1.02, 4.76]",0.005981194496154785,2.9905972480773926,15.67,"[0.7220000000000001, 0.845]",2238585.0,"[7.220000000000001, 8.45]",0.005171206951141358,2.5856034755706787,14.589999999999998,"[0.731, 0.7279999999999999]",2239585.0,"[7.31, 7.2799999999999985]",0.0049093647003173825,2.4546823501586914,13.34,"[0.9730000000000001, 0.361]",2240585.0,"[9.73, 3.61]",0.004660357475280761,2.330178737640381,7.053333333333335,2.917948289847204,0.005210819562276204,0.0004490578697693215,2.605409781138102,0.2245289348846607,COMPLETE
224,14.253333333333332,2025-06-13 16:39:48.810429,2025-06-13 16:39:51.399155,0 days 00:00:02.588726,28,0.9922863532841243,0.04200073220865504,0.9396554287950448,0.07865441772229073,213,2245588.0,14.253333333333332,2.84075498571927,0.7111666666666667,0.17036472313506953,210.0,6.0,12.260000000000002,"[0.7380000000000001, 0.488]",2245588.0,"[7.380000000000001, 4.88]",0.007242468425205775,1.520918369293213,18.41,"[0.8619999999999999, 0.9790000000000001]",2246588.0,"[8.62, 9.790000000000001]",0.007101736749921526,1.4913647174835205,13.41,"[0.8560000000000001, 0.485]",2247588.0,"[8.56, 4.85]",0.00748093014671689,1.5709953308105469,9.659999999999998,"[0.352, 0.614]",2248588.0,"[3.5199999999999996, 6.14]",0.007991355941409156,1.6781847476959229,15.870000000000001,"[0.726, 0.861]",2249588.0,"[7.26, 8.61]",0.00735775629679362,1.5451288223266602,15.91,"[0.733, 0.858]",2250588.0,"[7.33, 8.58]",0.0075169733592442105,1.5785644054412842,7.111666666666667,1.7036472313506952,0.0074485368198818624,0.0002802858842384701,1.5641927321751912,0.05886003569007875,COMPLETE
225,16.755,2025-06-13 16:39:51.489317,2025-06-13 16:39:54.859976,0 days 00:00:03.370659,27,0.9847731926920869,0.048740683746519825,0.9371532239872482,0.07094911057993142,485,2255591.0,16.755,2.29053669111266,0.8576666666666668,0.12208148462764074,480.0,6.0,18.41,"[0.985, 0.8559999999999999]",2255591.0,"[9.85, 8.559999999999999]",0.004849396149317424,2.3277101516723633,17.23,"[0.8640000000000001, 0.8590000000000002]",2256591.0,"[8.64, 8.590000000000002]",0.004790663719177246,2.299518585205078,19.56,"[0.975, 0.9810000000000001]",2257591.0,"[9.75, 9.81]",0.0048471664388974505,2.3266398906707764,15.93,"[0.853, 0.74]",2258591.0,"[8.53, 7.4]",0.004589316248893738,2.202871799468994,12.3,"[0.6140000000000001, 0.616]",2259591.0,"[6.140000000000001, 6.16]",0.005079925060272217,2.438364028930664,17.099999999999998,"[0.8550000000000001, 0.8550000000000001]",2260591.0,"[8.55, 8.55]",0.005033921202023824,2.4162821769714355,8.576666666666668,1.2208148462764072,0.0048650648030969836,0.00016166635300202017,2.3352311054865518,0.07759984944096966,COMPLETE
226,15.909999999999998,2025-06-13 16:39:56.652200,2025-06-13 16:40:00.169615,0 days 00:00:03.517415,26,0.9998195564852282,0.046301441077522744,0.9382571037944244,0.06259607018828534,484,2265596.0,15.909999999999998,1.8911284109405864,0.7556666666666666,0.11130089347749597,480.0,6.0,14.719999999999999,"[0.734, 0.7380000000000001]",2265596.0,"[7.34, 7.380000000000001]",0.0058312515417734785,2.7990007400512695,17.189999999999998,"[0.736, 0.983]",2266596.0,"[7.359999999999999, 9.83]",0.004847810665766398,2.326949119567871,14.750000000000002,"[0.7369999999999999, 0.7380000000000001]",2267596.0,"[7.369999999999999, 7.380000000000001]",0.005089899400870005,2.4431517124176025,19.6,"[0.9830000000000002, 0.977]",2268596.0,"[9.830000000000002, 9.77]",0.0045236816008885706,2.1713671684265137,14.67,"[0.611, 0.8560000000000001]",2269596.0,"[6.109999999999999, 8.56]",0.005319717029730479,2.55346417427063,14.53,"[0.7329999999999999, 0.72]",2270596.0,"[7.329999999999998, 7.199999999999999]",0.005584731201330821,2.680670976638794,7.5566666666666675,1.1130089347749599,0.005199515240059959,0.00043863299191474424,2.4957673152287803,0.2105438361190772,COMPLETE
227,18.17,2025-06-13 16:40:00.235762,2025-06-13 16:40:03.699065,0 days 00:00:03.463303,29,0.9844224174993769,0.03628926274527715,0.9714044440990286,0.07078557894277782,479,2275600.0,18.17,0.8980720089911127,0.8986666666666664,0.06076091580028142,470.0,6.0,17.03,"[0.852, 0.8509999999999998]",2275600.0,"[8.52, 8.509999999999998]",0.004790550089896994,2.251558542251587,18.439999999999998,"[0.86, 0.984]",2276600.0,"[8.6, 9.84]",0.0047659605107408885,2.2400014400482178,18.38,"[0.8529999999999998, 0.9850000000000001]",2277600.0,"[8.529999999999998, 9.850000000000001]",0.005050654614225347,2.373807668685913,19.68,"[0.986, 0.982]",2278600.0,"[9.86, 9.82]",0.004512347059046969,2.120803117752075,18.369999999999997,"[0.858, 0.9790000000000001]",2279600.0,"[8.58, 9.790000000000001]",0.004982566326222521,2.341806173324585,17.119999999999997,"[0.9829999999999999, 0.7289999999999999]",2280600.0,"[9.829999999999998, 7.289999999999999]",0.0054931168860577525,2.5817649364471436,8.986666666666665,0.6076091580028141,0.004932532581031746,0.0003041852803529806,2.3182903130849204,0.14296708176590087,COMPLETE
228,16.466666666666665,2025-06-13 16:40:03.831288,2025-06-13 16:40:07.376954,0 days 00:00:03.545666,30,0.9846710696954246,0.03385715525996948,0.936163346874965,0.09933583103535562,477,2285604.0,16.466666666666665,1.438641334346017,0.8123333333333335,0.060878750169679224,470.0,6.0,17.14,"[0.859, 0.8550000000000001]",2285604.0,"[8.59, 8.55]",0.005070966862617655,2.383354425430298,14.54,"[0.7290000000000001, 0.725]",2286604.0,"[7.290000000000001, 7.25]",0.004982479075168042,2.3417651653289795,17.24,"[0.8619999999999999, 0.8619999999999999]",2287604.0,"[8.62, 8.62]",0.004340383854318172,2.039980411529541,17.06,"[0.8480000000000001, 0.858]",2288604.0,"[8.48, 8.58]",0.005211638897023302,2.449470281600952,14.499999999999998,"[0.724, 0.726]",2289604.0,"[7.24, 7.26]",0.005267019474760015,2.475499153137207,18.319999999999997,"[0.852, 0.9800000000000001]",2290604.0,"[8.52, 9.8]",0.005293575246283349,2.487980365753174,8.123333333333335,0.6087875016967922,0.005027677235028422,0.0003261179259799237,2.3630083004633584,0.15327542521056417,COMPLETE
