number,value,datetime_start,datetime_complete,duration,params_episode_length,params_epsilon_max,params_epsilon_min,params_gamma,params_learning_rate,params_num_episodes,user_attrs_base_seed,user_attrs_collective_reward_mean,user_attrs_collective_reward_std,user_attrs_individual_reward_agent0_mean,user_attrs_individual_reward_agent0_std,user_attrs_num_episodes_mean,user_attrs_num_parallel_runs,user_attrs_run_0_collective_reward,user_attrs_run_0_individual_rewards,user_attrs_run_0_seed,user_attrs_run_0_total_individual_rewards,user_attrs_run_0_training_time_per_episode,user_attrs_run_0_training_time_total,user_attrs_run_1_collective_reward,user_attrs_run_1_individual_rewards,user_attrs_run_1_seed,user_attrs_run_1_total_individual_rewards,user_attrs_run_1_training_time_per_episode,user_attrs_run_1_training_time_total,user_attrs_run_2_collective_reward,user_attrs_run_2_individual_rewards,user_attrs_run_2_seed,user_attrs_run_2_total_individual_rewards,user_attrs_run_2_training_time_per_episode,user_attrs_run_2_training_time_total,user_attrs_run_3_collective_reward,user_attrs_run_3_individual_rewards,user_attrs_run_3_seed,user_attrs_run_3_total_individual_rewards,user_attrs_run_3_training_time_per_episode,user_attrs_run_3_training_time_total,user_attrs_run_4_collective_reward,user_attrs_run_4_individual_rewards,user_attrs_run_4_seed,user_attrs_run_4_total_individual_rewards,user_attrs_run_4_training_time_per_episode,user_attrs_run_4_training_time_total,user_attrs_run_5_collective_reward,user_attrs_run_5_individual_rewards,user_attrs_run_5_seed,user_attrs_run_5_total_individual_rewards,user_attrs_run_5_training_time_per_episode,user_attrs_run_5_training_time_total,user_attrs_total_individual_reward_agent0_mean,user_attrs_total_individual_reward_agent0_std,user_attrs_training_time_per_episode_mean,user_attrs_training_time_per_episode_std,user_attrs_training_time_total_mean,user_attrs_training_time_total_std,state
175,16.52,2025-06-13 16:36:44.809969,2025-06-13 16:36:48.680149,0 days 00:00:03.870180,37,0.9954417077483677,0.07708307581575576,0.96583170561711,0.00246660399571963,500,1755405.0,16.52,2.4144564605724415,0.8039999999999999,0.18617733481817816,500.0,6.0,15.579999999999998,"[0.7129999999999999, 0.845]",1755405.0,"[7.129999999999999, 8.45]",0.005063771724700928,2.531885862350464,15.68,"[0.579, 0.9890000000000001]",1756405.0,"[5.789999999999999, 9.89]",0.00476284122467041,2.381420612335205,12.969999999999999,"[0.578, 0.719]",1757405.0,"[5.779999999999999, 7.1899999999999995]",0.005447267055511474,2.7236335277557373,19.669999999999998,"[0.9869999999999999, 0.9800000000000001]",1758405.0,"[9.87, 9.8]",0.00445855188369751,2.229275941848755,15.549999999999999,"[0.9780000000000001, 0.577]",1759405.0,"[9.780000000000001, 5.77]",0.005616379261016846,2.808189630508423,19.67,"[0.9890000000000001, 0.978]",1760405.0,"[9.89, 9.78]",0.004298638820648193,2.1493194103240967,8.04,1.8617733481817818,0.00494124166170756,0.0004838458161061707,2.4706208308537803,0.2419229080530854,COMPLETE
176,16.62666666666667,2025-06-13 16:36:50.171197,2025-06-13 16:36:52.881521,0 days 00:00:02.710324,26,0.9801027757476498,0.0715563214022204,0.9601414567994042,0.003000905461482624,330,1765410.0,16.62666666666667,1.5284923581388585,0.8613333333333334,0.12122797623577747,330.0,6.0,16.07,"[0.8630000000000001, 0.744]",1765410.0,"[8.63, 7.4399999999999995]",0.00500652501077363,1.6521532535552979,19.68,"[0.983, 0.9850000000000001]",1766410.0,"[9.83, 9.850000000000001]",0.004756714358474269,1.5697157382965088,16.01,"[0.9860000000000001, 0.615]",1767410.0,"[9.860000000000001, 6.15]",0.004973880449930827,1.6413805484771729,17.240000000000002,"[0.8620000000000001, 0.8619999999999999]",1768410.0,"[8.620000000000001, 8.62]",0.004692495952952992,1.5485236644744873,14.87,"[0.621, 0.866]",1769410.0,"[6.21, 8.66]",0.004981213627439557,1.6438004970550537,15.890000000000002,"[0.853, 0.736]",1770410.0,"[8.53, 7.359999999999999]",0.005273645574396307,1.7403030395507812,8.613333333333333,1.2122797623577748,0.004947412495661264,0.00018846467550953758,1.632646123568217,0.0621933429181474,COMPLETE
177,15.461666666666666,2025-06-13 16:36:53.013659,2025-06-13 16:36:56.235646,0 days 00:00:03.221987,22,0.9893803044021258,0.06302998938752458,0.9970944596030711,0.07609761366606112,492,1775413.0,15.461666666666666,2.6266481598332803,0.725,0.18630619957478603,490.0,6.0,14.950000000000001,"[0.7500000000000001, 0.745]",1775413.0,"[7.500000000000001, 7.45]",0.004280174994955257,2.097285747528076,12.499999999999998,"[0.391, 0.859]",1776413.0,"[3.91, 8.59]",0.004240484140357193,2.0778372287750244,13.73,"[0.75, 0.623]",1777413.0,"[7.5, 6.23]",0.0041793662674573006,2.047889471054077,13.61,"[0.618, 0.7430000000000001]",1778413.0,"[6.18, 7.4300000000000015]",0.004404737511459662,2.1583213806152344,19.71,"[0.982, 0.9890000000000001]",1779413.0,"[9.82, 9.89]",0.004043016141774703,1.9810779094696045,18.27,"[0.859, 0.9680000000000002]",1780413.0,"[8.59, 9.680000000000001]",0.004402157238551549,2.157057046890259,7.25,1.8630619957478602,0.0042583227157592775,0.00012616948967872428,2.086578130722046,0.06182304994257495,COMPLETE
178,14.75,2025-06-13 16:36:56.373466,2025-06-13 16:36:59.604127,0 days 00:00:03.230661,24,0.9729742553492747,0.06880022955341555,0.9629417320505028,0.09866841059694656,466,1785416.0,14.75,2.900724047543992,0.6995,0.1796902427326908,460.0,6.0,11.179999999999998,"[0.6220000000000001, 0.496]",1785416.0,"[6.220000000000001, 4.96]",0.004672634601593018,2.149411916732788,14.779999999999998,"[0.7389999999999999, 0.739]",1786416.0,"[7.389999999999999, 7.39]",0.00457588123238605,2.104905366897583,12.35,"[0.37799999999999995, 0.857]",1787416.0,"[3.7799999999999994, 8.57]",0.0047534937443940535,2.1866071224212646,13.39,"[0.7340000000000001, 0.605]",1788416.0,"[7.340000000000001, 6.05]",0.004717801964801291,2.1701889038085938,17.08,"[0.742, 0.966]",1789416.0,"[7.42, 9.66]",0.0046885894692462425,2.1567511558532715,19.72,"[0.982, 0.99]",1790416.0,"[9.82, 9.9]",0.004053175449371338,1.8644607067108154,6.995,1.7969024273269079,0.004576929410298666,0.00024047411619392947,2.105387528737386,0.11061809344920756,COMPLETE
179,16.121666666666666,2025-06-13 16:36:59.674938,2025-06-13 16:37:03.209642,0 days 00:00:03.534704,29,0.9991555603992256,0.05541563938873399,0.991273365494317,0.004227073793346811,479,1795419.0,16.121666666666666,2.656008387704293,0.7958333333333334,0.17438503057570306,470.0,6.0,10.889999999999999,"[0.48199999999999993, 0.6069999999999999]",1795419.0,"[4.819999999999999, 6.0699999999999985]",0.005844772622940388,2.7470431327819824,17.16,"[0.733, 0.9830000000000002]",1796419.0,"[7.33, 9.830000000000002]",0.004981156105690814,2.3411433696746826,18.45,"[0.984, 0.8610000000000001]",1797419.0,"[9.84, 8.610000000000001]",0.004803571295230947,2.257678508758545,18.450000000000003,"[0.986, 0.8590000000000002]",1798419.0,"[9.86, 8.590000000000002]",0.004956365646199977,2.3294918537139893,17.099999999999998,"[0.86, 0.85]",1799419.0,"[8.6, 8.5]",0.00538779116691427,2.532261848449707,14.68,"[0.73, 0.738]",1800419.0,"[7.3, 7.38]",0.005238664403874823,2.462172269821167,7.958333333333332,1.7438503057570307,0.0052020535401418695,0.0003456570935724197,2.4449651638666787,0.16245883397903726,COMPLETE
180,17.654999999999998,2025-06-13 16:37:03.282373,2025-06-13 16:37:06.153223,0 days 00:00:02.870850,23,0.9616375055081677,0.03472431898903272,0.9935317894127841,0.07091608720140405,457,1805423.0,17.654999999999998,1.525032786532801,0.8853333333333332,0.11157907012020175,450.0,6.0,16.029999999999998,"[0.739, 0.8640000000000001]",1805423.0,"[7.39, 8.64]",0.004495035807291666,2.02276611328125,17.31,"[0.9880000000000001, 0.743]",1806423.0,"[9.88, 7.43]",0.004485322104560005,2.018394947052002,17.23,"[0.8619999999999999, 0.861]",1807423.0,"[8.62, 8.61]",0.004263340102301704,1.9185030460357666,19.679999999999996,"[0.9860000000000001, 0.982]",1808423.0,"[9.860000000000001, 9.82]",0.0041982995139227975,1.8892347812652588,15.99,"[0.7429999999999999, 0.8560000000000001]",1809423.0,"[7.429999999999999, 8.56]",0.00430337217119005,1.9365174770355225,19.69,"[0.994, 0.975]",1810423.0,"[9.94, 9.75]",0.004104127883911133,1.8468575477600098,8.853333333333333,1.1157907012020176,0.004308249597196226,0.0001426178505706281,1.9387123187383015,0.06417803275678263,COMPLETE
181,14.628333333333332,2025-06-13 16:37:07.599526,2025-06-13 16:37:10.891152,0 days 00:00:03.291626,23,0.9665103469338965,0.04375087491001921,0.9930851240146713,0.0659995824247004,450,1815427.0,14.628333333333332,1.5929785169786679,0.7423333333333332,0.0975357484321632,450.0,6.0,13.76,"[0.7489999999999999, 0.627]",1815427.0,"[7.489999999999998, 6.27]",0.004911100069681804,2.2099950313568115,13.57,"[0.6209999999999999, 0.736]",1816427.0,"[6.209999999999999, 7.359999999999999]",0.005271783934699165,2.372302770614624,12.479999999999997,"[0.624, 0.6239999999999999]",1817427.0,"[6.24, 6.239999999999998]",0.005104757944742838,2.2971410751342773,17.259999999999998,"[0.869, 0.8569999999999999]",1818427.0,"[8.69, 8.569999999999999]",0.004318051338195801,1.9431231021881104,15.97,"[0.853, 0.744]",1819427.0,"[8.53, 7.4399999999999995]",0.004830922020806206,2.173914909362793,14.729999999999999,"[0.738, 0.7350000000000001]",1820427.0,"[7.38, 7.350000000000001]",0.0048623259862264,2.18804669380188,7.423333333333333,0.9753574843216317,0.004883156882392035,0.00029536009700508527,2.197420597076416,0.13291204365228837,COMPLETE
182,15.626666666666667,2025-06-13 16:37:10.997451,2025-06-13 16:37:14.033133,0 days 00:00:03.035682,24,0.9568388915772196,0.03388101470209004,0.9949436422351634,0.08167251220509386,459,1825431.0,15.626666666666667,2.9979752426522075,0.8228333333333332,0.17815294615083477,450.0,6.0,11.199999999999998,"[0.7449999999999999, 0.375]",1825431.0,"[7.449999999999999, 3.75]",0.004802472856309679,2.1611127853393555,17.21,"[0.978, 0.7430000000000001]",1826431.0,"[9.78, 7.4300000000000015]",0.004618328942192926,2.0782480239868164,13.619999999999997,"[0.49899999999999983, 0.8630000000000001]",1827431.0,"[4.989999999999998, 8.63]",0.004467918078104655,2.0105631351470947,18.35,"[0.976, 0.859]",1828431.0,"[9.76, 8.59]",0.004552932315402561,2.0488195419311523,13.68,"[0.752, 0.6159999999999999]",1829431.0,"[7.52, 6.159999999999998]",0.004686491224500868,2.1089210510253906,19.7,"[0.9869999999999999, 0.983]",1830431.0,"[9.87, 9.83]",0.004101671642727322,1.845752239227295,8.228333333333333,1.7815294615083477,0.004538302509873002,0.00022134611303678615,2.0422361294428506,0.09960575086655381,COMPLETE
183,15.225000000000001,2025-06-13 16:37:14.104852,2025-06-13 16:37:17.354229,0 days 00:00:03.249377,23,0.9834122586051308,0.04892494724503922,0.9886905658604191,0.04796271881377752,500,1835434.0,15.225000000000001,1.1341920766195945,0.7836666666666666,0.11263904986973015,500.0,6.0,13.69,"[0.6279999999999999, 0.741]",1835434.0,"[6.279999999999999, 7.41]",0.00443131160736084,2.21565580368042,17.28,"[0.983, 0.745]",1836434.0,"[9.83, 7.45]",0.004594297885894776,2.2971489429473877,14.809999999999999,"[0.745, 0.736]",1837434.0,"[7.45, 7.359999999999999]",0.004756485462188721,2.3782427310943604,15.99,"[0.866, 0.7329999999999999]",1838434.0,"[8.66, 7.329999999999998]",0.004496521472930908,2.248260736465454,14.75,"[0.7340000000000001, 0.741]",1839434.0,"[7.340000000000001, 7.41]",0.0047733550071716304,2.3866775035858154,14.83,"[0.7460000000000001, 0.7369999999999999]",1840434.0,"[7.460000000000001, 7.369999999999999]",0.004124328136444092,2.062164068222046,7.836666666666667,1.1263904986973015,0.004529383261998495,0.00021987842532167844,2.264691630999247,0.10993921266083928,COMPLETE
184,15.558333333333335,2025-06-13 16:37:17.445667,2025-06-13 16:37:20.707000,0 days 00:00:03.261333,21,0.976549883119133,0.03972495221636995,0.9973530108490138,0.07089992128844552,475,1845437.0,15.558333333333335,1.762057667110309,0.7875000000000001,0.12935448710165928,470.0,6.0,18.46,"[0.983, 0.8629999999999999]",1845437.0,"[9.83, 8.629999999999999]",0.004149340568704808,1.9501900672912598,15.02,"[0.631, 0.8710000000000001]",1846437.0,"[6.3100000000000005, 8.71]",0.004346177933063913,2.042703628540039,12.569999999999999,"[0.631, 0.6259999999999999]",1847437.0,"[6.3100000000000005, 6.259999999999999]",0.0045767332645172765,2.15106463432312,16.16,"[0.7509999999999999, 0.8650000000000002]",1848437.0,"[7.509999999999999, 8.650000000000002]",0.004344018976739112,2.041688919067383,16.13,"[0.8640000000000001, 0.7489999999999999]",1849437.0,"[8.64, 7.489999999999998]",0.004448511245402884,2.0908002853393555,15.01,"[0.865, 0.636]",1850437.0,"[8.65, 6.36]",0.004515622017231394,2.122342348098755,7.875,1.2935448710165927,0.004396734000943231,0.00013889641130409273,2.066464980443319,0.06528131331292356,COMPLETE
185,14.893333333333333,2025-06-13 16:37:20.843693,2025-06-13 16:37:23.219485,0 days 00:00:02.375792,22,0.8827989676845811,0.06482727261292319,0.9683302777040375,0.0033894313620938562,238,1855441.0,14.893333333333333,1.6941238312341744,0.7075,0.0887970532544108,230.0,6.0,13.739999999999998,"[0.7490000000000001, 0.6250000000000001]",1855441.0,"[7.490000000000001, 6.250000000000001]",0.006286048889160156,1.445791244506836,13.699999999999998,"[0.628, 0.742]",1856441.0,"[6.28, 7.42]",0.0064850682797639265,1.4915657043457031,13.69,"[0.626, 0.7430000000000001]",1857441.0,"[6.26, 7.4300000000000015]",0.006740129512289296,1.550229787826538,18.5,"[0.867, 0.983]",1858441.0,"[8.67, 9.83]",0.0058277088662852415,1.3403730392456055,14.93,"[0.631, 0.8620000000000001]",1859441.0,"[6.3100000000000005, 8.620000000000001]",0.006595467484515646,1.5169575214385986,14.8,"[0.744, 0.736]",1860441.0,"[7.4399999999999995, 7.359999999999999]",0.006534170067828635,1.502859115600586,7.075,0.8879705325441078,0.00641143218330715,0.0002940667924285545,1.4746294021606445,0.06763536225856755,COMPLETE
186,14.488333333333335,2025-06-13 16:37:24.774879,2025-06-13 16:37:27.638025,0 days 00:00:02.863146,27,0.524948117507682,0.036380356169950966,0.9923433966212356,0.0018826184213482722,444,1865444.0,14.488333333333335,2.9346346545278097,0.7535000000000002,0.14831582293650716,440.0,6.0,14.58,"[0.728, 0.7300000000000001]",1865444.0,"[7.279999999999999, 7.300000000000001]",0.004195156422528354,1.8458688259124756,15.93,"[0.8550000000000001, 0.7380000000000001]",1866444.0,"[8.55, 7.380000000000001]",0.0039147626269947396,1.7224955558776855,13.530000000000001,"[0.7390000000000001, 0.614]",1867444.0,"[7.390000000000001, 6.14]",0.004001468961889094,1.7606463432312012,19.57,"[0.9770000000000001, 0.9800000000000002]",1868444.0,"[9.770000000000001, 9.800000000000002]",0.0035807219418612394,1.5755176544189453,9.809999999999999,"[0.488, 0.493]",1869444.0,"[4.88, 4.93]",0.0046983876011588354,2.0672905445098877,13.51,"[0.734, 0.617]",1870444.0,"[7.34, 6.17]",0.004334525628523393,1.907191276550293,7.535000000000001,1.4831582293650718,0.004120837197159276,0.00034956891432735886,1.8131683667500813,0.15381032230403793,COMPLETE
187,16.403333333333332,2025-06-13 16:37:27.716280,2025-06-13 16:37:30.933743,0 days 00:00:03.217463,26,0.9607428090891716,0.07489917557655039,0.9954498791617523,0.005644166034898681,493,1875447.0,16.403333333333332,0.9067830807616307,0.7198333333333333,0.08437894023721537,490.0,6.0,14.780000000000001,"[0.617, 0.861]",1875447.0,"[6.17, 8.61]",0.004661134311131069,2.2839558124542236,17.24,"[0.7370000000000001, 0.9869999999999999]",1876447.0,"[7.370000000000001, 9.87]",0.004209096577702736,2.062457323074341,16.03,"[0.619, 0.984]",1877447.0,"[6.1899999999999995, 9.84]",0.004558658113284987,2.2337424755096436,15.969999999999999,"[0.742, 0.8549999999999999]",1878447.0,"[7.42, 8.549999999999999]",0.004299565237395617,2.1067869663238525,17.23,"[0.74, 0.983]",1879447.0,"[7.4, 9.83]",0.004106372716475506,2.012122631072998,17.169999999999998,"[0.8640000000000001, 0.853]",1880447.0,"[8.64, 8.53]",0.004128168553722148,2.0228025913238525,7.198333333333333,0.8437894023721536,0.004327165918285344,0.0002114140012729505,2.1203112999598184,0.1035928606237457,COMPLETE
188,15.600000000000003,2025-06-13 16:37:31.027699,2025-06-13 16:37:34.204702,0 days 00:00:03.177003,25,0.9884292413552083,0.05959044333112097,0.9619647586121294,0.03783497741371128,469,1885451.0,15.600000000000003,2.492916631845786,0.7808333333333334,0.13703213329564554,460.0,6.0,18.410000000000004,"[0.86, 0.9810000000000001]",1885451.0,"[8.6, 9.81]",0.004405931804491126,2.026728630065918,11.139999999999999,"[0.49399999999999994, 0.6199999999999999]",1886451.0,"[4.9399999999999995, 6.199999999999999]",0.004859015734299369,2.23514723777771,16.1,"[0.8710000000000001, 0.739]",1887451.0,"[8.71, 7.39]",0.0045994188474572225,2.1157326698303223,13.56,"[0.733, 0.623]",1888451.0,"[7.33, 6.23]",0.0047455119050067406,2.1829354763031006,17.18,"[0.859, 0.859]",1889451.0,"[8.59, 8.59]",0.00465037667233011,2.1391732692718506,17.21,"[0.868, 0.853]",1890451.0,"[8.68, 8.53]",0.0046650803607443106,2.145936965942383,7.808333333333334,1.3703213329564554,0.004654222554054813,0.00013847888985929878,2.140942374865214,0.06370028933527744,COMPLETE
189,16.361666666666665,2025-06-13 16:37:34.283034,2025-06-13 16:37:38.121944,0 days 00:00:03.838910,39,0.9720810633839418,0.05158907943135941,0.986402482508345,0.08552431965200906,482,1895454.0,16.361666666666665,2.0233752054975427,0.8853333333333334,0.1021186673543198,480.0,6.0,15.41,"[0.834, 0.7069999999999999]",1895454.0,"[8.34, 7.0699999999999985]",0.0054527143637339275,2.617302894592285,18.12,"[0.977, 0.835]",1896454.0,"[9.77, 8.35]",0.005017285048961639,2.408296823501587,14.069999999999999,"[0.8389999999999999, 0.568]",1897454.0,"[8.389999999999999, 5.68]",0.005974147220452627,2.8675906658172607,19.56,"[0.983, 0.9730000000000001]",1898454.0,"[9.83, 9.73]",0.004919460415840149,2.3613409996032715,16.849999999999998,"[0.9730000000000001, 0.712]",1899454.0,"[9.73, 7.119999999999999]",0.005279461046059927,2.5341413021087646,14.159999999999998,"[0.7060000000000001, 0.71]",1900454.0,"[7.0600000000000005, 7.1]",0.004746932784716288,2.2785277366638184,8.853333333333333,1.021186673543198,0.005231666813294092,0.0004043148354946018,2.5112000703811646,0.19407112103740884,COMPLETE
190,16.544999999999998,2025-06-13 16:37:38.226391,2025-06-13 16:37:41.878206,0 days 00:00:03.651815,35,0.8284414111700946,0.04442609838616355,0.9989147677444047,0.006942210921342294,490,1905458.0,16.544999999999998,1.4664554772193619,0.8261666666666666,0.1436122286653272,490.0,6.0,16.890000000000004,"[0.7150000000000001, 0.974]",1905458.0,"[7.15, 9.74]",0.0050994970360580755,2.498753547668457,15.7,"[0.8480000000000001, 0.7219999999999999]",1906458.0,"[8.48, 7.219999999999999]",0.004477690677253568,2.194068431854248,18.32,"[0.976, 0.8560000000000001]",1907458.0,"[9.76, 8.56]",0.00401032457546312,1.9650590419769287,14.29,"[0.577, 0.852]",1908458.0,"[5.77, 8.52]",0.00547635555267334,2.6834142208099365,15.740000000000002,"[0.8550000000000001, 0.719]",1909458.0,"[8.55, 7.1899999999999995]",0.004752368829688248,2.328660726547241,18.33,"[0.986, 0.8470000000000001]",1910458.0,"[9.86, 8.47]",0.0046900447534055124,2.298121929168701,8.261666666666667,1.4361222866532717,0.0047510469040903105,0.0004609060524174926,2.328012983004252,0.22584396568457146,COMPLETE
191,15.826666666666663,2025-06-13 16:37:43.450042,2025-06-13 16:37:46.190604,0 days 00:00:02.740562,28,0.9439945651861241,0.1600642383107934,0.9704009682492625,0.05647517116868618,346,1915463.0,15.826666666666663,1.2672498657416476,0.8536666666666667,0.071906575190003,340.0,6.0,14.539999999999997,"[0.851, 0.603]",1915463.0,"[8.51, 6.029999999999999]",0.005798791436588063,1.9715890884399414,18.36,"[0.9790000000000001, 0.857]",1916463.0,"[9.790000000000001, 8.57]",0.005401164643904742,1.8363959789276123,14.579999999999998,"[0.8570000000000002, 0.6009999999999999]",1917463.0,"[8.570000000000002, 6.009999999999999]",0.005653185704175163,1.9220831394195557,15.9,"[0.7300000000000001, 0.86]",1918463.0,"[7.300000000000001, 8.6]",0.005468030536876005,1.8591303825378418,15.789999999999997,"[0.853, 0.7259999999999999]",1919463.0,"[8.53, 7.259999999999999]",0.005686555890476002,1.9334290027618408,15.789999999999997,"[0.8519999999999998, 0.727]",1920463.0,"[8.519999999999998, 7.27]",0.005449896700241987,1.8529648780822754,8.536666666666667,0.7190657519000302,0.0055762708187103265,0.00014488079636169058,1.8959320783615112,0.04925947076297484,COMPLETE
192,16.911666666666665,2025-06-13 16:37:46.262993,2025-06-13 16:37:49.603711,0 days 00:00:03.340718,27,0.954373251217988,0.06977651316207145,0.9760591645716443,0.057591152440336295,485,1925466.0,16.911666666666665,2.171339192500537,0.7943333333333333,0.13705554429581543,480.0,6.0,18.29,"[0.852, 0.977]",1925466.0,"[8.52, 9.77]",0.00447323073943456,2.147150754928589,17.229999999999997,"[0.8620000000000001, 0.861]",1926466.0,"[8.620000000000001, 8.61]",0.004722658296426137,2.266875982284546,19.599999999999998,"[0.9800000000000001, 0.9800000000000001]",1927466.0,"[9.8, 9.8]",0.004365247984727223,2.0953190326690674,14.680000000000001,"[0.609, 0.859]",1928466.0,"[6.09, 8.59]",0.004971278210481008,2.386213541030884,18.259999999999998,"[0.85, 0.976]",1929466.0,"[8.5, 9.76]",0.004457429051399231,2.139565944671631,13.41,"[0.6130000000000001, 0.728]",1930466.0,"[6.130000000000001, 7.279999999999999]",0.005039221545060476,2.4188263416290283,7.943333333333334,1.3705554429581543,0.004671510971254772,0.00026033012641980477,2.242325266202291,0.12495846068150626,COMPLETE
