number,value,datetime_start,datetime_complete,duration,params_episode_length,params_epsilon_max,params_epsilon_min,params_gamma,params_learning_rate,params_num_episodes,user_attrs_base_seed,user_attrs_collective_reward_mean,user_attrs_collective_reward_std,user_attrs_individual_reward_agent0_mean,user_attrs_individual_reward_agent0_std,user_attrs_num_episodes_mean,user_attrs_num_parallel_runs,user_attrs_run_0_collective_reward,user_attrs_run_0_individual_rewards,user_attrs_run_0_seed,user_attrs_run_0_total_individual_rewards,user_attrs_run_0_training_time_per_episode,user_attrs_run_0_training_time_total,user_attrs_run_1_collective_reward,user_attrs_run_1_individual_rewards,user_attrs_run_1_seed,user_attrs_run_1_total_individual_rewards,user_attrs_run_1_training_time_per_episode,user_attrs_run_1_training_time_total,user_attrs_run_2_collective_reward,user_attrs_run_2_individual_rewards,user_attrs_run_2_seed,user_attrs_run_2_total_individual_rewards,user_attrs_run_2_training_time_per_episode,user_attrs_run_2_training_time_total,user_attrs_run_3_collective_reward,user_attrs_run_3_individual_rewards,user_attrs_run_3_seed,user_attrs_run_3_total_individual_rewards,user_attrs_run_3_training_time_per_episode,user_attrs_run_3_training_time_total,user_attrs_run_4_collective_reward,user_attrs_run_4_individual_rewards,user_attrs_run_4_seed,user_attrs_run_4_total_individual_rewards,user_attrs_run_4_training_time_per_episode,user_attrs_run_4_training_time_total,user_attrs_run_5_collective_reward,user_attrs_run_5_individual_rewards,user_attrs_run_5_seed,user_attrs_run_5_total_individual_rewards,user_attrs_run_5_training_time_per_episode,user_attrs_run_5_training_time_total,user_attrs_total_individual_reward_agent0_mean,user_attrs_total_individual_reward_agent0_std,user_attrs_training_time_per_episode_mean,user_attrs_training_time_per_episode_std,user_attrs_training_time_total_mean,user_attrs_training_time_total_std,state
516,16.028333333333332,2025-06-13 17:19:25.790923,2025-06-13 17:19:30.216474,0 days 00:00:04.425551,29,0.8377136153565073,0.02469174490020877,0.9604229712168751,0.09936647373696787,482,5167965.0,16.028333333333332,2.8559669504779333,0.7703333333333333,0.2585528099935399,480.0,6.0,15.76,"[0.852, 0.7239999999999999]",5167965.0,"[8.52, 7.239999999999998]",0.005744257072607676,2.7572433948516846,17.14,"[0.9870000000000001, 0.727]",5168965.0,"[9.870000000000001, 7.27]",0.006243298451105754,2.9967832565307617,19.58,"[0.9800000000000001, 0.978]",5169965.0,"[9.8, 9.78]",0.005446333189805349,2.6142399311065674,14.529999999999998,"[0.726, 0.727]",5170965.0,"[7.26, 7.27]",0.00659770667552948,3.1668992042541504,18.360000000000003,"[0.85, 0.9860000000000001]",5171965.0,"[8.5, 9.860000000000001]",0.005330956975618998,2.558859348297119,10.799999999999999,"[0.22699999999999995, 0.8530000000000001]",5172965.0,"[2.2699999999999996, 8.530000000000001]",0.0069503352046012875,3.336160898208618,7.703333333333333,2.5855280999353996,0.006052147928211425,0.0005948162067650621,2.9050310055414834,0.28551177924722987,COMPLETE
517,16.386666666666667,2025-06-13 17:19:30.299335,2025-06-13 17:19:34.173802,0 days 00:00:03.874467,26,0.8617938922254637,0.12265529935710608,0.9413602736091272,0.04939370935949001,491,5177970.0,16.386666666666667,2.074910975332569,0.819,0.08746808941932288,490.0,6.0,18.45,"[0.861, 0.984]",5177970.0,"[8.61, 9.84]",0.004803658991443868,2.353792905807495,13.560000000000002,"[0.743, 0.6129999999999999]",5178970.0,"[7.43, 6.129999999999999]",0.005300353984443509,2.5971734523773193,16.000000000000004,"[0.738, 0.8620000000000001]",5179970.0,"[7.38, 8.620000000000001]",0.0064087390899658205,3.140282154083252,14.77,"[0.7420000000000001, 0.7350000000000001]",5180970.0,"[7.420000000000001, 7.350000000000001]",0.005799522205274932,2.841765880584717,15.900000000000002,"[0.8540000000000001, 0.736]",5181970.0,"[8.540000000000001, 7.359999999999999]",0.005182299808580048,2.5393269062042236,19.64,"[0.976, 0.9879999999999999]",5182970.0,"[9.76, 9.879999999999999]",0.005412662759119151,2.652204751968384,8.19,0.8746808941932289,0.0054845394731378875,0.0005078380080854277,2.687424341837565,0.24884062396185955,COMPLETE
518,16.37333333333333,2025-06-13 17:19:34.249111,2025-06-13 17:19:38.377528,0 days 00:00:04.128417,34,0.843481185173096,0.03528822012915443,0.9727357728939757,0.0879385118306117,466,5187974.0,16.37333333333333,1.6084637252843326,0.8530000000000001,0.10639235561511616,460.0,6.0,18.36,"[0.849, 0.9870000000000001]",5187974.0,"[8.49, 9.870000000000001]",0.005459487438201904,2.511364221572876,14.46,"[0.728, 0.718]",5188974.0,"[7.279999999999999, 7.18]",0.005360755194788394,2.465947389602661,15.75,"[0.9850000000000001, 0.59]",5189974.0,"[9.850000000000001, 5.8999999999999995]",0.007287166429602581,3.3520965576171875,14.45,"[0.72, 0.725]",5190974.0,"[7.199999999999999, 7.25]",0.005933838823567266,2.7295658588409424,18.229999999999997,"[0.984, 0.8390000000000001]",5191974.0,"[9.84, 8.39]",0.005900290219680123,2.7141335010528564,16.99,"[0.852, 0.8469999999999999]",5192974.0,"[8.52, 8.469999999999999]",0.005906436236008354,2.7169606685638428,8.53,1.0639235561511617,0.005974662390308104,0.0006293921301076558,2.7483446995417276,0.2895203798495217,COMPLETE
519,15.418333333333331,2025-06-13 17:19:38.454934,2025-06-13 17:19:42.904523,0 days 00:00:04.449589,30,0.9068130212402659,0.1334963326768436,0.9386334634601745,0.04284026019588727,479,5197978.0,15.418333333333331,0.9322627788820529,0.7515,0.04868863659349409,470.0,6.0,14.58,"[0.734, 0.724]",5197978.0,"[7.34, 7.24]",0.006451001573116222,3.031970739364624,17.13,"[0.733, 0.9799999999999999]",5198978.0,"[7.33, 9.799999999999999]",0.007865077891248337,3.6965866088867188,14.630000000000003,"[0.732, 0.731]",5199978.0,"[7.32, 7.31]",0.006133050614214958,2.8825337886810303,15.890000000000002,"[0.86, 0.729]",5200978.0,"[8.6, 7.29]",0.0074196211835171316,3.4872219562530518,15.68,"[0.7220000000000001, 0.8459999999999999]",5201978.0,"[7.220000000000001, 8.459999999999999]",0.006529458532942102,3.068845510482788,14.600000000000001,"[0.7280000000000001, 0.732]",5202978.0,"[7.280000000000001, 7.32]",0.006517998715664478,3.0634593963623047,7.515000000000001,0.4868863659349407,0.006819368085117204,0.0006103836749801517,3.2051030000050864,0.2868803272406713,COMPLETE
520,16.24333333333333,2025-06-13 17:19:42.979307,2025-06-13 17:19:46.607042,0 days 00:00:03.627735,35,0.8170254211954421,0.19163841437454857,0.9750831180606467,0.07574420289621323,294,5207983.0,16.24333333333333,1.6719316838781275,0.801,0.061275334896405624,290.0,6.0,18.2,"[0.844, 0.9760000000000002]",5207983.0,"[8.44, 9.760000000000002]",0.007112521960817534,2.062631368637085,17.009999999999998,"[0.7190000000000001, 0.982]",5208983.0,"[7.190000000000001, 9.82]",0.00749764031377332,2.1743156909942627,16.88,"[0.844, 0.844]",5209983.0,"[8.44, 8.44]",0.007223791089551202,2.0948994159698486,15.68,"[0.849, 0.7190000000000001]",5210983.0,"[8.49, 7.190000000000001]",0.00937833621584136,2.719717502593994,12.880000000000003,"[0.71, 0.578]",5211983.0,"[7.1, 5.779999999999999]",0.008318042755126953,2.4122323989868164,16.81,"[0.8400000000000001, 0.841]",5212983.0,"[8.4, 8.41]",0.009819379346124058,2.8476200103759766,8.01,0.6127533489640562,0.008224951946872403,0.0010527713941242854,2.385236064592997,0.30530370429604264,COMPLETE
521,14.628333333333332,2025-06-13 17:19:52.030655,2025-06-13 17:19:56.783724,0 days 00:00:04.753069,28,0.7963395188093328,0.03008318119584876,0.967532669603201,0.06399714702255868,489,5217992.0,14.628333333333332,1.8732984872203962,0.7920000000000001,0.11602873207385607,480.0,6.0,17.0,"[0.9700000000000001, 0.7299999999999999]",5217992.0,"[9.700000000000001, 7.299999999999999]",0.006170910596847534,2.9620370864868164,14.719999999999999,"[0.74, 0.732]",5218992.0,"[7.4, 7.32]",0.006354920566082001,3.0503618717193604,12.119999999999997,"[0.6039999999999999, 0.6079999999999999]",5219992.0,"[6.039999999999999, 6.079999999999998]",0.008111044764518738,3.893301486968994,17.11,"[0.8539999999999999, 0.857]",5220992.0,"[8.54, 8.57]",0.005305596192677816,2.5466861724853516,13.37,"[0.852, 0.485]",5221992.0,"[8.52, 4.85]",0.007679647207260132,3.6862306594848633,13.45,"[0.732, 0.6129999999999999]",5222992.0,"[7.32, 6.129999999999999]",0.007131018737951914,3.422888994216919,7.920000000000001,1.1602873207385607,0.006792189677556355,0.0009512199974122978,3.260251045227051,0.45658559875790294,COMPLETE
522,15.918333333333335,2025-06-13 17:19:56.865649,2025-06-13 17:20:01.493172,0 days 00:00:04.627523,19,0.8261458061429433,0.12853989197685786,0.9811221939834,0.08024806729591796,464,5227997.0,15.918333333333335,2.257206360870791,0.8248333333333333,0.12484579377064423,460.0,6.0,13.7,"[0.7449999999999999, 0.625]",5227997.0,"[7.449999999999999, 6.25]",0.007306361198425293,3.3609261512756348,18.450000000000003,"[0.9730000000000001, 0.8719999999999999]",5228997.0,"[9.73, 8.719999999999999]",0.005830025672912598,2.681811809539795,15.0,"[0.8710000000000001, 0.629]",5229997.0,"[8.71, 6.29]",0.007882595580557119,3.6259939670562744,15.06,"[0.638, 0.868]",5230997.0,"[6.38, 8.68]",0.0073275835617728855,3.3706884384155273,13.77,"[0.748, 0.6290000000000001]",5231997.0,"[7.48, 6.290000000000001]",0.008011674362680186,3.6853702068328857,19.53,"[0.974, 0.9790000000000001]",5232997.0,"[9.74, 9.790000000000001]",0.007244799448096234,3.3326077461242676,8.248333333333333,1.2484579377064422,0.007267173304074053,0.0007075904415856761,3.342899719874064,0.32549160312941106,COMPLETE
523,17.683333333333334,2025-06-13 17:20:01.576712,2025-06-13 17:20:06.647681,0 days 00:00:05.070969,46,0.8697969679651896,0.1252837055111248,0.9412421241324374,0.04659620641381826,449,5238001.0,17.683333333333334,2.0473207423904594,0.886,0.10583477689304213,440.0,6.0,19.71,"[0.984, 0.9870000000000001]",5238001.0,"[9.84, 9.870000000000001]",0.0068888068199157715,3.0310750007629395,16.78,"[0.701, 0.977]",5239001.0,"[7.01, 9.77]",0.007346269217404452,3.232358455657959,18.169999999999998,"[0.836, 0.9810000000000001]",5240001.0,"[8.36, 9.81]",0.007527836886319248,3.3122482299804688,19.59,"[0.9780000000000001, 0.9809999999999999]",5241001.0,"[9.780000000000001, 9.809999999999999]",0.006887889992107044,3.0306715965270996,13.67,"[0.833, 0.534]",5242001.0,"[8.33, 5.34]",0.009757626598531549,4.293355703353882,18.18,"[0.984, 0.834]",5243001.0,"[9.84, 8.34]",0.007650892301039262,3.3663926124572754,8.86,1.0583477689304213,0.0076765536358862204,0.0009751293108902503,3.3776835997899375,0.4290568967917102,COMPLETE
524,15.063333333333333,2025-06-13 17:20:06.722594,2025-06-13 17:20:12.193492,0 days 00:00:05.470898,47,0.8801323553918932,0.12104275432388822,0.941139664715053,0.041433658006205916,456,5248006.0,15.063333333333333,2.232850694117773,0.7896666666666667,0.19579808193363105,450.0,6.0,16.75,"[0.836, 0.8389999999999999]",5248006.0,"[8.36, 8.389999999999999]",0.008846560584174263,3.980952262878418,15.259999999999998,"[0.8310000000000001, 0.6949999999999998]",5249006.0,"[8.31, 6.949999999999998]",0.00834667682647705,3.756004571914673,13.909999999999998,"[0.9800000000000001, 0.41099999999999987]",5250006.0,"[9.8, 4.1099999999999985]",0.010424863497416179,4.69118857383728,18.139999999999997,"[0.9819999999999999, 0.8320000000000001]",5251006.0,"[9.819999999999999, 8.32]",0.009111466937594943,4.100160121917725,11.04,"[0.4089999999999999, 0.6950000000000001]",5252006.0,"[4.089999999999999, 6.950000000000001]",0.009574945237901476,4.308725357055664,15.279999999999998,"[0.7, 0.828]",5253006.0,"[7.0, 8.28]",0.008761357201470268,3.942610740661621,7.896666666666666,1.9579808193363104,0.009177645047505697,0.0006697265016772122,4.1299402713775635,0.30137692575474534,COMPLETE
525,16.724999999999998,2025-06-13 17:20:12.273135,2025-06-13 17:20:16.309577,0 days 00:00:04.036442,46,0.8542272471026461,0.11846248093041253,0.9384476370647595,0.03424807194988418,448,5258012.0,16.724999999999998,3.270019113093991,0.8618333333333333,0.15345077024534254,440.0,6.0,16.73,"[0.8390000000000001, 0.834]",5258012.0,"[8.39, 8.34]",0.006448485634543679,2.8373336791992188,14.029999999999996,"[0.8470000000000001, 0.5559999999999999]",5259012.0,"[8.47, 5.56]",0.006967934153296731,3.0658910274505615,10.969999999999997,"[0.5469999999999999, 0.55]",5260012.0,"[5.469999999999999, 5.5]",0.006701978228308938,2.9488704204559326,19.52,"[0.9800000000000001, 0.9720000000000001]",5261012.0,"[9.8, 9.72]",0.005594362453980879,2.461519479751587,19.52,"[0.9800000000000001, 0.9719999999999999]",5262012.0,"[9.8, 9.719999999999999]",0.005510241876948964,2.424506425857544,19.580000000000002,"[0.978, 0.9800000000000001]",5263012.0,"[9.78, 9.8]",0.005825722759420221,2.5633180141448975,8.618333333333332,1.5345077024534253,0.006174787517749902,0.0005601015769158925,2.716906507809957,0.24644469384299275,COMPLETE
526,15.786666666666667,2025-06-13 17:20:21.025692,2025-06-13 17:20:25.400307,0 days 00:00:04.374615,45,0.8399819309887485,0.12631595666285825,0.94114889588107,0.051451083338565656,444,5268021.0,15.786666666666667,2.2687196585054057,0.7186666666666666,0.14831910044075772,440.0,6.0,19.54,"[0.9740000000000002, 0.9800000000000001]",5268021.0,"[9.740000000000002, 9.8]",0.0055934564633802935,2.461120843887329,13.91,"[0.5539999999999999, 0.837]",5269021.0,"[5.539999999999999, 8.37]",0.007010200890627774,3.0844883918762207,12.47,"[0.5569999999999999, 0.6899999999999998]",5270021.0,"[5.569999999999999, 6.899999999999999]",0.008216908845034513,3.6154398918151855,16.9,"[0.704, 0.9860000000000001]",5271021.0,"[7.039999999999999, 9.860000000000001]",0.006876140832901001,3.0255019664764404,16.649999999999995,"[0.8309999999999998, 0.834]",5272021.0,"[8.309999999999999, 8.34]",0.006449549848383123,2.837801933288574,15.249999999999998,"[0.6919999999999998, 0.833]",5273021.0,"[6.919999999999998, 8.33]",0.00623161413452842,2.741910219192505,7.186666666666667,1.4831910044075773,0.00672964516914252,0.0008092732139845867,2.961043874422709,0.3560802141532181,COMPLETE
527,16.291666666666668,2025-06-13 17:20:25.476322,2025-06-13 17:20:29.918984,0 days 00:00:04.442662,48,0.8583261121716051,0.12451706097018192,0.9382201949457906,0.04397124833321269,500,5278025.0,16.291666666666668,1.6473556251021075,0.91,0.07411702458499894,500.0,6.0,15.370000000000001,"[0.842, 0.695]",5278025.0,"[8.42, 6.949999999999999]",0.006582043647766113,3.2910218238830566,18.25,"[0.9810000000000001, 0.844]",5279025.0,"[9.81, 8.44]",0.005300178050994873,2.6500890254974365,18.259999999999998,"[0.984, 0.842]",5280025.0,"[9.84, 8.42]",0.005092570781707764,2.546285390853882,15.32,"[0.837, 0.6950000000000001]",5281025.0,"[8.37, 6.950000000000001]",0.006111263275146484,3.055631637573242,16.810000000000002,"[0.9870000000000001, 0.694]",5282025.0,"[9.870000000000001, 6.9399999999999995]",0.007322803497314453,3.6614017486572266,13.739999999999998,"[0.8290000000000001, 0.5449999999999999]",5283025.0,"[8.290000000000001, 5.449999999999999]",0.0064229264259338375,3.211463212966919,9.1,0.7411702458499893,0.006138630946477254,0.0007613253234934503,3.069315473238627,0.38066266174672525,COMPLETE
528,14.668333333333331,2025-06-13 17:20:29.998006,2025-06-13 17:20:34.440512,0 days 00:00:04.442506,27,0.8806756326250342,0.12774770755372705,0.9429341307106609,0.03779417555744268,451,5288030.0,14.668333333333331,1.768798242373116,0.7563333333333334,0.13380167745170043,450.0,6.0,14.730000000000002,"[0.7380000000000001, 0.7350000000000001]",5288030.0,"[7.380000000000001, 7.350000000000001]",0.005711665153503418,2.570249319076538,13.350000000000001,"[0.611, 0.724]",5289030.0,"[6.109999999999999, 7.24]",0.00752595583597819,3.3866801261901855,18.42,"[0.9869999999999999, 0.8550000000000001]",5290030.0,"[9.87, 8.55]",0.006511848237779405,2.9303317070007324,13.510000000000002,"[0.736, 0.615]",5291030.0,"[7.359999999999999, 6.15]",0.006085129313998752,2.7383081912994385,14.6,"[0.858, 0.6020000000000001]",5292030.0,"[8.58, 6.020000000000001]",0.008112682236565484,3.6507070064544678,13.399999999999999,"[0.608, 0.732]",5293030.0,"[6.08, 7.32]",0.007562278111775716,3.4030251502990723,7.563333333333333,1.3380167745170044,0.006918259814933494,0.0008685089157652659,3.1132169167200723,0.39082901209436965,COMPLETE
529,17.435,2025-06-13 17:20:34.526018,2025-06-13 17:20:38.784324,0 days 00:00:04.258306,47,0.8759832532124753,0.1148830656197645,0.985485592317052,0.046103409857601675,472,5298034.0,17.435,1.1499094167223196,0.8381666666666666,0.11945210569745333,470.0,6.0,18.089999999999996,"[0.984, 0.825]",5298034.0,"[9.84, 8.25]",0.007394347799585221,3.4753434658050537,15.129999999999999,"[0.6899999999999998, 0.8229999999999998]",5299034.0,"[6.899999999999999, 8.229999999999999]",0.007340769057578229,3.4501614570617676,18.2,"[0.834, 0.986]",5300034.0,"[8.34, 9.86]",0.006942350306409471,3.262904644012451,18.299999999999997,"[0.844, 0.9860000000000001]",5301034.0,"[8.44, 9.860000000000001]",0.006923987510356497,3.2542741298675537,18.1,"[0.984, 0.826]",5302034.0,"[9.84, 8.26]",0.006932773995906748,3.258403778076172,16.790000000000003,"[0.693, 0.9860000000000001]",5303034.0,"[6.93, 9.860000000000001]",0.007201554927420109,3.384730815887451,8.381666666666666,1.1945210569745333,0.007122630599542713,0.00019817890239284054,3.3476363817850747,0.09314408412463496,COMPLETE
530,16.035,2025-06-13 17:20:38.906086,2025-06-13 17:20:42.874162,0 days 00:00:03.968076,45,0.8507183581426203,0.11242273903966664,0.9394787705440543,0.032275047831963916,461,5308039.0,16.035,1.9731763732621566,0.8365,0.14287377879326452,460.0,6.0,13.839999999999998,"[0.8329999999999999, 0.5509999999999998]",5308039.0,"[8.329999999999998, 5.509999999999998]",0.006255142585090969,2.8773655891418457,15.229999999999999,"[0.5519999999999998, 0.9709999999999999]",5309039.0,"[5.519999999999998, 9.709999999999999]",0.0067184370496998665,3.0904810428619385,16.669999999999998,"[0.8320000000000001, 0.835]",5310039.0,"[8.32, 8.35]",0.005815998885942542,2.6753594875335693,19.639999999999997,"[0.983, 0.9810000000000001]",5311039.0,"[9.83, 9.81]",0.005263370534648066,2.4211504459381104,16.78,"[0.978, 0.7]",5312039.0,"[9.78, 7.0]",0.005571995610776155,2.5631179809570312,14.05,"[0.841, 0.5639999999999998]",5313039.0,"[8.41, 5.639999999999999]",0.006155320872431216,2.8314476013183594,8.365,1.4287377879326453,0.005963377589764803,0.00047556878880740844,2.743153691291809,0.21876164285140787,COMPLETE
531,15.066666666666668,2025-06-13 17:20:47.785446,2025-06-13 17:20:51.484745,0 days 00:00:03.699299,46,0.8677504484998008,0.12394515377525342,0.9141027088057959,0.05505578552859067,440,5318047.0,15.066666666666668,1.5240917149422324,0.7431666666666666,0.06816992657241819,440.0,6.0,15.269999999999998,"[0.692, 0.835]",5318047.0,"[6.92, 8.35]",0.00622524077242071,2.7391059398651123,13.94,"[0.696, 0.698]",5319047.0,"[6.959999999999999, 6.9799999999999995]",0.006334038756110451,2.7869770526885986,15.299999999999999,"[0.693, 0.837]",5320047.0,"[6.93, 8.37]",0.006474554538726807,2.848803997039795,12.42,"[0.6990000000000001, 0.5429999999999999]",5321047.0,"[6.99, 5.43]",0.006207319281317971,2.7312204837799072,16.72,"[0.837, 0.8350000000000002]",5322047.0,"[8.37, 8.350000000000001]",0.005240370468659834,2.305763006210327,16.75,"[0.842, 0.833]",5323047.0,"[8.42, 8.33]",0.005421485142274337,2.385453462600708,7.431666666666666,0.6816992657241818,0.005983834826585019,0.0004726956701164632,2.632887323697408,0.20798609485124384,COMPLETE
532,16.511666666666667,2025-06-13 17:20:51.566831,2025-06-13 17:20:55.265041,0 days 00:00:03.698210,36,0.8452199286334853,0.19915889309087964,0.9694910507116721,0.049657649662535795,455,5328051.0,16.511666666666667,2.273891060617363,0.8278333333333333,0.11955949239697461,450.0,6.0,15.569999999999999,"[0.7169999999999999, 0.8399999999999999]",5328051.0,"[7.169999999999998, 8.399999999999999]",0.006143329408433702,2.764498233795166,14.38,"[0.717, 0.721]",5329051.0,"[7.17, 7.21]",0.006346730656094021,2.8560287952423096,15.609999999999998,"[0.851, 0.71]",5330051.0,"[8.51, 7.1]",0.006147350735134549,2.766307830810547,14.229999999999997,"[0.716, 0.707]",5331051.0,"[7.16, 7.069999999999999]",0.0059859704971313476,2.6936867237091064,19.66,"[0.984, 0.982]",5332051.0,"[9.84, 9.82]",0.005582464006212023,2.51210880279541,19.619999999999997,"[0.982, 0.9799999999999999]",5333051.0,"[9.82, 9.799999999999999]",0.005489272011650934,2.47017240524292,8.278333333333332,1.195594923969746,0.00594918621910943,0.0003115449875256133,2.677133798599243,0.14019524438652603,COMPLETE
533,16.598333333333333,2025-06-13 17:20:55.343498,2025-06-13 17:20:59.980380,0 days 00:00:04.636882,33,0.8320467940099038,0.10210693396914937,0.9413034194088022,0.06199484619442276,448,5338055.0,16.598333333333333,2.652831296725989,0.8314999999999998,0.2154172308180879,440.0,6.0,18.28,"[0.9759999999999998, 0.852]",5338055.0,"[9.759999999999998, 8.52]",0.006864928115497936,3.020568370819092,11.889999999999999,"[0.4669999999999998, 0.7219999999999999]",5339055.0,"[4.669999999999998, 7.219999999999999]",0.006795809485695579,2.9901561737060547,19.59,"[0.9799999999999999, 0.9789999999999999]",5340055.0,"[9.799999999999999, 9.79]",0.006323276866566051,2.7822418212890625,14.36,"[0.5959999999999999, 0.8400000000000001]",5341055.0,"[5.959999999999999, 8.4]",0.008397764509374446,3.695016384124756,18.32,"[0.9800000000000001, 0.852]",5342055.0,"[9.8, 8.52]",0.007819823243401268,3.4407222270965576,17.150000000000002,"[0.99, 0.725]",5343055.0,"[9.9, 7.25]",0.006171515313061801,2.7154667377471924,8.315,2.1541723081808786,0.007062186255599513,0.0007965479947566899,3.1073619524637857,0.35048111769294343,COMPLETE
