number,value,datetime_start,datetime_complete,duration,params_episode_length,params_epsilon_max,params_epsilon_min,params_gamma,params_learning_rate,params_num_episodes,user_attrs_base_seed,user_attrs_collective_reward_mean,user_attrs_collective_reward_std,user_attrs_individual_reward_agent0_mean,user_attrs_individual_reward_agent0_std,user_attrs_num_episodes_mean,user_attrs_num_parallel_runs,user_attrs_run_0_collective_reward,user_attrs_run_0_individual_rewards,user_attrs_run_0_seed,user_attrs_run_0_total_individual_rewards,user_attrs_run_0_training_time_per_episode,user_attrs_run_0_training_time_total,user_attrs_run_1_collective_reward,user_attrs_run_1_individual_rewards,user_attrs_run_1_seed,user_attrs_run_1_total_individual_rewards,user_attrs_run_1_training_time_per_episode,user_attrs_run_1_training_time_total,user_attrs_run_2_collective_reward,user_attrs_run_2_individual_rewards,user_attrs_run_2_seed,user_attrs_run_2_total_individual_rewards,user_attrs_run_2_training_time_per_episode,user_attrs_run_2_training_time_total,user_attrs_run_3_collective_reward,user_attrs_run_3_individual_rewards,user_attrs_run_3_seed,user_attrs_run_3_total_individual_rewards,user_attrs_run_3_training_time_per_episode,user_attrs_run_3_training_time_total,user_attrs_run_4_collective_reward,user_attrs_run_4_individual_rewards,user_attrs_run_4_seed,user_attrs_run_4_total_individual_rewards,user_attrs_run_4_training_time_per_episode,user_attrs_run_4_training_time_total,user_attrs_run_5_collective_reward,user_attrs_run_5_individual_rewards,user_attrs_run_5_seed,user_attrs_run_5_total_individual_rewards,user_attrs_run_5_training_time_per_episode,user_attrs_run_5_training_time_total,user_attrs_total_individual_reward_agent0_mean,user_attrs_total_individual_reward_agent0_std,user_attrs_training_time_per_episode_mean,user_attrs_training_time_per_episode_std,user_attrs_training_time_total_mean,user_attrs_training_time_total_std,state
248,14.14,2025-06-13 16:43:40.326010,2025-06-13 16:43:43.687894,0 days 00:00:03.361884,25,0.9856867285376932,0.06325072600033284,0.9954444573170089,0.058800315494761536,472,2485820.0,14.14,1.9909210598782339,0.6749999999999999,0.1673479409294699,470.0,6.0,13.489999999999998,"[0.614, 0.735]",2485820.0,"[6.14, 7.35]",0.005351989827257522,2.515435218811035,13.439999999999998,"[0.7329999999999999, 0.611]",2486820.0,"[7.329999999999998, 6.109999999999999]",0.005095482379832167,2.394876718521118,17.310000000000002,"[0.858, 0.873]",2487820.0,"[8.58, 8.73]",0.004545092582702637,2.1361935138702393,11.14,"[0.3749999999999999, 0.7389999999999999]",2488820.0,"[3.749999999999999, 7.389999999999999]",0.005344867199025255,2.51208758354187,15.98,"[0.858, 0.74]",2489820.0,"[8.58, 7.4]",0.005117294636178524,2.4051284790039062,13.48,"[0.612, 0.736]",2490820.0,"[6.12, 7.359999999999999]",0.004944162165864985,2.323756217956543,6.749999999999999,1.6734794092946987,0.005066481465143515,0.0002736314585893003,2.381246288617452,0.1286067855369712,COMPLETE
249,15.568333333333333,2025-06-13 16:43:43.757229,2025-06-13 16:43:47.486766,0 days 00:00:03.729537,44,0.9629844551695876,0.13654090559891718,0.9744237505590487,0.04799562397297985,492,2495823.0,15.568333333333333,1.9003369584248884,0.7701666666666666,0.13460363623947494,490.0,6.0,13.9,"[0.701, 0.6889999999999998]",2495823.0,"[7.01, 6.889999999999999]",0.005467931105166066,2.679286241531372,12.5,"[0.5569999999999999, 0.693]",2496823.0,"[5.569999999999999, 6.93]",0.005786513309089505,2.8353915214538574,16.64,"[0.829, 0.835]",2497823.0,"[8.29, 8.35]",0.005438752077063735,2.6649885177612305,18.14,"[0.982, 0.8319999999999999]",2498823.0,"[9.82, 8.319999999999999]",0.005639233394544952,2.7632243633270264,16.86,"[0.8469999999999999, 0.8389999999999999]",2499823.0,"[8.469999999999999, 8.389999999999999]",0.005772818837847029,2.828681230545044,15.37,"[0.705, 0.8320000000000001]",2500823.0,"[7.05, 8.32]",0.005280739433911382,2.587562322616577,7.701666666666665,1.3460363623947496,0.005564331359603779,0.0001843591186049146,2.726522366205851,0.09033596811640814,COMPLETE
250,14.833333333333334,2025-06-13 16:43:47.559878,2025-06-13 16:43:50.925346,0 days 00:00:03.365468,28,0.9727037855888432,0.06813164736538246,0.9798001255181571,0.07649961173543639,421,2505827.0,14.833333333333334,2.743177395325031,0.7945000000000001,0.12128856774925935,420.0,6.0,15.900000000000002,"[0.7350000000000001, 0.8550000000000001]",2505827.0,"[7.350000000000001, 8.55]",0.005210791883014498,2.188532590866089,15.8,"[0.7279999999999999, 0.852]",2506827.0,"[7.2799999999999985, 8.52]",0.006029259023212251,2.5322887897491455,9.65,"[0.606, 0.3589999999999999]",2507827.0,"[6.06, 3.589999999999999]",0.005790305705297561,2.4319283962249756,18.43,"[0.9880000000000001, 0.8550000000000001]",2508827.0,"[9.88, 8.55]",0.0046906249863760815,1.970062494277954,15.87,"[0.853, 0.734]",2509827.0,"[8.53, 7.34]",0.005130871136983236,2.154965877532959,13.35,"[0.857, 0.47799999999999987]",2510827.0,"[8.57, 4.7799999999999985]",0.005451239858354841,2.289520740509033,7.945,1.2128856774925934,0.005383848765539744,0.0004398501216540274,2.261216481526693,0.1847370510946916,COMPLETE
251,16.93166666666667,2025-06-13 16:43:53.483322,2025-06-13 16:43:56.632078,0 days 00:00:03.148756,39,0.8388951030703552,0.04726479281470623,0.9369758012598568,0.06894312134286301,481,2515833.0,16.93166666666667,2.6278281061659188,0.916,0.1041841318691736,480.0,6.0,19.68,"[0.9780000000000001, 0.99]",2515833.0,"[9.780000000000001, 9.9]",0.0040290509661038715,1.9339444637298584,19.590000000000003,"[0.9800000000000001, 0.9789999999999999]",2516833.0,"[9.8, 9.79]",0.004269091784954071,2.049164056777954,12.860000000000001,"[0.8470000000000001, 0.43899999999999995]",2517833.0,"[8.47, 4.39]",0.004683101177215576,2.2478885650634766,17.0,"[0.9910000000000002, 0.709]",2518833.0,"[9.910000000000002, 7.09]",0.0043910627563794455,2.107710123062134,14.079999999999998,"[0.7119999999999999, 0.696]",2519833.0,"[7.119999999999998, 6.959999999999999]",0.004759876926740011,2.284740924835205,18.380000000000003,"[0.9880000000000001, 0.85]",2520833.0,"[9.88, 8.5]",0.0039304658770561215,1.8866236209869385,9.160000000000002,1.0418413186917361,0.004343774914741516,0.0003071298398381185,2.0850119590759277,0.14742232312229683,COMPLETE
252,17.07166666666667,2025-06-13 16:43:56.699894,2025-06-13 16:44:00.210483,0 days 00:00:03.510589,39,0.8284277322250994,0.04562865710863616,0.9360842829572654,0.06993862523940227,478,2525836.0,17.07166666666667,2.391292653682429,0.8205,0.14736999920834182,470.0,6.0,16.88,"[0.8479999999999999, 0.8400000000000001]",2525836.0,"[8.479999999999999, 8.4]",0.0056858879454592445,2.6723673343658447,15.5,"[0.7030000000000001, 0.8470000000000001]",2526836.0,"[7.030000000000001, 8.47]",0.005048242021114268,2.372673749923706,19.56,"[0.9810000000000001, 0.975]",2527836.0,"[9.81, 9.75]",0.005068951464713888,2.3824071884155273,18.21,"[0.845, 0.976]",2528836.0,"[8.45, 9.76]",0.004996764406244806,2.3484792709350586,12.780000000000001,"[0.567, 0.711]",2529836.0,"[5.67, 7.109999999999999]",0.005421852050943578,2.5482704639434814,19.5,"[0.9789999999999999, 0.9710000000000001]",2530836.0,"[9.79, 9.71]",0.005360652538056069,2.5195066928863525,8.205,1.473699992083418,0.005263725071088642,0.00024774256371213346,2.4739507834116616,0.1164390049447027,COMPLETE
253,16.868333333333336,2025-06-13 16:44:00.285727,2025-06-13 16:44:03.693139,0 days 00:00:03.407412,39,0.8183542452520518,0.042940869142288146,0.9324466977556064,0.06116526445432487,470,2535840.0,16.868333333333336,1.919387199660929,0.7971666666666666,0.12735700041833414,470.0,6.0,16.979999999999997,"[0.8460000000000001, 0.852]",2535840.0,"[8.46, 8.52]",0.004774226026332124,2.2438862323760986,16.830000000000002,"[0.708, 0.9750000000000002]",2536840.0,"[7.08, 9.750000000000002]",0.0048402862345918694,2.2749345302581787,18.169999999999995,"[0.843, 0.974]",2537840.0,"[8.43, 9.74]",0.004536873736280076,2.1323306560516357,18.24,"[0.8389999999999999, 0.985]",2538840.0,"[8.389999999999999, 9.85]",0.004656449784623816,2.1885313987731934,18.21,"[0.976, 0.845]",2539840.0,"[9.76, 8.45]",0.004621649295725721,2.172175168991089,12.779999999999998,"[0.571, 0.707]",2540840.0,"[5.709999999999999, 7.069999999999999]",0.00529592290837714,2.489083766937256,7.971666666666667,1.2735700041833413,0.004787567997655124,0.0002479753180206092,2.2501569588979087,0.1165483994696864,COMPLETE
254,15.493333333333332,2025-06-13 16:44:03.801052,2025-06-13 16:44:07.433413,0 days 00:00:03.632361,40,0.8175255677784903,0.04523177939409091,0.9316788973362619,0.06592706023058002,452,2545843.0,15.493333333333332,2.2597320391782945,0.7971666666666666,0.10308639849929555,450.0,6.0,11.36,"[0.7050000000000001, 0.4309999999999999]",2545843.0,"[7.050000000000001, 4.309999999999999]",0.005685220824347602,2.558349370956421,16.87,"[0.849, 0.8379999999999999]",2546843.0,"[8.49, 8.379999999999999]",0.005301765335930718,2.3857944011688232,16.89,"[0.7129999999999999, 0.9760000000000002]",2547843.0,"[7.129999999999999, 9.760000000000002]",0.005154562526279025,2.3195531368255615,14.099999999999998,"[0.697, 0.7130000000000001]",2548843.0,"[6.97, 7.130000000000001]",0.005894880294799804,2.652696132659912,15.459999999999997,"[0.8379999999999999, 0.708]",2549843.0,"[8.379999999999999, 7.08]",0.005040270487467448,2.2681217193603516,18.28,"[0.9810000000000001, 0.8469999999999999]",2550843.0,"[9.81, 8.469999999999999]",0.005338556501600478,2.402350425720215,7.971666666666667,1.0308639849929553,0.005402542661737513,0.0002970097816751206,2.431144197781881,0.1336544017538043,COMPLETE
255,14.401666666666664,2025-06-13 16:44:07.565966,2025-06-13 16:44:10.965085,0 days 00:00:03.399119,39,0.8319406450271272,0.04097571434595393,0.9276747941140554,0.054833984094847084,464,2555847.0,14.401666666666664,2.0979388032595767,0.7318333333333333,0.16490948695841876,460.0,6.0,14.190000000000001,"[0.574, 0.845]",2555847.0,"[5.739999999999999, 8.45]",0.005487196860106095,2.5241105556488037,12.85,"[0.577, 0.708]",2556847.0,"[5.77, 7.08]",0.005441950715106466,2.5032973289489746,14.209999999999999,"[0.5720000000000001, 0.849]",2557847.0,"[5.720000000000001, 8.49]",0.004957490381987198,2.2804455757141113,18.13,"[0.8380000000000001, 0.975]",2558847.0,"[8.38, 9.75]",0.004674132492231286,2.1501009464263916,15.57,"[0.9869999999999999, 0.5700000000000001]",2559847.0,"[9.87, 5.700000000000001]",0.004815220832824707,2.2150015830993652,11.459999999999997,"[0.843, 0.3029999999999998]",2560847.0,"[8.43, 3.0299999999999985]",0.005710153476051662,2.6266705989837646,7.3183333333333325,1.6490948695841876,0.00518102412638457,0.00038351897160675475,2.383271098136902,0.17641872693910723,COMPLETE
256,12.893333333333333,2025-06-13 16:44:13.522805,2025-06-13 16:44:17.069552,0 days 00:00:03.546747,38,0.8008586486489041,0.034238378674571024,0.9318465159329223,0.0001864896212822639,472,2565853.0,12.893333333333333,3.0350928962535715,0.6204999999999999,0.18622455083402228,470.0,6.0,12.860000000000001,"[0.7090000000000001, 0.5770000000000001]",2565853.0,"[7.090000000000001, 5.7700000000000005]",0.005538276915854596,2.60299015045166,16.96,"[0.852, 0.844]",2566853.0,"[8.52, 8.44]",0.005062944838341246,2.3795840740203857,12.77,"[0.7, 0.5770000000000001]",2567853.0,"[7.0, 5.7700000000000005]",0.005061244457326037,2.3787848949432373,11.569999999999999,"[0.4419999999999999, 0.7150000000000001]",2568853.0,"[4.419999999999999, 7.15]",0.004841989659248514,2.2757351398468018,7.499999999999999,"[0.3049999999999999, 0.44499999999999995]",2569853.0,"[3.049999999999999, 4.449999999999999]",0.005493819967229315,2.5820953845977783,15.7,"[0.7150000000000001, 0.8550000000000001]",2570853.0,"[7.15, 8.55]",0.004263704381090529,2.003941059112549,6.204999999999999,1.862245508340223,0.005043663369848374,0.0004275848261678321,2.3705217838287354,0.20096486829888102,COMPLETE
257,12.213333333333333,2025-06-13 16:44:17.140452,2025-06-13 16:44:21.046389,0 days 00:00:03.905937,41,0.8165535233035608,0.14676610019694875,0.9347191728734391,0.0633138915486792,475,2575857.0,12.213333333333333,6.964808364596658,0.6576666666666667,0.3443997999741322,470.0,6.0,7.1599999999999975,"[0.4229999999999999, 0.29299999999999987]",2575857.0,"[4.229999999999999, 2.929999999999999]",0.0059194397419056995,2.7821366786956787,16.729999999999997,"[0.9770000000000001, 0.696]",2576857.0,"[9.770000000000001, 6.959999999999999]",0.005334841444137249,2.507375478744507,-1.110000000000003,"[0.014999999999999875, -0.12600000000000014]",2577857.0,"[0.14999999999999875, -1.2600000000000013]",0.006736902480429792,3.166344165802002,18.2,"[0.9820000000000002, 0.8379999999999999]",2578857.0,"[9.820000000000002, 8.379999999999999]",0.004493972088428254,2.1121668815612793,15.53,"[0.707, 0.8459999999999999]",2579857.0,"[7.069999999999999, 8.459999999999999]",0.005112381691628314,2.4028193950653076,16.770000000000003,"[0.842, 0.835]",2580857.0,"[8.42, 8.35]",0.006199726145318214,2.9138712882995605,6.576666666666667,3.4439979997413226,0.005632877265307919,0.0007392736724010393,2.6474523146947226,0.3474586260284884,COMPLETE
258,15.086666666666664,2025-06-13 16:44:21.116258,2025-06-13 16:44:24.734310,0 days 00:00:03.618052,39,0.8369828128293312,0.037513712924211434,0.9357055374462969,0.08025759864040484,457,2585861.0,15.086666666666664,4.288634851428703,0.7796666666666668,0.20561344530183068,450.0,6.0,16.95,"[0.8559999999999999, 0.8390000000000001]",2585861.0,"[8.559999999999999, 8.39]",0.00531113412645128,2.390010356903076,19.6,"[0.9840000000000002, 0.9760000000000002]",2586861.0,"[9.840000000000002, 9.760000000000002]",0.004681238068474663,2.1065571308135986,11.37,"[0.567, 0.5700000000000001]",2587861.0,"[5.67, 5.700000000000001]",0.004865995513068305,2.1896979808807373,18.299999999999997,"[0.85, 0.9800000000000001]",2588861.0,"[8.5, 9.8]",0.00532568719651964,2.396559238433838,16.899999999999995,"[0.9810000000000001, 0.709]",2589861.0,"[9.81, 7.09]",0.004585227436489529,2.063352346420288,7.399999999999999,"[0.43999999999999995, 0.29999999999999993]",2590861.0,"[4.3999999999999995, 2.999999999999999]",0.005967185762193468,2.6852335929870605,7.796666666666667,2.0561344530183066,0.005122744683866147,0.00047249867718569995,2.3052351077397666,0.21262440473356498,COMPLETE
259,16.365,2025-06-13 16:44:24.811310,2025-06-13 16:44:28.207722,0 days 00:00:03.396412,39,0.8232911444046794,0.04378200671046251,0.9343821399943003,0.049474257300986826,465,2595865.0,16.365,1.9554176876906206,0.7953333333333333,0.12390273963431517,460.0,6.0,16.82,"[0.8460000000000001, 0.836]",2595865.0,"[8.46, 8.36]",0.005107104259988536,2.3492679595947266,15.499999999999998,"[0.705, 0.845]",2596865.0,"[7.05, 8.45]",0.005311300961867623,2.4431984424591064,19.5,"[0.974, 0.9760000000000002]",2597865.0,"[9.74, 9.760000000000002]",0.004511157844377601,2.0751326084136963,12.92,"[0.58, 0.712]",2598865.0,"[5.8, 7.119999999999999]",0.005019239239070727,2.308850049972534,16.849999999999998,"[0.843, 0.842]",2599865.0,"[8.43, 8.42]",0.005231917941051981,2.406682252883911,16.599999999999998,"[0.8240000000000001, 0.836]",2600865.0,"[8.24, 8.36]",0.005481495546258014,2.5214879512786865,7.953333333333334,1.2390273963431517,0.00511036929876908,0.00030557378066635996,2.350769877433777,0.14056393910652562,COMPLETE
260,16.28,2025-06-13 16:44:28.279002,2025-06-13 16:44:30.826605,0 days 00:00:02.547603,37,0.8195870239329193,0.04666482395025663,0.9394299939412031,0.09625501393681711,259,2605868.0,16.28,3.872277538262636,0.8245,0.19534222107197752,250.0,6.0,19.69,"[0.984, 0.9850000000000001]",2605868.0,"[9.84, 9.850000000000001]",0.005355298042297363,1.3388245105743408,19.720000000000002,"[0.9879999999999999, 0.984]",2606868.0,"[9.879999999999999, 9.84]",0.006017606735229492,1.504401683807373,18.3,"[0.975, 0.8549999999999999]",2607868.0,"[9.75, 8.549999999999999]",0.006425898551940918,1.6064746379852295,11.469999999999999,"[0.708, 0.4389999999999999]",2608868.0,"[7.08, 4.389999999999999]",0.007235786437988281,1.8089466094970703,18.19,"[0.842, 0.977]",2609868.0,"[8.42, 9.77]",0.006287503242492676,1.571875810623169,10.309999999999999,"[0.4499999999999999, 0.5809999999999998]",2610868.0,"[4.499999999999999, 5.809999999999999]",0.00705820369720459,1.7645509243011475,8.245,1.9534222107197752,0.006396716117858887,0.0006301665677236057,1.5991790294647217,0.15754164193090142,COMPLETE
261,14.586666666666666,2025-06-13 16:44:33.433876,2025-06-13 16:44:37.150767,0 days 00:00:03.716891,40,0.8096079608646274,0.12537012816093693,0.9652375923165617,0.05821517225532691,478,2615873.0,14.586666666666666,1.8952455132661734,0.7279999999999999,0.12371876710238164,470.0,6.0,14.079999999999998,"[0.7039999999999998, 0.7040000000000001]",2615873.0,"[7.039999999999998, 7.040000000000001]",0.006030520987003408,2.8343448638916016,14.159999999999998,"[0.8469999999999999, 0.5689999999999997]",2616873.0,"[8.469999999999999, 5.689999999999998]",0.005072084386297997,2.3838796615600586,18.26,"[0.8400000000000001, 0.9860000000000001]",2617873.0,"[8.4, 9.860000000000001]",0.004527584542619421,2.127964735031128,12.719999999999999,"[0.5629999999999998, 0.709]",2618873.0,"[5.629999999999998, 7.09]",0.005777029788240473,2.7152040004730225,15.52,"[0.842, 0.71]",2619873.0,"[8.42, 7.1]",0.00540881410558173,2.542142629623413,12.779999999999998,"[0.5719999999999998, 0.7059999999999998]",2620873.0,"[5.719999999999999, 7.059999999999999]",0.005807670126570032,2.729604959487915,7.2799999999999985,1.2371876710238163,0.0054372839893855095,0.0005109268704401137,2.55552347501119,0.24013562910685343,COMPLETE
262,14.324999999999998,2025-06-13 16:44:37.236108,2025-06-13 16:44:40.983984,0 days 00:00:03.747876,41,0.8507727699775455,0.05263194150368482,0.9477068053579384,0.0708374976667559,448,2625877.0,14.324999999999998,4.078397356805736,0.705,0.26644261420926396,440.0,6.0,18.26,"[0.843, 0.983]",2625877.0,"[8.43, 9.83]",0.0049163406545465645,2.1631898880004883,11.309999999999999,"[0.701, 0.4299999999999999]",2626877.0,"[7.01, 4.299999999999999]",0.0063174946741624315,2.7796976566314697,16.880000000000003,"[0.844, 0.8440000000000001]",2627877.0,"[8.44, 8.440000000000001]",0.005005249651995572,2.2023098468780518,18.240000000000002,"[0.9829999999999999, 0.841]",2628877.0,"[9.829999999999998, 8.41]",0.00500651327046481,2.2028658390045166,7.019999999999998,"[0.14799999999999988, 0.5539999999999999]",2629877.0,"[1.4799999999999989, 5.539999999999999]",0.0066951778802004725,2.945878267288208,14.24,"[0.7110000000000001, 0.7130000000000001]",2630877.0,"[7.110000000000001, 7.130000000000001]",0.0046717876737768,2.055586576461792,7.049999999999998,2.6644261420926396,0.005435427300857775,0.0007731570403954575,2.391588012377421,0.3401890977740013,COMPLETE
263,16.621666666666666,2025-06-13 16:44:41.051518,2025-06-13 16:44:44.529332,0 days 00:00:03.477814,38,0.8341995130176741,0.04093126416379938,0.9323051157169712,0.04153737803041798,470,2635881.0,16.621666666666666,2.14522272865909,0.82,0.09467488227261407,470.0,6.0,18.14,"[0.8469999999999999, 0.9670000000000002]",2635881.0,"[8.469999999999999, 9.670000000000002]",0.00479509729020139,2.2536957263946533,15.53,"[0.711, 0.842]",2636881.0,"[7.109999999999999, 8.42]",0.004685883319124263,2.2023651599884033,14.129999999999999,"[0.8379999999999999, 0.575]",2637881.0,"[8.379999999999999, 5.75]",0.005014451513899134,2.3567922115325928,18.159999999999997,"[0.841, 0.975]",2638881.0,"[8.41, 9.75]",0.004658692441088088,2.1895854473114014,19.659999999999997,"[0.982, 0.984]",2639881.0,"[9.82, 9.84]",0.0045974092280611075,2.1607823371887207,14.11,"[0.701, 0.71]",2640881.0,"[7.01, 7.1]",0.005722006838372413,2.689343214035034,8.2,0.9467488227261408,0.004912256771791066,0.00038612046165225846,2.308760682741801,0.18147661697656142,COMPLETE
264,15.951666666666666,2025-06-13 16:44:44.602736,2025-06-13 16:44:47.625251,0 days 00:00:03.022515,42,0.6092287610240492,0.05012535135649913,0.9305047760782758,0.03404017910685075,362,2645884.0,15.951666666666666,2.3114311343600282,0.8688333333333333,0.05307986644879787,360.0,6.0,12.739999999999998,"[0.85, 0.42399999999999993]",2645884.0,"[8.5, 4.239999999999999]",0.005839878982967801,2.102356433868408,16.97,"[0.85, 0.8469999999999999]",2646884.0,"[8.5, 8.469999999999999]",0.004917352729373508,1.770246982574463,18.2,"[0.842, 0.978]",2647884.0,"[8.42, 9.78]",0.004591838518778483,1.653061866760254,18.079999999999995,"[0.836, 0.9720000000000001]",2648884.0,"[8.36, 9.72]",0.00452589922481113,1.6293237209320068,12.77,"[0.8480000000000001, 0.429]",2649884.0,"[8.48, 4.29]",0.006147776709662544,2.2131996154785156,16.95,"[0.9869999999999999, 0.708]",2650884.0,"[9.87, 7.08]",0.0050003634558783636,1.800130844116211,8.688333333333334,0.5307986644879789,0.005170518270245305,0.000611899670640527,1.8613865772883098,0.22028388143058963,COMPLETE
265,18.188333333333336,2025-06-13 16:44:47.693448,2025-06-13 16:44:51.284511,0 days 00:00:03.591063,38,0.8247752972712018,0.08524074405551757,0.9373690547633786,0.08243215465085522,479,2655887.0,18.188333333333336,1.3172119124204067,0.9091666666666668,0.10141238692695397,470.0,6.0,18.16,"[0.984, 0.8320000000000001]",2655887.0,"[9.84, 8.32]",0.005279702328621073,2.4814600944519043,19.470000000000002,"[0.966, 0.9810000000000001]",2656887.0,"[9.66, 9.81]",0.0046146773277445045,2.168898344039917,18.259999999999998,"[0.8380000000000001, 0.9880000000000001]",2657887.0,"[8.38, 9.88]",0.00473888985654141,2.227278232574463,19.630000000000003,"[0.9850000000000001, 0.978]",2658887.0,"[9.850000000000001, 9.78]",0.0041938386064894655,1.9711041450500488,15.61,"[0.713, 0.8480000000000001]",2659887.0,"[7.13, 8.48]",0.005441096995739227,2.5573155879974365,18.0,"[0.969, 0.8309999999999998]",2660887.0,"[9.69, 8.309999999999999]",0.005460421075212194,2.5663979053497314,9.091666666666667,1.0141238692695398,0.004954771031724646,0.0004724160988147675,2.3287423849105835,0.22203556644294076,COMPLETE
