number,value,datetime_start,datetime_complete,duration,params_episode_length,params_epsilon_max,params_epsilon_min,params_gamma,params_learning_rate,params_num_episodes,user_attrs_base_seed,user_attrs_collective_reward_mean,user_attrs_collective_reward_std,user_attrs_individual_reward_agent0_mean,user_attrs_individual_reward_agent0_std,user_attrs_num_episodes_mean,user_attrs_num_parallel_runs,user_attrs_run_0_collective_reward,user_attrs_run_0_individual_rewards,user_attrs_run_0_seed,user_attrs_run_0_total_individual_rewards,user_attrs_run_0_training_time_per_episode,user_attrs_run_0_training_time_total,user_attrs_run_1_collective_reward,user_attrs_run_1_individual_rewards,user_attrs_run_1_seed,user_attrs_run_1_total_individual_rewards,user_attrs_run_1_training_time_per_episode,user_attrs_run_1_training_time_total,user_attrs_run_2_collective_reward,user_attrs_run_2_individual_rewards,user_attrs_run_2_seed,user_attrs_run_2_total_individual_rewards,user_attrs_run_2_training_time_per_episode,user_attrs_run_2_training_time_total,user_attrs_run_3_collective_reward,user_attrs_run_3_individual_rewards,user_attrs_run_3_seed,user_attrs_run_3_total_individual_rewards,user_attrs_run_3_training_time_per_episode,user_attrs_run_3_training_time_total,user_attrs_run_4_collective_reward,user_attrs_run_4_individual_rewards,user_attrs_run_4_seed,user_attrs_run_4_total_individual_rewards,user_attrs_run_4_training_time_per_episode,user_attrs_run_4_training_time_total,user_attrs_run_5_collective_reward,user_attrs_run_5_individual_rewards,user_attrs_run_5_seed,user_attrs_run_5_total_individual_rewards,user_attrs_run_5_training_time_per_episode,user_attrs_run_5_training_time_total,user_attrs_total_individual_reward_agent0_mean,user_attrs_total_individual_reward_agent0_std,user_attrs_training_time_per_episode_mean,user_attrs_training_time_per_episode_std,user_attrs_training_time_total_mean,user_attrs_training_time_total_std,state
229,16.016666666666666,2025-06-13 16:40:07.469298,2025-06-13 16:40:10.775970,0 days 00:00:03.306672,29,0.9856859521503132,0.027545075353248898,0.9351814070040443,0.07267656173213363,467,2295607.0,16.016666666666666,1.5585641540283868,0.791,0.1229796731171457,460.0,6.0,15.819999999999997,"[0.5980000000000001, 0.9840000000000002]",2295607.0,"[5.98, 9.840000000000002]",0.005229046033776325,2.4053611755371094,15.829999999999998,"[0.7299999999999999, 0.853]",2296607.0,"[7.299999999999999, 8.53]",0.004938582752061927,2.2717480659484863,16.93,"[0.8480000000000001, 0.845]",2297607.0,"[8.48, 8.45]",0.005395481897437054,2.481921672821045,13.25,"[0.851, 0.47400000000000003]",2298607.0,"[8.51, 4.74]",0.005311306144880212,2.4432008266448975,18.459999999999997,"[0.9890000000000001, 0.857]",2299607.0,"[9.89, 8.57]",0.004142996539240298,1.905778408050537,15.809999999999999,"[0.73, 0.851]",2300607.0,"[7.3, 8.51]",0.005238710797351339,2.409806966781616,7.909999999999999,1.2297967311714568,0.005042687360791192,0.00042623470116667295,2.3196361859639487,0.19606796253666955,COMPLETE
230,15.223333333333334,2025-06-13 16:40:10.896463,2025-06-13 16:40:14.372121,0 days 00:00:03.475658,29,0.9647895702737308,0.038151562796023324,0.9342313774046846,0.053925271978336874,485,2305611.0,15.223333333333334,3.743227959336107,0.7274999999999999,0.24013451091697197,480.0,6.0,17.08,"[0.9730000000000001, 0.735]",2305611.0,"[9.73, 7.35]",0.004768777887026469,2.289013385772705,15.800000000000002,"[0.731, 0.8489999999999999]",2306611.0,"[7.31, 8.489999999999998]",0.004673206806182861,2.2431392669677734,18.52,"[0.865, 0.9870000000000001]",2307611.0,"[8.65, 9.870000000000001]",0.004300765196482341,2.0643672943115234,15.799999999999999,"[0.724, 0.8560000000000001]",2308611.0,"[7.24, 8.56]",0.004977314174175263,2.389110803604126,17.029999999999998,"[0.8469999999999999, 0.8559999999999999]",2309611.0,"[8.469999999999999, 8.559999999999999]",0.00454367846250534,2.1809656620025635,7.109999999999998,"[0.22499999999999992, 0.48599999999999993]",2310611.0,"[2.249999999999999, 4.859999999999999]",0.005492695172627767,2.636493682861328,7.2749999999999995,2.40134510916972,0.004792739616500007,0.00037481953290832514,2.3005150159200034,0.17991337579599603,COMPLETE
231,15.038333333333332,2025-06-13 16:40:16.127473,2025-06-13 16:40:19.556762,0 days 00:00:03.429289,28,0.9758452717737109,0.042818273980403776,0.9409374148828131,0.07137142133993554,489,2315616.0,15.038333333333332,1.5483369214167257,0.7721666666666667,0.15913874100573033,480.0,6.0,14.629999999999999,"[0.732, 0.7310000000000001]",2315616.0,"[7.32, 7.3100000000000005]",0.005125624438126882,2.4602997303009033,12.169999999999998,"[0.6039999999999999, 0.6129999999999999]",2316616.0,"[6.039999999999999, 6.129999999999999]",0.005203997095425923,2.4979186058044434,15.89,"[0.9810000000000001, 0.6079999999999999]",2317616.0,"[9.81, 6.079999999999998]",0.005305661757787069,2.546717643737793,14.579999999999997,"[0.6009999999999999, 0.857]",2318616.0,"[6.009999999999999, 8.57]",0.005533653994401296,2.656153917312622,15.81,"[0.7259999999999999, 0.8550000000000001]",2319616.0,"[7.259999999999999, 8.55]",0.005300994714101156,2.5444774627685547,17.15,"[0.9890000000000001, 0.726]",2320616.0,"[9.89, 7.26]",0.004684506356716156,2.248563051223755,7.721666666666667,1.591387410057303,0.005192406392759748,0.0002593661335291897,2.4923550685246787,0.12449574409401108,COMPLETE
232,17.553333333333335,2025-06-13 16:40:19.625931,2025-06-13 16:40:23.484526,0 days 00:00:03.858595,27,0.9919261569056343,0.03686317078050441,0.9702349263598636,0.06293516055350837,481,2325619.0,17.553333333333335,1.3909668899326435,0.8995000000000001,0.059907567691124555,480.0,6.0,15.869999999999997,"[0.8550000000000001, 0.732]",2325619.0,"[8.55, 7.32]",0.0051598663131395975,2.476735830307007,19.560000000000002,"[0.9790000000000001, 0.9770000000000001]",2326619.0,"[9.790000000000001, 9.770000000000001]",0.006378436585267385,3.0616495609283447,17.18,"[0.86, 0.858]",2327619.0,"[8.6, 8.58]",0.005610052744547526,2.6928253173828125,15.82,"[0.8520000000000001, 0.73]",2328619.0,"[8.520000000000001, 7.3]",0.005014316240946452,2.406871795654297,18.36,"[0.8619999999999999, 0.974]",2329619.0,"[8.62, 9.74]",0.005228839814662933,2.509843111038208,18.529999999999998,"[0.9890000000000001, 0.8639999999999999]",2330619.0,"[9.89, 8.639999999999999]",0.004572175939877828,2.1946444511413574,8.995000000000001,0.5990756769112454,0.00532728127307362,0.0005613580052770114,2.557095011075338,0.26945184253296545,COMPLETE
233,,2025-06-13 16:40:23.554666,,,36,0.9906038940852253,0.03605681323924616,0.9710697853318684,0.06335144296251946,478,,,,,,,,,,,,,,,,,,,,,,,,,,,,,,,,,,,,,,,,,,,,,,,,,,RUNNING
234,14.746666666666664,2025-06-13 16:42:41.938266,2025-06-13 16:42:45.525440,0 days 00:00:03.587174,36,0.9910270025469847,0.03701272833150601,0.9693677850597703,0.0648159059821765,476,2345762.0,14.746666666666664,2.2297882311007835,0.7838333333333334,0.166468632347225,470.0,6.0,14.31,"[0.7180000000000002, 0.7129999999999999]",2345762.0,"[7.1800000000000015, 7.129999999999999]",0.004782034488434487,2.247556209564209,16.91,"[0.8450000000000001, 0.8459999999999999]",2346762.0,"[8.450000000000001, 8.459999999999999]",0.005240459137774528,2.4630157947540283,10.349999999999998,"[0.4519999999999998, 0.583]",2347762.0,"[4.519999999999998, 5.83]",0.005819615404656593,2.7352192401885986,14.339999999999996,"[0.8560000000000001, 0.578]",2348762.0,"[8.56, 5.779999999999999]",0.004907804347099142,2.3066680431365967,15.680000000000001,"[0.8530000000000001, 0.715]",2349762.0,"[8.530000000000001, 7.1499999999999995]",0.004860543190164769,2.2844552993774414,16.89,"[0.9789999999999999, 0.71]",2350762.0,"[9.79, 7.1]",0.004503408898698522,2.1166021823883057,7.838333333333334,1.6646863234722504,0.005018977577804674,0.0004182282160257984,2.3589194615681968,0.19656726153212517,COMPLETE
235,15.191666666666665,2025-06-13 16:42:45.602582,2025-06-13 16:42:49.074348,0 days 00:00:03.471766,30,0.9914092412213468,0.036024213009901114,0.9720081952688652,0.05395742279551253,480,2355765.0,15.191666666666665,3.920341892686855,0.7696666666666666,0.22681759680902674,480.0,6.0,19.59,"[0.978, 0.9809999999999999]",2355765.0,"[9.78, 9.809999999999999]",0.004177491366863251,2.0051958560943604,8.19,"[0.346, 0.47300000000000003]",2356765.0,"[3.46, 4.73]",0.005522055923938752,2.6505868434906006,17.12,"[0.8569999999999999, 0.8549999999999999]",2357765.0,"[8.569999999999999, 8.549999999999999]",0.004343827565511067,2.0850372314453125,18.349999999999998,"[0.976, 0.8590000000000002]",2358765.0,"[9.76, 8.590000000000002]",0.004204750557740529,2.018280267715454,15.83,"[0.858, 0.7250000000000001]",2359765.0,"[8.58, 7.250000000000001]",0.0044105286399523415,2.117053747177124,12.069999999999997,"[0.603, 0.604]",2360765.0,"[6.029999999999999, 6.04]",0.004638059437274933,2.2262685298919678,7.696666666666665,2.2681759680902673,0.004549452248546813,0.000460536747669896,2.1837370793024697,0.22105763888155,COMPLETE
236,15.316666666666668,2025-06-13 16:42:51.429646,2025-06-13 16:42:54.781279,0 days 00:00:03.351633,27,0.9710542000528614,0.033264945989715425,0.9679217379758418,0.06391415566590887,461,2365771.0,15.316666666666668,1.8646060054487537,0.6928333333333333,0.1164551654309742,460.0,6.0,15.92,"[0.8560000000000001, 0.7360000000000001]",2365771.0,"[8.56, 7.360000000000001]",0.004678539089534594,2.152127981185913,12.209999999999999,"[0.487, 0.734]",2366771.0,"[4.87, 7.34]",0.005207731412804645,2.3955564498901367,13.47,"[0.6089999999999999, 0.7380000000000001]",2367771.0,"[6.089999999999999, 7.380000000000001]",0.0050952875095865,2.34383225440979,17.220000000000002,"[0.7350000000000001, 0.9870000000000001]",2368771.0,"[7.350000000000001, 9.870000000000001]",0.0044495302697886594,2.046783924102783,15.899999999999999,"[0.738, 0.852]",2369771.0,"[7.38, 8.52]",0.004859130797178849,2.2352001667022705,17.18,"[0.732, 0.9860000000000001]",2370771.0,"[7.32, 9.860000000000001]",0.004952526610830556,2.2781622409820557,6.928333333333334,1.1645516543097416,0.0048737909482873005,0.00025334811253904907,2.241943836212158,0.11654013176796263,COMPLETE
237,15.90333333333333,2025-06-13 16:42:54.915005,2025-06-13 16:42:58.536183,0 days 00:00:03.621178,27,0.982232859611982,0.045432630702737994,0.971487293483605,0.0006436801297906097,488,2375775.0,15.90333333333333,2.8054807470774468,0.8184999999999999,0.1530977356679931,480.0,6.0,18.400000000000002,"[0.984, 0.8559999999999999]",2375775.0,"[9.84, 8.559999999999999]",0.004460147023200989,2.1408705711364746,17.130000000000003,"[0.8690000000000001, 0.844]",2376775.0,"[8.690000000000001, 8.44]",0.0038849204778671266,1.8647618293762207,15.91,"[0.859, 0.732]",2377775.0,"[8.59, 7.32]",0.0049047688643137615,2.3542890548706055,17.069999999999997,"[0.8539999999999999, 0.8530000000000001]",2378775.0,"[8.54, 8.530000000000001]",0.005701988935470581,2.736954689025879,9.839999999999998,"[0.4919999999999999, 0.4920000000000001]",2379775.0,"[4.919999999999999, 4.920000000000001]",0.004895265897115072,2.3497276306152344,17.07,"[0.853, 0.8540000000000001]",2380775.0,"[8.53, 8.540000000000001]",0.004662426809469859,2.2379648685455322,8.185,1.5309773566799305,0.004751586334572898,0.0005464079379932607,2.280761440594991,0.26227581023676516,COMPLETE
238,15.161666666666667,2025-06-13 16:42:58.609120,2025-06-13 16:43:03.835529,0 days 00:00:05.226409,25,0.9672022660591794,0.04062414721885487,0.975910459642538,0.0688238754645334,471,2385780.0,15.161666666666667,4.411305236422537,0.7565,0.245634382772445,470.0,6.0,16.09,"[0.741, 0.868]",2385780.0,"[7.41, 8.68]",0.005720616401510036,2.688689708709717,6.219999999999999,"[0.2509999999999999, 0.3709999999999999]",2386780.0,"[2.509999999999999, 3.709999999999999]",0.005144125349978183,2.417738914489746,13.549999999999999,"[0.735, 0.6199999999999999]",2387780.0,"[7.35, 6.199999999999999]",0.005872285112421563,2.7599740028381348,17.270000000000003,"[0.866, 0.8610000000000001]",2388780.0,"[8.66, 8.610000000000001]",0.004019555132439796,1.889190912246704,18.35,"[0.9780000000000001, 0.857]",2389780.0,"[9.780000000000001, 8.57]",0.004557965156879831,2.1422436237335205,19.490000000000002,"[0.968, 0.9810000000000001]",2390780.0,"[9.68, 9.81]",0.004340362041554553,2.0399701595306396,7.564999999999999,2.4563438277244503,0.004942484865797327,0.0006919637111257222,2.3229678869247437,0.3252229442290896,COMPLETE
239,16.28833333333333,2025-06-13 16:43:03.907326,2025-06-13 16:43:07.093249,0 days 00:00:03.185923,28,0.953697541849193,0.030010488451849796,0.9293927128675286,0.04601554874615516,438,2395784.0,16.28833333333333,1.209454652128618,0.8963333333333332,0.09604975562465302,430.0,6.0,15.819999999999997,"[0.8559999999999999, 0.726]",2395784.0,"[8.559999999999999, 7.26]",0.004733795897905217,2.035532236099243,15.85,"[0.7259999999999999, 0.859]",2396784.0,"[7.259999999999999, 8.59]",0.005224825060644815,2.2466747760772705,15.889999999999999,"[0.9809999999999999, 0.6079999999999999]",2397784.0,"[9.809999999999999, 6.079999999999998]",0.004768668773562409,2.050527572631836,14.629999999999999,"[0.9810000000000001, 0.4819999999999999]",2398784.0,"[9.81, 4.8199999999999985]",0.005408069144847781,2.325469732284546,17.04,"[0.8480000000000001, 0.8560000000000001]",2399784.0,"[8.48, 8.56]",0.004651291980299839,2.0000555515289307,18.5,"[0.9860000000000001, 0.8640000000000001]",2400784.0,"[9.860000000000001, 8.64]",0.004132317387780478,1.7768964767456055,8.963333333333333,0.9604975562465302,0.00481982804084009,0.0004125417725342355,2.0725260575612388,0.17739296218972128,COMPLETE
240,16.163333333333334,2025-06-13 16:43:07.226410,2025-06-13 16:43:10.969947,0 days 00:00:03.743537,32,0.9933382613015571,0.04879383740276304,0.9698832326198118,0.08324278945898544,483,2405787.0,16.163333333333334,2.0473940075672346,0.7885,0.16467316114048464,480.0,6.0,17.1,"[0.858, 0.852]",2405787.0,"[8.58, 8.52]",0.0045649796724319455,2.191190242767334,14.490000000000002,"[0.599, 0.85]",2406787.0,"[5.99, 8.5]",0.005447665850321452,2.614879608154297,15.629999999999997,"[0.7129999999999999, 0.85]",2407787.0,"[7.129999999999999, 8.5]",0.005360460281372071,2.5730209350585938,19.5,"[0.9810000000000001, 0.969]",2408787.0,"[9.81, 9.69]",0.004439716537793477,2.131063938140869,17.12,"[0.9890000000000001, 0.723]",2409787.0,"[9.89, 7.2299999999999995]",0.004878964523474375,2.3419029712677,13.14,"[0.591, 0.7230000000000001]",2410787.0,"[5.91, 7.23]",0.005293206870555877,2.5407392978668213,7.885000000000001,1.646731611404846,0.004997498955991533,0.000394562816207713,2.398799498875936,0.18939015177970214,COMPLETE
241,15.253333333333332,2025-06-13 16:43:13.573160,2025-06-13 16:43:16.948613,0 days 00:00:03.375453,22,0.9778185736026788,0.06717230826885728,0.9429048806092887,0.05941092369596299,463,2415793.0,15.253333333333332,2.0431729137680823,0.7636666666666666,0.12719101994856225,460.0,6.0,12.469999999999999,"[0.625, 0.6220000000000001]",2415793.0,"[6.25, 6.220000000000001]",0.004715562385061513,2.169158697128296,18.47,"[0.9800000000000001, 0.867]",2416793.0,"[9.8, 8.67]",0.0045926804127900496,2.112632989883423,17.259999999999998,"[0.865, 0.8610000000000001]",2417793.0,"[8.65, 8.610000000000001]",0.00440077315206113,2.02435564994812,13.649999999999999,"[0.744, 0.621]",2418793.0,"[7.4399999999999995, 6.21]",0.005015622532886008,2.3071863651275635,14.889999999999999,"[0.7460000000000001, 0.743]",2419793.0,"[7.460000000000001, 7.43]",0.004470066920570706,2.0562307834625244,14.78,"[0.6220000000000001, 0.8560000000000001]",2420793.0,"[6.220000000000001, 8.56]",0.004706252139547597,2.1648759841918945,7.636666666666667,1.2719101994856223,0.004650159590486167,0.00019954860859877765,2.1390734116236367,0.09179235995543766,COMPLETE
242,15.513333333333334,2025-06-13 16:43:17.091224,2025-06-13 16:43:20.597116,0 days 00:00:03.505892,26,0.9878803800125012,0.06462658275795519,0.9667023141034414,0.05340926664158475,493,2425797.0,15.513333333333334,2.000013888840664,0.816,0.09312715321895465,490.0,6.0,17.18,"[0.859, 0.859]",2425797.0,"[8.59, 8.59]",0.004429419673219019,2.1704156398773193,12.120000000000001,"[0.725, 0.487]",2426797.0,"[7.25, 4.87]",0.0054144309491527326,2.653071165084839,15.91,"[0.861, 0.73]",2427797.0,"[8.61, 7.3]",0.004496367610230738,2.2032201290130615,14.790000000000001,"[0.7390000000000001, 0.74]",2428797.0,"[7.390000000000001, 7.4]",0.00451929861185502,2.21445631980896,18.4,"[0.9799999999999999, 0.8600000000000001]",2429797.0,"[9.799999999999999, 8.600000000000001]",0.0044250191474447444,2.168259382247925,14.679999999999998,"[0.732, 0.736]",2430797.0,"[7.32, 7.359999999999999]",0.004886782899194834,2.3945236206054688,8.16,0.9312715321895466,0.004695219815182849,0.00035779641694944493,2.3006577094395957,0.175320244305228,COMPLETE
243,16.735,2025-06-13 16:43:20.667704,2025-06-13 16:43:23.770356,0 days 00:00:03.102652,26,0.9683969713059527,0.058383836577233686,0.9640488406535338,0.07146449142374137,493,2435800.0,16.735,1.6857515633489217,0.8165,0.11694407495322995,490.0,6.0,17.16,"[0.86, 0.8559999999999999]",2435800.0,"[8.6, 8.559999999999999]",0.004352374952666613,2.1326637268066406,18.37,"[0.8619999999999999, 0.975]",2436800.0,"[8.62, 9.75]",0.004460083708471181,2.185441017150879,15.92,"[0.732, 0.86]",2437800.0,"[7.32, 8.6]",0.004504196011290258,2.2070560455322266,18.389999999999997,"[0.8640000000000001, 0.975]",2438800.0,"[8.64, 9.75]",0.004222417364315111,2.0689845085144043,13.469999999999999,"[0.607, 0.74]",2439800.0,"[6.07, 7.4]",0.004622604895611199,2.2650763988494873,17.099999999999998,"[0.974, 0.7360000000000001]",2440800.0,"[9.74, 7.360000000000001]",0.0045300615077116056,2.2197301387786865,8.165000000000001,1.1694407495322996,0.0044486230733443285,0.0001294567586701895,2.1798253059387207,0.06343381174839285,COMPLETE
244,15.016666666666666,2025-06-13 16:43:23.839780,2025-06-13 16:43:27.431602,0 days 00:00:03.591822,29,0.9994724384401641,0.04991139257296368,0.9733770332658133,0.03714304809256799,479,2445803.0,15.016666666666666,2.397127911109923,0.7508333333333331,0.13623804738602047,470.0,6.0,17.18,"[0.858, 0.86]",2445803.0,"[8.58, 8.6]",0.004816928822943505,2.2639565467834473,15.86,"[0.8539999999999999, 0.732]",2446803.0,"[8.54, 7.32]",0.00472080555367977,2.218778610229492,12.04,"[0.4739999999999999, 0.7299999999999999]",2447803.0,"[4.739999999999999, 7.299999999999999]",0.005487462814818037,2.5791075229644775,12.019999999999998,"[0.726, 0.476]",2448803.0,"[7.26, 4.76]",0.0055374277398941366,2.602591037750244,14.65,"[0.7340000000000001, 0.731]",2449803.0,"[7.340000000000001, 7.31]",0.004608806650689308,2.1661391258239746,18.349999999999998,"[0.859, 0.976]",2450803.0,"[8.59, 9.76]",0.004460625445589106,2.09649395942688,7.508333333333333,1.3623804738602046,0.004938676171268977,0.00042017985054664995,2.3211778004964194,0.1974845297569255,COMPLETE
245,15.558333333333332,2025-06-13 16:43:27.571186,2025-06-13 16:43:30.761539,0 days 00:00:03.190353,24,0.7618253267122153,0.044188010483646206,0.9935636829491717,0.043139833123601576,485,2455807.0,15.558333333333332,1.6440135509038702,0.7779999999999999,0.11190472137790552,480.0,6.0,14.799999999999999,"[0.737, 0.743]",2455807.0,"[7.37, 7.43]",0.004213685790697734,2.022569179534912,18.43,"[0.858, 0.985]",2456807.0,"[8.58, 9.85]",0.004182194670041402,2.007453441619873,14.78,"[0.74, 0.7379999999999999]",2457807.0,"[7.4, 7.379999999999999]",0.0047509188453356424,2.2804410457611084,14.71,"[0.739, 0.732]",2458807.0,"[7.39, 7.32]",0.0042923693855603535,2.0603373050689697,17.039999999999996,"[0.975, 0.7289999999999999]",2459807.0,"[9.75, 7.289999999999999]",0.004478355745474497,2.149610757827759,13.590000000000002,"[0.619, 0.74]",2460807.0,"[6.1899999999999995, 7.4]",0.004257910450299581,2.043797016143799,7.78,1.1190472137790555,0.004362572481234867,0.00019782343960381488,2.094034790992737,0.09495525100983115,COMPLETE
246,15.416666666666666,2025-06-13 16:43:33.259091,2025-06-13 16:43:36.765333,0 days 00:00:03.506242,31,0.9786723878369474,0.07302531462422625,0.9710807289320075,0.002283463948631002,500,2465813.0,15.416666666666666,2.920682949052994,0.769,0.1195226617285052,500.0,6.0,12.04,"[0.73, 0.4739999999999999]",2465813.0,"[7.3, 4.739999999999999]",0.00510477352142334,2.55238676071167,11.969999999999997,"[0.5969999999999999, 0.5999999999999999]",2466813.0,"[5.969999999999999, 5.999999999999998]",0.004970272064208984,2.485136032104492,14.530000000000001,"[0.727, 0.726]",2467813.0,"[7.27, 7.26]",0.0045749711990356445,2.2874855995178223,18.41,"[0.851, 0.99]",2468813.0,"[8.51, 9.9]",0.004256831645965576,2.128415822982788,15.899999999999999,"[0.729, 0.861]",2469813.0,"[7.29, 8.61]",0.004589227199554444,2.2946135997772217,19.650000000000002,"[0.9800000000000001, 0.9850000000000001]",2470813.0,"[9.8, 9.850000000000001]",0.004507216930389404,2.253608465194702,7.69,1.1952266172850519,0.004667215426762899,0.00028632904708231606,2.3336077133814492,0.14316452354115802,COMPLETE
247,16.108333333333334,2025-06-13 16:43:36.835474,2025-06-13 16:43:40.253463,0 days 00:00:03.417989,27,0.9520180133157562,0.039273311411538,0.9690726715073849,0.08955156586158507,490,2475817.0,16.108333333333334,1.9279385939967653,0.7759999999999999,0.13690751135955492,490.0,6.0,12.23,"[0.7360000000000001, 0.487]",2475817.0,"[7.360000000000001, 4.87]",0.005024449679316307,2.4619803428649902,15.970000000000004,"[0.6140000000000001, 0.983]",2476817.0,"[6.140000000000001, 9.83]",0.004841889653887067,2.372525930404663,18.380000000000003,"[0.859, 0.9790000000000001]",2477817.0,"[8.59, 9.790000000000001]",0.004971315422836615,2.4359445571899414,17.169999999999998,"[0.984, 0.733]",2478817.0,"[9.84, 7.33]",0.00472530832096022,2.315401077270508,17.05,"[0.8550000000000001, 0.85]",2479817.0,"[8.55, 8.5]",0.005019410289063745,2.4595110416412354,15.850000000000001,"[0.608, 0.977]",2480817.0,"[6.08, 9.77]",0.004806637763977051,2.355252504348755,7.760000000000001,1.3690751135955492,0.004898168521673501,0.00011359489838876897,2.4001025756200156,0.055661500210496845,COMPLETE
