number,value,datetime_start,datetime_complete,duration,params_episode_length,params_epsilon_max,params_epsilon_min,params_gamma,params_learning_rate,params_num_episodes,user_attrs_base_seed,user_attrs_collective_reward_mean,user_attrs_collective_reward_std,user_attrs_individual_reward_agent0_mean,user_attrs_individual_reward_agent0_std,user_attrs_num_episodes_mean,user_attrs_num_parallel_runs,user_attrs_run_0_collective_reward,user_attrs_run_0_individual_rewards,user_attrs_run_0_seed,user_attrs_run_0_total_individual_rewards,user_attrs_run_0_training_time_per_episode,user_attrs_run_0_training_time_total,user_attrs_run_1_collective_reward,user_attrs_run_1_individual_rewards,user_attrs_run_1_seed,user_attrs_run_1_total_individual_rewards,user_attrs_run_1_training_time_per_episode,user_attrs_run_1_training_time_total,user_attrs_run_2_collective_reward,user_attrs_run_2_individual_rewards,user_attrs_run_2_seed,user_attrs_run_2_total_individual_rewards,user_attrs_run_2_training_time_per_episode,user_attrs_run_2_training_time_total,user_attrs_run_3_collective_reward,user_attrs_run_3_individual_rewards,user_attrs_run_3_seed,user_attrs_run_3_total_individual_rewards,user_attrs_run_3_training_time_per_episode,user_attrs_run_3_training_time_total,user_attrs_run_4_collective_reward,user_attrs_run_4_individual_rewards,user_attrs_run_4_seed,user_attrs_run_4_total_individual_rewards,user_attrs_run_4_training_time_per_episode,user_attrs_run_4_training_time_total,user_attrs_run_5_collective_reward,user_attrs_run_5_individual_rewards,user_attrs_run_5_seed,user_attrs_run_5_total_individual_rewards,user_attrs_run_5_training_time_per_episode,user_attrs_run_5_training_time_total,user_attrs_total_individual_reward_agent0_mean,user_attrs_total_individual_reward_agent0_std,user_attrs_training_time_per_episode_mean,user_attrs_training_time_per_episode_std,user_attrs_training_time_total_mean,user_attrs_training_time_total_std,state
34,16.551666666666666,2025-06-13 16:26:46.417566,2025-06-13 16:26:49.128218,0 days 00:00:02.710652,19,0.8477413031790523,0.075369641635005,0.9858605898595948,0.017701320082194636,434,344806.0,16.551666666666666,1.4443039461584564,0.8079999999999999,0.11029808097454219,430.0,6.0,17.42,"[0.984, 0.758]",344806.0,"[9.84, 7.58]",0.0040030928545219955,1.721329927444458,13.84,"[0.749, 0.635]",345806.0,"[7.49, 6.35]",0.0040568179862443795,1.744431734085083,16.16,"[0.638, 0.978]",346806.0,"[6.38, 9.78]",0.004189227902612021,1.801367998123169,16.21,"[0.75, 0.8709999999999999]",347806.0,"[7.5, 8.709999999999999]",0.004542066330133482,1.9530885219573975,18.48,"[0.8710000000000001, 0.977]",348806.0,"[8.71, 9.77]",0.004461927192155705,1.9186286926269531,17.2,"[0.8559999999999999, 0.8640000000000001]",349806.0,"[8.559999999999999, 8.64]",0.004118404277535372,1.77091383934021,8.08,1.102980809745422,0.00422858942386716,0.00020279649498503613,1.8182934522628784,0.08720249284356564,COMPLETE
35,13.706666666666665,2025-06-13 16:26:49.191568,2025-06-13 16:26:52.093392,0 days 00:00:02.901824,22,0.7018597393557755,0.05512787843371796,0.9700416319965922,0.008352719291212087,467,354809.0,13.706666666666665,3.315648084797635,0.6476666666666667,0.23363195177220283,460.0,6.0,18.53,"[0.9880000000000001, 0.865]",354809.0,"[9.88, 8.65]",0.003542897493942924,1.6297328472137451,16.13,"[0.8710000000000001, 0.742]",355809.0,"[8.71, 7.42]",0.0038434806077376656,1.7680010795593262,10.1,"[0.39, 0.62]",356809.0,"[3.9000000000000004, 6.2]",0.004634196343629256,2.131730318069458,8.959999999999999,"[0.38899999999999996, 0.5069999999999999]",357809.0,"[3.8899999999999997, 5.0699999999999985]",0.00461525295091712,2.123016357421875,14.84,"[0.741, 0.743]",358809.0,"[7.41, 7.43]",0.004235544930333676,1.9483506679534912,13.679999999999998,"[0.507, 0.861]",359809.0,"[5.07, 8.61]",0.00428485455720321,1.9710330963134766,6.4766666666666675,2.336319517722028,0.004192704480627308,0.0003932759101286398,1.928644061088562,0.1809069186591743,COMPLETE
36,14.208333333333334,2025-06-13 16:26:52.622534,2025-06-13 16:26:55.513746,0 days 00:00:02.891212,29,0.894059370372521,0.029281850847666428,0.9590041239831245,0.002953720153845841,389,364812.0,14.208333333333334,3.479374544687914,0.6898333333333334,0.17460471229481628,380.0,6.0,8.299999999999999,"[0.35, 0.48]",364812.0,"[3.5, 4.8]",0.005711224204615542,2.1702651977539062,14.57,"[0.73, 0.727]",365812.0,"[7.3, 7.27]",0.005151618781842684,1.9576151371002197,10.86,"[0.606, 0.47999999999999987]",366812.0,"[6.06, 4.799999999999999]",0.005218157642766049,1.9828999042510986,17.150000000000002,"[0.86, 0.8550000000000001]",367812.0,"[8.6, 8.55]",0.00474796357907747,1.8042261600494385,17.11,"[0.8560000000000001, 0.8550000000000001]",368812.0,"[8.56, 8.55]",0.004541616690786262,1.7258143424987793,17.26,"[0.7369999999999999, 0.9889999999999999]",369812.0,"[7.369999999999999, 9.889999999999999]",0.004560030134100663,1.732811450958252,6.898333333333333,1.7460471229481622,0.004988435172198112,0.0004168991701478592,1.8956053654352825,0.15842168465618658,COMPLETE
37,17.026666666666667,2025-06-13 16:26:55.582561,2025-06-13 16:26:58.691432,0 days 00:00:03.108871,37,0.8038169832275404,0.044702298450463335,0.9918376613569019,0.03544266407468404,421,374815.0,17.026666666666667,2.963869467810994,0.8300000000000001,0.1796106901050158,420.0,6.0,10.399999999999999,"[0.4509999999999999, 0.589]",374815.0,"[4.509999999999999, 5.89]",0.005605379740397136,2.354259490966797,18.369999999999997,"[0.8530000000000001, 0.9840000000000002]",375815.0,"[8.530000000000001, 9.840000000000002]",0.004450897375742595,1.8693768978118896,18.38,"[0.851, 0.9870000000000001]",376815.0,"[8.51, 9.870000000000001]",0.003853150208791097,1.6183230876922607,18.400000000000002,"[0.8540000000000001, 0.9860000000000001]",377815.0,"[8.540000000000001, 9.860000000000001]",0.004211107889811198,1.7686653137207031,18.259999999999998,"[0.9880000000000001, 0.8379999999999999]",378815.0,"[9.88, 8.379999999999999]",0.004822830926804316,2.0255889892578125,18.349999999999998,"[0.983, 0.852]",379815.0,"[9.83, 8.52]",0.004445496059599377,1.8671083450317383,8.299999999999999,1.796106901050158,0.0045648103668576205,0.0005489591555560632,1.9172203540802002,0.2305628453335465,COMPLETE
38,16.506666666666664,2025-06-13 16:26:58.759783,2025-06-13 16:27:01.760109,0 days 00:00:03.000326,37,0.7942336098263136,0.0375724261469579,0.9522275028611167,0.03576663198740418,424,384818.0,16.506666666666664,1.6550797228196854,0.8473333333333333,0.11050892372212397,420.0,6.0,15.479999999999997,"[0.844, 0.704]",384818.0,"[8.44, 7.039999999999999]",0.0046233273687816805,1.9417974948883057,16.939999999999998,"[0.709, 0.985]",385818.0,"[7.09, 9.85]",0.004933803422110421,2.072197437286377,15.72,"[0.851, 0.721]",386818.0,"[8.51, 7.21]",0.004868444942292713,2.0447468757629395,19.619999999999997,"[0.977, 0.9850000000000001]",387818.0,"[9.77, 9.850000000000001]",0.004445260479336693,1.8670094013214111,16.939999999999998,"[0.7150000000000001, 0.9790000000000001]",388818.0,"[7.15, 9.790000000000001]",0.005091918082464309,2.1386055946350098,14.34,"[0.9879999999999999, 0.4459999999999999]",389818.0,"[9.879999999999999, 4.459999999999999]",0.005468461059388661,2.2967536449432373,8.473333333333334,1.1050892372212398,0.004905202559062413,0.00032794620906100746,2.0601850748062134,0.1377374078056231,COMPLETE
39,14.566666666666668,2025-06-13 16:27:01.823438,2025-06-13 16:27:04.506773,0 days 00:00:02.683335,39,0.768588791499823,0.02179441321423594,0.9935545704657991,0.09934134827063229,281,394821.0,14.566666666666668,2.557770296349712,0.7285,0.12076250797881495,280.0,6.0,13.98,"[0.706, 0.692]",394821.0,"[7.06, 6.92]",0.005769491195678711,1.615457534790039,10.18,"[0.576, 0.4419999999999999]",395821.0,"[5.76, 4.419999999999999]",0.007123457533972604,1.994568109512329,13.929999999999998,"[0.6929999999999998, 0.7000000000000001]",396821.0,"[6.929999999999998, 7.000000000000001]",0.0059290954044887,1.660146713256836,14.139999999999999,"[0.708, 0.7060000000000001]",397821.0,"[7.08, 7.0600000000000005]",0.007033016000475202,1.9692444801330566,18.240000000000002,"[0.9770000000000001, 0.8469999999999999]",398821.0,"[9.770000000000001, 8.469999999999999]",0.005389109679630824,1.5089507102966309,16.93,"[0.711, 0.982]",399821.0,"[7.109999999999999, 9.82]",0.0059457898139953615,1.6648211479187012,7.285,1.2076250797881498,0.0061983266047069005,0.0006490461890846505,1.7355314493179321,0.18173293294370216,COMPLETE
40,17.256666666666664,2025-06-13 16:27:04.569330,2025-06-13 16:27:07.690804,0 days 00:00:03.121474,45,0.6510882070926608,0.17323373223424587,0.9673956460925989,0.07290286952346267,451,404824.0,17.256666666666664,1.2973520039766469,0.8156666666666667,0.12574400803042496,450.0,6.0,16.75,"[0.696, 0.9790000000000001]",404824.0,"[6.959999999999999, 9.790000000000001]",0.004823739793565538,2.170682907104492,16.83,"[0.9870000000000001, 0.6960000000000001]",405824.0,"[9.870000000000001, 6.960000000000001]",0.005059874852498372,2.2769436836242676,19.529999999999998,"[0.9720000000000001, 0.9810000000000001]",406824.0,"[9.72, 9.81]",0.004110886255900065,1.8498988151550293,18.220000000000002,"[0.8370000000000001, 0.9850000000000001]",407824.0,"[8.370000000000001, 9.850000000000001]",0.00453126589457194,2.039069652557373,15.43,"[0.7, 0.843]",408824.0,"[7.0, 8.43]",0.004836751619974772,2.1765382289886475,16.78,"[0.7019999999999998, 0.9760000000000002]",409824.0,"[7.019999999999999, 9.760000000000002]",0.0053131283654106985,2.3909077644348145,8.156666666666666,1.2574400803042494,0.004779274463653564,0.0003823759934728242,2.150673508644104,0.17206919706277096,COMPLETE
41,16.34333333333333,2025-06-13 16:27:08.251233,2025-06-13 16:27:11.034371,0 days 00:00:02.783138,45,0.6754555553629721,0.17058121481148342,0.9685918225922261,0.055540592143240926,452,414828.0,16.34333333333333,1.5617369247802992,0.7941666666666666,0.1583471046642646,450.0,6.0,16.89,"[0.7, 0.9890000000000001]",414828.0,"[7.0, 9.89]",0.004669628673129611,2.101332902908325,18.22,"[0.9850000000000001, 0.8370000000000001]",415828.0,"[9.850000000000001, 8.370000000000001]",0.0043572590086195205,1.9607665538787842,18.19,"[0.984, 0.8350000000000002]",416828.0,"[9.84, 8.350000000000001]",0.004414635234408908,1.9865858554840088,15.399999999999999,"[0.699, 0.841]",417828.0,"[6.989999999999999, 8.41]",0.0044144598642985025,1.9865069389343262,13.979999999999997,"[0.5539999999999999, 0.8440000000000001]",418828.0,"[5.539999999999999, 8.440000000000001]",0.004527641402350532,2.0374386310577393,15.379999999999999,"[0.843, 0.695]",419828.0,"[8.43, 6.949999999999999]",0.004225168228149414,1.9013257026672363,7.941666666666666,1.583471046642646,0.0044347987351594145,0.00013816804726480184,1.9956594308217366,0.06217562126916082,COMPLETE
42,13.716666666666663,2025-06-13 16:27:11.098800,2025-06-13 16:27:14.753489,0 days 00:00:03.654689,44,0.6423535094029378,0.16936621661855447,0.9758576925629764,0.07077286684564627,480,424831.0,13.716666666666663,3.386323801541857,0.7946666666666666,0.13326998495118433,480.0,6.0,15.41,"[0.849, 0.692]",424831.0,"[8.49, 6.92]",0.005188409984111786,2.4904367923736572,19.48,"[0.975, 0.9730000000000001]",425831.0,"[9.75, 9.73]",0.003975239396095276,1.9081149101257324,13.97,"[0.699, 0.698]",426831.0,"[6.989999999999999, 6.9799999999999995]",0.005730161070823669,2.7504773139953613,9.579999999999998,"[0.5559999999999998, 0.40199999999999997]",427831.0,"[5.559999999999999, 4.02]",0.006015324592590332,2.8873558044433594,14.069999999999999,"[0.8470000000000001, 0.5599999999999999]",428831.0,"[8.47, 5.6]",0.005002867678801219,2.401376485824585,9.79,"[0.842, 0.13699999999999987]",429831.0,"[8.42, 1.3699999999999988]",0.005271515746911367,2.530327558517456,7.946666666666666,1.3326998495118434,0.005197253078222274,0.0006441956481130606,2.494681477546692,0.30921391109426904,COMPLETE
43,15.758333333333331,2025-06-13 16:27:14.850868,2025-06-13 16:27:17.937543,0 days 00:00:03.086675,47,0.7274662939695126,0.11665268641787364,0.9595712666614845,0.03449629171541775,376,434835.0,15.758333333333331,2.3256355164891076,0.8131666666666666,0.13042931248594217,370.0,6.0,15.219999999999999,"[0.6950000000000001, 0.827]",434835.0,"[6.950000000000001, 8.27]",0.005055995889612147,1.8707184791564941,16.729999999999997,"[0.842, 0.8310000000000001]",435835.0,"[8.42, 8.31]",0.005378531120918893,1.9900565147399902,19.669999999999998,"[0.984, 0.983]",436835.0,"[9.84, 9.83]",0.004553043520128404,1.6846261024475098,13.779999999999998,"[0.688, 0.69]",437835.0,"[6.879999999999999, 6.8999999999999995]",0.0056350914207664695,2.0849838256835938,16.72,"[0.9789999999999999, 0.693]",438835.0,"[9.79, 6.93]",0.005669498443603515,2.097714424133301,12.429999999999996,"[0.691, 0.5519999999999999]",439835.0,"[6.909999999999999, 5.52]",0.0062161761361199455,2.29998517036438,8.131666666666666,1.3042931248594218,0.005418056088524896,0.0005209318186235615,2.0046807527542114,0.19274477289071776,COMPLETE
44,15.216666666666667,2025-06-13 16:27:18.004230,2025-06-13 16:27:21.290814,0 days 00:00:03.286584,35,0.5570841065275787,0.14999179847265648,0.9404144700483925,0.044537860344313306,448,444838.0,15.216666666666667,2.4906870984172667,0.6948333333333333,0.17587629806833613,440.0,6.0,12.98,"[0.5889999999999999, 0.709]",444838.0,"[5.889999999999999, 7.09]",0.005442182584242387,2.3945603370666504,15.71,"[0.716, 0.8550000000000001]",445838.0,"[7.16, 8.55]",0.005133000287142667,2.2585201263427734,18.15,"[0.836, 0.9790000000000001]",446838.0,"[8.36, 9.790000000000001]",0.004928895018317483,2.1687138080596924,14.41,"[0.5950000000000001, 0.8459999999999999]",447838.0,"[5.950000000000001, 8.459999999999999]",0.004485871575095437,1.9737834930419922,11.659999999999998,"[0.449, 0.717]",448838.0,"[4.49, 7.17]",0.004656395045193759,2.048813819885254,18.39,"[0.984, 0.8550000000000001]",449838.0,"[9.84, 8.55]",0.005066262050108476,2.2291553020477295,6.948333333333333,1.7587629806833613,0.004952101093350034,0.0003139234680100205,2.178924481074015,0.13812632592440907,COMPLETE
45,15.91666666666667,2025-06-13 16:27:21.354418,2025-06-13 16:27:24.322663,0 days 00:00:02.968245,42,0.5942531153387988,0.1336201539375315,0.9482267877820603,0.07665852899659034,412,454841.0,15.91666666666667,2.503189077068602,0.7941666666666666,0.1562555776782242,410.0,6.0,12.71,"[0.5619999999999999, 0.7089999999999999]",454841.0,"[5.619999999999999, 7.089999999999998]",0.005279160127407167,2.1644556522369385,18.28,"[0.984, 0.8440000000000001]",455841.0,"[9.84, 8.440000000000001]",0.004285419859537264,1.7570221424102783,16.78,"[0.698, 0.9799999999999999]",456841.0,"[6.9799999999999995, 9.799999999999999]",0.00495152589751453,2.030125617980957,14.02,"[0.699, 0.7030000000000001]",457841.0,"[6.989999999999999, 7.030000000000001]",0.004792585605528296,1.9649600982666016,19.650000000000002,"[0.985, 0.9800000000000001]",458841.0,"[9.85, 9.8]",0.003877692106293469,1.5898537635803223,14.059999999999999,"[0.8370000000000001, 0.569]",459841.0,"[8.370000000000001, 5.6899999999999995]",0.004874364341177591,1.9984893798828125,7.9416666666666655,1.5625557767822422,0.004676791322909719,0.0004623313849193383,1.917484442392985,0.1895558678169287,COMPLETE
46,15.336666666666666,2025-06-13 16:27:24.906276,2025-06-13 16:27:29.348642,0 days 00:00:04.442366,47,0.9755240725269955,0.04679730635590128,0.9793424029451367,0.030292575677800193,483,464845.0,15.336666666666666,3.435737022661787,0.7211666666666666,0.252580955119124,480.0,6.0,19.659999999999997,"[0.9810000000000001, 0.9850000000000001]",464845.0,"[9.81, 9.850000000000001]",0.005062827467918396,2.43015718460083,9.56,"[0.2669999999999999, 0.6890000000000001]",465845.0,"[2.669999999999999, 6.890000000000001]",0.007415542503197988,3.559460401535034,16.79,"[0.9800000000000001, 0.6990000000000001]",466845.0,"[9.8, 6.99]",0.005451414485772451,2.6166789531707764,15.4,"[0.7020000000000001, 0.8379999999999999]",467845.0,"[7.0200000000000005, 8.379999999999999]",0.004891304175059,2.3478260040283203,12.42,"[0.5559999999999999, 0.6859999999999999]",468845.0,"[5.56, 6.859999999999999]",0.006150540709495544,2.9522595405578613,18.189999999999998,"[0.841, 0.9780000000000001]",469845.0,"[8.41, 9.780000000000001]",0.005289791524410248,2.539099931716919,7.211666666666666,2.5258095511912395,0.005710236810975606,0.0008597953033177525,2.74091366926829,0.41270174559252115,COMPLETE
47,15.741666666666665,2025-06-13 16:27:29.413489,2025-06-13 16:27:32.396151,0 days 00:00:02.982662,39,0.641156228020946,0.09587192788397901,0.9939837684596201,0.013106583599978764,345,474849.0,15.741666666666665,1.8531452242666309,0.7761666666666668,0.15473355234797082,340.0,6.0,15.51,"[0.708, 0.843]",474849.0,"[7.08, 8.43]",0.005060028328615076,1.720409631729126,15.53,"[0.5740000000000001, 0.9790000000000001]",475849.0,"[5.74, 9.790000000000001]",0.006441057429594152,2.1899595260620117,14.09,"[0.6970000000000001, 0.712]",476849.0,"[6.970000000000001, 7.119999999999999]",0.0063040312598733345,2.1433706283569336,15.569999999999999,"[0.9850000000000001, 0.572]",477849.0,"[9.850000000000001, 5.72]",0.005440048610462862,1.849616527557373,14.12,"[0.708, 0.704]",478849.0,"[7.08, 7.039999999999999]",0.006586387578178855,2.2393717765808105,19.63,"[0.985, 0.9780000000000001]",479849.0,"[9.85, 9.780000000000001]",0.004417087050045238,1.5018095970153809,7.761666666666667,1.5473355234797084,0.005708106709461587,0.0007981554365577336,1.9407562812169392,0.27137284842962944,COMPLETE
48,15.43,2025-06-13 16:27:32.490053,2025-06-13 16:27:35.700595,0 days 00:00:03.210542,43,0.7336174818326516,0.02553900495645229,0.9650040093707911,0.051295775832089247,455,484852.0,15.43,3.36448113879887,0.7705000000000001,0.19656190712682187,450.0,6.0,15.430000000000001,"[0.7000000000000001, 0.843]",484852.0,"[7.000000000000001, 8.43]",0.005204219818115235,2.3418989181518555,9.759999999999998,"[0.4159999999999999, 0.5599999999999999]",485852.0,"[4.159999999999999, 5.6]",0.0053492445415920685,2.4071600437164307,19.73,"[0.9870000000000001, 0.986]",486852.0,"[9.870000000000001, 9.86]",0.003986253208584255,1.793813943862915,12.659999999999998,"[0.702, 0.5640000000000001]",487852.0,"[7.02, 5.640000000000001]",0.005265272458394368,2.369372606277466,18.22,"[0.984, 0.8380000000000001]",488852.0,"[9.84, 8.38]",0.004016842842102051,1.8075792789459229,16.78,"[0.834, 0.844]",489852.0,"[8.34, 8.44]",0.004324196179707845,1.9458882808685303,7.705000000000001,1.9656190712682187,0.004691004841415971,0.0005933197944206831,2.1109521786371865,0.26699390748930735,COMPLETE
49,14.656666666666666,2025-06-13 16:27:35.770088,2025-06-13 16:27:38.211133,0 days 00:00:02.441045,39,0.8119488423890816,0.19114680390854616,0.9931352353438139,0.0041542373303460655,221,494855.0,14.656666666666666,2.5712945291342173,0.7799999999999999,0.1718342224354625,220.0,6.0,12.92,"[0.852, 0.43999999999999984]",494855.0,"[8.52, 4.399999999999999]",0.006892369010231712,1.5163211822509766,18.27,"[0.9780000000000001, 0.8489999999999999]",495855.0,"[9.780000000000001, 8.489999999999998]",0.006113560633225874,1.3449833393096924,15.580000000000002,"[0.852, 0.706]",496855.0,"[8.52, 7.06]",0.006559796766801314,1.443155288696289,10.059999999999999,"[0.43699999999999994, 0.5690000000000001]",497855.0,"[4.369999999999999, 5.69]",0.007613324035297741,1.674931287765503,15.529999999999998,"[0.8509999999999998, 0.7020000000000001]",498855.0,"[8.509999999999998, 7.0200000000000005]",0.006950092315673828,1.5290203094482422,15.579999999999998,"[0.7100000000000001, 0.8480000000000001]",499855.0,"[7.1000000000000005, 8.48]",0.006932016936215487,1.5250437259674072,7.8,1.7183422243546251,0.006843526616240992,0.0004523113593319437,1.5055758555730183,0.09950849905302758,COMPLETE
50,16.10833333333333,2025-06-13 16:27:38.278076,2025-06-13 16:27:40.932533,0 days 00:00:02.654457,14,0.7728283535196132,0.01140471073963558,0.9814410796434513,0.0769663105053151,437,504858.0,16.10833333333333,1.9618054326450305,0.8486666666666666,0.0973441774781054,430.0,6.0,17.25,"[0.9690000000000001, 0.756]",504858.0,"[9.690000000000001, 7.5600000000000005]",0.004080245661181073,1.7545056343078613,11.86,"[0.6470000000000001, 0.539]",505858.0,"[6.4700000000000015, 5.390000000000001]",0.004178988656332327,1.7969651222229004,17.49,"[0.874, 0.875]",506858.0,"[8.74, 8.75]",0.0036689580873001454,1.5776519775390625,17.43,"[0.868, 0.875]",507858.0,"[8.68, 8.75]",0.0036169268364130065,1.5552785396575928,16.349999999999998,"[0.8699999999999999, 0.765]",508858.0,"[8.7, 7.65]",0.003833036644514217,1.6482057571411133,16.27,"[0.8640000000000001, 0.763]",509858.0,"[8.64, 7.63]",0.0039865499319032185,1.7142164707183838,8.486666666666666,0.9734417747810541,0.003894117636273998,0.00020639820678170173,1.674470583597819,0.08875122891613169,COMPLETE
51,16.41,2025-06-13 16:27:41.542274,2025-06-13 16:27:44.471055,0 days 00:00:02.928781,17,0.8579783012027943,0.05939880398067347,0.9882103669761488,0.019132502213282627,479,514861.0,16.41,1.8980340706460812,0.8693333333333334,0.09314087299473968,470.0,6.0,15.160000000000002,"[0.8719999999999999, 0.6439999999999999]",514861.0,"[8.719999999999999, 6.4399999999999995]",0.004513860256113905,2.121514320373535,17.35,"[0.9780000000000001, 0.7569999999999999]",515861.0,"[9.780000000000001, 7.5699999999999985]",0.003947625768945572,1.855384111404419,17.36,"[0.868, 0.868]",516861.0,"[8.68, 8.68]",0.00421025905203312,1.9788217544555664,13.96,"[0.757, 0.639]",517861.0,"[7.57, 6.390000000000001]",0.00431906669697863,2.029961347579956,15.01,"[0.753, 0.748]",518861.0,"[7.53, 7.48]",0.004606181509951328,2.164905309677124,19.62,"[0.9880000000000001, 0.9740000000000002]",519861.0,"[9.88, 9.740000000000002]",0.004018478190645258,1.8886847496032715,8.693333333333333,0.9314087299473968,0.004269245245777969,0.00024001642348905734,2.0065452655156455,0.11280771903985684,COMPLETE
