number,value,datetime_start,datetime_complete,duration,params_episode_length,params_epsilon_max,params_epsilon_min,params_gamma,params_learning_rate,params_num_episodes,user_attrs_base_seed,user_attrs_collective_reward_mean,user_attrs_collective_reward_std,user_attrs_individual_reward_agent0_mean,user_attrs_individual_reward_agent0_std,user_attrs_num_episodes_mean,user_attrs_num_parallel_runs,user_attrs_run_0_collective_reward,user_attrs_run_0_individual_rewards,user_attrs_run_0_seed,user_attrs_run_0_total_individual_rewards,user_attrs_run_0_training_time_per_episode,user_attrs_run_0_training_time_total,user_attrs_run_1_collective_reward,user_attrs_run_1_individual_rewards,user_attrs_run_1_seed,user_attrs_run_1_total_individual_rewards,user_attrs_run_1_training_time_per_episode,user_attrs_run_1_training_time_total,user_attrs_run_2_collective_reward,user_attrs_run_2_individual_rewards,user_attrs_run_2_seed,user_attrs_run_2_total_individual_rewards,user_attrs_run_2_training_time_per_episode,user_attrs_run_2_training_time_total,user_attrs_run_3_collective_reward,user_attrs_run_3_individual_rewards,user_attrs_run_3_seed,user_attrs_run_3_total_individual_rewards,user_attrs_run_3_training_time_per_episode,user_attrs_run_3_training_time_total,user_attrs_run_4_collective_reward,user_attrs_run_4_individual_rewards,user_attrs_run_4_seed,user_attrs_run_4_total_individual_rewards,user_attrs_run_4_training_time_per_episode,user_attrs_run_4_training_time_total,user_attrs_run_5_collective_reward,user_attrs_run_5_individual_rewards,user_attrs_run_5_seed,user_attrs_run_5_total_individual_rewards,user_attrs_run_5_training_time_per_episode,user_attrs_run_5_training_time_total,user_attrs_total_individual_reward_agent0_mean,user_attrs_total_individual_reward_agent0_std,user_attrs_training_time_per_episode_mean,user_attrs_training_time_per_episode_std,user_attrs_training_time_total_mean,user_attrs_training_time_total_std,state
158,15.64,2025-06-13 16:35:45.288193,2025-06-13 16:35:48.339928,0 days 00:00:03.051735,19,0.9998536023651271,0.14158651681185758,0.9913605836764626,0.003309706634377555,476,1585345.0,15.64,2.1867022354830725,0.7526666666666667,0.14839436946491233,470.0,6.0,15.110000000000001,"[0.6439999999999999, 0.867]",1585345.0,"[6.4399999999999995, 8.67]",0.004173261054018711,1.961432695388794,18.45,"[0.9790000000000001, 0.866]",1586345.0,"[9.790000000000001, 8.66]",0.004263030721786174,2.003624439239502,16.23,"[0.873, 0.7499999999999999]",1587345.0,"[8.73, 7.499999999999999]",0.004374026744923693,2.0557925701141357,15.040000000000001,"[0.7500000000000001, 0.754]",1588345.0,"[7.500000000000001, 7.54]",0.004190809168714158,1.9696803092956543,17.44,"[0.751, 0.993]",1589345.0,"[7.51, 9.93]",0.0042060162158722575,1.976827621459961,11.57,"[0.5189999999999999, 0.6379999999999999]",1590345.0,"[5.1899999999999995, 6.379999999999999]",0.004509789385694138,2.119601011276245,7.526666666666666,1.4839436946491233,0.004286155548501522,0.0001200878911229339,2.0144931077957153,0.056441308827779035,COMPLETE
159,14.618333333333332,2025-06-13 16:35:48.446380,2025-06-13 16:35:51.943537,0 days 00:00:03.497157,23,0.9791874315229665,0.0728201758132498,0.9752550726469398,0.0038379965849504993,494,1595348.0,14.618333333333332,2.3075486030754706,0.7025,0.16263737782768964,490.0,6.0,14.79,"[0.7390000000000001, 0.74]",1595348.0,"[7.390000000000001, 7.4]",0.004758340485241948,2.3315868377685547,16.0,"[0.744, 0.8560000000000001]",1596348.0,"[7.4399999999999995, 8.56]",0.005111620864089655,2.5046942234039307,13.610000000000001,"[0.62, 0.741]",1597348.0,"[6.2, 7.41]",0.004602683806905941,2.255315065383911,10.099999999999998,"[0.38899999999999996, 0.621]",1598348.0,"[3.8899999999999997, 6.21]",0.0049291975644170025,2.415306806564331,16.02,"[0.861, 0.7410000000000001]",1599348.0,"[8.61, 7.410000000000001]",0.0053538964719188455,2.6234092712402344,17.189999999999998,"[0.8620000000000001, 0.857]",1600348.0,"[8.620000000000001, 8.57]",0.004244605862364477,2.0798568725585938,7.025000000000001,1.6263737782768963,0.004833390842489645,0.00035661441089906385,2.368361512819926,0.17474106134054126,COMPLETE
160,15.475000000000001,2025-06-13 16:35:52.014786,2025-06-13 16:35:55.557840,0 days 00:00:03.543054,26,0.9430097565913621,0.15046719355097113,0.9646742587424089,0.04976850367970692,469,1605352.0,15.475000000000001,1.1328687773377226,0.8329999999999999,0.1287102689505905,460.0,6.0,14.54,"[0.8469999999999999, 0.607]",1605352.0,"[8.469999999999999, 6.07]",0.005413171519403872,2.4900588989257812,16.020000000000003,"[0.859, 0.743]",1606352.0,"[8.59, 7.43]",0.004810752557671588,2.2129461765289307,15.88,"[0.739, 0.8489999999999999]",1607352.0,"[7.39, 8.489999999999998]",0.004874362634575885,2.2422068119049072,17.02,"[0.9640000000000001, 0.738]",1608352.0,"[9.64, 7.38]",0.004944466507953146,2.2744545936584473,13.520000000000001,"[0.9810000000000002, 0.371]",1609352.0,"[9.810000000000002, 3.71]",0.004780777122663415,2.199157476425171,15.870000000000001,"[0.608, 0.9790000000000001]",1610352.0,"[6.08, 9.790000000000001]",0.00496613305547963,2.28442120552063,8.33,1.2871026895059052,0.004964943899624589,0.00021103952001211854,2.283874193827311,0.09707817920557457,COMPLETE
161,14.166666666666664,2025-06-13 16:35:56.955118,2025-06-13 16:36:00.381045,0 days 00:00:03.425927,29,0.9511318917045976,0.11089634656611351,0.9691668498079566,0.04195899648585695,483,1615357.0,14.166666666666664,3.4152484861605923,0.7284999999999999,0.14528219666107298,480.0,6.0,18.439999999999998,"[0.8579999999999999, 0.9860000000000001]",1615357.0,"[8.579999999999998, 9.860000000000001]",0.004345399638017018,2.085791826248169,8.219999999999999,"[0.4739999999999999, 0.34799999999999986]",1616357.0,"[4.739999999999999, 3.4799999999999986]",0.005523380637168884,2.6512227058410645,15.829999999999998,"[0.8560000000000001, 0.727]",1617357.0,"[8.56, 7.27]",0.004650345941384634,2.232166051864624,17.11,"[0.733, 0.978]",1618357.0,"[7.33, 9.78]",0.0050104036927223206,2.404993772506714,13.259999999999998,"[0.8450000000000001, 0.48099999999999987]",1619357.0,"[8.450000000000001, 4.809999999999999]",0.005459341903527578,2.6204841136932373,12.14,"[0.6049999999999999, 0.609]",1620357.0,"[6.049999999999999, 6.09]",0.004797238608201345,2.3026745319366455,7.284999999999999,1.4528219666107294,0.0049643517368369635,0.00042215271666803944,2.382888833681742,0.20263330400065893,COMPLETE
162,15.316666666666665,2025-06-13 16:36:00.462876,2025-06-13 16:36:03.729970,0 days 00:00:03.267094,27,0.9672641069950777,0.1008740194298698,0.9718811171512782,0.056067598197757244,485,1625360.0,15.316666666666665,2.7275976405784053,0.7773333333333333,0.18430831656644134,480.0,6.0,12.240000000000002,"[0.737, 0.487]",1625360.0,"[7.37, 4.87]",0.004945499698321024,2.373839855194092,17.040000000000003,"[0.8550000000000001, 0.849]",1626360.0,"[8.55, 8.49]",0.004851249357064565,2.328599691390991,18.45,"[0.985, 0.8600000000000001]",1627360.0,"[9.85, 8.600000000000001]",0.004438148438930511,2.1303112506866455,18.43,"[0.984, 0.859]",1628360.0,"[9.84, 8.59]",0.004369517664114634,2.0973684787750244,12.270000000000001,"[0.616, 0.611]",1629360.0,"[6.16, 6.109999999999999]",0.0048158605893452965,2.311613082885742,13.470000000000002,"[0.487, 0.86]",1630360.0,"[4.87, 8.6]",0.00502882053454717,2.4138338565826416,7.7733333333333325,1.8430831656644133,0.004741516047053866,0.0002490436412158812,2.275927702585856,0.1195409477836229,COMPLETE
163,13.781666666666666,2025-06-13 16:36:03.843245,2025-06-13 16:36:06.001089,0 days 00:00:02.157844,28,0.9818595758948792,0.10820945072281718,0.9703004058775369,0.07373825617799822,114,1635364.0,13.781666666666666,3.2581662361245805,0.6871666666666666,0.23346906766326794,110.0,6.0,8.44,"[0.23399999999999993, 0.61]",1635364.0,"[2.3399999999999994, 6.1]",0.010755016586997292,1.1830518245697021,12.14,"[0.728, 0.48600000000000004]",1636364.0,"[7.279999999999999, 4.86]",0.010743938792835582,1.181833267211914,13.309999999999997,"[0.7249999999999999, 0.606]",1637364.0,"[7.249999999999998, 6.06]",0.010471935705705123,1.1519129276275635,17.11,"[0.977, 0.7339999999999999]",1638364.0,"[9.77, 7.339999999999999]",0.009617796811190519,1.057957649230957,13.33,"[0.6049999999999998, 0.728]",1639364.0,"[6.049999999999997, 7.279999999999999]",0.010716360265558417,1.1787996292114258,18.359999999999996,"[0.8540000000000001, 0.9819999999999999]",1640364.0,"[8.540000000000001, 9.819999999999999]",0.009936579790982333,1.0930237770080566,6.871666666666666,2.334690676632679,0.01037360465887821,0.0004419670176517652,1.1410965124766033,0.048616371941694186,COMPLETE
164,15.241666666666665,2025-06-13 16:36:06.122887,2025-06-13 16:36:09.759130,0 days 00:00:03.636243,28,0.6535177925006754,0.04690440346727866,0.9733997624670351,0.0659248096705061,490,1645366.0,15.241666666666665,3.1492455004686786,0.7301666666666667,0.1620755139502023,490.0,6.0,15.799999999999997,"[0.6, 0.9799999999999999]",1645366.0,"[6.0, 9.799999999999999]",0.004650952864666374,2.2789669036865234,19.689999999999998,"[0.983, 0.9860000000000001]",1646366.0,"[9.83, 9.860000000000001]",0.0035826644118951293,1.7555055618286133,18.38,"[0.859, 0.9790000000000001]",1647366.0,"[8.59, 9.790000000000001]",0.00373842326962218,1.8318274021148682,14.620000000000001,"[0.7299999999999999, 0.732]",1648366.0,"[7.299999999999999, 7.32]",0.004802185661938726,2.3530709743499756,10.819999999999999,"[0.724, 0.35799999999999993]",1649366.0,"[7.24, 3.579999999999999]",0.005208463084941007,2.5521469116210938,12.14,"[0.485, 0.729]",1650366.0,"[4.85, 7.29]",0.004906073395086794,2.4039759635925293,7.301666666666667,1.6207551395020232,0.004481460448025034,0.0006055795975875592,2.195915619532267,0.2967340028179041,COMPLETE
165,15.898333333333332,2025-06-13 16:36:09.868928,2025-06-13 16:36:13.332730,0 days 00:00:03.463802,28,0.957328850825794,0.11590615889780931,0.9667666020209491,0.0014623681980051692,479,1655370.0,15.898333333333332,1.895181756161896,0.7516666666666666,0.1971231989278673,470.0,6.0,13.42,"[0.35199999999999987, 0.99]",1655370.0,"[3.5199999999999987, 9.9]",0.005555510520935059,2.6110899448394775,15.989999999999998,"[0.8599999999999998, 0.7389999999999999]",1656370.0,"[8.599999999999998, 7.389999999999999]",0.0043846698517495016,2.0607948303222656,19.63,"[0.9759999999999998, 0.9870000000000001]",1657370.0,"[9.759999999999998, 9.870000000000001]",0.004131291774993247,1.9417071342468262,15.779999999999998,"[0.7309999999999999, 0.8469999999999999]",1658370.0,"[7.309999999999999, 8.469999999999999]",0.004632953380016571,2.177488088607788,14.69,"[0.736, 0.733]",1659370.0,"[7.359999999999999, 7.33]",0.004769811224430165,2.2418112754821777,15.88,"[0.8550000000000001, 0.733]",1660370.0,"[8.55, 7.33]",0.004780304685552069,2.2467432022094727,7.516666666666666,1.9712319892786732,0.004709090239612769,0.00044160357469653347,2.2132724126180015,0.20755368010737074,COMPLETE
166,9.673333333333334,2025-06-13 16:36:14.771025,2025-06-13 16:36:16.932891,0 days 00:00:02.161866,21,0.9231468349571863,0.10469481304499503,0.9988754431276629,0.0003021481143710097,169,1665374.0,9.673333333333334,2.8342645528523893,0.4538333333333333,0.23544243221834268,160.0,6.0,4.279999999999999,"[0.03699999999999996, 0.3909999999999999]",1665374.0,"[0.36999999999999955, 3.9099999999999993]",0.008446891605854035,1.3515026569366455,11.479999999999999,"[0.5169999999999999, 0.631]",1666374.0,"[5.169999999999999, 6.3100000000000005]",0.00786554515361786,1.2584872245788574,7.8999999999999995,"[0.27699999999999997, 0.5129999999999999]",1667374.0,"[2.7699999999999996, 5.129999999999999]",0.007557186484336853,1.2091498374938965,12.709999999999999,"[0.754, 0.517]",1668374.0,"[7.54, 5.17]",0.007297351956367493,1.1675763130187988,11.46,"[0.6279999999999999, 0.518]",1669374.0,"[6.279999999999999, 5.18]",0.007118931412696839,1.1390290260314941,10.209999999999999,"[0.51, 0.5109999999999999]",1670374.0,"[5.1, 5.109999999999999]",0.007896254956722259,1.2634007930755615,4.538333333333333,2.354424322183427,0.00769702692826589,0.0004366304868600878,1.2315243085225422,0.06986087789761403,COMPLETE
167,14.315,2025-06-13 16:36:17.000947,2025-06-13 16:36:20.389868,0 days 00:00:03.388921,31,0.9374476611040692,0.13350562630129562,0.9950023582284736,0.03433378661945498,500,1675377.0,14.315,1.521389167833135,0.7051666666666666,0.13419813295604707,500.0,6.0,13.3,"[0.6000000000000001, 0.7300000000000001]",1675377.0,"[6.000000000000001, 7.300000000000001]",0.004617226600646973,2.3086133003234863,14.540000000000001,"[0.597, 0.8570000000000002]",1676377.0,"[5.97, 8.570000000000002]",0.0049449167251586915,2.4724583625793457,17.02,"[0.976, 0.726]",1677377.0,"[9.76, 7.26]",0.004849469661712647,2.4247348308563232,14.51,"[0.7270000000000001, 0.724]",1678377.0,"[7.270000000000001, 7.24]",0.004931090354919433,2.465545177459717,14.530000000000001,"[0.7300000000000001, 0.7230000000000001]",1679377.0,"[7.300000000000001, 7.23]",0.00493149995803833,2.465749979019165,11.99,"[0.601, 0.598]",1680377.0,"[6.01, 5.9799999999999995]",0.0047955079078674315,2.397753953933716,7.051666666666666,1.3419813295604706,0.004844951868057251,0.00011491105004120845,2.4224759340286255,0.05745552502060424,COMPLETE
168,16.985000000000003,2025-06-13 16:36:20.458917,2025-06-13 16:36:23.502358,0 days 00:00:03.043441,25,0.9891773262774994,0.06449800456923876,0.9966017230476895,0.05035647580669506,461,1685380.0,16.985000000000003,1.8997609498741332,0.8788333333333332,0.10879248850704518,460.0,6.0,19.69,"[0.983, 0.9860000000000001]",1685380.0,"[9.83, 9.860000000000001]",0.004099085538283639,1.8855793476104736,18.23,"[0.9709999999999999, 0.852]",1686380.0,"[9.709999999999999, 8.52]",0.004742323315661886,2.1814687252044678,16.06,"[0.865, 0.7409999999999999]",1687380.0,"[8.65, 7.409999999999998]",0.004233689930128014,1.9474973678588867,14.759999999999998,"[0.7319999999999999, 0.744]",1688380.0,"[7.3199999999999985, 7.4399999999999995]",0.00504459401835566,2.3205132484436035,14.760000000000002,"[0.74, 0.736]",1689380.0,"[7.4, 7.359999999999999]",0.004900396388509999,2.2541823387145996,18.41,"[0.982, 0.859]",1690380.0,"[9.82, 8.59]",0.004595899581909179,2.1141138076782227,8.788333333333332,1.087924885070452,0.00460266479547473,0.000339909382393228,2.1172258059183755,0.15635831590088486,COMPLETE
169,15.553333333333333,2025-06-13 16:36:23.575254,2025-06-13 16:36:26.706456,0 days 00:00:03.131202,24,0.9906233008259583,0.05958150058603965,0.9928426181989907,0.08764978440505845,453,1695383.0,15.553333333333333,3.3880558174596564,0.8183333333333332,0.16517936379046336,450.0,6.0,18.33,"[0.982, 0.851]",1695383.0,"[9.82, 8.51]",0.004768869082132975,2.145991086959839,19.68,"[0.9780000000000001, 0.99]",1696383.0,"[9.780000000000001, 9.9]",0.00429391966925727,1.9322638511657715,9.98,"[0.49899999999999983, 0.49899999999999994]",1697383.0,"[4.989999999999998, 4.989999999999999]",0.005251243379380968,2.3630595207214355,17.14,"[0.8629999999999999, 0.851]",1698383.0,"[8.629999999999999, 8.51]",0.0047110011842515735,2.119950532913208,12.319999999999999,"[0.738, 0.49399999999999994]",1699383.0,"[7.38, 4.9399999999999995]",0.005014693472120497,2.2566120624542236,15.870000000000001,"[0.85, 0.7369999999999999]",1700383.0,"[8.5, 7.369999999999999]",0.0050928868187798395,2.2917990684509277,8.183333333333334,1.6517936379046338,0.004855435600987186,0.0003114656621782886,2.1849460204442344,0.14015954798022984,COMPLETE
170,16.36,2025-06-13 16:36:26.774086,2025-06-13 16:36:29.877981,0 days 00:00:03.103895,25,0.9740405839222581,0.06425875434112659,0.9966571322270559,0.04339480770267585,462,1705386.0,16.36,2.6459528844381683,0.7575,0.24003662914924748,460.0,6.0,19.619999999999997,"[0.9820000000000002, 0.9799999999999999]",1705386.0,"[9.820000000000002, 9.799999999999999]",0.004179518119148586,1.9225783348083496,13.530000000000001,"[0.4929999999999999, 0.86]",1706386.0,"[4.929999999999999, 8.6]",0.004892511471458103,2.2505552768707275,17.169999999999998,"[0.859, 0.858]",1707386.0,"[8.59, 8.58]",0.004589690332827361,2.111257553100586,12.17,"[0.3659999999999999, 0.851]",1708386.0,"[3.659999999999999, 8.51]",0.00519831543383391,2.3912250995635986,17.2,"[0.983, 0.7369999999999999]",1709386.0,"[9.83, 7.369999999999999]",0.004553334609321926,2.094533920288086,18.470000000000002,"[0.8619999999999999, 0.9850000000000001]",1710386.0,"[8.62, 9.850000000000001]",0.004332567297894022,1.99298095703125,7.574999999999999,2.4003662914924746,0.0046243228774139845,0.000339264870788952,2.127188523610433,0.15606184056291794,COMPLETE
171,14.31,2025-06-13 16:36:31.335591,2025-06-13 16:36:34.954487,0 days 00:00:03.618896,25,0.9856404378988969,0.052024103539274086,0.9989517656664253,0.04904136472197454,490,1715391.0,14.31,3.1773364106853204,0.6588333333333333,0.19355827431436656,490.0,6.0,12.219999999999999,"[0.736, 0.48599999999999993]",1715391.0,"[7.359999999999999, 4.859999999999999]",0.004978397914341518,2.4394149780273438,18.3,"[0.859, 0.9710000000000001]",1716391.0,"[8.59, 9.71]",0.004615108334288305,2.2614030838012695,14.74,"[0.622, 0.852]",1717391.0,"[6.22, 8.52]",0.0046069665830962515,2.257413625717163,14.61,"[0.7380000000000001, 0.7229999999999999]",1718391.0,"[7.380000000000001, 7.229999999999999]",0.005276228457081074,2.5853519439697266,17.270000000000003,"[0.744, 0.983]",1719391.0,"[7.4399999999999995, 9.83]",0.0042609229379770705,2.0878522396087646,8.719999999999999,"[0.2539999999999999, 0.6179999999999999]",1720391.0,"[2.539999999999999, 6.179999999999999]",0.004495230986147511,2.2026631832122803,6.588333333333332,1.9355827431436652,0.004705475868821955,0.0003316487975807421,2.305683175722758,0.16250791081456364,COMPLETE
172,14.923333333333334,2025-06-13 16:36:35.087193,2025-06-13 16:36:38.177586,0 days 00:00:03.090393,26,0.7206446973399704,0.0682556113393511,0.9959177559120809,0.0627668624403351,473,1725395.0,14.923333333333334,1.5013512432324274,0.7163333333333334,0.08454518844315677,470.0,6.0,14.77,"[0.617, 0.8600000000000001]",1725395.0,"[6.17, 8.600000000000001]",0.004254590196812407,1.999657392501831,15.99,"[0.8629999999999999, 0.736]",1726395.0,"[8.629999999999999, 7.359999999999999]",0.004815817893819606,2.263434410095215,12.21,"[0.732, 0.489]",1727395.0,"[7.32, 4.89]",0.0044254363851344335,2.0799551010131836,17.14,"[0.733, 0.9810000000000001]",1728395.0,"[7.33, 9.81]",0.004087239630678867,1.9210026264190674,14.73,"[0.7390000000000001, 0.734]",1729395.0,"[7.390000000000001, 7.34]",0.004578698949610933,2.1519885063171387,14.7,"[0.6139999999999999, 0.8559999999999999]",1730395.0,"[6.139999999999999, 8.559999999999999]",0.004556235861270986,2.1414308547973633,7.163333333333333,0.8454518844315676,0.004453003152887872,0.0002352309303758873,2.0929114818573,0.11055853727666708,COMPLETE
173,16.098333333333333,2025-06-13 16:36:38.248685,2025-06-13 16:36:41.249648,0 days 00:00:03.000963,20,0.966867690320705,0.05867985021000032,0.9939409539663867,0.05652718264521729,486,1735398.0,16.098333333333333,2.4153841424410225,0.8051666666666666,0.14450307570736648,480.0,6.0,17.34,"[0.8699999999999999, 0.8640000000000001]",1735398.0,"[8.7, 8.64]",0.004678937792778015,2.2458901405334473,11.4,"[0.631, 0.5089999999999999]",1736398.0,"[6.3100000000000005, 5.089999999999999]",0.004631391664346059,2.2230679988861084,18.44,"[0.9790000000000001, 0.865]",1737398.0,"[9.790000000000001, 8.65]",0.004222696522871653,2.0268943309783936,18.259999999999998,"[0.9719999999999999, 0.8539999999999999]",1738398.0,"[9.719999999999999, 8.54]",0.004396267235279083,2.11020827293396,16.16,"[0.744, 0.8719999999999999]",1739398.0,"[7.4399999999999995, 8.719999999999999]",0.004189685980478922,2.011049270629883,14.99,"[0.6349999999999999, 0.8640000000000001]",1740398.0,"[6.349999999999999, 8.64]",0.004584024846553803,2.200331926345825,8.051666666666666,1.445030757073665,0.004450500673717922,0.00019390464743590378,2.136240323384603,0.09307423076923371,COMPLETE
174,17.576666666666664,2025-06-13 16:36:41.331254,2025-06-13 16:36:44.681374,0 days 00:00:03.350120,27,0.9818319822081163,0.07574700064479374,0.961430712894808,0.07566991605168333,500,1745401.0,17.576666666666664,1.3931459204101895,0.878,0.1330513685260947,500.0,6.0,18.35,"[0.975, 0.8600000000000001]",1745401.0,"[9.75, 8.600000000000001]",0.0044381628036499025,2.219081401824951,17.12,"[0.8479999999999999, 0.8640000000000001]",1746401.0,"[8.479999999999999, 8.64]",0.004834912300109863,2.4174561500549316,18.41,"[0.9830000000000002, 0.8580000000000002]",1747401.0,"[9.830000000000002, 8.580000000000002]",0.004828380584716797,2.4141902923583984,14.65,"[0.6100000000000001, 0.8550000000000001]",1748401.0,"[6.100000000000001, 8.55]",0.0049811253547668456,2.490562677383423,18.449999999999996,"[0.861, 0.9840000000000002]",1749401.0,"[8.61, 9.840000000000002]",0.0041483864784240725,2.074193239212036,18.48,"[0.991, 0.8569999999999999]",1750401.0,"[9.91, 8.569999999999999]",0.004163805961608887,2.0819029808044434,8.78,1.330513685260947,0.004565795580546061,0.00033316403680574015,2.2828977902730307,0.1665820184028701,COMPLETE
