number,value,datetime_start,datetime_complete,duration,params_episode_length,params_epsilon_max,params_epsilon_min,params_gamma,params_learning_rate,params_num_episodes,user_attrs_base_seed,user_attrs_collective_reward_mean,user_attrs_collective_reward_std,user_attrs_individual_reward_agent0_mean,user_attrs_individual_reward_agent0_std,user_attrs_num_episodes_mean,user_attrs_num_parallel_runs,user_attrs_run_0_collective_reward,user_attrs_run_0_individual_rewards,user_attrs_run_0_seed,user_attrs_run_0_total_individual_rewards,user_attrs_run_0_training_time_per_episode,user_attrs_run_0_training_time_total,user_attrs_run_1_collective_reward,user_attrs_run_1_individual_rewards,user_attrs_run_1_seed,user_attrs_run_1_total_individual_rewards,user_attrs_run_1_training_time_per_episode,user_attrs_run_1_training_time_total,user_attrs_run_2_collective_reward,user_attrs_run_2_individual_rewards,user_attrs_run_2_seed,user_attrs_run_2_total_individual_rewards,user_attrs_run_2_training_time_per_episode,user_attrs_run_2_training_time_total,user_attrs_run_3_collective_reward,user_attrs_run_3_individual_rewards,user_attrs_run_3_seed,user_attrs_run_3_total_individual_rewards,user_attrs_run_3_training_time_per_episode,user_attrs_run_3_training_time_total,user_attrs_run_4_collective_reward,user_attrs_run_4_individual_rewards,user_attrs_run_4_seed,user_attrs_run_4_total_individual_rewards,user_attrs_run_4_training_time_per_episode,user_attrs_run_4_training_time_total,user_attrs_run_5_collective_reward,user_attrs_run_5_individual_rewards,user_attrs_run_5_seed,user_attrs_run_5_total_individual_rewards,user_attrs_run_5_training_time_per_episode,user_attrs_run_5_training_time_total,user_attrs_total_individual_reward_agent0_mean,user_attrs_total_individual_reward_agent0_std,user_attrs_training_time_per_episode_mean,user_attrs_training_time_per_episode_std,user_attrs_training_time_total_mean,user_attrs_training_time_total_std,state
87,12.681666666666667,2025-06-13 16:29:45.247990,2025-06-13 16:29:47.538658,0 days 00:00:02.290668,10,0.785010714888352,0.057376121992653704,0.9692959654257857,0.024035033242577934,378,874985.0,12.681666666666667,2.1087311877577513,0.6613333333333334,0.08679029643661526,370.0,6.0,13.139999999999999,"[0.656, 0.658]",874985.0,"[6.5600000000000005, 6.58]",0.003994237410055624,1.477867841720581,8.960000000000003,"[0.557, 0.3390000000000001]",875985.0,"[5.57, 3.3900000000000006]",0.00401435864938272,1.4853127002716064,11.120000000000001,"[0.556, 0.556]",876985.0,"[5.5600000000000005, 5.5600000000000005]",0.003991432447691221,1.476830005645752,15.379999999999999,"[0.77, 0.768]",877985.0,"[7.7, 7.68]",0.0038107646478189004,1.4099829196929932,14.309999999999999,"[0.768, 0.663]",878985.0,"[7.68, 6.630000000000001]",0.0038716000479620855,1.4324920177459717,13.18,"[0.6610000000000001, 0.657]",879985.0,"[6.610000000000001, 6.57]",0.004015779495239258,1.4858384132385254,6.613333333333333,0.8679029643661527,0.003949695449691635,7.924124892337212e-05,1.461387316385905,0.029319262101647654,COMPLETE
88,15.508333333333333,2025-06-13 16:29:47.610057,2025-06-13 16:29:51.032383,0 days 00:00:03.422326,40,0.7490968350457385,0.18557637673399802,0.9914991243462487,0.04383920531655875,478,884987.0,15.508333333333333,1.7811364973584196,0.7518333333333334,0.17203819020464295,470.0,6.0,14.2,"[0.4299999999999998, 0.99]",884987.0,"[4.299999999999998, 9.9]",0.004703016484037359,2.2104177474975586,18.2,"[0.9800000000000001, 0.8399999999999999]",885987.0,"[9.8, 8.399999999999999]",0.00461749218879862,2.1702213287353516,15.529999999999998,"[0.844, 0.7089999999999999]",886987.0,"[8.44, 7.089999999999998]",0.004886903661362668,2.296844720840454,15.520000000000001,"[0.707, 0.845]",887987.0,"[7.069999999999999, 8.45]",0.004670651415561108,2.1952061653137207,16.929999999999996,"[0.8469999999999999, 0.8459999999999999]",888987.0,"[8.469999999999999, 8.459999999999999]",0.004449330492222563,2.0911853313446045,12.67,"[0.703, 0.5639999999999998]",889987.0,"[7.029999999999999, 5.639999999999999]",0.005300795271041546,2.4913737773895264,7.5183333333333335,1.7203819020464295,0.004771364918837311,0.00026951914159476057,2.242541511853536,0.1266739965495374,COMPLETE
89,16.616666666666667,2025-06-13 16:29:51.163232,2025-06-13 16:29:54.555262,0 days 00:00:03.392030,42,0.9874124894677923,0.07230988395845897,0.9963272155477121,0.02886828224835237,427,894991.0,16.616666666666667,1.8751592524962302,0.8430000000000001,0.16079282736905068,420.0,6.0,18.25,"[0.9819999999999999, 0.843]",894991.0,"[9.819999999999999, 8.43]",0.005187334900810605,2.178680658340454,14.06,"[0.5650000000000001, 0.841]",895991.0,"[5.65, 8.41]",0.005746694405873617,2.413611650466919,16.900000000000002,"[0.7030000000000001, 0.9870000000000001]",896991.0,"[7.030000000000001, 9.870000000000001]",0.005311709358578637,2.2309179306030273,18.229999999999997,"[0.982, 0.8409999999999999]",897991.0,"[9.82, 8.409999999999998]",0.00529997121720087,2.2259879112243652,18.220000000000002,"[0.9830000000000002, 0.8390000000000001]",898991.0,"[9.830000000000002, 8.39]",0.005191127459208171,2.1802735328674316,14.040000000000001,"[0.843, 0.5609999999999999]",899991.0,"[8.43, 5.609999999999999]",0.005860073793502081,2.461230993270874,8.430000000000001,1.6079282736905065,0.005432818522528997,0.0002683460922845965,2.2817837794621787,0.11270535875953053,COMPLETE
90,14.75333333333333,2025-06-13 16:29:54.628206,2025-06-13 16:29:58.247696,0 days 00:00:03.619490,42,0.9868465770031372,0.07196271592568204,0.9961294854445085,0.07331435268434859,424,904994.0,14.75333333333333,1.5559205920897399,0.7731666666666667,0.13171359923038406,420.0,6.0,16.83,"[0.843, 0.8399999999999999]",904994.0,"[8.43, 8.399999999999999]",0.004836492879050119,2.03132700920105,15.509999999999998,"[0.842, 0.709]",905994.0,"[8.42, 7.09]",0.004976876009078253,2.090287923812866,12.69,"[0.7060000000000001, 0.563]",906994.0,"[7.0600000000000005, 5.629999999999999]",0.005227071898324149,2.1953701972961426,15.34,"[0.9770000000000001, 0.5569999999999998]",907994.0,"[9.770000000000001, 5.5699999999999985]",0.006248788038889567,2.624490976333618,12.64,"[0.563, 0.701]",908994.0,"[5.629999999999999, 7.01]",0.005714030492873419,2.399892807006836,15.509999999999998,"[0.708, 0.843]",909994.0,"[7.08, 8.43]",0.005020867075238909,2.108764171600342,7.7316666666666665,1.317135992303841,0.005337354398909069,0.0004942552558213113,2.241688847541809,0.20758720744495074,COMPLETE
91,15.104999999999999,2025-06-13 16:29:59.119904,2025-06-13 16:30:02.665752,0 days 00:00:03.545848,46,0.998893375415591,0.06465975096077911,0.9986781648548073,0.012112806109012301,454,914999.0,15.104999999999999,1.579691425563867,0.7683333333333332,0.10943745042514268,450.0,6.0,13.75,"[0.694, 0.6809999999999998]",914999.0,"[6.9399999999999995, 6.809999999999999]",0.006014169587029351,2.706376314163208,16.98,"[0.85, 0.8480000000000001]",915999.0,"[8.5, 8.48]",0.004572869406806098,2.057791233062744,15.33,"[0.8390000000000001, 0.6940000000000001]",916999.0,"[8.39, 6.94]",0.005456819004482693,2.455568552017212,12.509999999999998,"[0.5549999999999999, 0.696]",917999.0,"[5.549999999999999, 6.959999999999999]",0.005817190276251899,2.6177356243133545,15.28,"[0.835, 0.693]",918999.0,"[8.35, 6.93]",0.00552582687801785,2.4866220951080322,16.78,"[0.837, 0.841]",919999.0,"[8.37, 8.41]",0.005210428767734103,2.3446929454803467,7.683333333333333,1.0943745042514268,0.0054328839867203325,0.0004625845763276578,2.4447977940241494,0.20816305934744592,COMPLETE
92,14.985,2025-06-13 16:30:02.760840,2025-06-13 16:30:06.365754,0 days 00:00:03.604914,42,0.9558198474569827,0.049461871947745754,0.9927697361313668,0.030606398865995362,489,925002.0,14.985,1.8772031500790392,0.7233333333333333,0.12310790208412922,480.0,6.0,15.459999999999999,"[0.5599999999999999, 0.9860000000000001]",925002.0,"[5.6, 9.860000000000001]",0.0054263085126876835,2.604628086090088,16.799999999999997,"[0.6990000000000001, 0.9810000000000001]",926002.0,"[6.99, 9.81]",0.0051776741941769915,2.485283613204956,15.309999999999999,"[0.6969999999999998, 0.834]",927002.0,"[6.969999999999999, 8.34]",0.0056808228294054665,2.726794958114624,11.329999999999998,"[0.7060000000000001, 0.42699999999999994]",928002.0,"[7.0600000000000005, 4.27]",0.005908020337422689,2.8358497619628906,14.16,"[0.7050000000000001, 0.711]",929002.0,"[7.050000000000001, 7.109999999999999]",0.005183278520901998,2.487973690032959,16.85,"[0.9729999999999999, 0.712]",930002.0,"[9.729999999999999, 7.119999999999999]",0.005069372554620107,2.4332988262176514,7.233333333333333,1.231079020841292,0.0054075794915358225,0.0003008335756732872,2.595638155937195,0.14440011632317787,COMPLETE
93,15.844999999999999,2025-06-13 16:30:06.433037,2025-06-13 16:30:10.101607,0 days 00:00:03.668570,44,0.9866310709210413,0.0758073984004917,0.9868185945719853,0.027051461909824628,500,935006.0,15.844999999999999,1.9135547200607221,0.7465,0.13123357040026007,500.0,6.0,19.52,"[0.9750000000000002, 0.9770000000000001]",935006.0,"[9.750000000000002, 9.770000000000001]",0.004635068416595459,2.3175342082977295,13.879999999999999,"[0.698, 0.6899999999999998]",936006.0,"[6.9799999999999995, 6.899999999999999]",0.005836179733276367,2.9180898666381836,15.45,"[0.704, 0.841]",937006.0,"[7.039999999999999, 8.41]",0.004984950065612793,2.4924750328063965,14.049999999999999,"[0.561, 0.844]",938006.0,"[5.61, 8.44]",0.004846078395843506,2.423039197921753,16.830000000000002,"[0.8460000000000001, 0.8369999999999997]",939006.0,"[8.46, 8.369999999999997]",0.0054469571113586425,2.7234785556793213,15.34,"[0.695, 0.8389999999999999]",940006.0,"[6.949999999999999, 8.389999999999999]",0.005312260627746582,2.656130313873291,7.465000000000001,1.312335704002601,0.005176915725072225,0.0004012007569009176,2.5884578625361123,0.20060037845045878,COMPLETE
94,15.36,2025-06-13 16:30:10.167172,2025-06-13 16:30:14.340402,0 days 00:00:04.173230,38,0.9455566676624176,0.05484345856840412,0.9833449106406453,0.009935993509969255,470,945010.0,15.36,3.2839965489222642,0.8018333333333333,0.12882082733609324,470.0,6.0,18.330000000000002,"[0.8480000000000001, 0.985]",945010.0,"[8.48, 9.85]",0.005255986274556911,2.470313549041748,16.92,"[0.985, 0.707]",946010.0,"[9.85, 7.069999999999999]",0.00528631717600721,2.4845690727233887,15.64,"[0.712, 0.852]",947010.0,"[7.119999999999999, 8.52]",0.004896370908047291,2.3012943267822266,8.729999999999997,"[0.5740000000000001, 0.29899999999999993]",948010.0,"[5.74, 2.9899999999999993]",0.007121192648055706,3.3469605445861816,14.299999999999999,"[0.8479999999999999, 0.5820000000000001]",949010.0,"[8.479999999999999, 5.82]",0.005202801176842223,2.4453165531158447,18.24,"[0.844, 0.9799999999999999]",950010.0,"[8.44, 9.799999999999999]",0.005033592974885981,2.365788698196411,8.018333333333333,1.2882082733609326,0.00546604352639922,0.0007524162335659417,2.5690404574076333,0.3536356297759926,COMPLETE
95,16.468333333333334,2025-06-13 16:30:14.409724,2025-06-13 16:30:18.093446,0 days 00:00:03.683722,48,0.9281173816891717,0.03181147007766698,0.9941418312837832,0.01953494097665793,443,955014.0,16.468333333333334,1.9618479100639343,0.7849999999999998,0.10642837967384454,440.0,6.0,15.249999999999998,"[0.8249999999999998, 0.7]",955014.0,"[8.249999999999998, 7.0]",0.005782053687355735,2.5441036224365234,16.68,"[0.6849999999999999, 0.983]",956014.0,"[6.85, 9.83]",0.00560526739467274,2.466317653656006,15.29,"[0.691, 0.8379999999999999]",957014.0,"[6.909999999999999, 8.379999999999999]",0.005194178494540127,2.2854385375976562,13.739999999999997,"[0.6910000000000001, 0.6829999999999998]",958014.0,"[6.91, 6.829999999999998]",0.006174545938318426,2.7168002128601074,19.5,"[0.9720000000000001, 0.9780000000000001]",959014.0,"[9.72, 9.780000000000001]",0.004727935249155218,2.080291509628296,18.35,"[0.8460000000000001, 0.9890000000000001]",960014.0,"[8.46, 9.89]",0.0051179316910830415,2.251889944076538,7.8500000000000005,1.0642837967384455,0.005433652075854216,0.0004751881053822671,2.3908069133758545,0.2090827663681976,COMPLETE
96,14.126666666666665,2025-06-13 16:30:19.016979,2025-06-13 16:30:21.514195,0 days 00:00:02.497216,36,0.8899911837562438,0.0261187771444703,0.9895918004042569,0.05109652407609113,221,965019.0,14.126666666666665,1.924670245926703,0.6508333333333333,0.12617503274772265,220.0,6.0,14.28,"[0.7089999999999999, 0.719]",965019.0,"[7.089999999999998, 7.1899999999999995]",0.006357019597833807,1.3985443115234375,18.31,"[0.853, 0.978]",966019.0,"[8.53, 9.78]",0.006508305939761075,1.4318273067474365,13.019999999999998,"[0.5860000000000001, 0.716]",967019.0,"[5.860000000000001, 7.16]",0.007261495156721635,1.5975289344787598,13.049999999999999,"[0.7169999999999999, 0.588]",968019.0,"[7.169999999999998, 5.88]",0.006940122084184127,1.5268268585205078,13.049999999999999,"[0.585, 0.72]",969019.0,"[5.85, 7.199999999999999]",0.006071370298212224,1.3357014656066895,13.049999999999997,"[0.45499999999999996, 0.85]",970019.0,"[4.55, 8.5]",0.007200899991122159,1.584197998046875,6.508333333333332,1.2617503274772262,0.006723202177972505,0.000441618925476802,1.479104479153951,0.0971561636048964,COMPLETE
97,17.525000000000002,2025-06-13 16:30:21.581131,2025-06-13 16:30:24.466521,0 days 00:00:02.885390,29,0.8163861428605251,0.1345854815345761,0.9661730452045368,0.04056193073786405,435,975021.0,17.525000000000002,1.1487348112887783,0.8576666666666665,0.10150643110441607,430.0,6.0,15.990000000000002,"[0.7369999999999999, 0.8620000000000001]",975021.0,"[7.369999999999999, 8.620000000000001]",0.004584584679714469,1.9713714122772217,17.099999999999998,"[0.73, 0.9800000000000001]",976021.0,"[7.3, 9.8]",0.0045018096302830895,1.9357781410217285,19.61,"[0.9860000000000001, 0.975]",977021.0,"[9.860000000000001, 9.75]",0.004436976410621821,1.9078998565673828,17.11,"[0.86, 0.851]",978021.0,"[8.6, 8.51]",0.0046589219292929,2.0033364295959473,17.03,"[0.8549999999999999, 0.8480000000000001]",979021.0,"[8.549999999999999, 8.48]",0.004278986398563829,1.8399641513824463,18.31,"[0.978, 0.853]",980021.0,"[9.78, 8.53]",0.004543100955874421,1.953533411026001,8.576666666666666,1.0150643110441604,0.004500730000725088,0.00012047648611739649,1.9353139003117878,0.05180488903048059,COMPLETE
98,15.843333333333334,2025-06-13 16:30:24.537924,2025-06-13 16:30:27.434400,0 days 00:00:02.896476,30,0.7861043713021559,0.15661471944824615,0.9612384442991981,0.03814386667480817,414,985024.0,15.843333333333334,1.5973589313474772,0.7911666666666665,0.12296804011160335,410.0,6.0,18.2,"[0.8459999999999999, 0.974]",985024.0,"[8.459999999999999, 9.74]",0.0048928045644992734,2.006049871444702,17.27,"[0.993, 0.734]",986024.0,"[9.93, 7.34]",0.004282856569057558,1.7559711933135986,15.769999999999998,"[0.849, 0.728]",987024.0,"[8.49, 7.279999999999999]",0.00485773726207454,1.9916722774505615,15.839999999999998,"[0.602, 0.982]",988024.0,"[6.02, 9.82]",0.004898505676083449,2.008387327194214,14.639999999999997,"[0.7289999999999999, 0.7350000000000001]",989024.0,"[7.289999999999999, 7.350000000000001]",0.0049378685834931164,2.0245261192321777,13.340000000000002,"[0.728, 0.606]",990024.0,"[7.279999999999999, 6.06]",0.005028282142266994,2.0615956783294678,7.911666666666668,1.2296804011160336,0.004816342466245822,0.0002444739251896384,1.9747004111607869,0.10023430932775179,COMPLETE
99,16.406666666666666,2025-06-13 16:30:27.503645,2025-06-13 16:30:30.519406,0 days 00:00:03.015761,32,0.9709078894901901,0.14426377430439719,0.9667458915591208,0.04444138881737203,433,995027.0,16.406666666666666,0.9781047433117225,0.7668333333333334,0.060965609613580954,430.0,6.0,15.789999999999997,"[0.725, 0.8539999999999999]",995027.0,"[7.25, 8.54]",0.004870217899943507,2.094193696975708,15.770000000000001,"[0.7230000000000001, 0.8540000000000001]",996027.0,"[7.23, 8.540000000000001]",0.005260069980177769,2.2618300914764404,18.35,"[0.853, 0.982]",997027.0,"[8.53, 9.82]",0.004801617112270621,2.064695358276367,15.799999999999999,"[0.72, 0.8600000000000001]",998027.0,"[7.199999999999999, 8.600000000000001]",0.004864028442737668,2.0915322303771973,17.0,"[0.727, 0.9730000000000001]",999027.0,"[7.27, 9.73]",0.005016493242840434,2.1570920944213867,15.729999999999999,"[0.853, 0.72]",1000027.0,"[8.53, 7.199999999999999]",0.00520527861839117,2.238269805908203,7.668333333333333,0.6096560961358095,0.005002950882726861,0.00017544368260104837,2.1512688795725503,0.07544078351845077,COMPLETE
100,15.613333333333332,2025-06-13 16:30:30.600358,2025-06-13 16:30:33.543175,0 days 00:00:02.942817,29,0.803201459900889,0.1348243392899865,0.957924853658623,0.05795000909781778,423,1005030.0,15.613333333333332,1.3091303304951045,0.8119999999999999,0.05666274496233546,420.0,6.0,15.76,"[0.852, 0.724]",1005030.0,"[8.52, 7.24]",0.004939767860230946,2.074702501296997,17.0,"[0.8460000000000001, 0.8539999999999999]",1006030.0,"[8.46, 8.54]",0.004737167131333124,1.989610195159912,17.14,"[0.857, 0.857]",1007030.0,"[8.57, 8.57]",0.00488818089167277,2.0530359745025635,15.759999999999998,"[0.8530000000000001, 0.7230000000000001]",1008030.0,"[8.530000000000001, 7.23]",0.004987641175587972,2.0948092937469482,14.66,"[0.7329999999999999, 0.7329999999999999]",1009030.0,"[7.329999999999998, 7.329999999999998]",0.004629098233722505,1.9442212581634521,13.360000000000001,"[0.731, 0.605]",1010030.0,"[7.31, 6.05]",0.004601806686038063,1.9327588081359863,8.12,0.5666274496233548,0.004797276996430897,0.00014995089168126874,2.0148563385009766,0.06297937450613283,COMPLETE
101,15.284999999999998,2025-06-13 16:30:34.482678,2025-06-13 16:30:37.667786,0 days 00:00:03.185108,27,0.87693101230626,0.12280509267894901,0.9721688632427592,0.03265184035632388,464,1015034.0,15.284999999999998,3.7587309471859425,0.794,0.18391664778734237,460.0,6.0,18.43,"[0.9810000000000001, 0.8620000000000001]",1015034.0,"[9.81, 8.620000000000001]",0.004066590122554613,1.870631456375122,18.41,"[0.859, 0.982]",1016034.0,"[8.59, 9.82]",0.004125407467717709,1.8976874351501465,15.91,"[0.851, 0.74]",1017034.0,"[8.51, 7.4]",0.0043752426686494246,2.0126116275787354,8.489999999999998,"[0.48999999999999994, 0.3589999999999999]",1018034.0,"[4.8999999999999995, 3.589999999999999]",0.005229616683462392,2.4056236743927,18.279999999999998,"[0.976, 0.8520000000000001]",1019034.0,"[9.76, 8.520000000000001]",0.004461456381756326,2.05226993560791,12.19,"[0.607, 0.6119999999999999]",1020034.0,"[6.07, 6.119999999999999]",0.004934436341990595,2.269840717315674,7.939999999999999,1.8391664778734234,0.004532124944355178,0.000420336582806328,2.0847774744033813,0.1933548280909108,COMPLETE
102,16.543333333333333,2025-06-13 16:30:37.739026,2025-06-13 16:30:41.015489,0 days 00:00:03.276463,26,0.9860885254626744,0.16510447884504628,0.9656534483602686,0.08120514386838651,480,1025037.0,16.543333333333333,1.7909742848206636,0.7951666666666667,0.15501765132468698,480.0,6.0,19.49,"[0.977, 0.9720000000000002]",1025037.0,"[9.77, 9.720000000000002]",0.004396711786588033,2.110421657562256,16.05,"[0.8620000000000001, 0.743]",1026037.0,"[8.620000000000001, 7.43]",0.004382657011349996,2.103675365447998,13.49,"[0.49000000000000005, 0.859]",1027037.0,"[4.9, 8.59]",0.00534743070602417,2.5667667388916016,17.16,"[0.8640000000000001, 0.852]",1028037.0,"[8.64, 8.52]",0.004711138705412547,2.2613465785980225,15.98,"[0.8549999999999999, 0.743]",1029037.0,"[8.549999999999999, 7.43]",0.004698428014914195,2.2552454471588135,17.09,"[0.7229999999999999, 0.9860000000000001]",1030037.0,"[7.229999999999999, 9.860000000000001]",0.004884630441665649,2.3446226119995117,7.951666666666665,1.5501765132468697,0.004736832777659098,0.0003260705068865263,2.273679733276367,0.15651384330553267,COMPLETE
103,16.568333333333335,2025-06-13 16:30:41.079877,2025-06-13 16:30:44.493087,0 days 00:00:03.413210,33,0.7482833829129601,0.10121696468541744,0.9052015994273832,0.0999228350057003,451,1035041.0,16.568333333333335,2.3551108725964958,0.8511666666666667,0.12919419061586665,450.0,6.0,18.39,"[0.9829999999999999, 0.8559999999999999]",1035041.0,"[9.829999999999998, 8.559999999999999]",0.004058666229248047,1.826399803161621,18.28,"[0.9770000000000001, 0.851]",1036041.0,"[9.770000000000001, 8.51]",0.005518733130560981,2.4834299087524414,17.03,"[0.724, 0.9790000000000001]",1037041.0,"[7.24, 9.790000000000001]",0.00429441769917806,1.932487964630127,11.829999999999998,"[0.724, 0.45899999999999996]",1038041.0,"[7.24, 4.59]",0.004826082653469509,2.1717371940612793,15.510000000000002,"[0.718, 0.833]",1039041.0,"[7.18, 8.33]",0.004957304530673557,2.2307870388031006,18.37,"[0.9809999999999999, 0.8560000000000001]",1040041.0,"[9.809999999999999, 8.56]",0.004956878026326497,2.230595111846924,8.511666666666668,1.2919419061586663,0.004768680378242776,0.0004771297445161268,2.145906170209249,0.21470838503225703,COMPLETE
104,15.893333333333336,2025-06-13 16:30:44.563397,2025-06-13 16:30:48.052704,0 days 00:00:03.489307,28,0.838107589141809,0.06021397547745018,0.9956644483685658,0.0658275196202046,492,1045044.0,15.893333333333336,2.87895621517398,0.7721666666666667,0.13986948281244996,490.0,6.0,15.910000000000002,"[0.7270000000000001, 0.8640000000000001]",1045044.0,"[7.270000000000001, 8.64]",0.004751684714336784,2.3283255100250244,17.080000000000002,"[0.8540000000000001, 0.8540000000000001]",1046044.0,"[8.540000000000001, 8.540000000000001]",0.004395196875747369,2.153646469116211,9.66,"[0.4779999999999999, 0.4880000000000001]",1047044.0,"[4.779999999999999, 4.880000000000001]",0.00542666668794593,2.659066677093506,17.139999999999997,"[0.8579999999999999, 0.8559999999999999]",1048044.0,"[8.579999999999998, 8.559999999999999]",0.004105523167824259,2.0117063522338867,17.169999999999998,"[0.8560000000000001, 0.861]",1049044.0,"[8.56, 8.61]",0.004296793743055694,2.10542893409729,18.400000000000002,"[0.8600000000000001, 0.9800000000000001]",1050044.0,"[8.600000000000001, 9.8]",0.004233627903218172,2.0744776725769043,7.721666666666668,1.3986948281244993,0.004534915515354701,0.0004460165037092883,2.2221086025238037,0.2185480868175513,COMPLETE
