number,value,datetime_start,datetime_complete,duration,params_episode_length,params_epsilon_max,params_epsilon_min,params_gamma,params_learning_rate,params_num_episodes,user_attrs_base_seed,user_attrs_collective_reward_mean,user_attrs_collective_reward_std,user_attrs_individual_reward_agent0_mean,user_attrs_individual_reward_agent0_std,user_attrs_num_episodes_mean,user_attrs_num_parallel_runs,user_attrs_run_0_collective_reward,user_attrs_run_0_individual_rewards,user_attrs_run_0_seed,user_attrs_run_0_total_individual_rewards,user_attrs_run_0_training_time_per_episode,user_attrs_run_0_training_time_total,user_attrs_run_1_collective_reward,user_attrs_run_1_individual_rewards,user_attrs_run_1_seed,user_attrs_run_1_total_individual_rewards,user_attrs_run_1_training_time_per_episode,user_attrs_run_1_training_time_total,user_attrs_run_2_collective_reward,user_attrs_run_2_individual_rewards,user_attrs_run_2_seed,user_attrs_run_2_total_individual_rewards,user_attrs_run_2_training_time_per_episode,user_attrs_run_2_training_time_total,user_attrs_run_3_collective_reward,user_attrs_run_3_individual_rewards,user_attrs_run_3_seed,user_attrs_run_3_total_individual_rewards,user_attrs_run_3_training_time_per_episode,user_attrs_run_3_training_time_total,user_attrs_run_4_collective_reward,user_attrs_run_4_individual_rewards,user_attrs_run_4_seed,user_attrs_run_4_total_individual_rewards,user_attrs_run_4_training_time_per_episode,user_attrs_run_4_training_time_total,user_attrs_run_5_collective_reward,user_attrs_run_5_individual_rewards,user_attrs_run_5_seed,user_attrs_run_5_total_individual_rewards,user_attrs_run_5_training_time_per_episode,user_attrs_run_5_training_time_total,user_attrs_total_individual_reward_agent0_mean,user_attrs_total_individual_reward_agent0_std,user_attrs_training_time_per_episode_mean,user_attrs_training_time_per_episode_std,user_attrs_training_time_total_mean,user_attrs_training_time_total_std,state
391,15.563333333333334,2025-06-13 16:53:36.847050,2025-06-13 16:53:39.948337,0 days 00:00:03.101287,31,0.7249044762057177,0.14780256512352696,0.94824924232748,0.08985355211650622,405,3916417.0,15.563333333333334,2.8954255108513656,0.7898333333333333,0.17803690316585744,400.0,6.0,18.32,"[0.9830000000000002, 0.8489999999999999]",3916417.0,"[9.830000000000002, 8.489999999999998]",0.004812424778938293,1.9249699115753174,15.7,"[0.718, 0.852]",3917417.0,"[7.18, 8.52]",0.005020787119865418,2.008314847946167,10.730000000000002,"[0.47300000000000003, 0.6]",3918417.0,"[4.73, 6.0]",0.004721239805221557,1.888495922088623,19.680000000000003,"[0.9870000000000001, 0.9810000000000002]",3919417.0,"[9.870000000000001, 9.810000000000002]",0.00433462917804718,1.733851671218872,14.53,"[0.8539999999999999, 0.599]",3920417.0,"[8.54, 5.99]",0.005168745517730713,2.067498207092285,14.42,"[0.724, 0.7180000000000001]",3921417.0,"[7.24, 7.180000000000001]",0.004420755505561829,1.7683022022247314,7.898333333333334,1.7803690316585743,0.004746430317560831,0.00029840014404181877,1.8985721270243328,0.11936005761672745,COMPLETE
392,15.761666666666665,2025-06-13 16:53:40.091333,2025-06-13 16:53:43.585867,0 days 00:00:03.494534,31,0.689802214094795,0.14395646553300456,0.9518211087634025,0.05959940312439907,433,3926420.0,15.761666666666665,2.4598469916281815,0.8116666666666666,0.1404275218356034,430.0,6.0,19.639999999999997,"[0.9789999999999999, 0.985]",3926420.0,"[9.79, 9.85]",0.004347158032794332,1.8692779541015625,13.18,"[0.7260000000000001, 0.5919999999999999]",3927420.0,"[7.260000000000001, 5.919999999999998]",0.005826769873153332,2.5055110454559326,13.210000000000003,"[0.6030000000000001, 0.7180000000000001]",3928420.0,"[6.030000000000001, 7.180000000000001]",0.005202801837477573,2.2372047901153564,15.789999999999997,"[0.985, 0.5940000000000001]",3929420.0,"[9.85, 5.940000000000001]",0.005544533285983773,2.3841493129730225,14.459999999999999,"[0.724, 0.722]",3930420.0,"[7.24, 7.22]",0.00521293185478033,2.241560697555542,18.29,"[0.853, 0.9760000000000002]",3931420.0,"[8.53, 9.760000000000002]",0.005383313533871673,2.3148248195648193,8.116666666666667,1.4042752183560339,0.005252918069676836,0.0004575041133408075,2.258754769961039,0.1967267687365473,COMPLETE
393,17.27,2025-06-13 16:53:43.725761,2025-06-13 16:53:47.213636,0 days 00:00:03.487875,32,0.7312577048160248,0.13839049612034496,0.9431295571505237,0.04541948748745444,417,3936423.0,17.27,2.039673176434565,0.9168333333333334,0.10120180608840715,410.0,6.0,19.599999999999998,"[0.9789999999999999, 0.9810000000000001]",3936423.0,"[9.79, 9.81]",0.0042759790653135715,1.7531514167785645,19.61,"[0.9810000000000001, 0.9800000000000001]",3937423.0,"[9.81, 9.8]",0.004679991559284489,1.9187965393066406,15.86,"[0.99, 0.596]",3938423.0,"[9.9, 5.96]",0.004929779215556819,2.021209478378296,18.419999999999998,"[0.982, 0.86]",3939423.0,"[9.82, 8.6]",0.004297266355374964,1.7618792057037354,14.349999999999998,"[0.718, 0.717]",3940423.0,"[7.18, 7.17]",0.00594084669904011,2.4357471466064453,15.779999999999998,"[0.8509999999999998, 0.727]",3941423.0,"[8.509999999999998, 7.27]",0.005666456571439418,2.323247194290161,9.168333333333333,1.0120180608840714,0.004965053244334896,0.0006386713380356571,2.035671830177307,0.26185524859461945,COMPLETE
394,15.763333333333334,2025-06-13 16:53:47.333702,2025-06-13 16:53:50.496974,0 days 00:00:03.163272,31,0.714288971016243,0.1400000443219906,0.9441999946456517,0.049836345081874026,418,3946427.0,15.763333333333334,1.8839644960089408,0.7688333333333334,0.15566461454750147,410.0,6.0,15.690000000000001,"[0.7180000000000002, 0.8510000000000002]",3946427.0,"[7.1800000000000015, 8.510000000000002]",0.004781116508856052,1.9602577686309814,13.25,"[0.7290000000000001, 0.596]",3947427.0,"[7.290000000000001, 5.96]",0.005103779420620058,2.0925495624542236,18.07,"[0.9739999999999999, 0.833]",3948427.0,"[9.739999999999998, 8.33]",0.005499348407838403,2.254732847213745,14.600000000000001,"[0.6039999999999999, 0.8560000000000001]",3949427.0,"[6.039999999999999, 8.56]",0.005695507584548578,2.335158109664917,18.39,"[0.982, 0.857]",3950427.0,"[9.82, 8.57]",0.005062468458966511,2.0756120681762695,14.58,"[0.6060000000000001, 0.852]",3951427.0,"[6.0600000000000005, 8.52]",0.005012744810523056,2.055225372314453,7.6883333333333335,1.5566461454750147,0.005192494198558776,0.0003091656576182496,2.128922621409098,0.12675791962348232,COMPLETE
395,14.896666666666663,2025-06-13 16:53:50.573591,2025-06-13 16:53:53.865865,0 days 00:00:03.292274,32,0.7111449416864062,0.13662579430714897,0.947496626373391,0.09999949503211171,422,3956430.0,14.896666666666663,1.8970122707973076,0.7669999999999999,0.16190532212788233,420.0,6.0,17.06,"[0.849, 0.857]",3956430.0,"[8.49, 8.57]",0.0044008192561921615,1.848344087600708,13.209999999999999,"[0.7299999999999999, 0.591]",3957430.0,"[7.299999999999999, 5.91]",0.0051904536428905666,2.179990530014038,17.05,"[0.986, 0.719]",3958430.0,"[9.86, 7.1899999999999995]",0.004936390263693673,2.0732839107513428,14.53,"[0.8559999999999999, 0.597]",3959430.0,"[8.559999999999999, 5.97]",0.004781091213226318,2.0080583095550537,15.599999999999998,"[0.715, 0.8450000000000001]",3960430.0,"[7.1499999999999995, 8.450000000000001]",0.005695633661179316,2.3921661376953125,11.929999999999998,"[0.46599999999999986, 0.727]",3961430.0,"[4.659999999999998, 7.27]",0.004541444778442383,1.9074068069458008,7.669999999999998,1.6190532212788233,0.004924305469270736,0.0004295459849673919,2.0682082970937095,0.18040931368630456,COMPLETE
396,16.235000000000003,2025-06-13 16:53:57.554777,2025-06-13 16:54:00.564888,0 days 00:00:03.010111,30,0.7446666378811148,0.12428873463664536,0.9448372614138273,0.0746263690954139,431,3966437.0,16.235000000000003,1.3868519507623487,0.8116666666666666,0.05714503964086082,430.0,6.0,17.02,"[0.85, 0.852]",3966437.0,"[8.5, 8.52]",0.004897806810778241,2.1060569286346436,18.27,"[0.8469999999999999, 0.9800000000000001]",3967437.0,"[8.469999999999999, 9.8]",0.004916876415873682,2.1142568588256836,14.530000000000001,"[0.734, 0.7190000000000001]",3968437.0,"[7.34, 7.190000000000001]",0.004944608377855877,2.1261816024780273,14.57,"[0.728, 0.729]",3969437.0,"[7.279999999999999, 7.29]",0.005087223718332689,2.1875061988830566,15.82,"[0.8559999999999999, 0.726]",3970437.0,"[8.559999999999999, 7.26]",0.004832160750100779,2.077829122543335,17.2,"[0.8550000000000001, 0.865]",3971437.0,"[8.55, 8.65]",0.004207637698151344,1.8092842102050781,8.116666666666665,0.5714503964086083,0.004814385628515436,0.00028205231453072403,2.070185820261637,0.12128249524821136,COMPLETE
397,16.831666666666667,2025-06-13 16:54:00.643248,2025-06-13 16:54:03.614214,0 days 00:00:02.970966,32,0.7345811981571071,0.13940156888502328,0.9439393448510869,0.06350773221868178,429,3976440.0,16.831666666666667,1.6924283999297836,0.8285,0.1130541905459502,420.0,6.0,16.99,"[0.8469999999999999, 0.852]",3976440.0,"[8.469999999999999, 8.52]",0.0046672259058271135,1.9602348804473877,15.76,"[0.7179999999999999, 0.858]",3977440.0,"[7.179999999999999, 8.58]",0.0049290208589463005,2.0701887607574463,18.36,"[0.9760000000000002, 0.8599999999999998]",3978440.0,"[9.760000000000002, 8.599999999999998]",0.004541331245785668,1.9073591232299805,15.81,"[0.724, 0.857]",3979440.0,"[7.24, 8.57]",0.004861304305848621,2.041747808456421,14.530000000000001,"[0.7299999999999999, 0.7229999999999999]",3980440.0,"[7.299999999999999, 7.229999999999999]",0.005240833759307862,2.2011501789093018,19.54,"[0.976, 0.978]",3981440.0,"[9.76, 9.78]",0.005033948875608899,2.1142585277557373,8.284999999999998,1.1305419054595018,0.0048789441585540775,0.00022971594168100652,2.0491565465927124,0.09648069550602269,COMPLETE
398,17.44666666666667,2025-06-13 16:54:03.696295,2025-06-13 16:54:07.134658,0 days 00:00:03.438363,30,0.7534070304558032,0.13951579309376244,0.9481333430423973,0.08443537829555904,409,3986443.0,17.44666666666667,1.5593339033774065,0.8506666666666666,0.07201311608928535,400.0,6.0,19.479999999999997,"[0.978, 0.97]",3986443.0,"[9.78, 9.7]",0.005659878253936768,2.263951301574707,18.27,"[0.8479999999999999, 0.9789999999999999]",3987443.0,"[8.479999999999999, 9.79]",0.005302236080169677,2.120894432067871,14.540000000000001,"[0.729, 0.7250000000000001]",3988443.0,"[7.29, 7.250000000000001]",0.005685970187187195,2.274388074874878,18.400000000000002,"[0.8539999999999999, 0.986]",3989443.0,"[8.54, 9.86]",0.0060894876718521115,2.4357950687408447,17.070000000000004,"[0.853, 0.8539999999999999]",3990443.0,"[8.53, 8.54]",0.006285099387168884,2.5140397548675537,16.92,"[0.842, 0.85]",3991443.0,"[8.42, 8.5]",0.005383623242378235,2.153449296951294,8.506666666666666,0.7201311608928533,0.0057343824704488115,0.00035286116074691724,2.293752988179525,0.14114446429876693,COMPLETE
399,16.4,2025-06-13 16:54:07.246563,2025-06-13 16:54:10.658361,0 days 00:00:03.411798,30,0.7318560581329318,0.14459407169766647,0.9504913841965935,0.08691004201642392,402,3996447.0,16.4,1.7579628361638742,0.7891666666666666,0.09880184996018825,400.0,6.0,18.32,"[0.8540000000000001, 0.9780000000000001]",3996447.0,"[8.540000000000001, 9.780000000000001]",0.004655212759971618,1.8620851039886475,15.72,"[0.7250000000000001, 0.8469999999999999]",3997447.0,"[7.250000000000001, 8.469999999999999]",0.005899048447608948,2.359619379043579,18.329999999999995,"[0.8559999999999999, 0.9770000000000001]",3998447.0,"[8.559999999999999, 9.770000000000001]",0.005649058818817138,2.2596235275268555,17.04,"[0.858, 0.8459999999999999]",3999447.0,"[8.58, 8.459999999999999]",0.006683410406112671,2.6733641624450684,15.719999999999999,"[0.8469999999999999, 0.725]",4000447.0,"[8.469999999999999, 7.25]",0.005118839144706726,2.0475356578826904,13.269999999999998,"[0.595, 0.732]",4001447.0,"[5.949999999999999, 7.32]",0.005468151569366455,2.187260627746582,7.891666666666666,0.9880184996018828,0.005578953524430593,0.000633045526435296,2.2315814097722373,0.25321821057411836,COMPLETE
400,14.94833333333333,2025-06-13 16:54:10.731714,2025-06-13 16:54:14.737305,0 days 00:00:04.005591,31,0.7506390789822264,0.1331734257331804,0.9530542778836879,0.07989869123809021,412,4006450.0,14.94833333333333,2.04720473383153,0.7238333333333333,0.10829191515939171,410.0,6.0,14.53,"[0.7240000000000001, 0.7290000000000001]",4006450.0,"[7.240000000000001, 7.290000000000001]",0.0062690670897321,2.570317506790161,17.08,"[0.8540000000000001, 0.8540000000000001]",4007450.0,"[8.540000000000001, 8.540000000000001]",0.005305598421794612,2.175295352935791,18.36,"[0.8539999999999999, 0.982]",4008450.0,"[8.54, 9.82]",0.005410246732758313,2.218201160430908,13.379999999999999,"[0.733, 0.605]",4009450.0,"[7.33, 6.05]",0.0056238616385111,2.305783271789551,13.129999999999997,"[0.585, 0.728]",4010450.0,"[5.85, 7.279999999999999]",0.00753986021367515,3.0913426876068115,13.209999999999997,"[0.593, 0.728]",4011450.0,"[5.93, 7.279999999999999]",0.006151961698764708,2.5223042964935303,7.238333333333333,1.0829191515939172,0.0060500992992059965,0.0007553235322983984,2.480540712674459,0.3096826482423433,COMPLETE
401,14.966666666666663,2025-06-13 16:54:18.319128,2025-06-13 16:54:21.665024,0 days 00:00:03.345896,30,0.7284101535906196,0.12075067049492291,0.9555767286397754,0.08862774177184368,410,4016458.0,14.966666666666663,1.9069055794372436,0.7073333333333333,0.11579531750271926,410.0,6.0,14.479999999999997,"[0.724, 0.724]",4016458.0,"[7.24, 7.24]",0.005796425517012433,2.3765344619750977,11.969999999999999,"[0.471, 0.7260000000000001]",4017458.0,"[4.71, 7.260000000000001]",0.0062039014769763486,2.5435996055603027,15.729999999999999,"[0.7260000000000001, 0.8469999999999999]",4018458.0,"[7.260000000000001, 8.469999999999999]",0.0052116283556310145,2.136767625808716,17.11,"[0.858, 0.853]",4019458.0,"[8.58, 8.53]",0.004789266935208949,1.963599443435669,17.16,"[0.734, 0.982]",4020458.0,"[7.34, 9.82]",0.0052306809076448765,2.1445791721343994,13.35,"[0.7310000000000001, 0.604]",4021458.0,"[7.3100000000000005, 6.04]",0.005625486373901367,2.3064494132995605,7.073333333333333,1.1579531750271923,0.005476231594395832,0.0004576270410135751,2.245254953702291,0.18762708681556575,COMPLETE
402,17.444999999999997,2025-06-13 16:54:21.741956,2025-06-13 16:54:24.814330,0 days 00:00:03.072374,32,0.7405282135487861,0.13910680643101297,0.9476194715560629,0.05677459985168502,421,4026461.0,17.444999999999997,2.2844237055911196,0.8716666666666667,0.15517588587005252,420.0,6.0,19.63,"[0.9809999999999999, 0.982]",4026461.0,"[9.809999999999999, 9.82]",0.004875224544888451,2.0475943088531494,19.649999999999995,"[0.983, 0.9819999999999999]",4027461.0,"[9.83, 9.819999999999999]",0.004389157181694394,1.8434460163116455,14.469999999999997,"[0.7249999999999999, 0.7219999999999999]",4028461.0,"[7.249999999999998, 7.219999999999999]",0.0048986718768165224,2.0574421882629395,14.480000000000002,"[0.593, 0.8550000000000001]",4029461.0,"[5.93, 8.55]",0.005313179038819812,2.2315351963043213,19.41,"[0.9710000000000001, 0.9700000000000001]",4030461.0,"[9.71, 9.700000000000001]",0.004549352327982584,1.9107279777526855,17.029999999999998,"[0.977, 0.7260000000000001]",4031461.0,"[9.77, 7.260000000000001]",0.0051523929550534205,2.1640050411224365,8.716666666666667,1.551758858700525,0.004862996320875865,0.00031904368829915023,2.042458454767863,0.1339983490856431,COMPLETE
403,14.868333333333332,2025-06-13 16:54:24.889839,2025-06-13 16:54:27.991136,0 days 00:00:03.101297,32,0.7448373200585324,0.14065559848010015,0.9471911604463129,0.0462236156730674,418,4036465.0,14.868333333333332,1.3840329556127708,0.745,0.13925157090675858,410.0,6.0,13.19,"[0.595, 0.724]",4036465.0,"[5.949999999999999, 7.24]",0.005323568786062846,2.1826632022857666,15.659999999999998,"[0.8480000000000001, 0.718]",4037465.0,"[8.48, 7.18]",0.005057558199254478,2.073598861694336,15.68,"[0.7179999999999997, 0.85]",4038465.0,"[7.179999999999998, 8.5]",0.005458752701922161,2.238088607788086,14.379999999999997,"[0.719, 0.719]",4039465.0,"[7.1899999999999995, 7.1899999999999995]",0.005374763070083246,2.203652858734131,17.02,"[0.991, 0.711]",4040465.0,"[9.91, 7.109999999999999]",0.004907329489545124,2.012005090713501,13.28,"[0.599, 0.7289999999999999]",4041465.0,"[5.99, 7.289999999999999]",0.005419748585398604,2.2220969200134277,7.449999999999999,1.3925157090675857,0.00525695347204441,0.00020311625715040534,2.155350923538208,0.08327766543166616,COMPLETE
404,16.653333333333332,2025-06-13 16:54:28.105897,2025-06-13 16:54:31.191992,0 days 00:00:03.086095,29,0.735888161426373,0.13919631055409412,0.9494692558381297,0.05405701275076504,399,4046468.0,16.653333333333332,0.9151441902175269,0.8950000000000001,0.060882400303097994,390.0,6.0,15.829999999999998,"[0.851, 0.732]",4046468.0,"[8.51, 7.32]",0.005053857656625601,1.9710044860839844,17.060000000000002,"[0.9770000000000001, 0.729]",4047468.0,"[9.770000000000001, 7.29]",0.005222871364691318,2.0369198322296143,17.1,"[0.8530000000000003, 0.857]",4048468.0,"[8.530000000000003, 8.57]",0.0053101032208173705,2.0709402561187744,18.270000000000003,"[0.8550000000000001, 0.9720000000000001]",4049468.0,"[8.55, 9.72]",0.005242584913204878,2.0446081161499023,15.749999999999996,"[0.849, 0.726]",4050468.0,"[8.49, 7.26]",0.005705033204494379,2.2249629497528076,15.909999999999998,"[0.9850000000000001, 0.6059999999999999]",4051468.0,"[9.850000000000001, 6.059999999999999]",0.005543985733619103,2.16215443611145,8.950000000000001,0.6088240030309802,0.005346406015575442,0.00021625342853239904,2.0850983460744223,0.0843388371276356,COMPLETE
405,15.089999999999998,2025-06-13 16:54:31.312558,2025-06-13 16:54:34.551258,0 days 00:00:03.238700,33,0.7216229610658689,0.13750235482624587,0.9474085755844969,0.045558999727061095,423,4056471.0,15.089999999999998,0.9697422337920522,0.7645,0.09332693430444758,420.0,6.0,15.69,"[0.9730000000000001, 0.5959999999999999]",4056471.0,"[9.73, 5.959999999999999]",0.005595421223413377,2.350076913833618,17.009999999999998,"[0.72, 0.9810000000000001]",4057471.0,"[7.199999999999999, 9.81]",0.005586440790267218,2.3463051319122314,14.53,"[0.728, 0.7249999999999999]",4058471.0,"[7.279999999999999, 7.249999999999998]",0.0046953087761288596,1.972029685974121,14.43,"[0.718, 0.725]",4059471.0,"[7.18, 7.25]",0.005605436506725493,2.354283332824707,14.41,"[0.72, 0.7209999999999999]",4060471.0,"[7.199999999999999, 7.209999999999999]",0.0054386507897149945,2.284233331680298,14.469999999999999,"[0.728, 0.719]",4061471.0,"[7.279999999999999, 7.1899999999999995]",0.005082330817268008,2.1345789432525635,7.6450000000000005,0.9332693430444757,0.005333931483919659,0.00033861502290784425,2.2402512232462564,0.1422183096212945,COMPLETE
406,15.573333333333336,2025-06-13 16:54:38.251006,2025-06-13 16:54:41.942457,0 days 00:00:03.691451,31,0.7399489950318013,0.12783418565174726,0.9419329151249445,0.001784958736149704,418,4066478.0,15.573333333333336,3.330854077993945,0.7675,0.18928792002308722,410.0,6.0,18.279999999999998,"[0.9789999999999999, 0.849]",4066478.0,"[9.79, 8.49]",0.004913916820433082,2.0147058963775635,19.620000000000005,"[0.9810000000000001, 0.9810000000000001]",4067478.0,"[9.81, 9.81]",0.004278890679522258,1.754345178604126,14.510000000000002,"[0.724, 0.727]",4068478.0,"[7.24, 7.27]",0.005438644130055497,2.229844093322754,17.12,"[0.851, 0.861]",4069478.0,"[8.51, 8.61]",0.0042751876319327,1.7528269290924072,9.389999999999999,"[0.47300000000000003, 0.4659999999999999]",4070478.0,"[4.73, 4.659999999999999]",0.007092371801050698,2.907872438430786,14.520000000000001,"[0.5969999999999999, 0.8550000000000001]",4071478.0,"[5.969999999999999, 8.55]",0.005326029149497428,2.1836719512939453,7.675,1.8928792002308723,0.005220840035415277,0.0009519159136815012,2.1405444145202637,0.39028552460941546,COMPLETE
407,17.481666666666666,2025-06-13 16:54:42.013828,2025-06-13 16:54:46.177813,0 days 00:00:04.163985,32,0.7535490479264718,0.13569596896203076,0.9507494074499625,0.056656694345469126,410,4076482.0,17.481666666666666,1.4076980815817313,0.8751666666666668,0.1357159001574818,410.0,6.0,18.259999999999998,"[0.9810000000000001, 0.845]",4076482.0,"[9.81, 8.45]",0.008104224321318836,3.3227319717407227,18.409999999999997,"[0.985, 0.8559999999999999]",4077482.0,"[9.85, 8.559999999999999]",0.004998180924392328,2.0492541790008545,15.7,"[0.849, 0.7209999999999999]",4078482.0,"[8.49, 7.209999999999999]",0.005484695550872058,2.248725175857544,17.040000000000003,"[0.8550000000000001, 0.8490000000000002]",4079482.0,"[8.55, 8.490000000000002]",0.004851533145439334,1.989128589630127,19.599999999999998,"[0.9800000000000001, 0.9799999999999999]",4080482.0,"[9.8, 9.799999999999999]",0.004875398263698671,1.998913288116455,15.879999999999999,"[0.6009999999999999, 0.9870000000000001]",4081482.0,"[6.009999999999999, 9.870000000000001]",0.005202674865722656,2.133096694946289,8.751666666666667,1.357159001574818,0.005586117845240647,0.001146631447099832,2.2903083165486655,0.470118893310931,COMPLETE
408,16.435,2025-06-13 16:54:46.253376,2025-06-13 16:54:49.352727,0 days 00:00:03.099351,30,0.7522189232545011,0.14486870542982344,0.9508323773689749,0.059763050299201544,385,4086486.0,16.435,1.6117562884423104,0.8765000000000001,0.11211117993610926,380.0,6.0,18.389999999999997,"[0.983, 0.8560000000000001]",4086486.0,"[9.83, 8.56]",0.005850399167914139,2.223151683807373,17.060000000000002,"[0.9840000000000002, 0.722]",4087486.0,"[9.840000000000002, 7.22]",0.0057610423941361275,2.1891961097717285,14.51,"[0.729, 0.7220000000000001]",4088486.0,"[7.29, 7.220000000000001]",0.0054048745255721245,2.0538523197174072,14.479999999999999,"[0.853, 0.5950000000000001]",4089486.0,"[8.53, 5.950000000000001]",0.005690319914566843,2.1623215675354004,18.31,"[0.976, 0.8550000000000001]",4090486.0,"[9.76, 8.55]",0.005037339737540798,1.914189100265503,15.86,"[0.7340000000000001, 0.852]",4091486.0,"[7.340000000000001, 8.52]",0.005665239534879986,2.1527910232543945,8.765,1.1211117993610926,0.005568202545768337,0.00027375242252431343,2.1159169673919678,0.10402592055923919,COMPLETE
