number,value,datetime_start,datetime_complete,duration,params_episode_length,params_epsilon_max,params_epsilon_min,params_gamma,params_learning_rate,params_num_episodes,user_attrs_base_seed,user_attrs_collective_reward_mean,user_attrs_collective_reward_std,user_attrs_individual_reward_agent0_mean,user_attrs_individual_reward_agent0_std,user_attrs_num_episodes_mean,user_attrs_num_parallel_runs,user_attrs_run_0_collective_reward,user_attrs_run_0_individual_rewards,user_attrs_run_0_seed,user_attrs_run_0_total_individual_rewards,user_attrs_run_0_training_time_per_episode,user_attrs_run_0_training_time_total,user_attrs_run_1_collective_reward,user_attrs_run_1_individual_rewards,user_attrs_run_1_seed,user_attrs_run_1_total_individual_rewards,user_attrs_run_1_training_time_per_episode,user_attrs_run_1_training_time_total,user_attrs_run_2_collective_reward,user_attrs_run_2_individual_rewards,user_attrs_run_2_seed,user_attrs_run_2_total_individual_rewards,user_attrs_run_2_training_time_per_episode,user_attrs_run_2_training_time_total,user_attrs_run_3_collective_reward,user_attrs_run_3_individual_rewards,user_attrs_run_3_seed,user_attrs_run_3_total_individual_rewards,user_attrs_run_3_training_time_per_episode,user_attrs_run_3_training_time_total,user_attrs_run_4_collective_reward,user_attrs_run_4_individual_rewards,user_attrs_run_4_seed,user_attrs_run_4_total_individual_rewards,user_attrs_run_4_training_time_per_episode,user_attrs_run_4_training_time_total,user_attrs_run_5_collective_reward,user_attrs_run_5_individual_rewards,user_attrs_run_5_seed,user_attrs_run_5_total_individual_rewards,user_attrs_run_5_training_time_per_episode,user_attrs_run_5_training_time_total,user_attrs_total_individual_reward_agent0_mean,user_attrs_total_individual_reward_agent0_std,user_attrs_training_time_per_episode_mean,user_attrs_training_time_per_episode_std,user_attrs_training_time_total_mean,user_attrs_training_time_total_std,state
52,16.006666666666668,2025-06-13 16:27:44.545434,2025-06-13 16:27:47.633494,0 days 00:00:03.088060,25,0.830398917445313,0.08266636004581966,0.9854382539036189,0.005568811472246802,477,524864.0,16.006666666666668,1.560231464309775,0.7208333333333333,0.082992804239618,470.0,6.0,15.95,"[0.614, 0.9810000000000001]",524864.0,"[6.14, 9.81]",0.004659437118692601,2.1899354457855225,16.0,"[0.7409999999999999, 0.859]",525864.0,"[7.409999999999998, 8.59]",0.004532292548646318,2.1301774978637695,17.28,"[0.744, 0.9840000000000002]",526864.0,"[7.4399999999999995, 9.840000000000002]",0.004089560407273313,1.922093391418457,13.559999999999999,"[0.739, 0.617]",527864.0,"[7.39, 6.17]",0.0048310142882326814,2.2705767154693604,18.39,"[0.861, 0.9780000000000001]",528864.0,"[8.61, 9.780000000000001]",0.004377749118399113,2.057542085647583,14.86,"[0.626, 0.86]",529864.0,"[6.26, 8.6]",0.004480708913600191,2.10593318939209,7.208333333333332,0.8299280423961798,0.00449512706580737,0.00023082066377302365,2.112709720929464,0.1084857119733212,COMPLETE
53,16.205,2025-06-13 16:27:47.709365,2025-06-13 16:27:51.166039,0 days 00:00:03.456674,30,0.8807300193149762,0.041230192547203566,0.9748221779520764,0.011085534129299284,499,534867.0,16.205,1.8854155156534245,0.8951666666666668,0.1203777618813191,490.0,6.0,19.6,"[0.9800000000000001, 0.9800000000000001]",534867.0,"[9.8, 9.8]",0.0040534038932955995,1.9861679077148438,17.06,"[0.9860000000000001, 0.72]",535867.0,"[9.860000000000001, 7.199999999999999]",0.005231324020697146,2.5633487701416016,14.58,"[0.7260000000000001, 0.732]",536867.0,"[7.260000000000001, 7.32]",0.0049052856406387015,2.403589963912964,16.990000000000002,"[0.974, 0.725]",537867.0,"[9.74, 7.25]",0.004810895238603864,2.3573386669158936,14.52,"[0.9810000000000002, 0.4709999999999999]",538867.0,"[9.810000000000002, 4.709999999999999]",0.0050061328070504325,2.453005075454712,14.48,"[0.724, 0.724]",539867.0,"[7.24, 7.24]",0.005416413229338977,2.6540424823760986,8.951666666666668,1.203777618813191,0.004903909138270787,0.00043056615424248685,2.4029154777526855,0.21097741557881852,COMPLETE
54,11.625,2025-06-13 16:27:51.236388,2025-06-13 16:27:53.205595,0 days 00:00:01.969207,27,0.976281502075935,0.0678784912296406,0.9988006115157988,0.001587996466052584,132,544871.0,11.625,1.1709647020014458,0.611,0.07139794581545514,130.0,6.0,11.06,"[0.617, 0.48900000000000005]",544871.0,"[6.17, 4.890000000000001]",0.009734067550072303,1.2654287815093994,12.209999999999999,"[0.607, 0.6140000000000001]",545871.0,"[6.07, 6.140000000000001]",0.008547152005709135,1.1111297607421875,10.98,"[0.732, 0.36599999999999994]",546871.0,"[7.32, 3.6599999999999993]",0.009853396048912635,1.2809414863586426,9.79,"[0.615, 0.364]",547871.0,"[6.15, 3.6399999999999997]",0.00894446189586933,1.1627800464630127,13.470000000000002,"[0.6100000000000001, 0.737]",548871.0,"[6.100000000000001, 7.37]",0.009053833668048565,1.1769983768463135,12.24,"[0.485, 0.7390000000000001]",549871.0,"[4.85, 7.390000000000001]",0.008968067169189454,1.165848731994629,6.11,0.7139794581545514,0.00918349638963357,0.0004613725881830478,1.193854530652364,0.05997843646379627,COMPLETE
55,14.43,2025-06-13 16:27:53.271894,2025-06-13 16:27:56.513058,0 days 00:00:03.241164,33,0.9210517685096594,0.047023774417285995,0.9871974053133787,0.026848558782948676,463,554873.0,14.43,2.119378839817618,0.7229999999999999,0.12885392246002195,460.0,6.0,14.33,"[0.72, 0.713]",554873.0,"[7.199999999999999, 7.13]",0.005127669417339823,2.3587279319763184,13.14,"[0.726, 0.5879999999999999]",555873.0,"[7.26, 5.879999999999999]",0.0052059163217959194,2.394721508026123,13.190000000000001,"[0.5919999999999999, 0.727]",556873.0,"[5.919999999999998, 7.27]",0.0055189355559971025,2.538710355758667,11.829999999999998,"[0.5970000000000001, 0.5859999999999999]",557873.0,"[5.970000000000001, 5.8599999999999985]",0.00513097566107045,2.3602488040924072,18.330000000000002,"[0.9810000000000001, 0.852]",558873.0,"[9.81, 8.52]",0.004288656815238621,1.9727821350097656,15.760000000000002,"[0.722, 0.8539999999999999]",559873.0,"[7.22, 8.54]",0.004572076382844344,2.1031551361083984,7.2299999999999995,1.2885392246002194,0.00497403835904771,0.0004143737151005,2.2880576451619468,0.19061190894622995,COMPLETE
56,15.655,2025-06-13 16:27:57.172251,2025-06-13 16:28:00.249407,0 days 00:00:03.077156,22,0.8988855445055293,0.15589121832354008,0.9942176794909929,0.04312876767410635,484,564877.0,15.655,1.2848054327406935,0.8023333333333333,0.14797597402581572,480.0,6.0,17.21,"[0.976, 0.745]",564877.0,"[9.76, 7.45]",0.0042047272125879925,2.0182690620422363,16.04,"[0.8610000000000001, 0.743]",565877.0,"[8.610000000000001, 7.43]",0.004102690517902375,1.9692914485931396,13.76,"[0.748, 0.6279999999999999]",566877.0,"[7.48, 6.279999999999999]",0.004032795131206512,1.935741662979126,14.819999999999999,"[0.8640000000000001, 0.618]",567877.0,"[8.64, 6.18]",0.004406867921352387,2.1152966022491455,17.22,"[0.8589999999999998, 0.8629999999999999]",568877.0,"[8.589999999999998, 8.629999999999999]",0.00398569405078888,1.913133144378662,14.879999999999999,"[0.506, 0.982]",569877.0,"[5.0600000000000005, 9.82]",0.004527182380358378,2.1730475425720215,8.023333333333333,1.479759740258157,0.004209992869032754,0.00019690077542300493,2.0207965771357217,0.09451237220304241,COMPLETE
57,14.081666666666669,2025-06-13 16:28:00.318096,2025-06-13 16:28:03.535061,0 days 00:00:03.216965,47,0.5013431534083655,0.06202898008171372,0.9783747230810007,0.003141573677677484,440,574880.0,14.081666666666669,1.938301805418571,0.7153333333333333,0.15493188467481092,440.0,6.0,10.95,"[0.4009999999999999, 0.6940000000000001]",574880.0,"[4.009999999999999, 6.94]",0.005598990483717485,2.4635558128356934,15.159999999999998,"[0.8310000000000001, 0.6849999999999999]",575880.0,"[8.31, 6.85]",0.004383199323307384,1.928607702255249,15.340000000000002,"[0.8440000000000001, 0.69]",576880.0,"[8.440000000000001, 6.8999999999999995]",0.004585235227238048,2.017503499984741,16.740000000000002,"[0.8340000000000002, 0.8400000000000001]",577880.0,"[8.340000000000002, 8.4]",0.004804109985178167,2.1138083934783936,12.38,"[0.688, 0.55]",578880.0,"[6.879999999999999, 5.5]",0.005202184482054277,2.288961172103882,13.92,"[0.694, 0.698]",579880.0,"[6.9399999999999995, 6.9799999999999995]",0.003872944550080733,1.7040956020355225,7.153333333333333,1.5493188467481094,0.004741110675262682,0.0005565707271890308,2.08608869711558,0.24489111996317353,COMPLETE
58,12.769999999999998,2025-06-13 16:28:03.608511,2025-06-13 16:28:07.001170,0 days 00:00:03.392659,36,0.8099260915165523,0.0519620945822207,0.9320966589237912,0.0009078538354447853,457,584883.0,12.769999999999998,3.4122231267410785,0.6073333333333333,0.2611019383731616,450.0,6.0,14.36,"[0.8550000000000001, 0.5809999999999998]",584883.0,"[8.55, 5.809999999999999]",0.0045606279373168945,2.0522825717926025,7.68,"[0.1859999999999999, 0.5820000000000001]",585883.0,"[1.859999999999999, 5.82]",0.005669360690646701,2.5512123107910156,8.93,"[0.31699999999999995, 0.5759999999999998]",586883.0,"[3.1699999999999995, 5.759999999999998]",0.0053689405653211805,2.4160232543945312,12.959999999999997,"[0.716, 0.58]",587883.0,"[7.16, 5.8]",0.0058001380496554905,2.6100621223449707,15.61,"[0.711, 0.85]",588883.0,"[7.109999999999999, 8.5]",0.004700129826863607,2.115058422088623,17.08,"[0.859, 0.849]",589883.0,"[8.59, 8.49]",0.003984640969170465,1.793088436126709,6.073333333333333,2.6110193837316156,0.005013973006495723,0.0006502735572634293,2.256287852923075,0.2926231007685432,COMPLETE
59,14.533333333333333,2025-06-13 16:28:07.072473,2025-06-13 16:28:09.985556,0 days 00:00:02.913083,25,0.8644969336255598,0.032074767681657464,0.9727230000846262,0.056902102675282146,392,594887.0,14.533333333333333,1.6291579283653128,0.7978333333333333,0.1193669645346744,390.0,6.0,17.14,"[0.861, 0.853]",594887.0,"[8.61, 8.53]",0.004654985819107447,1.8154444694519043,15.950000000000001,"[0.7370000000000001, 0.858]",595887.0,"[7.370000000000001, 8.58]",0.004395327201256385,1.7141776084899902,13.55,"[0.7349999999999999, 0.62]",596887.0,"[7.349999999999999, 6.2]",0.005024633652124649,1.9596071243286133,12.29,"[0.8540000000000001, 0.37499999999999994]",597887.0,"[8.540000000000001, 3.7499999999999996]",0.005474410912929437,2.1350202560424805,14.77,"[0.9879999999999999, 0.4889999999999999]",598887.0,"[9.879999999999999, 4.889999999999999]",0.005170777516487317,2.0166032314300537,13.499999999999998,"[0.612, 0.7379999999999999]",599887.0,"[6.12, 7.379999999999999]",0.005106717500931178,1.9916198253631592,7.978333333333333,1.1936696453467441,0.004971142100472736,0.00035258413289897993,1.938745419184367,0.13750781183060218,COMPLETE
60,15.306666666666665,2025-06-13 16:28:10.055805,2025-06-13 16:28:13.358771,0 days 00:00:03.302966,40,0.9511352819753118,0.07245736566851241,0.9909526617400112,0.021396326806296634,416,604890.0,15.306666666666665,1.4329766998183269,0.7543333333333333,0.10188173972252777,410.0,6.0,16.95,"[0.842, 0.8530000000000001]",604890.0,"[8.42, 8.530000000000001]",0.0049427724466091245,2.026536703109741,15.559999999999999,"[0.7149999999999999, 0.841]",605890.0,"[7.149999999999999, 8.41]",0.005269163992346787,2.1603572368621826,14.249999999999998,"[0.571, 0.8539999999999999]",606890.0,"[5.709999999999999, 8.54]",0.005336014817400677,2.1877660751342773,16.82,"[0.844, 0.8379999999999999]",607890.0,"[8.44, 8.379999999999999]",0.0056242326410805305,2.3059353828430176,12.829999999999998,"[0.849, 0.434]",608890.0,"[8.49, 4.34]",0.005905314189631764,2.4211788177490234,15.429999999999998,"[0.7049999999999998, 0.8379999999999999]",609890.0,"[7.049999999999999, 8.379999999999999]",0.005454527459493498,2.236356258392334,7.543333333333333,1.0188173972252779,0.005422004257760397,0.0002988756785357311,2.2230217456817627,0.12253902819964975,COMPLETE
61,17.08,2025-06-13 16:28:14.093808,2025-06-13 16:28:16.821472,0 days 00:00:02.727664,41,0.9811068037169778,0.04205323936875287,0.967397041500503,0.06458496724745126,308,614894.0,17.08,3.010586875234351,0.8664999999999999,0.1657857553189257,300.0,6.0,19.5,"[0.9730000000000001, 0.977]",614894.0,"[9.73, 9.77]",0.005521105130513509,1.6563315391540527,16.830000000000002,"[0.978, 0.705]",615894.0,"[9.78, 7.05]",0.005969351927439372,1.7908055782318115,11.379999999999999,"[0.5719999999999998, 0.5660000000000001]",616894.0,"[5.719999999999999, 5.66]",0.0064619835217793785,1.9385950565338135,19.619999999999997,"[0.9860000000000001, 0.9760000000000002]",617894.0,"[9.860000000000001, 9.760000000000002]",0.0062860600153605145,1.8858180046081543,19.7,"[0.9850000000000001, 0.9849999999999998]",618894.0,"[9.850000000000001, 9.849999999999998]",0.005317448774973551,1.5952346324920654,15.45,"[0.7049999999999998, 0.8400000000000001]",619894.0,"[7.049999999999999, 8.4]",0.005628613630930582,1.6885840892791748,8.665,1.6578575531892568,0.005864093833499485,0.00041201128635721794,1.7592281500498455,0.12360338590716534,COMPLETE
62,13.113333333333332,2025-06-13 16:28:16.889066,2025-06-13 16:28:19.763896,0 days 00:00:02.874830,42,0.9944255902908524,0.04079445183831004,0.9671655871299228,0.09117532907340953,298,624897.0,13.113333333333332,3.1309458989612433,0.5895,0.28361167700455026,290.0,6.0,16.73,"[0.8409999999999999, 0.8319999999999999]",624897.0,"[8.409999999999998, 8.319999999999999]",0.006786460712038238,1.9680736064910889,12.620000000000001,"[0.563, 0.699]",625897.0,"[5.629999999999999, 6.989999999999999]",0.006631632508902714,1.923173427581787,8.589999999999998,"[0.2879999999999999, 0.571]",626897.0,"[2.879999999999999, 5.709999999999999]",0.007371400964671168,2.1377062797546387,13.969999999999999,"[0.842, 0.5549999999999999]",627897.0,"[8.42, 5.549999999999999]",0.007227928885098161,2.096099376678467,9.909999999999998,"[0.14899999999999994, 0.842]",628897.0,"[1.4899999999999993, 8.42]",0.006374124822945431,1.8484961986541748,16.86,"[0.8539999999999999, 0.8320000000000001]",629897.0,"[8.54, 8.32]",0.006642439447600266,1.9263074398040771,5.894999999999999,2.8361167700455026,0.006838997890209329,0.0003500531147708157,1.9833093881607056,0.10151540328353657,COMPLETE
63,13.708333333333334,2025-06-13 16:28:19.832355,2025-06-13 16:28:23.450021,0 days 00:00:03.617666,45,0.964551323192307,0.019787204490127934,0.9602454486999455,0.03914723849788696,470,634900.0,13.708333333333334,3.4459464914914477,0.7215000000000001,0.1928857606633177,470.0,6.0,18.169999999999998,"[0.976, 0.8409999999999999]",634900.0,"[9.76, 8.409999999999998]",0.004762016458714262,2.238147735595703,14.08,"[0.8450000000000001, 0.563]",635900.0,"[8.450000000000001, 5.629999999999999]",0.005032837137262872,2.36543345451355,11.1,"[0.696, 0.41399999999999987]",636900.0,"[6.959999999999999, 4.139999999999999]",0.005646780703930145,2.653986930847168,10.919999999999998,"[0.4069999999999999, 0.6849999999999998]",637900.0,"[4.069999999999999, 6.849999999999998]",0.005885746631216496,2.766300916671753,18.259999999999998,"[0.849, 0.9770000000000001]",638900.0,"[8.49, 9.770000000000001]",0.004874828521241533,2.2911694049835205,9.719999999999999,"[0.5559999999999999, 0.4159999999999999]",639900.0,"[5.56, 4.159999999999999]",0.005821020045179002,2.735879421234131,7.215000000000001,1.928857606633177,0.005337204916257385,0.0004597255880025383,2.5084863106409707,0.216071026361193,COMPLETE
64,16.19333333333333,2025-06-13 16:28:23.557126,2025-06-13 16:28:26.629330,0 days 00:00:03.072204,31,0.9359508183986275,0.05168909476340771,0.9559812634471222,0.06957772732186417,345,644903.0,16.19333333333333,1.6252555354637481,0.8068333333333332,0.12175852696583053,340.0,6.0,16.999999999999996,"[0.8489999999999999, 0.8510000000000002]",644903.0,"[8.489999999999998, 8.510000000000002]",0.005879268225501565,1.9989511966705322,15.86,"[0.8540000000000001, 0.7319999999999999]",645903.0,"[8.540000000000001, 7.3199999999999985]",0.005536960153018727,1.8825664520263672,15.769999999999998,"[0.722, 0.8550000000000001]",646903.0,"[7.22, 8.55]",0.005000516947577981,1.7001757621765137,13.1,"[0.5900000000000001, 0.72]",647903.0,"[5.9, 7.199999999999999]",0.0055491798064287974,1.886721134185791,18.31,"[0.977, 0.8540000000000001]",648903.0,"[9.77, 8.540000000000001]",0.005401933193206787,1.8366572856903076,17.12,"[0.849, 0.8629999999999999]",649903.0,"[8.49, 8.629999999999999]",0.005341229018043069,1.8160178661346436,8.068333333333333,1.2175852696583054,0.005451514557296155,0.00026389161512021153,1.8535149494806926,0.08972314914087191,COMPLETE
65,14.435000000000002,2025-06-13 16:28:26.760280,2025-06-13 16:28:30.832353,0 days 00:00:04.072073,38,0.9166234843515929,0.07835017913528605,0.9817141994148068,0.054461163664242786,485,654906.0,14.435000000000002,2.536577418491302,0.7541666666666668,0.1477829677451213,480.0,6.0,18.24,"[0.8460000000000001, 0.978]",654906.0,"[8.46, 9.78]",0.004717005292574564,2.264162540435791,11.51,"[0.44299999999999995, 0.708]",655906.0,"[4.43, 7.08]",0.005632078647613526,2.703397750854492,14.07,"[0.833, 0.574]",656906.0,"[8.33, 5.739999999999999]",0.006354830165704092,3.050318479537964,11.52,"[0.708, 0.44399999999999995]",657906.0,"[7.08, 4.4399999999999995]",0.005425156652927398,2.6040751934051514,14.21,"[0.8450000000000001, 0.576]",658906.0,"[8.450000000000001, 5.76]",0.0053435588876406355,2.564908266067505,17.06,"[0.85, 0.8560000000000001]",659906.0,"[8.5, 8.56]",0.005067166686058044,2.4322400093078613,7.541666666666667,1.4778296774512132,0.005423299388753043,0.0005071788337642267,2.603183706601461,0.24344584020682875,COMPLETE
66,13.79,2025-06-13 16:28:31.594997,2025-06-13 16:28:34.255259,0 days 00:00:02.660262,49,0.9848721685963493,0.09460010127086427,0.9774148550157509,0.009355392982086451,165,664911.0,13.79,2.8129047856856677,0.6911666666666666,0.14820865546774104,160.0,6.0,13.690000000000001,"[0.69, 0.6789999999999999]",664911.0,"[6.8999999999999995, 6.789999999999999]",0.008898022770881652,1.4236836433410645,15.11,"[0.6849999999999998, 0.826]",665911.0,"[6.849999999999998, 8.26]",0.008270268142223359,1.3232429027557373,13.899999999999999,"[0.689, 0.701]",666911.0,"[6.89, 7.01]",0.009413394331932067,1.5061430931091309,16.799999999999997,"[0.843, 0.837]",667911.0,"[8.43, 8.37]",0.008730341494083405,1.3968546390533447,15.309999999999999,"[0.842, 0.689]",668911.0,"[8.42, 6.89]",0.009009118378162383,1.4414589405059814,7.929999999999998,"[0.39799999999999985, 0.39499999999999985]",669911.0,"[3.9799999999999986, 3.9499999999999984]",0.011124594509601593,1.7799351215362549,6.911666666666665,1.4820865546774105,0.009240956604480743,0.0009084916975030413,1.478553056716919,0.1453586716004866,COMPLETE
67,14.379999999999997,2025-06-13 16:28:34.330597,2025-06-13 16:28:36.866425,0 days 00:00:02.535828,35,0.5279234757903304,0.058420998966178445,0.9630776828229742,0.03075718982998909,269,674914.0,14.379999999999997,1.7066536457836619,0.7178333333333334,0.10746381820046336,260.0,6.0,11.8,"[0.5889999999999999, 0.591]",674914.0,"[5.889999999999999, 5.91]",0.006116336125593919,1.590247392654419,13.09,"[0.721, 0.5880000000000001]",675914.0,"[7.21, 5.880000000000001]",0.006168864323542668,1.6039047241210938,14.420000000000002,"[0.586, 0.8560000000000001]",676914.0,"[5.859999999999999, 8.56]",0.006290002969595102,1.6354007720947266,15.629999999999999,"[0.8460000000000001, 0.7170000000000001]",677914.0,"[8.46, 7.170000000000001]",0.005646717548370361,1.468146562576294,17.13,"[0.8550000000000001, 0.8580000000000002]",678914.0,"[8.55, 8.580000000000002]",0.005182227721581092,1.347379207611084,14.209999999999999,"[0.71, 0.7110000000000001]",679914.0,"[7.1, 7.110000000000001]",0.005791362432333139,1.5057542324066162,7.178333333333334,1.0746381820046333,0.00586591852016938,0.0003775741740546122,1.5251388152440388,0.09816928525419916,COMPLETE
68,15.869999999999997,2025-06-13 16:28:36.932964,2025-06-13 16:28:39.614042,0 days 00:00:02.681078,41,0.9996151656422639,0.03457515462577678,0.994570006939408,0.08654505665861593,248,684917.0,15.869999999999997,1.5327208921826998,0.8154999999999998,0.12263190177654977,240.0,6.0,16.73,"[0.834, 0.8390000000000001]",684917.0,"[8.34, 8.39]",0.007048111160596212,1.6915466785430908,16.959999999999997,"[0.8479999999999999, 0.8480000000000001]",685917.0,"[8.479999999999999, 8.48]",0.00625714361667633,1.5017144680023193,15.37,"[0.833, 0.704]",686917.0,"[8.33, 7.039999999999999]",0.007754900058110555,1.8611760139465332,16.93,"[0.9800000000000001, 0.713]",687917.0,"[9.8, 7.13]",0.006852797667185466,1.6446714401245117,16.569999999999997,"[0.8300000000000001, 0.827]",688917.0,"[8.3, 8.27]",0.007692450284957885,1.8461880683898926,12.66,"[0.5679999999999998, 0.6979999999999997]",689917.0,"[5.679999999999998, 6.979999999999997]",0.0074892789125442505,1.7974269390106201,8.155,1.226319017765498,0.007182446950011783,0.0005267594056314397,1.7237872680028279,0.12642225735154555,COMPLETE
69,14.405000000000001,2025-06-13 16:28:39.694632,2025-06-13 16:28:42.485923,0 days 00:00:02.791291,28,0.9534081809159025,0.11263051978229835,0.9715318463684739,0.014697972008108759,314,694919.0,14.405000000000001,3.954342549653482,0.75,0.22035426022657248,310.0,6.0,13.47,"[0.9850000000000001, 0.362]",694919.0,"[9.850000000000001, 3.62]",0.005702244081804829,1.767695665359497,10.84,"[0.601, 0.48299999999999993]",695919.0,"[6.01, 4.829999999999999]",0.006362841975304389,1.9724810123443604,15.75,"[0.728, 0.8469999999999999]",696919.0,"[7.279999999999999, 8.469999999999999]",0.006055149724406581,1.87709641456604,19.54,"[0.9730000000000002, 0.9809999999999999]",697919.0,"[9.730000000000002, 9.809999999999999]",0.005154829640542307,1.5979971885681152,8.409999999999998,"[0.359, 0.48199999999999993]",698919.0,"[3.59, 4.819999999999999]",0.006133836315524194,1.9014892578125,18.419999999999998,"[0.8539999999999999, 0.9880000000000001]",699919.0,"[8.54, 9.88]",0.005078777190177671,1.5744209289550781,7.500000000000001,2.203542602265725,0.005747946487959995,0.0004870053219371838,1.7818634112675984,0.1509716498005269,COMPLETE
