number,value,datetime_start,datetime_complete,duration,params_episode_length,params_epsilon_max,params_epsilon_min,params_gamma,params_learning_rate,params_num_episodes,user_attrs_base_seed,user_attrs_collective_reward_mean,user_attrs_collective_reward_std,user_attrs_individual_reward_agent0_mean,user_attrs_individual_reward_agent0_std,user_attrs_num_episodes_mean,user_attrs_num_parallel_runs,user_attrs_run_0_collective_reward,user_attrs_run_0_individual_rewards,user_attrs_run_0_seed,user_attrs_run_0_total_individual_rewards,user_attrs_run_0_training_time_per_episode,user_attrs_run_0_training_time_total,user_attrs_run_1_collective_reward,user_attrs_run_1_individual_rewards,user_attrs_run_1_seed,user_attrs_run_1_total_individual_rewards,user_attrs_run_1_training_time_per_episode,user_attrs_run_1_training_time_total,user_attrs_run_2_collective_reward,user_attrs_run_2_individual_rewards,user_attrs_run_2_seed,user_attrs_run_2_total_individual_rewards,user_attrs_run_2_training_time_per_episode,user_attrs_run_2_training_time_total,user_attrs_run_3_collective_reward,user_attrs_run_3_individual_rewards,user_attrs_run_3_seed,user_attrs_run_3_total_individual_rewards,user_attrs_run_3_training_time_per_episode,user_attrs_run_3_training_time_total,user_attrs_run_4_collective_reward,user_attrs_run_4_individual_rewards,user_attrs_run_4_seed,user_attrs_run_4_total_individual_rewards,user_attrs_run_4_training_time_per_episode,user_attrs_run_4_training_time_total,user_attrs_run_5_collective_reward,user_attrs_run_5_individual_rewards,user_attrs_run_5_seed,user_attrs_run_5_total_individual_rewards,user_attrs_run_5_training_time_per_episode,user_attrs_run_5_training_time_total,user_attrs_total_individual_reward_agent0_mean,user_attrs_total_individual_reward_agent0_std,user_attrs_training_time_per_episode_mean,user_attrs_training_time_per_episode_std,user_attrs_training_time_total_mean,user_attrs_training_time_total_std,state
140,16.733333333333334,2025-06-13 16:34:39.522147,2025-06-13 16:34:42.786347,0 days 00:00:03.264200,26,0.9609835331899625,0.05169460293996572,0.9974457917328591,0.0039011852994318484,493,1405279.0,16.733333333333334,1.6858792628444328,0.7961666666666666,0.1164737691022699,490.0,6.0,19.67,"[0.982, 0.985]",1405279.0,"[9.82, 9.85]",0.003990842371570821,1.9555127620697021,15.98,"[0.612, 0.986]",1406279.0,"[6.12, 9.86]",0.004342681047867756,2.1279137134552,18.219999999999995,"[0.85, 0.9720000000000001]",1407279.0,"[8.5, 9.72]",0.004473144667489188,2.191840887069702,15.96,"[0.744, 0.852]",1408279.0,"[7.4399999999999995, 8.52]",0.00454778038725561,2.228412389755249,15.940000000000001,"[0.734, 0.86]",1409279.0,"[7.34, 8.6]",0.004691355082453514,2.2987639904022217,14.629999999999999,"[0.8549999999999999, 0.608]",1410279.0,"[8.549999999999999, 6.08]",0.005085464399688098,2.491877555847168,7.961666666666666,1.1647376910226994,0.0045218779927208306,0.0003325428215704347,2.215720216433207,0.16294598256951295,COMPLETE
141,13.926666666666664,2025-06-13 16:34:44.003455,2025-06-13 16:34:47.264827,0 days 00:00:03.261372,26,0.9348861720672492,0.05195068418676173,0.9988520962988157,0.0029675010473730677,490,1415284.0,13.926666666666664,3.3538568179866513,0.697,0.2515339605964438,490.0,6.0,11.010000000000002,"[0.7370000000000001, 0.364]",1415284.0,"[7.370000000000001, 3.6399999999999997]",0.005062813661536392,2.480778694152832,11.15,"[0.371, 0.744]",1416284.0,"[3.71, 7.4399999999999995]",0.004713067716481735,2.30940318107605,17.23,"[0.982, 0.741]",1417284.0,"[9.82, 7.41]",0.004385947208015286,2.1491141319274902,9.87,"[0.372, 0.615]",1418284.0,"[3.7199999999999998, 6.15]",0.0047403393959512515,2.3227663040161133,15.9,"[0.7340000000000001, 0.8559999999999999]",1419284.0,"[7.340000000000001, 8.559999999999999]",0.004636948935839594,2.2721049785614014,18.399999999999995,"[0.986, 0.8539999999999999]",1420284.0,"[9.86, 8.54]",0.004118707715248575,2.0181667804718018,6.97,2.5153396059644377,0.004609637438845473,0.0002957884219853366,2.2587223450342813,0.1449363267728149,COMPLETE
142,15.556666666666667,2025-06-13 16:34:47.333914,2025-06-13 16:34:50.479770,0 days 00:00:03.145856,26,0.9565731845297686,0.06241051189516486,0.9969905471081637,0.0037975311261168447,499,1425287.0,15.556666666666667,2.3841886577105336,0.7575,0.1296196358581523,490.0,6.0,14.780000000000001,"[0.8630000000000001, 0.615]",1425287.0,"[8.63, 6.15]",0.0043958625014947385,2.153972625732422,13.509999999999998,"[0.615, 0.736]",1426287.0,"[6.15, 7.359999999999999]",0.004577147230810048,2.242802143096924,19.54,"[0.977, 0.9770000000000001]",1427287.0,"[9.77, 9.770000000000001]",0.004210654083563357,2.063220500946045,12.280000000000001,"[0.615, 0.613]",1428287.0,"[6.15, 6.13]",0.004391943678563955,2.152052402496338,16.13,"[0.744, 0.869]",1429287.0,"[7.4399999999999995, 8.69]",0.0037155097844649336,1.8205997943878174,17.1,"[0.731, 0.9790000000000001]",1430287.0,"[7.31, 9.790000000000001]",0.004220807309053382,2.0681955814361572,7.575,1.296196358581523,0.004251987431325069,0.00026972380731694396,2.0834738413492837,0.1321646655853026,COMPLETE
143,14.321666666666667,2025-06-13 16:34:50.545740,2025-06-13 16:34:53.854096,0 days 00:00:03.308356,27,0.9626887207057194,0.05687546533228635,0.9909354876982731,0.0024464705805949906,491,1435290.0,14.321666666666667,2.211073771320673,0.6753333333333335,0.11959607946008192,490.0,6.0,14.740000000000002,"[0.612, 0.8619999999999999]",1435290.0,"[6.12, 8.62]",0.0046785948227862926,2.292511463165283,11.029999999999998,"[0.613, 0.48999999999999994]",1436290.0,"[6.13, 4.8999999999999995]",0.004720121500443439,2.312859535217285,13.520000000000001,"[0.7400000000000001, 0.6120000000000001]",1437290.0,"[7.400000000000001, 6.120000000000001]",0.004682020751797423,2.2941901683807373,13.510000000000002,"[0.488, 0.8630000000000001]",1438290.0,"[4.88, 8.63]",0.004795869029298121,2.349975824356079,14.7,"[0.737, 0.7329999999999999]",1439290.0,"[7.37, 7.329999999999998]",0.00461465631212507,2.261181592941284,18.43,"[0.8620000000000001, 0.9810000000000002]",1440290.0,"[8.620000000000001, 9.810000000000002]",0.003967765885956433,1.9442052841186523,6.753333333333334,1.1959607946008193,0.004576504717067796,0.00027758512626050716,2.24248731136322,0.13601671186764844,COMPLETE
144,15.136666666666665,2025-06-13 16:34:53.943940,2025-06-13 16:34:57.271514,0 days 00:00:03.327574,25,0.9437150129649167,0.047258036865296706,0.9945907044836877,0.004467940054713329,483,1445294.0,15.136666666666665,2.4497868387995623,0.7571666666666667,0.16312614409986187,480.0,6.0,16.009999999999998,"[0.86, 0.7409999999999999]",1445294.0,"[8.6, 7.409999999999998]",0.00469860831896464,2.2553319931030273,19.47,"[0.9750000000000002, 0.9719999999999999]",1446294.0,"[9.750000000000002, 9.719999999999999]",0.004263626039028167,2.0465404987335205,15.959999999999997,"[0.7409999999999999, 0.8549999999999999]",1447294.0,"[7.409999999999998, 8.549999999999999]",0.004616120457649231,2.215737819671631,14.690000000000001,"[0.859, 0.6099999999999999]",1448294.0,"[8.59, 6.099999999999999]",0.00476309061050415,2.286283493041992,12.299999999999999,"[0.48900000000000005, 0.741]",1449294.0,"[4.890000000000001, 7.41]",0.005122161904970805,2.4586377143859863,12.39,"[0.619, 0.6200000000000001]",1450294.0,"[6.1899999999999995, 6.200000000000001]",0.004999981820583343,2.399991273880005,7.571666666666665,1.6312614409986188,0.0047439315252833895,0.0002763060701938574,2.277087132136027,0.1326269136930515,COMPLETE
145,16.588333333333335,2025-06-13 16:34:57.369640,2025-06-13 16:35:00.876460,0 days 00:00:03.506820,25,0.9913378542237309,0.05033270227802507,0.9968623270294209,0.003993270764882829,492,1455297.0,16.588333333333335,1.9269787809475813,0.8383333333333334,0.16204800386168153,490.0,6.0,18.410000000000004,"[0.9770000000000001, 0.8640000000000001]",1455297.0,"[9.770000000000001, 8.64]",0.004420297486441476,2.1659457683563232,17.25,"[0.8619999999999999, 0.8630000000000001]",1456297.0,"[8.62, 8.63]",0.004708176243061922,2.307006359100342,12.399999999999999,"[0.49499999999999994, 0.7449999999999999]",1457297.0,"[4.949999999999999, 7.449999999999999]",0.005186010380180514,2.541145086288452,17.07,"[0.9759999999999998, 0.731]",1458297.0,"[9.759999999999998, 7.31]",0.005021103060975367,2.4603404998779297,17.220000000000002,"[0.86, 0.8619999999999999]",1459297.0,"[8.6, 8.62]",0.004312680205520319,2.113213300704956,17.18,"[0.86, 0.8580000000000002]",1460297.0,"[8.6, 8.580000000000002]",0.004754282990280463,2.3295986652374268,8.383333333333333,1.6204800386168157,0.00473375839441001,0.0003065232735925183,2.319541613260905,0.15019640406033397,COMPLETE
146,14.866666666666665,2025-06-13 16:35:02.341137,2025-06-13 16:35:05.698456,0 days 00:00:03.357319,22,0.9703831173605719,0.05513965688579653,0.9946992646276198,0.0032653409179420985,499,1465302.0,14.866666666666665,3.115336614592751,0.7214999999999999,0.1420595532397123,490.0,6.0,17.15,"[0.86, 0.8550000000000001]",1465302.0,"[8.6, 8.55]",0.004278560074008241,2.096494436264038,15.0,"[0.632, 0.868]",1466302.0,"[6.32, 8.68]",0.004058827186117367,1.9888253211975098,17.169999999999998,"[0.8529999999999998, 0.8639999999999999]",1467302.0,"[8.529999999999998, 8.639999999999999]",0.004471503958410146,2.1910369396209717,10.08,"[0.616, 0.392]",1468302.0,"[6.16, 3.92]",0.004796478213096152,2.3502743244171143,18.42,"[0.8610000000000001, 0.9810000000000002]",1469302.0,"[8.610000000000001, 9.810000000000002]",0.004329088269447794,2.121253252029419,11.379999999999999,"[0.507, 0.631]",1470302.0,"[5.07, 6.3100000000000005]",0.004346372156727071,2.1297223567962646,7.215,1.420595532397123,0.004380138309634462,0.00022323075979976053,2.1462677717208862,0.1093830723018827,COMPLETE
147,14.075000000000001,2025-06-13 16:35:05.834494,2025-06-13 16:35:08.989700,0 days 00:00:03.155206,27,0.6272352655284287,0.1716083302894248,0.9680912650916093,0.002996703125582266,469,1475306.0,14.075000000000001,3.019419094240922,0.757,0.19578644828826466,460.0,6.0,14.689999999999998,"[0.7360000000000001, 0.733]",1475306.0,"[7.360000000000001, 7.33]",0.004049446790114693,1.8627455234527588,13.48,"[0.861, 0.487]",1476306.0,"[8.61, 4.87]",0.004623216649760371,2.1266796588897705,8.49,"[0.36299999999999993, 0.48600000000000004]",1477306.0,"[3.6299999999999994, 4.86]",0.005148622782334037,2.3683664798736572,13.459999999999999,"[0.737, 0.609]",1478306.0,"[7.37, 6.09]",0.004730115766110627,2.1758532524108887,15.88,"[0.858, 0.7299999999999999]",1479306.0,"[8.58, 7.299999999999999]",0.004266412880109704,1.9625499248504639,18.450000000000003,"[0.9869999999999999, 0.858]",1480306.0,"[9.87, 8.58]",0.0037327051162719727,1.7170443534851074,7.57,1.9578644828826466,0.004425086664116901,0.0004657391349791208,2.0355398654937744,0.21424000209039562,COMPLETE
148,14.811666666666667,2025-06-13 16:35:09.061471,2025-06-13 16:35:12.286240,0 days 00:00:03.224769,23,0.9829257849860794,0.06415067153504508,0.998677001329159,0.0022483448251727715,479,1485309.0,14.811666666666667,0.9732148900536932,0.7399999999999999,0.06612110101926612,470.0,6.0,15.93,"[0.8539999999999999, 0.739]",1485309.0,"[8.54, 7.39]",0.004695072579891124,2.206684112548828,14.750000000000002,"[0.7390000000000001, 0.7360000000000001]",1486309.0,"[7.390000000000001, 7.360000000000001]",0.0044424183825229075,2.0879366397857666,13.63,"[0.743, 0.6199999999999999]",1487309.0,"[7.43, 6.199999999999999]",0.004593605690814079,2.158994674682617,16.07,"[0.7399999999999999, 0.867]",1488309.0,"[7.399999999999999, 8.67]",0.00454457922184721,2.1359522342681885,13.61,"[0.739, 0.622]",1489309.0,"[7.39, 6.22]",0.004715236704400245,2.2161612510681152,14.88,"[0.625, 0.8630000000000002]",1490309.0,"[6.25, 8.630000000000003]",0.004478709748450746,2.1049935817718506,7.3999999999999995,0.6612110101926613,0.004578270387987719,0.00010176842862397764,2.1517870823542276,0.047831161453269495,COMPLETE
149,15.918333333333331,2025-06-13 16:35:12.395955,2025-06-13 16:35:15.877446,0 days 00:00:03.481491,29,0.952657556098271,0.0432298705522237,0.9896049793048692,0.003667197080412944,488,1495312.0,15.918333333333331,1.4699026800740544,0.8365,0.08558572700320231,480.0,6.0,14.54,"[0.8559999999999999, 0.598]",1495312.0,"[8.559999999999999, 5.9799999999999995]",0.005012260377407074,2.4058849811553955,17.22,"[0.9870000000000001, 0.7350000000000001]",1496312.0,"[9.870000000000001, 7.350000000000001]",0.004857309659322103,2.3315086364746094,14.61,"[0.8540000000000001, 0.607]",1497312.0,"[8.540000000000001, 6.07]",0.0054483224948247274,2.615194797515869,14.7,"[0.735, 0.735]",1498312.0,"[7.35, 7.35]",0.0052866294980049135,2.5375821590423584,16.04,"[0.736, 0.868]",1499312.0,"[7.359999999999999, 8.68]",0.004301311572392782,2.064629554748535,18.4,"[0.851, 0.9890000000000001]",1500312.0,"[8.51, 9.89]",0.004606312016646067,2.2110297679901123,8.365,0.855857270032023,0.004918690936432944,0.0003888335425495892,2.3609716494878135,0.18664010042380283,COMPLETE
150,17.978333333333335,2025-06-13 16:35:15.945108,2025-06-13 16:35:18.931811,0 days 00:00:02.986703,26,0.9621270706494086,0.11012035875168502,0.9960155281502657,0.002547056542310599,481,1505316.0,17.978333333333335,1.1926639183869951,0.8993333333333333,0.057592437775187945,480.0,6.0,18.41,"[0.8629999999999999, 0.9780000000000001]",1505316.0,"[8.629999999999999, 9.780000000000001]",0.004223519563674926,2.027289390563965,15.950000000000001,"[0.857, 0.738]",1506316.0,"[8.57, 7.38]",0.00467974841594696,2.246279239654541,17.0,"[0.85, 0.85]",1507316.0,"[8.5, 8.5]",0.004613277812798818,2.2143733501434326,18.419999999999998,"[0.9800000000000001, 0.8620000000000001]",1508316.0,"[9.8, 8.620000000000001]",0.004181174437204996,2.0069637298583984,18.41,"[0.865, 0.9759999999999998]",1509316.0,"[8.65, 9.759999999999998]",0.004217767218748728,2.0245282649993896,19.68,"[0.9810000000000001, 0.9869999999999999]",1510316.0,"[9.81, 9.87]",0.0039298713207244875,1.886338233947754,8.993333333333334,0.5759243777518791,0.0043075597948498195,0.0002600433250651982,2.0676287015279136,0.12482079603129519,COMPLETE
151,15.730000000000002,2025-06-13 16:35:20.165619,2025-06-13 16:35:23.642095,0 days 00:00:03.476476,27,0.9639599474155904,0.12220139691655833,0.9964896028871504,0.0027047789262159027,500,1515320.0,15.730000000000002,1.9544735011421028,0.8601666666666667,0.12486982110270768,500.0,6.0,14.71,"[0.8630000000000001, 0.608]",1515320.0,"[8.63, 6.08]",0.0045938525199890135,2.296926259994507,13.520000000000001,"[0.6120000000000001, 0.74]",1516320.0,"[6.120000000000001, 7.4]",0.004360208034515381,2.1801040172576904,15.99,"[0.9870000000000001, 0.612]",1517320.0,"[9.870000000000001, 6.12]",0.004538261890411377,2.2691309452056885,15.89,"[0.859, 0.7300000000000001]",1518320.0,"[8.59, 7.300000000000001]",0.004720066547393799,2.3600332736968994,19.680000000000003,"[0.986, 0.9819999999999999]",1519320.0,"[9.86, 9.819999999999999]",0.004128665447235108,2.0643327236175537,14.59,"[0.8540000000000001, 0.605]",1520320.0,"[8.540000000000001, 6.05]",0.004963919639587402,2.481959819793701,8.601666666666668,1.2486982110270768,0.0045508290131886795,0.00026326558112915114,2.27541450659434,0.13163279056457566,COMPLETE
152,16.37,2025-06-13 16:35:23.723715,2025-06-13 16:35:27.235403,0 days 00:00:03.511688,26,0.9295342522989203,0.09841523113180928,0.9930944948481746,0.002161108680948108,482,1525323.0,16.37,1.8440896579794241,0.8384999999999999,0.11208739150026348,480.0,6.0,18.400000000000002,"[0.982, 0.858]",1525323.0,"[9.82, 8.58]",0.004280933737754821,2.0548481941223145,13.46,"[0.732, 0.614]",1526323.0,"[7.32, 6.14]",0.005187574028968811,2.4900355339050293,16.04,"[0.8619999999999999, 0.742]",1527323.0,"[8.62, 7.42]",0.004379267990589142,2.102048635482788,14.71,"[0.733, 0.738]",1528323.0,"[7.33, 7.38]",0.005049112935860952,2.423574209213257,17.16,"[0.7369999999999999, 0.9789999999999999]",1529323.0,"[7.369999999999999, 9.79]",0.0047107035915056866,2.2611377239227295,18.450000000000003,"[0.985, 0.8600000000000001]",1530323.0,"[9.85, 8.600000000000001]",0.004149638613065084,1.9918265342712402,8.385,1.1208739150026346,0.004626205149624083,0.00038910837675623335,2.2205784718195596,0.18677202084299194,COMPLETE
153,16.195,2025-06-13 16:35:27.350889,2025-06-13 16:35:30.311062,0 days 00:00:02.960173,25,0.9730061352015044,0.11624432804020449,0.995661123063654,0.0016398854417361526,473,1535327.0,16.195,1.3191253415300104,0.8011666666666667,0.11795114336971146,470.0,6.0,16.04,"[0.984, 0.6199999999999999]",1535327.0,"[9.84, 6.199999999999999]",0.0045202189303459005,2.1245028972625732,14.75,"[0.7379999999999999, 0.7369999999999999]",1536327.0,"[7.379999999999999, 7.369999999999999]",0.004459016881090529,2.095737934112549,14.74,"[0.617, 0.857]",1537327.0,"[6.17, 8.57]",0.004557411214138599,2.1419832706451416,15.959999999999999,"[0.7379999999999999, 0.858]",1538327.0,"[7.379999999999999, 8.58]",0.00450127327695806,2.115598440170288,18.45,"[0.865, 0.9800000000000001]",1539327.0,"[8.65, 9.8]",0.004251318282269417,1.998119592666626,17.23,"[0.865, 0.8579999999999999]",1540327.0,"[8.65, 8.579999999999998]",0.004073503169607609,1.9145464897155762,8.011666666666667,1.1795114336971146,0.004393790292401686,0.0001738990229330578,2.0650814374287925,0.0817325407785372,COMPLETE
154,16.278333333333332,2025-06-13 16:35:30.376312,2025-06-13 16:35:33.649133,0 days 00:00:03.272821,30,0.9900831926034533,0.054457456569312265,0.9905550482820815,0.004596531064462412,455,1545330.0,16.278333333333332,2.2919090780880085,0.8561666666666667,0.07653630220722427,450.0,6.0,18.42,"[0.9890000000000001, 0.853]",1545330.0,"[9.89, 8.53]",0.00447746647728814,2.014859914779663,14.559999999999999,"[0.8550000000000001, 0.601]",1546330.0,"[8.55, 6.01]",0.005087582800123427,2.289412260055542,18.389999999999997,"[0.86, 0.9790000000000001]",1547330.0,"[8.6, 9.790000000000001]",0.004804362191094293,2.1619629859924316,17.099999999999998,"[0.724, 0.9860000000000001]",1548330.0,"[7.24, 9.860000000000001]",0.00467547787560357,2.1039650440216064,12.029999999999998,"[0.852, 0.351]",1549330.0,"[8.52, 3.51]",0.005148238605923123,2.3167073726654053,17.17,"[0.857, 0.86]",1550330.0,"[8.57, 8.6]",0.004434662395053439,1.9955980777740479,8.561666666666666,0.7653630220722424,0.004771298390847666,0.00027448604287858453,2.1470842758814492,0.12351871929536298,COMPLETE
155,14.661666666666667,2025-06-13 16:35:33.750598,2025-06-13 16:35:37.134544,0 days 00:00:03.383946,27,0.5855305436482081,0.06069703074515596,0.9975280516406235,0.0026637974364504577,492,1555333.0,14.661666666666667,1.9034041142705933,0.6926666666666668,0.059678769722201506,490.0,6.0,12.16,"[0.6100000000000001, 0.606]",1555333.0,"[6.100000000000001, 6.06]",0.004536165509905134,2.2227210998535156,15.89,"[0.73, 0.8590000000000002]",1556333.0,"[7.3, 8.590000000000002]",0.004276670728410994,2.0955686569213867,14.690000000000001,"[0.741, 0.728]",1557333.0,"[7.41, 7.279999999999999]",0.004061267813857721,1.9900212287902832,17.09,"[0.7290000000000001, 0.9800000000000001]",1558333.0,"[7.290000000000001, 9.8]",0.0037263009012961875,1.8258874416351318,15.99,"[0.7390000000000001, 0.8600000000000001]",1559333.0,"[7.390000000000001, 8.600000000000001]",0.004338378322367766,2.125805377960205,12.15,"[0.607, 0.608]",1560333.0,"[6.07, 6.08]",0.004824016532119439,2.3637681007385254,6.926666666666667,0.5967876972220149,0.004293799967992873,0.00034599559118491063,2.103961984316508,0.1695378396806063,COMPLETE
156,16.661666666666665,2025-06-13 16:35:38.584019,2025-06-13 16:35:41.801470,0 days 00:00:03.217451,28,0.9481440026926322,0.1066889049615821,0.971277969874649,0.05642603433375533,485,1565338.0,16.661666666666665,1.8312965959183722,0.8323333333333333,0.1314098761720578,480.0,6.0,19.519999999999996,"[0.9770000000000001, 0.975]",1565338.0,"[9.770000000000001, 9.75]",0.004382089773813883,2.103403091430664,14.670000000000002,"[0.609, 0.858]",1566338.0,"[6.09, 8.58]",0.00454570601383845,2.181938886642456,14.599999999999998,"[0.7269999999999999, 0.733]",1567338.0,"[7.269999999999999, 7.33]",0.00481138676404953,2.3094656467437744,15.749999999999998,"[0.8539999999999999, 0.7209999999999999]",1568338.0,"[8.54, 7.209999999999999]",0.005031681557496389,2.4152071475982666,17.130000000000003,"[0.85, 0.8629999999999999]",1569338.0,"[8.5, 8.629999999999999]",0.004457908868789673,2.139796257019043,18.299999999999997,"[0.977, 0.853]",1570338.0,"[9.77, 8.53]",0.004725495477517446,2.268237829208374,8.323333333333332,1.314098761720578,0.004659044742584229,0.00022229385558781209,2.2363414764404297,0.10670105068214975,COMPLETE
157,14.941666666666668,2025-06-13 16:35:41.926630,2025-06-13 16:35:45.214445,0 days 00:00:03.287815,25,0.9610276207672848,0.1281335975715977,0.9944208250087393,0.0873085271604995,464,1575342.0,14.941666666666668,2.226457699775339,0.7788333333333334,0.13473482186213862,460.0,6.0,18.35,"[0.983, 0.852]",1575342.0,"[9.83, 8.52]",0.005028265973796015,2.313002347946167,15.780000000000001,"[0.853, 0.725]",1576342.0,"[8.53, 7.25]",0.004999264426853346,2.299661636352539,16.020000000000003,"[0.8630000000000001, 0.739]",1577342.0,"[8.63, 7.39]",0.0041908647703087845,1.927797794342041,14.770000000000001,"[0.613, 0.8640000000000001]",1578342.0,"[6.13, 8.64]",0.004976750456768534,2.2893052101135254,13.58,"[0.618, 0.74]",1579342.0,"[6.18, 7.4]",0.005113721412161122,2.352311849594116,11.149999999999999,"[0.743, 0.37199999999999994]",1580342.0,"[7.43, 3.7199999999999993]",0.005331262298252272,2.452380657196045,7.788333333333334,1.347348218621386,0.004940021556356679,0.0003552282494271501,2.2724099159240723,0.16340499473648898,COMPLETE
