number,value,datetime_start,datetime_complete,duration,params_episode_length,params_epsilon_max,params_epsilon_min,params_gamma,params_learning_rate,params_num_episodes,user_attrs_base_seed,user_attrs_collective_reward_mean,user_attrs_collective_reward_std,user_attrs_individual_reward_agent0_mean,user_attrs_individual_reward_agent0_std,user_attrs_num_episodes_mean,user_attrs_num_parallel_runs,user_attrs_run_0_collective_reward,user_attrs_run_0_individual_rewards,user_attrs_run_0_seed,user_attrs_run_0_total_individual_rewards,user_attrs_run_0_training_time_per_episode,user_attrs_run_0_training_time_total,user_attrs_run_1_collective_reward,user_attrs_run_1_individual_rewards,user_attrs_run_1_seed,user_attrs_run_1_total_individual_rewards,user_attrs_run_1_training_time_per_episode,user_attrs_run_1_training_time_total,user_attrs_run_2_collective_reward,user_attrs_run_2_individual_rewards,user_attrs_run_2_seed,user_attrs_run_2_total_individual_rewards,user_attrs_run_2_training_time_per_episode,user_attrs_run_2_training_time_total,user_attrs_run_3_collective_reward,user_attrs_run_3_individual_rewards,user_attrs_run_3_seed,user_attrs_run_3_total_individual_rewards,user_attrs_run_3_training_time_per_episode,user_attrs_run_3_training_time_total,user_attrs_solution_concept,user_attrs_total_individual_reward_agent0_mean,user_attrs_total_individual_reward_agent0_std,user_attrs_training_time_per_episode_mean,user_attrs_training_time_per_episode_std,user_attrs_training_time_total_mean,user_attrs_training_time_total_std,state
237,5.99,2025-06-12 21:43:32.175138,2025-06-12 21:43:35.100215,0 days 00:00:02.925077,12,0.5304906256575693,0.1013317556099771,0.982962982657172,0.013784895910805237,437,2377412,5.99,2.5318669001351544,0.6305000000000001,0.19851763145876997,430.0,4,3.2200000000000006,"[0.43200000000000005, -0.10999999999999999]",2377412,"[4.32, -1.0999999999999999]",0.006327876933785372,2.72098708152771,4.290000000000001,"[0.43899999999999995, -0.009999999999999986]",2378412,"[4.39, -0.09999999999999987]",0.006385026421657829,2.745561361312866,6.63,"[0.773, -0.10999999999999999]",2379412,"[7.73, -1.0999999999999999]",0.006161380368609761,2.6493935585021973,9.819999999999999,"[0.8780000000000001, 0.10400000000000001]",2380412,"[8.780000000000001, 1.04]",0.005892315021781034,2.5336954593658447,NashSolutionConcept,6.305000000000001,1.9851763145876997,0.006191649686458499,0.00019135692939583278,2.6624093651771545,0.08228347964020806,COMPLETE
238,6.897499999999999,2025-06-12 21:43:35.113453,2025-06-12 21:43:38.132885,0 days 00:00:03.019432,13,0.8883613451638339,0.09257306140582958,0.9856812652656497,0.009203580175326123,479,2387415,6.897499999999999,1.6048267040400337,0.7012499999999999,0.093798654041516,470.0,4,5.29,"[0.5389999999999999, -0.009999999999999985]",2387415,"[5.389999999999999, -0.09999999999999984]",0.006070159343962974,2.8529748916625977,6.3,"[0.75, -0.11999999999999997]",2388415,"[7.5, -1.1999999999999997]",0.005900461623009215,2.773216962814331,6.43,"[0.763, -0.11999999999999997]",2389415,"[7.63, -1.1999999999999997]",0.006037000899619244,2.837390422821045,9.569999999999999,"[0.7529999999999999, 0.20400000000000001]",2390415,"[7.529999999999999, 2.04]",0.005870575093208475,2.7591702938079834,NashSolutionConcept,7.012499999999999,0.93798654041516,0.005969549239949977,8.550014613935843e-05,2.8056881427764893,0.040185068685498385,COMPLETE
239,6.84,2025-06-12 21:43:38.147701,2025-06-12 21:43:41.297670,0 days 00:00:03.149969,14,0.8142222739869931,0.12726874259934262,0.9803606825980657,0.00469598373902049,458,2397418,6.84,2.2793968500460813,0.7030000000000001,0.23035298999578882,450.0,4,4.0600000000000005,"[0.536, -0.12999999999999995]",2397418,"[5.36, -1.2999999999999994]",0.0066027074389987525,2.9712183475494385,9.53,"[0.8619999999999999, 0.091]",2398418,"[8.62, 0.9099999999999999]",0.006533410284254286,2.9400346279144287,8.59,"[0.9890000000000001, -0.12999999999999995]",2399418,"[9.89, -1.2999999999999994]",0.0061229928334554035,2.7553467750549316,5.180000000000001,"[0.4250000000000001, 0.09300000000000001]",2400418,"[4.250000000000001, 0.9300000000000002]",0.0066303888956705725,2.983675003051758,NashSolutionConcept,7.03,2.3035298999578884,0.006472374863094754,0.00020478533889397256,2.912568688392639,0.09215340250228765,COMPLETE
240,5.7175,2025-06-12 21:43:41.311664,2025-06-12 21:43:44.762095,0 days 00:00:03.450431,14,0.5200134004183113,0.1439512180809663,0.9048909985657335,0.005803549159116669,473,2407421,5.7175,1.961929853486103,0.56375,0.14383215043932285,470.0,4,5.21,"[0.651, -0.12999999999999995]",2407421,"[6.51, -1.2999999999999994]",0.006767553978777947,3.1807503700256348,6.380000000000001,"[0.655, -0.016999999999999984]",2408421,"[6.550000000000001, -0.16999999999999985]",0.006729869132346296,3.163038492202759,2.9300000000000006,"[0.31500000000000006, -0.021999999999999992]",2409421,"[3.1500000000000004, -0.21999999999999992]",0.00674813301005262,3.1716225147247314,8.350000000000001,"[0.634, 0.20099999999999998]",2410421,"[6.34, 2.01]",0.006708454071207249,3.1529734134674072,NashSolutionConcept,5.6375,1.4383215043932285,0.006738502548096029,2.1875661435753702e-05,3.167096197605133,0.010281560874804183,COMPLETE
241,6.195,2025-06-12 21:43:45.754001,2025-06-12 21:43:48.106148,0 days 00:00:02.352147,10,0.5152752385693288,0.17563309657656784,0.9754628504886694,0.04269801549668059,358,2417425,6.195,2.2138710441215856,0.548,0.1514182947995387,350.0,4,7.8500000000000005,"[0.7670000000000001, 0.018000000000000013]",2417425,"[7.670000000000002, 0.18000000000000013]",0.005522452081952776,1.9328582286834717,3.57,"[0.3390000000000001, 0.018000000000000013]",2418425,"[3.3900000000000006, 0.18000000000000013]",0.005794237000601632,2.0279829502105713,4.500000000000001,"[0.54, -0.08999999999999998]",2419425,"[5.4, -0.8999999999999998]",0.005972018241882324,2.0902063846588135,8.86,"[0.546, 0.34]",2420425,"[5.460000000000001, 3.4000000000000004]",0.005851412500653948,2.047994375228882,NashSolutionConcept,5.48,1.514182947995387,0.005785029956272671,0.00016462318404571657,2.0247604846954346,0.057618114416000774,COMPLETE
242,6.0975,2025-06-12 21:43:48.123555,2025-06-12 21:43:51.204441,0 days 00:00:03.080886,11,0.5024852420509653,0.10510677543746264,0.978477541472996,0.026356137675990647,445,2427428,6.0975,3.45741503872474,0.57475,0.23420650610091945,440.0,4,4.5,"[0.55, -0.09999999999999999]",2427428,"[5.5, -0.9999999999999999]",0.006214457750320435,2.734361410140991,8.829999999999998,"[0.656, 0.22699999999999995]",2428428,"[6.5600000000000005, 2.2699999999999996]",0.006344191052696921,2.7914440631866455,1.2200000000000002,"[0.22199999999999998, -0.09999999999999999]",2429428,"[2.2199999999999998, -0.9999999999999999]",0.006496861306103793,2.858618974685669,9.84,"[0.8710000000000001, 0.11299999999999999]",2430428,"[8.71, 1.13]",0.006133346124128862,2.698672294616699,NashSolutionConcept,5.7475000000000005,2.3420650610091944,0.006297214058312502,0.0001376291828775083,2.770774185657501,0.06055684046610373,COMPLETE
243,6.375000000000001,2025-06-12 21:43:51.221619,2025-06-12 21:43:54.216994,0 days 00:00:02.995375,11,0.5010098668203523,0.10054447273014025,0.9726637182748231,0.007995135420971352,411,2437431,6.375000000000001,2.9940482628040592,0.4952500000000001,0.12311046868564839,410.0,4,3.38,"[0.32799999999999996, 0.010000000000000007]",2437431,"[3.2799999999999994, 0.10000000000000007]",0.00677057708181986,2.7759366035461426,3.43,"[0.44300000000000006, -0.09999999999999999]",2438431,"[4.430000000000001, -0.9999999999999999]",0.006660295114284609,2.7307209968566895,9.88,"[0.5509999999999999, 0.4370000000000001]",2439431,"[5.51, 4.370000000000001]",0.006561190907548114,2.6900882720947266,8.810000000000002,"[0.6590000000000001, 0.22199999999999998]",2440431,"[6.590000000000002, 2.2199999999999998]",0.006661869258415408,2.7313663959503174,NashSolutionConcept,4.952500000000001,1.231104686856484,0.006663483090516998,7.407020540714659e-05,2.732028067111969,0.030368784216930136,COMPLETE
244,6.772499999999999,2025-06-12 21:43:54.233255,2025-06-12 21:43:59.988445,0 days 00:00:05.755190,22,0.5146665579630162,0.1097049509231415,0.9095370004184243,0.0351552103526055,491,2447434,6.772499999999999,3.398583344571676,0.67925,0.2140693520801145,490.0,4,6.56,"[0.629, 0.026999999999999958]",2447434,"[6.29, 0.2699999999999996]",0.011223288944789342,5.499411582946777,1.619999999999999,"[0.372, -0.21000000000000002]",2448434,"[3.7199999999999998, -2.1]",0.011265044796223544,5.519871950149536,7.839999999999998,"[0.752, 0.03199999999999996]",2449434,"[7.52, 0.3199999999999996]",0.010606395468419912,5.197133779525757,11.07,"[0.9640000000000001, 0.14299999999999996]",2450434,"[9.64, 1.4299999999999997]",0.010854740532077089,5.318822860717773,NashSolutionConcept,6.7925,2.1406935208011446,0.010987367435377472,0.0002717964359664123,5.383810043334961,0.13318025362354186,COMPLETE
245,6.91,2025-06-12 21:44:00.003684,2025-06-12 21:44:03.282198,0 days 00:00:03.278514,15,0.5261550266925025,0.09633743338637163,0.9174824006630176,0.04836164536376094,346,2457440,6.91,2.1113384380529805,0.6115,0.11917738879502275,340.0,4,9.27,"[0.7390000000000001, 0.188]",2457440,"[7.390000000000001, 1.88]",0.00830974859349868,2.825314521789551,6.050000000000001,"[0.642, -0.03699999999999999]",2458440,"[6.42, -0.3699999999999999]",0.008765757785123937,2.9803576469421387,3.8800000000000003,"[0.4159999999999999, -0.028000000000000004]",2459440,"[4.159999999999999, -0.28]",0.009005423854379094,3.0618441104888916,8.44,"[0.649, 0.195]",2460440,"[6.49, 1.9500000000000002]",0.00854420171064489,2.9050285816192627,NashSolutionConcept,6.115,1.1917738879502273,0.00865628298591165,0.00025813386792864927,2.943136215209961,0.08776551509574072,COMPLETE
246,5.867499999999998,2025-06-12 21:44:04.259652,2025-06-12 21:44:12.464680,0 days 00:00:08.205028,38,0.5096689520491353,0.16523530713270812,0.9843438301017042,0.010817706546573465,466,2467444,5.867499999999998,0.8448779497655272,0.76725,0.10965029639722826,460.0,4,4.769999999999999,"[0.71, -0.23300000000000015]",2467444,"[7.1, -2.3300000000000014]",0.015966420588286026,7.344553470611572,7.14,"[0.697, 0.016999999999999883]",2468444,"[6.97, 0.16999999999999882]",0.015522659861523172,7.140423536300659,5.689999999999998,"[0.7050000000000001, -0.13600000000000012]",2469444,"[7.050000000000001, -1.3600000000000012]",0.015295895286228345,7.036111831665039,5.869999999999999,"[0.9570000000000001, -0.37000000000000016]",2470444,"[9.57, -3.7000000000000015]",0.017383142139600672,7.996245384216309,NashSolutionConcept,7.6725,1.0965029639722823,0.016042029468909553,0.0008109810272070867,7.379333555698395,0.3730512725152596,COMPLETE
247,5.887499999999999,2025-06-12 21:44:12.479676,2025-06-12 21:44:15.658742,0 days 00:00:03.179066,13,0.7906438845295135,0.10312211359201265,0.9808823537500204,0.009111358413102993,422,2477452,5.887499999999999,2.994105667808001,0.62525,0.2531653362923131,420.0,4,0.9,"[0.21000000000000005, -0.11999999999999997]",2477452,"[2.1000000000000005, -1.1999999999999997]",0.007064907891409737,2.96726131439209,8.719999999999999,"[0.8799999999999999, -0.007999999999999983]",2478452,"[8.799999999999999, -0.07999999999999982]",0.006589602856408982,2.7676331996917725,7.529999999999999,"[0.761, -0.007999999999999983]",2479452,"[7.61, -0.07999999999999982]",0.007033832867940267,2.954209804534912,6.3999999999999995,"[0.65, -0.009999999999999985]",2480452,"[6.5, -0.09999999999999984]",0.006688032263801212,2.808973550796509,NashSolutionConcept,6.2524999999999995,2.5316533629231306,0.006844093969890049,0.00020849497614955018,2.874519467353821,0.08756788998281115,COMPLETE
248,7.112499999999999,2025-06-12 21:44:15.673799,2025-06-12 21:44:19.168893,0 days 00:00:03.495094,16,0.9937932545949073,0.08779246324693676,0.9000337795183168,0.006764374802713211,436,2487455,7.112499999999999,2.538004875881841,0.6907499999999999,0.1686377404378984,430.0,4,8.12,"[0.8469999999999999, -0.034999999999999996]",2487455,"[8.469999999999999, -0.35]",0.007437530783719794,3.1981382369995117,3.71,"[0.40599999999999997, -0.035]",2488455,"[4.06, -0.35000000000000003]",0.007614722362784453,3.2743306159973145,6.04,"[0.754, -0.14999999999999997]",2489455,"[7.54, -1.4999999999999996]",0.007365603779637536,3.1672096252441406,10.58,"[0.7559999999999999, 0.302]",2490455,"[7.559999999999999, 3.02]",0.007604591236558072,3.2699742317199707,NashSolutionConcept,6.907499999999999,1.686377404378984,0.007505612040674964,0.00010716729248682102,3.2274131774902344,0.046081935769332893,COMPLETE
249,5.380000000000001,2025-06-12 21:44:19.184511,2025-06-12 21:44:22.588228,0 days 00:00:03.403717,12,0.6637529656057255,0.15954461204179274,0.9890546161734791,0.0408151036150323,455,2497459,5.380000000000001,1.7241229654522898,0.56725,0.19371031851710943,450.0,4,7.6,"[0.7649999999999999, -0.004999999999999993]",2497459,"[7.649999999999999, -0.04999999999999993]",0.006815914048088921,3.0671613216400146,3.180000000000001,"[0.42800000000000005, -0.10999999999999999]",2498459,"[4.28, -1.0999999999999999]",0.006877182854546441,3.0947322845458984,4.34,"[0.326, 0.10800000000000001]",2499459,"[3.2600000000000002, 1.08]",0.006604015032450358,2.971806764602661,6.4,"[0.75, -0.10999999999999999]",2500459,"[7.5, -1.0999999999999999]",0.0066965908474392365,3.0134658813476562,NashSolutionConcept,5.672499999999999,1.9371031851710943,0.006748425695631239,0.00010568156747607032,3.0367915630340576,0.04755670536423162,COMPLETE
250,5.3100000000000005,2025-06-12 21:44:22.604203,2025-06-12 21:44:25.911919,0 days 00:00:03.307716,11,0.539279932495659,0.09866247082133452,0.9023849350953944,0.009806159667017542,481,2507462,5.3100000000000005,2.5547406913422743,0.5225000000000001,0.1579754727797958,480.0,4,8.780000000000001,"[0.763, 0.11500000000000002]",2507462,"[7.63, 1.1500000000000001]",0.0061238124966621395,2.939429998397827,6.659999999999999,"[0.547, 0.11899999999999995]",2508462,"[5.470000000000001, 1.1899999999999995]",0.0060563107331593835,2.907029151916504,2.3400000000000003,"[0.33399999999999996, -0.09999999999999999]",2509462,"[3.34, -0.9999999999999999]",0.00642963449160258,3.0862245559692383,3.46,"[0.44600000000000006, -0.09999999999999999]",2510462,"[4.460000000000001, -0.9999999999999999]",0.006326693296432495,3.0368127822875977,NashSolutionConcept,5.2250000000000005,1.5797547277979578,0.00623411275446415,0.00015048223491166023,2.9923741221427917,0.07223147275759692,COMPLETE
251,5.989999999999998,2025-06-12 21:44:27.172452,2025-06-12 21:44:33.006928,0 days 00:00:05.834476,24,0.5260948667959445,0.09182225316472324,0.9376082435355603,0.019918737151526717,447,2517467,5.989999999999998,1.5882852388661175,0.7075,0.13389641518726333,440.0,4,8.739999999999998,"[0.858, 0.015999999999999927]",2517467,"[8.58, 0.15999999999999928]",0.010977218367836692,4.8299760818481445,5.009999999999999,"[0.49099999999999994, 0.009999999999999934]",2518467,"[4.909999999999999, 0.09999999999999934]",0.012200273708863691,5.368120431900024,5.129999999999999,"[0.743, -0.23000000000000004]",2519467,"[7.43, -2.3000000000000003]",0.012019336765462702,5.288508176803589,5.079999999999999,"[0.7379999999999999, -0.23000000000000004]",2520467,"[7.379999999999999, -2.3000000000000003]",0.012770063226873225,5.618827819824219,NashSolutionConcept,7.074999999999999,1.3389641518726334,0.011991723017259079,0.0006479369328222554,5.276358127593994,0.28509225044179237,COMPLETE
252,6.955000000000001,2025-06-12 21:44:33.022030,2025-06-12 21:44:36.265728,0 days 00:00:03.243698,14,0.5824083582485663,0.17243285929083904,0.9823686184162082,0.0030672705400742197,382,2527473,6.955000000000001,1.2229574808635006,0.5592500000000001,0.1474082341662093,380.0,4,7.040000000000001,"[0.4130000000000001, 0.29100000000000004]",2527473,"[4.130000000000001, 2.91]",0.0075066773514998585,2.8525373935699463,7.12,"[0.6330000000000001, 0.079]",2528473,"[6.330000000000001, 0.79]",0.007897466107418663,3.001037120819092,5.110000000000001,"[0.42600000000000005, 0.08500000000000003]",2529473,"[4.260000000000001, 0.8500000000000003]",0.007593853222696405,2.885664224624634,8.55,"[0.765, 0.09]",2530473,"[7.65, 0.8999999999999999]",0.007872410824424343,2.99151611328125,NashSolutionConcept,5.592500000000001,1.474082341662093,0.007717601876509817,0.0001703818039625574,2.9326887130737305,0.06474508550577171,COMPLETE
253,7.765,2025-06-12 21:44:36.281577,2025-06-12 21:44:40.081118,0 days 00:00:03.799541,15,0.5104725013846194,0.10732959309323034,0.9765899617263047,0.011851759035947994,428,2537476,7.765,2.5213339723249666,0.6695000000000001,0.16931110418398435,420.0,4,11.669999999999998,"[0.8690000000000001, 0.29799999999999993]",2537476,"[8.690000000000001, 2.9799999999999995]",0.007911187126522973,3.3226985931396484,5.0600000000000005,"[0.6460000000000001, -0.13999999999999996]",2538476,"[6.460000000000001, -1.3999999999999995]",0.008520432880946569,3.5785818099975586,6.130000000000001,"[0.753, -0.13999999999999996]",2539476,"[7.53, -1.3999999999999995]",0.008277053492409842,3.476362466812134,8.2,"[0.41000000000000003, 0.41000000000000003]",2540476,"[4.1000000000000005, 4.1000000000000005]",0.008296702589307512,3.4846150875091553,NashSolutionConcept,6.695000000000001,1.6931110418398436,0.008251344022296724,0.000218422700312193,3.465564489364624,0.09173753413112103,COMPLETE
254,5.842499999999999,2025-06-12 21:44:40.096650,2025-06-12 21:44:43.699848,0 days 00:00:03.603198,13,0.6997662645335108,0.0858765040457149,0.9329763462620875,0.007984095237270198,470,2547480,5.842499999999999,2.437051240741564,0.53975,0.2076913274549518,470.0,4,6.3999999999999995,"[0.655, -0.014999999999999986]",2547480,"[6.550000000000001, -0.14999999999999986]",0.007075120540375405,3.3253066539764404,1.9400000000000002,"[0.20499999999999993, -0.010999999999999985]",2548480,"[2.0499999999999994, -0.10999999999999985]",0.007199835777282715,3.383922815322876,8.659999999999998,"[0.5419999999999999, 0.324]",2549480,"[5.419999999999999, 3.24]",0.006952363886731736,3.267611026763916,6.369999999999999,"[0.757, -0.11999999999999997]",2550480,"[7.57, -1.1999999999999997]",0.007200859455352134,3.384403944015503,NashSolutionConcept,5.3975,2.076913274549518,0.007107044914935498,0.0001029037150762192,3.340311110019684,0.04836474608582302,COMPLETE
255,5.9275,2025-06-12 21:44:43.715189,2025-06-12 21:44:46.810214,0 days 00:00:03.095025,12,0.7390574967226216,0.1128433081894856,0.906832244644329,0.002591857482059459,460,2557483,5.9275,0.48261656623037724,0.514,0.11562871615649806,460.0,4,5.46,"[0.32800000000000007, 0.21800000000000003]",2557483,"[3.2800000000000007, 2.18]",0.006006776768228282,2.7631173133850098,5.43,"[0.542, 0.001000000000000012]",2558483,"[5.42, 0.01000000000000012]",0.006229645791261093,2.8656370639801025,6.41,"[0.646, -0.004999999999999993]",2559483,"[6.46, -0.04999999999999993]",0.006269756089086118,2.8840878009796143,6.41,"[0.5399999999999999, 0.10100000000000002]",2560483,"[5.3999999999999995, 1.0100000000000002]",0.006015361910280974,2.767066478729248,NashSolutionConcept,5.14,1.1562871615649803,0.006130385139714117,0.00012019391757176467,2.8199771642684937,0.055289202083011704,COMPLETE
256,5.404999999999999,2025-06-12 21:44:47.984440,2025-06-12 21:44:52.031989,0 days 00:00:04.047549,16,0.545303063516758,0.09583697033023247,0.9704514465890193,0.056630018423368234,442,2567488,5.404999999999999,3.8718761602096725,0.5519999999999999,0.2760425691809145,440.0,4,9.29,"[0.7459999999999999, 0.18300000000000005]",2567488,"[7.459999999999999, 1.8300000000000005]",0.00800787318836559,3.5234642028808594,-0.71,"[0.079, -0.14999999999999997]",2568488,"[0.79, -1.4999999999999996]",0.00852267633784901,3.7499775886535645,8.099999999999998,"[0.7389999999999999, 0.071]",2569488,"[7.389999999999999, 0.71]",0.007795795527371493,3.430150032043457,4.9399999999999995,"[0.644, -0.14999999999999997]",2570488,"[6.44, -1.4999999999999996]",0.008171822808005593,3.595602035522461,NashSolutionConcept,5.52,2.760425691809145,0.008124541965397922,0.00026572179090827237,3.5747984647750854,0.1169175879996397,COMPLETE
257,4.834999999999998,2025-06-12 21:44:52.048559,2025-06-12 21:45:00.212358,0 days 00:00:08.163799,45,0.5631917629846264,0.1030505550299801,0.9869168628230346,0.007093404001115267,402,2577492,4.834999999999998,1.9732523913579836,0.79125,0.14779102645289396,400.0,4,7.829999999999998,"[0.837, -0.05400000000000018]",2577492,"[8.37, -0.5400000000000018]",0.018195722103118896,7.278288841247559,5.279999999999998,"[0.968, -0.4400000000000003]",2578492,"[9.68, -4.400000000000003]",0.019032189249992372,7.612875699996948,3.609999999999998,"[0.8009999999999999, -0.4400000000000003]",2579492,"[8.01, -4.400000000000003]",0.019884086847305298,7.953634738922119,2.6199999999999974,"[0.5589999999999999, -0.29700000000000026]",2580492,"[5.59, -2.9700000000000024]",0.019176942706108095,7.670777082443237,NashSolutionConcept,7.912499999999999,1.4779102645289395,0.019072235226631165,0.0005999886761814375,7.628894090652466,0.23999547047257502,COMPLETE
258,6.774999999999999,2025-06-12 21:45:00.227946,2025-06-12 21:45:07.523685,0 days 00:00:07.295739,34,0.5002328450420799,0.09137240585037248,0.9963900083547692,0.010173282181727177,473,2587500,6.774999999999999,3.802541912983998,0.7775,0.21049643702447793,470.0,4,1.3299999999999987,"[0.4629999999999999, -0.3300000000000001]",2587500,"[4.629999999999999, -3.300000000000001]",0.014274414042209057,6.708974599838257,10.469999999999999,"[0.9809999999999999, 0.0659999999999999]",2588500,"[9.809999999999999, 0.659999999999999]",0.01376483034580312,6.469470262527466,10.2,"[0.9570000000000001, 0.0629999999999999]",2589500,"[9.57, 0.629999999999999]",0.014341218928073315,6.740372896194458,5.099999999999999,"[0.709, -0.19900000000000012]",2590500,"[7.09, -1.990000000000001]",0.015090150021492168,7.092370510101318,NashSolutionConcept,7.7749999999999995,2.104964370244779,0.014367653334394414,0.0004729665320839691,6.752797067165375,0.22229427007946542,COMPLETE
