number,value,datetime_start,datetime_complete,duration,params_episode_length,params_epsilon_max,params_epsilon_min,params_gamma,params_learning_rate,params_num_episodes,user_attrs_base_seed,user_attrs_collective_reward_mean,user_attrs_collective_reward_std,user_attrs_individual_reward_agent0_mean,user_attrs_individual_reward_agent0_std,user_attrs_num_episodes_mean,user_attrs_num_parallel_runs,user_attrs_run_0_collective_reward,user_attrs_run_0_individual_rewards,user_attrs_run_0_seed,user_attrs_run_0_total_individual_rewards,user_attrs_run_0_training_time_per_episode,user_attrs_run_0_training_time_total,user_attrs_run_1_collective_reward,user_attrs_run_1_individual_rewards,user_attrs_run_1_seed,user_attrs_run_1_total_individual_rewards,user_attrs_run_1_training_time_per_episode,user_attrs_run_1_training_time_total,user_attrs_run_2_collective_reward,user_attrs_run_2_individual_rewards,user_attrs_run_2_seed,user_attrs_run_2_total_individual_rewards,user_attrs_run_2_training_time_per_episode,user_attrs_run_2_training_time_total,user_attrs_run_3_collective_reward,user_attrs_run_3_individual_rewards,user_attrs_run_3_seed,user_attrs_run_3_total_individual_rewards,user_attrs_run_3_training_time_per_episode,user_attrs_run_3_training_time_total,user_attrs_solution_concept,user_attrs_total_individual_reward_agent0_mean,user_attrs_total_individual_reward_agent0_std,user_attrs_training_time_per_episode_mean,user_attrs_training_time_per_episode_std,user_attrs_training_time_total_mean,user_attrs_training_time_total_std,state
193,4.365,2025-06-12 21:40:55.447065,2025-06-12 21:40:58.977929,0 days 00:00:03.530864,14,0.5393579695616642,0.08895607583479029,0.9201100686373749,0.013915305496043409,464,1937255,4.365,1.6590433990706812,0.53925,0.15874881889324408,460.0,4,5.2,"[0.5409999999999999, -0.02099999999999999]",1937255,"[5.409999999999999, -0.2099999999999999]",0.007110704546389373,3.2709240913391113,4.09,"[0.539, -0.12999999999999995]",1938255,"[5.390000000000001, -1.2999999999999994]",0.007307177522908086,3.3613016605377197,1.8400000000000005,"[0.31400000000000006, -0.12999999999999995]",1939255,"[3.1400000000000006, -1.2999999999999994]",0.007278357899707297,3.3480446338653564,6.33,"[0.7630000000000001, -0.12999999999999995]",1940255,"[7.630000000000001, -1.2999999999999994]",0.007258820015451183,3.339057207107544,NashSolutionConcept,5.3925,1.5874881889324406,0.007238764996113985,7.591039853272445e-05,3.329831898212433,0.0349187833250533,COMPLETE
194,8.14,2025-06-12 21:40:58.992659,2025-06-12 21:41:02.290397,0 days 00:00:03.297738,15,0.5266780680419197,0.16183397341590466,0.9057293296478268,0.007867473927142767,425,1947259,8.14,1.6617310251662278,0.67275,0.1228054864409567,420.0,4,6.16,"[0.53, 0.08600000000000002]",1947259,"[5.300000000000001, 0.8600000000000002]",0.007036045051756359,2.955138921737671,10.650000000000002,"[0.645, 0.41999999999999993]",1948259,"[6.45, 4.199999999999999]",0.00738346122560047,3.1010537147521973,8.46,"[0.647, 0.199]",1949259,"[6.470000000000001, 1.9900000000000002]",0.006919721194675991,2.906282901763916,7.289999999999998,"[0.869, -0.13999999999999996]",1950259,"[8.69, -1.3999999999999995]",0.00746206385748727,3.1340668201446533,NashSolutionConcept,6.727499999999999,1.2280548644095666,0.007200322832380022,0.00022791034618045597,3.0241355895996094,0.09572234539579148,COMPLETE
195,7.739999999999999,2025-06-12 21:41:02.302989,2025-06-12 21:41:05.781897,0 days 00:00:03.478908,15,0.525525083889691,0.15669172737256343,0.9010430132673657,0.007718555947843417,425,1957262,7.739999999999999,2.996689840473984,0.615,0.18151170761138247,420.0,4,10.479999999999999,"[0.752, 0.296]",1957262,"[7.52, 2.96]",0.007183117525918143,3.01690936088562,2.7100000000000013,"[0.309, -0.038]",1958262,"[3.09, -0.38]",0.007813496249062675,3.2816684246063232,8.389999999999999,"[0.649, 0.19000000000000006]",1959262,"[6.49, 1.9000000000000006]",0.007535316830589658,3.1648330688476562,9.379999999999999,"[0.75, 0.18800000000000006]",1960262,"[7.5, 1.8800000000000006]",0.00711502574739002,2.9883108139038086,NashSolutionConcept,6.15,1.8151170761138247,0.007411739088240124,0.000281507948410599,3.112930417060852,0.1182333383324515,COMPLETE
196,8.08,2025-06-12 21:41:06.578478,2025-06-12 21:41:09.655624,0 days 00:00:03.077146,13,0.5178619339035562,0.1739652928384968,0.9138219148506602,0.009241897252341116,443,1967266,8.08,1.779114948506701,0.6832499999999999,0.11698798015180878,440.0,4,8.6,"[0.5449999999999999, 0.315]",1967266,"[5.449999999999999, 3.15]",0.006532668525522405,2.8743741512298584,10.770000000000001,"[0.869, 0.20800000000000002]",1968266,"[8.69, 2.08]",0.006268701228228482,2.7582285404205322,6.51,"[0.659, -0.007999999999999985]",1969266,"[6.59, -0.07999999999999985]",0.00657912167635831,2.8948135375976562,6.44,"[0.6599999999999999, -0.015999999999999986]",1970266,"[6.6, -0.15999999999999986]",0.006153245947577737,2.707428216934204,NashSolutionConcept,6.8325,1.1698798015180876,0.006383434344421734,0.000177985082719218,2.8087111115455627,0.07831343639645588,COMPLETE
197,6.140000000000001,2025-06-12 21:41:09.669462,2025-06-12 21:41:12.965276,0 days 00:00:03.295814,13,0.5145792895652321,0.16284469520587372,0.914215092555246,0.007664167003598812,473,1977269,6.140000000000001,2.379443212182212,0.48750000000000004,0.16652552356921146,470.0,4,2.02,"[0.322, -0.11999999999999997]",1977269,"[3.22, -1.1999999999999997]",0.006550251169407622,3.078618049621582,7.430000000000001,"[0.32, 0.42299999999999993]",1978269,"[3.2, 4.2299999999999995]",0.006642143269802662,3.121807336807251,7.51,"[0.65, 0.10100000000000002]",1979269,"[6.5, 1.0100000000000002]",0.006263928210481684,2.9440462589263916,7.6,"[0.658, 0.10200000000000005]",1980269,"[6.58, 1.0200000000000005]",0.006162717494558781,2.896477222442627,NashSolutionConcept,4.875,1.6652552356921146,0.0064047600360626865,0.00019744408356354274,3.010237216949463,0.0927987192748651,COMPLETE
198,7.67,2025-06-12 21:41:12.980728,2025-06-12 21:41:16.227700,0 days 00:00:03.246972,14,0.5348205249179817,0.18589331885731816,0.9104289986268154,0.012928760343030185,455,1987273,7.67,1.289418473576363,0.7305,0.09701675113092584,450.0,4,9.749999999999998,"[0.8800000000000001, 0.095]",1987273,"[8.8, 0.95]",0.006451118257310655,2.903003215789795,7.35,"[0.7529999999999999, -0.017999999999999995]",1988273,"[7.529999999999999, -0.17999999999999994]",0.006710661252339681,3.0197975635528564,7.37,"[0.6450000000000001, 0.09200000000000003]",1989273,"[6.450000000000001, 0.9200000000000003]",0.006806426048278809,3.062891721725464,6.210000000000001,"[0.644, -0.022999999999999986]",1990273,"[6.44, -0.22999999999999987]",0.006683382987976074,3.0075223445892334,NashSolutionConcept,7.305000000000001,0.9701675113092583,0.006662897136476304,0.00013052961642837086,2.998303711414337,0.05873832739276679,COMPLETE
199,7.48,2025-06-12 21:41:16.242914,2025-06-12 21:41:19.439142,0 days 00:00:03.196228,13,0.500506939786417,0.1604141216866437,0.9154812577708391,0.003335694376676782,462,1997276,7.48,1.2817371025292195,0.62375,0.11958757251487294,460.0,4,6.34,"[0.6539999999999999, -0.01999999999999999]",1997276,"[6.539999999999999, -0.1999999999999999]",0.006547453610793404,3.011828660964966,9.54,"[0.642, 0.31199999999999994]",1998276,"[6.42, 3.119999999999999]",0.006222404086071512,2.8623058795928955,7.569999999999999,"[0.7649999999999999, -0.007999999999999985]",1999276,"[7.649999999999999, -0.07999999999999985]",0.006472334654434867,2.977273941040039,6.470000000000001,"[0.434, 0.213]",2000276,"[4.34, 2.13]",0.006456526984339175,2.9700024127960205,NashSolutionConcept,6.2375,1.1958757251487293,0.006424679833909739,0.00012173136547697066,2.9553527235984802,0.055996428119406534,COMPLETE
200,6.795,2025-06-12 21:41:19.453060,2025-06-12 21:41:22.623127,0 days 00:00:03.170067,14,0.5226138446072511,0.15355228600000354,0.9169023677634934,0.01582990933559435,414,2007279,6.795,3.1608899063396683,0.6195,0.18202953057127846,410.0,4,7.2700000000000005,"[0.7540000000000001, -0.02699999999999999]",2007279,"[7.540000000000001, -0.2699999999999999]",0.0073047620494191235,2.994952440261841,7.430000000000001,"[0.7620000000000001, -0.018999999999999982]",2008279,"[7.620000000000001, -0.18999999999999984]",0.006600789907501965,2.7063238620758057,10.639999999999999,"[0.648, 0.41600000000000004]",2009279,"[6.48, 4.16]",0.006595868017615342,2.70430588722229,1.840000000000001,"[0.31400000000000006, -0.12999999999999995]",2010279,"[3.1400000000000006, -1.2999999999999994]",0.0073046294654287944,2.9948980808258057,NashSolutionConcept,6.195,1.8202953057127846,0.006951512359991306,0.00035318768741901584,2.8501200675964355,0.14480695184179657,COMPLETE
201,7.785,2025-06-12 21:41:23.412345,2025-06-12 21:41:26.533741,0 days 00:00:03.121396,15,0.7844878374135642,0.1777238640782588,0.908373431356641,0.009547808318155618,442,2017283,7.785,2.4448568465249663,0.7225,0.09343580684084658,440.0,4,4.9799999999999995,"[0.6380000000000001, -0.13999999999999996]",2017283,"[6.380000000000001, -1.3999999999999995]",0.006685216860337691,2.941495418548584,7.16,"[0.743, -0.027000000000000003]",2018283,"[7.43, -0.27]",0.006627839261835271,2.9162492752075195,11.71,"[0.867, 0.30399999999999994]",2019283,"[8.67, 3.039999999999999]",0.0062914772467179735,2.768249988555908,7.29,"[0.642, 0.087]",2020283,"[6.42, 0.8699999999999999]",0.006170249527150934,2.714909791946411,NashSolutionConcept,7.225,0.934358068408466,0.006443695724010467,0.000218050790655306,2.8352261185646057,0.09594234788833467,COMPLETE
202,3.684999999999998,2025-06-12 21:41:26.547578,2025-06-12 21:41:34.334786,0 days 00:00:07.787208,41,0.5109210500488478,0.17143815306490007,0.9025752806801685,0.0087913662654927,437,2027286,3.684999999999998,2.855560365322366,0.5642499999999999,0.24235343509015922,430.0,4,1.5599999999999976,"[0.4229999999999999, -0.26700000000000024]",2027286,"[4.229999999999999, -2.6700000000000026]",0.014091888139414232,6.05951189994812,5.669999999999997,"[0.4219999999999999, 0.1449999999999999]",2028286,"[4.219999999999999, 1.449999999999999]",0.015465510168740915,6.650169372558594,7.229999999999999,"[0.984, -0.26100000000000023]",2029286,"[9.84, -2.610000000000002]",0.013568972432336141,5.834658145904541,0.2799999999999976,"[0.42799999999999994, -0.40000000000000024]",2030286,"[4.279999999999999, -4.000000000000003]",0.017697975247405295,7.610129356384277,NashSolutionConcept,5.6425,2.4235343509015923,0.015206086496974146,0.0015967459587097007,6.538617193698883,0.6866007622451714,COMPLETE
203,6.084999999999999,2025-06-12 21:41:34.349171,2025-06-12 21:41:37.659303,0 days 00:00:03.310132,15,0.5317294347849228,0.16775239974164016,0.9048244794548631,0.011145724636620252,432,2037294,6.084999999999999,0.823604880995736,0.6705,0.168491097687682,430.0,4,6.089999999999999,"[0.749, -0.13999999999999996]",2037294,"[7.49, -1.3999999999999995]",0.007299271849698799,3.1386868953704834,5.869999999999999,"[0.41500000000000004, 0.17200000000000001]",2038294,"[4.15, 1.7200000000000002]",0.0071889555731485056,3.0912508964538574,5.04,"[0.6439999999999999, -0.13999999999999996]",2039294,"[6.4399999999999995, -1.3999999999999995]",0.007092140441717103,3.0496203899383545,7.340000000000001,"[0.874, -0.13999999999999996]",2040294,"[8.74, -1.3999999999999995]",0.00710896558539812,3.0568552017211914,NashSolutionConcept,6.705,1.68491097687682,0.0071723333624906325,8.190857271630425e-05,3.0841033458709717,0.03522068626801081,COMPLETE
204,6.2025,2025-06-12 21:41:37.673824,2025-06-12 21:41:41.396904,0 days 00:00:03.723080,16,0.5189251443407669,0.15118017534071607,0.9422573249970047,0.006768467733310361,446,2047297,6.2025,1.1228841213589225,0.66325,0.1790521921116857,440.0,4,7.239999999999998,"[0.874, -0.14999999999999997]",2047297,"[8.74, -1.4999999999999996]",0.007641108469529585,3.3620877265930176,5.75,"[0.618, -0.043]",2048297,"[6.18, -0.42999999999999994]",0.007992989908565175,3.5169155597686768,7.249999999999999,"[0.765, -0.04]",2049297,"[7.65, -0.4]",0.008075372197411277,3.553163766860962,4.569999999999999,"[0.396, 0.060999999999999985]",2050297,"[3.96, 0.6099999999999999]",0.007972484827041626,3.5078933238983154,NashSolutionConcept,6.6325,1.790521921116857,0.007920488850636915,0.0001658329230119132,3.485015094280243,0.07296648612524168,COMPLETE
205,7.6725,2025-06-12 21:41:41.412049,2025-06-12 21:41:45.102310,0 days 00:00:03.690261,17,0.8008566682744409,0.09581978963870467,0.9065379259641548,0.009937064480071586,453,2057301,7.6725,3.4861323483195523,0.72575,0.21911455337334393,450.0,4,3.7,"[0.414, -0.044]",2057301,"[4.14, -0.43999999999999995]",0.007698817253112793,3.464467763900757,4.750000000000001,"[0.635, -0.15999999999999998]",2058301,"[6.35, -1.5999999999999996]",0.007812543974982367,3.5156447887420654,10.61,"[0.874, 0.18699999999999997]",2059301,"[8.74, 1.8699999999999997]",0.0072356462478637695,3.2560408115386963,11.629999999999999,"[0.9799999999999999, 0.18300000000000002]",2060301,"[9.799999999999999, 1.8300000000000003]",0.00764252503712972,3.439136266708374,NashSolutionConcept,7.2574999999999985,2.1911455337334393,0.007597383128272163,0.0002176433057907691,3.418822407722473,0.09793948760584613,COMPLETE
206,6.665000000000001,2025-06-12 21:41:46.018671,2025-06-12 21:41:49.338880,0 days 00:00:03.320209,13,0.548283411669242,0.1603937382605198,0.9224262599908415,0.008028058869299514,473,2067306,6.665000000000001,3.0643555603095414,0.5955,0.2942571154619715,470.0,4,7.570000000000001,"[0.765, -0.007999999999999983]",2067306,"[7.65, -0.07999999999999982]",0.006526204880247724,3.0673162937164307,6.41,"[0.65, -0.008999999999999985]",2068306,"[6.5, -0.08999999999999986]",0.006471784571383862,3.041738748550415,2.0700000000000003,"[0.10300000000000001, 0.10400000000000002]",2069306,"[1.03, 1.0400000000000003]",0.006608219349637945,3.105863094329834,10.610000000000001,"[0.8640000000000001, 0.197]",2070306,"[8.64, 1.9700000000000002]",0.0066470009215334625,3.1240904331207275,NashSolutionConcept,5.955,2.9425711546197144,0.006563302430700748,6.851042584534987e-05,3.084752142429352,0.03219990014731443,COMPLETE
207,5.325,2025-06-12 21:41:49.352517,2025-06-12 21:41:52.141489,0 days 00:00:02.788972,13,0.8125638092375226,0.18248539087202972,0.9002262376659889,0.005487874590108133,422,2077309,5.325,0.7604110730387869,0.572,0.04907647094076756,420.0,4,5.339999999999999,"[0.5439999999999999, -0.009999999999999995]",2077309,"[5.4399999999999995, -0.09999999999999995]",0.006191150915055048,2.60028338432312,4.230000000000001,"[0.5429999999999999, -0.11999999999999997]",2078309,"[5.43, -1.1999999999999997]",0.00614132597332909,2.5793569087982178,6.38,"[0.657, -0.01899999999999998]",2079309,"[6.57, -0.18999999999999978]",0.006085017181578137,2.5557072162628174,5.3500000000000005,"[0.544, -0.008999999999999984]",2080309,"[5.44, -0.08999999999999983]",0.005980249245961507,2.511704683303833,NashSolutionConcept,5.72,0.49076470940767547,0.006099435828980946,7.838969985250659e-05,2.561763048171997,0.03292367393805283,COMPLETE
208,7.1775,2025-06-12 21:41:52.154587,2025-06-12 21:41:56.033079,0 days 00:00:03.878492,16,0.5353293321850144,0.17237589595879113,0.9471950192160211,0.01122838231402287,467,2087312,7.1775,1.7563367416301465,0.72725,0.05003686141236277,460.0,4,4.91,"[0.641, -0.14999999999999997]",2087312,"[6.41, -1.4999999999999996]",0.008052489031916079,3.7041449546813965,6.1,"[0.76, -0.14999999999999997]",2088312,"[7.6, -1.4999999999999996]",0.0080662551133529,3.710477352142334,8.379999999999999,"[0.76, 0.078]",2089312,"[7.6, 0.78]",0.0073231142500172495,3.3686325550079346,9.32,"[0.7479999999999999, 0.184]",2090312,"[7.479999999999999, 1.8399999999999999]",0.007426560961681864,3.4162180423736572,NashSolutionConcept,7.272499999999999,0.5003686141236275,0.007717104839242023,0.00034425019963418515,3.5498682260513306,0.15835509183172536,COMPLETE
209,8.752500000000001,2025-06-12 21:41:56.047375,2025-06-12 21:41:59.350785,0 days 00:00:03.303410,14,0.5252973335501054,0.16877950002553502,0.90608570514007,0.021041497713458753,440,2097316,8.752500000000001,1.4459145030049319,0.813,0.0564446631666803,440.0,4,7.460000000000001,"[0.763, -0.016999999999999984]",2097316,"[7.63, -0.16999999999999985]",0.006680514053864913,2.9394261837005615,10.78,"[0.877, 0.20100000000000007]",2098316,"[8.77, 2.0100000000000007]",0.006448528441515835,2.8373525142669678,9.459999999999999,"[0.7510000000000001, 0.195]",2099316,"[7.510000000000002, 1.9500000000000002]",0.0068033646453510635,2.9934804439544678,7.31,"[0.861, -0.12999999999999995]",2100316,"[8.61, -1.2999999999999994]",0.0068859918551011515,3.029836416244507,NashSolutionConcept,8.129999999999999,0.5644466316668028,0.00670459974895824,0.0001649319830519824,2.950023889541626,0.07257007254287222,COMPLETE
210,5.865,2025-06-12 21:41:59.364505,2025-06-12 21:42:00.845622,0 days 00:00:01.481117,12,0.521612033586259,0.16681479016670092,0.9053519251588309,0.02419417796545533,199,2107319,5.865,3.0557609526924714,0.538,0.23170994799533318,190.0,4,8.59,"[0.868, -0.008999999999999985]",2107319,"[8.68, -0.08999999999999986]",0.006611008393137078,1.256091594696045,8.39,"[0.525, 0.314]",2108319,"[5.25, 3.14]",0.006775331497192383,1.2873129844665527,5.45,"[0.546, -0.0009999999999999898]",2109319,"[5.460000000000001, -0.009999999999999898]",0.006674300996880782,1.2681171894073486,1.0300000000000002,"[0.213, -0.10999999999999999]",2110319,"[2.13, -1.0999999999999999]",0.006817672127171567,1.2953577041625977,NashSolutionConcept,5.38,2.3170994799533315,0.006719578253595452,8.149889075978639e-05,1.276719868183136,0.015484789244359377,COMPLETE
211,5.1850000000000005,2025-06-12 21:42:01.698711,2025-06-12 21:42:04.849824,0 days 00:00:03.151113,14,0.5126313761612635,0.16971474963321623,0.9117220475464829,0.015339469694181589,441,2117321,5.1850000000000005,2.06506053180046,0.56625,0.19592265693380131,440.0,4,6.390000000000001,"[0.5439999999999999, 0.095]",2117321,"[5.4399999999999995, 0.95]",0.006005012447183783,2.6422054767608643,5.050000000000001,"[0.531, -0.02599999999999999]",2118321,"[5.3100000000000005, -0.2599999999999999]",0.006494865634224632,2.857740879058838,1.9100000000000001,"[0.32100000000000006, -0.12999999999999995]",2119321,"[3.210000000000001, -1.2999999999999994]",0.006762132861397483,2.9753384590148926,7.389999999999999,"[0.8690000000000001, -0.12999999999999995]",2120321,"[8.690000000000001, -1.2999999999999994]",0.00639114108952609,2.8121020793914795,NashSolutionConcept,5.6625000000000005,1.9592265693380133,0.0064132880080829974,0.0002718120032301941,2.8218467235565186,0.11959728142128541,COMPLETE
212,3.3024999999999993,2025-06-12 21:42:04.864656,2025-06-12 21:42:06.527760,0 days 00:00:01.663104,28,0.5283018970522168,0.17472103976572176,0.9047701786347436,0.02011374685697441,105,2127324,3.3024999999999993,1.434265927225492,0.38825,0.19824022674522945,100.0,4,4.319999999999999,"[0.5799999999999998, -0.14800000000000005]",2127324,"[5.799999999999999, -1.4800000000000004]",0.01458125352859497,1.458125352859497,1.8999999999999992,"[0.07999999999999996, 0.10999999999999996]",2128324,"[0.7999999999999996, 1.0999999999999996]",0.013602402210235596,1.3602402210235596,5.1,"[0.5429999999999999, -0.03300000000000005]",2129324,"[5.43, -0.3300000000000005]",0.014108357429504394,1.4108357429504395,1.8899999999999992,"[0.35, -0.16100000000000006]",2130324,"[3.5, -1.6100000000000005]",0.014822955131530762,1.4822955131530762,NashSolutionConcept,3.8824999999999994,1.9824022674522948,0.014278742074966431,0.0004674792964787031,1.427874207496643,0.04674792964787029,COMPLETE
213,3.2075000000000005,2025-06-12 21:42:06.542172,2025-06-12 21:42:07.673480,0 days 00:00:01.131308,14,0.5071961202612663,0.16376856959824004,0.906340230772952,0.017871157929214388,121,2137326,3.2075000000000005,0.4611602216150043,0.3157500000000001,0.08208037219701189,120.0,4,3.000000000000001,"[0.43000000000000005, -0.12999999999999995]",2137326,"[4.300000000000001, -1.2999999999999994]",0.007762964566548665,0.9315557479858398,2.85,"[0.198, 0.087]",2138326,"[1.98, 0.8699999999999999]",0.007815130551656087,0.9378156661987305,4.0,"[0.31400000000000006, 0.08600000000000001]",2139326,"[3.1400000000000006, 0.8600000000000001]",0.007964591185251871,0.9557509422302246,2.98,"[0.32100000000000006, -0.022999999999999986]",2140326,"[3.210000000000001, -0.22999999999999987]",0.007695553700129191,0.9234664440155029,NashSolutionConcept,3.1575000000000006,0.8208037219701191,0.007809560000896453,9.90382126695345e-05,0.9371472001075745,0.011884585520344155,COMPLETE
214,7.2875,2025-06-12 21:42:07.688143,2025-06-12 21:42:10.865426,0 days 00:00:03.177283,15,0.539841921470947,0.18063626436220237,0.92309282188248,0.00872093027653771,430,2147327,7.2875,2.1304386285457744,0.671,0.12614673994994877,430.0,4,5.0600000000000005,"[0.532, -0.025999999999999978]",2147327,"[5.32, -0.2599999999999998]",0.007009800644808038,3.014214277267456,7.139999999999999,"[0.6300000000000001, 0.084]",2148327,"[6.300000000000001, 0.8400000000000001]",0.0067410657572191815,2.898658275604248,10.75,"[0.876, 0.199]",2149327,"[8.76, 1.9900000000000002]",0.006193573530330215,2.663236618041992,6.199999999999999,"[0.6460000000000001, -0.026000000000000002]",2150327,"[6.460000000000001, -0.26]",0.006698060590167378,2.8801660537719727,NashSolutionConcept,6.710000000000001,1.2614673994994874,0.006660625130631204,0.0002949291631396098,2.8640688061714172,0.12681954015003222,COMPLETE
