number,value,datetime_start,datetime_complete,duration,params_episode_length,params_epsilon_max,params_epsilon_min,params_gamma,params_learning_rate,params_num_episodes,user_attrs_base_seed,user_attrs_collective_reward_mean,user_attrs_collective_reward_std,user_attrs_individual_reward_agent0_mean,user_attrs_individual_reward_agent0_std,user_attrs_num_episodes_mean,user_attrs_num_parallel_runs,user_attrs_run_0_collective_reward,user_attrs_run_0_individual_rewards,user_attrs_run_0_seed,user_attrs_run_0_total_individual_rewards,user_attrs_run_0_training_time_per_episode,user_attrs_run_0_training_time_total,user_attrs_run_1_collective_reward,user_attrs_run_1_individual_rewards,user_attrs_run_1_seed,user_attrs_run_1_total_individual_rewards,user_attrs_run_1_training_time_per_episode,user_attrs_run_1_training_time_total,user_attrs_run_2_collective_reward,user_attrs_run_2_individual_rewards,user_attrs_run_2_seed,user_attrs_run_2_total_individual_rewards,user_attrs_run_2_training_time_per_episode,user_attrs_run_2_training_time_total,user_attrs_run_3_collective_reward,user_attrs_run_3_individual_rewards,user_attrs_run_3_seed,user_attrs_run_3_total_individual_rewards,user_attrs_run_3_training_time_per_episode,user_attrs_run_3_training_time_total,user_attrs_solution_concept,user_attrs_total_individual_reward_agent0_mean,user_attrs_total_individual_reward_agent0_std,user_attrs_training_time_per_episode_mean,user_attrs_training_time_per_episode_std,user_attrs_training_time_total_mean,user_attrs_training_time_total_std,state
259,3.7674999999999974,2025-06-12 21:45:07.539078,2025-06-12 21:45:16.526815,0 days 00:00:08.987737,50,0.7743673295166009,0.13126954565317528,0.9629678224946063,0.015756957253243862,451,2597507,3.7674999999999974,1.6300057515235953,0.7239999999999999,0.06353345575364212,450.0,4,6.4099999999999975,"[0.834, -0.19300000000000023]",2597507,"[8.34, -1.9300000000000024]",0.01687278323703342,7.592752456665039,3.329999999999997,"[0.687, -0.3540000000000002]",2598507,"[6.870000000000001, -3.540000000000002]",0.018437684377034504,8.296957969665527,1.949999999999997,"[0.6849999999999998, -0.4900000000000003]",2599507,"[6.849999999999998, -4.900000000000003]",0.018370913399590388,8.266911029815674,3.3799999999999972,"[0.69, -0.3520000000000002]",2600507,"[6.8999999999999995, -3.5200000000000022]",0.019335806634691026,8.701112985610962,NashSolutionConcept,7.239999999999999,0.6353345575364213,0.018254296912087332,0.0008839504626822403,8.2144336104393,0.3977777082070081,COMPLETE
260,6.960000000000001,2025-06-12 21:45:16.542701,2025-06-12 21:45:19.027222,0 days 00:00:02.484521,14,0.5339969903212551,0.1681118558969493,0.9241737820457054,0.002032468710347111,291,2607516,6.960000000000001,2.8235173100230857,0.63525,0.20182216800936414,290.0,4,6.150000000000001,"[0.635, -0.019999999999999983]",2607516,"[6.35, -0.19999999999999984]",0.0076272569853683995,2.211904525756836,10.64,"[0.8560000000000001, 0.20800000000000005]",2608516,"[8.56, 2.0800000000000005]",0.007198608332666857,2.0875964164733887,2.9200000000000004,"[0.313, -0.020999999999999998]",2609516,"[3.13, -0.20999999999999996]",0.007686272982893319,2.2290191650390625,8.13,"[0.737, 0.07600000000000003]",2610516,"[7.37, 0.7600000000000002]",0.007831907272338868,2.2712531089782715,NashSolutionConcept,6.3525,2.0182216800936414,0.00758601139331686,0.00023574323952611868,2.1999433040618896,0.06836553946257436,COMPLETE
261,6.7525,2025-06-12 21:45:20.166153,2025-06-12 21:45:24.666006,0 days 00:00:04.499853,17,0.520454510470397,0.08178841435539222,0.9738345105540611,0.005269982036479895,484,2617520,6.7525,3.185171698668692,0.66625,0.1462897381910297,480.0,4,2.5300000000000002,"[0.4129999999999999, -0.15999999999999998]",2617520,"[4.129999999999999, -1.5999999999999996]",0.008955245713392894,4.298517942428589,7.049999999999999,"[0.7489999999999999, -0.04400000000000002]",2618520,"[7.489999999999998, -0.44000000000000017]",0.008894091347853343,4.2691638469696045,11.450000000000001,"[0.745, 0.4]",2619520,"[7.45, 4.0]",0.008944720526536306,4.293465852737427,5.9799999999999995,"[0.758, -0.15999999999999998]",2620520,"[7.58, -1.5999999999999996]",0.008892350892225901,4.268328428268433,NashSolutionConcept,6.6625,1.4628973819102968,0.00892160212000211,2.8630530066529344e-05,4.282369017601013,0.013742654431934056,COMPLETE
262,4.4675,2025-06-12 21:45:24.681933,2025-06-12 21:45:27.144927,0 days 00:00:02.462994,13,0.7992418881329502,0.09946029771219345,0.978968094906274,0.030487392051926902,329,2627524,4.4675,1.9656471580627077,0.429,0.15245163167378692,320.0,4,3.1200000000000006,"[0.43199999999999994, -0.11999999999999997]",2627524,"[4.319999999999999, -1.1999999999999997]",0.006857932358980179,2.1945383548736572,1.9700000000000004,"[0.209, -0.011999999999999985]",2628524,"[2.09, -0.11999999999999984]",0.0070283390581607815,2.24906849861145,6.46,"[0.43500000000000005, 0.21100000000000002]",2629524,"[4.3500000000000005, 2.1100000000000003]",0.006887126713991165,2.203880548477173,6.32,"[0.6399999999999999, -0.007999999999999983]",2630524,"[6.399999999999999, -0.07999999999999982]",0.0067453205585479735,2.1585025787353516,NashSolutionConcept,4.289999999999999,1.524516316737869,0.006879679672420025,0.0001008468994557036,2.201497495174408,0.03227100782582517,COMPLETE
263,6.9624999999999995,2025-06-12 21:45:27.160295,2025-06-12 21:45:30.746893,0 days 00:00:03.586598,15,0.5300941940092957,0.1753540371620622,0.9921629844254567,0.008500580145241953,417,2637527,6.9624999999999995,1.6511870729871896,0.6180000000000001,0.1217374223482656,410.0,4,5.099999999999999,"[0.42400000000000004, 0.08600000000000005]",2637527,"[4.24, 0.8600000000000005]",0.008010674104457948,3.284376382827759,7.300000000000001,"[0.6519999999999999, 0.07800000000000003]",2638527,"[6.52, 0.7800000000000002]",0.007849051894211187,3.218111276626587,5.969999999999999,"[0.636, -0.039]",2639527,"[6.36, -0.39]",0.00825043945777707,3.3826801776885986,9.48,"[0.76, 0.18800000000000003]",2640527,"[7.6, 1.8800000000000003]",0.007772340425630895,3.186659574508667,NashSolutionConcept,6.18,1.217374223482656,0.007970626470519274,0.00018302790362686812,3.267956852912903,0.0750414404870159,COMPLETE
264,9.0675,2025-06-12 21:45:30.763246,2025-06-12 21:45:35.078746,0 days 00:00:04.315500,16,0.5106279782280281,0.09514582276969692,0.904362049517829,0.01355989867731928,461,2647530,9.0675,2.1748836175758925,0.692,0.13424418050701487,460.0,4,12.71,"[0.8629999999999999, 0.40800000000000003]",2647530,"[8.629999999999999, 4.08]",0.00852704255477242,3.9224395751953125,8.25,"[0.642, 0.183]",2648530,"[6.42, 1.83]",0.008710734740547512,4.0069379806518555,8.36,"[0.76, 0.076]",2649530,"[7.6, 0.76]",0.008729445934295654,4.015545129776001,6.95,"[0.503, 0.19200000000000003]",2650530,"[5.03, 1.9200000000000004]",0.008706204269243322,4.004853963851929,NashSolutionConcept,6.92,1.3424418050701485,0.008668356874714726,8.205168951091679e-05,3.9874441623687744,0.037743777175021996,COMPLETE
265,5.48,2025-06-12 21:45:35.095875,2025-06-12 21:45:39.265077,0 days 00:00:04.169202,16,0.5517615712619867,0.08825699618848155,0.905142415339343,0.014200948176423561,465,2657535,5.48,3.8627257215598414,0.5277499999999999,0.2920713739824566,460.0,4,3.7300000000000004,"[0.409, -0.036]",2657535,"[4.09, -0.36]",0.00861388237580009,3.962385892868042,1.5099999999999998,"[0.191, -0.039999999999999994]",2658535,"[1.9100000000000001, -0.3999999999999999]",0.008605895871701448,3.958712100982666,4.84,"[0.5209999999999999, -0.037]",2659535,"[5.209999999999999, -0.37]",0.008330843759619672,3.832188129425049,11.84,"[0.99, 0.19400000000000003]",2660535,"[9.9, 1.9400000000000004]",0.007542529831761899,3.4695637226104736,NashSolutionConcept,5.2775,2.9207137398245657,0.008273287959720778,0.0004370219362504918,3.8057124614715576,0.20103009067522626,COMPLETE
266,5.835000000000001,2025-06-12 21:45:40.499991,2025-06-12 21:45:44.579438,0 days 00:00:04.079447,18,0.9233109512898171,0.09338009988705724,0.9033462652406755,0.012265965112014603,459,2667540,5.835000000000001,1.8628808335478682,0.55125,0.17091719486347767,450.0,4,8.18,"[0.756, 0.06199999999999998]",2667540,"[7.5600000000000005, 0.6199999999999998]",0.007926640510559082,3.566988229751587,4.71,"[0.29500000000000004, 0.17600000000000002]",2668540,"[2.95, 1.7600000000000002]",0.008415494494967991,3.7869725227355957,3.44,"[0.514, -0.16999999999999998]",2669540,"[5.140000000000001, -1.6999999999999997]",0.008532311121622721,3.8395400047302246,7.01,"[0.64, 0.061]",2670540,"[6.4, 0.61]",0.008632329834832085,3.8845484256744385,NashSolutionConcept,5.512500000000001,1.709171948634777,0.00837669399049547,0.0002709335667466037,3.7695122957229614,0.12192010503597163,COMPLETE
267,7.472499999999999,2025-06-12 21:45:44.596173,2025-06-12 21:45:49.065576,0 days 00:00:04.469403,17,0.517860847102903,0.0756528380617702,0.9060458068333676,0.00047259972893794584,437,2677544,7.472499999999999,2.5730951692465633,0.68775,0.18500996594778352,430.0,4,6.93,"[0.6399999999999999, 0.05299999999999998]",2677544,"[6.399999999999999, 0.5299999999999998]",0.009667860629946687,4.157180070877075,8.959999999999999,"[0.8470000000000001, 0.04899999999999999]",2678544,"[8.47, 0.4899999999999999]",0.009504535031873127,4.086950063705444,3.5699999999999994,"[0.4049999999999999, -0.04800000000000001]",2679544,"[4.049999999999999, -0.4800000000000001]",0.009568669075189634,4.114527702331543,10.43,"[0.859, 0.18399999999999994]",2680544,"[8.59, 1.8399999999999994]",0.009011039622994356,3.8747470378875732,NashSolutionConcept,6.8774999999999995,1.8500996594778354,0.009438026090000952,0.0002532944865600164,4.058351218700409,0.10891662922080692,COMPLETE
268,6.3375,2025-06-12 21:45:49.081062,2025-06-12 21:45:52.989610,0 days 00:00:03.908548,15,0.5393268968627575,0.08490589932087682,0.9026728025892966,0.013953393545703383,451,2687549,6.3375,3.1726674502695675,0.5285,0.2099601152600179,450.0,4,10.48,"[0.639, 0.4090000000000001]",2687549,"[6.390000000000001, 4.090000000000001]",0.00810517258114285,3.6473276615142822,3.84,"[0.5239999999999999, -0.13999999999999996]",2688549,"[5.239999999999999, -1.3999999999999995]",0.007753534846835666,3.48909068107605,8.3,"[0.757, 0.073]",2689549,"[7.57, 0.73]",0.007544256846110026,3.3949155807495117,2.730000000000001,"[0.19399999999999998, 0.07900000000000004]",2690549,"[1.9399999999999997, 0.7900000000000005]",0.00819886048634847,3.6894872188568115,NashSolutionConcept,5.285,2.0996011526001794,0.007900456190109253,0.00026429991418208893,3.555205285549164,0.11893496138193985,COMPLETE
269,8.745000000000001,2025-06-12 21:45:53.005222,2025-06-12 21:45:56.816395,0 days 00:00:03.811173,14,0.8179604832378317,0.16399582648295571,0.9079791743140185,0.011009010004806787,470,2697553,8.745000000000001,1.7445414870389295,0.8405,0.04430857704779063,470.0,4,8.56,"[0.764, 0.092]",2697553,"[7.640000000000001, 0.9199999999999999]",0.007430114137365463,3.4921536445617676,7.36,"[0.866, -0.12999999999999995]",2698553,"[8.66, -1.2999999999999994]",0.0076762904512121324,3.607856512069702,11.65,"[0.8610000000000001, 0.304]",2699553,"[8.610000000000001, 3.04]",0.007512740885957758,3.5309882164001465,7.410000000000001,"[0.8709999999999999, -0.12999999999999995]",2700553,"[8.709999999999999, -1.2999999999999994]",0.007439984666540268,3.496792793273926,NashSolutionConcept,8.405000000000001,0.44308577047790615,0.007514782535268905,9.855510389385784e-05,3.5319477915763855,0.04632089883011311,COMPLETE
270,7.130000000000001,2025-06-12 21:45:56.831523,2025-06-12 21:46:00.379877,0 days 00:00:03.548354,14,0.8168289522418184,0.1609816622997915,0.9103601954385742,0.017761090633911115,464,2707556,7.130000000000001,0.8913753418173508,0.7595000000000001,0.1092348387649288,460.0,4,8.45,"[0.8629999999999999, -0.017999999999999995]",2707556,"[8.629999999999999, -0.17999999999999994]",0.007271073175513226,3.344693660736084,7.44,"[0.874, -0.12999999999999995]",2708556,"[8.74, -1.2999999999999994]",0.007236740900122601,3.3289008140563965,6.240000000000001,"[0.642, -0.017999999999999995]",2709556,"[6.42, -0.17999999999999994]",0.007220966401307479,3.3216445446014404,6.390000000000001,"[0.659, -0.019999999999999983]",2710556,"[6.59, -0.19999999999999984]",0.006867443478625754,3.1590240001678467,NashSolutionConcept,7.595,1.0923483876492883,0.0071490559888922655,0.00016359519464267464,3.288565754890442,0.07525378953563037,COMPLETE
271,4.487500000000001,2025-06-12 21:46:01.623077,2025-06-12 21:46:05.011716,0 days 00:00:03.388639,15,0.8335251871218603,0.16691006780359008,0.907092993949495,0.011577928205818704,429,2717561,4.487500000000001,4.055307479094526,0.41925,0.35165634858480804,420.0,4,9.47,"[0.8610000000000001, 0.08600000000000005]",2717561,"[8.610000000000001, 0.8600000000000005]",0.006977748303186326,2.930654287338257,7.31,"[0.645, 0.08600000000000005]",2718561,"[6.45, 0.8600000000000005]",0.007557887690407889,3.1743128299713135,1.7100000000000004,"[0.19899999999999995, -0.02799999999999999]",2719561,"[1.9899999999999995, -0.2799999999999999]",0.0074913473356337775,3.1463658809661865,-0.5399999999999998,"[-0.02799999999999999, -0.02599999999999999]",2720561,"[-0.2799999999999999, -0.2599999999999999]",0.007565358706883022,3.177450656890869,NashSolutionConcept,4.1925,3.5165634858480805,0.0073980855090277535,0.000244386064870242,3.1071959137916565,0.10264214724550161,COMPLETE
272,6.07,2025-06-12 21:46:05.026959,2025-06-12 21:46:08.965171,0 days 00:00:03.938212,16,0.8099024430557861,0.16376871178528074,0.9842026784778328,0.010348988082831741,472,2727565,6.07,3.099249909252237,0.587,0.20359641450673926,470.0,4,8.36,"[0.648, 0.188]",2727565,"[6.48, 1.88]",0.007484791633930612,3.5178520679473877,1.5499999999999998,"[0.30500000000000005, -0.14999999999999997]",2728565,"[3.0500000000000007, -1.4999999999999996]",0.007954220568880122,3.7384836673736572,4.92,"[0.5269999999999999, -0.03500000000000001]",2729565,"[5.27, -0.3500000000000001]",0.007505870372691053,3.527759075164795,9.45,"[0.868, 0.077]",2730565,"[8.68, 0.77]",0.007470437820921553,3.51110577583313,NashSolutionConcept,5.87,2.0359641450673926,0.0076038300991058344,0.00020269018561487492,3.5738001465797424,0.09526438723899125,COMPLETE
273,5.667499999999999,2025-06-12 21:46:08.981120,2025-06-12 21:46:14.502885,0 days 00:00:05.521765,26,0.8234392907620698,0.09588669904385212,0.9769527256103988,0.013272516357557218,456,2737569,5.667499999999999,0.9389455522020433,0.6629999999999999,0.1954622725745304,450.0,4,4.9,"[0.49399999999999994, -0.00400000000000002]",2737569,"[4.9399999999999995, -0.0400000000000002]",0.010803145302666559,4.861415386199951,7.069999999999999,"[0.9570000000000001, -0.25000000000000006]",2738569,"[9.57, -2.5000000000000004]",0.010863324801127117,4.888496160507202,5.97,"[0.723, -0.12600000000000003]",2739569,"[7.2299999999999995, -1.2600000000000002]",0.011669894854227703,5.251452684402466,4.729999999999999,"[0.4779999999999999, -0.005000000000000032]",2740569,"[4.779999999999999, -0.05000000000000032]",0.011198273764716254,5.0392231941223145,NashSolutionConcept,6.629999999999999,1.954622725745304,0.011133659680684409,0.00034425420926332287,5.010146856307983,0.15491439416849528,COMPLETE
274,5.477500000000001,2025-06-12 21:46:14.518289,2025-06-12 21:46:17.897480,0 days 00:00:03.379191,14,0.7911650404323809,0.1706143930503122,0.90752599833504,0.009160170152294521,441,2747574,5.477500000000001,1.6688225639653844,0.5095000000000001,0.12102169227043551,440.0,4,7.470000000000001,"[0.539, 0.20800000000000002]",2747574,"[5.390000000000001, 2.08]",0.006777518445795233,2.9821081161499023,6.310000000000001,"[0.536, 0.095]",2748574,"[5.36, 0.95]",0.006713767485185103,2.9540576934814453,2.950000000000001,"[0.31500000000000006, -0.019999999999999997]",2749574,"[3.1500000000000004, -0.19999999999999996]",0.007241007414731112,3.1860432624816895,5.180000000000001,"[0.6479999999999999, -0.12999999999999995]",2750574,"[6.479999999999999, -1.2999999999999994]",0.006905628334392201,3.0384764671325684,NashSolutionConcept,5.095,1.210216922704355,0.0069094804200259125,0.00020349600873779592,3.0401713848114014,0.08953824384463026,COMPLETE
275,7.577500000000001,2025-06-12 21:46:17.913050,2025-06-12 21:46:22.014108,0 days 00:00:04.101058,17,0.8046064084791883,0.09096595234253896,0.9528602064453102,0.015504234733696245,464,2757577,7.577500000000001,2.0793553688583395,0.747,0.14432601983010548,460.0,4,8.18,"[0.755, 0.06299999999999997]",2757577,"[7.55, 0.6299999999999997]",0.007902501977008322,3.635150909423828,4.62,"[0.509, -0.047]",2758577,"[5.09, -0.47]",0.008479580671890922,3.900607109069824,10.4,"[0.853, 0.187]",2759577,"[8.53, 1.87]",0.007274114567300548,3.346092700958252,7.11,"[0.8710000000000001, -0.15999999999999998]",2760577,"[8.71, -1.5999999999999996]",0.008033064655635669,3.6952097415924072,NashSolutionConcept,7.470000000000001,1.4432601983010551,0.007922315467958865,0.0004310936302366372,3.644265115261078,0.19830306990885313,COMPLETE
276,6.94,2025-06-12 21:46:23.252304,2025-06-12 21:46:27.023633,0 days 00:00:03.771329,15,0.5994876676823698,0.09836397399527412,0.9127815075885494,0.010865857425121547,447,2767583,6.94,2.525994853518114,0.5887500000000001,0.2551836348592911,440.0,4,9.389999999999999,"[0.8640000000000001, 0.07500000000000004]",2767583,"[8.64, 0.7500000000000004]",0.007684121890501543,3.3810136318206787,8.33,"[0.7619999999999999, 0.07100000000000002]",2768583,"[7.619999999999999, 0.7100000000000002]",0.007469768957658248,3.286698341369629,7.279999999999999,"[0.5290000000000001, 0.199]",2769583,"[5.290000000000001, 1.9900000000000002]",0.007806950807571411,3.435058355331421,2.7600000000000002,"[0.19999999999999998, 0.076]",2770583,"[1.9999999999999998, 0.76]",0.007852317528291183,3.45501971244812,NashSolutionConcept,5.887499999999999,2.5518363485929108,0.007703289796005596,0.00014820109720654326,3.389447510242462,0.06520848277087904,COMPLETE
277,5.25,2025-06-12 21:46:27.039226,2025-06-12 21:46:30.377491,0 days 00:00:03.338265,13,0.8414468318213244,0.18964965735255035,0.9657933182084448,0.022411550729636236,474,2777587,5.25,1.681442832807586,0.512,0.04677071733467427,470.0,4,3.1100000000000003,"[0.43099999999999994, -0.11999999999999997]",2777587,"[4.31, -1.1999999999999997]",0.006558389359332145,3.0824429988861084,4.18,"[0.5379999999999999, -0.11999999999999997]",2778587,"[5.379999999999999, -1.1999999999999997]",0.0066590851925789046,3.129770040512085,7.32,"[0.54, 0.19200000000000003]",2779587,"[5.4, 1.9200000000000004]",0.006350048552168176,2.984522819519043,6.39,"[0.5389999999999999, 0.10000000000000005]",2780587,"[5.389999999999999, 1.0000000000000004]",0.006593911698523988,3.0991384983062744,NashSolutionConcept,5.119999999999999,0.46770717334674256,0.006540358700650804,0.00011565785828762501,3.0739685893058777,0.05435919339518368,COMPLETE
278,4.9,2025-06-12 21:46:30.392601,2025-06-12 21:46:33.822137,0 days 00:00:03.429536,14,0.778961061200858,0.07867404911354559,0.9748912603142905,0.00958791681615466,434,2787590,4.9,3.417857516047151,0.4815000000000001,0.25171859287704595,430.0,4,8.43,"[0.6450000000000001, 0.198]",2787590,"[6.450000000000001, 1.98]",0.0070127758868905,3.015493631362915,7.390000000000001,"[0.756, -0.016999999999999984]",2788590,"[7.5600000000000005, -0.16999999999999985]",0.007259565730427586,3.1216132640838623,4.120000000000001,"[0.4290000000000001, -0.01699999999999998]",2789590,"[4.290000000000001, -0.16999999999999982]",0.007113312011541322,3.0587241649627686,-0.33999999999999975,"[0.096, -0.12999999999999995]",2790590,"[0.96, -1.2999999999999994]",0.0074757836585821105,3.2145869731903076,NashSolutionConcept,4.815000000000001,2.5171859287704597,0.00721535932186038,0.00017408959143420504,3.1026045083999634,0.0748585243167082,COMPLETE
279,6.342499999999999,2025-06-12 21:46:33.837085,2025-06-12 21:46:37.672540,0 days 00:00:03.835455,16,0.7616475273629032,0.1579156003394025,0.9801952151086455,0.011756922865105796,457,2797593,6.342499999999999,2.63630778741785,0.585,0.23769728648009428,450.0,4,6.05,"[0.7550000000000001, -0.14999999999999997]",2797593,"[7.550000000000001, -1.4999999999999996]",0.008062999513414172,3.628349781036377,4.92,"[0.4149999999999999, 0.077]",2798593,"[4.1499999999999995, 0.77]",0.007858394516838922,3.5362775325775146,10.68,"[0.875, 0.19299999999999998]",2799593,"[8.75, 1.9299999999999997]",0.006967770258585612,3.1354966163635254,3.7199999999999998,"[0.29500000000000004, 0.077]",2800593,"[2.95, 0.77]",0.008048307100931804,3.6217381954193115,NashSolutionConcept,5.85,2.3769728648009427,0.007734367847442627,0.0004498919605648398,3.480465531349182,0.2024513822541778,COMPLETE
280,3.942500000000001,2025-06-12 21:46:37.687588,2025-06-12 21:46:40.894346,0 days 00:00:03.206758,13,0.5716967956810135,0.07028432533615006,0.9091744058964172,0.007690965226508638,420,2807597,3.942500000000001,3.9676654029794403,0.40425,0.27179162514691285,420.0,4,2.0000000000000004,"[0.32, -0.11999999999999997]",2807597,"[3.2, -1.1999999999999997]",0.0071805181957426524,3.015817642211914,0.9299999999999999,"[0.213, -0.11999999999999997]",2808597,"[2.13, -1.1999999999999997]",0.007051416805812291,2.961595058441162,2.0700000000000003,"[0.21500000000000002, -0.007999999999999983]",2809597,"[2.1500000000000004, -0.07999999999999982]",0.007010742028554281,2.944511651992798,10.770000000000001,"[0.869, 0.20800000000000002]",2810597,"[8.69, 2.08]",0.007054800078982399,2.9630160331726074,NashSolutionConcept,4.0425,2.7179162514691284,0.007074369277272905,6.369024481755865e-05,2.9712350964546204,0.02674990282337467,COMPLETE
