number,value,datetime_start,datetime_complete,duration,params_episode_length,params_epsilon_max,params_epsilon_min,params_gamma,params_learning_rate,params_num_episodes,user_attrs_base_seed,user_attrs_collective_reward_mean,user_attrs_collective_reward_std,user_attrs_individual_reward_agent0_mean,user_attrs_individual_reward_agent0_std,user_attrs_num_episodes_mean,user_attrs_num_parallel_runs,user_attrs_run_0_collective_reward,user_attrs_run_0_individual_rewards,user_attrs_run_0_seed,user_attrs_run_0_total_individual_rewards,user_attrs_run_0_training_time_per_episode,user_attrs_run_0_training_time_total,user_attrs_run_1_collective_reward,user_attrs_run_1_individual_rewards,user_attrs_run_1_seed,user_attrs_run_1_total_individual_rewards,user_attrs_run_1_training_time_per_episode,user_attrs_run_1_training_time_total,user_attrs_run_2_collective_reward,user_attrs_run_2_individual_rewards,user_attrs_run_2_seed,user_attrs_run_2_total_individual_rewards,user_attrs_run_2_training_time_per_episode,user_attrs_run_2_training_time_total,user_attrs_run_3_collective_reward,user_attrs_run_3_individual_rewards,user_attrs_run_3_seed,user_attrs_run_3_total_individual_rewards,user_attrs_run_3_training_time_per_episode,user_attrs_run_3_training_time_total,user_attrs_solution_concept,user_attrs_total_individual_reward_agent0_mean,user_attrs_total_individual_reward_agent0_std,user_attrs_training_time_per_episode_mean,user_attrs_training_time_per_episode_std,user_attrs_training_time_total_mean,user_attrs_training_time_total_std,state
128,5.002499999999998,2025-06-12 21:36:44.016234,2025-06-12 21:36:51.900503,0 days 00:00:07.884269,44,0.8288509620752476,0.0667517093618144,0.9769668437553917,0.006074176030061939,428,1287004,5.002499999999998,2.6505789461927,0.6275,0.16189888819877674,420.0,4,6.989999999999998,"[0.844, -0.14500000000000018]",1287004,"[8.44, -1.450000000000002]",0.014444867202213833,6.06684422492981,1.0599999999999974,"[0.41099999999999987, -0.3050000000000002]",1288004,"[4.1099999999999985, -3.050000000000002]",0.01797063975107102,7.547668695449829,4.149999999999998,"[0.7019999999999998, -0.2870000000000002]",1289004,"[7.019999999999999, -2.870000000000002]",0.016881744066874187,7.090332508087158,7.81,"[0.5529999999999998, 0.2279999999999999]",1290004,"[5.5299999999999985, 2.279999999999999]",0.014229697840554374,5.976473093032837,NashSolutionConcept,6.274999999999999,1.6189888819877674,0.015881737215178354,0.0015935304387869474,6.6703296303749084,0.6692827842905179,COMPLETE
129,5.642500000000001,2025-06-12 21:36:51.914546,2025-06-12 21:36:55.324598,0 days 00:00:03.410052,12,0.5317066245466731,0.08041890308190407,0.9847439350530561,0.008681427392296716,489,1297011,5.642500000000001,3.0281048115942086,0.5722499999999999,0.21075385524350437,480.0,4,7.659999999999999,"[0.876, -0.10999999999999999]",1297011,"[8.76, -1.0999999999999999]",0.006528443594773611,3.133652925491333,2.160000000000001,"[0.32600000000000007, -0.10999999999999999]",1298011,"[3.2600000000000007, -1.0999999999999999]",0.006696959336598714,3.214540481567383,9.49,"[0.651, 0.29800000000000004]",1299011,"[6.51, 2.9800000000000004]",0.0065446058909098305,3.1414108276367188,3.2600000000000007,"[0.43599999999999994, -0.10999999999999999]",1300011,"[4.359999999999999, -1.0999999999999999]",0.006678954263528188,3.2058980464935303,NashSolutionConcept,5.7225,2.1075385524350434,0.006612240771452586,7.619771845459079e-05,3.173875570297241,0.03657490485820363,COMPLETE
130,6.037499999999999,2025-06-12 21:36:55.339247,2025-06-12 21:36:59.729029,0 days 00:00:04.389782,20,0.5599281974458117,0.12272833267256615,0.9664100830178003,0.004252787764794326,415,1307015,6.037499999999999,2.034973894181446,0.624,0.08654767472324144,410.0,4,8.77,"[0.623, 0.254]",1307015,"[6.23, 2.54]",0.009861893770171375,4.043376445770264,6.779999999999999,"[0.752, -0.07400000000000004]",1308015,"[7.52, -0.7400000000000004]",0.009606529445182987,3.9386770725250244,3.1799999999999997,"[0.5079999999999999, -0.19]",1309015,"[5.079999999999999, -1.9]",0.0099869966506958,4.094668626785278,5.419999999999999,"[0.6129999999999999, -0.07100000000000001]",1310015,"[6.129999999999999, -0.7100000000000001]",0.00964014181276647,3.952458143234253,NashSolutionConcept,6.239999999999999,0.8654767472324143,0.009773890419704157,0.00015736680163821676,4.007295072078705,0.06452038867166889,COMPLETE
131,7.4575000000000005,2025-06-12 21:37:00.287708,2025-06-12 21:37:02.955807,0 days 00:00:02.668099,11,0.511459583700038,0.10470363072093411,0.9917461334579935,0.038972355909570225,383,1317020,7.4575000000000005,1.7762653940219635,0.65775,0.2013856685566279,380.0,4,8.8,"[0.66, 0.22000000000000003]",1317020,"[6.6000000000000005, 2.2]",0.006075835855383622,2.3088176250457764,7.72,"[0.8719999999999999, -0.09999999999999999]",1318020,"[8.719999999999999, -0.9999999999999999]",0.0065272368882831775,2.4803500175476074,8.83,"[0.7649999999999999, 0.118]",1319020,"[7.649999999999999, 1.18]",0.0062819129542300576,2.387126922607422,4.4799999999999995,"[0.33399999999999996, 0.11399999999999999]",1320020,"[3.34, 1.14]",0.0062802452790109735,2.38649320602417,NashSolutionConcept,6.5775,2.013856685566279,0.006291307744226958,0.00015992290026177922,2.390696942806244,0.060770702099476125,COMPLETE
132,6.5175,2025-06-12 21:37:02.971090,2025-06-12 21:37:05.261981,0 days 00:00:02.290891,10,0.5434563918611042,0.09861741316703478,0.9881930536930674,0.022758196696269037,359,1327023,6.5175,1.534476702332102,0.555,0.1288390468763255,350.0,4,8.860000000000001,"[0.657, 0.22900000000000004]",1327023,"[6.57, 2.2900000000000005]",0.006006178174700056,2.1021623611450195,5.760000000000001,"[0.5600000000000002, 0.01600000000000002]",1328023,"[5.600000000000001, 0.1600000000000002]",0.005799042156764439,2.0296647548675537,6.75,"[0.66, 0.01500000000000001]",1329023,"[6.6000000000000005, 0.1500000000000001]",0.005923290933881487,2.0731518268585205,4.699999999999999,"[0.3430000000000001, 0.127]",1330023,"[3.4300000000000006, 1.27]",0.0059095300946916856,2.06833553314209,NashSolutionConcept,5.550000000000001,1.288390468763255,0.005909510340009417,7.37187135857258e-05,2.068328619003296,0.02580154975500402,COMPLETE
133,6.959999999999999,2025-06-12 21:37:05.276849,2025-06-12 21:37:08.021656,0 days 00:00:02.744807,13,0.858780307028863,0.10190359765673357,0.990294690575779,0.010658777798711222,375,1337025,6.959999999999999,1.2538540584932523,0.6252500000000001,0.12420220408672307,370.0,4,7.619999999999999,"[0.77, -0.007999999999999983]",1337025,"[7.7, -0.07999999999999982]",0.006554208575068293,2.4250571727752686,5.24,"[0.42699999999999994, 0.09699999999999999]",1338025,"[4.27, 0.9699999999999999]",0.006886589849317396,2.5480382442474365,6.409999999999998,"[0.655, -0.013999999999999985]",1339025,"[6.550000000000001, -0.13999999999999985]",0.006842209197379447,2.5316174030303955,8.57,"[0.649, 0.20800000000000002]",1340025,"[6.49, 2.08]",0.006792053016456398,2.513059616088867,NashSolutionConcept,6.2524999999999995,1.2420220408672307,0.006768765159555384,0.0001283097194635164,2.504443109035492,0.04747459620150101,COMPLETE
134,5.4225,2025-06-12 21:37:08.036169,2025-06-12 21:37:11.037805,0 days 00:00:03.001636,12,0.5210908489744416,0.09341318446644352,0.980166780125218,0.03230556467629685,401,1347028,5.4225,1.478620556464707,0.546,0.13069047402163633,400.0,4,3.3200000000000003,"[0.44200000000000006, -0.10999999999999999]",1347028,"[4.420000000000001, -1.0999999999999999]",0.006686432957649231,2.6745731830596924,5.500000000000001,"[0.55, 1.1102230246251566e-17]",1348028,"[5.5, 1.1102230246251565e-16]",0.006767523884773255,2.7070095539093018,5.37,"[0.434, 0.10300000000000002]",1349028,"[4.34, 1.0300000000000002]",0.006413631439208985,2.5654525756835938,7.5,"[0.758, -0.007999999999999985]",1350028,"[7.58, -0.07999999999999985]",0.006648415327072143,2.6593661308288574,NashSolutionConcept,5.460000000000001,1.3069047402163632,0.006629000902175903,0.00013157505764417146,2.6516003608703613,0.05263002305766861,COMPLETE
135,6.385,2025-06-12 21:37:11.052640,2025-06-12 21:37:14.156687,0 days 00:00:03.104047,15,0.7800791478317778,0.09598817402474931,0.9960326997697441,0.07767176763549459,369,1357031,6.385,0.9199048863877177,0.69875,0.09688749919365242,360.0,4,4.96,"[0.531, -0.03499999999999999]",1357031,"[5.3100000000000005, -0.34999999999999987]",0.0078103979428609215,2.8117432594299316,6.19,"[0.759, -0.13999999999999996]",1358031,"[7.59, -1.3999999999999995]",0.007306191656324599,2.6302289962768555,7.24,"[0.753, -0.028999999999999998]",1359031,"[7.53, -0.29]",0.00770086513625251,2.7723114490509033,7.1499999999999995,"[0.752, -0.03699999999999999]",1360031,"[7.52, -0.3699999999999999]",0.007711815171771579,2.7762534618377686,NashSolutionConcept,6.9875,0.968874991936524,0.007632317476802403,0.0001930604622232631,2.7476342916488647,0.06950176640037475,COMPLETE
136,5.675000000000001,2025-06-12 21:37:14.797758,2025-06-12 21:37:17.686011,0 days 00:00:02.888253,10,0.5346396160230192,0.10768366414922054,0.9742042705029083,0.00704167651274669,464,1367034,5.675000000000001,2.7173930521733514,0.44625000000000004,0.2518078384403472,460.0,4,9.96,"[0.876, 0.12000000000000002]",1367034,"[8.76, 1.2000000000000002]",0.005437302071115245,2.5011589527130127,2.52,"[0.3420000000000001, -0.08999999999999998]",1368034,"[3.420000000000001, -0.8999999999999998]",0.005862454746080482,2.6967291831970215,5.650000000000001,"[0.233, 0.332]",1369034,"[2.33, 3.3200000000000003]",0.005519468887992527,2.5389556884765625,4.57,"[0.33399999999999996, 0.123]",1370034,"[3.34, 1.23]",0.005714230433754299,2.6285459995269775,NashSolutionConcept,4.4625,2.5180783844034718,0.005633364034735638,0.00016615830294108887,2.5913474559783936,0.07643281935290092,COMPLETE
137,6.029999999999999,2025-06-12 21:37:17.700810,2025-06-12 21:37:20.764416,0 days 00:00:03.063606,14,0.5877862409649336,0.08922318360086365,0.9861284598155489,0.04536218198814256,367,1377037,6.029999999999999,2.8030875833623163,0.59325,0.2333917040085187,360.0,4,10.819999999999997,"[0.99, 0.09200000000000003]",1377037,"[9.9, 0.9200000000000003]",0.00696628557311164,2.5078628063201904,4.04,"[0.534, -0.12999999999999995]",1378037,"[5.34, -1.2999999999999994]",0.007508583863576253,2.703090190887451,5.18,"[0.42200000000000004, 0.096]",1379037,"[4.220000000000001, 0.96]",0.007104266352123684,2.5575358867645264,4.080000000000001,"[0.42700000000000005, -0.018999999999999982]",1380037,"[4.2700000000000005, -0.18999999999999984]",0.007658503452936808,2.757061243057251,NashSolutionConcept,5.9325,2.3339170400851867,0.007309409810437097,0.000283440803081772,2.6313875317573547,0.10203868910943786,COMPLETE
138,6.1949999999999985,2025-06-12 21:37:20.778358,2025-06-12 21:37:26.208171,0 days 00:00:05.429813,36,0.7584883424076097,0.10194905333691504,0.9710605904701212,0.0273918248785929,345,1387040,6.1949999999999985,0.9459519015256536,0.8402499999999999,0.0926643809670146,340.0,4,6.089999999999999,"[0.836, -0.22700000000000015]",1387040,"[8.36, -2.2700000000000014]",0.015400207743925207,5.23607063293457,4.899999999999999,"[0.7109999999999999, -0.22100000000000014]",1388040,"[7.1099999999999985, -2.2100000000000013]",0.014410173892974854,4.89945912361145,7.5699999999999985,"[0.9730000000000001, -0.2160000000000001]",1389040,"[9.73, -2.160000000000001]",0.014294705671422622,4.860199928283691,6.219999999999999,"[0.841, -0.21900000000000014]",1390040,"[8.41, -2.1900000000000013]",0.014701490542467903,4.998506784439087,NashSolutionConcept,8.4025,0.9266438096701457,0.014701644462697646,0.0004296931912509669,4.9985591173172,0.14609568502532877,COMPLETE
139,5.4225,2025-06-12 21:37:26.223081,2025-06-12 21:37:28.869073,0 days 00:00:02.645992,16,0.7932991168692934,0.10953955588831332,0.9819649660230413,0.005272040140938024,319,1397046,5.4225,1.0185375545359134,0.6372499999999999,0.08394455015067986,310.0,4,4.710000000000001,"[0.5159999999999998, -0.045000000000000005]",1397046,"[5.159999999999998, -0.45000000000000007]",0.007920456701709377,2.4553415775299072,4.84,"[0.6340000000000001, -0.14999999999999997]",1398046,"[6.340000000000002, -1.4999999999999996]",0.007840861812714607,2.4306671619415283,4.96,"[0.646, -0.14999999999999997]",1399046,"[6.46, -1.4999999999999996]",0.00755546631351594,2.3421945571899414,7.179999999999999,"[0.7529999999999999, -0.03499999999999999]",1400046,"[7.529999999999999, -0.34999999999999987]",0.0076725375267767135,2.3784866333007812,NashSolutionConcept,6.3725000000000005,0.8394455015067986,0.007747330588679159,0.00014241369586101218,2.4016724824905396,0.04414824571691388,COMPLETE
140,5.012500000000001,2025-06-12 21:37:28.884477,2025-06-12 21:37:32.382570,0 days 00:00:03.498093,13,0.5681387723044489,0.0841182395126823,0.9934541758931679,0.003374793482890592,475,1407048,5.012500000000001,1.633468319252014,0.458,0.12081597576479694,470.0,4,4.19,"[0.43000000000000005, -0.010999999999999987]",1407048,"[4.300000000000001, -0.10999999999999988]",0.006949071173972272,3.2660634517669678,5.109999999999999,"[0.421, 0.09]",1408048,"[4.21, 0.8999999999999999]",0.007031663427961634,3.3048818111419678,7.58,"[0.655, 0.10300000000000002]",1409048,"[6.550000000000001, 1.0300000000000002]",0.006637065968614944,3.1194210052490234,3.17,"[0.326, -0.008999999999999994]",1410048,"[3.2600000000000002, -0.08999999999999994]",0.0069540110040218275,3.268385171890259,NashSolutionConcept,4.580000000000001,1.2081597576479695,0.006892952893642669,0.00015132422555676835,3.2396878600120544,0.07112238601168112,COMPLETE
141,6.492500000000001,2025-06-12 21:37:33.048930,2025-06-12 21:37:35.255322,0 days 00:00:02.206392,10,0.6404075595833101,0.11502955210627129,0.9987654311522387,0.07291674356557068,336,1417053,6.492500000000001,1.3536132202368591,0.552,0.1286157066613561,330.0,4,7.78,"[0.762, 0.01600000000000001]",1417053,"[7.62, 0.16000000000000011]",0.005912558237711588,1.9511442184448242,4.69,"[0.45, 0.019000000000000013]",1418053,"[4.5, 0.19000000000000014]",0.005782102816032641,1.9080939292907715,5.680000000000001,"[0.44399999999999995, 0.12400000000000003]",1419053,"[4.4399999999999995, 1.2400000000000002]",0.005884780305804628,1.9419775009155273,7.82,"[0.5520000000000002, 0.22999999999999998]",1420053,"[5.520000000000001, 2.3]",0.005715295040246212,1.88604736328125,NashSolutionConcept,5.520000000000001,1.286157066613561,0.005823684099948767,7.922838848604742e-05,1.9218157529830933,0.026145368200395678,COMPLETE
142,7.3950000000000005,2025-06-12 21:37:35.270879,2025-06-12 21:37:37.952771,0 days 00:00:02.681892,11,0.6092147530021954,0.10212566397590954,0.9775987496986561,0.009584147007841659,390,1427055,7.3950000000000005,1.5818738887787482,0.5482499999999999,0.004023369234857826,390.0,4,5.47,"[0.5439999999999999, 0.003000000000000012]",1427055,"[5.4399999999999995, 0.030000000000000124]",0.006382937920399201,2.4893457889556885,7.7,"[0.554, 0.21599999999999991]",1428055,"[5.540000000000001, 2.1599999999999993]",0.0061866081677950345,2.4127771854400635,6.640000000000001,"[0.5449999999999999, 0.119]",1429055,"[5.449999999999999, 1.19]",0.006021815691238794,2.34850811958313,9.77,"[0.55, 0.42700000000000005]",1430055,"[5.5, 4.2700000000000005]",0.006004474713252141,2.341745138168335,NashSolutionConcept,5.4825,0.04023369234857831,0.0061489591231712925,0.000152647244575982,2.398094058036804,0.05953242538463293,COMPLETE
143,6.2575,2025-06-12 21:37:37.968269,2025-06-12 21:37:40.697136,0 days 00:00:02.728867,12,0.5544519017233751,0.10671430095443951,0.9891620356457128,0.019848953762473094,366,1437058,6.2575,0.9703446552643034,0.6560000000000001,0.1126609959125163,360.0,4,5.36,"[0.537, -0.0009999999999999898]",1437058,"[5.37, -0.009999999999999898]",0.00684574842453003,2.4644694328308105,7.7299999999999995,"[0.7740000000000001, -0.0009999999999999898]",1438058,"[7.740000000000001, -0.009999999999999898]",0.006683566835191515,2.4060840606689453,6.53,"[0.7630000000000001, -0.10999999999999999]",1439058,"[7.630000000000001, -1.0999999999999999]",0.006709591547648112,2.4154529571533203,5.41,"[0.55, -0.008999999999999985]",1440058,"[5.5, -0.08999999999999986]",0.007020643684599134,2.5274317264556885,NashSolutionConcept,6.5600000000000005,1.1266099591251628,0.006814887622992198,0.00013380990130686734,2.453359544277191,0.048171564470472286,COMPLETE
144,6.532500000000001,2025-06-12 21:37:40.711390,2025-06-12 21:37:43.520761,0 days 00:00:02.809371,10,0.5811274226847812,0.09555648683874231,0.9844786714497473,0.060940208683806237,450,1447060,6.532500000000001,2.67213748710653,0.50375,0.09312189592142119,450.0,4,11.110000000000001,"[0.665, 0.446]",1447060,"[6.65, 4.46]",0.005405522452460395,2.4324851036071777,5.650000000000002,"[0.45000000000000007, 0.11499999999999995]",1448060,"[4.500000000000001, 1.1499999999999995]",0.0057159895367092555,2.572195291519165,4.65,"[0.44700000000000006, 0.018000000000000013]",1449060,"[4.470000000000001, 0.18000000000000013]",0.0057690795262654625,2.596085786819458,4.720000000000001,"[0.453, 0.019000000000000013]",1450060,"[4.53, 0.19000000000000014]",0.005570525063408746,2.5067362785339355,NashSolutionConcept,5.0375000000000005,0.9312189592142118,0.0056152791447109645,0.00014124264419772834,2.526875615119934,0.06355918988897774,COMPLETE
145,8.847500000000002,2025-06-12 21:37:43.535413,2025-06-12 21:37:46.897381,0 days 00:00:03.361968,13,0.5079789914272879,0.09050509355976404,0.9868694182339436,0.013770691203115814,435,1457063,8.847500000000002,3.46312990660183,0.70325,0.23653897670362917,430.0,4,10.940000000000001,"[0.8780000000000001, 0.21600000000000003]",1457063,"[8.780000000000001, 2.16]",0.006033669516097667,2.594477891921997,10.8,"[0.874, 0.20600000000000004]",1458063,"[8.74, 2.0600000000000005]",0.00684841510861419,2.9448184967041016,10.8,"[0.759, 0.32099999999999995]",1459063,"[7.59, 3.2099999999999995]",0.006918226286422375,2.974837303161621,2.8500000000000014,"[0.30199999999999994, -0.016999999999999987]",1460063,"[3.0199999999999996, -0.16999999999999987]",0.007362696736357933,3.165959596633911,NashSolutionConcept,7.032500000000001,2.365389767036292,0.006790751911873042,0.0004795491102778697,2.9200233221054077,0.2062061174194839,COMPLETE
146,4.345000000000001,2025-06-12 21:37:47.591773,2025-06-12 21:37:50.937459,0 days 00:00:03.345686,14,0.5002898719904645,0.09061625464246788,0.9791616636398393,0.013323679604587566,432,1467067,4.345000000000001,1.594968651729557,0.4545,0.16184792244573298,430.0,4,4.110000000000001,"[0.42800000000000005, -0.016999999999999994]",1467067,"[4.28, -0.16999999999999993]",0.007123139292694801,3.0629498958587646,5.160000000000001,"[0.646, -0.12999999999999995]",1468067,"[6.46, -1.2999999999999994]",0.007081521943558094,3.0450544357299805,6.210000000000001,"[0.536, 0.08500000000000003]",1469067,"[5.36, 0.8500000000000003]",0.007053705703380496,3.0330934524536133,1.9000000000000001,"[0.20800000000000002, -0.017999999999999985]",1470067,"[2.08, -0.17999999999999985]",0.007336518930834393,3.154703140258789,NashSolutionConcept,4.545,1.6184792244573298,0.007148721467616946,0.00011120488562989107,3.073950231075287,0.047818100820853096,COMPLETE
147,6.6625,2025-06-12 21:37:50.952210,2025-06-12 21:37:54.656576,0 days 00:00:03.704366,15,0.512664368363368,0.08157278238252215,0.9756102168221084,0.016417162833573286,440,1477071,6.6625,1.2790303944785668,0.58675,0.10035779740508459,440.0,4,8.279999999999998,"[0.64, 0.188]",1477071,"[6.4, 1.88]",0.007649608633734963,3.365827798843384,6.180000000000001,"[0.6460000000000001, -0.02799999999999998]",1478071,"[6.460000000000001, -0.2799999999999998]",0.007417844100431962,3.2638514041900635,7.33,"[0.6479999999999999, 0.08500000000000005]",1479071,"[6.479999999999999, 0.8500000000000005]",0.007290376858277755,3.207765817642212,4.859999999999999,"[0.413, 0.07300000000000001]",1480071,"[4.13, 0.7300000000000001]",0.007675878026268699,3.3773863315582275,NashSolutionConcept,5.8675,1.0035779740508457,0.007508426904678345,0.00016103045201274968,3.3037078380584717,0.0708533988856099,COMPLETE
148,6.94,2025-06-12 21:37:54.670764,2025-06-12 21:37:58.012479,0 days 00:00:03.341715,13,0.5225608128794165,0.07673355227646494,0.982763802490482,0.007948504806118011,456,1487074,6.94,2.7109223522631547,0.7334999999999999,0.17864140057668604,450.0,4,7.57,"[0.877, -0.11999999999999997]",1487074,"[8.77, -1.1999999999999997]",0.0064320717917548285,2.894432306289673,6.290000000000001,"[0.749, -0.11999999999999997]",1488074,"[7.49, -1.1999999999999997]",0.006604123115539551,2.971855401992798,10.729999999999999,"[0.8709999999999999, 0.202]",1489074,"[8.709999999999999, 2.02]",0.0065308438407050235,2.9388797283172607,3.1700000000000013,"[0.43699999999999994, -0.11999999999999997]",1490074,"[4.369999999999999, -1.1999999999999997]",0.006743370691935221,3.0345168113708496,NashSolutionConcept,7.334999999999999,1.7864140057668603,0.006577602359983656,0.00011352091852098835,2.9599210619926453,0.05108441333444475,COMPLETE
149,7.595000000000001,2025-06-12 21:37:58.026269,2025-06-12 21:38:01.740276,0 days 00:00:03.714007,17,0.5411409253201981,0.0727705574258509,0.9867229197427494,0.0014691643864817427,412,1497078,7.595000000000001,2.481355476347555,0.75175,0.1848044574678869,410.0,4,3.5999999999999996,"[0.5199999999999999, -0.15999999999999998]",1497078,"[5.199999999999999, -1.5999999999999996]",0.008593404002305937,3.5232956409454346,8.34,"[0.8789999999999999, -0.045000000000000005]",1498078,"[8.79, -0.45000000000000007]",0.008169732442716272,3.349590301513672,10.41,"[0.9790000000000001, 0.062]",1499078,"[9.790000000000001, 0.62]",0.008259624388159775,3.386445999145508,8.03,"[0.629, 0.174]",1500078,"[6.29, 1.7399999999999998]",0.00835286524237656,3.4246747493743896,NashSolutionConcept,7.5175,1.848044574678869,0.008343906518889638,0.00015793142446073925,3.421001672744751,0.06475188402890314,COMPLETE
