number,value,datetime_start,datetime_complete,duration,params_episode_length,params_epsilon_max,params_epsilon_min,params_gamma,params_learning_rate,params_num_episodes,user_attrs_base_seed,user_attrs_collective_reward_mean,user_attrs_collective_reward_std,user_attrs_individual_reward_agent0_mean,user_attrs_individual_reward_agent0_std,user_attrs_num_episodes_mean,user_attrs_num_parallel_runs,user_attrs_run_0_collective_reward,user_attrs_run_0_individual_rewards,user_attrs_run_0_seed,user_attrs_run_0_total_individual_rewards,user_attrs_run_0_training_time_per_episode,user_attrs_run_0_training_time_total,user_attrs_run_1_collective_reward,user_attrs_run_1_individual_rewards,user_attrs_run_1_seed,user_attrs_run_1_total_individual_rewards,user_attrs_run_1_training_time_per_episode,user_attrs_run_1_training_time_total,user_attrs_run_2_collective_reward,user_attrs_run_2_individual_rewards,user_attrs_run_2_seed,user_attrs_run_2_total_individual_rewards,user_attrs_run_2_training_time_per_episode,user_attrs_run_2_training_time_total,user_attrs_run_3_collective_reward,user_attrs_run_3_individual_rewards,user_attrs_run_3_seed,user_attrs_run_3_total_individual_rewards,user_attrs_run_3_training_time_per_episode,user_attrs_run_3_training_time_total,user_attrs_solution_concept,user_attrs_total_individual_reward_agent0_mean,user_attrs_total_individual_reward_agent0_std,user_attrs_training_time_per_episode_mean,user_attrs_training_time_per_episode_std,user_attrs_training_time_total_mean,user_attrs_training_time_total_std,state
0,3.827499999999997,2025-06-12 21:27:48.107755,2025-06-12 21:27:54.485670,0 days 00:00:06.377915,48,0.7292663878562673,0.16859393028588257,0.995289046077519,0.000545295135148064,388,6468,3.827499999999997,2.8670400677353642,0.60775,0.15517308883952793,380.0,4,6.209999999999997,"[0.6609999999999999, -0.04000000000000013]",6468,"[6.609999999999999, -0.40000000000000135]",0.01536170432442113,5.837447643280029,-0.7100000000000033,"[0.39899999999999985, -0.4700000000000003]",7468,"[3.9899999999999984, -4.700000000000003]",0.01607999927119205,6.1103997230529785,6.369999999999997,"[0.8230000000000001, -0.18600000000000017]",8468,"[8.23, -1.8600000000000017]",0.014141086528175755,5.373612880706787,3.439999999999997,"[0.5479999999999998, -0.20400000000000024]",9468,"[5.479999999999999, -2.0400000000000023]",0.01253701134731895,4.764064311981201,NashSolutionConcept,6.077499999999999,1.5517308883952792,0.014529950367776972,0.0013432690788134254,5.521381139755249,0.5104422499491016,COMPLETE
1,4.4725,2025-06-12 21:27:54.749902,2025-06-12 21:27:57.440832,0 days 00:00:02.690930,19,0.5051024781479005,0.012316549980194772,0.9621169459242962,0.00040571441450833765,270,16474,4.4725,1.7190313406101707,0.5394999999999999,0.1328993980422786,270.0,4,6.88,"[0.75, -0.06200000000000002]",16474,"[7.5, -0.6200000000000002]",0.00862739262757478,2.3293960094451904,4.56,"[0.5209999999999999, -0.06500000000000003]",17474,"[5.209999999999999, -0.6500000000000004]",0.009103551617375126,2.457958936691284,2.019999999999999,"[0.38199999999999995, -0.18]",18474,"[3.8199999999999994, -1.7999999999999998]",0.009097041024102106,2.4562010765075684,4.43,"[0.5049999999999999, -0.061999999999999986]",19474,"[5.049999999999999, -0.6199999999999999]",0.008689268430074056,2.346102476119995,NashSolutionConcept,5.395,1.3289939804227862,0.008879313424781517,0.00022207502257243634,2.3974146246910095,0.0599602560945578,COMPLETE
2,7.579999999999998,2025-06-12 21:27:57.456620,2025-06-12 21:28:01.199481,0 days 00:00:03.742861,23,0.7085292581107523,0.19596167060970196,0.9360588039447556,0.03577729836501726,364,26477,7.579999999999998,1.8854044658905418,0.68125,0.1356859885913059,360.0,4,6.449999999999998,"[0.5040000000000001, 0.14099999999999996]",26477,"[5.040000000000001, 1.4099999999999997]",0.008699349562327067,3.131765842437744,8.809999999999999,"[0.741, 0.13999999999999996]",27477,"[7.41, 1.3999999999999995]",0.00850258403354221,3.0609302520751953,9.919999999999998,"[0.866, 0.12599999999999995]",28477,"[8.66, 1.2599999999999993]",0.008172606759601169,2.942138433456421,5.139999999999999,"[0.614, -0.10000000000000006]",29477,"[6.14, -1.0000000000000007]",0.009961252080069647,3.5860507488250732,NashSolutionConcept,6.8125,1.356859885913059,0.008833948108885024,0.0006775148601478282,3.1802213191986084,0.24390534965321825,COMPLETE
3,6.3925,2025-06-12 21:28:01.212311,2025-06-12 21:28:06.063589,0 days 00:00:04.851278,20,0.8570550711499179,0.13119336702155063,0.9417321704771165,0.09143423649338987,273,36481,6.3925,2.8027430759882366,0.6295000000000001,0.18668757323399968,270.0,4,8.009999999999998,"[0.754, 0.046999999999999965]",36481,"[7.54, 0.46999999999999964]",0.008552393206843624,2.3091461658477783,3.2799999999999994,"[0.518, -0.19]",37481,"[5.18, -1.9]",0.008257619539896647,2.2295572757720947,10.14,"[0.859, 0.15499999999999997]",38481,"[8.59, 1.5499999999999998]",0.008391497753284596,2.265704393386841,4.14,"[0.38700000000000007, 0.026999999999999958]",39481,"[3.8700000000000006, 0.2699999999999996]",0.008626755078633625,2.329223871231079,NashSolutionConcept,6.295,1.8668757323399967,0.008457066394664623,0.00014314306235075033,2.2834079265594482,0.03864862683470264,COMPLETE
4,-1.1200000000000032,2025-06-12 21:28:06.075445,2025-06-12 21:28:09.663757,0 days 00:00:03.588312,45,0.8732486538251159,0.18750042629027694,0.9667089928951256,0.0008450490654596755,225,46486,-1.1200000000000032,1.6505150711217396,0.1574999999999999,0.18644771385029105,220.0,4,-0.36000000000000315,"[0.2599999999999999, -0.2960000000000002]",46486,"[2.5999999999999988, -2.960000000000002]",0.014635765552520752,3.2198684215545654,1.1599999999999975,"[0.4119999999999999, -0.2960000000000002]",47486,"[4.119999999999999, -2.960000000000002]",0.015090925043279474,3.3200035095214844,-2.1400000000000037,"[-0.02600000000000017, -0.18800000000000017]",48486,"[-0.2600000000000017, -1.8800000000000017]",0.014580601995641535,3.2077324390411377,-3.1400000000000032,"[-0.01600000000000016, -0.2980000000000002]",49486,"[-0.16000000000000159, -2.980000000000002]",0.014550166780298407,3.2010366916656494,NashSolutionConcept,1.5749999999999986,1.8644771385029106,0.014714364842935042,0.00021956145838167884,3.2371602654457092,0.048303520843969446,COMPLETE
5,5.187500000000001,2025-06-12 21:28:09.676124,2025-06-12 21:28:11.522051,0 days 00:00:01.845927,14,0.6677573938329675,0.09221420812673659,0.9669746421713289,0.06153438161700208,264,56489,5.187500000000001,1.696752412699036,0.5667500000000001,0.14415681565572955,260.0,4,4.12,"[0.4290000000000001, -0.01699999999999998]",56489,"[4.290000000000001, -0.16999999999999982]",0.006254064119779147,1.6260566711425781,7.240000000000001,"[0.639, 0.08500000000000003]",57489,"[6.390000000000001, 0.8500000000000003]",0.006334555149078369,1.646984338760376,3.010000000000001,"[0.43100000000000005, -0.12999999999999995]",58489,"[4.3100000000000005, -1.2999999999999994]",0.0064966825338510364,1.6891374588012695,6.380000000000001,"[0.768, -0.12999999999999995]",59489,"[7.68, -1.2999999999999994]",0.006268010689662053,1.6296827793121338,NashSolutionConcept,5.6675,1.4415681565572953,0.006338328123092651,9.63526315652986e-05,1.6479653120040894,0.025051684206977676,COMPLETE
6,4.1525,2025-06-12 21:28:11.594319,2025-06-12 21:28:16.111155,0 days 00:00:04.516836,29,0.7725138073401048,0.14912295914962084,0.9175788035235398,0.04106624430303748,399,66491,4.1525,2.838242193682562,0.63225,0.2365474318186524,390.0,4,5.55,"[0.835, -0.28000000000000014]",66491,"[8.35, -2.8000000000000016]",0.011119594329442734,4.336641788482666,-0.5100000000000011,"[0.22899999999999993, -0.28000000000000014]",67491,"[2.289999999999999, -2.8000000000000016]",0.01119082279694386,4.3644208908081055,7.049999999999999,"[0.733, -0.02800000000000007]",68491,"[7.33, -0.2800000000000007]",0.009020340748322316,3.517932891845703,4.52,"[0.732, -0.28000000000000014]",69491,"[7.32, -2.8000000000000016]",0.011156187302026993,4.350913047790527,NashSolutionConcept,6.3225,2.365474318186524,0.010621736294183975,0.0009249091367514389,4.1424771547317505,0.3607145633330612,COMPLETE
7,4.2025,2025-06-12 21:28:16.124182,2025-06-12 21:28:17.941206,0 days 00:00:01.817024,11,0.5927954892411363,0.11994855682486852,0.9254877565787275,0.019988323646810514,300,76496,4.2025,0.4466752175798427,0.38425,0.05330279073369424,300.0,4,4.4799999999999995,"[0.328, 0.11999999999999997]",76496,"[3.2800000000000002, 1.1999999999999997]",0.005496172110239664,1.6488516330718994,4.42,"[0.43600000000000005, 0.006000000000000015]",77496,"[4.36, 0.06000000000000015]",0.005472770531972249,1.6418311595916748,3.43,"[0.33399999999999996, 0.009000000000000011]",78496,"[3.34, 0.09000000000000011]",0.005550171534220378,1.6650514602661133,4.4799999999999995,"[0.43899999999999995, 0.009000000000000006]",79496,"[4.39, 0.09000000000000007]",0.005331177711486817,1.599353313446045,NashSolutionConcept,3.8425000000000002,0.5330279073369423,0.005462572971979778,8.0887444804865e-05,1.638771891593933,0.02426623344145957,COMPLETE
8,2.567499999999998,2025-06-12 21:28:17.953225,2025-06-12 21:28:20.141954,0 days 00:00:02.188729,38,0.9211304790336935,0.0673211069273661,0.9254392932493081,0.020104005893229106,146,86497,2.567499999999998,2.2440741409320686,0.45799999999999996,0.128807996646171,140.0,4,3.449999999999999,"[0.578, -0.23300000000000015]",86497,"[5.779999999999999, -2.3300000000000014]",0.014603977543967112,2.0445568561553955,4.7799999999999985,"[0.44699999999999995, 0.030999999999999896]",87497,"[4.47, 0.30999999999999894]",0.013994903223855154,1.9592864513397217,3.219999999999999,"[0.5549999999999999, -0.23300000000000015]",88497,"[5.549999999999999, -2.3300000000000014]",0.013587718350546701,1.902280569076538,-1.1800000000000024,"[0.25199999999999995, -0.37000000000000016]",89497,"[2.5199999999999996, -3.7000000000000015]",0.01461172103881836,2.0456409454345703,NashSolutionConcept,4.58,1.28807996646171,0.014199580039296831,0.0004329159474452462,1.9879412055015564,0.060608232642334475,COMPLETE
9,4.807499999999997,2025-06-12 21:28:20.154039,2025-06-12 21:28:27.770607,0 days 00:00:07.616568,47,0.9810597952469883,0.04453020974098678,0.9541820542302323,0.03398256875196783,456,96500,4.807499999999997,3.810953784815555,0.766,0.16326052799130597,450.0,4,5.189999999999998,"[0.8360000000000001, -0.3170000000000003]",96500,"[8.360000000000001, -3.1700000000000026]",0.015353087849087186,6.908889532089233,0.899999999999997,"[0.5499999999999999, -0.46000000000000024]",97500,"[5.499999999999999, -4.600000000000002]",0.016548866695827908,7.446990013122559,10.839999999999998,"[0.9879999999999999, 0.09599999999999986]",98500,"[9.879999999999999, 0.9599999999999986]",0.013198394775390625,5.939277648925781,2.299999999999997,"[0.69, -0.46000000000000024]",99500,"[6.8999999999999995, -4.600000000000002]",0.015933000246683756,7.16985011100769,NashSolutionConcept,7.659999999999999,1.63260527991306,0.015258337391747371,0.0012622378029090128,6.866251826286316,0.5680070113090558,COMPLETE
10,6.66,2025-06-12 21:28:27.782755,2025-06-12 21:28:33.762351,0 days 00:00:05.979596,29,0.6185183530655619,0.19225402871331054,0.9904244107411435,0.004426699650577379,495,106507,6.66,3.172987551188943,0.7290000000000001,0.2371803111558799,490.0,4,7.06,"[0.861, -0.15500000000000008]",106507,"[8.61, -1.5500000000000007]",0.010836639209669463,5.309953212738037,1.9299999999999997,"[0.3529999999999999, -0.16000000000000006]",107507,"[3.5299999999999994, -1.6000000000000005]",0.011862618582589286,5.81268310546875,6.779999999999999,"[0.7160000000000001, -0.03800000000000007]",108507,"[7.160000000000001, -0.38000000000000067]",0.011648731815571687,5.707878589630127,10.870000000000001,"[0.986, 0.10099999999999998]",109507,"[9.86, 1.0099999999999998]",0.010633007360964406,5.210173606872559,NashSolutionConcept,7.29,2.371803111558799,0.01124524924219871,0.0005209955300410089,5.510172128677368,0.25528780972009435,COMPLETE
11,4.557499999999999,2025-06-12 21:28:33.850269,2025-06-12 21:28:39.771183,0 days 00:00:05.920914,29,0.6277485404206798,0.19588816011161103,0.9988722549495888,0.004370235044711389,493,116513,4.557499999999999,0.9512458935522397,0.5615,0.10424130659196477,490.0,4,4.31,"[0.711, -0.28000000000000014]",116513,"[7.109999999999999, -2.8000000000000016]",0.010991508620125906,5.385839223861694,5.519999999999999,"[0.607, -0.05500000000000007]",117513,"[6.07, -0.5500000000000007]",0.010247846038974062,5.02144455909729,3.1100000000000003,"[0.46799999999999997, -0.15700000000000008]",118513,"[4.68, -1.5700000000000007]",0.011730167330527792,5.747781991958618,5.289999999999999,"[0.45999999999999996, 0.06899999999999992]",119513,"[4.6, 0.6899999999999993]",0.01062585820957106,5.206670522689819,NashSolutionConcept,5.615,1.0424130659196478,0.010898845049799703,0.0005472670277694732,5.3404340744018555,0.2681608436070419,COMPLETE
12,4.374999999999999,2025-06-12 21:28:39.784898,2025-06-12 21:28:45.872564,0 days 00:00:06.087666,35,0.5370595584400869,0.16489949092598455,0.9022562551254106,0.004490536460123056,406,126519,4.374999999999999,3.536173779666379,0.61775,0.3300896658485388,400.0,4,7.77,"[0.8540000000000001, -0.0770000000000001]",126519,"[8.540000000000001, -0.7700000000000009]",0.012125163674354553,4.850065469741821,5.0699999999999985,"[0.8469999999999999, -0.3400000000000002]",127519,"[8.469999999999999, -3.400000000000002]",0.014797713160514831,5.919085264205933,-1.5200000000000018,"[0.053999999999999895, -0.2060000000000001]",128519,"[0.5399999999999989, -2.060000000000001]",0.014212557077407838,5.685022830963135,6.179999999999999,"[0.716, -0.09800000000000011]",129519,"[7.16, -0.9800000000000011]",0.014022541642189025,5.60901665687561,NashSolutionConcept,6.177499999999999,3.3008966584853883,0.013789493888616562,0.0010024713062586775,5.515797555446625,0.4009885225034709,COMPLETE
13,4.834999999999999,2025-06-12 21:28:45.886100,2025-06-12 21:28:49.787628,0 days 00:00:03.901528,23,0.7329844830004234,0.19864482890370494,0.9806636529747853,0.001673259695625231,370,136525,4.834999999999999,4.584465617713803,0.5547499999999999,0.30576246908343735,370.0,4,0.17999999999999894,"[0.12399999999999996, -0.10600000000000005]",136525,"[1.2399999999999995, -1.0600000000000005]",0.009662025039260452,3.574949264526367,12.409999999999998,"[0.9799999999999999, 0.26099999999999984]",137525,"[9.799999999999999, 2.6099999999999985]",0.00829969225703059,3.0708861351013184,2.759999999999999,"[0.4959999999999999, -0.22000000000000003]",138525,"[4.959999999999999, -2.2]",0.009709965216146933,3.5926871299743652,3.989999999999999,"[0.619, -0.22000000000000003]",139525,"[6.1899999999999995, -2.2]",0.010113363652615934,3.7419445514678955,NashSolutionConcept,5.547499999999999,3.057624690834374,0.009446261541263478,0.0006847882639422476,3.4951167702674866,0.2533716576586317,COMPLETE
14,6.414999999999999,2025-06-12 21:28:49.801485,2025-06-12 21:28:53.624993,0 days 00:00:03.823508,25,0.6713340775469574,0.15401655407312392,0.9464201120533869,0.00011323785146336058,343,146529,6.414999999999999,2.2134193005393263,0.6105,0.12604066804012112,340.0,4,6.1099999999999985,"[0.485, 0.12599999999999997]",146529,"[4.85, 1.2599999999999998]",0.010718425582436955,3.6442646980285645,9.799999999999999,"[0.741, 0.23899999999999996]",147529,"[7.41, 2.3899999999999997]",0.00964748368543737,3.280144453048706,3.5899999999999985,"[0.4839999999999999, -0.12500000000000006]",148529,"[4.839999999999999, -1.2500000000000004]",0.010580065671135397,3.597222328186035,6.159999999999998,"[0.732, -0.11600000000000006]",149529,"[7.32, -1.1600000000000006]",0.010288428559022792,3.498065710067749,NashSolutionConcept,6.1049999999999995,1.2604066804012113,0.010308600874508128,0.0004120474144542387,3.5049242973327637,0.14009612091444107,COMPLETE
15,5.614999999999998,2025-06-12 21:28:53.638528,2025-06-12 21:29:00.401559,0 days 00:00:06.763031,36,0.7870341018650768,0.17663675120764719,0.9332569645541081,0.00951715332829281,497,156533,5.614999999999998,2.1015767889848807,0.7157499999999999,0.16720851503437265,490.0,4,3.3999999999999986,"[0.5759999999999998, -0.23600000000000013]",156533,"[5.759999999999998, -2.360000000000001]",0.013437039511544364,6.584149360656738,7.709999999999999,"[0.7209999999999999, 0.049999999999999906]",157533,"[7.209999999999999, 0.49999999999999906]",0.011319865012655453,5.546733856201172,3.629999999999998,"[0.579, -0.21600000000000014]",158533,"[5.789999999999999, -2.1600000000000015]",0.011510076328199738,5.639937400817871,7.719999999999998,"[0.9870000000000001, -0.21500000000000014]",159533,"[9.870000000000001, -2.1500000000000012]",0.012272026100937201,6.0132927894592285,NashSolutionConcept,7.1575,1.6720851503437268,0.01213475173833419,0.0008320242542430532,5.946028351783752,0.40769188457909616,COMPLETE
16,7.899999999999999,2025-06-12 21:29:00.519428,2025-06-12 21:29:04.061162,0 days 00:00:03.541734,17,0.576300373660068,0.09125144428703699,0.9788272401368984,0.010339253622411686,429,166540,7.899999999999999,1.2437041448833395,0.7774999999999999,0.09181911565681737,420.0,4,9.359999999999998,"[0.6379999999999999, 0.29799999999999993]",166540,"[6.379999999999999, 2.9799999999999995]",0.0072022733234223865,3.0249547958374023,8.16,"[0.86, -0.044000000000000004]",167540,"[8.6, -0.44000000000000006]",0.007889540990193684,3.3136072158813477,8.16,"[0.86, -0.04400000000000002]",168540,"[8.6, -0.44000000000000017]",0.007572300661177862,3.180366277694702,5.92,"[0.752, -0.15999999999999998]",169540,"[7.52, -1.5999999999999996]",0.008017711980002267,3.367439031600952,NashSolutionConcept,7.7749999999999995,0.9181911565681736,0.00767045673869905,0.0003152040758619668,3.221591830253601,0.13238571186202605,COMPLETE
17,7.455,2025-06-12 21:29:04.075811,2025-06-12 21:29:07.646019,0 days 00:00:03.570208,16,0.565334340769497,0.0896448258493275,0.9792310296046443,0.015606584507633168,436,176544,7.455,1.4353483897646588,0.7557499999999999,0.14029856556643763,430.0,4,6.109999999999999,"[0.6459999999999999, -0.03499999999999999]",176544,"[6.459999999999999, -0.34999999999999987]",0.007730497315872547,3.3241138458251953,8.22,"[0.7489999999999999, 0.07299999999999998]",177544,"[7.489999999999998, 0.7299999999999998]",0.007405480673146802,3.184356689453125,6.06,"[0.6409999999999999, -0.03500000000000001]",178544,"[6.409999999999999, -0.3500000000000001]",0.007659400895584461,3.2935423851013184,9.429999999999998,"[0.9869999999999999, -0.044]",179544,"[9.87, -0.43999999999999995]",0.007589352962582611,3.2634217739105225,NashSolutionConcept,7.557499999999999,1.4029856556643763,0.007596182961796606,0.00012088306813691817,3.2663586735725403,0.05197971929887481,COMPLETE
18,5.452499999999999,2025-06-12 21:29:07.660176,2025-06-12 21:29:11.499442,0 days 00:00:03.839266,23,0.6795002539007323,0.059061849042444596,0.9065487113554521,0.011729850261624857,353,186547,5.452499999999999,1.8939030466209192,0.7057500000000001,0.14798036187278366,350.0,4,8.639999999999999,"[0.9620000000000001, -0.09800000000000006]",186547,"[9.620000000000001, -0.9800000000000006]",0.010248494148254395,3.586972951889038,5.119999999999998,"[0.6160000000000001, -0.10400000000000006]",187547,"[6.160000000000001, -1.0400000000000007]",0.010351552282060895,3.6230432987213135,4.049999999999999,"[0.6250000000000001, -0.22000000000000003]",188547,"[6.250000000000001, -2.2]",0.010192828859601702,3.5674901008605957,3.9999999999999996,"[0.62, -0.22000000000000003]",189547,"[6.2, -2.2]",0.010456785474504742,3.65987491607666,NashSolutionConcept,7.0575,1.4798036187278367,0.010312415191105434,0.00010094711612886426,3.609345316886902,0.035331490645102596,COMPLETE
