number,value,datetime_start,datetime_complete,duration,params_episode_length,params_epsilon_max,params_epsilon_min,params_gamma,params_learning_rate,params_num_episodes,user_attrs_base_seed,user_attrs_collective_reward_mean,user_attrs_collective_reward_std,user_attrs_individual_reward_agent0_mean,user_attrs_individual_reward_agent0_std,user_attrs_num_episodes_mean,user_attrs_num_parallel_runs,user_attrs_run_0_collective_reward,user_attrs_run_0_individual_rewards,user_attrs_run_0_seed,user_attrs_run_0_total_individual_rewards,user_attrs_run_0_training_time_per_episode,user_attrs_run_0_training_time_total,user_attrs_run_1_collective_reward,user_attrs_run_1_individual_rewards,user_attrs_run_1_seed,user_attrs_run_1_total_individual_rewards,user_attrs_run_1_training_time_per_episode,user_attrs_run_1_training_time_total,user_attrs_run_2_collective_reward,user_attrs_run_2_individual_rewards,user_attrs_run_2_seed,user_attrs_run_2_total_individual_rewards,user_attrs_run_2_training_time_per_episode,user_attrs_run_2_training_time_total,user_attrs_run_3_collective_reward,user_attrs_run_3_individual_rewards,user_attrs_run_3_seed,user_attrs_run_3_total_individual_rewards,user_attrs_run_3_training_time_per_episode,user_attrs_run_3_training_time_total,user_attrs_solution_concept,user_attrs_total_individual_reward_agent0_mean,user_attrs_total_individual_reward_agent0_std,user_attrs_training_time_per_episode_mean,user_attrs_training_time_per_episode_std,user_attrs_training_time_total_mean,user_attrs_training_time_total_std,state
106,5.909999999999999,2025-06-12 21:35:06.357964,2025-06-12 21:35:11.650980,0 days 00:00:05.293016,24,0.8459251294764071,0.08560477292935596,0.9674173357684048,0.003533881166947446,478,1066906,5.909999999999999,0.5247856705360774,0.73175,0.0882762000768044,470.0,4,6.289999999999999,"[0.859, -0.23000000000000004]",1066906,"[8.59, -2.3000000000000003]",0.010875052594124003,5.111274719238281,6.329999999999999,"[0.748, -0.11500000000000006]",1067906,"[7.48, -1.1500000000000006]",0.010835463949974547,5.092668056488037,5.99,"[0.707, -0.10800000000000007]",1068906,"[7.069999999999999, -1.0800000000000007]",0.010302766333235071,4.842300176620483,5.0299999999999985,"[0.613, -0.11000000000000006]",1069906,"[6.13, -1.1000000000000005]",0.010531979926089024,4.950030565261841,NashSolutionConcept,7.3175,0.882762000768044,0.01063631570085566,0.00023387842133830322,4.999068379402161,0.10992285802900251,COMPLETE
107,6.234999999999999,2025-06-12 21:35:11.666910,2025-06-12 21:35:16.466864,0 days 00:00:04.799954,21,0.814241965112387,0.17031593633857825,0.9454433872327802,0.004886496570277298,467,1076911,6.234999999999999,0.9332068366659128,0.71,0.09985990186255944,460.0,4,5.3999999999999995,"[0.628, -0.08800000000000004]",1076911,"[6.28, -0.8800000000000003]",0.009405066656029743,4.326330661773682,7.719999999999999,"[0.8560000000000001, -0.08400000000000005]",1077911,"[8.56, -0.8400000000000005]",0.009422043095464292,4.334139823913574,6.339999999999999,"[0.6080000000000001, 0.025999999999999968]",1078911,"[6.080000000000001, 0.2599999999999997]",0.009143011984617814,4.205785512924194,5.4799999999999995,"[0.748, -0.2]",1079911,"[7.48, -2.0]",0.009469278480695642,4.355868101119995,NashSolutionConcept,7.1000000000000005,0.9985990186255942,0.009359850054201873,0.0001273831272266589,4.305531024932861,0.058596238524262996,COMPLETE
108,5.185,2025-06-12 21:35:16.481013,2025-06-12 21:35:22.793889,0 days 00:00:06.312876,29,0.784433553344996,0.09826422398066977,0.9759527618937208,0.002064187926053955,489,1086916,5.185,2.812298881698032,0.6822499999999999,0.24209747520368738,480.0,4,3.0999999999999988,"[0.59, -0.28000000000000014]",1086916,"[5.8999999999999995, -2.8000000000000016]",0.011956088244915009,5.738922357559204,8.01,"[0.96, -0.15900000000000006]",1087916,"[9.6, -1.5900000000000005]",0.012741742531458537,6.116036415100098,1.729999999999999,"[0.33299999999999985, -0.16000000000000006]",1088916,"[3.3299999999999983, -1.6000000000000005]",0.012155591448148092,5.834683895111084,7.8999999999999995,"[0.8460000000000001, -0.05600000000000007]",1089916,"[8.46, -0.5600000000000007]",0.012323203186194101,5.915137529373169,NashSolutionConcept,6.8225,2.420974752036874,0.012294156352678933,0.00028925221875834736,5.901195049285889,0.13884106500400667,COMPLETE
109,6.282500000000001,2025-06-12 21:35:22.808135,2025-06-12 21:35:25.879030,0 days 00:00:03.070895,12,0.7734088311360133,0.1358698388333055,0.981580165312214,0.05615400102238086,437,1096922,6.282500000000001,2.3540005841120775,0.5222500000000001,0.12164780104876537,430.0,4,3.24,"[0.327, -0.0029999999999999914]",1096922,"[3.27, -0.029999999999999916]",0.006491503050160962,2.791346311569214,5.5200000000000005,"[0.662, -0.10999999999999999]",1097922,"[6.62, -1.0999999999999999]",0.0063169324120809865,2.716280937194824,9.780000000000001,"[0.55, 0.42800000000000005]",1098922,"[5.5, 4.28]",0.006030871701795002,2.5932748317718506,6.59,"[0.55, 0.10900000000000003]",1099922,"[5.5, 1.0900000000000003]",0.0062656413677126864,2.694225788116455,NashSolutionConcept,5.2225,1.2164780104876538,0.006276237132937409,0.00016455393181497388,2.698781967163086,0.07075819068043884,COMPLETE
110,4.222499999999997,2025-06-12 21:35:25.893776,2025-06-12 21:35:35.040225,0 days 00:00:09.146449,49,0.768210021491873,0.1293928317227494,0.9856293755126223,0.006706081257360276,500,1106925,4.222499999999997,2.1827319464377664,0.793,0.19014599653950132,500.0,4,4.979999999999997,"[0.9780000000000001, -0.4800000000000003]",1106925,"[9.780000000000001, -4.800000000000003]",0.01648932456970215,8.244662284851074,0.5699999999999965,"[0.5369999999999998, -0.4800000000000003]",1107925,"[5.369999999999998, -4.800000000000003]",0.01706200647354126,8.53100323677063,4.979999999999997,"[0.683, -0.18500000000000025]",1108925,"[6.83, -1.8500000000000025]",0.01698460531234741,8.492302656173706,6.359999999999998,"[0.9740000000000002, -0.33800000000000024]",1109925,"[9.740000000000002, -3.3800000000000026]",0.017914172649383546,8.957086324691772,NashSolutionConcept,7.93,1.9014599653950133,0.01711252725124359,0.0005123312644349396,8.556263625621796,0.2561656322174698,COMPLETE
111,5.964999999999998,2025-06-12 21:35:35.515609,2025-06-12 21:35:41.366310,0 days 00:00:05.850701,27,0.7976010975253742,0.07902109781499868,0.9785116986970704,0.010788093914063086,462,1116935,5.964999999999998,4.0733063965285,0.57575,0.1846312202743621,460.0,4,4.619999999999999,"[0.597, -0.13500000000000006]",1116935,"[5.97, -1.3500000000000005]",0.012296988653100055,5.656614780426025,12.29,"[0.8610000000000001, 0.368]",1117935,"[8.610000000000001, 3.6799999999999997]",0.010116470896679422,4.653576612472534,1.0099999999999993,"[0.36099999999999993, -0.2600000000000001]",1118935,"[3.6099999999999994, -2.6000000000000014]",0.011942759804103685,5.493669509887695,5.9399999999999995,"[0.484, 0.10999999999999996]",1119935,"[4.84, 1.0999999999999996]",0.011248976251353389,5.174529075622559,NashSolutionConcept,5.7575,1.8463122027436212,0.011401298901309137,0.0008320795082034948,5.244597494602203,0.38275657377360767,COMPLETE
112,5.32,2025-06-12 21:35:41.380240,2025-06-12 21:35:44.620000,0 days 00:00:03.239760,13,0.7441411289091576,0.08723540371107068,0.9731014738840617,0.005682680386414592,445,1126941,5.32,4.032846389338428,0.48525,0.28372907411825105,440.0,4,3.1400000000000006,"[0.323, -0.008999999999999984]",1126941,"[3.23, -0.08999999999999983]",0.0068990057164972475,3.035562515258789,-0.17999999999999988,"[0.10200000000000006, -0.11999999999999997]",1127941,"[1.0200000000000007, -1.1999999999999997]",0.006938575072722002,3.0529730319976807,9.69,"[0.7550000000000001, 0.21400000000000005]",1128941,"[7.550000000000001, 2.1400000000000006]",0.006610824303193526,2.9087626934051514,8.63,"[0.7609999999999999, 0.10200000000000001]",1129941,"[7.609999999999999, 1.02]",0.006692865219983188,2.9448606967926025,NashSolutionConcept,4.8525,2.8372907411825103,0.0067853175780989905,0.00013730276215265127,2.985539734363556,0.06041321534716664,COMPLETE
113,7.225,2025-06-12 21:35:44.635883,2025-06-12 21:35:48.218681,0 days 00:00:03.582798,15,0.6856544765015493,0.19919426867148693,0.983722806178485,0.008795718559047138,416,1136944,7.225,1.3773253065271107,0.7232500000000002,0.15137928358926792,410.0,4,5.03,"[0.529, -0.026000000000000002]",1136944,"[5.29, -0.26]",0.007496881484985352,3.073721408843994,8.32,"[0.8680000000000001, -0.03599999999999999]",1137944,"[8.680000000000001, -0.3599999999999999]",0.007445169658195682,3.0525195598602295,8.469999999999999,"[0.874, -0.026999999999999996]",1138944,"[8.74, -0.26999999999999996]",0.006939936847221561,2.84537410736084,7.08,"[0.6220000000000001, 0.08600000000000005]",1139944,"[6.220000000000001, 0.8600000000000005]",0.008185341881542671,3.355990171432495,NashSolutionConcept,7.2325,1.5137928358926795,0.007516832467986317,0.00044307081637724884,3.0819013118743896,0.1816590347146721,COMPLETE
114,6.15,2025-06-12 21:35:48.234786,2025-06-12 21:35:52.352652,0 days 00:00:04.117866,17,0.8351454941741836,0.16377904906924545,0.9805550823045732,0.0044215273317944415,426,1146948,6.15,1.9968725547715853,0.6385000000000001,0.16441487159013324,420.0,4,4.800000000000001,"[0.6399999999999999, -0.15999999999999998]",1146948,"[6.399999999999999, -1.5999999999999996]",0.008829674266633534,3.708463191986084,7.999999999999999,"[0.641, 0.15899999999999997]",1147948,"[6.41, 1.5899999999999999]",0.008464145092737107,3.554940938949585,3.6000000000000005,"[0.404, -0.04400000000000002]",1148948,"[4.04, -0.44000000000000017]",0.008411706629253569,3.532916784286499,8.2,"[0.869, -0.049]",1149948,"[8.69, -0.49]",0.008205796423412504,3.446434497833252,NashSolutionConcept,6.385,1.6441487159013322,0.00847783060300918,0.00022492011448405611,3.560688853263855,0.09446644808330343,COMPLETE
115,6.75,2025-06-12 21:35:52.367830,2025-06-12 21:35:56.383869,0 days 00:00:04.016039,19,0.5669558488850089,0.10524286424834421,0.9758552370038595,0.0247545834052088,390,1156952,6.75,2.3883781107688966,0.6815,0.12461239906205167,390.0,4,8.059999999999999,"[0.751, 0.05499999999999998]",1156952,"[7.51, 0.5499999999999998]",0.009152927154149764,3.569641590118408,4.339999999999999,"[0.502, -0.06799999999999999]",1157952,"[5.02, -0.6799999999999999]",0.009740046354440542,3.7986180782318115,10.010000000000002,"[0.8340000000000002, 0.16699999999999995]",1158952,"[8.340000000000002, 1.6699999999999995]",0.00922081715021378,3.596118688583374,4.589999999999999,"[0.639, -0.18]",1159952,"[6.390000000000001, -1.7999999999999998]",0.009095202348171136,3.547128915786743,NashSolutionConcept,6.815,1.2461239906205166,0.009302248251743805,0.00025664323456608376,3.6278768181800842,0.10009086148077276,COMPLETE
116,8.467500000000001,2025-06-12 21:35:56.882683,2025-06-12 21:36:00.295630,0 days 00:00:03.412947,14,0.8629199610510453,0.09018757820205513,0.9681079874868129,0.00798561861010564,455,1166956,8.467500000000001,0.7788894337452522,0.673,0.11890962955118474,450.0,4,8.510000000000002,"[0.5410000000000001, 0.31000000000000005]",1166956,"[5.410000000000002, 3.1000000000000005]",0.006535767979092068,2.9410955905914307,8.4,"[0.639, 0.201]",1167956,"[6.390000000000001, 2.0100000000000002]",0.0067616473303900824,3.042741298675537,7.380000000000001,"[0.6460000000000001, 0.09200000000000003]",1168956,"[6.460000000000001, 0.9200000000000003]",0.006920879681905111,3.1143958568573,9.58,"[0.866, 0.09200000000000003]",1169956,"[8.66, 0.9200000000000003]",0.0071591467327541776,3.22161602973938,NashSolutionConcept,6.730000000000001,1.1890962955118474,0.00684436043103536,0.00022749525814739905,3.079962193965912,0.10237286616632958,COMPLETE
117,5.9625,2025-06-12 21:36:00.310192,2025-06-12 21:36:03.500172,0 days 00:00:03.189980,12,0.8829990376740275,0.09784309685147823,0.9639204115654516,0.007903642100141575,470,1176960,5.9625,3.6066769677918202,0.572,0.16063156601365744,470.0,4,2.1799999999999997,"[0.32800000000000007, -0.10999999999999999]",1176960,"[3.2800000000000007, -1.0999999999999999]",0.006362551831184549,2.9903993606567383,5.5,"[0.6599999999999999, -0.10999999999999999]",1177960,"[6.6, -1.0999999999999999]",0.006300743082736401,2.9613492488861084,4.3100000000000005,"[0.5409999999999999, -0.10999999999999999]",1178960,"[5.409999999999999, -1.0999999999999999]",0.0061028576911763945,2.8683431148529053,11.86,"[0.759, 0.42699999999999994]",1179960,"[7.59, 4.27]",0.006212920330940409,2.920072555541992,NashSolutionConcept,5.72,1.6063156601365745,0.006244768234009438,9.76717084812417e-05,2.935041069984436,0.04590570298618366,COMPLETE
118,4.7250000000000005,2025-06-12 21:36:03.515125,2025-06-12 21:36:06.362696,0 days 00:00:02.847571,11,0.9672812618879684,0.08335968373232744,0.9695745895048398,0.005001508572421617,457,1186963,4.7250000000000005,2.330584690587322,0.545,0.2540324782385119,450.0,4,3.2799999999999994,"[0.31799999999999995, 0.01000000000000002]",1186963,"[3.1799999999999997, 0.1000000000000002]",0.005838966899447971,2.627535104751587,3.47,"[0.44700000000000006, -0.09999999999999999]",1187963,"[4.470000000000001, -0.9999999999999999]",0.00574289321899414,2.5843019485473633,8.760000000000002,"[0.976, -0.09999999999999999]",1188963,"[9.76, -0.9999999999999999]",0.005748001204596625,2.5866005420684814,3.39,"[0.43899999999999995, -0.09999999999999999]",1189963,"[4.39, -0.9999999999999999]",0.0058525721232096355,2.633657455444336,NashSolutionConcept,5.45,2.5403247823851185,0.0057956083615620935,5.0423607067854205e-05,2.608023762702942,0.022690623180534303,COMPLETE
119,6.982500000000001,2025-06-12 21:36:06.378310,2025-06-12 21:36:09.373086,0 days 00:00:02.994776,13,0.870540240300288,0.11162783683535378,0.9573992420516574,0.009388077561997861,447,1196966,6.982500000000001,2.474099583686962,0.6527499999999999,0.2027466090961819,440.0,4,6.47,"[0.657, -0.009999999999999985]",1196966,"[6.57, -0.09999999999999984]",0.006278617815537887,2.76259183883667,9.67,"[0.756, 0.21100000000000002]",1197966,"[7.5600000000000005, 2.1100000000000003]",0.006126453117890791,2.6956393718719482,8.6,"[0.8709999999999999, -0.010999999999999996]",1198966,"[8.709999999999999, -0.10999999999999996]",0.0062474976886402475,2.748898983001709,3.1900000000000004,"[0.327, -0.007999999999999993]",1199966,"[3.27, -0.07999999999999993]",0.006342457099394364,2.7906811237335205,NashSolutionConcept,6.5275,2.027466090961819,0.006248756430365822,7.847165471348165e-05,2.749452829360962,0.03452752807393193,COMPLETE
120,6.317499999999999,2025-06-12 21:36:09.387218,2025-06-12 21:36:12.858353,0 days 00:00:03.471135,14,0.8689743516144588,0.08918453949633873,0.968074035209813,0.0001414708419551974,479,1206969,6.317499999999999,2.048650470431693,0.5395,0.2235055927711877,470.0,4,6.3500000000000005,"[0.7649999999999999, -0.12999999999999995]",1206969,"[7.649999999999999, -1.2999999999999994]",0.006838531189776481,3.2141096591949463,9.589999999999998,"[0.761, 0.19800000000000004]",1207969,"[7.61, 1.9800000000000004]",0.0068780959920680266,3.2327051162719727,4.11,"[0.317, 0.09400000000000003]",1208969,"[3.17, 0.9400000000000003]",0.006990780221655014,3.2856667041778564,5.220000000000001,"[0.31500000000000006, 0.20700000000000002]",1209969,"[3.1500000000000004, 2.0700000000000003]",0.006699026899134859,3.148542642593384,NashSolutionConcept,5.395,2.235055927711877,0.006851608575658596,0.00010431025394190995,3.22025603055954,0.04902581935269759,COMPLETE
121,6.3275,2025-06-12 21:36:13.381971,2025-06-12 21:36:17.091435,0 days 00:00:03.709464,15,0.5489333070867118,0.09442585334860536,0.9717763693173357,0.006535911546808242,435,1216973,6.3275,1.624505694049732,0.6055,0.14999416655323633,430.0,4,9.05,"[0.8230000000000001, 0.082]",1216973,"[8.23, 0.8200000000000001]",0.007780397215554881,3.3455708026885986,5.09,"[0.535, -0.02599999999999999]",1217973,"[5.3500000000000005, -0.2599999999999999]",0.008190508221471032,3.521918535232544,5.079999999999999,"[0.648, -0.13999999999999996]",1218973,"[6.48, -1.3999999999999995]",0.00808198840119118,3.475255012512207,6.09,"[0.4160000000000001, 0.19300000000000003]",1219973,"[4.160000000000001, 1.9300000000000004]",0.007664010136626488,3.2955243587493896,NashSolutionConcept,6.055000000000001,1.4999416655323632,0.007929225993710895,0.00021453100693075882,3.409567177295685,0.09224833298022643,COMPLETE
122,4.922499999999999,2025-06-12 21:36:17.107729,2025-06-12 21:36:22.511458,0 days 00:00:05.403729,30,0.9344448996258304,0.10043773439425223,0.9615045817825322,0.013912628330465703,406,1226977,4.922499999999999,1.42797715317858,0.68775,0.1640341046855806,400.0,4,6.880000000000001,"[0.85, -0.1620000000000001]",1226977,"[8.5, -1.620000000000001]",0.012059786319732667,4.823914527893066,3.0999999999999988,"[0.4779999999999999, -0.16800000000000007]",1227977,"[4.779999999999999, -1.6800000000000006]",0.012995227575302123,5.19809103012085,4.149999999999999,"[0.577, -0.16200000000000006]",1228977,"[5.77, -1.6200000000000006]",0.012911447882652282,5.164579153060913,5.559999999999999,"[0.8460000000000001, -0.2900000000000001]",1229977,"[8.46, -2.900000000000001]",0.011898401975631714,4.7593607902526855,NashSolutionConcept,6.8774999999999995,1.640341046855806,0.012466215938329698,0.0004913457355582803,4.986486375331879,0.1965382942233123,COMPLETE
123,5.847499999999999,2025-06-12 21:36:22.525839,2025-06-12 21:36:26.470034,0 days 00:00:03.944195,17,0.919569158962541,0.0914465251073642,0.9784912494898039,0.0030556967516677924,460,1236982,5.847499999999999,1.2629207219774323,0.63225,0.16829642747248086,460.0,4,7.939999999999999,"[0.8460000000000001, -0.052000000000000005]",1236982,"[8.46, -0.52]",0.007968601973160454,3.6655569076538086,4.819999999999999,"[0.41500000000000004, 0.06699999999999998]",1237982,"[4.15, 0.6699999999999997]",0.008160258376080056,3.753718852996826,5.75,"[0.735, -0.15999999999999998]",1238982,"[7.35, -1.5999999999999996]",0.008056498610455057,3.705989360809326,4.88,"[0.533, -0.04500000000000002]",1239982,"[5.33, -0.4500000000000002]",0.008084348492000414,3.7188003063201904,NashSolutionConcept,6.3225,1.6829642747248084,0.008067426862923995,6.853797652441454e-05,3.711016356945038,0.031527469201230854,COMPLETE
124,7.155,2025-06-12 21:36:26.484785,2025-06-12 21:36:30.425777,0 days 00:00:03.940992,16,0.5964494696723172,0.18394673124959382,0.9878107549019217,0.0075263870855335965,468,1246986,7.155,3.066451532308965,0.64,0.22250730325092702,460.0,4,5.99,"[0.41500000000000004, 0.184]",1246986,"[4.15, 1.8399999999999999]",0.007639948699785315,3.514376401901245,9.41,"[0.8629999999999999, 0.07799999999999999]",1247986,"[8.629999999999999, 0.7799999999999998]",0.007713639736175537,3.548274278640747,10.52,"[0.8620000000000001, 0.19]",1248986,"[8.620000000000001, 1.9]",0.007814230607903523,3.59454607963562,2.7000000000000006,"[0.41999999999999993, -0.14999999999999997]",1249986,"[4.199999999999999, -1.4999999999999996]",0.008148339002028755,3.7482359409332275,NashSolutionConcept,6.3999999999999995,2.2250730325092705,0.007829039511473283,0.00019445045094927595,3.60135817527771,0.08944720743666704,COMPLETE
125,7.62,2025-06-12 21:36:30.440143,2025-06-12 21:36:33.839968,0 days 00:00:03.399825,14,0.8050380929221973,0.07656223451812724,0.9745523443419492,0.018532354979012736,441,1256990,7.62,2.116636482724419,0.7272500000000001,0.16248288371394698,440.0,4,10.61,"[0.9680000000000002, 0.09300000000000005]",1256990,"[9.680000000000001, 0.9300000000000006]",0.007060675729404796,3.1066973209381104,5.17,"[0.647, -0.12999999999999995]",1257990,"[6.470000000000001, -1.2999999999999994]",0.0072836350310932505,3.2047994136810303,6.160000000000001,"[0.5280000000000001, 0.088]",1258990,"[5.280000000000001, 0.8799999999999999]",0.007183019681410356,3.1605286598205566,8.54,"[0.766, 0.08800000000000002]",1259990,"[7.66, 0.8800000000000002]",0.007123712517998435,3.1344335079193115,NashSolutionConcept,7.272500000000001,1.6248288371394695,0.007162760739976709,8.210836130393563e-05,3.151614725589752,0.03612767897373163,COMPLETE
126,6.3199999999999985,2025-06-12 21:36:34.444558,2025-06-12 21:36:40.796509,0 days 00:00:06.351951,39,0.9019454950534536,0.11664699531544365,0.9830596251596084,0.015546459726751822,421,1266994,6.3199999999999985,1.7916891471457879,0.74475,0.0633141966702571,420.0,4,3.2199999999999984,"[0.7019999999999998, -0.3800000000000002]",1266994,"[7.019999999999999, -3.8000000000000025]",0.014685356616973877,6.167849779129028,7.249999999999998,"[0.706, 0.018999999999999878]",1267994,"[7.06, 0.18999999999999878]",0.013976050558544341,5.869941234588623,7.479999999999999,"[0.7170000000000001, 0.03099999999999987]",1268994,"[7.170000000000001, 0.3099999999999987]",0.012327107929048084,5.177385330200195,7.329999999999999,"[0.8539999999999999, -0.12100000000000014]",1269994,"[8.54, -1.2100000000000013]",0.01450605278923398,6.0925421714782715,NashSolutionConcept,7.4475,0.6331419667025712,0.013873641973450071,0.0009301987920905438,5.8269296288490295,0.3906834926780283,COMPLETE
127,4.992500000000001,2025-06-12 21:36:40.812138,2025-06-12 21:36:44.001783,0 days 00:00:03.189645,11,0.5144751920983769,0.0855797357297329,0.9806775795793445,0.012201062763546206,451,1277000,4.992500000000001,2.2501930472739446,0.5469999999999999,0.21751666602814604,450.0,4,3.34,"[0.33099999999999996, 0.003000000000000012]",1277000,"[3.3099999999999996, 0.030000000000000124]",0.006636138492160373,2.986262321472168,2.2800000000000002,"[0.32799999999999996, -0.09999999999999999]",1278000,"[3.2799999999999994, -0.9999999999999999]",0.00658074590894911,2.9613356590270996,6.61,"[0.7610000000000001, -0.09999999999999999]",1279000,"[7.610000000000001, -0.9999999999999999]",0.00658869743347168,2.964913845062256,7.740000000000001,"[0.768, 0.006000000000000004]",1280000,"[7.68, 0.06000000000000004]",0.006612216631571452,2.9754974842071533,NashSolutionConcept,5.47,2.1751666602814606,0.006604449616538154,2.1647796571213384e-05,2.972002327442169,0.009741508457046064,COMPLETE
