number,value,datetime_start,datetime_complete,duration,params_episode_length,params_epsilon_max,params_epsilon_min,params_gamma,params_learning_rate,params_num_episodes,user_attrs_base_seed,user_attrs_collective_reward_mean,user_attrs_collective_reward_std,user_attrs_individual_reward_agent0_mean,user_attrs_individual_reward_agent0_std,user_attrs_num_episodes_mean,user_attrs_num_parallel_runs,user_attrs_run_0_collective_reward,user_attrs_run_0_individual_rewards,user_attrs_run_0_seed,user_attrs_run_0_total_individual_rewards,user_attrs_run_0_training_time_per_episode,user_attrs_run_0_training_time_total,user_attrs_run_1_collective_reward,user_attrs_run_1_individual_rewards,user_attrs_run_1_seed,user_attrs_run_1_total_individual_rewards,user_attrs_run_1_training_time_per_episode,user_attrs_run_1_training_time_total,user_attrs_run_2_collective_reward,user_attrs_run_2_individual_rewards,user_attrs_run_2_seed,user_attrs_run_2_total_individual_rewards,user_attrs_run_2_training_time_per_episode,user_attrs_run_2_training_time_total,user_attrs_run_3_collective_reward,user_attrs_run_3_individual_rewards,user_attrs_run_3_seed,user_attrs_run_3_total_individual_rewards,user_attrs_run_3_training_time_per_episode,user_attrs_run_3_training_time_total,user_attrs_solution_concept,user_attrs_total_individual_reward_agent0_mean,user_attrs_total_individual_reward_agent0_std,user_attrs_training_time_per_episode_mean,user_attrs_training_time_per_episode_std,user_attrs_training_time_total_mean,user_attrs_training_time_total_std,state
215,6.390000000000001,2025-06-12 21:42:10.881749,2025-06-12 21:42:14.345904,0 days 00:00:03.464155,15,0.526237191550529,0.17418414366611354,0.9063014184094401,0.0073288903275318985,459,2157330,6.390000000000001,2.110876595161356,0.47125,0.12210523125566737,450.0,4,8.43,"[0.641, 0.20200000000000004]",2157330,"[6.41, 2.0200000000000005]",0.007185150252448188,3.2333176136016846,2.850000000000001,"[0.31199999999999994, -0.027000000000000003]",2158330,"[3.119999999999999, -0.27]",0.0069254461924235025,3.116450786590576,7.089999999999999,"[0.518, 0.19099999999999995]",2159330,"[5.18, 1.9099999999999995]",0.007285768191019694,3.2785956859588623,7.19,"[0.414, 0.305]",2160330,"[4.14, 3.05]",0.006976260079277886,3.139317035675049,NashSolutionConcept,4.7124999999999995,1.2210523125566737,0.0070931561787923175,0.0001477782413378206,3.191920280456543,0.06650020860201929,COMPLETE
216,5.395,2025-06-12 21:42:15.192739,2025-06-12 21:42:17.368497,0 days 00:00:02.175758,13,0.7780018681417106,0.16975403714929668,0.9026738685866232,0.012789809492534129,310,2167335,5.395,1.7536319454207032,0.605,0.18332075714441062,310.0,4,3.2,"[0.44000000000000006, -0.11999999999999997]",2167335,"[4.4, -1.1999999999999997]",0.006347095581793016,1.967599630355835,6.52,"[0.661, -0.008999999999999984]",2168335,"[6.61, -0.08999999999999983]",0.006259766701729067,1.9405276775360107,7.61,"[0.8809999999999999, -0.11999999999999997]",2169335,"[8.809999999999999, -1.1999999999999997]",0.006317330175830472,1.9583723545074463,4.25,"[0.438, -0.012999999999999994]",2170335,"[4.38, -0.12999999999999995]",0.006465351197027391,2.004258871078491,NashSolutionConcept,6.05,1.8332075714441063,0.006347385914094987,7.499394316946024e-05,1.9676896333694458,0.02324812238253268,COMPLETE
217,7.209999999999999,2025-06-12 21:42:17.383125,2025-06-12 21:42:23.327645,0 days 00:00:05.944520,31,0.7908298201249148,0.09880939081569123,0.9812344136032941,0.002843514100604424,448,2177337,7.209999999999999,3.2160457086303977,0.68875,0.224058446616056,440.0,4,1.6399999999999988,"[0.46399999999999986, -0.30000000000000016]",2177337,"[4.639999999999999, -3.0000000000000018]",0.013105972788550637,5.76662802696228,9.009999999999998,"[0.47299999999999986, 0.42799999999999994]",2178337,"[4.729999999999999, 4.279999999999999]",0.012227989326823842,5.38031530380249,9.079999999999998,"[0.967, -0.05900000000000007]",2179337,"[9.67, -0.5900000000000007]",0.012244602766903964,5.387625217437744,9.11,"[0.851, 0.05999999999999994]",2180337,"[8.51, 0.5999999999999994]",0.011309007622978904,4.975963354110718,NashSolutionConcept,6.887499999999999,2.24058446616056,0.012221893126314335,0.0006355135094583353,5.377632975578308,0.2796259441616676,COMPLETE
218,5.187500000000001,2025-06-12 21:42:23.343798,2025-06-12 21:42:27.111443,0 days 00:00:03.767645,14,0.5511553185411484,0.16187746947104217,0.9754380078600539,0.00629915392563734,489,2187343,5.187500000000001,2.404322929641524,0.48525000000000007,0.2566801268115629,480.0,4,7.45,"[0.652, 0.093]",2187343,"[6.5200000000000005, 0.9299999999999999]",0.007022765775521596,3.370927572250366,7.440000000000001,"[0.766, -0.021999999999999985]",2188343,"[7.66, -0.21999999999999986]",0.007022948066393534,3.3710150718688965,4.100000000000001,"[0.43000000000000005, -0.019999999999999997]",2189343,"[4.300000000000001, -0.19999999999999996]",0.006537185609340667,3.1378490924835205,1.76,"[0.093, 0.083]",2190343,"[0.9299999999999999, 0.8300000000000001]",0.007236951092878977,3.473736524581909,NashSolutionConcept,4.8525,2.5668012681156287,0.006954962636033694,0.00025655136829301776,3.338382065296173,0.12314465678064851,COMPLETE
219,5.435,2025-06-12 21:42:27.124959,2025-06-12 21:42:30.669323,0 days 00:00:03.544364,16,0.5181408189819839,0.10827359219769832,0.9117046130709354,0.002253721464601884,440,2197347,5.435,2.362906049761606,0.4690000000000001,0.13131831555422877,440.0,4,8.469999999999999,"[0.654, 0.193]",2197347,"[6.54, 1.9300000000000002]",0.007016368345780806,3.0872020721435547,6.9399999999999995,"[0.5170000000000001, 0.177]",2198347,"[5.170000000000002, 1.77]",0.007684574343941429,3.3812127113342285,3.6900000000000004,"[0.4039999999999999, -0.034999999999999996]",2199347,"[4.039999999999999, -0.35]",0.007530231367457996,3.3133018016815186,2.64,"[0.30100000000000005, -0.037000000000000005]",2200347,"[3.0100000000000007, -0.37000000000000005]",0.007688487659801136,3.3829345703125,NashSolutionConcept,4.69,1.3131831555422877,0.007479915429245343,0.00027513416679426445,3.2911627888679504,0.12105903338947636,COMPLETE
220,6.1175,2025-06-12 21:42:30.683010,2025-06-12 21:42:33.489805,0 days 00:00:02.806795,13,0.7602252482274446,0.08328390277485381,0.9085724124752934,0.021947431471163646,419,2207350,6.1175,3.217160044200474,0.51125,0.21007424282857715,410.0,4,7.54,"[0.763, -0.008999999999999984]",2207350,"[7.63, -0.08999999999999983]",0.006207365524478075,2.5450198650360107,0.9299999999999999,"[0.213, -0.11999999999999997]",2208350,"[2.13, -1.1999999999999997]",0.006409493888296732,2.62789249420166,9.639999999999999,"[0.642, 0.32199999999999995]",2209350,"[6.42, 3.2199999999999998]",0.006392858086562738,2.6210718154907227,6.359999999999999,"[0.42699999999999994, 0.209]",2210350,"[4.27, 2.09]",0.006108053719125143,2.5043020248413086,NashSolutionConcept,5.1125,2.1007424282857716,0.006279442804615672,0.00012683223514062204,2.5745715498924255,0.052001216407655024,COMPLETE
221,7.3675,2025-06-12 21:42:34.342441,2025-06-12 21:42:38.023985,0 days 00:00:03.681544,17,0.5634330421945528,0.09301354023447149,0.9766111588027833,0.009859465791463226,430,2217354,7.3675,2.2052026550863753,0.6982499999999999,0.0993488173054918,430.0,4,6.009999999999999,"[0.646, -0.045]",2217354,"[6.46, -0.44999999999999996]",0.008153774017511412,3.5061228275299072,10.489999999999998,"[0.6460000000000001, 0.4029999999999999]",2218354,"[6.460000000000001, 4.029999999999999]",0.007618429494458576,3.2759246826171875,8.26,"[0.8699999999999999, -0.044000000000000004]",2219354,"[8.7, -0.44000000000000006]",0.007647351331489031,3.288361072540283,4.71,"[0.6309999999999999, -0.15999999999999998]",2220354,"[6.309999999999999, -1.5999999999999996]",0.008062123143395713,3.4667129516601562,NashSolutionConcept,6.9825,0.9934881730549184,0.007870419496713682,0.00023994709843052928,3.3842803835868835,0.10317725232512769,COMPLETE
222,6.2525,2025-06-12 21:42:38.039958,2025-06-12 21:42:41.963460,0 days 00:00:03.923502,19,0.5369796328480251,0.034910930896591114,0.9791031347089628,0.008511544599475248,410,2227358,6.2525,1.9700047588775014,0.6597500000000001,0.1923673244082789,410.0,4,9.190000000000001,"[0.9810000000000001, -0.06200000000000001]",2227358,"[9.81, -0.6200000000000001]",0.008582573402218702,3.518855094909668,4.47,"[0.5119999999999999, -0.06500000000000002]",2228358,"[5.119999999999999, -0.6500000000000001]",0.009149238539905083,3.751187801361084,4.4399999999999995,"[0.51, -0.06600000000000003]",2229358,"[5.1, -0.6600000000000004]",0.008661635910592429,3.5512707233428955,6.909999999999999,"[0.6360000000000001, 0.05499999999999997]",2230358,"[6.360000000000001, 0.5499999999999997]",0.009105389874155928,3.7332098484039307,NashSolutionConcept,6.5975,1.923673244082789,0.008874709431718036,0.0002546190698385616,3.6386308670043945,0.10439381863381031,COMPLETE
223,6.8500000000000005,2025-06-12 21:42:41.978153,2025-06-12 21:42:46.266998,0 days 00:00:04.288845,18,0.5040736754737275,0.0897609421008047,0.9591294753599288,0.011771324775639826,453,2237362,6.8500000000000005,2.3787286520324256,0.6032500000000001,0.20306325984776277,450.0,4,10.07,"[0.8550000000000001, 0.15199999999999997]",2237362,"[8.55, 1.5199999999999996]",0.008153753280639648,3.669188976287842,8.200000000000001,"[0.644, 0.176]",2238362,"[6.44, 1.7599999999999998]",0.008221250110202366,3.6995625495910645,4.57,"[0.288, 0.16899999999999998]",2239362,"[2.88, 1.69]",0.009005562994215224,4.052503347396851,4.56,"[0.6260000000000001, -0.16999999999999998]",2240362,"[6.260000000000002, -1.6999999999999997]",0.008729251755608453,3.9281632900238037,NashSolutionConcept,6.032500000000001,2.0306325984776277,0.008527454535166422,0.0003545150188266367,3.83735454082489,0.15953175847198647,COMPLETE
224,6.402499999999999,2025-06-12 21:42:46.281807,2025-06-12 21:42:49.407998,0 days 00:00:03.126191,15,0.8259622971626056,0.10250050551843193,0.9784181950252153,0.0101814231804184,435,2247366,6.402499999999999,2.1727100013577507,0.643,0.1431590025111938,430.0,4,3.9100000000000006,"[0.5309999999999999, -0.13999999999999996]",2247366,"[5.309999999999999, -1.3999999999999995]",0.006442696549171625,2.770359516143799,9.589999999999998,"[0.8789999999999999, 0.08]",2248366,"[8.79, 0.8]",0.006787623361099598,2.918678045272827,7.119999999999999,"[0.636, 0.07600000000000004]",2249366,"[6.36, 0.7600000000000005]",0.0068255036376243415,2.934966564178467,4.989999999999999,"[0.526, -0.027000000000000003]",2250366,"[5.26, -0.27]",0.0067190619402153545,2.8891966342926025,NashSolutionConcept,6.43,1.4315900251119382,0.00669372137202773,0.00014986640314246507,2.878300189971924,0.06444255335125999,COMPLETE
225,6.234999999999999,2025-06-12 21:42:49.424602,2025-06-12 21:42:52.915728,0 days 00:00:03.491126,14,0.5752416525236123,0.08667739069465005,0.9821103917293977,0.00702468024667261,467,2257369,6.234999999999999,3.483572160871653,0.6445000000000001,0.24278539906674787,460.0,4,2.83,"[0.413, -0.12999999999999995]",2257369,"[4.13, -1.2999999999999994]",0.007213065416916557,3.318010091781616,8.39,"[0.7570000000000001, 0.082]",2258369,"[7.570000000000001, 0.8200000000000001]",0.006835096297056778,3.144144296646118,2.8900000000000006,"[0.41900000000000004, -0.12999999999999995]",2259369,"[4.19, -1.2999999999999994]",0.0071432922197424845,3.285914421081543,10.829999999999998,"[0.9890000000000001, 0.09400000000000003]",2260369,"[9.89, 0.9400000000000003]",0.006302225071450939,2.8990235328674316,NashSolutionConcept,6.445,2.4278539906674785,0.006873419751291689,0.00035913868380764755,3.1617730855941772,0.16520379455151796,COMPLETE
226,7.335000000000001,2025-06-12 21:42:53.820879,2025-06-12 21:42:57.350056,0 days 00:00:03.529177,16,0.5261374988543946,0.0985674454620137,0.9746235149144562,0.00903810651577746,422,2267373,7.335000000000001,1.7493212969606233,0.663,0.04406245567373656,420.0,4,6.03,"[0.642, -0.039]",2267373,"[6.42, -0.39]",0.0077815464564732146,3.26824951171875,5.8500000000000005,"[0.625, -0.04]",2268373,"[6.25, -0.4]",0.007701097215924944,3.2344608306884766,10.219999999999999,"[0.738, 0.28400000000000003]",2269373,"[7.38, 2.8400000000000003]",0.0072495171001979285,3.04479718208313,7.24,"[0.647, 0.077]",2270373,"[6.470000000000001, 0.77]",0.007273568425859724,3.054898738861084,NashSolutionConcept,6.630000000000001,0.4406245567373656,0.007501432299613952,0.0002417194822193429,3.15060156583786,0.10152218253212399,COMPLETE
227,5.445,2025-06-12 21:42:57.365321,2025-06-12 21:43:00.347683,0 days 00:00:02.982362,12,0.5535449192386467,0.09449874072327527,0.9801903505325984,0.012724107096845098,445,2277377,5.445,2.0100435318669096,0.5475,0.1545258877987763,440.0,4,3.2600000000000007,"[0.328, -0.0019999999999999905]",2277377,"[3.2800000000000002, -0.019999999999999907]",0.006258174506100741,2.753596782684326,5.44,"[0.5449999999999999, -0.0009999999999999898]",2278377,"[5.449999999999999, -0.009999999999999898]",0.006385961445895108,2.8098230361938477,8.66,"[0.765, 0.10100000000000002]",2279377,"[7.65, 1.0100000000000002]",0.006110560352152044,2.6886465549468994,4.420000000000001,"[0.5520000000000002, -0.10999999999999999]",2280377,"[5.520000000000001, -1.0999999999999999]",0.006357098709453236,2.797123432159424,NashSolutionConcept,5.475000000000001,1.545258877987763,0.006277948753400282,0.00010763521149218666,2.7622974514961243,0.04735949305656209,COMPLETE
228,5.939999999999999,2025-06-12 21:43:00.363283,2025-06-12 21:43:03.909935,0 days 00:00:03.546652,15,0.802943074010157,0.07943699478982376,0.9022148512379545,0.01069610250028642,477,2287380,5.939999999999999,1.1220071301021208,0.519,0.15415090009467994,470.0,4,7.089999999999998,"[0.737, -0.02799999999999999]",2287380,"[7.37, -0.2799999999999999]",0.006980472929934238,3.280822277069092,4.73,"[0.301, 0.17200000000000001]",2288380,"[3.01, 1.7200000000000002]",0.006997202812357152,3.2886853218078613,4.91,"[0.518, -0.027000000000000003]",2289380,"[5.18, -0.27]",0.007088783446778642,3.331728219985962,7.0299999999999985,"[0.5200000000000001, 0.183]",2290380,"[5.200000000000001, 1.83]",0.007049518443168478,3.3132736682891846,NashSolutionConcept,5.1899999999999995,1.5415090009467995,0.007028994408059628,4.2898148459098694e-05,3.303627371788025,0.02016212977577643,COMPLETE
229,4.797500000000001,2025-06-12 21:43:03.922932,2025-06-12 21:43:07.743283,0 days 00:00:03.820351,17,0.8566572869521246,0.105643567183113,0.9000622843619751,0.016691652232840297,459,2297383,4.797500000000001,0.7975078369520888,0.4955,0.04548900966167542,450.0,4,4.72,"[0.516, -0.04400000000000002]",2297383,"[5.16, -0.44000000000000017]",0.007860159873962403,3.537071943283081,5.92,"[0.522, 0.06999999999999999]",2298383,"[5.220000000000001, 0.7]",0.007501695421006945,3.375762939453125,3.670000000000001,"[0.5269999999999999, -0.15999999999999998]",2299383,"[5.27, -1.5999999999999996]",0.007661649386088053,3.447742223739624,4.880000000000001,"[0.417, 0.07100000000000002]",2300383,"[4.17, 0.7100000000000002]",0.0077188836203681095,3.4734976291656494,NashSolutionConcept,4.955,0.45489009661675434,0.007685597075356378,0.00012842651111602332,3.45851868391037,0.05779193000221049,COMPLETE
230,4.835,2025-06-12 21:43:07.757620,2025-06-12 21:43:11.011982,0 days 00:00:03.254362,14,0.5113056778197148,0.08970947427170535,0.9295909139542509,0.008210011767654228,429,2307387,4.835,2.145069928930057,0.31625000000000003,0.16018173272879777,420.0,4,4.080000000000001,"[0.312, 0.09600000000000006]",2307387,"[3.12, 0.9600000000000006]",0.006956634635017032,2.9217865467071533,7.410000000000001,"[0.545, 0.19600000000000004]",2308387,"[5.45, 1.9600000000000004]",0.006851241134461903,2.877521276473999,6.109999999999999,"[0.316, 0.29500000000000004]",2309387,"[3.16, 2.95]",0.006896063259669713,2.8963465690612793,1.7399999999999998,"[0.092, 0.082]",2310387,"[0.9199999999999999, 0.8200000000000001]",0.007223484062013172,3.0338633060455322,NashSolutionConcept,3.1625,1.6018173272879777,0.006981855772790454,0.00014443067108179812,2.932379424571991,0.06066088185435524,COMPLETE
231,5.987500000000001,2025-06-12 21:43:11.930138,2025-06-12 21:43:14.900932,0 days 00:00:02.970794,12,0.5149629274251638,0.14885000276219107,0.9029946182840288,0.006233635736625138,487,2317391,5.987500000000001,1.2301905340230836,0.545,0.07888282449304157,480.0,4,5.44,"[0.5429999999999999, 0.001000000000000012]",2317391,"[5.43, 0.01000000000000012]",0.005765504638353984,2.767442226409912,6.440000000000001,"[0.5419999999999999, 0.10200000000000005]",2318391,"[5.419999999999999, 1.0200000000000005]",0.005609669784704844,2.692641496658325,7.7,"[0.659, 0.11100000000000007]",2319391,"[6.59, 1.1100000000000008]",0.005619666973749797,2.6974401473999023,4.370000000000001,"[0.43600000000000005, 0.001000000000000012]",2320391,"[4.36, 0.01000000000000012]",0.0058397243420283,2.803067684173584,NashSolutionConcept,5.449999999999999,0.7888282449304156,0.005708641434709231,9.763195522929085e-05,2.740147888660431,0.046863338510059596,COMPLETE
232,7.755,2025-06-12 21:43:14.915871,2025-06-12 21:43:17.949267,0 days 00:00:03.033396,12,0.5155218752802218,0.13941654792014302,0.900334736705635,0.005239910997060878,484,2327394,7.755,2.6670442441024487,0.67075,0.15437353238168783,480.0,4,11.8,"[0.8530000000000001, 0.32700000000000007]",2327394,"[8.530000000000001, 3.2700000000000005]",0.005611639718214671,2.693587064743042,5.34,"[0.43499999999999994, 0.099]",2328394,"[4.35, 0.99]",0.005779984593391419,2.774392604827881,8.51,"[0.748, 0.10300000000000002]",2329394,"[7.48, 1.0300000000000002]",0.0059499919414520265,2.8559961318969727,5.370000000000001,"[0.647, -0.10999999999999999]",2330394,"[6.470000000000001, -1.0999999999999999]",0.005869908630847931,2.817556142807007,NashSolutionConcept,6.7075,1.5437353238168783,0.0058028812209765124,0.0001257296759781417,2.7853829860687256,0.06035024446950796,COMPLETE
233,5.870000000000001,2025-06-12 21:43:17.963481,2025-06-12 21:43:21.000497,0 days 00:00:03.037016,13,0.5431255848704825,0.16833291285204832,0.903817039754614,0.006927618086731915,478,2337398,5.870000000000001,1.8091434437324205,0.6515,0.2324150382397834,470.0,4,4.25,"[0.43500000000000005, -0.009999999999999985]",2337398,"[4.3500000000000005, -0.09999999999999984]",0.005764466143668966,2.709299087524414,4.210000000000001,"[0.42899999999999994, -0.007999999999999983]",2338398,"[4.289999999999999, -0.07999999999999982]",0.006094093525663335,2.8642239570617676,8.590000000000002,"[0.9789999999999999, -0.11999999999999997]",2339398,"[9.79, -1.1999999999999997]",0.005961195966030689,2.801762104034424,6.43,"[0.7630000000000001, -0.11999999999999997]",2340398,"[7.630000000000001, -1.1999999999999997]",0.0058047142434627455,2.7282156944274902,NashSolutionConcept,6.515000000000001,2.3241503823978342,0.005906117469706434,0.00013106901887102723,2.775875210762024,0.061602438869382825,COMPLETE
234,7.475,2025-06-12 21:43:21.015367,2025-06-12 21:43:23.791157,0 days 00:00:02.775790,11,0.5332902182584985,0.15593357934970617,0.9072133947458024,0.006120755706013792,470,2347401,7.475,2.7166201427509153,0.6575,0.1326960813287265,470.0,4,5.619999999999999,"[0.5519999999999999, 0.01000000000000002]",2347401,"[5.52, 0.1000000000000002]",0.005511773393509236,2.590533494949341,6.57,"[0.655, 0.0020000000000000213]",2348401,"[6.550000000000001, 0.020000000000000212]",0.005539302115744733,2.6034719944000244,12.13,"[0.875, 0.33799999999999997]",2349401,"[8.75, 3.38]",0.005517548703132791,2.593247890472412,5.58,"[0.548, 0.010000000000000007]",2350401,"[5.48, 0.10000000000000007]",0.005513798936884454,2.5914855003356934,NashSolutionConcept,6.575,1.326960813287265,0.005520605787317804,1.0991392695803684e-05,2.5946847200393677,0.00516595456702775,COMPLETE
235,6.5125,2025-06-12 21:43:23.806311,2025-06-12 21:43:27.569875,0 days 00:00:03.763564,16,0.5215646144718787,0.09557950434325414,0.9017731781807012,0.00762619705167076,464,2357403,6.5125,1.9338740264039946,0.4985,0.08942734481130478,460.0,4,9.18,"[0.522, 0.396]",2357403,"[5.220000000000001, 3.96]",0.007463264465332031,3.4331016540527344,5.9799999999999995,"[0.42000000000000004, 0.178]",2358403,"[4.2, 1.7799999999999998]",0.007801189111626666,3.5885469913482666,7.069999999999999,"[0.635, 0.072]",2359403,"[6.35, 0.72]",0.007399045902749766,3.4035611152648926,3.820000000000001,"[0.417, -0.03500000000000001]",2360403,"[4.17, -0.3500000000000001]",0.007437545838563339,3.4212710857391357,NashSolutionConcept,4.985,0.8942734481130477,0.007525261329567951,0.00016093794876908743,3.4616202116012573,0.07403145643378028,COMPLETE
236,7.217499999999999,2025-06-12 21:43:28.481146,2025-06-12 21:43:32.158158,0 days 00:00:03.677012,15,0.5039568872539341,0.08396549043027943,0.9777486915350735,0.003857535799862413,451,2367408,7.217499999999999,3.573271435253694,0.556,0.23616307924821783,450.0,4,12.689999999999998,"[0.9650000000000001, 0.30399999999999994]",2367408,"[9.65, 3.039999999999999]",0.006744037734137641,3.0348169803619385,7.289999999999999,"[0.4250000000000001, 0.304]",2368408,"[4.250000000000001, 3.04]",0.007387479146321614,3.3243656158447266,2.7499999999999996,"[0.41500000000000004, -0.13999999999999996]",2369408,"[4.15, -1.3999999999999995]",0.0077806838353474935,3.501307725906372,6.140000000000001,"[0.41899999999999993, 0.195]",2370408,"[4.1899999999999995, 1.9500000000000002]",0.006661084493001302,2.997488021850586,NashSolutionConcept,5.5600000000000005,2.361630792482178,0.007143321302202013,0.0004630938780034384,3.2144945859909058,0.2083922451015473,COMPLETE
