number,value,datetime_start,datetime_complete,duration,params_episode_length,params_epsilon_max,params_epsilon_min,params_gamma,params_learning_rate,params_num_episodes,user_attrs_base_seed,user_attrs_collective_reward_mean,user_attrs_collective_reward_std,user_attrs_individual_reward_agent0_mean,user_attrs_individual_reward_agent0_std,user_attrs_num_episodes_mean,user_attrs_num_parallel_runs,user_attrs_run_0_collective_reward,user_attrs_run_0_individual_rewards,user_attrs_run_0_seed,user_attrs_run_0_total_individual_rewards,user_attrs_run_0_training_time_per_episode,user_attrs_run_0_training_time_total,user_attrs_run_1_collective_reward,user_attrs_run_1_individual_rewards,user_attrs_run_1_seed,user_attrs_run_1_total_individual_rewards,user_attrs_run_1_training_time_per_episode,user_attrs_run_1_training_time_total,user_attrs_run_2_collective_reward,user_attrs_run_2_individual_rewards,user_attrs_run_2_seed,user_attrs_run_2_total_individual_rewards,user_attrs_run_2_training_time_per_episode,user_attrs_run_2_training_time_total,user_attrs_run_3_collective_reward,user_attrs_run_3_individual_rewards,user_attrs_run_3_seed,user_attrs_run_3_total_individual_rewards,user_attrs_run_3_training_time_per_episode,user_attrs_run_3_training_time_total,user_attrs_solution_concept,user_attrs_total_individual_reward_agent0_mean,user_attrs_total_individual_reward_agent0_std,user_attrs_training_time_per_episode_mean,user_attrs_training_time_per_episode_std,user_attrs_training_time_total_mean,user_attrs_training_time_total_std,state
41,8.26,2025-06-12 21:30:32.482263,2025-06-12 21:30:36.553156,0 days 00:00:04.070893,16,0.5514841802486223,0.10058021279055274,0.9747737415655487,0.013099606275421186,476,416632,8.26,1.5108441349126651,0.669,0.09418333185866805,470.0,4,8.36,"[0.76, 0.07599999999999998]",416632,"[7.6, 0.7599999999999998]",0.007689574931530242,3.614100217819214,8.25,"[0.635, 0.19000000000000003]",417632,"[6.35, 1.9000000000000004]",0.007544922828674317,3.5461137294769287,6.08,"[0.53, 0.07799999999999999]",418632,"[5.300000000000001, 0.7799999999999998]",0.008272437339133404,3.8880455493927,10.35,"[0.7509999999999999, 0.284]",419632,"[7.509999999999999, 2.84]",0.007763038290307877,3.648627996444702,NashSolutionConcept,6.6899999999999995,0.9418333185866802,0.007817493347411459,0.0002741337254216665,3.6742218732833862,0.12884285094818337,COMPLETE
42,8.065,2025-06-12 21:30:36.568569,2025-06-12 21:30:39.974027,0 days 00:00:03.405458,13,0.5436466443394694,0.10094914009053058,0.9749649021676616,0.04116719123644737,469,426636,8.065,2.9473250584216184,0.7625000000000001,0.19081994130593377,460.0,4,10.739999999999998,"[0.8720000000000002, 0.202]",426636,"[8.720000000000002, 2.02]",0.006432547776595406,2.9589719772338867,8.669999999999998,"[0.875, -0.007999999999999983]",427636,"[8.75, -0.07999999999999982]",0.006567847728729248,3.021209955215454,9.73,"[0.8710000000000001, 0.10200000000000002]",428636,"[8.71, 1.0200000000000002]",0.0061853657598080845,2.8452682495117188,3.12,"[0.43200000000000005, -0.11999999999999997]",429636,"[4.32, -1.1999999999999997]",0.006981716466986615,3.2115895748138428,NashSolutionConcept,7.625000000000001,1.9081994130593378,0.006541869433029838,0.0002886114943631797,3.0092599391937256,0.13276128740706267,COMPLETE
43,8.365,2025-06-12 21:30:39.987980,2025-06-12 21:30:43.262879,0 days 00:00:03.274899,12,0.5324506564652054,0.10150594162555533,0.9747064043242374,0.005511490278444487,470,436640,8.365,0.8587636461797854,0.5700000000000001,0.18800132978253103,470.0,4,7.610000000000001,"[0.33100000000000007, 0.43000000000000005]",436640,"[3.3100000000000005, 4.300000000000001]",0.006395452073279848,3.0058624744415283,9.59,"[0.858, 0.10100000000000006]",437640,"[8.58, 1.0100000000000007]",0.00613105094179194,2.881593942642212,7.51,"[0.538, 0.213]",438640,"[5.380000000000001, 2.13]",0.006566224199660281,3.086125373840332,8.75,"[0.553, 0.322]",439640,"[5.53, 3.22]",0.006257398077782164,2.940977096557617,NashSolutionConcept,5.700000000000001,1.8800132978253103,0.006337531323128558,0.00016179518685756887,2.9786397218704224,0.07604373782305733,COMPLETE
44,7.607500000000001,2025-06-12 21:30:43.277064,2025-06-12 21:30:46.678940,0 days 00:00:03.401876,12,0.5392046896569841,0.0994667036233556,0.9751987155783628,0.050099593602354074,483,446643,7.607500000000001,3.2808487849945176,0.655,0.13370676871422782,480.0,4,4.340000000000001,"[0.5439999999999999, -0.10999999999999999]",446643,"[5.4399999999999995, -1.0999999999999999]",0.00670758585135142,3.2196412086486816,6.51,"[0.656, -0.004999999999999993]",447643,"[6.5600000000000005, -0.04999999999999993]",0.006440677245457967,3.091525077819824,6.5,"[0.5469999999999999, 0.10300000000000002]",448643,"[5.469999999999999, 1.0300000000000002]",0.006665057440598806,3.1992275714874268,13.080000000000002,"[0.873, 0.43500000000000005]",449643,"[8.73, 4.3500000000000005]",0.00601115475098292,2.8853542804718018,NashSolutionConcept,6.55,1.3370676871422782,0.006456118822097778,0.0002761894639441382,3.0989370346069336,0.13257094269318628,COMPLETE
45,8.2625,2025-06-12 21:30:46.693852,2025-06-12 21:30:50.088749,0 days 00:00:03.394897,13,0.5318880171047682,0.1161367336348631,0.9835072420394596,0.0028476806387759787,452,456646,8.2625,0.5683473849680315,0.70125,0.05495623258557667,450.0,4,8.54,"[0.639, 0.215]",456646,"[6.390000000000001, 2.15]",0.007023694780137804,3.1606626510620117,8.59,"[0.655, 0.20400000000000004]",457646,"[6.550000000000001, 2.0400000000000005]",0.006796961360507541,3.0586326122283936,8.64,"[0.765, 0.099]",458646,"[7.65, 0.99]",0.0068026097615559895,3.0611743927001953,7.28,"[0.746, -0.017999999999999988]",459646,"[7.46, -0.17999999999999988]",0.006827631526523166,3.072434186935425,NashSolutionConcept,7.012500000000001,0.5495623258557666,0.0068627243571811256,9.365030721933538e-05,3.0882259607315063,0.04214263824870091,COMPLETE
46,7.49,2025-06-12 21:30:50.320100,2025-06-12 21:30:53.728065,0 days 00:00:03.407965,13,0.5286896392981337,0.11421316130773446,0.9839025002532926,0.0031283178448193202,452,466650,7.49,1.5036123170551643,0.62425,0.09253479075461293,450.0,4,7.54,"[0.547, 0.20700000000000002]",466650,"[5.470000000000001, 2.0700000000000003]",0.006582824389139811,2.962270975112915,9.56,"[0.643, 0.31299999999999994]",467650,"[6.43, 3.1299999999999994]",0.006821445888943142,3.069650650024414,5.3100000000000005,"[0.539, -0.007999999999999993]",468650,"[5.390000000000001, -0.07999999999999993]",0.006910956170823839,3.1099302768707275,7.549999999999999,"[0.768, -0.012999999999999994]",469650,"[7.68, -0.12999999999999995]",0.006816797786288791,3.067559003829956,NashSolutionConcept,6.2425,0.925347907546129,0.006783006058798896,0.0001215148482932892,3.052352726459503,0.0546816817319801,COMPLETE
47,5.4975000000000005,2025-06-12 21:30:53.742449,2025-06-12 21:30:58.485588,0 days 00:00:04.743139,18,0.5556961782226375,0.09968092747875942,0.9762308316559508,0.011344215641722076,481,476653,5.4975000000000005,2.195009965808812,0.6345000000000001,0.16444832014952296,480.0,4,4.59,"[0.629, -0.16999999999999998]",476653,"[6.29, -1.6999999999999997]",0.00888258715470632,4.263641834259033,4.7,"[0.64, -0.16999999999999998]",477653,"[6.4, -1.6999999999999997]",0.009051805237929027,4.344866514205933,3.4899999999999998,"[0.40199999999999997, -0.053000000000000026]",478653,"[4.02, -0.5300000000000002]",0.009245156745115916,4.43767523765564,9.21,"[0.867, 0.05399999999999999]",479653,"[8.67, 0.5399999999999999]",0.00854487121105194,4.101538181304932,NashSolutionConcept,6.345000000000001,1.6444832014952298,0.008931105087200802,0.0002572584143830679,4.286930441856384,0.12348403890387251,COMPLETE
48,5.432500000000001,2025-06-12 21:30:58.499807,2025-06-12 21:31:01.626814,0 days 00:00:03.127007,12,0.5867698033359534,0.12791049167080648,0.9969829522952456,0.0024019475575917854,461,486658,5.432500000000001,1.4105916311959321,0.48924999999999996,0.09945193562721642,460.0,4,3.12,"[0.317, -0.004999999999999993]",486658,"[3.17, -0.04999999999999993]",0.006353051247804061,2.922403573989868,5.460000000000001,"[0.548, -0.0019999999999999905]",487658,"[5.48, -0.019999999999999907]",0.006271616272304369,2.8849434852600098,6.58,"[0.546, 0.11200000000000002]",488658,"[5.460000000000001, 1.12]",0.006370669344197149,2.9305078983306885,6.57,"[0.5459999999999999, 0.11100000000000007]",489658,"[5.459999999999999, 1.1100000000000008]",0.006272303539773693,2.8852596282958984,NashSolutionConcept,4.8925,0.9945193562721644,0.006316910101019818,4.538037831427914e-05,2.905778646469116,0.020874974024568428,COMPLETE
49,5.2875,2025-06-12 21:31:01.641923,2025-06-12 21:31:07.093652,0 days 00:00:05.451729,22,0.5521207102613431,0.08020060933999054,0.9920822163256425,0.0009894002401625327,497,496661,5.2875,2.1923089996622287,0.61975,0.1875198322844813,490.0,4,1.8099999999999992,"[0.391, -0.21000000000000002]",496661,"[3.91, -2.1]",0.010607644489833286,5.1977458000183105,6.47,"[0.742, -0.09500000000000006]",497661,"[7.42, -0.9500000000000006]",0.010742618599716498,5.263883113861084,5.1899999999999995,"[0.489, 0.02999999999999995]",498661,"[4.89, 0.2999999999999995]",0.01065722047066202,5.22203803062439,7.68,"[0.857, -0.08900000000000005]",499661,"[8.57, -0.8900000000000006]",0.010006996076934192,4.903428077697754,NashSolutionConcept,6.1975,1.8751983228448132,0.010503619909286499,0.00029076186592311094,5.1467737555503845,0.14247331430232454,COMPLETE
50,7.675000000000001,2025-06-12 21:31:07.108043,2025-06-12 21:31:10.502745,0 days 00:00:03.394702,16,0.9646125980454938,0.11577446141859739,0.9709189703439303,0.00513738238934949,445,506667,7.675000000000001,1.6750298504802834,0.723,0.09567392539244952,440.0,4,10.48,"[0.8739999999999999, 0.17400000000000002]",506667,"[8.739999999999998, 1.7400000000000002]",0.007031236995350231,3.0937442779541016,7.18,"[0.639, 0.07900000000000003]",507667,"[6.390000000000001, 0.7900000000000003]",0.0070173930038105355,3.0876529216766357,6.990000000000001,"[0.7369999999999999, -0.038]",508667,"[7.369999999999999, -0.38]",0.007298868352716619,3.2115020751953125,6.05,"[0.6419999999999998, -0.037]",509667,"[6.419999999999998, -0.37]",0.00717351111498746,3.1563448905944824,NashSolutionConcept,7.2299999999999995,0.956739253924495,0.007130252366716211,0.00011493905950448593,3.137311041355133,0.050573186181973824,COMPLETE
51,4.3775,2025-06-12 21:31:10.758425,2025-06-12 21:31:13.347163,0 days 00:00:02.588738,10,0.6084869963651092,0.09732202964304532,0.986830743995163,0.042715621965250604,421,516670,4.3775,1.9279182425611312,0.44675,0.17062000908451508,420.0,4,6.79,"[0.5519999999999999, 0.12699999999999995]",516670,"[5.52, 1.2699999999999996]",0.005613695439838228,2.3577520847320557,2.4999999999999996,"[0.23300000000000004, 0.01700000000000001]",517670,"[2.3300000000000005, 0.17000000000000012]",0.005579622586568197,2.3434414863586426,2.47,"[0.337, -0.08999999999999998]",518670,"[3.37, -0.8999999999999998]",0.005698127973647345,2.3932137489318848,5.750000000000001,"[0.6650000000000001, -0.08999999999999998]",519670,"[6.650000000000001, -0.8999999999999998]",0.005665204070863269,2.3793857097625732,NashSolutionConcept,4.4675,1.706200090845151,0.00563916251772926,4.5685509027018284e-05,2.368448257446289,0.01918791379134771,COMPLETE
52,6.237500000000001,2025-06-12 21:31:13.361836,2025-06-12 21:31:16.565030,0 days 00:00:03.203194,14,0.5219109045354783,0.08574988570472955,0.983355134999505,0.0036525276120272913,399,526673,6.237500000000001,0.850187479324414,0.6732500000000001,0.053067763284314125,390.0,4,6.15,"[0.643, -0.027999999999999987]",526673,"[6.43, -0.27999999999999986]",0.007765392156747672,3.028502941131592,7.480000000000001,"[0.765, -0.01699999999999998]",527673,"[7.65, -0.16999999999999982]",0.007667117852431077,2.99017596244812,5.08,"[0.6380000000000001, -0.12999999999999995]",528673,"[6.380000000000001, -1.2999999999999994]",0.007684642229324732,2.9970104694366455,6.24,"[0.647, -0.022999999999999986]",529673,"[6.470000000000001, -0.22999999999999987]",0.007526979079613319,2.9355218410491943,NashSolutionConcept,6.7325,0.5306776328431414,0.0076610328295292,8.581332691724408e-05,2.987802803516388,0.033467197497725185,COMPLETE
53,7.309999999999997,2025-06-12 21:31:16.580427,2025-06-12 21:31:26.828686,0 days 00:00:10.248259,50,0.5846722406442939,0.11235678643515543,0.9777294781612821,0.06509626022832622,473,536676,7.309999999999997,3.771398944688828,0.82975,0.10917274156125238,470.0,4,12.059999999999999,"[0.977, 0.22899999999999981]",536676,"[9.77, 2.2899999999999983]",0.01730235333138324,8.132106065750122,6.359999999999997,"[0.8310000000000001, -0.1950000000000002]",537676,"[8.31, -1.950000000000002]",0.019683221553234344,9.251114130020142,1.789999999999997,"[0.6689999999999999, -0.4900000000000003]",538676,"[6.6899999999999995, -4.900000000000003]",0.021211283257667055,9.969303131103516,9.03,"[0.842, 0.06099999999999983]",539676,"[8.42, 0.6099999999999983]",0.017567680237141062,8.256809711456299,NashSolutionConcept,8.2975,1.0917274156125236,0.018941134594856423,0.0016028294440842397,8.90233325958252,0.7533298387195928,COMPLETE
54,5.1825,2025-06-12 21:31:26.847821,2025-06-12 21:31:30.110029,0 days 00:00:03.262208,12,0.5518849304174276,0.07110994333162099,0.9740989957456893,0.01195108093684731,453,546686,5.1825,1.4151391274358858,0.54575,0.13248089484903092,450.0,4,3.2600000000000007,"[0.43599999999999994, -0.10999999999999999]",546686,"[4.359999999999999, -1.0999999999999999]",0.006635762850443522,2.986093282699585,4.390000000000001,"[0.43900000000000006, 1.1102230246251566e-17]",547686,"[4.390000000000001, 1.1102230246251565e-16]",0.006599122683207194,2.9696052074432373,6.5600000000000005,"[0.546, 0.11000000000000001]",548686,"[5.460000000000001, 1.1]",0.006380219989352756,2.8710989952087402,6.5200000000000005,"[0.7619999999999999, -0.10999999999999999]",549686,"[7.619999999999999, -1.0999999999999999]",0.006791998015509711,3.05639910697937,NashSolutionConcept,5.4575,1.3248089484903094,0.006601775884628296,0.0001469979822408444,2.970799148082733,0.06614909200838005,COMPLETE
55,3.5275,2025-06-12 21:31:30.125038,2025-06-12 21:31:33.067080,0 days 00:00:02.942042,10,0.525457367837123,0.10143023966709738,0.9948780916557126,0.02217478415522486,483,556690,3.5275,1.6651933070968064,0.3115,0.20384123724114317,480.0,4,5.6,"[0.546, 0.014000000000000009]",556690,"[5.460000000000001, 0.1400000000000001]",0.005658736328283945,2.716193437576294,4.619999999999999,"[0.44800000000000006, 0.014000000000000007]",557690,"[4.48, 0.14000000000000007]",0.005734395484129588,2.752509832382202,1.4000000000000004,"[0.017000000000000022, 0.12300000000000003]",558690,"[0.1700000000000002, 1.2300000000000002]",0.0056756233175595605,2.724299192428589,2.49,"[0.23499999999999996, 0.014000000000000007]",559690,"[2.3499999999999996, 0.14000000000000007]",0.005745186408360799,2.7576894760131836,NashSolutionConcept,3.115,2.0384123724114316,0.005703485384583473,3.699048004747692e-05,2.737672984600067,0.017755430422788872,COMPLETE
56,6.6425,2025-06-12 21:31:33.336627,2025-06-12 21:31:37.461419,0 days 00:00:04.124792,18,0.6088142820019775,0.12623889721855053,0.9686110758272031,0.006641830437922537,434,566693,6.6425,1.5608391172699387,0.5455,0.1034613454387676,430.0,4,5.8999999999999995,"[0.6439999999999999, -0.05399999999999998]",566693,"[6.4399999999999995, -0.5399999999999998]",0.008765725202338641,3.7692618370056152,5.720000000000001,"[0.395, 0.177]",567693,"[3.95, 1.77]",0.008678894264753476,3.731924533843994,5.61,"[0.504, 0.056999999999999974]",568693,"[5.04, 0.5699999999999997]",0.008442610918089401,3.6303226947784424,9.340000000000002,"[0.639, 0.29500000000000004]",569693,"[6.390000000000001, 2.95]",0.007992365748383278,3.4367172718048096,NashSolutionConcept,5.455,1.034613454387676,0.008469899033391199,0.0002999895033553141,3.6420565843582153,0.128995486442785,COMPLETE
57,7.542499999999999,2025-06-12 21:31:37.476394,2025-06-12 21:31:41.573217,0 days 00:00:04.096823,15,0.6312481264493284,0.09271804001279299,0.9856192451907756,0.010223858983093493,499,576697,7.542499999999999,1.9622611319597596,0.7829999999999999,0.14247982313296156,490.0,4,6.25,"[0.652, -0.02699999999999999]",576697,"[6.5200000000000005, -0.2699999999999999]",0.007607190949576241,3.7275235652923584,9.489999999999998,"[0.9770000000000001, -0.02799999999999999]",577697,"[9.770000000000001, -0.2799999999999999]",0.007641563123586227,3.744365930557251,9.419999999999998,"[0.8619999999999999, 0.08]",578697,"[8.62, 0.8]",0.007352614402770996,3.602781057357788,5.01,"[0.6409999999999999, -0.13999999999999996]",579697,"[6.409999999999999, -1.3999999999999995]",0.007948792710596201,3.8949084281921387,NashSolutionConcept,7.830000000000001,1.4247982313296157,0.0076375402966324165,0.00021154083305265756,3.742394745349884,0.10365500819580215,COMPLETE
58,6.932500000000001,2025-06-12 21:31:41.588994,2025-06-12 21:31:44.663183,0 days 00:00:03.074189,13,0.5715460524058958,0.1178060666685305,0.9803183695572735,0.07730419431268086,409,586701,6.932500000000001,1.8702055368327832,0.6775,0.09156008955871549,400.0,4,7.52,"[0.76, -0.007999999999999993]",586701,"[7.6, -0.07999999999999993]",0.006807226538658142,2.722890615463257,5.220000000000001,"[0.542, -0.019999999999999983]",587701,"[5.42, -0.19999999999999984]",0.006966349482536316,2.7865397930145264,5.250000000000001,"[0.6449999999999999, -0.11999999999999997]",588701,"[6.449999999999999, -1.1999999999999997]",0.007190414667129517,2.8761658668518066,9.74,"[0.763, 0.21100000000000002]",589701,"[7.63, 2.1100000000000003]",0.006478655338287354,2.5914621353149414,NashSolutionConcept,6.7749999999999995,0.9156008955871549,0.006860661506652832,0.00025917711297709987,2.744264602661133,0.10367084519084,COMPLETE
59,6.5649999999999995,2025-06-12 21:31:44.786431,2025-06-12 21:31:48.182539,0 days 00:00:03.396108,16,0.5210617753759715,0.06317518451900492,0.9896405010158836,0.001302502425550819,385,596704,6.5649999999999995,1.696061614446834,0.613,0.21758101939277696,380.0,4,9.41,"[0.8719999999999999, 0.06899999999999999]",596704,"[8.719999999999999, 0.69]",0.008221879758332905,3.124314308166504,6.02,"[0.752, -0.14999999999999997]",597704,"[7.52, -1.4999999999999996]",0.00843503286964015,3.205312490463257,4.93,"[0.30500000000000005, 0.18800000000000008]",598704,"[3.0500000000000007, 1.8800000000000008]",0.008097462905080694,3.077035903930664,5.8999999999999995,"[0.5229999999999999, 0.06699999999999998]",599704,"[5.229999999999999, 0.6699999999999997]",0.008377380747544138,3.1834046840667725,NashSolutionConcept,6.129999999999999,2.1758101939277696,0.008282939070149473,0.00013245886308658442,3.1475168466567993,0.05033436797290192,COMPLETE
60,5.594999999999999,2025-06-12 21:31:48.196508,2025-06-12 21:31:51.127148,0 days 00:00:02.930640,11,0.6514222657541169,0.10686642468758996,0.9587830266919265,0.035484001754768055,443,606708,5.594999999999999,2.2805098114237525,0.55125,0.13068927844318376,440.0,4,5.630000000000001,"[0.557, 0.006000000000000004]",606708,"[5.57, 0.06000000000000004]",0.005978127501227639,2.630376100540161,2.359999999999999,"[0.33599999999999997, -0.09999999999999999]",607708,"[3.3599999999999994, -0.9999999999999999]",0.005799951336600564,2.551978588104248,8.809999999999999,"[0.6540000000000001, 0.227]",608708,"[6.540000000000001, 2.27]",0.005731947313655506,2.522056818008423,5.579999999999999,"[0.6580000000000001, -0.09999999999999999]",609708,"[6.580000000000002, -0.9999999999999999]",0.0059595216404307975,2.622189521789551,NashSolutionConcept,5.512500000000001,1.3068927844318379,0.005867386947978627,0.0001044554066511963,2.5816502571105957,0.04596037892652631,COMPLETE
61,6.1075,2025-06-12 21:31:51.410341,2025-06-12 21:31:55.257340,0 days 00:00:03.846999,15,0.5152475694496458,0.15806421798635548,0.9650758598682558,0.0057949800858634725,466,616711,6.1075,1.5182452865067624,0.5052500000000001,0.0911355446573948,460.0,4,3.9399999999999995,"[0.42400000000000004, -0.029999999999999992]",616711,"[4.24, -0.29999999999999993]",0.0076506013455598255,3.5192766189575195,6.040000000000001,"[0.5320000000000001, 0.07200000000000001]",617711,"[5.320000000000001, 0.7200000000000001]",0.007623057261757229,3.506606340408325,8.23,"[0.643, 0.18]",618711,"[6.43, 1.7999999999999998]",0.0077566291974938435,3.568049430847168,6.22,"[0.422, 0.19999999999999998]",619711,"[4.22, 1.9999999999999998]",0.00748778426128885,3.444380760192871,NashSolutionConcept,5.0525,0.911355446573948,0.007629518016524936,9.5827915838751e-05,3.509578287601471,0.04408084128582539,COMPLETE
62,6.159999999999999,2025-06-12 21:31:55.271875,2025-06-12 21:31:59.610037,0 days 00:00:04.338162,17,0.5453514542115526,0.13313767040694674,0.9666803748351739,0.003516610486294254,483,626715,6.159999999999999,1.6231450951778772,0.6365,0.07781227409605758,480.0,4,8.04,"[0.7459999999999999, 0.05799999999999998]",626715,"[7.459999999999999, 0.5799999999999998]",0.008639868597189586,4.147136926651001,5.9399999999999995,"[0.6399999999999999, -0.046000000000000006]",627715,"[6.399999999999999, -0.4600000000000001]",0.008484187225500742,4.0724098682403564,3.6599999999999997,"[0.526, -0.15999999999999998]",628715,"[5.26, -1.5999999999999996]",0.008410025636355083,4.0368123054504395,6.999999999999999,"[0.634, 0.06599999999999999]",629715,"[6.34, 0.6599999999999999]",0.00781666139761607,3.751997470855713,NashSolutionConcept,6.364999999999999,0.778122740960576,0.00833768571416537,0.0003120402980363493,4.002089142799377,0.14977934305744775,COMPLETE
